[0.010s] Invoking command in '/home/mrxiuer/project/毕设/demo/src/build/vrx_gazebo': CMAKE_PREFIX_PATH=/opt/ros/humble /usr/bin/cmake /home/mrxiuer/project/毕设/demo/src/vrx/vrx_urdf/vrx_gazebo -DCMAKE_INSTALL_PREFIX=/home/mrxiuer/project/毕设/demo/src/install
[0.102s] -- The C compiler identification is GNU 11.4.0
[0.181s] -- The CXX compiler identification is GNU 11.4.0
[0.189s] -- Detecting C compiler ABI info
[0.254s] -- Detecting C compiler ABI info - done
[0.260s] -- Check for working C compiler: /usr/bin/cc - skipped
[0.260s] -- Detecting C compile features
[0.261s] -- Detecting C compile features - done
[0.263s] -- Detecting CXX compiler ABI info
[0.336s] -- Detecting CXX compiler ABI info - done
[0.342s] -- Check for working CXX compiler: /usr/bin/c++ - skipped
[0.342s] -- Detecting CXX compile features
[0.342s] -- Detecting CXX compile features - done
[0.345s] -- Found ament_cmake: 1.3.11 (/opt/ros/humble/share/ament_cmake/cmake)
[0.467s] -- Found Python3: /usr/bin/python3 (found version "3.10.12") found components: Interpreter 
[0.657s] -- Configuring done
[0.661s] -- Generating done
[0.663s] -- Build files have been written to: /home/mrxiuer/project/毕设/demo/src/build/vrx_gazebo
[0.667s] Invoked command in '/home/mrxiuer/project/毕设/demo/src/build/vrx_gazebo' returned '0': CMAKE_PREFIX_PATH=/opt/ros/humble /usr/bin/cmake /home/mrxiuer/project/毕设/demo/src/vrx/vrx_urdf/vrx_gazebo -DCMAKE_INSTALL_PREFIX=/home/mrxiuer/project/毕设/demo/src/install
[0.669s] Invoking command in '/home/mrxiuer/project/毕设/demo/src/build/vrx_gazebo': CMAKE_PREFIX_PATH=/opt/ros/humble /usr/bin/cmake --build /home/mrxiuer/project/毕设/demo/src/build/vrx_gazebo -- -j16 -l16
[0.720s] Built target ament_cmake_python_copy_vrx_gazebo
[0.937s] running egg_info
[0.937s] creating vrx_gazebo.egg-info
[0.937s] writing vrx_gazebo.egg-info/PKG-INFO
[0.938s] writing dependency_links to vrx_gazebo.egg-info/dependency_links.txt
[0.938s] writing top-level names to vrx_gazebo.egg-info/top_level.txt
[0.938s] writing manifest file 'vrx_gazebo.egg-info/SOURCES.txt'
[0.939s] reading manifest file 'vrx_gazebo.egg-info/SOURCES.txt'
[0.940s] writing manifest file 'vrx_gazebo.egg-info/SOURCES.txt'
[0.968s] Built target ament_cmake_python_build_vrx_gazebo_egg
[0.978s] Invoked command in '/home/mrxiuer/project/毕设/demo/src/build/vrx_gazebo' returned '0': CMAKE_PREFIX_PATH=/opt/ros/humble /usr/bin/cmake --build /home/mrxiuer/project/毕设/demo/src/build/vrx_gazebo -- -j16 -l16
[0.987s] Invoking command in '/home/mrxiuer/project/毕设/demo/src/build/vrx_gazebo': CMAKE_PREFIX_PATH=/opt/ros/humble /usr/bin/cmake --install /home/mrxiuer/project/毕设/demo/src/build/vrx_gazebo
[0.994s] -- Install configuration: ""
[0.994s] -- Installing: /home/mrxiuer/project/毕设/demo/src/install/share/vrx_gazebo/environment/resource_paths.dsv
[0.994s] -- Installing: /home/mrxiuer/project/毕设/demo/src/install/share/vrx_gazebo/environment/resource_paths.sh
[0.994s] -- Installing: /home/mrxiuer/project/毕设/demo/src/install/share/vrx_gazebo/models
[0.994s] -- Installing: /home/mrxiuer/project/毕设/demo/src/install/share/vrx_gazebo/models/mono_camera
[0.994s] -- Installing: /home/mrxiuer/project/毕设/demo/src/install/share/vrx_gazebo/models/mono_camera/mesh
[0.994s] -- Installing: /home/mrxiuer/project/毕设/demo/src/install/share/vrx_gazebo/models/mono_camera/mesh/mono_camera_Albedo.png
[0.995s] -- Installing: /home/mrxiuer/project/毕设/demo/src/install/share/vrx_gazebo/models/mono_camera/mesh/mono_camera.dae
[0.995s] -- Installing: /home/mrxiuer/project/毕设/demo/src/install/share/vrx_gazebo/models/mono_camera/mesh/mono_camera_Metalness.png
[0.995s] -- Installing: /home/mrxiuer/project/毕设/demo/src/install/share/vrx_gazebo/models/mono_camera/mesh/mono_camera.png
[0.995s] -- Installing: /home/mrxiuer/project/毕设/demo/src/install/share/vrx_gazebo/models/mono_camera/mesh/mono_camera_Normal.png
[0.996s] -- Installing: /home/mrxiuer/project/毕设/demo/src/install/share/vrx_gazebo/models/mono_camera/mesh/mono_camera_Roughness.png
[0.996s] -- Installing: /home/mrxiuer/project/毕设/demo/src/install/share/vrx_gazebo/models/mono_camera/model.config
[0.996s] -- Installing: /home/mrxiuer/project/毕设/demo/src/install/share/vrx_gazebo/models/mono_camera/model.sdf
[0.996s] -- Installing: /home/mrxiuer/project/毕设/demo/src/install/share/vrx_gazebo/models/blue_projectile
[0.996s] -- Installing: /home/mrxiuer/project/毕设/demo/src/install/share/vrx_gazebo/models/blue_projectile/model.config
[0.996s] -- Installing: /home/mrxiuer/project/毕设/demo/src/install/share/vrx_gazebo/models/blue_projectile/model.sdf
[0.996s] -- Installing: /home/mrxiuer/project/毕设/demo/src/install/share/vrx_gazebo/models/ball_shooter
[0.996s] -- Installing: /home/mrxiuer/project/毕设/demo/src/install/share/vrx_gazebo/models/ball_shooter/model.config
[0.997s] -- Installing: /home/mrxiuer/project/毕设/demo/src/install/share/vrx_gazebo/models/ball_shooter/meshes
[0.997s] -- Installing: /home/mrxiuer/project/毕设/demo/src/install/share/vrx_gazebo/models/ball_shooter/meshes/Launcher_BaseColor.png
[0.998s] -- Installing: /home/mrxiuer/project/毕设/demo/src/install/share/vrx_gazebo/models/ball_shooter/meshes/Launcher_Albedo.png
[0.999s] -- Installing: /home/mrxiuer/project/毕设/demo/src/install/share/vrx_gazebo/models/ball_shooter/meshes/ball_shooter_launcher.dae
[1.000s] -- Installing: /home/mrxiuer/project/毕设/demo/src/install/share/vrx_gazebo/models/ball_shooter/meshes/ball_shooter_base.dae
[1.000s] -- Installing: /home/mrxiuer/project/毕设/demo/src/install/share/vrx_gazebo/models/ball_shooter/meshes/Glass_BaseColor.png
[1.000s] -- Installing: /home/mrxiuer/project/毕设/demo/src/install/share/vrx_gazebo/models/ball_shooter/materials
[1.000s] -- Installing: /home/mrxiuer/project/毕设/demo/src/install/share/vrx_gazebo/models/ball_shooter/materials/Textures
[1.000s] -- Installing: /home/mrxiuer/project/毕设/demo/src/install/share/vrx_gazebo/models/ball_shooter/materials/Textures/Launcher_Normal.png
[1.000s] -- Installing: /home/mrxiuer/project/毕设/demo/src/install/share/vrx_gazebo/models/ball_shooter/materials/Textures/Launcher_Metalness.png
[1.001s] -- Installing: /home/mrxiuer/project/毕设/demo/src/install/share/vrx_gazebo/models/ball_shooter/materials/Textures/Launcher_Albedo.png
[1.002s] -- Installing: /home/mrxiuer/project/毕设/demo/src/install/share/vrx_gazebo/models/ball_shooter/materials/Textures/Launcher_Roughness.png
[1.002s] -- Installing: /home/mrxiuer/project/毕设/demo/src/install/share/vrx_gazebo/models/ball_shooter/model.sdf
[1.002s] -- Installing: /home/mrxiuer/project/毕设/demo/src/install/share/vrx_gazebo/models/sensor_post
[1.002s] -- Installing: /home/mrxiuer/project/毕设/demo/src/install/share/vrx_gazebo/models/sensor_post/mesh
[1.002s] -- Installing: /home/mrxiuer/project/毕设/demo/src/install/share/vrx_gazebo/models/sensor_post/mesh/sensor_post.dae
[1.002s] -- Installing: /home/mrxiuer/project/毕设/demo/src/install/share/vrx_gazebo/models/sensor_post/mesh/sensor_post_arm.dae
[1.003s] -- Installing: /home/mrxiuer/project/毕设/demo/src/install/share/vrx_gazebo/models/sensor_post/mesh/sensor_post.png
[1.003s] -- Installing: /home/mrxiuer/project/毕设/demo/src/install/share/vrx_gazebo/models/sensor_post/model.config
[1.003s] -- Installing: /home/mrxiuer/project/毕设/demo/src/install/share/vrx_gazebo/models/sensor_post/model.sdf
[1.003s] -- Installing: /home/mrxiuer/project/毕设/demo/src/install/share/vrx_gazebo/models/battery
[1.003s] -- Installing: /home/mrxiuer/project/毕设/demo/src/install/share/vrx_gazebo/models/battery/mesh
[1.003s] -- Installing: /home/mrxiuer/project/毕设/demo/src/install/share/vrx_gazebo/models/battery/mesh/battery_Roughness.png
[1.006s] -- Installing: /home/mrxiuer/project/毕设/demo/src/install/share/vrx_gazebo/models/battery/mesh/battery.png
[1.011s] -- Installing: /home/mrxiuer/project/毕设/demo/src/install/share/vrx_gazebo/models/battery/mesh/battery_Metalness.png
[1.011s] -- Installing: /home/mrxiuer/project/毕设/demo/src/install/share/vrx_gazebo/models/battery/mesh/battery.dae
[1.011s] -- Installing: /home/mrxiuer/project/毕设/demo/src/install/share/vrx_gazebo/models/battery/mesh/battery_Normal.png
[1.016s] -- Installing: /home/mrxiuer/project/毕设/demo/src/install/share/vrx_gazebo/models/battery/mesh/battery_Albedo.png
[1.020s] -- Installing: /home/mrxiuer/project/毕设/demo/src/install/share/vrx_gazebo/models/battery/model.config
[1.020s] -- Installing: /home/mrxiuer/project/毕设/demo/src/install/share/vrx_gazebo/models/battery/model.sdf
[1.021s] -- Installing: /home/mrxiuer/project/毕设/demo/src/install/share/vrx_gazebo/models/3d_lidar
[1.021s] -- Installing: /home/mrxiuer/project/毕设/demo/src/install/share/vrx_gazebo/models/3d_lidar/mesh
[1.021s] -- Installing: /home/mrxiuer/project/毕设/demo/src/install/share/vrx_gazebo/models/3d_lidar/mesh/3d_lidar.png
[1.021s] -- Installing: /home/mrxiuer/project/毕设/demo/src/install/share/vrx_gazebo/models/3d_lidar/mesh/3d_Lidar_Normal.png
[1.021s] -- Installing: /home/mrxiuer/project/毕设/demo/src/install/share/vrx_gazebo/models/3d_lidar/mesh/3d_Lidar_Albedo.png
[1.022s] -- Installing: /home/mrxiuer/project/毕设/demo/src/install/share/vrx_gazebo/models/3d_lidar/mesh/3d_lidar.dae
[1.022s] -- Installing: /home/mrxiuer/project/毕设/demo/src/install/share/vrx_gazebo/models/3d_lidar/mesh/3d_Lidar_Roughness.png
[1.022s] -- Installing: /home/mrxiuer/project/毕设/demo/src/install/share/vrx_gazebo/models/3d_lidar/mesh/3d_Lidar_Metalness.png
[1.023s] -- Installing: /home/mrxiuer/project/毕设/demo/src/install/share/vrx_gazebo/models/3d_lidar/model.config
[1.023s] -- Installing: /home/mrxiuer/project/毕设/demo/src/install/share/vrx_gazebo/models/3d_lidar/model.sdf
[1.023s] -- Installing: /home/mrxiuer/project/毕设/demo/src/install/share/vrx_gazebo/models/cpu_cases
[1.023s] -- Installing: /home/mrxiuer/project/毕设/demo/src/install/share/vrx_gazebo/models/cpu_cases/mesh
[1.023s] -- Installing: /home/mrxiuer/project/毕设/demo/src/install/share/vrx_gazebo/models/cpu_cases/mesh/cpu_cases.dae
[1.023s] -- Installing: /home/mrxiuer/project/毕设/demo/src/install/share/vrx_gazebo/models/cpu_cases/mesh/cpu_cases_Metalness.png
[1.023s] -- Installing: /home/mrxiuer/project/毕设/demo/src/install/share/vrx_gazebo/models/cpu_cases/mesh/cpu_cases.png
[1.029s] -- Installing: /home/mrxiuer/project/毕设/demo/src/install/share/vrx_gazebo/models/cpu_cases/mesh/cpu_cases_Albedo.png
[1.033s] -- Installing: /home/mrxiuer/project/毕设/demo/src/install/share/vrx_gazebo/models/cpu_cases/mesh/cpu_cases_Roughness.png
[1.035s] -- Installing: /home/mrxiuer/project/毕设/demo/src/install/share/vrx_gazebo/models/cpu_cases/mesh/cpu_cases_Normal.png
[1.040s] -- Installing: /home/mrxiuer/project/毕设/demo/src/install/share/vrx_gazebo/models/cpu_cases/model.config
[1.040s] -- Installing: /home/mrxiuer/project/毕设/demo/src/install/share/vrx_gazebo/models/cpu_cases/model.sdf
[1.040s] -- Installing: /home/mrxiuer/project/毕设/demo/src/install/share/vrx_gazebo/launch
[1.040s] -- Installing: /home/mrxiuer/project/毕设/demo/src/install/share/vrx_gazebo/launch/rviz.launch.py
[1.040s] -- Installing: /home/mrxiuer/project/毕设/demo/src/install/share/vrx_gazebo/launch/generate_wamv.launch.py
[1.040s] -- Installing: /home/mrxiuer/project/毕设/demo/src/install/share/vrx_gazebo/config
[1.040s] -- Installing: /home/mrxiuer/project/毕设/demo/src/install/share/vrx_gazebo/config/wamv_config
[1.040s] -- Installing: /home/mrxiuer/project/毕设/demo/src/install/share/vrx_gazebo/config/wamv_config/example_component_config.yaml
[1.041s] -- Installing: /home/mrxiuer/project/毕设/demo/src/install/share/vrx_gazebo/config/wamv_config/component_compliance
[1.041s] -- Installing: /home/mrxiuer/project/毕设/demo/src/install/share/vrx_gazebo/config/wamv_config/component_compliance/numeric.yaml
[1.041s] -- Installing: /home/mrxiuer/project/毕设/demo/src/install/share/vrx_gazebo/config/wamv_config/component_compliance/bounding_boxes.yaml
[1.041s] -- Installing: /home/mrxiuer/project/毕设/demo/src/install/share/vrx_gazebo/config/wamv_config/example_thruster_config.yaml
[1.041s] -- Installing: /home/mrxiuer/project/毕设/demo/src/install/share/vrx_gazebo/config/wamv_config/thruster_compliance
[1.041s] -- Installing: /home/mrxiuer/project/毕设/demo/src/install/share/vrx_gazebo/config/wamv_config/thruster_compliance/numeric.yaml
[1.041s] -- Installing: /home/mrxiuer/project/毕设/demo/src/install/share/vrx_gazebo/config/wamv_config/thruster_compliance/bounding_boxes.yaml
[1.041s] -- Installing: /home/mrxiuer/project/毕设/demo/src/install/share/vrx_gazebo/config/rviz_vrx_final.rviz
[1.041s] -- Installing: /home/mrxiuer/project/毕设/demo/src/install/share/vrx_gazebo/config/rviz_vrx_rsp.rviz
[1.042s] -- Installing: /home/mrxiuer/project/毕设/demo/src/install/lib/vrx_gazebo/generate_wamv.py
[1.042s] -- Installing: /home/mrxiuer/project/毕设/demo/src/install/share/vrx_gazebo/environment/pythonpath.sh
[1.042s] -- Installing: /home/mrxiuer/project/毕设/demo/src/install/share/vrx_gazebo/environment/pythonpath.dsv
[1.042s] -- Installing: /home/mrxiuer/project/毕设/demo/src/install/local/lib/python3.10/dist-packages/vrx_gazebo-1.3.0-py3.10.egg-info
[1.042s] -- Installing: /home/mrxiuer/project/毕设/demo/src/install/local/lib/python3.10/dist-packages/vrx_gazebo-1.3.0-py3.10.egg-info/dependency_links.txt
[1.042s] -- Installing: /home/mrxiuer/project/毕设/demo/src/install/local/lib/python3.10/dist-packages/vrx_gazebo-1.3.0-py3.10.egg-info/PKG-INFO
[1.042s] -- Installing: /home/mrxiuer/project/毕设/demo/src/install/local/lib/python3.10/dist-packages/vrx_gazebo-1.3.0-py3.10.egg-info/SOURCES.txt
[1.042s] -- Installing: /home/mrxiuer/project/毕设/demo/src/install/local/lib/python3.10/dist-packages/vrx_gazebo-1.3.0-py3.10.egg-info/top_level.txt
[1.043s] -- Installing: /home/mrxiuer/project/毕设/demo/src/install/local/lib/python3.10/dist-packages/vrx_gazebo
[1.043s] -- Installing: /home/mrxiuer/project/毕设/demo/src/install/local/lib/python3.10/dist-packages/vrx_gazebo/__init__.py
[1.043s] -- Installing: /home/mrxiuer/project/毕设/demo/src/install/local/lib/python3.10/dist-packages/vrx_gazebo/utils.py
[1.043s] -- Installing: /home/mrxiuer/project/毕设/demo/src/install/local/lib/python3.10/dist-packages/vrx_gazebo/compliance.py
[1.043s] -- Installing: /home/mrxiuer/project/毕设/demo/src/install/local/lib/python3.10/dist-packages/vrx_gazebo/configure_wamv.py
[1.073s] Listing '/home/mrxiuer/project/毕设/demo/src/install/local/lib/python3.10/dist-packages/vrx_gazebo'...
[1.073s] Compiling '/home/mrxiuer/project/毕设/demo/src/install/local/lib/python3.10/dist-packages/vrx_gazebo/__init__.py'...
[1.073s] Compiling '/home/mrxiuer/project/毕设/demo/src/install/local/lib/python3.10/dist-packages/vrx_gazebo/compliance.py'...
[1.073s] Compiling '/home/mrxiuer/project/毕设/demo/src/install/local/lib/python3.10/dist-packages/vrx_gazebo/configure_wamv.py'...
[1.073s] Compiling '/home/mrxiuer/project/毕设/demo/src/install/local/lib/python3.10/dist-packages/vrx_gazebo/utils.py'...
[1.076s] -- Installing: /home/mrxiuer/project/毕设/demo/src/install/share/ament_index/resource_index/package_run_dependencies/vrx_gazebo
[1.077s] -- Installing: /home/mrxiuer/project/毕设/demo/src/install/share/ament_index/resource_index/parent_prefix_path/vrx_gazebo
[1.077s] -- Installing: /home/mrxiuer/project/毕设/demo/src/install/share/vrx_gazebo/environment/ament_prefix_path.sh
[1.077s] -- Installing: /home/mrxiuer/project/毕设/demo/src/install/share/vrx_gazebo/environment/ament_prefix_path.dsv
[1.077s] -- Installing: /home/mrxiuer/project/毕设/demo/src/install/share/vrx_gazebo/environment/path.sh
[1.077s] -- Installing: /home/mrxiuer/project/毕设/demo/src/install/share/vrx_gazebo/environment/path.dsv
[1.077s] -- Installing: /home/mrxiuer/project/毕设/demo/src/install/share/vrx_gazebo/local_setup.bash
[1.078s] -- Installing: /home/mrxiuer/project/毕设/demo/src/install/share/vrx_gazebo/local_setup.sh
[1.078s] -- Installing: /home/mrxiuer/project/毕设/demo/src/install/share/vrx_gazebo/local_setup.zsh
[1.078s] -- Installing: /home/mrxiuer/project/毕设/demo/src/install/share/vrx_gazebo/local_setup.dsv
[1.078s] -- Installing: /home/mrxiuer/project/毕设/demo/src/install/share/vrx_gazebo/package.dsv
[1.078s] -- Installing: /home/mrxiuer/project/毕设/demo/src/install/share/ament_index/resource_index/packages/vrx_gazebo
[1.078s] -- Installing: /home/mrxiuer/project/毕设/demo/src/install/share/vrx_gazebo/cmake/vrx_gazeboConfig.cmake
[1.078s] -- Installing: /home/mrxiuer/project/毕设/demo/src/install/share/vrx_gazebo/cmake/vrx_gazeboConfig-version.cmake
[1.079s] -- Installing: /home/mrxiuer/project/毕设/demo/src/install/share/vrx_gazebo/package.xml
[1.081s] Invoked command in '/home/mrxiuer/project/毕设/demo/src/build/vrx_gazebo' returned '0': CMAKE_PREFIX_PATH=/opt/ros/humble /usr/bin/cmake --install /home/mrxiuer/project/毕设/demo/src/build/vrx_gazebo
