[0.017s] Invoking command in '/home/mrxiuer/project/毕设/demo/src/build/vrx_gz': CMAKE_PREFIX_PATH=${CMAKE_PREFIX_PATH}:/opt/ros/humble LD_LIBRARY_PATH=/home/mrxiuer/project/毕设/demo/src/install/lib:/usr/local/lib:/opt/ros/humble/opt/rviz_ogre_vendor/lib:/opt/ros/humble/lib/x86_64-linux-gnu:/opt/ros/humble/lib /usr/bin/cmake --build /home/mrxiuer/project/毕设/demo/src/build/vrx_gz -- -j16 -l16
[0.106s] [  8%] Built target ScoringPlugin
[0.106s] [  8%] Built target Waves
[0.116s] [  8%] Built target ament_cmake_python_copy_vrx_gz
[0.167s] [ 20%] Built target AcousticPingerPlugin
[0.167s] [ 31%] Built target StationkeepingScoringPlugin
[0.167s] [ 33%] Built target WayfindingScoringPlugin
[0.167s] [ 41%] Built target BallShooterPlugin
[0.167s] [ 43%] Built target AcousticPerceptionScoringPlugin
[0.167s] [ 52%] Built target PolyhedraBuoyancyDrag
[0.167s] [ 20%] Built target GymkhanaScoringPlugin
[0.168s] [ 20%] Built target LightBuoyPlugin
[0.168s] [ 56%] Built target PerceptionScoringPlugin
[0.168s] [ 62%] Built target NavigationScoringPlugin
[0.168s] [ 68%] Built target AcousticTrackingScoringPlugin
[0.168s] [ 70%] Built target PlacardPlugin
[0.169s] [ 75%] Built target PublisherPlugin
[0.172s] [ 79%] Built target SimpleHydrodynamics
[0.172s] [ 83%] Built target ScanDockScoringPlugin
[0.175s] [ 87%] Built target Surface
[0.204s] [ 91%] Built target WildlifeScoringPlugin
[0.207s] [100%] Built target WaveVisual
[0.207s] [100%] Built target USVWind
[0.500s] running egg_info
[0.501s] writing vrx_gz.egg-info/PKG-INFO
[0.501s] writing dependency_links to vrx_gz.egg-info/dependency_links.txt
[0.502s] writing top-level names to vrx_gz.egg-info/top_level.txt
[0.504s] reading manifest file 'vrx_gz.egg-info/SOURCES.txt'
[0.505s] writing manifest file 'vrx_gz.egg-info/SOURCES.txt'
[0.562s] [100%] Built target ament_cmake_python_build_vrx_gz_egg
[0.580s] Invoked command in '/home/mrxiuer/project/毕设/demo/src/build/vrx_gz' returned '0': CMAKE_PREFIX_PATH=${CMAKE_PREFIX_PATH}:/opt/ros/humble LD_LIBRARY_PATH=/home/mrxiuer/project/毕设/demo/src/install/lib:/usr/local/lib:/opt/ros/humble/opt/rviz_ogre_vendor/lib:/opt/ros/humble/lib/x86_64-linux-gnu:/opt/ros/humble/lib /usr/bin/cmake --build /home/mrxiuer/project/毕设/demo/src/build/vrx_gz -- -j16 -l16
[0.583s] Invoking command in '/home/mrxiuer/project/毕设/demo/src/build/vrx_gz': CMAKE_PREFIX_PATH=${CMAKE_PREFIX_PATH}:/opt/ros/humble LD_LIBRARY_PATH=/home/mrxiuer/project/毕设/demo/src/install/lib:/usr/local/lib:/opt/ros/humble/opt/rviz_ogre_vendor/lib:/opt/ros/humble/lib/x86_64-linux-gnu:/opt/ros/humble/lib /usr/bin/cmake --install /home/mrxiuer/project/毕设/demo/src/build/vrx_gz
[0.595s] -- Install configuration: ""
[0.595s] -- Up-to-date: /home/mrxiuer/project/毕设/demo/src/install/share/vrx_gz/environment/resource_paths.dsv
[0.595s] -- Up-to-date: /home/mrxiuer/project/毕设/demo/src/install/share/vrx_gz/environment/resource_paths.sh
[0.596s] -- Up-to-date: /home/mrxiuer/project/毕设/demo/src/install/lib/libWaves.so
[0.598s] -- Up-to-date: /home/mrxiuer/project/毕设/demo/src/install/lib/libPolyhedraBuoyancyDrag.so
[0.599s] -- Up-to-date: /home/mrxiuer/project/毕设/demo/src/install/lib/libScoringPlugin.so
[0.600s] -- Up-to-date: /home/mrxiuer/project/毕设/demo/src/install/lib/libStationkeepingScoringPlugin.so
[0.601s] -- Up-to-date: /home/mrxiuer/project/毕设/demo/src/install/lib/libWayfindingScoringPlugin.so
[0.602s] -- Up-to-date: /home/mrxiuer/project/毕设/demo/src/install/lib/libAcousticPerceptionScoringPlugin.so
[0.603s] -- Up-to-date: /home/mrxiuer/project/毕设/demo/src/install/lib/libAcousticTrackingScoringPlugin.so
[0.604s] -- Up-to-date: /home/mrxiuer/project/毕设/demo/src/install/lib/libAcousticPingerPlugin.so
[0.605s] -- Up-to-date: /home/mrxiuer/project/毕设/demo/src/install/lib/libBallShooterPlugin.so
[0.607s] -- Up-to-date: /home/mrxiuer/project/毕设/demo/src/install/lib/libLightBuoyPlugin.so
[0.607s] -- Up-to-date: /home/mrxiuer/project/毕设/demo/src/install/lib/libNavigationScoringPlugin.so
[0.608s] -- Up-to-date: /home/mrxiuer/project/毕设/demo/src/install/lib/libGymkhanaScoringPlugin.so
[0.609s] -- Up-to-date: /home/mrxiuer/project/毕设/demo/src/install/lib/libPerceptionScoringPlugin.so
[0.610s] -- Up-to-date: /home/mrxiuer/project/毕设/demo/src/install/lib/libPlacardPlugin.so
[0.611s] -- Up-to-date: /home/mrxiuer/project/毕设/demo/src/install/lib/libPublisherPlugin.so
[0.612s] -- Up-to-date: /home/mrxiuer/project/毕设/demo/src/install/lib/libScanDockScoringPlugin.so
[0.613s] -- Up-to-date: /home/mrxiuer/project/毕设/demo/src/install/lib/libSimpleHydrodynamics.so
[0.614s] -- Up-to-date: /home/mrxiuer/project/毕设/demo/src/install/lib/libSurface.so
[0.615s] -- Up-to-date: /home/mrxiuer/project/毕设/demo/src/install/lib/libUSVWind.so
[0.616s] -- Up-to-date: /home/mrxiuer/project/毕设/demo/src/install/lib/libWaveVisual.so
[0.617s] -- Up-to-date: /home/mrxiuer/project/毕设/demo/src/install/lib/libWildlifeScoringPlugin.so
[0.618s] -- Up-to-date: /home/mrxiuer/project/毕设/demo/src/install/share/vrx_gz/environment/pythonpath.sh
[0.618s] -- Up-to-date: /home/mrxiuer/project/毕设/demo/src/install/share/vrx_gz/environment/pythonpath.dsv
[0.618s] -- Up-to-date: /home/mrxiuer/project/毕设/demo/src/install/local/lib/python3.10/dist-packages/vrx_gz-0.0.0-py3.10.egg-info
[0.618s] -- Installing: /home/mrxiuer/project/毕设/demo/src/install/local/lib/python3.10/dist-packages/vrx_gz-0.0.0-py3.10.egg-info/dependency_links.txt
[0.618s] -- Installing: /home/mrxiuer/project/毕设/demo/src/install/local/lib/python3.10/dist-packages/vrx_gz-0.0.0-py3.10.egg-info/PKG-INFO
[0.618s] -- Installing: /home/mrxiuer/project/毕设/demo/src/install/local/lib/python3.10/dist-packages/vrx_gz-0.0.0-py3.10.egg-info/SOURCES.txt
[0.619s] -- Installing: /home/mrxiuer/project/毕设/demo/src/install/local/lib/python3.10/dist-packages/vrx_gz-0.0.0-py3.10.egg-info/top_level.txt
[0.619s] -- Up-to-date: /home/mrxiuer/project/毕设/demo/src/install/local/lib/python3.10/dist-packages/vrx_gz
[0.619s] -- Up-to-date: /home/mrxiuer/project/毕设/demo/src/install/local/lib/python3.10/dist-packages/vrx_gz/__init__.py
[0.619s] -- Up-to-date: /home/mrxiuer/project/毕设/demo/src/install/local/lib/python3.10/dist-packages/vrx_gz/payload_bridges.py
[0.619s] -- Up-to-date: /home/mrxiuer/project/毕设/demo/src/install/local/lib/python3.10/dist-packages/vrx_gz/bridges.py
[0.619s] -- Up-to-date: /home/mrxiuer/project/毕设/demo/src/install/local/lib/python3.10/dist-packages/vrx_gz/bridge.py
[0.619s] -- Up-to-date: /home/mrxiuer/project/毕设/demo/src/install/local/lib/python3.10/dist-packages/vrx_gz/launch.py
[0.619s] -- Up-to-date: /home/mrxiuer/project/毕设/demo/src/install/local/lib/python3.10/dist-packages/vrx_gz/model.py
[0.662s] Listing '/home/mrxiuer/project/毕设/demo/src/install/local/lib/python3.10/dist-packages/vrx_gz'...
[0.668s] -- Up-to-date: /home/mrxiuer/project/毕设/demo/src/install/share/vrx_gz/config
[0.668s] -- Up-to-date: /home/mrxiuer/project/毕设/demo/src/install/share/vrx_gz/config/wamv.yaml
[0.668s] -- Up-to-date: /home/mrxiuer/project/毕设/demo/src/install/share/vrx_gz/config/InteractiveMarker.config
[0.668s] -- Up-to-date: /home/mrxiuer/project/毕设/demo/src/install/share/vrx_gz/config/roboboat.yaml
[0.668s] -- Up-to-date: /home/mrxiuer/project/毕设/demo/src/install/share/vrx_gz/launch
[0.668s] -- Installing: /home/mrxiuer/project/毕设/demo/src/install/share/vrx_gz/launch/improved_A_star.py
[0.668s] -- Up-to-date: /home/mrxiuer/project/毕设/demo/src/install/share/vrx_gz/launch/improved_A_star_test.py
[0.669s] -- Up-to-date: /home/mrxiuer/project/毕设/demo/src/install/share/vrx_gz/launch/__pycache__
[0.669s] -- Up-to-date: /home/mrxiuer/project/毕设/demo/src/install/share/vrx_gz/launch/__pycache__/common_utilities.cpython-310.pyc
[0.669s] -- Up-to-date: /home/mrxiuer/project/毕设/demo/src/install/share/vrx_gz/launch/spawn_config.launch.py
[0.669s] -- Up-to-date: /home/mrxiuer/project/毕设/demo/src/install/share/vrx_gz/launch/common_utilities.py
[0.669s] -- Up-to-date: /home/mrxiuer/project/毕设/demo/src/install/share/vrx_gz/launch/competition.launch.py
[0.669s] -- Installing: /home/mrxiuer/project/毕设/demo/src/install/share/vrx_gz/launch/improved_A_star_test2.py
[0.669s] -- Up-to-date: /home/mrxiuer/project/毕设/demo/src/install/share/vrx_gz/launch/vrx_environment.launch.py
[0.669s] -- Up-to-date: /home/mrxiuer/project/毕设/demo/src/install/share/vrx_gz/launch/spawn.launch.py
[0.670s] -- Up-to-date: /home/mrxiuer/project/毕设/demo/src/install/share/vrx_gz/launch/usv_joy_teleop.py
[0.670s] -- Up-to-date: /home/mrxiuer/project/毕设/demo/src/install/share/vrx_gz/models
[0.670s] -- Up-to-date: /home/mrxiuer/project/毕设/demo/src/install/share/vrx_gz/models/short_navigation_course_4
[0.670s] -- Up-to-date: /home/mrxiuer/project/毕设/demo/src/install/share/vrx_gz/models/short_navigation_course_4/model.config
[0.670s] -- Up-to-date: /home/mrxiuer/project/毕设/demo/src/install/share/vrx_gz/models/short_navigation_course_4/model.sdf
[0.670s] -- Up-to-date: /home/mrxiuer/project/毕设/demo/src/install/share/vrx_gz/models/platform
[0.670s] -- Up-to-date: /home/mrxiuer/project/毕设/demo/src/install/share/vrx_gz/models/platform/model.config
[0.670s] -- Up-to-date: /home/mrxiuer/project/毕设/demo/src/install/share/vrx_gz/models/platform/model.sdf
[0.670s] -- Up-to-date: /home/mrxiuer/project/毕设/demo/src/install/share/vrx_gz/models/zhuzi
[0.670s] -- Up-to-date: /home/mrxiuer/project/毕设/demo/src/install/share/vrx_gz/models/zhuzi/mesh
[0.671s] -- Up-to-date: /home/mrxiuer/project/毕设/demo/src/install/share/vrx_gz/models/zhuzi/mesh/zhuzi.dae
[0.671s] -- Up-to-date: /home/mrxiuer/project/毕设/demo/src/install/share/vrx_gz/models/zhuzi/mesh/图像纹理2.png
[0.671s] -- Up-to-date: /home/mrxiuer/project/毕设/demo/src/install/share/vrx_gz/models/zhuzi/model.config
[0.671s] -- Up-to-date: /home/mrxiuer/project/毕设/demo/src/install/share/vrx_gz/models/zhuzi/model.sdf
[0.671s] -- Up-to-date: /home/mrxiuer/project/毕设/demo/src/install/share/vrx_gz/models/short_navigation_course_3
[0.671s] -- Up-to-date: /home/mrxiuer/project/毕设/demo/src/install/share/vrx_gz/models/short_navigation_course_3/model.config
[0.671s] -- Up-to-date: /home/mrxiuer/project/毕设/demo/src/install/share/vrx_gz/models/short_navigation_course_3/model.sdf
[0.671s] -- Up-to-date: /home/mrxiuer/project/毕设/demo/src/install/share/vrx_gz/models/robotx_light_buoy_bgy
[0.672s] -- Up-to-date: /home/mrxiuer/project/毕设/demo/src/install/share/vrx_gz/models/robotx_light_buoy_bgy/model.config
[0.672s] -- Up-to-date: /home/mrxiuer/project/毕设/demo/src/install/share/vrx_gz/models/robotx_light_buoy_bgy/model.sdf
[0.672s] -- Up-to-date: /home/mrxiuer/project/毕设/demo/src/install/share/vrx_gz/models/robotx_light_buoy_gbr
[0.672s] -- Up-to-date: /home/mrxiuer/project/毕设/demo/src/install/share/vrx_gz/models/robotx_light_buoy_gbr/model.config
[0.672s] -- Up-to-date: /home/mrxiuer/project/毕设/demo/src/install/share/vrx_gz/models/robotx_light_buoy_gbr/model.sdf
[0.672s] -- Up-to-date: /home/mrxiuer/project/毕设/demo/src/install/share/vrx_gz/models/dock_2022_base
[0.672s] -- Up-to-date: /home/mrxiuer/project/毕设/demo/src/install/share/vrx_gz/models/dock_2022_base/model.config
[0.672s] -- Up-to-date: /home/mrxiuer/project/毕设/demo/src/install/share/vrx_gz/models/dock_2022_base/model.sdf
[0.673s] -- Up-to-date: /home/mrxiuer/project/毕设/demo/src/install/share/vrx_gz/models/roboboat02
[0.673s] -- Up-to-date: /home/mrxiuer/project/毕设/demo/src/install/share/vrx_gz/models/roboboat02/model.config
[0.673s] -- Up-to-date: /home/mrxiuer/project/毕设/demo/src/install/share/vrx_gz/models/roboboat02/meshes
[0.673s] -- Up-to-date: /home/mrxiuer/project/毕设/demo/src/install/share/vrx_gz/models/roboboat02/meshes/roboboat02.dae
[0.673s] -- Up-to-date: /home/mrxiuer/project/毕设/demo/src/install/share/vrx_gz/models/roboboat02/materials
[0.674s] -- Up-to-date: /home/mrxiuer/project/毕设/demo/src/install/share/vrx_gz/models/roboboat02/materials/scripts
[0.674s] -- Up-to-date: /home/mrxiuer/project/毕设/demo/src/install/share/vrx_gz/models/roboboat02/materials/scripts/model.material
[0.674s] -- Up-to-date: /home/mrxiuer/project/毕设/demo/src/install/share/vrx_gz/models/roboboat02/materials/textures
[0.674s] -- Up-to-date: /home/mrxiuer/project/毕设/demo/src/install/share/vrx_gz/models/roboboat02/materials/textures/Boat02_Albedo.png
[0.674s] -- Up-to-date: /home/mrxiuer/project/毕设/demo/src/install/share/vrx_gz/models/roboboat02/materials/textures/Boat02_Roughness.png
[0.674s] -- Up-to-date: /home/mrxiuer/project/毕设/demo/src/install/share/vrx_gz/models/roboboat02/materials/textures/Boat02_Normal.png
[0.674s] -- Up-to-date: /home/mrxiuer/project/毕设/demo/src/install/share/vrx_gz/models/roboboat02/materials/textures/Boat02_Metallic.png
[0.675s] -- Up-to-date: /home/mrxiuer/project/毕设/demo/src/install/share/vrx_gz/models/roboboat02/model.sdf
[0.675s] -- Up-to-date: /home/mrxiuer/project/毕设/demo/src/install/share/vrx_gz/models/huan
[0.675s] -- Up-to-date: /home/mrxiuer/project/毕设/demo/src/install/share/vrx_gz/models/huan/mesh
[0.675s] -- Up-to-date: /home/mrxiuer/project/毕设/demo/src/install/share/vrx_gz/models/huan/mesh/huan.dae
[0.675s] -- Up-to-date: /home/mrxiuer/project/毕设/demo/src/install/share/vrx_gz/models/huan/mesh/图像纹理3.png
[0.675s] -- Up-to-date: /home/mrxiuer/project/毕设/demo/src/install/share/vrx_gz/models/huan/model.config
[0.675s] -- Up-to-date: /home/mrxiuer/project/毕设/demo/src/install/share/vrx_gz/models/huan/model.sdf
[0.676s] -- Up-to-date: /home/mrxiuer/project/毕设/demo/src/install/share/vrx_gz/models/shizi
[0.676s] -- Up-to-date: /home/mrxiuer/project/毕设/demo/src/install/share/vrx_gz/models/shizi/mesh
[0.676s] -- Up-to-date: /home/mrxiuer/project/毕设/demo/src/install/share/vrx_gz/models/shizi/mesh/图像纹理.png
[0.676s] -- Up-to-date: /home/mrxiuer/project/毕设/demo/src/install/share/vrx_gz/models/shizi/mesh/shizi.dae
[0.676s] -- Up-to-date: /home/mrxiuer/project/毕设/demo/src/install/share/vrx_gz/models/shizi/model.config
[0.676s] -- Up-to-date: /home/mrxiuer/project/毕设/demo/src/install/share/vrx_gz/models/shizi/model.sdf
[0.677s] -- Up-to-date: /home/mrxiuer/project/毕设/demo/src/install/share/vrx_gz/models/robotx_light_buoy_rgb
[0.677s] -- Up-to-date: /home/mrxiuer/project/毕设/demo/src/install/share/vrx_gz/models/robotx_light_buoy_rgb/mesh
[0.677s] -- Up-to-date: /home/mrxiuer/project/毕设/demo/src/install/share/vrx_gz/models/robotx_light_buoy_rgb/mesh/LightTower_Albedo.png
[0.677s] -- Up-to-date: /home/mrxiuer/project/毕设/demo/src/install/share/vrx_gz/models/robotx_light_buoy_rgb/mesh/LightTower_Opacity.png
[0.677s] -- Up-to-date: /home/mrxiuer/project/毕设/demo/src/install/share/vrx_gz/models/robotx_light_buoy_rgb/mesh/LightTower_Metalness.png
[0.677s] -- Up-to-date: /home/mrxiuer/project/毕设/demo/src/install/share/vrx_gz/models/robotx_light_buoy_rgb/mesh/LightTower_Roughness.png
[0.677s] -- Up-to-date: /home/mrxiuer/project/毕设/demo/src/install/share/vrx_gz/models/robotx_light_buoy_rgb/mesh/LightTower_Normal.png
[0.678s] -- Up-to-date: /home/mrxiuer/project/毕设/demo/src/install/share/vrx_gz/models/robotx_light_buoy_rgb/mesh/robotx_light_buoy.dae
[0.678s] -- Up-to-date: /home/mrxiuer/project/毕设/demo/src/install/share/vrx_gz/models/robotx_light_buoy_rgb/model.config
[0.678s] -- Up-to-date: /home/mrxiuer/project/毕设/demo/src/install/share/vrx_gz/models/robotx_light_buoy_rgb/model.sdf
[0.678s] -- Up-to-date: /home/mrxiuer/project/毕设/demo/src/install/share/vrx_gz/models/robotx_light_buoy_rgy
[0.678s] -- Up-to-date: /home/mrxiuer/project/毕设/demo/src/install/share/vrx_gz/models/robotx_light_buoy_rgy/model.config
[0.678s] -- Up-to-date: /home/mrxiuer/project/毕设/demo/src/install/share/vrx_gz/models/robotx_light_buoy_rgy/model.sdf
[0.678s] -- Up-to-date: /home/mrxiuer/project/毕设/demo/src/install/share/vrx_gz/models/robotx_light_buoy_ybr
[0.678s] -- Up-to-date: /home/mrxiuer/project/毕设/demo/src/install/share/vrx_gz/models/robotx_light_buoy_ybr/model.config
[0.679s] -- Up-to-date: /home/mrxiuer/project/毕设/demo/src/install/share/vrx_gz/models/robotx_light_buoy_ybr/model.sdf
[0.679s] -- Up-to-date: /home/mrxiuer/project/毕设/demo/src/install/share/vrx_gz/models/coast_waves
[0.679s] -- Up-to-date: /home/mrxiuer/project/毕设/demo/src/install/share/vrx_gz/models/coast_waves/model.config
[0.679s] -- Up-to-date: /home/mrxiuer/project/毕设/demo/src/install/share/vrx_gz/models/coast_waves/meshes
[0.679s] -- Up-to-date: /home/mrxiuer/project/毕设/demo/src/install/share/vrx_gz/models/coast_waves/meshes/waterlow.dae
[0.679s] -- Up-to-date: /home/mrxiuer/project/毕设/demo/src/install/share/vrx_gz/models/coast_waves/materials
[0.679s] -- Up-to-date: /home/mrxiuer/project/毕设/demo/src/install/share/vrx_gz/models/coast_waves/materials/textures
[0.679s] -- Up-to-date: /home/mrxiuer/project/毕设/demo/src/install/share/vrx_gz/models/coast_waves/materials/textures/skybox_lowres.dds
[0.679s] -- Up-to-date: /home/mrxiuer/project/毕设/demo/src/install/share/vrx_gz/models/coast_waves/materials/textures/wave_normals.dds
[0.679s] -- Up-to-date: /home/mrxiuer/project/毕设/demo/src/install/share/vrx_gz/models/coast_waves/materials/programs
[0.680s] -- Up-to-date: /home/mrxiuer/project/毕设/demo/src/install/share/vrx_gz/models/coast_waves/materials/programs/GerstnerWaves_vs_330.glsl
[0.680s] -- Up-to-date: /home/mrxiuer/project/毕设/demo/src/install/share/vrx_gz/models/coast_waves/materials/programs/GerstnerWaves_fs_330.glsl
[0.680s] -- Up-to-date: /home/mrxiuer/project/毕设/demo/src/install/share/vrx_gz/models/coast_waves/model.sdf
[0.680s] -- Up-to-date: /home/mrxiuer/project/毕设/demo/src/install/share/vrx_gz/models/short_navigation_course_2
[0.680s] -- Up-to-date: /home/mrxiuer/project/毕设/demo/src/install/share/vrx_gz/models/short_navigation_course_2/model.config
[0.680s] -- Up-to-date: /home/mrxiuer/project/毕设/demo/src/install/share/vrx_gz/models/short_navigation_course_2/model.sdf
[0.680s] -- Up-to-date: /home/mrxiuer/project/毕设/demo/src/install/share/vrx_gz/models/articulated_platform
[0.680s] -- Up-to-date: /home/mrxiuer/project/毕设/demo/src/install/share/vrx_gz/models/articulated_platform/model.config
[0.680s] -- Up-to-date: /home/mrxiuer/project/毕设/demo/src/install/share/vrx_gz/models/articulated_platform/model.sdf
[0.680s] -- Up-to-date: /home/mrxiuer/project/毕设/demo/src/install/share/vrx_gz/models/short_navigation_course_5
[0.681s] -- Up-to-date: /home/mrxiuer/project/毕设/demo/src/install/share/vrx_gz/models/short_navigation_course_5/model.config
[0.681s] -- Up-to-date: /home/mrxiuer/project/毕设/demo/src/install/share/vrx_gz/models/short_navigation_course_5/model.sdf
[0.681s] -- Up-to-date: /home/mrxiuer/project/毕设/demo/src/install/share/vrx_gz/models/roboboat_cpubox
[0.681s] -- Up-to-date: /home/mrxiuer/project/毕设/demo/src/install/share/vrx_gz/models/roboboat_cpubox/model.config
[0.681s] -- Up-to-date: /home/mrxiuer/project/毕设/demo/src/install/share/vrx_gz/models/roboboat_cpubox/meshes
[0.681s] -- Up-to-date: /home/mrxiuer/project/毕设/demo/src/install/share/vrx_gz/models/roboboat_cpubox/meshes/drybox.dae
[0.681s] -- Up-to-date: /home/mrxiuer/project/毕设/demo/src/install/share/vrx_gz/models/roboboat_cpubox/materials
[0.681s] -- Up-to-date: /home/mrxiuer/project/毕设/demo/src/install/share/vrx_gz/models/roboboat_cpubox/materials/textures
[0.682s] -- Up-to-date: /home/mrxiuer/project/毕设/demo/src/install/share/vrx_gz/models/roboboat_cpubox/materials/textures/DryBox_Albedo.png
[0.682s] -- Up-to-date: /home/mrxiuer/project/毕设/demo/src/install/share/vrx_gz/models/roboboat_cpubox/materials/textures/DryBox_Roughness.png
[0.682s] -- Up-to-date: /home/mrxiuer/project/毕设/demo/src/install/share/vrx_gz/models/roboboat_cpubox/model.sdf
[0.682s] -- Up-to-date: /home/mrxiuer/project/毕设/demo/src/install/share/vrx_gz/models/placard_2022
[0.682s] -- Up-to-date: /home/mrxiuer/project/毕设/demo/src/install/share/vrx_gz/models/placard_2022/model.config
[0.683s] -- Up-to-date: /home/mrxiuer/project/毕设/demo/src/install/share/vrx_gz/models/placard_2022/meshes
[0.683s] -- Up-to-date: /home/mrxiuer/project/毕设/demo/src/install/share/vrx_gz/models/placard_2022/meshes/placard_2022.dae
[0.684s] -- Up-to-date: /home/mrxiuer/project/毕设/demo/src/install/share/vrx_gz/models/placard_2022/materials
[0.684s] -- Up-to-date: /home/mrxiuer/project/毕设/demo/src/install/share/vrx_gz/models/placard_2022/materials/textures
[0.684s] -- Up-to-date: /home/mrxiuer/project/毕设/demo/src/install/share/vrx_gz/models/placard_2022/materials/textures/Placard.png
[0.684s] -- Up-to-date: /home/mrxiuer/project/毕设/demo/src/install/share/vrx_gz/models/placard_2022/model.sdf
[0.684s] -- Up-to-date: /home/mrxiuer/project/毕设/demo/src/install/share/vrx_gz/models/fangkuai
[0.684s] -- Up-to-date: /home/mrxiuer/project/毕设/demo/src/install/share/vrx_gz/models/fangkuai/mesh
[0.685s] -- Up-to-date: /home/mrxiuer/project/毕设/demo/src/install/share/vrx_gz/models/fangkuai/mesh/fangkuai.dae
[0.685s] -- Up-to-date: /home/mrxiuer/project/毕设/demo/src/install/share/vrx_gz/models/fangkuai/mesh/图像纹理.png
[0.685s] -- Up-to-date: /home/mrxiuer/project/毕设/demo/src/install/share/vrx_gz/models/fangkuai/model.config
[0.685s] -- Up-to-date: /home/mrxiuer/project/毕设/demo/src/install/share/vrx_gz/models/fangkuai/model.sdf
[0.685s] -- Up-to-date: /home/mrxiuer/project/毕设/demo/src/install/share/vrx_gz/models/symbol_triangle
[0.685s] -- Up-to-date: /home/mrxiuer/project/毕设/demo/src/install/share/vrx_gz/models/symbol_triangle/mesh
[0.685s] -- Up-to-date: /home/mrxiuer/project/毕设/demo/src/install/share/vrx_gz/models/symbol_triangle/mesh/triangle.dae
[0.685s] -- Up-to-date: /home/mrxiuer/project/毕设/demo/src/install/share/vrx_gz/models/symbol_triangle/model.config
[0.685s] -- Up-to-date: /home/mrxiuer/project/毕设/demo/src/install/share/vrx_gz/models/symbol_triangle/model.sdf
[0.685s] -- Up-to-date: /home/mrxiuer/project/毕设/demo/src/install/share/vrx_gz/models/dock_2022
[0.685s] -- Up-to-date: /home/mrxiuer/project/毕设/demo/src/install/share/vrx_gz/models/dock_2022/model.config
[0.685s] -- Up-to-date: /home/mrxiuer/project/毕设/demo/src/install/share/vrx_gz/models/dock_2022/model.sdf
[0.685s] -- Up-to-date: /home/mrxiuer/project/毕设/demo/src/install/share/vrx_gz/models/obstacle_course
[0.686s] -- Up-to-date: /home/mrxiuer/project/毕设/demo/src/install/share/vrx_gz/models/obstacle_course/model.config
[0.686s] -- Up-to-date: /home/mrxiuer/project/毕设/demo/src/install/share/vrx_gz/models/obstacle_course/model.sdf
[0.686s] -- Up-to-date: /home/mrxiuer/project/毕设/demo/src/install/share/vrx_gz/models/robotx_light_buoy_yrg
[0.686s] -- Up-to-date: /home/mrxiuer/project/毕设/demo/src/install/share/vrx_gz/models/robotx_light_buoy_yrg/model.config
[0.686s] -- Up-to-date: /home/mrxiuer/project/毕设/demo/src/install/share/vrx_gz/models/robotx_light_buoy_yrg/model.sdf
[0.686s] -- Up-to-date: /home/mrxiuer/project/毕设/demo/src/install/share/vrx_gz/models/robotx_light_buoy_rbg
[0.686s] -- Up-to-date: /home/mrxiuer/project/毕设/demo/src/install/share/vrx_gz/models/robotx_light_buoy_rbg/model.config
[0.686s] -- Up-to-date: /home/mrxiuer/project/毕设/demo/src/install/share/vrx_gz/models/robotx_light_buoy_rbg/model.sdf
[0.687s] -- Up-to-date: /home/mrxiuer/project/毕设/demo/src/install/share/vrx_gz/models/entrance_exit
[0.687s] -- Up-to-date: /home/mrxiuer/project/毕设/demo/src/install/share/vrx_gz/models/entrance_exit/model.config
[0.687s] -- Up-to-date: /home/mrxiuer/project/毕设/demo/src/install/share/vrx_gz/models/entrance_exit/model.sdf
[0.687s] -- Up-to-date: /home/mrxiuer/project/毕设/demo/src/install/share/vrx_gz/models/short_navigation_course_0
[0.687s] -- Up-to-date: /home/mrxiuer/project/毕设/demo/src/install/share/vrx_gz/models/short_navigation_course_0/model.config
[0.687s] -- Up-to-date: /home/mrxiuer/project/毕设/demo/src/install/share/vrx_gz/models/short_navigation_course_0/model.sdf
[0.687s] -- Up-to-date: /home/mrxiuer/project/毕设/demo/src/install/share/vrx_gz/models/short_course_2023_phase3_2
[0.687s] -- Up-to-date: /home/mrxiuer/project/毕设/demo/src/install/share/vrx_gz/models/short_course_2023_phase3_2/model.config
[0.687s] -- Up-to-date: /home/mrxiuer/project/毕设/demo/src/install/share/vrx_gz/models/short_course_2023_phase3_2/model.sdf
[0.687s] -- Up-to-date: /home/mrxiuer/project/毕设/demo/src/install/share/vrx_gz/models/robotx_light_buoy_ygb
[0.687s] -- Up-to-date: /home/mrxiuer/project/毕设/demo/src/install/share/vrx_gz/models/robotx_light_buoy_ygb/model.config
[0.687s] -- Up-to-date: /home/mrxiuer/project/毕设/demo/src/install/share/vrx_gz/models/robotx_light_buoy_ygb/model.sdf
[0.687s] -- Up-to-date: /home/mrxiuer/project/毕设/demo/src/install/share/vrx_gz/models/short_course_2023_phase3_1
[0.687s] -- Up-to-date: /home/mrxiuer/project/毕设/demo/src/install/share/vrx_gz/models/short_course_2023_phase3_1/model.config
[0.688s] -- Up-to-date: /home/mrxiuer/project/毕设/demo/src/install/share/vrx_gz/models/short_course_2023_phase3_1/model.sdf
[0.688s] -- Up-to-date: /home/mrxiuer/project/毕设/demo/src/install/share/vrx_gz/models/short_navigation_course_1
[0.688s] -- Up-to-date: /home/mrxiuer/project/毕设/demo/src/install/share/vrx_gz/models/short_navigation_course_1/model.config
[0.688s] -- Up-to-date: /home/mrxiuer/project/毕设/demo/src/install/share/vrx_gz/models/short_navigation_course_1/model.sdf
[0.688s] -- Up-to-date: /home/mrxiuer/project/毕设/demo/src/install/share/vrx_gz/models/dock_block_4x4
[0.688s] -- Up-to-date: /home/mrxiuer/project/毕设/demo/src/install/share/vrx_gz/models/dock_block_4x4/mesh
[0.688s] -- Up-to-date: /home/mrxiuer/project/毕设/demo/src/install/share/vrx_gz/models/dock_block_4x4/mesh/DockCubes_Normal.png
[0.688s] -- Up-to-date: /home/mrxiuer/project/毕设/demo/src/install/share/vrx_gz/models/dock_block_4x4/mesh/DockCubes_Albedo.png
[0.688s] -- Up-to-date: /home/mrxiuer/project/毕设/demo/src/install/share/vrx_gz/models/dock_block_4x4/mesh/DockCubes_Roughness.png
[0.688s] -- Up-to-date: /home/mrxiuer/project/毕设/demo/src/install/share/vrx_gz/models/dock_block_4x4/mesh/dock_block_4x4.dae
[0.688s] -- Up-to-date: /home/mrxiuer/project/毕设/demo/src/install/share/vrx_gz/models/dock_block_4x4/mesh/DockCubes_Metalness.png
[0.688s] -- Up-to-date: /home/mrxiuer/project/毕设/demo/src/install/share/vrx_gz/models/dock_block_4x4/model.config
[0.688s] -- Up-to-date: /home/mrxiuer/project/毕设/demo/src/install/share/vrx_gz/models/dock_block_4x4/model.sdf
[0.689s] -- Up-to-date: /home/mrxiuer/project/毕设/demo/src/install/share/vrx_gz/models/roboboat01
[0.689s] -- Up-to-date: /home/mrxiuer/project/毕设/demo/src/install/share/vrx_gz/models/roboboat01/model.config
[0.689s] -- Up-to-date: /home/mrxiuer/project/毕设/demo/src/install/share/vrx_gz/models/roboboat01/meshes
[0.689s] -- Up-to-date: /home/mrxiuer/project/毕设/demo/src/install/share/vrx_gz/models/roboboat01/meshes/roboboat01.dae
[0.689s] -- Up-to-date: /home/mrxiuer/project/毕设/demo/src/install/share/vrx_gz/models/roboboat01/meshes/prop.dae
[0.689s] -- Up-to-date: /home/mrxiuer/project/毕设/demo/src/install/share/vrx_gz/models/roboboat01/meshes/mount.dae
[0.689s] -- Up-to-date: /home/mrxiuer/project/毕设/demo/src/install/share/vrx_gz/models/roboboat01/meshes/housing.dae
[0.689s] -- Up-to-date: /home/mrxiuer/project/毕设/demo/src/install/share/vrx_gz/models/roboboat01/materials
[0.689s] -- Up-to-date: /home/mrxiuer/project/毕设/demo/src/install/share/vrx_gz/models/roboboat01/materials/scripts
[0.689s] -- Up-to-date: /home/mrxiuer/project/毕设/demo/src/install/share/vrx_gz/models/roboboat01/materials/scripts/model.material
[0.689s] -- Up-to-date: /home/mrxiuer/project/毕设/demo/src/install/share/vrx_gz/models/roboboat01/materials/textures
[0.689s] -- Up-to-date: /home/mrxiuer/project/毕设/demo/src/install/share/vrx_gz/models/roboboat01/materials/textures/Boat01_Metallic.png
[0.689s] -- Up-to-date: /home/mrxiuer/project/毕设/demo/src/install/share/vrx_gz/models/roboboat01/materials/textures/Thruster_Roughness.png
[0.689s] -- Up-to-date: /home/mrxiuer/project/毕设/demo/src/install/share/vrx_gz/models/roboboat01/materials/textures/Boat01_Normal.png
[0.690s] -- Up-to-date: /home/mrxiuer/project/毕设/demo/src/install/share/vrx_gz/models/roboboat01/materials/textures/Boat01_Roughness.png
[0.690s] -- Up-to-date: /home/mrxiuer/project/毕设/demo/src/install/share/vrx_gz/models/roboboat01/materials/textures/Thruster_Albedo.png
[0.690s] -- Up-to-date: /home/mrxiuer/project/毕设/demo/src/install/share/vrx_gz/models/roboboat01/materials/textures/Boat01_Albedo.png
[0.690s] -- Up-to-date: /home/mrxiuer/project/毕设/demo/src/install/share/vrx_gz/models/roboboat01/model.sdf
[0.690s] -- Up-to-date: /home/mrxiuer/project/毕设/demo/src/install/share/vrx_gz/models/robotx_light_buoy_bgr
[0.690s] -- Up-to-date: /home/mrxiuer/project/毕设/demo/src/install/share/vrx_gz/models/robotx_light_buoy_bgr/model.config
[0.690s] -- Up-to-date: /home/mrxiuer/project/毕设/demo/src/install/share/vrx_gz/models/robotx_light_buoy_bgr/model.sdf
[0.690s] -- Up-to-date: /home/mrxiuer/project/毕设/demo/src/install/share/vrx_gz/worlds
[0.690s] -- Up-to-date: /home/mrxiuer/project/毕设/demo/src/install/share/vrx_gz/worlds/gymkhana_task.sdf
[0.690s] -- Up-to-date: /home/mrxiuer/project/毕设/demo/src/install/share/vrx_gz/worlds/perception_task.sdf
[0.690s] -- Up-to-date: /home/mrxiuer/project/毕设/demo/src/install/share/vrx_gz/worlds/scan_dock_deliver_task.sdf
[0.690s] -- Up-to-date: /home/mrxiuer/project/毕设/demo/src/install/share/vrx_gz/worlds/follow_path_task.sdf
[0.690s] -- Up-to-date: /home/mrxiuer/project/毕设/demo/src/install/share/vrx_gz/worlds/sydney_regatta.sdf
[0.691s] -- Up-to-date: /home/mrxiuer/project/毕设/demo/src/install/share/vrx_gz/worlds/stationkeeping_task.sdf
[0.691s] -- Up-to-date: /home/mrxiuer/project/毕设/demo/src/install/share/vrx_gz/worlds/wayfinding_task2.sdf
[0.691s] -- Up-to-date: /home/mrxiuer/project/毕设/demo/src/install/share/vrx_gz/worlds/2023_practice
[0.691s] -- Up-to-date: /home/mrxiuer/project/毕设/demo/src/install/share/vrx_gz/worlds/2023_practice/practice_2023_perception1_task.sdf
[0.691s] -- Up-to-date: /home/mrxiuer/project/毕设/demo/src/install/share/vrx_gz/worlds/2023_practice/practice_2023_acoustic_perception1_task.sdf
[0.691s] -- Up-to-date: /home/mrxiuer/project/毕设/demo/src/install/share/vrx_gz/worlds/2023_practice/practice_2023_wildlife1_task.sdf
[0.691s] -- Up-to-date: /home/mrxiuer/project/毕设/demo/src/install/share/vrx_gz/worlds/2023_practice/practice_2023_follow_path1_task.sdf
[0.691s] -- Up-to-date: /home/mrxiuer/project/毕设/demo/src/install/share/vrx_gz/worlds/2023_practice/practice_2023_stationkeeping0_task.sdf
[0.691s] -- Up-to-date: /home/mrxiuer/project/毕设/demo/src/install/share/vrx_gz/worlds/2023_practice/practice_2023_scan_dock_deliver0_task.sdf
[0.691s] -- Up-to-date: /home/mrxiuer/project/毕设/demo/src/install/share/vrx_gz/worlds/2023_practice/practice_2023_wildlife2_task.sdf
[0.691s] -- Up-to-date: /home/mrxiuer/project/毕设/demo/src/install/share/vrx_gz/worlds/2023_practice/practice_2023_acoustic_tracking2_task.sdf
[0.691s] -- Up-to-date: /home/mrxiuer/project/毕设/demo/src/install/share/vrx_gz/worlds/2023_practice/practice_2023_scan_dock_deliver1_task.sdf
[0.691s] -- Up-to-date: /home/mrxiuer/project/毕设/demo/src/install/share/vrx_gz/worlds/2023_practice/practice_2023_perception0_task.sdf
[0.691s] -- Up-to-date: /home/mrxiuer/project/毕设/demo/src/install/share/vrx_gz/worlds/2023_practice/practice_2023_follow_path0_task.sdf
[0.691s] -- Up-to-date: /home/mrxiuer/project/毕设/demo/src/install/share/vrx_gz/worlds/2023_practice/practice_2023_acoustic_perception0_task.sdf
[0.692s] -- Up-to-date: /home/mrxiuer/project/毕设/demo/src/install/share/vrx_gz/worlds/2023_practice/practice_2023_acoustic_tracking1_task.sdf
[0.692s] -- Up-to-date: /home/mrxiuer/project/毕设/demo/src/install/share/vrx_gz/worlds/2023_practice/practice_2023_acoustic_tracking0_task.sdf
[0.692s] -- Up-to-date: /home/mrxiuer/project/毕设/demo/src/install/share/vrx_gz/worlds/2023_practice/practice_2023_wayfinding1_task.sdf
[0.692s] -- Up-to-date: /home/mrxiuer/project/毕设/demo/src/install/share/vrx_gz/worlds/2023_practice/practice_2023_stationkeeping2_task.sdf
[0.692s] -- Up-to-date: /home/mrxiuer/project/毕设/demo/src/install/share/vrx_gz/worlds/2023_practice/practice_2023_scan_dock_deliver2_task.sdf
[0.692s] -- Up-to-date: /home/mrxiuer/project/毕设/demo/src/install/share/vrx_gz/worlds/2023_practice/practice_2023_wayfinding0_task.sdf
[0.692s] -- Up-to-date: /home/mrxiuer/project/毕设/demo/src/install/share/vrx_gz/worlds/2023_practice/practice_2023_follow_path2_task.sdf
[0.692s] -- Up-to-date: /home/mrxiuer/project/毕设/demo/src/install/share/vrx_gz/worlds/2023_practice/practice_2023_acoustic_perception2_task.sdf
[0.692s] -- Up-to-date: /home/mrxiuer/project/毕设/demo/src/install/share/vrx_gz/worlds/2023_practice/practice_2023_stationkeeping1_task.sdf
[0.692s] -- Up-to-date: /home/mrxiuer/project/毕设/demo/src/install/share/vrx_gz/worlds/2023_practice/practice_2023_wildlife0_task.sdf
[0.692s] -- Up-to-date: /home/mrxiuer/project/毕设/demo/src/install/share/vrx_gz/worlds/2023_practice/practice_2023_perception2_task.sdf
[0.692s] -- Up-to-date: /home/mrxiuer/project/毕设/demo/src/install/share/vrx_gz/worlds/2023_practice/practice_2023_wayfinding2_task.sdf
[0.692s] -- Up-to-date: /home/mrxiuer/project/毕设/demo/src/install/share/vrx_gz/worlds/navigation_task.sdf
[0.692s] -- Up-to-date: /home/mrxiuer/project/毕设/demo/src/install/share/vrx_gz/worlds/wildlife_task.sdf
[0.692s] -- Up-to-date: /home/mrxiuer/project/毕设/demo/src/install/share/vrx_gz/worlds/acoustic_perception_task.sdf
[0.693s] -- Up-to-date: /home/mrxiuer/project/毕设/demo/src/install/share/vrx_gz/worlds/wayfinding_task.sdf
[0.693s] -- Up-to-date: /home/mrxiuer/project/毕设/demo/src/install/share/vrx_gz/worlds/nbpark.sdf
[0.693s] -- Up-to-date: /home/mrxiuer/project/毕设/demo/src/install/share/vrx_gz/worlds/acoustic_tracking_task.sdf
[0.693s] -- Up-to-date: /home/mrxiuer/project/毕设/demo/src/install/share/ament_index/resource_index/package_run_dependencies/vrx_gz
[0.693s] -- Up-to-date: /home/mrxiuer/project/毕设/demo/src/install/share/ament_index/resource_index/parent_prefix_path/vrx_gz
[0.693s] -- Up-to-date: /home/mrxiuer/project/毕设/demo/src/install/share/vrx_gz/environment/ament_prefix_path.sh
[0.693s] -- Up-to-date: /home/mrxiuer/project/毕设/demo/src/install/share/vrx_gz/environment/ament_prefix_path.dsv
[0.693s] -- Up-to-date: /home/mrxiuer/project/毕设/demo/src/install/share/vrx_gz/environment/path.sh
[0.693s] -- Up-to-date: /home/mrxiuer/project/毕设/demo/src/install/share/vrx_gz/environment/path.dsv
[0.693s] -- Up-to-date: /home/mrxiuer/project/毕设/demo/src/install/share/vrx_gz/local_setup.bash
[0.693s] -- Up-to-date: /home/mrxiuer/project/毕设/demo/src/install/share/vrx_gz/local_setup.sh
[0.693s] -- Up-to-date: /home/mrxiuer/project/毕设/demo/src/install/share/vrx_gz/local_setup.zsh
[0.693s] -- Up-to-date: /home/mrxiuer/project/毕设/demo/src/install/share/vrx_gz/local_setup.dsv
[0.693s] -- Installing: /home/mrxiuer/project/毕设/demo/src/install/share/vrx_gz/package.dsv
[0.693s] -- Up-to-date: /home/mrxiuer/project/毕设/demo/src/install/share/ament_index/resource_index/packages/vrx_gz
[0.694s] -- Up-to-date: /home/mrxiuer/project/毕设/demo/src/install/share/vrx_gz/cmake/vrx_gzConfig.cmake
[0.694s] -- Up-to-date: /home/mrxiuer/project/毕设/demo/src/install/share/vrx_gz/cmake/vrx_gzConfig-version.cmake
[0.694s] -- Up-to-date: /home/mrxiuer/project/毕设/demo/src/install/share/vrx_gz/package.xml
[0.694s] Invoked command in '/home/mrxiuer/project/毕设/demo/src/build/vrx_gz' returned '0': CMAKE_PREFIX_PATH=${CMAKE_PREFIX_PATH}:/opt/ros/humble LD_LIBRARY_PATH=/home/mrxiuer/project/毕设/demo/src/install/lib:/usr/local/lib:/opt/ros/humble/opt/rviz_ogre_vendor/lib:/opt/ros/humble/lib/x86_64-linux-gnu:/opt/ros/humble/lib /usr/bin/cmake --install /home/mrxiuer/project/毕设/demo/src/build/vrx_gz
