[0.010s] Invoking command in '/home/mrxiuer/project/毕设/demo/src/build/vrx_gz': CMAKE_PREFIX_PATH=${CMAKE_PREFIX_PATH}:/opt/ros/humble LD_LIBRARY_PATH=/home/mrxiuer/project/毕设/demo/src/install/lib:/usr/local/lib:/opt/ros/humble/opt/rviz_ogre_vendor/lib:/opt/ros/humble/lib/x86_64-linux-gnu:/opt/ros/humble/lib /usr/bin/cmake --build /home/mrxiuer/project/毕设/demo/src/build/vrx_gz -- -j16 -l16
[0.036s] -- Found ament_cmake: 1.3.11 (/opt/ros/humble/share/ament_cmake/cmake)
[0.146s] -- Looking for gz-sim7 -- found version 7.9.0
[0.150s] -- Searching for dependencies of gz-sim7
[0.151s] -- Looking for sdformat13 -- found version 13.9.0
[0.151s] -- Searching for dependencies of sdformat13
[0.156s] -- Checking for module 'tinyxml2'
[0.172s] --   Found tinyxml2, version 9.0.0
[0.212s] -- Looking for gz-math7 -- found version 7.5.1
[0.213s] -- Searching for dependencies of gz-math7
[0.213s] -- Looking for gz-utils2 -- found version 2.2.1
[0.213s] -- Searching for dependencies of gz-utils2
[0.215s] -- Looking for gz-utils2 -- found version 2.2.1
[0.215s] -- Searching for dependencies of gz-utils2
[0.215s] -- Searching for <gz-utils2> component [cli]
[0.216s] -- Looking for gz-utils2-cli -- found version 2.2.1
[0.216s] -- Searching for dependencies of gz-utils2-cli
[0.218s] -- Looking for gz-plugin2 -- found version 2.0.4
[0.219s] -- Searching for dependencies of gz-plugin2
[0.219s] -- Looking for gz-utils2 -- found version 2.2.1
[0.219s] -- Searching for <gz-plugin2> component [loader]
[0.219s] -- Looking for gz-plugin2-loader -- found version 2.0.4
[0.220s] -- Searching for dependencies of gz-plugin2-loader
[0.220s] -- Searching for <gz-plugin2> component [register]
[0.220s] -- Looking for gz-plugin2-register -- found version 2.0.4
[0.220s] -- Searching for dependencies of gz-plugin2-register
[0.220s] -- Looking for gz-transport12 -- found version 12.2.2
[0.221s] -- Searching for dependencies of gz-transport12
[0.260s] -- Config-file not installed for ZeroMQ -- checking for pkg-config
[0.265s] -- Checking for module 'libzmq >= 4'
[0.283s] --   Found libzmq , version 4.3.4
[0.335s] -- Checking for module 'uuid'
[0.351s] --   Found uuid, version 2.37.2
[0.394s] -- Looking for gz-utils2 -- found version 2.2.1
[0.395s] -- Looking for gz-msgs9 -- found version 9.5.1
[0.395s] -- Searching for dependencies of gz-msgs9
[0.416s] -- Looking for gz-math7 -- found version 7.5.1
[0.422s] -- Searching for <gz-transport12> component [log]
[0.423s] -- Looking for gz-transport12-log -- found version 12.2.2
[0.423s] -- Searching for dependencies of gz-transport12-log
[0.423s] -- Searching for <gz-transport12> component [parameters]
[0.424s] -- Looking for gz-transport12-parameters -- found version 12.2.2
[0.424s] -- Searching for dependencies of gz-transport12-parameters
[0.425s] -- Looking for gz-msgs9 -- found version 9.5.1
[0.425s] -- Looking for gz-common5 -- found version 5.7.1
[0.425s] -- Searching for dependencies of gz-common5
[0.426s] -- Looking for gz-utils2 -- found version 2.2.1
[0.426s] -- Looking for dlfcn.h - found
[0.426s] -- Looking for libdl - found
[0.434s] -- Searching for <gz-common5> component [profiler]
[0.434s] -- Looking for gz-common5-profiler -- found version 5.7.1
[0.434s] -- Searching for dependencies of gz-common5-profiler
[0.435s] -- Searching for <gz-common5> component [events]
[0.435s] -- Looking for gz-common5-events -- found version 5.7.1
[0.435s] -- Searching for dependencies of gz-common5-events
[0.436s] -- Looking for gz-math7 -- found version 7.5.1
[0.436s] -- Searching for <gz-common5> component [av]
[0.436s] -- Looking for gz-common5-av -- found version 5.7.1
[0.437s] -- Searching for dependencies of gz-common5-av
[0.443s] -- Checking for module 'libswscale'
[0.459s] --   Found libswscale, version 5.9.100
[0.507s] -- Checking for module 'libavdevice >= 56.4.100'
[0.524s] --   Found libavdevice , version 58.13.100
[0.575s] -- Checking for module 'libavformat'
[0.593s] --   Found libavformat, version 58.76.100
[0.643s] -- Checking for module 'libavcodec'
[0.661s] --   Found libavcodec, version 58.134.100
[0.717s] -- Checking for module 'libavutil'
[0.735s] --   Found libavutil, version 56.70.100
[0.782s] -- Searching for <gz-common5> component [io]
[0.782s] -- Looking for gz-common5-io -- found version 5.7.1
[0.782s] -- Searching for dependencies of gz-common5-io
[0.783s] -- Looking for gz-fuel_tools8 -- found version 8.2.0
[0.784s] -- Searching for dependencies of gz-fuel_tools8
[0.842s] -- Checking for module 'jsoncpp'
[0.861s] --   Found jsoncpp, version 1.9.5
[0.912s] -- Checking for module 'libzip'
[0.930s] --   Found libzip, version 1.7.3
[0.976s] -- Looking for gz-utils2 -- found version 2.2.1
[0.976s] -- Looking for gz-common5 -- found version 5.7.1
[0.977s] -- Searching for dependencies of gz-common5
[0.977s] -- Looking for gz-utils2 -- found version 2.2.1
[0.977s] -- Looking for dlfcn.h - found
[0.977s] -- Looking for libdl - found
[0.985s] -- Searching for <gz-common5> component [testing]
[0.985s] -- Looking for gz-common5-testing -- found version 5.7.1
[0.986s] -- Searching for dependencies of gz-common5-testing
[0.986s] -- Looking for gz-math7 -- found version 7.5.1
[0.987s] -- Looking for gz-msgs9 -- found version 9.5.1
[0.987s] -- Looking for gz-gui7 -- found version 7.2.2
[0.988s] -- Searching for dependencies of gz-gui7
[1.016s] -- Looking for gz-utils2 -- found version 2.2.1
[1.016s] -- Looking for gz-math7 -- found version 7.5.1
[1.016s] -- Looking for gz-common5 -- found version 5.7.1
[1.016s] -- Looking for gz-plugin2 -- found version 2.0.4
[1.017s] -- Looking for gz-transport12 -- found version 12.2.2
[1.017s] -- Looking for gz-rendering7 -- found version 7.5.0
[1.017s] -- Searching for dependencies of gz-rendering7
[1.018s] -- Looking for gz-math7 -- found version 7.5.1
[1.018s] -- Searching for dependencies of gz-math7
[1.018s] -- Looking for gz-utils2 -- found version 2.2.1
[1.018s] -- Searching for <gz-math7> component [eigen3]
[1.019s] -- Looking for gz-math7-eigen3 -- found version 7.5.1
[1.019s] -- Searching for dependencies of gz-math7-eigen3
[1.020s] -- Looking for gz-common5 -- found version 5.7.1
[1.020s] -- Searching for dependencies of gz-common5
[1.021s] -- Looking for gz-utils2 -- found version 2.2.1
[1.021s] -- Looking for dlfcn.h - found
[1.021s] -- Looking for libdl - found
[1.029s] -- Searching for <gz-common5> component [graphics]
[1.029s] -- Looking for gz-common5-graphics -- found version 5.7.1
[1.029s] -- Searching for dependencies of gz-common5-graphics
[1.029s] -- Looking for gz-math7 -- found version 7.5.1
[1.032s] -- Searching for <gz-common5> component [events]
[1.032s] -- Searching for <gz-common5> component [geospatial]
[1.032s] -- Looking for gz-common5-geospatial -- found version 5.7.1
[1.033s] -- Searching for dependencies of gz-common5-geospatial
[1.033s] -- Looking for gz-math7 -- found version 7.5.1
[1.033s] -- Looking for gz-common5 -- found version 5.7.1
[1.034s] -- Looking for gz-plugin2 -- found version 2.0.4
[1.034s] -- Searching for dependencies of gz-plugin2
[1.034s] -- Looking for gz-utils2 -- found version 2.2.1
[1.035s] -- Searching for <gz-plugin2> component [all]
[1.035s] -- Looking for all libraries of gz-plugin2 -- found version 2.0.4
[1.035s] -- Looking for gz-plugin2 -- found version 2.0.4
[1.036s] -- Looking for gz-utils2 -- found version 2.2.1
[1.038s] -- Looking for gz-msgs9 -- found version 9.5.1
[1.052s] -- Looking for gz-physics6 -- found version 6.7.0
[1.052s] -- Searching for dependencies of gz-physics6
[1.052s] -- Looking for gz-common5 -- found version 5.7.1
[1.053s] -- Looking for gz-math7 -- found version 7.5.1
[1.053s] -- Looking for gz-plugin2 -- found version 2.0.4
[1.053s] -- Looking for gz-utils2 -- found version 2.2.1
[1.054s] -- Searching for <gz-physics6> component [heightmap]
[1.054s] -- Looking for gz-physics6-heightmap -- found version 6.7.0
[1.055s] -- Searching for dependencies of gz-physics6-heightmap
[1.055s] -- Looking for gz-common5 -- found version 5.7.1
[1.055s] -- Searching for <gz-physics6> component [mesh]
[1.056s] -- Looking for gz-physics6-mesh -- found version 6.7.0
[1.056s] -- Searching for dependencies of gz-physics6-mesh
[1.056s] -- Looking for gz-common5 -- found version 5.7.1
[1.057s] -- Searching for <gz-physics6> component [sdf]
[1.057s] -- Looking for gz-physics6-sdf -- found version 6.7.0
[1.057s] -- Searching for dependencies of gz-physics6-sdf
[1.058s] -- Looking for sdformat13 -- found version 13.9.0
[1.058s] -- Looking for gz-sensors7 -- found version 7.3.1
[1.059s] -- Searching for dependencies of gz-sensors7
[1.081s] -- Looking for gz-math7 -- found version 7.5.1
[1.081s] -- Looking for gz-common5 -- found version 5.7.1
[1.082s] -- Looking for gz-transport12 -- found version 12.2.2
[1.082s] -- Looking for gz-rendering7 -- found version 7.5.0
[1.083s] -- Looking for gz-msgs9 -- found version 9.5.1
[1.083s] -- Looking for sdformat13 -- found version 13.9.0
[1.083s] -- Searching for <gz-sensors7> component [air_pressure]
[1.084s] -- Looking for gz-sensors7-air_pressure -- found version 7.3.1
[1.084s] -- Searching for dependencies of gz-sensors7-air_pressure
[1.085s] -- Searching for <gz-sensors7> component [air_speed]
[1.085s] -- Looking for gz-sensors7-air_speed -- found version 7.3.1
[1.085s] -- Searching for dependencies of gz-sensors7-air_speed
[1.086s] -- Searching for <gz-sensors7> component [altimeter]
[1.086s] -- Looking for gz-sensors7-altimeter -- found version 7.3.1
[1.086s] -- Searching for dependencies of gz-sensors7-altimeter
[1.087s] -- Searching for <gz-sensors7> component [imu]
[1.087s] -- Looking for gz-sensors7-imu -- found version 7.3.1
[1.087s] -- Searching for dependencies of gz-sensors7-imu
[1.088s] -- Searching for <gz-sensors7> component [force_torque]
[1.088s] -- Looking for gz-sensors7-force_torque -- found version 7.3.1
[1.089s] -- Searching for dependencies of gz-sensors7-force_torque
[1.089s] -- Searching for <gz-sensors7> component [logical_camera]
[1.089s] -- Looking for gz-sensors7-logical_camera -- found version 7.3.1
[1.090s] -- Searching for dependencies of gz-sensors7-logical_camera
[1.090s] -- Searching for <gz-sensors7> component [magnetometer]
[1.090s] -- Looking for gz-sensors7-magnetometer -- found version 7.3.1
[1.090s] -- Searching for dependencies of gz-sensors7-magnetometer
[1.091s] -- Searching for <gz-sensors7> component [navsat]
[1.091s] -- Looking for gz-sensors7-navsat -- found version 7.3.1
[1.092s] -- Searching for dependencies of gz-sensors7-navsat
[1.092s] -- Searching for <gz-sensors7> component [rendering]
[1.092s] -- Looking for gz-sensors7-rendering -- found version 7.3.1
[1.092s] -- Searching for dependencies of gz-sensors7-rendering
[1.093s] -- Searching for <gz-sensors7> component [lidar]
[1.093s] -- Looking for gz-sensors7-lidar -- found version 7.3.1
[1.093s] -- Searching for dependencies of gz-sensors7-lidar
[1.094s] -- Looking for gz-sensors7 -- found version 7.3.1
[1.094s] -- Searching for <gz-sensors7> component [gpu_lidar]
[1.094s] -- Looking for gz-sensors7-gpu_lidar -- found version 7.3.1
[1.095s] -- Searching for dependencies of gz-sensors7-gpu_lidar
[1.095s] -- Looking for gz-sensors7 -- found version 7.3.1
[1.095s] -- Searching for <gz-sensors7> component [camera]
[1.096s] -- Looking for gz-sensors7-camera -- found version 7.3.1
[1.096s] -- Searching for dependencies of gz-sensors7-camera
[1.096s] -- Looking for gz-sensors7 -- found version 7.3.1
[1.097s] -- Searching for <gz-sensors7> component [boundingbox_camera]
[1.097s] -- Looking for gz-sensors7-boundingbox_camera -- found version 7.3.1
[1.097s] -- Searching for dependencies of gz-sensors7-boundingbox_camera
[1.098s] -- Searching for <gz-sensors7> component [segmentation_camera]
[1.098s] -- Looking for gz-sensors7-segmentation_camera -- found version 7.3.1
[1.098s] -- Searching for dependencies of gz-sensors7-segmentation_camera
[1.099s] -- Searching for <gz-sensors7> component [depth_camera]
[1.099s] -- Looking for gz-sensors7-depth_camera -- found version 7.3.1
[1.100s] -- Searching for dependencies of gz-sensors7-depth_camera
[1.100s] -- Looking for gz-sensors7 -- found version 7.3.1
[1.100s] -- Searching for <gz-sensors7> component [rgbd_camera]
[1.101s] -- Looking for gz-sensors7-rgbd_camera -- found version 7.3.1
[1.101s] -- Searching for dependencies of gz-sensors7-rgbd_camera
[1.101s] -- Looking for gz-sensors7 -- found version 7.3.1
[1.102s] -- Searching for <gz-sensors7> component [thermal_camera]
[1.102s] -- Looking for gz-sensors7-thermal_camera -- found version 7.3.1
[1.102s] -- Searching for dependencies of gz-sensors7-thermal_camera
[1.103s] -- Looking for gz-sensors7 -- found version 7.3.1
[1.103s] -- Searching for <gz-sensors7> component [wide_angle_camera]
[1.103s] -- Looking for gz-sensors7-wide_angle_camera -- found version 7.3.1
[1.104s] -- Searching for dependencies of gz-sensors7-wide_angle_camera
[1.104s] -- Looking for gz-rendering7 -- found version 7.5.0
[1.105s] -- Looking for gz-math7 -- found version 7.5.1
[1.105s] -- Looking for gz-utils2 -- found version 2.2.1
[1.128s] -- Looking for gz-common5 -- found version 5.7.1
[1.128s] -- Looking for gz-fuel_tools8 -- found version 8.2.0
[1.129s] -- Looking for gz-math7 -- found version 7.5.1
[1.129s] -- Looking for gz-msgs9 -- found version 9.5.1
[1.129s] -- Looking for gz-transport12 -- found version 12.2.2
[1.130s] -- Looking for gz-plugin2 -- found version 2.0.4
[1.130s] -- Looking for gz-rendering7 -- found version 7.5.0
[1.130s] -- Looking for gz-sensors7 -- found version 7.3.1
[1.131s] -- Looking for gz-utils2 -- found version 2.2.1
[1.131s] -- Looking for sdformat13 -- found version 13.9.0
[1.131s] -- Found std_msgs: 4.2.4 (/opt/ros/humble/share/std_msgs/cmake)
[1.146s] -- Found rosidl_generator_c: 3.1.6 (/opt/ros/humble/share/rosidl_generator_c/cmake)
[1.148s] -- Found rosidl_adapter: 3.1.6 (/opt/ros/humble/share/rosidl_adapter/cmake)
[1.153s] -- Found rosidl_generator_cpp: 3.1.6 (/opt/ros/humble/share/rosidl_generator_cpp/cmake)
[1.160s] -- Using all available rosidl_typesupport_c: rosidl_typesupport_fastrtps_c;rosidl_typesupport_introspection_c
[1.171s] -- Using all available rosidl_typesupport_cpp: rosidl_typesupport_fastrtps_cpp;rosidl_typesupport_introspection_cpp
[1.305s] -- Looking for gz-plugin2 -- found version 2.0.4
[1.306s] -- Looking for gz-rendering7 -- found version 7.5.0
[1.306s] -- Looking for gz-transport12 -- found version 12.2.2
[1.307s] -- Looking for gz-msgs9 -- found version 9.5.1
[1.307s] -- Configuring done
[1.412s] -- Generating done
[1.434s] -- Build files have been written to: /home/mrxiuer/project/毕设/demo/src/build/vrx_gz
[1.473s] [35m[1mConsolidate compiler generated dependencies of target Waves[0m
[1.474s] [35m[1mConsolidate compiler generated dependencies of target ScoringPlugin[0m
[1.474s] [35m[1mConsolidate compiler generated dependencies of target target_point_plugin[0m
[1.493s] [  8%] Built target ScoringPlugin
[1.493s] [  8%] Built target Waves
[1.494s] [  8%] Built target ament_cmake_python_copy_vrx_gz
[1.494s] [ 10%] [32mBuilding CXX object CMakeFiles/target_point_plugin.dir/src/target_point.cc.o[0m
[1.509s] [35m[1mConsolidate compiler generated dependencies of target AcousticPingerPlugin[0m
[1.509s] [35m[1mConsolidate compiler generated dependencies of target BallShooterPlugin[0m
[1.510s] [35m[1mConsolidate compiler generated dependencies of target AcousticPerceptionScoringPlugin[0m
[1.510s] [35m[1mConsolidate compiler generated dependencies of target StationkeepingScoringPlugin[0m
[1.510s] [35m[1mConsolidate compiler generated dependencies of target NavigationScoringPlugin[0m
[1.511s] [35m[1mConsolidate compiler generated dependencies of target PerceptionScoringPlugin[0m
[1.511s] [35m[1mConsolidate compiler generated dependencies of target PublisherPlugin[0m
[1.511s] [35m[1mConsolidate compiler generated dependencies of target ScanDockScoringPlugin[0m
[1.512s] [35m[1mConsolidate compiler generated dependencies of target WayfindingScoringPlugin[0m
[1.514s] [35m[1mConsolidate compiler generated dependencies of target PlacardPlugin[0m
[1.516s] [35m[1mConsolidate compiler generated dependencies of target Surface[0m
[1.516s] [35m[1mConsolidate compiler generated dependencies of target AcousticTrackingScoringPlugin[0m
[1.521s] [35m[1mConsolidate compiler generated dependencies of target GymkhanaScoringPlugin[0m
[1.522s] [35m[1mConsolidate compiler generated dependencies of target LightBuoyPlugin[0m
[1.527s] [35m[1mConsolidate compiler generated dependencies of target SimpleHydrodynamics[0m
[1.542s] [ 14%] Built target AcousticPingerPlugin
[1.542s] [ 22%] Built target PublisherPlugin
[1.542s] [ 22%] Built target BallShooterPlugin
[1.551s] [ 30%] Built target ScanDockScoringPlugin
[1.551s] [ 30%] Built target PerceptionScoringPlugin
[1.552s] [ 38%] Built target PlacardPlugin
[1.552s] [ 38%] Built target NavigationScoringPlugin
[1.552s] [ 42%] Built target Surface
[1.552s] [ 48%] Built target AcousticPerceptionScoringPlugin
[1.554s] [ 58%] Built target GymkhanaScoringPlugin
[1.555s] [ 62%] Built target StationkeepingScoringPlugin
[1.556s] [ 62%] Built target LightBuoyPlugin
[1.559s] [ 68%] Built target WayfindingScoringPlugin
[1.560s] [35m[1mConsolidate compiler generated dependencies of target USVWind[0m
[1.561s] [35m[1mConsolidate compiler generated dependencies of target WaveVisual[0m
[1.561s] [ 72%] Built target SimpleHydrodynamics
[1.562s] [ 78%] Built target AcousticTrackingScoringPlugin
[1.562s] [35m[1mConsolidate compiler generated dependencies of target WildlifeScoringPlugin[0m
[1.567s] [35m[1mConsolidate compiler generated dependencies of target PolyhedraBuoyancyDrag[0m
[1.585s] [ 86%] Built target WildlifeScoringPlugin
[1.585s] [ 86%] Built target WaveVisual
[1.588s] [ 90%] Built target USVWind
[1.595s] [ 98%] Built target PolyhedraBuoyancyDrag
[1.808s] running egg_info
[1.808s] writing vrx_gz.egg-info/PKG-INFO
[1.808s] writing dependency_links to vrx_gz.egg-info/dependency_links.txt
[1.808s] writing top-level names to vrx_gz.egg-info/top_level.txt
[1.810s] reading manifest file 'vrx_gz.egg-info/SOURCES.txt'
[1.811s] writing manifest file 'vrx_gz.egg-info/SOURCES.txt'
[1.844s] [ 98%] Built target ament_cmake_python_build_vrx_gz_egg
[3.870s] [01m[K/home/mrxiuer/project/毕设/demo/src/vrx/vrx_gz/src/target_point.cc:[m[K In constructor ‘[01m[Kgz::gui::TargetPointPlugin::TargetPointPlugin()[m[K’:
[3.870s] [01m[K/home/mrxiuer/project/毕设/demo/src/vrx/vrx_gz/src/target_point.cc:32:27:[m[K [01;31m[Kerror: [m[K‘[01m[Kclass QQuickItem[m[K’ has no member named ‘[01m[KaddItem[m[K’
[3.870s]    32 |       win->contentItem()->[01;31m[KaddItem[m[K(mainWidget);
[3.870s]       |                           [01;31m[K^~~~~~~[m[K
[3.874s] [01m[K/home/mrxiuer/project/毕设/demo/src/vrx/vrx_gz/src/target_point.cc:[m[K In member function ‘[01m[Kvoid gz::gui::TargetPointPlugin::OnClick(const QPointF&)[m[K’:
[3.874s] [01m[K/home/mrxiuer/project/毕设/demo/src/vrx/vrx_gz/src/target_point.cc:68:35:[m[K [01;31m[Kerror: [m[K‘[01m[KsceneFromFirstRenderEngine[m[K’ is not a member of ‘[01m[Kgz::rendering[m[K’
[3.874s]    68 |       auto scene = gz::rendering::[01;31m[KsceneFromFirstRenderEngine[m[K();
[3.874s]       |                                   [01;31m[K^~~~~~~~~~~~~~~~~~~~~~~~~~[m[K
[3.875s] [01m[K/home/mrxiuer/project/毕设/demo/src/vrx/vrx_gz/src/target_point.cc:79:31:[m[K [01;31m[Kerror: [m[Kaggregate ‘[01m[Kgz::rendering::v7::RayQuery rayQuery[m[K’ has incomplete type and cannot be defined
[3.875s]    79 |       gz::rendering::RayQuery [01;31m[KrayQuery[m[K;
[3.875s]       |                               [01;31m[K^~~~~~~~[m[K
[4.349s] gmake[2]: *** [CMakeFiles/target_point_plugin.dir/build.make:76: CMakeFiles/target_point_plugin.dir/src/target_point.cc.o] Error 1
[4.349s] gmake[1]: *** [CMakeFiles/Makefile2:794: CMakeFiles/target_point_plugin.dir/all] Error 2
[4.350s] gmake: *** [Makefile:146: all] Error 2
[4.352s] Invoked command in '/home/mrxiuer/project/毕设/demo/src/build/vrx_gz' returned '2': CMAKE_PREFIX_PATH=${CMAKE_PREFIX_PATH}:/opt/ros/humble LD_LIBRARY_PATH=/home/mrxiuer/project/毕设/demo/src/install/lib:/usr/local/lib:/opt/ros/humble/opt/rviz_ogre_vendor/lib:/opt/ros/humble/lib/x86_64-linux-gnu:/opt/ros/humble/lib /usr/bin/cmake --build /home/mrxiuer/project/毕设/demo/src/build/vrx_gz -- -j16 -l16
