[0.008s] Invoking command in '/home/mrxiuer/project/毕设/demo/src/build/wamv_gazebo': AMENT_PREFIX_PATH=/home/mrxiuer/project/毕设/demo/src/install:${AMENT_PREFIX_PATH} CMAKE_PREFIX_PATH=/home/mrxiuer/project/毕设/demo/src/install:/opt/ros/humble GZ_SIM_RESOURCE_PATH=/home/mrxiuer/project/毕设/demo/src/install/share/wamv_description/models:/home/mrxiuer/project/毕设/demo/src/install/share/vrx_gazebo/models:/home/mrxiuer/project/毕设/demo/src/install/share PYTHONPATH=/home/mrxiuer/project/毕设/demo/src/install/local/lib/python3.10/dist-packages:${PYTHONPATH} /usr/bin/cmake /home/mrxiuer/project/毕设/demo/src/vrx/vrx_urdf/wamv_gazebo -DCMAKE_INSTALL_PREFIX=/home/mrxiuer/project/毕设/demo/src/install
[0.057s] -- The C compiler identification is GNU 11.4.0
[0.105s] -- The CXX compiler identification is GNU 11.4.0
[0.112s] -- Detecting C compiler ABI info
[0.177s] -- Detecting C compiler ABI info - done
[0.182s] -- Check for working C compiler: /usr/bin/cc - skipped
[0.182s] -- Detecting C compile features
[0.183s] -- Detecting C compile features - done
[0.185s] -- Detecting CXX compiler ABI info
[0.258s] -- Detecting CXX compiler ABI info - done
[0.264s] -- Check for working CXX compiler: /usr/bin/c++ - skipped
[0.264s] -- Detecting CXX compile features
[0.264s] -- Detecting CXX compile features - done
[0.266s] -- Found ament_cmake: 1.3.11 (/opt/ros/humble/share/ament_cmake/cmake)
[0.393s] -- Found Python3: /usr/bin/python3 (found version "3.10.12") found components: Interpreter 
[0.470s] -- Found xacro: 2.0.13 (/opt/ros/humble/share/xacro/cmake)
[0.471s] -- Found wamv_description: 1.3.0 (/home/mrxiuer/project/毕设/demo/src/install/share/wamv_description/cmake)
[0.524s] -- Configuring done
[0.526s] -- Generating done
[0.528s] -- Build files have been written to: /home/mrxiuer/project/毕设/demo/src/build/wamv_gazebo
[0.532s] Invoked command in '/home/mrxiuer/project/毕设/demo/src/build/wamv_gazebo' returned '0': AMENT_PREFIX_PATH=/home/mrxiuer/project/毕设/demo/src/install:${AMENT_PREFIX_PATH} CMAKE_PREFIX_PATH=/home/mrxiuer/project/毕设/demo/src/install:/opt/ros/humble GZ_SIM_RESOURCE_PATH=/home/mrxiuer/project/毕设/demo/src/install/share/wamv_description/models:/home/mrxiuer/project/毕设/demo/src/install/share/vrx_gazebo/models:/home/mrxiuer/project/毕设/demo/src/install/share PYTHONPATH=/home/mrxiuer/project/毕设/demo/src/install/local/lib/python3.10/dist-packages:${PYTHONPATH} /usr/bin/cmake /home/mrxiuer/project/毕设/demo/src/vrx/vrx_urdf/wamv_gazebo -DCMAKE_INSTALL_PREFIX=/home/mrxiuer/project/毕设/demo/src/install
[0.533s] Invoking command in '/home/mrxiuer/project/毕设/demo/src/build/wamv_gazebo': AMENT_PREFIX_PATH=/home/mrxiuer/project/毕设/demo/src/install:${AMENT_PREFIX_PATH} CMAKE_PREFIX_PATH=/home/mrxiuer/project/毕设/demo/src/install:/opt/ros/humble GZ_SIM_RESOURCE_PATH=/home/mrxiuer/project/毕设/demo/src/install/share/wamv_description/models:/home/mrxiuer/project/毕设/demo/src/install/share/vrx_gazebo/models:/home/mrxiuer/project/毕设/demo/src/install/share PYTHONPATH=/home/mrxiuer/project/毕设/demo/src/install/local/lib/python3.10/dist-packages:${PYTHONPATH} /usr/bin/cmake --build /home/mrxiuer/project/毕设/demo/src/build/wamv_gazebo -- -j16 -l16
[0.567s] Invoked command in '/home/mrxiuer/project/毕设/demo/src/build/wamv_gazebo' returned '0': AMENT_PREFIX_PATH=/home/mrxiuer/project/毕设/demo/src/install:${AMENT_PREFIX_PATH} CMAKE_PREFIX_PATH=/home/mrxiuer/project/毕设/demo/src/install:/opt/ros/humble GZ_SIM_RESOURCE_PATH=/home/mrxiuer/project/毕设/demo/src/install/share/wamv_description/models:/home/mrxiuer/project/毕设/demo/src/install/share/vrx_gazebo/models:/home/mrxiuer/project/毕设/demo/src/install/share PYTHONPATH=/home/mrxiuer/project/毕设/demo/src/install/local/lib/python3.10/dist-packages:${PYTHONPATH} /usr/bin/cmake --build /home/mrxiuer/project/毕设/demo/src/build/wamv_gazebo -- -j16 -l16
[0.569s] Invoking command in '/home/mrxiuer/project/毕设/demo/src/build/wamv_gazebo': AMENT_PREFIX_PATH=/home/mrxiuer/project/毕设/demo/src/install:${AMENT_PREFIX_PATH} CMAKE_PREFIX_PATH=/home/mrxiuer/project/毕设/demo/src/install:/opt/ros/humble GZ_SIM_RESOURCE_PATH=/home/mrxiuer/project/毕设/demo/src/install/share/wamv_description/models:/home/mrxiuer/project/毕设/demo/src/install/share/vrx_gazebo/models:/home/mrxiuer/project/毕设/demo/src/install/share PYTHONPATH=/home/mrxiuer/project/毕设/demo/src/install/local/lib/python3.10/dist-packages:${PYTHONPATH} /usr/bin/cmake --install /home/mrxiuer/project/毕设/demo/src/build/wamv_gazebo
[0.575s] -- Install configuration: ""
[0.575s] -- Installing: /home/mrxiuer/project/毕设/demo/src/install/share/wamv_gazebo/models
[0.575s] -- Installing: /home/mrxiuer/project/毕设/demo/src/install/share/wamv_gazebo/models/gps
[0.575s] -- Installing: /home/mrxiuer/project/毕设/demo/src/install/share/wamv_gazebo/models/gps/mesh
[0.575s] -- Installing: /home/mrxiuer/project/毕设/demo/src/install/share/wamv_gazebo/models/gps/mesh/gps.dae
[0.576s] -- Installing: /home/mrxiuer/project/毕设/demo/src/install/share/wamv_gazebo/models/gps/mesh/gps.png
[0.577s] -- Installing: /home/mrxiuer/project/毕设/demo/src/install/share/wamv_gazebo/models/gps/model.config
[0.577s] -- Installing: /home/mrxiuer/project/毕设/demo/src/install/share/wamv_gazebo/urdf
[0.577s] -- Installing: /home/mrxiuer/project/毕设/demo/src/install/share/wamv_gazebo/urdf/macros.xacro
[0.578s] -- Installing: /home/mrxiuer/project/毕设/demo/src/install/share/wamv_gazebo/urdf/dynamics
[0.578s] -- Installing: /home/mrxiuer/project/毕设/demo/src/install/share/wamv_gazebo/urdf/dynamics/wamv_gazebo_dynamics_plugin.xacro
[0.578s] -- Installing: /home/mrxiuer/project/毕设/demo/src/install/share/wamv_gazebo/urdf/wamv_gazebo.urdf.xacro
[0.578s] -- Installing: /home/mrxiuer/project/毕设/demo/src/install/share/wamv_gazebo/urdf/wamv_gazebo.xacro
[0.578s] -- Installing: /home/mrxiuer/project/毕设/demo/src/install/share/wamv_gazebo/urdf/components
[0.578s] -- Installing: /home/mrxiuer/project/毕设/demo/src/install/share/wamv_gazebo/urdf/components/wamv_planar_lidar.xacro
[0.579s] -- Installing: /home/mrxiuer/project/毕设/demo/src/install/share/wamv_gazebo/urdf/components/wamv_imu.xacro
[0.579s] -- Installing: /home/mrxiuer/project/毕设/demo/src/install/share/wamv_gazebo/urdf/components/ball_shooter.xacro
[0.579s] -- Installing: /home/mrxiuer/project/毕设/demo/src/install/share/wamv_gazebo/urdf/components/lidar.xacro
[0.579s] -- Installing: /home/mrxiuer/project/毕设/demo/src/install/share/wamv_gazebo/urdf/components/wamv_pinger.xacro
[0.580s] -- Installing: /home/mrxiuer/project/毕设/demo/src/install/share/wamv_gazebo/urdf/components/wamv_3d_lidar.xacro
[0.580s] -- Installing: /home/mrxiuer/project/毕设/demo/src/install/share/wamv_gazebo/urdf/components/wamv_p3d.xacro
[0.580s] -- Installing: /home/mrxiuer/project/毕设/demo/src/install/share/wamv_gazebo/urdf/components/wamv_camera.xacro
[0.580s] -- Installing: /home/mrxiuer/project/毕设/demo/src/install/share/wamv_gazebo/urdf/components/wamv_gps.xacro
[0.580s] -- Installing: /home/mrxiuer/project/毕设/demo/src/install/share/wamv_gazebo/urdf/thruster_layouts
[0.580s] -- Installing: /home/mrxiuer/project/毕设/demo/src/install/share/wamv_gazebo/urdf/thruster_layouts/wamv_aft_thrusters.xacro
[0.580s] -- Installing: /home/mrxiuer/project/毕设/demo/src/install/share/wamv_gazebo/urdf/thruster_layouts/wamv_t_thrusters.xacro
[0.581s] -- Installing: /home/mrxiuer/project/毕设/demo/src/install/share/wamv_gazebo/urdf/thruster_layouts/wamv_gazebo_thruster_config.xacro
[0.581s] -- Installing: /home/mrxiuer/project/毕设/demo/src/install/share/wamv_gazebo/urdf/thruster_layouts/wamv_x_thrusters.xacro
[0.581s] -- Installing: /home/mrxiuer/project/毕设/demo/src/install/share/ament_index/resource_index/package_run_dependencies/wamv_gazebo
[0.581s] -- Installing: /home/mrxiuer/project/毕设/demo/src/install/share/ament_index/resource_index/parent_prefix_path/wamv_gazebo
[0.581s] -- Installing: /home/mrxiuer/project/毕设/demo/src/install/share/wamv_gazebo/environment/ament_prefix_path.sh
[0.581s] -- Installing: /home/mrxiuer/project/毕设/demo/src/install/share/wamv_gazebo/environment/ament_prefix_path.dsv
[0.582s] -- Installing: /home/mrxiuer/project/毕设/demo/src/install/share/wamv_gazebo/environment/path.sh
[0.582s] -- Installing: /home/mrxiuer/project/毕设/demo/src/install/share/wamv_gazebo/environment/path.dsv
[0.582s] -- Installing: /home/mrxiuer/project/毕设/demo/src/install/share/wamv_gazebo/local_setup.bash
[0.582s] -- Installing: /home/mrxiuer/project/毕设/demo/src/install/share/wamv_gazebo/local_setup.sh
[0.582s] -- Installing: /home/mrxiuer/project/毕设/demo/src/install/share/wamv_gazebo/local_setup.zsh
[0.582s] -- Installing: /home/mrxiuer/project/毕设/demo/src/install/share/wamv_gazebo/local_setup.dsv
[0.582s] -- Installing: /home/mrxiuer/project/毕设/demo/src/install/share/wamv_gazebo/package.dsv
[0.582s] -- Installing: /home/mrxiuer/project/毕设/demo/src/install/share/ament_index/resource_index/packages/wamv_gazebo
[0.583s] -- Installing: /home/mrxiuer/project/毕设/demo/src/install/share/wamv_gazebo/cmake/wamv_gazeboConfig.cmake
[0.583s] -- Installing: /home/mrxiuer/project/毕设/demo/src/install/share/wamv_gazebo/cmake/wamv_gazeboConfig-version.cmake
[0.583s] -- Installing: /home/mrxiuer/project/毕设/demo/src/install/share/wamv_gazebo/package.xml
[0.585s] Invoked command in '/home/mrxiuer/project/毕设/demo/src/build/wamv_gazebo' returned '0': AMENT_PREFIX_PATH=/home/mrxiuer/project/毕设/demo/src/install:${AMENT_PREFIX_PATH} CMAKE_PREFIX_PATH=/home/mrxiuer/project/毕设/demo/src/install:/opt/ros/humble GZ_SIM_RESOURCE_PATH=/home/mrxiuer/project/毕设/demo/src/install/share/wamv_description/models:/home/mrxiuer/project/毕设/demo/src/install/share/vrx_gazebo/models:/home/mrxiuer/project/毕设/demo/src/install/share PYTHONPATH=/home/mrxiuer/project/毕设/demo/src/install/local/lib/python3.10/dist-packages:${PYTHONPATH} /usr/bin/cmake --install /home/mrxiuer/project/毕设/demo/src/build/wamv_gazebo
