[0.009s] Invoking command in '/home/mrxiuer/project/毕设/demo/src/build/vrx_gz': CMAKE_PREFIX_PATH=${CMAKE_PREFIX_PATH}:/opt/ros/humble LD_LIBRARY_PATH=/home/mrxiuer/project/毕设/demo/src/install/lib:/usr/local/lib:/opt/ros/humble/opt/rviz_ogre_vendor/lib:/opt/ros/humble/lib/x86_64-linux-gnu:/opt/ros/humble/lib /usr/bin/cmake --build /home/mrxiuer/project/毕设/demo/src/build/vrx_gz -- -j16 -l16
[0.061s] [  4%] Built target ScoringPlugin
[0.061s] [  8%] Built target Waves
[0.069s] [  8%] Built target ament_cmake_python_copy_vrx_gz
[0.095s] [ 12%] Built target LightBuoyPlugin
[0.095s] [ 20%] Built target PerceptionScoringPlugin
[0.096s] [ 20%] Built target GymkhanaScoringPlugin
[0.096s] [ 29%] Built target BallShooterPlugin
[0.096s] [ 29%] Built target PlacardPlugin
[0.099s] [ 41%] Built target NavigationScoringPlugin
[0.099s] [ 43%] Built target AcousticTrackingScoringPlugin
[0.100s] [ 45%] Built target AcousticPerceptionScoringPlugin
[0.100s] [ 56%] Built target AcousticPingerPlugin
[0.100s] [ 56%] Built target WayfindingScoringPlugin
[0.100s] [ 62%] Built target StationkeepingScoringPlugin
[0.102s] [ 66%] Built target PublisherPlugin
[0.102s] [ 70%] Built target SimpleHydrodynamics
[0.104s] [ 75%] Built target Surface
[0.105s] [ 79%] Built target ScanDockScoringPlugin
[0.108s] [ 83%] Built target USVWind
[0.122s] [ 87%] Built target WildlifeScoringPlugin
[0.124s] [ 91%] Built target WaveVisual
[0.125s] [100%] Built target PolyhedraBuoyancyDrag
[0.325s] running egg_info
[0.325s] writing vrx_gz.egg-info/PKG-INFO
[0.325s] writing dependency_links to vrx_gz.egg-info/dependency_links.txt
[0.325s] writing top-level names to vrx_gz.egg-info/top_level.txt
[0.327s] reading manifest file 'vrx_gz.egg-info/SOURCES.txt'
[0.328s] writing manifest file 'vrx_gz.egg-info/SOURCES.txt'
[0.349s] [100%] Built target ament_cmake_python_build_vrx_gz_egg
[0.373s] Invoked command in '/home/mrxiuer/project/毕设/demo/src/build/vrx_gz' returned '0': CMAKE_PREFIX_PATH=${CMAKE_PREFIX_PATH}:/opt/ros/humble LD_LIBRARY_PATH=/home/mrxiuer/project/毕设/demo/src/install/lib:/usr/local/lib:/opt/ros/humble/opt/rviz_ogre_vendor/lib:/opt/ros/humble/lib/x86_64-linux-gnu:/opt/ros/humble/lib /usr/bin/cmake --build /home/mrxiuer/project/毕设/demo/src/build/vrx_gz -- -j16 -l16
[0.374s] Invoking command in '/home/mrxiuer/project/毕设/demo/src/build/vrx_gz': CMAKE_PREFIX_PATH=${CMAKE_PREFIX_PATH}:/opt/ros/humble LD_LIBRARY_PATH=/home/mrxiuer/project/毕设/demo/src/install/lib:/usr/local/lib:/opt/ros/humble/opt/rviz_ogre_vendor/lib:/opt/ros/humble/lib/x86_64-linux-gnu:/opt/ros/humble/lib /usr/bin/cmake --install /home/mrxiuer/project/毕设/demo/src/build/vrx_gz
[0.381s] -- Install configuration: ""
[0.381s] -- Up-to-date: /home/mrxiuer/project/毕设/demo/src/install/share/vrx_gz/environment/resource_paths.dsv
[0.381s] -- Up-to-date: /home/mrxiuer/project/毕设/demo/src/install/share/vrx_gz/environment/resource_paths.sh
[0.381s] -- Up-to-date: /home/mrxiuer/project/毕设/demo/src/install/lib/libWaves.so
[0.381s] -- Up-to-date: /home/mrxiuer/project/毕设/demo/src/install/lib/libPolyhedraBuoyancyDrag.so
[0.382s] -- Up-to-date: /home/mrxiuer/project/毕设/demo/src/install/lib/libScoringPlugin.so
[0.382s] -- Up-to-date: /home/mrxiuer/project/毕设/demo/src/install/lib/libStationkeepingScoringPlugin.so
[0.382s] -- Up-to-date: /home/mrxiuer/project/毕设/demo/src/install/lib/libWayfindingScoringPlugin.so
[0.382s] -- Up-to-date: /home/mrxiuer/project/毕设/demo/src/install/lib/libAcousticPerceptionScoringPlugin.so
[0.382s] -- Up-to-date: /home/mrxiuer/project/毕设/demo/src/install/lib/libAcousticTrackingScoringPlugin.so
[0.383s] -- Up-to-date: /home/mrxiuer/project/毕设/demo/src/install/lib/libAcousticPingerPlugin.so
[0.383s] -- Up-to-date: /home/mrxiuer/project/毕设/demo/src/install/lib/libBallShooterPlugin.so
[0.385s] -- Up-to-date: /home/mrxiuer/project/毕设/demo/src/install/lib/libLightBuoyPlugin.so
[0.385s] -- Up-to-date: /home/mrxiuer/project/毕设/demo/src/install/lib/libNavigationScoringPlugin.so
[0.385s] -- Up-to-date: /home/mrxiuer/project/毕设/demo/src/install/lib/libGymkhanaScoringPlugin.so
[0.385s] -- Up-to-date: /home/mrxiuer/project/毕设/demo/src/install/lib/libPerceptionScoringPlugin.so
[0.385s] -- Up-to-date: /home/mrxiuer/project/毕设/demo/src/install/lib/libPlacardPlugin.so
[0.385s] -- Up-to-date: /home/mrxiuer/project/毕设/demo/src/install/lib/libPublisherPlugin.so
[0.385s] -- Up-to-date: /home/mrxiuer/project/毕设/demo/src/install/lib/libScanDockScoringPlugin.so
[0.385s] -- Up-to-date: /home/mrxiuer/project/毕设/demo/src/install/lib/libSimpleHydrodynamics.so
[0.385s] -- Up-to-date: /home/mrxiuer/project/毕设/demo/src/install/lib/libSurface.so
[0.386s] -- Up-to-date: /home/mrxiuer/project/毕设/demo/src/install/lib/libUSVWind.so
[0.386s] -- Up-to-date: /home/mrxiuer/project/毕设/demo/src/install/lib/libWaveVisual.so
[0.386s] -- Up-to-date: /home/mrxiuer/project/毕设/demo/src/install/lib/libWildlifeScoringPlugin.so
[0.386s] -- Up-to-date: /home/mrxiuer/project/毕设/demo/src/install/share/vrx_gz/environment/pythonpath.sh
[0.386s] -- Up-to-date: /home/mrxiuer/project/毕设/demo/src/install/share/vrx_gz/environment/pythonpath.dsv
[0.386s] -- Up-to-date: /home/mrxiuer/project/毕设/demo/src/install/local/lib/python3.10/dist-packages/vrx_gz-0.0.0-py3.10.egg-info
[0.387s] -- Installing: /home/mrxiuer/project/毕设/demo/src/install/local/lib/python3.10/dist-packages/vrx_gz-0.0.0-py3.10.egg-info/dependency_links.txt
[0.387s] -- Installing: /home/mrxiuer/project/毕设/demo/src/install/local/lib/python3.10/dist-packages/vrx_gz-0.0.0-py3.10.egg-info/PKG-INFO
[0.387s] -- Installing: /home/mrxiuer/project/毕设/demo/src/install/local/lib/python3.10/dist-packages/vrx_gz-0.0.0-py3.10.egg-info/SOURCES.txt
[0.387s] -- Installing: /home/mrxiuer/project/毕设/demo/src/install/local/lib/python3.10/dist-packages/vrx_gz-0.0.0-py3.10.egg-info/top_level.txt
[0.387s] -- Up-to-date: /home/mrxiuer/project/毕设/demo/src/install/local/lib/python3.10/dist-packages/vrx_gz
[0.387s] -- Up-to-date: /home/mrxiuer/project/毕设/demo/src/install/local/lib/python3.10/dist-packages/vrx_gz/__init__.py
[0.387s] -- Up-to-date: /home/mrxiuer/project/毕设/demo/src/install/local/lib/python3.10/dist-packages/vrx_gz/payload_bridges.py
[0.387s] -- Up-to-date: /home/mrxiuer/project/毕设/demo/src/install/local/lib/python3.10/dist-packages/vrx_gz/bridges.py
[0.388s] -- Up-to-date: /home/mrxiuer/project/毕设/demo/src/install/local/lib/python3.10/dist-packages/vrx_gz/bridge.py
[0.388s] -- Up-to-date: /home/mrxiuer/project/毕设/demo/src/install/local/lib/python3.10/dist-packages/vrx_gz/launch.py
[0.388s] -- Up-to-date: /home/mrxiuer/project/毕设/demo/src/install/local/lib/python3.10/dist-packages/vrx_gz/model.py
[0.413s] Listing '/home/mrxiuer/project/毕设/demo/src/install/local/lib/python3.10/dist-packages/vrx_gz'...
[0.417s] -- Up-to-date: /home/mrxiuer/project/毕设/demo/src/install/share/vrx_gz/config
[0.417s] -- Up-to-date: /home/mrxiuer/project/毕设/demo/src/install/share/vrx_gz/config/wamv.yaml
[0.417s] -- Up-to-date: /home/mrxiuer/project/毕设/demo/src/install/share/vrx_gz/config/InteractiveMarker.config
[0.417s] -- Up-to-date: /home/mrxiuer/project/毕设/demo/src/install/share/vrx_gz/config/roboboat.yaml
[0.417s] -- Up-to-date: /home/mrxiuer/project/毕设/demo/src/install/share/vrx_gz/launch
[0.417s] -- Up-to-date: /home/mrxiuer/project/毕设/demo/src/install/share/vrx_gz/launch/picture.py
[0.417s] -- Up-to-date: /home/mrxiuer/project/毕设/demo/src/install/share/vrx_gz/launch/improved_A_star.py
[0.417s] -- Up-to-date: /home/mrxiuer/project/毕设/demo/src/install/share/vrx_gz/launch/A_star.py
[0.418s] -- Up-to-date: /home/mrxiuer/project/毕设/demo/src/install/share/vrx_gz/launch/__pycache__
[0.418s] -- Up-to-date: /home/mrxiuer/project/毕设/demo/src/install/share/vrx_gz/launch/__pycache__/common_utilities.cpython-310.pyc
[0.418s] -- Up-to-date: /home/mrxiuer/project/毕设/demo/src/install/share/vrx_gz/launch/spawn_config.launch.py
[0.418s] -- Up-to-date: /home/mrxiuer/project/毕设/demo/src/install/share/vrx_gz/launch/headings_plot.png
[0.418s] -- Up-to-date: /home/mrxiuer/project/毕设/demo/src/install/share/vrx_gz/launch/common_utilities.py
[0.418s] -- Up-to-date: /home/mrxiuer/project/毕设/demo/src/install/share/vrx_gz/launch/competition.launch.py
[0.418s] -- Up-to-date: /home/mrxiuer/project/毕设/demo/src/install/share/vrx_gz/launch/improved_A_star_test2.py
[0.418s] -- Up-to-date: /home/mrxiuer/project/毕设/demo/src/install/share/vrx_gz/launch/vrx_environment.launch.py
[0.419s] -- Up-to-date: /home/mrxiuer/project/毕设/demo/src/install/share/vrx_gz/launch/runs
[0.419s] -- Up-to-date: /home/mrxiuer/project/毕设/demo/src/install/share/vrx_gz/launch/runs/rnn_visualization
[0.419s] -- Up-to-date: /home/mrxiuer/project/毕设/demo/src/install/share/vrx_gz/launch/runs/rnn_visualization/events.out.tfevents.1747030446.mrxiuer-Dell-G15-5515.6243.0
[0.419s] -- Up-to-date: /home/mrxiuer/project/毕设/demo/src/install/share/vrx_gz/launch/spawn.launch.py
[0.419s] -- Up-to-date: /home/mrxiuer/project/毕设/demo/src/install/share/vrx_gz/launch/usv_joy_teleop.py
[0.419s] -- Up-to-date: /home/mrxiuer/project/毕设/demo/src/install/share/vrx_gz/models
[0.419s] -- Up-to-date: /home/mrxiuer/project/毕设/demo/src/install/share/vrx_gz/models/short_navigation_course_4
[0.419s] -- Up-to-date: /home/mrxiuer/project/毕设/demo/src/install/share/vrx_gz/models/short_navigation_course_4/model.config
[0.419s] -- Up-to-date: /home/mrxiuer/project/毕设/demo/src/install/share/vrx_gz/models/short_navigation_course_4/model.sdf
[0.419s] -- Up-to-date: /home/mrxiuer/project/毕设/demo/src/install/share/vrx_gz/models/platform
[0.419s] -- Up-to-date: /home/mrxiuer/project/毕设/demo/src/install/share/vrx_gz/models/platform/model.config
[0.419s] -- Up-to-date: /home/mrxiuer/project/毕设/demo/src/install/share/vrx_gz/models/platform/model.sdf
[0.420s] -- Up-to-date: /home/mrxiuer/project/毕设/demo/src/install/share/vrx_gz/models/zhuzi
[0.420s] -- Up-to-date: /home/mrxiuer/project/毕设/demo/src/install/share/vrx_gz/models/zhuzi/mesh
[0.420s] -- Up-to-date: /home/mrxiuer/project/毕设/demo/src/install/share/vrx_gz/models/zhuzi/mesh/zhuzi.dae
[0.420s] -- Up-to-date: /home/mrxiuer/project/毕设/demo/src/install/share/vrx_gz/models/zhuzi/mesh/图像纹理2.png
[0.420s] -- Up-to-date: /home/mrxiuer/project/毕设/demo/src/install/share/vrx_gz/models/zhuzi/model.config
[0.420s] -- Up-to-date: /home/mrxiuer/project/毕设/demo/src/install/share/vrx_gz/models/zhuzi/model.sdf
[0.420s] -- Up-to-date: /home/mrxiuer/project/毕设/demo/src/install/share/vrx_gz/models/short_navigation_course_3
[0.420s] -- Up-to-date: /home/mrxiuer/project/毕设/demo/src/install/share/vrx_gz/models/short_navigation_course_3/model.config
[0.421s] -- Up-to-date: /home/mrxiuer/project/毕设/demo/src/install/share/vrx_gz/models/short_navigation_course_3/model.sdf
[0.421s] -- Up-to-date: /home/mrxiuer/project/毕设/demo/src/install/share/vrx_gz/models/robotx_light_buoy_bgy
[0.421s] -- Up-to-date: /home/mrxiuer/project/毕设/demo/src/install/share/vrx_gz/models/robotx_light_buoy_bgy/model.config
[0.421s] -- Up-to-date: /home/mrxiuer/project/毕设/demo/src/install/share/vrx_gz/models/robotx_light_buoy_bgy/model.sdf
[0.421s] -- Up-to-date: /home/mrxiuer/project/毕设/demo/src/install/share/vrx_gz/models/robotx_light_buoy_gbr
[0.421s] -- Up-to-date: /home/mrxiuer/project/毕设/demo/src/install/share/vrx_gz/models/robotx_light_buoy_gbr/model.config
[0.421s] -- Up-to-date: /home/mrxiuer/project/毕设/demo/src/install/share/vrx_gz/models/robotx_light_buoy_gbr/model.sdf
[0.422s] -- Up-to-date: /home/mrxiuer/project/毕设/demo/src/install/share/vrx_gz/models/dock_2022_base
[0.422s] -- Up-to-date: /home/mrxiuer/project/毕设/demo/src/install/share/vrx_gz/models/dock_2022_base/model.config
[0.422s] -- Up-to-date: /home/mrxiuer/project/毕设/demo/src/install/share/vrx_gz/models/dock_2022_base/model.sdf
[0.422s] -- Up-to-date: /home/mrxiuer/project/毕设/demo/src/install/share/vrx_gz/models/roboboat02
[0.422s] -- Up-to-date: /home/mrxiuer/project/毕设/demo/src/install/share/vrx_gz/models/roboboat02/model.config
[0.423s] -- Up-to-date: /home/mrxiuer/project/毕设/demo/src/install/share/vrx_gz/models/roboboat02/meshes
[0.423s] -- Up-to-date: /home/mrxiuer/project/毕设/demo/src/install/share/vrx_gz/models/roboboat02/meshes/roboboat02.dae
[0.423s] -- Up-to-date: /home/mrxiuer/project/毕设/demo/src/install/share/vrx_gz/models/roboboat02/materials
[0.423s] -- Up-to-date: /home/mrxiuer/project/毕设/demo/src/install/share/vrx_gz/models/roboboat02/materials/scripts
[0.423s] -- Up-to-date: /home/mrxiuer/project/毕设/demo/src/install/share/vrx_gz/models/roboboat02/materials/scripts/model.material
[0.423s] -- Up-to-date: /home/mrxiuer/project/毕设/demo/src/install/share/vrx_gz/models/roboboat02/materials/textures
[0.423s] -- Up-to-date: /home/mrxiuer/project/毕设/demo/src/install/share/vrx_gz/models/roboboat02/materials/textures/Boat02_Albedo.png
[0.423s] -- Up-to-date: /home/mrxiuer/project/毕设/demo/src/install/share/vrx_gz/models/roboboat02/materials/textures/Boat02_Roughness.png
[0.423s] -- Up-to-date: /home/mrxiuer/project/毕设/demo/src/install/share/vrx_gz/models/roboboat02/materials/textures/Boat02_Normal.png
[0.423s] -- Up-to-date: /home/mrxiuer/project/毕设/demo/src/install/share/vrx_gz/models/roboboat02/materials/textures/Boat02_Metallic.png
[0.423s] -- Up-to-date: /home/mrxiuer/project/毕设/demo/src/install/share/vrx_gz/models/roboboat02/model.sdf
[0.423s] -- Up-to-date: /home/mrxiuer/project/毕设/demo/src/install/share/vrx_gz/models/huan
[0.423s] -- Up-to-date: /home/mrxiuer/project/毕设/demo/src/install/share/vrx_gz/models/huan/mesh
[0.423s] -- Up-to-date: /home/mrxiuer/project/毕设/demo/src/install/share/vrx_gz/models/huan/mesh/huan.dae
[0.423s] -- Up-to-date: /home/mrxiuer/project/毕设/demo/src/install/share/vrx_gz/models/huan/mesh/图像纹理3.png
[0.423s] -- Up-to-date: /home/mrxiuer/project/毕设/demo/src/install/share/vrx_gz/models/huan/model.config
[0.424s] -- Up-to-date: /home/mrxiuer/project/毕设/demo/src/install/share/vrx_gz/models/huan/model.sdf
[0.424s] -- Up-to-date: /home/mrxiuer/project/毕设/demo/src/install/share/vrx_gz/models/shizi
[0.424s] -- Up-to-date: /home/mrxiuer/project/毕设/demo/src/install/share/vrx_gz/models/shizi/mesh
[0.424s] -- Up-to-date: /home/mrxiuer/project/毕设/demo/src/install/share/vrx_gz/models/shizi/mesh/图像纹理.png
[0.424s] -- Up-to-date: /home/mrxiuer/project/毕设/demo/src/install/share/vrx_gz/models/shizi/mesh/shizi.dae
[0.424s] -- Up-to-date: /home/mrxiuer/project/毕设/demo/src/install/share/vrx_gz/models/shizi/model.config
[0.424s] -- Up-to-date: /home/mrxiuer/project/毕设/demo/src/install/share/vrx_gz/models/shizi/model.sdf
[0.424s] -- Up-to-date: /home/mrxiuer/project/毕设/demo/src/install/share/vrx_gz/models/robotx_light_buoy_rgb
[0.424s] -- Up-to-date: /home/mrxiuer/project/毕设/demo/src/install/share/vrx_gz/models/robotx_light_buoy_rgb/mesh
[0.424s] -- Up-to-date: /home/mrxiuer/project/毕设/demo/src/install/share/vrx_gz/models/robotx_light_buoy_rgb/mesh/LightTower_Albedo.png
[0.424s] -- Up-to-date: /home/mrxiuer/project/毕设/demo/src/install/share/vrx_gz/models/robotx_light_buoy_rgb/mesh/LightTower_Opacity.png
[0.424s] -- Up-to-date: /home/mrxiuer/project/毕设/demo/src/install/share/vrx_gz/models/robotx_light_buoy_rgb/mesh/LightTower_Metalness.png
[0.424s] -- Up-to-date: /home/mrxiuer/project/毕设/demo/src/install/share/vrx_gz/models/robotx_light_buoy_rgb/mesh/LightTower_Roughness.png
[0.424s] -- Up-to-date: /home/mrxiuer/project/毕设/demo/src/install/share/vrx_gz/models/robotx_light_buoy_rgb/mesh/LightTower_Normal.png
[0.425s] -- Up-to-date: /home/mrxiuer/project/毕设/demo/src/install/share/vrx_gz/models/robotx_light_buoy_rgb/mesh/robotx_light_buoy.dae
[0.425s] -- Up-to-date: /home/mrxiuer/project/毕设/demo/src/install/share/vrx_gz/models/robotx_light_buoy_rgb/model.config
[0.425s] -- Up-to-date: /home/mrxiuer/project/毕设/demo/src/install/share/vrx_gz/models/robotx_light_buoy_rgb/model.sdf
[0.425s] -- Up-to-date: /home/mrxiuer/project/毕设/demo/src/install/share/vrx_gz/models/robotx_light_buoy_rgy
[0.425s] -- Up-to-date: /home/mrxiuer/project/毕设/demo/src/install/share/vrx_gz/models/robotx_light_buoy_rgy/model.config
[0.425s] -- Up-to-date: /home/mrxiuer/project/毕设/demo/src/install/share/vrx_gz/models/robotx_light_buoy_rgy/model.sdf
[0.425s] -- Up-to-date: /home/mrxiuer/project/毕设/demo/src/install/share/vrx_gz/models/robotx_light_buoy_ybr
[0.425s] -- Up-to-date: /home/mrxiuer/project/毕设/demo/src/install/share/vrx_gz/models/robotx_light_buoy_ybr/model.config
[0.425s] -- Up-to-date: /home/mrxiuer/project/毕设/demo/src/install/share/vrx_gz/models/robotx_light_buoy_ybr/model.sdf
[0.425s] -- Up-to-date: /home/mrxiuer/project/毕设/demo/src/install/share/vrx_gz/models/coast_waves
[0.425s] -- Up-to-date: /home/mrxiuer/project/毕设/demo/src/install/share/vrx_gz/models/coast_waves/model.config
[0.425s] -- Up-to-date: /home/mrxiuer/project/毕设/demo/src/install/share/vrx_gz/models/coast_waves/meshes
[0.425s] -- Up-to-date: /home/mrxiuer/project/毕设/demo/src/install/share/vrx_gz/models/coast_waves/meshes/waterlow.dae
[0.425s] -- Up-to-date: /home/mrxiuer/project/毕设/demo/src/install/share/vrx_gz/models/coast_waves/materials
[0.425s] -- Up-to-date: /home/mrxiuer/project/毕设/demo/src/install/share/vrx_gz/models/coast_waves/materials/textures
[0.425s] -- Up-to-date: /home/mrxiuer/project/毕设/demo/src/install/share/vrx_gz/models/coast_waves/materials/textures/skybox_lowres.dds
[0.425s] -- Up-to-date: /home/mrxiuer/project/毕设/demo/src/install/share/vrx_gz/models/coast_waves/materials/textures/wave_normals.dds
[0.425s] -- Up-to-date: /home/mrxiuer/project/毕设/demo/src/install/share/vrx_gz/models/coast_waves/materials/programs
[0.426s] -- Up-to-date: /home/mrxiuer/project/毕设/demo/src/install/share/vrx_gz/models/coast_waves/materials/programs/GerstnerWaves_vs_330.glsl
[0.426s] -- Up-to-date: /home/mrxiuer/project/毕设/demo/src/install/share/vrx_gz/models/coast_waves/materials/programs/GerstnerWaves_fs_330.glsl
[0.426s] -- Up-to-date: /home/mrxiuer/project/毕设/demo/src/install/share/vrx_gz/models/coast_waves/model.sdf
[0.426s] -- Up-to-date: /home/mrxiuer/project/毕设/demo/src/install/share/vrx_gz/models/short_navigation_course_2
[0.426s] -- Up-to-date: /home/mrxiuer/project/毕设/demo/src/install/share/vrx_gz/models/short_navigation_course_2/model.config
[0.426s] -- Up-to-date: /home/mrxiuer/project/毕设/demo/src/install/share/vrx_gz/models/short_navigation_course_2/model.sdf
[0.426s] -- Up-to-date: /home/mrxiuer/project/毕设/demo/src/install/share/vrx_gz/models/articulated_platform
[0.426s] -- Up-to-date: /home/mrxiuer/project/毕设/demo/src/install/share/vrx_gz/models/articulated_platform/model.config
[0.427s] -- Up-to-date: /home/mrxiuer/project/毕设/demo/src/install/share/vrx_gz/models/articulated_platform/model.sdf
[0.427s] -- Up-to-date: /home/mrxiuer/project/毕设/demo/src/install/share/vrx_gz/models/short_navigation_course_5
[0.427s] -- Up-to-date: /home/mrxiuer/project/毕设/demo/src/install/share/vrx_gz/models/short_navigation_course_5/model.config
[0.427s] -- Up-to-date: /home/mrxiuer/project/毕设/demo/src/install/share/vrx_gz/models/short_navigation_course_5/model.sdf
[0.427s] -- Up-to-date: /home/mrxiuer/project/毕设/demo/src/install/share/vrx_gz/models/roboboat_cpubox
[0.427s] -- Up-to-date: /home/mrxiuer/project/毕设/demo/src/install/share/vrx_gz/models/roboboat_cpubox/model.config
[0.427s] -- Up-to-date: /home/mrxiuer/project/毕设/demo/src/install/share/vrx_gz/models/roboboat_cpubox/meshes
[0.427s] -- Up-to-date: /home/mrxiuer/project/毕设/demo/src/install/share/vrx_gz/models/roboboat_cpubox/meshes/drybox.dae
[0.427s] -- Up-to-date: /home/mrxiuer/project/毕设/demo/src/install/share/vrx_gz/models/roboboat_cpubox/materials
[0.427s] -- Up-to-date: /home/mrxiuer/project/毕设/demo/src/install/share/vrx_gz/models/roboboat_cpubox/materials/textures
[0.427s] -- Up-to-date: /home/mrxiuer/project/毕设/demo/src/install/share/vrx_gz/models/roboboat_cpubox/materials/textures/DryBox_Albedo.png
[0.427s] -- Up-to-date: /home/mrxiuer/project/毕设/demo/src/install/share/vrx_gz/models/roboboat_cpubox/materials/textures/DryBox_Roughness.png
[0.427s] -- Up-to-date: /home/mrxiuer/project/毕设/demo/src/install/share/vrx_gz/models/roboboat_cpubox/model.sdf
[0.427s] -- Up-to-date: /home/mrxiuer/project/毕设/demo/src/install/share/vrx_gz/models/placard_2022
[0.427s] -- Up-to-date: /home/mrxiuer/project/毕设/demo/src/install/share/vrx_gz/models/placard_2022/model.config
[0.427s] -- Up-to-date: /home/mrxiuer/project/毕设/demo/src/install/share/vrx_gz/models/placard_2022/meshes
[0.427s] -- Up-to-date: /home/mrxiuer/project/毕设/demo/src/install/share/vrx_gz/models/placard_2022/meshes/placard_2022.dae
[0.427s] -- Up-to-date: /home/mrxiuer/project/毕设/demo/src/install/share/vrx_gz/models/placard_2022/materials
[0.427s] -- Up-to-date: /home/mrxiuer/project/毕设/demo/src/install/share/vrx_gz/models/placard_2022/materials/textures
[0.428s] -- Up-to-date: /home/mrxiuer/project/毕设/demo/src/install/share/vrx_gz/models/placard_2022/materials/textures/Placard.png
[0.428s] -- Up-to-date: /home/mrxiuer/project/毕设/demo/src/install/share/vrx_gz/models/placard_2022/model.sdf
[0.428s] -- Up-to-date: /home/mrxiuer/project/毕设/demo/src/install/share/vrx_gz/models/fangkuai
[0.428s] -- Up-to-date: /home/mrxiuer/project/毕设/demo/src/install/share/vrx_gz/models/fangkuai/mesh
[0.428s] -- Up-to-date: /home/mrxiuer/project/毕设/demo/src/install/share/vrx_gz/models/fangkuai/mesh/fangkuai.dae
[0.428s] -- Up-to-date: /home/mrxiuer/project/毕设/demo/src/install/share/vrx_gz/models/fangkuai/mesh/图像纹理.png
[0.428s] -- Up-to-date: /home/mrxiuer/project/毕设/demo/src/install/share/vrx_gz/models/fangkuai/model.config
[0.428s] -- Up-to-date: /home/mrxiuer/project/毕设/demo/src/install/share/vrx_gz/models/fangkuai/model.sdf
[0.428s] -- Up-to-date: /home/mrxiuer/project/毕设/demo/src/install/share/vrx_gz/models/symbol_triangle
[0.428s] -- Up-to-date: /home/mrxiuer/project/毕设/demo/src/install/share/vrx_gz/models/symbol_triangle/mesh
[0.428s] -- Up-to-date: /home/mrxiuer/project/毕设/demo/src/install/share/vrx_gz/models/symbol_triangle/mesh/triangle.dae
[0.428s] -- Up-to-date: /home/mrxiuer/project/毕设/demo/src/install/share/vrx_gz/models/symbol_triangle/model.config
[0.428s] -- Up-to-date: /home/mrxiuer/project/毕设/demo/src/install/share/vrx_gz/models/symbol_triangle/model.sdf
[0.429s] -- Up-to-date: /home/mrxiuer/project/毕设/demo/src/install/share/vrx_gz/models/dock_2022
[0.429s] -- Up-to-date: /home/mrxiuer/project/毕设/demo/src/install/share/vrx_gz/models/dock_2022/model.config
[0.429s] -- Up-to-date: /home/mrxiuer/project/毕设/demo/src/install/share/vrx_gz/models/dock_2022/model.sdf
[0.429s] -- Up-to-date: /home/mrxiuer/project/毕设/demo/src/install/share/vrx_gz/models/obstacle_course
[0.429s] -- Up-to-date: /home/mrxiuer/project/毕设/demo/src/install/share/vrx_gz/models/obstacle_course/model.config
[0.429s] -- Up-to-date: /home/mrxiuer/project/毕设/demo/src/install/share/vrx_gz/models/obstacle_course/model.sdf
[0.429s] -- Up-to-date: /home/mrxiuer/project/毕设/demo/src/install/share/vrx_gz/models/robotx_light_buoy_yrg
[0.429s] -- Up-to-date: /home/mrxiuer/project/毕设/demo/src/install/share/vrx_gz/models/robotx_light_buoy_yrg/model.config
[0.429s] -- Up-to-date: /home/mrxiuer/project/毕设/demo/src/install/share/vrx_gz/models/robotx_light_buoy_yrg/model.sdf
[0.429s] -- Up-to-date: /home/mrxiuer/project/毕设/demo/src/install/share/vrx_gz/models/robotx_light_buoy_rbg
[0.429s] -- Up-to-date: /home/mrxiuer/project/毕设/demo/src/install/share/vrx_gz/models/robotx_light_buoy_rbg/model.config
[0.430s] -- Up-to-date: /home/mrxiuer/project/毕设/demo/src/install/share/vrx_gz/models/robotx_light_buoy_rbg/model.sdf
[0.430s] -- Up-to-date: /home/mrxiuer/project/毕设/demo/src/install/share/vrx_gz/models/entrance_exit
[0.430s] -- Up-to-date: /home/mrxiuer/project/毕设/demo/src/install/share/vrx_gz/models/entrance_exit/model.config
[0.430s] -- Up-to-date: /home/mrxiuer/project/毕设/demo/src/install/share/vrx_gz/models/entrance_exit/model.sdf
[0.430s] -- Up-to-date: /home/mrxiuer/project/毕设/demo/src/install/share/vrx_gz/models/short_navigation_course_0
[0.430s] -- Up-to-date: /home/mrxiuer/project/毕设/demo/src/install/share/vrx_gz/models/short_navigation_course_0/model.config
[0.430s] -- Up-to-date: /home/mrxiuer/project/毕设/demo/src/install/share/vrx_gz/models/short_navigation_course_0/model.sdf
[0.430s] -- Up-to-date: /home/mrxiuer/project/毕设/demo/src/install/share/vrx_gz/models/short_course_2023_phase3_2
[0.430s] -- Up-to-date: /home/mrxiuer/project/毕设/demo/src/install/share/vrx_gz/models/short_course_2023_phase3_2/model.config
[0.430s] -- Up-to-date: /home/mrxiuer/project/毕设/demo/src/install/share/vrx_gz/models/short_course_2023_phase3_2/model.sdf
[0.430s] -- Up-to-date: /home/mrxiuer/project/毕设/demo/src/install/share/vrx_gz/models/robotx_light_buoy_ygb
[0.430s] -- Up-to-date: /home/mrxiuer/project/毕设/demo/src/install/share/vrx_gz/models/robotx_light_buoy_ygb/model.config
[0.430s] -- Up-to-date: /home/mrxiuer/project/毕设/demo/src/install/share/vrx_gz/models/robotx_light_buoy_ygb/model.sdf
[0.430s] -- Up-to-date: /home/mrxiuer/project/毕设/demo/src/install/share/vrx_gz/models/short_course_2023_phase3_1
[0.430s] -- Up-to-date: /home/mrxiuer/project/毕设/demo/src/install/share/vrx_gz/models/short_course_2023_phase3_1/model.config
[0.430s] -- Up-to-date: /home/mrxiuer/project/毕设/demo/src/install/share/vrx_gz/models/short_course_2023_phase3_1/model.sdf
[0.430s] -- Up-to-date: /home/mrxiuer/project/毕设/demo/src/install/share/vrx_gz/models/short_navigation_course_1
[0.430s] -- Up-to-date: /home/mrxiuer/project/毕设/demo/src/install/share/vrx_gz/models/short_navigation_course_1/model.config
[0.430s] -- Up-to-date: /home/mrxiuer/project/毕设/demo/src/install/share/vrx_gz/models/short_navigation_course_1/model.sdf
[0.431s] -- Up-to-date: /home/mrxiuer/project/毕设/demo/src/install/share/vrx_gz/models/dock_block_4x4
[0.431s] -- Up-to-date: /home/mrxiuer/project/毕设/demo/src/install/share/vrx_gz/models/dock_block_4x4/mesh
[0.431s] -- Up-to-date: /home/mrxiuer/project/毕设/demo/src/install/share/vrx_gz/models/dock_block_4x4/mesh/DockCubes_Normal.png
[0.431s] -- Up-to-date: /home/mrxiuer/project/毕设/demo/src/install/share/vrx_gz/models/dock_block_4x4/mesh/DockCubes_Albedo.png
[0.431s] -- Up-to-date: /home/mrxiuer/project/毕设/demo/src/install/share/vrx_gz/models/dock_block_4x4/mesh/DockCubes_Roughness.png
[0.431s] -- Up-to-date: /home/mrxiuer/project/毕设/demo/src/install/share/vrx_gz/models/dock_block_4x4/mesh/dock_block_4x4.dae
[0.431s] -- Up-to-date: /home/mrxiuer/project/毕设/demo/src/install/share/vrx_gz/models/dock_block_4x4/mesh/DockCubes_Metalness.png
[0.431s] -- Up-to-date: /home/mrxiuer/project/毕设/demo/src/install/share/vrx_gz/models/dock_block_4x4/model.config
[0.431s] -- Up-to-date: /home/mrxiuer/project/毕设/demo/src/install/share/vrx_gz/models/dock_block_4x4/model.sdf
[0.431s] -- Up-to-date: /home/mrxiuer/project/毕设/demo/src/install/share/vrx_gz/models/roboboat01
[0.431s] -- Up-to-date: /home/mrxiuer/project/毕设/demo/src/install/share/vrx_gz/models/roboboat01/model.config
[0.431s] -- Up-to-date: /home/mrxiuer/project/毕设/demo/src/install/share/vrx_gz/models/roboboat01/meshes
[0.432s] -- Up-to-date: /home/mrxiuer/project/毕设/demo/src/install/share/vrx_gz/models/roboboat01/meshes/roboboat01.dae
[0.432s] -- Up-to-date: /home/mrxiuer/project/毕设/demo/src/install/share/vrx_gz/models/roboboat01/meshes/prop.dae
[0.432s] -- Up-to-date: /home/mrxiuer/project/毕设/demo/src/install/share/vrx_gz/models/roboboat01/meshes/mount.dae
[0.432s] -- Up-to-date: /home/mrxiuer/project/毕设/demo/src/install/share/vrx_gz/models/roboboat01/meshes/housing.dae
[0.432s] -- Up-to-date: /home/mrxiuer/project/毕设/demo/src/install/share/vrx_gz/models/roboboat01/materials
[0.432s] -- Up-to-date: /home/mrxiuer/project/毕设/demo/src/install/share/vrx_gz/models/roboboat01/materials/scripts
[0.432s] -- Up-to-date: /home/mrxiuer/project/毕设/demo/src/install/share/vrx_gz/models/roboboat01/materials/scripts/model.material
[0.432s] -- Up-to-date: /home/mrxiuer/project/毕设/demo/src/install/share/vrx_gz/models/roboboat01/materials/textures
[0.432s] -- Up-to-date: /home/mrxiuer/project/毕设/demo/src/install/share/vrx_gz/models/roboboat01/materials/textures/Boat01_Metallic.png
[0.432s] -- Up-to-date: /home/mrxiuer/project/毕设/demo/src/install/share/vrx_gz/models/roboboat01/materials/textures/Thruster_Roughness.png
[0.432s] -- Up-to-date: /home/mrxiuer/project/毕设/demo/src/install/share/vrx_gz/models/roboboat01/materials/textures/Boat01_Normal.png
[0.432s] -- Up-to-date: /home/mrxiuer/project/毕设/demo/src/install/share/vrx_gz/models/roboboat01/materials/textures/Boat01_Roughness.png
[0.432s] -- Up-to-date: /home/mrxiuer/project/毕设/demo/src/install/share/vrx_gz/models/roboboat01/materials/textures/Thruster_Albedo.png
[0.432s] -- Up-to-date: /home/mrxiuer/project/毕设/demo/src/install/share/vrx_gz/models/roboboat01/materials/textures/Boat01_Albedo.png
[0.432s] -- Up-to-date: /home/mrxiuer/project/毕设/demo/src/install/share/vrx_gz/models/roboboat01/model.sdf
[0.432s] -- Up-to-date: /home/mrxiuer/project/毕设/demo/src/install/share/vrx_gz/models/robotx_light_buoy_bgr
[0.432s] -- Up-to-date: /home/mrxiuer/project/毕设/demo/src/install/share/vrx_gz/models/robotx_light_buoy_bgr/model.config
[0.432s] -- Up-to-date: /home/mrxiuer/project/毕设/demo/src/install/share/vrx_gz/models/robotx_light_buoy_bgr/model.sdf
[0.433s] -- Up-to-date: /home/mrxiuer/project/毕设/demo/src/install/share/vrx_gz/worlds
[0.433s] -- Up-to-date: /home/mrxiuer/project/毕设/demo/src/install/share/vrx_gz/worlds/gymkhana_task.sdf
[0.433s] -- Up-to-date: /home/mrxiuer/project/毕设/demo/src/install/share/vrx_gz/worlds/perception_task.sdf
[0.433s] -- Up-to-date: /home/mrxiuer/project/毕设/demo/src/install/share/vrx_gz/worlds/scan_dock_deliver_task.sdf
[0.433s] -- Up-to-date: /home/mrxiuer/project/毕设/demo/src/install/share/vrx_gz/worlds/follow_path_task.sdf
[0.433s] -- Up-to-date: /home/mrxiuer/project/毕设/demo/src/install/share/vrx_gz/worlds/sydney_regatta.sdf
[0.433s] -- Up-to-date: /home/mrxiuer/project/毕设/demo/src/install/share/vrx_gz/worlds/stationkeeping_task.sdf
[0.433s] -- Installing: /home/mrxiuer/project/毕设/demo/src/install/share/vrx_gz/worlds/wayfinding_task2.sdf
[0.433s] -- Up-to-date: /home/mrxiuer/project/毕设/demo/src/install/share/vrx_gz/worlds/2023_practice
[0.433s] -- Up-to-date: /home/mrxiuer/project/毕设/demo/src/install/share/vrx_gz/worlds/2023_practice/practice_2023_perception1_task.sdf
[0.433s] -- Up-to-date: /home/mrxiuer/project/毕设/demo/src/install/share/vrx_gz/worlds/2023_practice/practice_2023_acoustic_perception1_task.sdf
[0.433s] -- Up-to-date: /home/mrxiuer/project/毕设/demo/src/install/share/vrx_gz/worlds/2023_practice/practice_2023_wildlife1_task.sdf
[0.433s] -- Up-to-date: /home/mrxiuer/project/毕设/demo/src/install/share/vrx_gz/worlds/2023_practice/practice_2023_follow_path1_task.sdf
[0.433s] -- Up-to-date: /home/mrxiuer/project/毕设/demo/src/install/share/vrx_gz/worlds/2023_practice/practice_2023_stationkeeping0_task.sdf
[0.433s] -- Up-to-date: /home/mrxiuer/project/毕设/demo/src/install/share/vrx_gz/worlds/2023_practice/practice_2023_scan_dock_deliver0_task.sdf
[0.433s] -- Up-to-date: /home/mrxiuer/project/毕设/demo/src/install/share/vrx_gz/worlds/2023_practice/practice_2023_wildlife2_task.sdf
[0.433s] -- Up-to-date: /home/mrxiuer/project/毕设/demo/src/install/share/vrx_gz/worlds/2023_practice/practice_2023_acoustic_tracking2_task.sdf
[0.433s] -- Up-to-date: /home/mrxiuer/project/毕设/demo/src/install/share/vrx_gz/worlds/2023_practice/practice_2023_scan_dock_deliver1_task.sdf
[0.433s] -- Up-to-date: /home/mrxiuer/project/毕设/demo/src/install/share/vrx_gz/worlds/2023_practice/practice_2023_perception0_task.sdf
[0.434s] -- Up-to-date: /home/mrxiuer/project/毕设/demo/src/install/share/vrx_gz/worlds/2023_practice/practice_2023_follow_path0_task.sdf
[0.434s] -- Up-to-date: /home/mrxiuer/project/毕设/demo/src/install/share/vrx_gz/worlds/2023_practice/practice_2023_acoustic_perception0_task.sdf
[0.434s] -- Up-to-date: /home/mrxiuer/project/毕设/demo/src/install/share/vrx_gz/worlds/2023_practice/practice_2023_acoustic_tracking1_task.sdf
[0.434s] -- Up-to-date: /home/mrxiuer/project/毕设/demo/src/install/share/vrx_gz/worlds/2023_practice/practice_2023_acoustic_tracking0_task.sdf
[0.434s] -- Up-to-date: /home/mrxiuer/project/毕设/demo/src/install/share/vrx_gz/worlds/2023_practice/practice_2023_wayfinding1_task.sdf
[0.434s] -- Up-to-date: /home/mrxiuer/project/毕设/demo/src/install/share/vrx_gz/worlds/2023_practice/practice_2023_stationkeeping2_task.sdf
[0.434s] -- Up-to-date: /home/mrxiuer/project/毕设/demo/src/install/share/vrx_gz/worlds/2023_practice/practice_2023_scan_dock_deliver2_task.sdf
[0.434s] -- Up-to-date: /home/mrxiuer/project/毕设/demo/src/install/share/vrx_gz/worlds/2023_practice/practice_2023_wayfinding0_task.sdf
[0.434s] -- Up-to-date: /home/mrxiuer/project/毕设/demo/src/install/share/vrx_gz/worlds/2023_practice/practice_2023_follow_path2_task.sdf
[0.434s] -- Up-to-date: /home/mrxiuer/project/毕设/demo/src/install/share/vrx_gz/worlds/2023_practice/practice_2023_acoustic_perception2_task.sdf
[0.434s] -- Up-to-date: /home/mrxiuer/project/毕设/demo/src/install/share/vrx_gz/worlds/2023_practice/practice_2023_stationkeeping1_task.sdf
[0.434s] -- Up-to-date: /home/mrxiuer/project/毕设/demo/src/install/share/vrx_gz/worlds/2023_practice/practice_2023_wildlife0_task.sdf
[0.434s] -- Up-to-date: /home/mrxiuer/project/毕设/demo/src/install/share/vrx_gz/worlds/2023_practice/practice_2023_perception2_task.sdf
[0.434s] -- Up-to-date: /home/mrxiuer/project/毕设/demo/src/install/share/vrx_gz/worlds/2023_practice/practice_2023_wayfinding2_task.sdf
[0.434s] -- Up-to-date: /home/mrxiuer/project/毕设/demo/src/install/share/vrx_gz/worlds/navigation_task.sdf
[0.434s] -- Up-to-date: /home/mrxiuer/project/毕设/demo/src/install/share/vrx_gz/worlds/wildlife_task.sdf
[0.434s] -- Up-to-date: /home/mrxiuer/project/毕设/demo/src/install/share/vrx_gz/worlds/acoustic_perception_task.sdf
[0.434s] -- Up-to-date: /home/mrxiuer/project/毕设/demo/src/install/share/vrx_gz/worlds/wayfinding_task.sdf
[0.434s] -- Up-to-date: /home/mrxiuer/project/毕设/demo/src/install/share/vrx_gz/worlds/nbpark.sdf
[0.435s] -- Up-to-date: /home/mrxiuer/project/毕设/demo/src/install/share/vrx_gz/worlds/acoustic_tracking_task.sdf
[0.435s] -- Up-to-date: /home/mrxiuer/project/毕设/demo/src/install/share/ament_index/resource_index/package_run_dependencies/vrx_gz
[0.435s] -- Up-to-date: /home/mrxiuer/project/毕设/demo/src/install/share/ament_index/resource_index/parent_prefix_path/vrx_gz
[0.435s] -- Up-to-date: /home/mrxiuer/project/毕设/demo/src/install/share/vrx_gz/environment/ament_prefix_path.sh
[0.435s] -- Up-to-date: /home/mrxiuer/project/毕设/demo/src/install/share/vrx_gz/environment/ament_prefix_path.dsv
[0.435s] -- Up-to-date: /home/mrxiuer/project/毕设/demo/src/install/share/vrx_gz/environment/path.sh
[0.435s] -- Up-to-date: /home/mrxiuer/project/毕设/demo/src/install/share/vrx_gz/environment/path.dsv
[0.435s] -- Up-to-date: /home/mrxiuer/project/毕设/demo/src/install/share/vrx_gz/local_setup.bash
[0.435s] -- Up-to-date: /home/mrxiuer/project/毕设/demo/src/install/share/vrx_gz/local_setup.sh
[0.435s] -- Up-to-date: /home/mrxiuer/project/毕设/demo/src/install/share/vrx_gz/local_setup.zsh
[0.435s] -- Up-to-date: /home/mrxiuer/project/毕设/demo/src/install/share/vrx_gz/local_setup.dsv
[0.435s] -- Installing: /home/mrxiuer/project/毕设/demo/src/install/share/vrx_gz/package.dsv
[0.435s] -- Up-to-date: /home/mrxiuer/project/毕设/demo/src/install/share/ament_index/resource_index/packages/vrx_gz
[0.435s] -- Up-to-date: /home/mrxiuer/project/毕设/demo/src/install/share/vrx_gz/cmake/vrx_gzConfig.cmake
[0.435s] -- Up-to-date: /home/mrxiuer/project/毕设/demo/src/install/share/vrx_gz/cmake/vrx_gzConfig-version.cmake
[0.435s] -- Up-to-date: /home/mrxiuer/project/毕设/demo/src/install/share/vrx_gz/package.xml
[0.436s] Invoked command in '/home/mrxiuer/project/毕设/demo/src/build/vrx_gz' returned '0': CMAKE_PREFIX_PATH=${CMAKE_PREFIX_PATH}:/opt/ros/humble LD_LIBRARY_PATH=/home/mrxiuer/project/毕设/demo/src/install/lib:/usr/local/lib:/opt/ros/humble/opt/rviz_ogre_vendor/lib:/opt/ros/humble/lib/x86_64-linux-gnu:/opt/ros/humble/lib /usr/bin/cmake --install /home/mrxiuer/project/毕设/demo/src/build/vrx_gz
