[0.008s] Invoking command in '/home/mrxiuer/project/毕设/demo/src/build/wamv_description': AMENT_PREFIX_PATH=/home/mrxiuer/project/毕设/demo/src/install:${AMENT_PREFIX_PATH} CMAKE_PREFIX_PATH=/home/mrxiuer/project/毕设/demo/src/install:/opt/ros/humble GZ_SIM_RESOURCE_PATH=/home/mrxiuer/project/毕设/demo/src/install/share/vrx_gazebo/models:/home/mrxiuer/project/毕设/demo/src/install/share PYTHONPATH=/home/mrxiuer/project/毕设/demo/src/install/local/lib/python3.10/dist-packages:${PYTHONPATH} /usr/bin/cmake /home/mrxiuer/project/毕设/demo/src/vrx/vrx_urdf/wamv_description -DCMAKE_INSTALL_PREFIX=/home/mrxiuer/project/毕设/demo/src/install
[0.056s] -- The C compiler identification is GNU 11.4.0
[0.104s] -- The CXX compiler identification is GNU 11.4.0
[0.111s] -- Detecting C compiler ABI info
[0.172s] -- Detecting C compiler ABI info - done
[0.177s] -- Check for working C compiler: /usr/bin/cc - skipped
[0.177s] -- Detecting C compile features
[0.178s] -- Detecting C compile features - done
[0.180s] -- Detecting CXX compiler ABI info
[0.249s] -- Detecting CXX compiler ABI info - done
[0.254s] -- Check for working CXX compiler: /usr/bin/c++ - skipped
[0.254s] -- Detecting CXX compile features
[0.255s] -- Detecting CXX compile features - done
[0.257s] -- Found ament_cmake: 1.3.11 (/opt/ros/humble/share/ament_cmake/cmake)
[0.381s] -- Found Python3: /usr/bin/python3 (found version "3.10.12") found components: Interpreter 
[0.454s] -- Found xacro: 2.0.13 (/opt/ros/humble/share/xacro/cmake)
[0.455s] -- xacro: determining deps for: urdf/wamv_base.urdf.xacro ...
[0.591s] -- Configuring done
[0.594s] -- Generating done
[0.596s] -- Build files have been written to: /home/mrxiuer/project/毕设/demo/src/build/wamv_description
[0.599s] Invoked command in '/home/mrxiuer/project/毕设/demo/src/build/wamv_description' returned '0': AMENT_PREFIX_PATH=/home/mrxiuer/project/毕设/demo/src/install:${AMENT_PREFIX_PATH} CMAKE_PREFIX_PATH=/home/mrxiuer/project/毕设/demo/src/install:/opt/ros/humble GZ_SIM_RESOURCE_PATH=/home/mrxiuer/project/毕设/demo/src/install/share/vrx_gazebo/models:/home/mrxiuer/project/毕设/demo/src/install/share PYTHONPATH=/home/mrxiuer/project/毕设/demo/src/install/local/lib/python3.10/dist-packages:${PYTHONPATH} /usr/bin/cmake /home/mrxiuer/project/毕设/demo/src/vrx/vrx_urdf/wamv_description -DCMAKE_INSTALL_PREFIX=/home/mrxiuer/project/毕设/demo/src/install
[0.601s] Invoking command in '/home/mrxiuer/project/毕设/demo/src/build/wamv_description': AMENT_PREFIX_PATH=/home/mrxiuer/project/毕设/demo/src/install:${AMENT_PREFIX_PATH} CMAKE_PREFIX_PATH=/home/mrxiuer/project/毕设/demo/src/install:/opt/ros/humble GZ_SIM_RESOURCE_PATH=/home/mrxiuer/project/毕设/demo/src/install/share/vrx_gazebo/models:/home/mrxiuer/project/毕设/demo/src/install/share PYTHONPATH=/home/mrxiuer/project/毕设/demo/src/install/local/lib/python3.10/dist-packages:${PYTHONPATH} /usr/bin/cmake --build /home/mrxiuer/project/毕设/demo/src/build/wamv_description -- -j16 -l16
[0.643s] [100%] [34m[1mxacro: generating urdf/wamv_base.urdf from urdf/wamv_base.urdf.xacro[0m
[0.730s] [100%] Built target wamv_description__xacro_auto_generate
[0.741s] Invoked command in '/home/mrxiuer/project/毕设/demo/src/build/wamv_description' returned '0': AMENT_PREFIX_PATH=/home/mrxiuer/project/毕设/demo/src/install:${AMENT_PREFIX_PATH} CMAKE_PREFIX_PATH=/home/mrxiuer/project/毕设/demo/src/install:/opt/ros/humble GZ_SIM_RESOURCE_PATH=/home/mrxiuer/project/毕设/demo/src/install/share/vrx_gazebo/models:/home/mrxiuer/project/毕设/demo/src/install/share PYTHONPATH=/home/mrxiuer/project/毕设/demo/src/install/local/lib/python3.10/dist-packages:${PYTHONPATH} /usr/bin/cmake --build /home/mrxiuer/project/毕设/demo/src/build/wamv_description -- -j16 -l16
[0.742s] Invoking command in '/home/mrxiuer/project/毕设/demo/src/build/wamv_description': AMENT_PREFIX_PATH=/home/mrxiuer/project/毕设/demo/src/install:${AMENT_PREFIX_PATH} CMAKE_PREFIX_PATH=/home/mrxiuer/project/毕设/demo/src/install:/opt/ros/humble GZ_SIM_RESOURCE_PATH=/home/mrxiuer/project/毕设/demo/src/install/share/vrx_gazebo/models:/home/mrxiuer/project/毕设/demo/src/install/share PYTHONPATH=/home/mrxiuer/project/毕设/demo/src/install/local/lib/python3.10/dist-packages:${PYTHONPATH} /usr/bin/cmake --install /home/mrxiuer/project/毕设/demo/src/build/wamv_description
[0.749s] -- Install configuration: ""
[0.749s] -- Installing: /home/mrxiuer/project/毕设/demo/src/install/share/wamv_description/environment/resource_paths.dsv
[0.749s] -- Installing: /home/mrxiuer/project/毕设/demo/src/install/share/wamv_description/environment/resource_paths.sh
[0.749s] -- Installing: /home/mrxiuer/project/毕设/demo/src/install/share/wamv_description/urdf/wamv_base.urdf
[0.749s] -- Installing: /home/mrxiuer/project/毕设/demo/src/install/share/wamv_description/models
[0.749s] -- Installing: /home/mrxiuer/project/毕设/demo/src/install/share/wamv_description/models/propeller
[0.749s] -- Installing: /home/mrxiuer/project/毕设/demo/src/install/share/wamv_description/models/propeller/mesh
[0.749s] -- Installing: /home/mrxiuer/project/毕设/demo/src/install/share/wamv_description/models/propeller/mesh/propeller.dae
[0.750s] -- Installing: /home/mrxiuer/project/毕设/demo/src/install/share/wamv_description/models/propeller/model.config
[0.750s] -- Installing: /home/mrxiuer/project/毕设/demo/src/install/share/wamv_description/models/WAM-V-Base
[0.750s] -- Installing: /home/mrxiuer/project/毕设/demo/src/install/share/wamv_description/models/WAM-V-Base/mesh
[0.750s] -- Installing: /home/mrxiuer/project/毕设/demo/src/install/share/wamv_description/models/WAM-V-Base/mesh/WamV.png
[0.753s] -- Installing: /home/mrxiuer/project/毕设/demo/src/install/share/wamv_description/models/WAM-V-Base/mesh/WAM-V_Metalness.png
[0.754s] -- Installing: /home/mrxiuer/project/毕设/demo/src/install/share/wamv_description/models/WAM-V-Base/mesh/WAM-V_Normal.png
[0.760s] -- Installing: /home/mrxiuer/project/毕设/demo/src/install/share/wamv_description/models/WAM-V-Base/mesh/WAM-V_Roughness.png
[0.765s] -- Installing: /home/mrxiuer/project/毕设/demo/src/install/share/wamv_description/models/WAM-V-Base/mesh/WAM-V-Base.dae
[0.766s] -- Installing: /home/mrxiuer/project/毕设/demo/src/install/share/wamv_description/models/WAM-V-Base/mesh/WAM-V_Albedo.png
[0.774s] -- Installing: /home/mrxiuer/project/毕设/demo/src/install/share/wamv_description/models/WAM-V-Base/model.config
[0.774s] -- Installing: /home/mrxiuer/project/毕设/demo/src/install/share/wamv_description/models/engine
[0.775s] -- Installing: /home/mrxiuer/project/毕设/demo/src/install/share/wamv_description/models/engine/mesh
[0.775s] -- Installing: /home/mrxiuer/project/毕设/demo/src/install/share/wamv_description/models/engine/mesh/engine.dae
[0.775s] -- Installing: /home/mrxiuer/project/毕设/demo/src/install/share/wamv_description/models/engine/model.config
[0.775s] -- Up-to-date: /home/mrxiuer/project/毕设/demo/src/install/share/wamv_description/urdf
[0.775s] -- Installing: /home/mrxiuer/project/毕设/demo/src/install/share/wamv_description/urdf/thrusters
[0.775s] -- Installing: /home/mrxiuer/project/毕设/demo/src/install/share/wamv_description/urdf/thrusters/engine.xacro
[0.776s] -- Installing: /home/mrxiuer/project/毕设/demo/src/install/share/wamv_description/urdf/wamv_base.urdf.xacro
[0.776s] -- Installing: /home/mrxiuer/project/毕设/demo/src/install/share/wamv_description/urdf/cpu_cases.xacro
[0.776s] -- Installing: /home/mrxiuer/project/毕设/demo/src/install/share/wamv_description/urdf/battery.xacro
[0.776s] -- Installing: /home/mrxiuer/project/毕设/demo/src/install/share/ament_index/resource_index/package_run_dependencies/wamv_description
[0.776s] -- Installing: /home/mrxiuer/project/毕设/demo/src/install/share/ament_index/resource_index/parent_prefix_path/wamv_description
[0.776s] -- Installing: /home/mrxiuer/project/毕设/demo/src/install/share/wamv_description/environment/ament_prefix_path.sh
[0.777s] -- Installing: /home/mrxiuer/project/毕设/demo/src/install/share/wamv_description/environment/ament_prefix_path.dsv
[0.777s] -- Installing: /home/mrxiuer/project/毕设/demo/src/install/share/wamv_description/environment/path.sh
[0.777s] -- Installing: /home/mrxiuer/project/毕设/demo/src/install/share/wamv_description/environment/path.dsv
[0.777s] -- Installing: /home/mrxiuer/project/毕设/demo/src/install/share/wamv_description/local_setup.bash
[0.777s] -- Installing: /home/mrxiuer/project/毕设/demo/src/install/share/wamv_description/local_setup.sh
[0.777s] -- Installing: /home/mrxiuer/project/毕设/demo/src/install/share/wamv_description/local_setup.zsh
[0.777s] -- Installing: /home/mrxiuer/project/毕设/demo/src/install/share/wamv_description/local_setup.dsv
[0.777s] -- Installing: /home/mrxiuer/project/毕设/demo/src/install/share/wamv_description/package.dsv
[0.778s] -- Installing: /home/mrxiuer/project/毕设/demo/src/install/share/ament_index/resource_index/packages/wamv_description
[0.778s] -- Installing: /home/mrxiuer/project/毕设/demo/src/install/share/wamv_description/cmake/wamv_descriptionConfig.cmake
[0.778s] -- Installing: /home/mrxiuer/project/毕设/demo/src/install/share/wamv_description/cmake/wamv_descriptionConfig-version.cmake
[0.778s] -- Installing: /home/mrxiuer/project/毕设/demo/src/install/share/wamv_description/package.xml
[0.780s] Invoked command in '/home/mrxiuer/project/毕设/demo/src/build/wamv_description' returned '0': AMENT_PREFIX_PATH=/home/mrxiuer/project/毕设/demo/src/install:${AMENT_PREFIX_PATH} CMAKE_PREFIX_PATH=/home/mrxiuer/project/毕设/demo/src/install:/opt/ros/humble GZ_SIM_RESOURCE_PATH=/home/mrxiuer/project/毕设/demo/src/install/share/vrx_gazebo/models:/home/mrxiuer/project/毕设/demo/src/install/share PYTHONPATH=/home/mrxiuer/project/毕设/demo/src/install/local/lib/python3.10/dist-packages:${PYTHONPATH} /usr/bin/cmake --install /home/mrxiuer/project/毕设/demo/src/build/wamv_description
