[  2%] [32mBuilding CXX object CMakeFiles/target_point_plugin.dir/src/target_point.cc.o[0m
[ 10%] Built target ScoringPlugin
[ 10%] Built target Waves
[ 10%] Built target ament_cmake_python_copy_vrx_gz
[ 14%] Built target GymkhanaScoringPlugin
[ 20%] Built target AcousticPerceptionScoringPlugin
[ 30%] Built target AcousticTrackingScoringPlugin
[ 32%] Built target WayfindingScoringPlugin
[ 40%] Built target PolyhedraBuoyancyDrag
[ 48%] Built target AcousticPingerPlugin
[ 52%] Built target LightBuoyPlugin
[ 46%] Built target BallShooterPlugin
[ 64%] Built target StationkeepingScoringPlugin
[ 64%] Built target NavigationScoringPlugin
[ 66%] Built target PerceptionScoringPlugin
[ 70%] Built target PlacardPlugin
[ 74%] Built target PublisherPlugin
[ 78%] Built target ScanDockScoringPlugin
[ 82%] Built target SimpleHydrodynamics
[ 86%] Built target Surface
[ 90%] Built target WildlifeScoringPlugin
[ 94%] Built target USVWind
[ 98%] Built target WaveVisual
running egg_info
writing vrx_gz.egg-info/PKG-INFO
writing dependency_links to vrx_gz.egg-info/dependency_links.txt
writing top-level names to vrx_gz.egg-info/top_level.txt
reading manifest file 'vrx_gz.egg-info/SOURCES.txt'
writing manifest file 'vrx_gz.egg-info/SOURCES.txt'
[ 98%] Built target ament_cmake_python_build_vrx_gz_egg
