[0.141s] DEBUG:colcon:Command line arguments: ['/usr/bin/colcon', 'build', '--merge-install']
[0.141s] DEBUG:colcon:Parsed command line arguments: Namespace(log_base=None, log_level=None, verb_name='build', build_base='build', install_base='install', merge_install=True, symlink_install=False, test_result_base=None, continue_on_error=False, executor='parallel', parallel_workers=16, event_handlers=None, ignore_user_meta=False, metas=['./colcon.meta'], base_paths=['.'], packages_ignore=None, packages_ignore_regex=None, paths=None, packages_up_to=None, packages_up_to_regex=None, packages_above=None, packages_above_and_dependencies=None, packages_above_depth=None, packages_select_by_dep=None, packages_skip_by_dep=None, packages_skip_up_to=None, packages_select_build_failed=False, packages_skip_build_finished=False, packages_select_test_failures=False, packages_skip_test_passed=False, packages_select=None, packages_skip=None, packages_select_regex=None, packages_skip_regex=None, packages_start=None, packages_end=None, allow_overriding=[], cmake_args=None, cmake_target=None, cmake_target_skip_unavailable=False, cmake_clean_cache=False, cmake_clean_first=False, cmake_force_configure=False, ament_cmake_args=None, catkin_cmake_args=None, catkin_skip_building_tests=False, mixin_files=None, mixin=None, verb_parser=<colcon_mixin.mixin.mixin_argument.MixinArgumentDecorator object at 0x712c1f45e830>, verb_extension=<colcon_core.verb.build.BuildVerb object at 0x712c1f56b7f0>, main=<bound method BuildVerb.main of <colcon_core.verb.build.BuildVerb object at 0x712c1f56b7f0>>, mixin_verb=('build',))
[0.352s] Level 1:colcon.colcon_core.package_discovery:discover_packages(colcon_meta) check parameters
[0.353s] Level 1:colcon.colcon_core.package_discovery:discover_packages(recursive) check parameters
[0.353s] Level 1:colcon.colcon_core.package_discovery:discover_packages(ignore) check parameters
[0.353s] Level 1:colcon.colcon_core.package_discovery:discover_packages(path) check parameters
[0.353s] Level 1:colcon.colcon_core.package_discovery:discover_packages(colcon_meta) discover
[0.353s] Level 1:colcon.colcon_core.package_discovery:discover_packages(recursive) discover
[0.353s] INFO:colcon.colcon_core.package_discovery:Crawling recursively for packages in '/home/mrxiuer/project/毕设/demo/src'
[0.353s] Level 1:colcon.colcon_core.package_identification:_identify(.) by extensions ['ignore', 'ignore_ament_install']
[0.353s] Level 1:colcon.colcon_core.package_identification:_identify(.) by extension 'ignore'
[0.353s] Level 1:colcon.colcon_core.package_identification:_identify(.) by extension 'ignore_ament_install'
[0.353s] Level 1:colcon.colcon_core.package_identification:_identify(.) by extensions ['colcon_pkg']
[0.353s] Level 1:colcon.colcon_core.package_identification:_identify(.) by extension 'colcon_pkg'
[0.353s] Level 1:colcon.colcon_core.package_identification:_identify(.) by extensions ['colcon_meta']
[0.353s] Level 1:colcon.colcon_core.package_identification:_identify(.) by extension 'colcon_meta'
[0.353s] Level 1:colcon.colcon_core.package_identification:_identify(.) by extensions ['ros']
[0.353s] Level 1:colcon.colcon_core.package_identification:_identify(.) by extension 'ros'
[0.378s] Level 1:colcon.colcon_core.package_identification:_identify(.) by extensions ['cmake', 'python']
[0.378s] Level 1:colcon.colcon_core.package_identification:_identify(.) by extension 'cmake'
[0.378s] Level 1:colcon.colcon_core.package_identification:_identify(.) by extension 'python'
[0.378s] Level 1:colcon.colcon_core.package_identification:_identify(.) by extensions ['python_setup_py']
[0.378s] Level 1:colcon.colcon_core.package_identification:_identify(.) by extension 'python_setup_py'
[0.379s] Level 1:colcon.colcon_core.package_identification:_identify(build) by extensions ['ignore', 'ignore_ament_install']
[0.379s] Level 1:colcon.colcon_core.package_identification:_identify(build) by extension 'ignore'
[0.379s] Level 1:colcon.colcon_core.package_identification:_identify(build) ignored
[0.379s] Level 1:colcon.colcon_core.package_identification:_identify(install) by extensions ['ignore', 'ignore_ament_install']
[0.379s] Level 1:colcon.colcon_core.package_identification:_identify(install) by extension 'ignore'
[0.379s] Level 1:colcon.colcon_core.package_identification:_identify(install) ignored
[0.379s] Level 1:colcon.colcon_core.package_identification:_identify(log) by extensions ['ignore', 'ignore_ament_install']
[0.379s] Level 1:colcon.colcon_core.package_identification:_identify(log) by extension 'ignore'
[0.379s] Level 1:colcon.colcon_core.package_identification:_identify(log) ignored
[0.380s] Level 1:colcon.colcon_core.package_identification:_identify(vrx) by extensions ['ignore', 'ignore_ament_install']
[0.380s] Level 1:colcon.colcon_core.package_identification:_identify(vrx) by extension 'ignore'
[0.380s] Level 1:colcon.colcon_core.package_identification:_identify(vrx) by extension 'ignore_ament_install'
[0.380s] Level 1:colcon.colcon_core.package_identification:_identify(vrx) by extensions ['colcon_pkg']
[0.380s] Level 1:colcon.colcon_core.package_identification:_identify(vrx) by extension 'colcon_pkg'
[0.380s] Level 1:colcon.colcon_core.package_identification:_identify(vrx) by extensions ['colcon_meta']
[0.380s] Level 1:colcon.colcon_core.package_identification:_identify(vrx) by extension 'colcon_meta'
[0.380s] Level 1:colcon.colcon_core.package_identification:_identify(vrx) by extensions ['ros']
[0.380s] Level 1:colcon.colcon_core.package_identification:_identify(vrx) by extension 'ros'
[0.380s] Level 1:colcon.colcon_core.package_identification:_identify(vrx) by extensions ['cmake', 'python']
[0.380s] Level 1:colcon.colcon_core.package_identification:_identify(vrx) by extension 'cmake'
[0.380s] Level 1:colcon.colcon_core.package_identification:_identify(vrx) by extension 'python'
[0.380s] Level 1:colcon.colcon_core.package_identification:_identify(vrx) by extensions ['python_setup_py']
[0.380s] Level 1:colcon.colcon_core.package_identification:_identify(vrx) by extension 'python_setup_py'
[0.380s] Level 1:colcon.colcon_core.package_identification:_identify(vrx/images) by extensions ['ignore', 'ignore_ament_install']
[0.380s] Level 1:colcon.colcon_core.package_identification:_identify(vrx/images) by extension 'ignore'
[0.381s] Level 1:colcon.colcon_core.package_identification:_identify(vrx/images) by extension 'ignore_ament_install'
[0.381s] Level 1:colcon.colcon_core.package_identification:_identify(vrx/images) by extensions ['colcon_pkg']
[0.381s] Level 1:colcon.colcon_core.package_identification:_identify(vrx/images) by extension 'colcon_pkg'
[0.381s] Level 1:colcon.colcon_core.package_identification:_identify(vrx/images) by extensions ['colcon_meta']
[0.381s] Level 1:colcon.colcon_core.package_identification:_identify(vrx/images) by extension 'colcon_meta'
[0.381s] Level 1:colcon.colcon_core.package_identification:_identify(vrx/images) by extensions ['ros']
[0.381s] Level 1:colcon.colcon_core.package_identification:_identify(vrx/images) by extension 'ros'
[0.381s] Level 1:colcon.colcon_core.package_identification:_identify(vrx/images) by extensions ['cmake', 'python']
[0.381s] Level 1:colcon.colcon_core.package_identification:_identify(vrx/images) by extension 'cmake'
[0.381s] Level 1:colcon.colcon_core.package_identification:_identify(vrx/images) by extension 'python'
[0.381s] Level 1:colcon.colcon_core.package_identification:_identify(vrx/images) by extensions ['python_setup_py']
[0.381s] Level 1:colcon.colcon_core.package_identification:_identify(vrx/images) by extension 'python_setup_py'
[0.381s] Level 1:colcon.colcon_core.package_identification:_identify(vrx/vrx_gz) by extensions ['ignore', 'ignore_ament_install']
[0.381s] Level 1:colcon.colcon_core.package_identification:_identify(vrx/vrx_gz) by extension 'ignore'
[0.381s] Level 1:colcon.colcon_core.package_identification:_identify(vrx/vrx_gz) by extension 'ignore_ament_install'
[0.381s] Level 1:colcon.colcon_core.package_identification:_identify(vrx/vrx_gz) by extensions ['colcon_pkg']
[0.381s] Level 1:colcon.colcon_core.package_identification:_identify(vrx/vrx_gz) by extension 'colcon_pkg'
[0.382s] Level 1:colcon.colcon_core.package_identification:_identify(vrx/vrx_gz) by extensions ['colcon_meta']
[0.382s] Level 1:colcon.colcon_core.package_identification:_identify(vrx/vrx_gz) by extension 'colcon_meta'
[0.382s] Level 1:colcon.colcon_core.package_identification:_identify(vrx/vrx_gz) by extensions ['ros']
[0.382s] Level 1:colcon.colcon_core.package_identification:_identify(vrx/vrx_gz) by extension 'ros'
[0.385s] DEBUG:colcon.colcon_core.package_identification:Package 'vrx/vrx_gz' with type 'ros.ament_cmake' and name 'vrx_gz'
[0.385s] Level 1:colcon.colcon_core.package_identification:_identify(vrx/vrx_ros) by extensions ['ignore', 'ignore_ament_install']
[0.385s] Level 1:colcon.colcon_core.package_identification:_identify(vrx/vrx_ros) by extension 'ignore'
[0.385s] Level 1:colcon.colcon_core.package_identification:_identify(vrx/vrx_ros) by extension 'ignore_ament_install'
[0.386s] Level 1:colcon.colcon_core.package_identification:_identify(vrx/vrx_ros) by extensions ['colcon_pkg']
[0.386s] Level 1:colcon.colcon_core.package_identification:_identify(vrx/vrx_ros) by extension 'colcon_pkg'
[0.386s] Level 1:colcon.colcon_core.package_identification:_identify(vrx/vrx_ros) by extensions ['colcon_meta']
[0.386s] Level 1:colcon.colcon_core.package_identification:_identify(vrx/vrx_ros) by extension 'colcon_meta'
[0.386s] Level 1:colcon.colcon_core.package_identification:_identify(vrx/vrx_ros) by extensions ['ros']
[0.386s] Level 1:colcon.colcon_core.package_identification:_identify(vrx/vrx_ros) by extension 'ros'
[0.387s] DEBUG:colcon.colcon_core.package_identification:Package 'vrx/vrx_ros' with type 'ros.ament_cmake' and name 'vrx_ros'
[0.387s] Level 1:colcon.colcon_core.package_identification:_identify(vrx/vrx_urdf) by extensions ['ignore', 'ignore_ament_install']
[0.387s] Level 1:colcon.colcon_core.package_identification:_identify(vrx/vrx_urdf) by extension 'ignore'
[0.387s] Level 1:colcon.colcon_core.package_identification:_identify(vrx/vrx_urdf) by extension 'ignore_ament_install'
[0.387s] Level 1:colcon.colcon_core.package_identification:_identify(vrx/vrx_urdf) by extensions ['colcon_pkg']
[0.387s] Level 1:colcon.colcon_core.package_identification:_identify(vrx/vrx_urdf) by extension 'colcon_pkg'
[0.387s] Level 1:colcon.colcon_core.package_identification:_identify(vrx/vrx_urdf) by extensions ['colcon_meta']
[0.387s] Level 1:colcon.colcon_core.package_identification:_identify(vrx/vrx_urdf) by extension 'colcon_meta'
[0.388s] Level 1:colcon.colcon_core.package_identification:_identify(vrx/vrx_urdf) by extensions ['ros']
[0.388s] Level 1:colcon.colcon_core.package_identification:_identify(vrx/vrx_urdf) by extension 'ros'
[0.388s] Level 1:colcon.colcon_core.package_identification:_identify(vrx/vrx_urdf) by extensions ['cmake', 'python']
[0.388s] Level 1:colcon.colcon_core.package_identification:_identify(vrx/vrx_urdf) by extension 'cmake'
[0.388s] Level 1:colcon.colcon_core.package_identification:_identify(vrx/vrx_urdf) by extension 'python'
[0.388s] Level 1:colcon.colcon_core.package_identification:_identify(vrx/vrx_urdf) by extensions ['python_setup_py']
[0.388s] Level 1:colcon.colcon_core.package_identification:_identify(vrx/vrx_urdf) by extension 'python_setup_py'
[0.388s] Level 1:colcon.colcon_core.package_identification:_identify(vrx/vrx_urdf/vrx_gazebo) by extensions ['ignore', 'ignore_ament_install']
[0.388s] Level 1:colcon.colcon_core.package_identification:_identify(vrx/vrx_urdf/vrx_gazebo) by extension 'ignore'
[0.388s] Level 1:colcon.colcon_core.package_identification:_identify(vrx/vrx_urdf/vrx_gazebo) by extension 'ignore_ament_install'
[0.388s] Level 1:colcon.colcon_core.package_identification:_identify(vrx/vrx_urdf/vrx_gazebo) by extensions ['colcon_pkg']
[0.388s] Level 1:colcon.colcon_core.package_identification:_identify(vrx/vrx_urdf/vrx_gazebo) by extension 'colcon_pkg'
[0.388s] Level 1:colcon.colcon_core.package_identification:_identify(vrx/vrx_urdf/vrx_gazebo) by extensions ['colcon_meta']
[0.388s] Level 1:colcon.colcon_core.package_identification:_identify(vrx/vrx_urdf/vrx_gazebo) by extension 'colcon_meta'
[0.388s] Level 1:colcon.colcon_core.package_identification:_identify(vrx/vrx_urdf/vrx_gazebo) by extensions ['ros']
[0.388s] Level 1:colcon.colcon_core.package_identification:_identify(vrx/vrx_urdf/vrx_gazebo) by extension 'ros'
[0.390s] DEBUG:colcon.colcon_core.package_identification:Package 'vrx/vrx_urdf/vrx_gazebo' with type 'ros.ament_cmake' and name 'vrx_gazebo'
[0.390s] Level 1:colcon.colcon_core.package_identification:_identify(vrx/vrx_urdf/wamv_description) by extensions ['ignore', 'ignore_ament_install']
[0.391s] Level 1:colcon.colcon_core.package_identification:_identify(vrx/vrx_urdf/wamv_description) by extension 'ignore'
[0.391s] Level 1:colcon.colcon_core.package_identification:_identify(vrx/vrx_urdf/wamv_description) by extension 'ignore_ament_install'
[0.391s] Level 1:colcon.colcon_core.package_identification:_identify(vrx/vrx_urdf/wamv_description) by extensions ['colcon_pkg']
[0.391s] Level 1:colcon.colcon_core.package_identification:_identify(vrx/vrx_urdf/wamv_description) by extension 'colcon_pkg'
[0.391s] Level 1:colcon.colcon_core.package_identification:_identify(vrx/vrx_urdf/wamv_description) by extensions ['colcon_meta']
[0.391s] Level 1:colcon.colcon_core.package_identification:_identify(vrx/vrx_urdf/wamv_description) by extension 'colcon_meta'
[0.391s] Level 1:colcon.colcon_core.package_identification:_identify(vrx/vrx_urdf/wamv_description) by extensions ['ros']
[0.391s] Level 1:colcon.colcon_core.package_identification:_identify(vrx/vrx_urdf/wamv_description) by extension 'ros'
[0.392s] DEBUG:colcon.colcon_core.package_identification:Package 'vrx/vrx_urdf/wamv_description' with type 'ros.ament_cmake' and name 'wamv_description'
[0.392s] Level 1:colcon.colcon_core.package_identification:_identify(vrx/vrx_urdf/wamv_gazebo) by extensions ['ignore', 'ignore_ament_install']
[0.392s] Level 1:colcon.colcon_core.package_identification:_identify(vrx/vrx_urdf/wamv_gazebo) by extension 'ignore'
[0.392s] Level 1:colcon.colcon_core.package_identification:_identify(vrx/vrx_urdf/wamv_gazebo) by extension 'ignore_ament_install'
[0.392s] Level 1:colcon.colcon_core.package_identification:_identify(vrx/vrx_urdf/wamv_gazebo) by extensions ['colcon_pkg']
[0.392s] Level 1:colcon.colcon_core.package_identification:_identify(vrx/vrx_urdf/wamv_gazebo) by extension 'colcon_pkg'
[0.392s] Level 1:colcon.colcon_core.package_identification:_identify(vrx/vrx_urdf/wamv_gazebo) by extensions ['colcon_meta']
[0.392s] Level 1:colcon.colcon_core.package_identification:_identify(vrx/vrx_urdf/wamv_gazebo) by extension 'colcon_meta'
[0.392s] Level 1:colcon.colcon_core.package_identification:_identify(vrx/vrx_urdf/wamv_gazebo) by extensions ['ros']
[0.392s] Level 1:colcon.colcon_core.package_identification:_identify(vrx/vrx_urdf/wamv_gazebo) by extension 'ros'
[0.393s] DEBUG:colcon.colcon_core.package_identification:Package 'vrx/vrx_urdf/wamv_gazebo' with type 'ros.ament_cmake' and name 'wamv_gazebo'
[0.393s] Level 1:colcon.colcon_core.package_discovery:discover_packages(recursive) using defaults
[0.393s] Level 1:colcon.colcon_core.package_discovery:discover_packages(ignore) discover
[0.393s] Level 1:colcon.colcon_core.package_discovery:discover_packages(ignore) using defaults
[0.393s] Level 1:colcon.colcon_core.package_discovery:discover_packages(path) discover
[0.393s] Level 1:colcon.colcon_core.package_discovery:discover_packages(path) using defaults
[0.428s] Level 1:colcon.colcon_core.package_discovery:discover_packages(prefix_path) check parameters
[0.428s] Level 1:colcon.colcon_core.package_discovery:discover_packages(prefix_path) discover
[0.431s] DEBUG:colcon.colcon_installed_package_information.package_discovery:Found 5 installed packages in /home/mrxiuer/project/毕设/demo/src/install
[0.433s] DEBUG:colcon.colcon_installed_package_information.package_discovery:Found 379 installed packages in /opt/ros/humble
[0.435s] Level 1:colcon.colcon_core.package_discovery:discover_packages(prefix_path) using defaults
[0.488s] Level 5:colcon.colcon_core.verb:set package 'vrx_gazebo' build argument 'cmake_args' from command line to 'None'
[0.488s] Level 5:colcon.colcon_core.verb:set package 'vrx_gazebo' build argument 'cmake_target' from command line to 'None'
[0.488s] Level 5:colcon.colcon_core.verb:set package 'vrx_gazebo' build argument 'cmake_target_skip_unavailable' from command line to 'False'
[0.488s] Level 5:colcon.colcon_core.verb:set package 'vrx_gazebo' build argument 'cmake_clean_cache' from command line to 'False'
[0.488s] Level 5:colcon.colcon_core.verb:set package 'vrx_gazebo' build argument 'cmake_clean_first' from command line to 'False'
[0.488s] Level 5:colcon.colcon_core.verb:set package 'vrx_gazebo' build argument 'cmake_force_configure' from command line to 'False'
[0.488s] Level 5:colcon.colcon_core.verb:set package 'vrx_gazebo' build argument 'ament_cmake_args' from command line to 'None'
[0.488s] Level 5:colcon.colcon_core.verb:set package 'vrx_gazebo' build argument 'catkin_cmake_args' from command line to 'None'
[0.488s] Level 5:colcon.colcon_core.verb:set package 'vrx_gazebo' build argument 'catkin_skip_building_tests' from command line to 'False'
[0.489s] DEBUG:colcon.colcon_core.verb:Building package 'vrx_gazebo' with the following arguments: {'ament_cmake_args': None, 'build_base': '/home/mrxiuer/project/毕设/demo/src/build/vrx_gazebo', 'catkin_cmake_args': None, 'catkin_skip_building_tests': False, 'cmake_args': None, 'cmake_clean_cache': False, 'cmake_clean_first': False, 'cmake_force_configure': False, 'cmake_target': None, 'cmake_target_skip_unavailable': False, 'install_base': '/home/mrxiuer/project/毕设/demo/src/install', 'merge_install': True, 'path': '/home/mrxiuer/project/毕设/demo/src/vrx/vrx_urdf/vrx_gazebo', 'symlink_install': False, 'test_result_base': None}
[0.489s] Level 5:colcon.colcon_core.verb:set package 'vrx_ros' build argument 'cmake_args' from command line to 'None'
[0.489s] Level 5:colcon.colcon_core.verb:set package 'vrx_ros' build argument 'cmake_target' from command line to 'None'
[0.489s] Level 5:colcon.colcon_core.verb:set package 'vrx_ros' build argument 'cmake_target_skip_unavailable' from command line to 'False'
[0.489s] Level 5:colcon.colcon_core.verb:set package 'vrx_ros' build argument 'cmake_clean_cache' from command line to 'False'
[0.489s] Level 5:colcon.colcon_core.verb:set package 'vrx_ros' build argument 'cmake_clean_first' from command line to 'False'
[0.489s] Level 5:colcon.colcon_core.verb:set package 'vrx_ros' build argument 'cmake_force_configure' from command line to 'False'
[0.489s] Level 5:colcon.colcon_core.verb:set package 'vrx_ros' build argument 'ament_cmake_args' from command line to 'None'
[0.489s] Level 5:colcon.colcon_core.verb:set package 'vrx_ros' build argument 'catkin_cmake_args' from command line to 'None'
[0.489s] Level 5:colcon.colcon_core.verb:set package 'vrx_ros' build argument 'catkin_skip_building_tests' from command line to 'False'
[0.489s] DEBUG:colcon.colcon_core.verb:Building package 'vrx_ros' with the following arguments: {'ament_cmake_args': None, 'build_base': '/home/mrxiuer/project/毕设/demo/src/build/vrx_ros', 'catkin_cmake_args': None, 'catkin_skip_building_tests': False, 'cmake_args': None, 'cmake_clean_cache': False, 'cmake_clean_first': False, 'cmake_force_configure': False, 'cmake_target': None, 'cmake_target_skip_unavailable': False, 'install_base': '/home/mrxiuer/project/毕设/demo/src/install', 'merge_install': True, 'path': '/home/mrxiuer/project/毕设/demo/src/vrx/vrx_ros', 'symlink_install': False, 'test_result_base': None}
[0.490s] Level 5:colcon.colcon_core.verb:set package 'vrx_gz' build argument 'cmake_args' from command line to 'None'
[0.490s] Level 5:colcon.colcon_core.verb:set package 'vrx_gz' build argument 'cmake_target' from command line to 'None'
[0.490s] Level 5:colcon.colcon_core.verb:set package 'vrx_gz' build argument 'cmake_target_skip_unavailable' from command line to 'False'
[0.490s] Level 5:colcon.colcon_core.verb:set package 'vrx_gz' build argument 'cmake_clean_cache' from command line to 'False'
[0.490s] Level 5:colcon.colcon_core.verb:set package 'vrx_gz' build argument 'cmake_clean_first' from command line to 'False'
[0.490s] Level 5:colcon.colcon_core.verb:set package 'vrx_gz' build argument 'cmake_force_configure' from command line to 'False'
[0.490s] Level 5:colcon.colcon_core.verb:set package 'vrx_gz' build argument 'ament_cmake_args' from command line to 'None'
[0.490s] Level 5:colcon.colcon_core.verb:set package 'vrx_gz' build argument 'catkin_cmake_args' from command line to 'None'
[0.490s] Level 5:colcon.colcon_core.verb:set package 'vrx_gz' build argument 'catkin_skip_building_tests' from command line to 'False'
[0.490s] DEBUG:colcon.colcon_core.verb:Building package 'vrx_gz' with the following arguments: {'ament_cmake_args': None, 'build_base': '/home/mrxiuer/project/毕设/demo/src/build/vrx_gz', 'catkin_cmake_args': None, 'catkin_skip_building_tests': False, 'cmake_args': None, 'cmake_clean_cache': False, 'cmake_clean_first': False, 'cmake_force_configure': False, 'cmake_target': None, 'cmake_target_skip_unavailable': False, 'install_base': '/home/mrxiuer/project/毕设/demo/src/install', 'merge_install': True, 'path': '/home/mrxiuer/project/毕设/demo/src/vrx/vrx_gz', 'symlink_install': False, 'test_result_base': None}
[0.490s] Level 5:colcon.colcon_core.verb:set package 'wamv_description' build argument 'cmake_args' from command line to 'None'
[0.490s] Level 5:colcon.colcon_core.verb:set package 'wamv_description' build argument 'cmake_target' from command line to 'None'
[0.490s] Level 5:colcon.colcon_core.verb:set package 'wamv_description' build argument 'cmake_target_skip_unavailable' from command line to 'False'
[0.490s] Level 5:colcon.colcon_core.verb:set package 'wamv_description' build argument 'cmake_clean_cache' from command line to 'False'
[0.490s] Level 5:colcon.colcon_core.verb:set package 'wamv_description' build argument 'cmake_clean_first' from command line to 'False'
[0.490s] Level 5:colcon.colcon_core.verb:set package 'wamv_description' build argument 'cmake_force_configure' from command line to 'False'
[0.490s] Level 5:colcon.colcon_core.verb:set package 'wamv_description' build argument 'ament_cmake_args' from command line to 'None'
[0.490s] Level 5:colcon.colcon_core.verb:set package 'wamv_description' build argument 'catkin_cmake_args' from command line to 'None'
[0.491s] Level 5:colcon.colcon_core.verb:set package 'wamv_description' build argument 'catkin_skip_building_tests' from command line to 'False'
[0.491s] DEBUG:colcon.colcon_core.verb:Building package 'wamv_description' with the following arguments: {'ament_cmake_args': None, 'build_base': '/home/mrxiuer/project/毕设/demo/src/build/wamv_description', 'catkin_cmake_args': None, 'catkin_skip_building_tests': False, 'cmake_args': None, 'cmake_clean_cache': False, 'cmake_clean_first': False, 'cmake_force_configure': False, 'cmake_target': None, 'cmake_target_skip_unavailable': False, 'install_base': '/home/mrxiuer/project/毕设/demo/src/install', 'merge_install': True, 'path': '/home/mrxiuer/project/毕设/demo/src/vrx/vrx_urdf/wamv_description', 'symlink_install': False, 'test_result_base': None}
[0.491s] Level 5:colcon.colcon_core.verb:set package 'wamv_gazebo' build argument 'cmake_args' from command line to 'None'
[0.491s] Level 5:colcon.colcon_core.verb:set package 'wamv_gazebo' build argument 'cmake_target' from command line to 'None'
[0.491s] Level 5:colcon.colcon_core.verb:set package 'wamv_gazebo' build argument 'cmake_target_skip_unavailable' from command line to 'False'
[0.491s] Level 5:colcon.colcon_core.verb:set package 'wamv_gazebo' build argument 'cmake_clean_cache' from command line to 'False'
[0.491s] Level 5:colcon.colcon_core.verb:set package 'wamv_gazebo' build argument 'cmake_clean_first' from command line to 'False'
[0.491s] Level 5:colcon.colcon_core.verb:set package 'wamv_gazebo' build argument 'cmake_force_configure' from command line to 'False'
[0.491s] Level 5:colcon.colcon_core.verb:set package 'wamv_gazebo' build argument 'ament_cmake_args' from command line to 'None'
[0.491s] Level 5:colcon.colcon_core.verb:set package 'wamv_gazebo' build argument 'catkin_cmake_args' from command line to 'None'
[0.491s] Level 5:colcon.colcon_core.verb:set package 'wamv_gazebo' build argument 'catkin_skip_building_tests' from command line to 'False'
[0.491s] DEBUG:colcon.colcon_core.verb:Building package 'wamv_gazebo' with the following arguments: {'ament_cmake_args': None, 'build_base': '/home/mrxiuer/project/毕设/demo/src/build/wamv_gazebo', 'catkin_cmake_args': None, 'catkin_skip_building_tests': False, 'cmake_args': None, 'cmake_clean_cache': False, 'cmake_clean_first': False, 'cmake_force_configure': False, 'cmake_target': None, 'cmake_target_skip_unavailable': False, 'install_base': '/home/mrxiuer/project/毕设/demo/src/install', 'merge_install': True, 'path': '/home/mrxiuer/project/毕设/demo/src/vrx/vrx_urdf/wamv_gazebo', 'symlink_install': False, 'test_result_base': None}
[0.491s] INFO:colcon.colcon_core.executor:Executing jobs using 'parallel' executor
[0.493s] DEBUG:colcon.colcon_parallel_executor.executor.parallel:run_until_complete
[0.493s] INFO:colcon.colcon_ros.task.ament_cmake.build:Building ROS package in '/home/mrxiuer/project/毕设/demo/src/vrx/vrx_urdf/vrx_gazebo' with build type 'ament_cmake'
[0.493s] INFO:colcon.colcon_cmake.task.cmake.build:Building CMake package in '/home/mrxiuer/project/毕设/demo/src/vrx/vrx_urdf/vrx_gazebo'
[0.497s] INFO:colcon.colcon_core.plugin_system:Skipping extension 'colcon_core.shell.bat': Not used on non-Windows systems
[0.497s] INFO:colcon.colcon_core.shell:Skip shell extension 'powershell' for command environment: Not usable outside of PowerShell
[0.497s] DEBUG:colcon.colcon_core.shell:Skip shell extension 'dsv' for command environment
[0.502s] INFO:colcon.colcon_ros.task.ament_cmake.build:Building ROS package in '/home/mrxiuer/project/毕设/demo/src/vrx/vrx_ros' with build type 'ament_cmake'
[0.502s] INFO:colcon.colcon_cmake.task.cmake.build:Building CMake package in '/home/mrxiuer/project/毕设/demo/src/vrx/vrx_ros'
[0.502s] INFO:colcon.colcon_core.shell:Skip shell extension 'powershell' for command environment: Not usable outside of PowerShell
[0.503s] DEBUG:colcon.colcon_core.shell:Skip shell extension 'dsv' for command environment
[0.512s] DEBUG:colcon.colcon_core.event_handler.log_command:Invoking command in '/home/mrxiuer/project/毕设/demo/src/build/vrx_gazebo': CMAKE_PREFIX_PATH=${CMAKE_PREFIX_PATH}:/opt/ros/humble /usr/bin/cmake --build /home/mrxiuer/project/毕设/demo/src/build/vrx_gazebo -- -j16 -l16
[0.519s] DEBUG:colcon.colcon_core.event_handler.log_command:Invoking command in '/home/mrxiuer/project/毕设/demo/src/build/vrx_ros': CMAKE_PREFIX_PATH=${CMAKE_PREFIX_PATH}:/opt/ros/humble /usr/bin/cmake --build /home/mrxiuer/project/毕设/demo/src/build/vrx_ros -- -j16 -l16
[0.647s] DEBUG:colcon.colcon_core.event_handler.log_command:Invoked command in '/home/mrxiuer/project/毕设/demo/src/build/vrx_ros' returned '0': CMAKE_PREFIX_PATH=${CMAKE_PREFIX_PATH}:/opt/ros/humble /usr/bin/cmake --build /home/mrxiuer/project/毕设/demo/src/build/vrx_ros -- -j16 -l16
[0.663s] DEBUG:colcon.colcon_core.event_handler.log_command:Invoking command in '/home/mrxiuer/project/毕设/demo/src/build/vrx_ros': CMAKE_PREFIX_PATH=${CMAKE_PREFIX_PATH}:/opt/ros/humble /usr/bin/cmake --install /home/mrxiuer/project/毕设/demo/src/build/vrx_ros
[0.679s] Level 1:colcon.colcon_core.environment:create_environment_scripts_only(vrx_ros)
[0.680s] DEBUG:colcon.colcon_core.event_handler.log_command:Invoked command in '/home/mrxiuer/project/毕设/demo/src/build/vrx_ros' returned '0': CMAKE_PREFIX_PATH=${CMAKE_PREFIX_PATH}:/opt/ros/humble /usr/bin/cmake --install /home/mrxiuer/project/毕设/demo/src/build/vrx_ros
[0.684s] Level 1:colcon.colcon_core.environment:checking '/home/mrxiuer/project/毕设/demo/src/install' for CMake module files
[0.684s] Level 1:colcon.colcon_core.environment:checking '/home/mrxiuer/project/毕设/demo/src/install' for CMake config files
[0.685s] Level 1:colcon.colcon_core.shell:create_environment_hook('vrx_ros', 'cmake_prefix_path')
[0.685s] INFO:colcon.colcon_core.shell:Creating environment hook '/home/mrxiuer/project/毕设/demo/src/install/share/vrx_ros/hook/cmake_prefix_path.ps1'
[0.686s] INFO:colcon.colcon_core.shell:Creating environment descriptor '/home/mrxiuer/project/毕设/demo/src/install/share/vrx_ros/hook/cmake_prefix_path.dsv'
[0.687s] INFO:colcon.colcon_core.shell:Creating environment hook '/home/mrxiuer/project/毕设/demo/src/install/share/vrx_ros/hook/cmake_prefix_path.sh'
[0.688s] Level 1:colcon.colcon_core.environment:checking '/home/mrxiuer/project/毕设/demo/src/install/lib'
[0.688s] Level 1:colcon.colcon_core.shell:create_environment_hook('vrx_ros', 'ld_library_path_lib')
[0.688s] INFO:colcon.colcon_core.shell:Creating environment hook '/home/mrxiuer/project/毕设/demo/src/install/share/vrx_ros/hook/ld_library_path_lib.ps1'
[0.689s] INFO:colcon.colcon_core.shell:Creating environment descriptor '/home/mrxiuer/project/毕设/demo/src/install/share/vrx_ros/hook/ld_library_path_lib.dsv'
[0.689s] INFO:colcon.colcon_core.shell:Creating environment hook '/home/mrxiuer/project/毕设/demo/src/install/share/vrx_ros/hook/ld_library_path_lib.sh'
[0.690s] Level 1:colcon.colcon_core.environment:checking '/home/mrxiuer/project/毕设/demo/src/install/bin'
[0.690s] Level 1:colcon.colcon_core.environment:checking '/home/mrxiuer/project/毕设/demo/src/install/lib/pkgconfig/vrx_ros.pc'
[0.690s] Level 1:colcon.colcon_core.environment:checking '/home/mrxiuer/project/毕设/demo/src/install/lib/python3.10/site-packages'
[0.690s] Level 1:colcon.colcon_core.environment:checking '/home/mrxiuer/project/毕设/demo/src/install/bin'
[0.691s] INFO:colcon.colcon_core.shell:Creating package script '/home/mrxiuer/project/毕设/demo/src/install/share/vrx_ros/package.ps1'
[0.692s] INFO:colcon.colcon_core.shell:Creating package descriptor '/home/mrxiuer/project/毕设/demo/src/install/share/vrx_ros/package.dsv'
[0.693s] INFO:colcon.colcon_core.shell:Creating package script '/home/mrxiuer/project/毕设/demo/src/install/share/vrx_ros/package.sh'
[0.694s] INFO:colcon.colcon_core.shell:Creating package script '/home/mrxiuer/project/毕设/demo/src/install/share/vrx_ros/package.bash'
[0.695s] INFO:colcon.colcon_core.shell:Creating package script '/home/mrxiuer/project/毕设/demo/src/install/share/vrx_ros/package.zsh'
[0.696s] Level 1:colcon.colcon_core.environment:create_file_with_runtime_dependencies(/home/mrxiuer/project/毕设/demo/src/install/share/colcon-core/packages/vrx_ros)
[0.697s] Level 1:colcon.colcon_core.environment:create_environment_scripts_only(vrx_ros)
[0.697s] Level 1:colcon.colcon_core.environment:checking '/home/mrxiuer/project/毕设/demo/src/install' for CMake module files
[0.698s] Level 1:colcon.colcon_core.environment:checking '/home/mrxiuer/project/毕设/demo/src/install' for CMake config files
[0.698s] Level 1:colcon.colcon_core.shell:create_environment_hook('vrx_ros', 'cmake_prefix_path')
[0.698s] INFO:colcon.colcon_core.shell:Creating environment hook '/home/mrxiuer/project/毕设/demo/src/install/share/vrx_ros/hook/cmake_prefix_path.ps1'
[0.699s] INFO:colcon.colcon_core.shell:Creating environment descriptor '/home/mrxiuer/project/毕设/demo/src/install/share/vrx_ros/hook/cmake_prefix_path.dsv'
[0.699s] INFO:colcon.colcon_core.shell:Creating environment hook '/home/mrxiuer/project/毕设/demo/src/install/share/vrx_ros/hook/cmake_prefix_path.sh'
[0.700s] Level 1:colcon.colcon_core.environment:checking '/home/mrxiuer/project/毕设/demo/src/install/lib'
[0.700s] Level 1:colcon.colcon_core.shell:create_environment_hook('vrx_ros', 'ld_library_path_lib')
[0.700s] INFO:colcon.colcon_core.shell:Creating environment hook '/home/mrxiuer/project/毕设/demo/src/install/share/vrx_ros/hook/ld_library_path_lib.ps1'
[0.701s] INFO:colcon.colcon_core.shell:Creating environment descriptor '/home/mrxiuer/project/毕设/demo/src/install/share/vrx_ros/hook/ld_library_path_lib.dsv'
[0.701s] INFO:colcon.colcon_core.shell:Creating environment hook '/home/mrxiuer/project/毕设/demo/src/install/share/vrx_ros/hook/ld_library_path_lib.sh'
[0.702s] Level 1:colcon.colcon_core.environment:checking '/home/mrxiuer/project/毕设/demo/src/install/bin'
[0.702s] Level 1:colcon.colcon_core.environment:checking '/home/mrxiuer/project/毕设/demo/src/install/lib/pkgconfig/vrx_ros.pc'
[0.702s] Level 1:colcon.colcon_core.environment:checking '/home/mrxiuer/project/毕设/demo/src/install/lib/python3.10/site-packages'
[0.702s] Level 1:colcon.colcon_core.environment:checking '/home/mrxiuer/project/毕设/demo/src/install/bin'
[0.703s] INFO:colcon.colcon_core.shell:Creating package script '/home/mrxiuer/project/毕设/demo/src/install/share/vrx_ros/package.ps1'
[0.703s] INFO:colcon.colcon_core.shell:Creating package descriptor '/home/mrxiuer/project/毕设/demo/src/install/share/vrx_ros/package.dsv'
[0.704s] INFO:colcon.colcon_core.shell:Creating package script '/home/mrxiuer/project/毕设/demo/src/install/share/vrx_ros/package.sh'
[0.704s] INFO:colcon.colcon_core.shell:Creating package script '/home/mrxiuer/project/毕设/demo/src/install/share/vrx_ros/package.bash'
[0.705s] INFO:colcon.colcon_core.shell:Creating package script '/home/mrxiuer/project/毕设/demo/src/install/share/vrx_ros/package.zsh'
[0.705s] Level 1:colcon.colcon_core.environment:create_file_with_runtime_dependencies(/home/mrxiuer/project/毕设/demo/src/install/share/colcon-core/packages/vrx_ros)
[0.706s] INFO:colcon.colcon_ros.task.ament_cmake.build:Building ROS package in '/home/mrxiuer/project/毕设/demo/src/vrx/vrx_gz' with build type 'ament_cmake'
[0.706s] INFO:colcon.colcon_cmake.task.cmake.build:Building CMake package in '/home/mrxiuer/project/毕设/demo/src/vrx/vrx_gz'
[0.706s] INFO:colcon.colcon_core.shell:Skip shell extension 'powershell' for command environment: Not usable outside of PowerShell
[0.707s] DEBUG:colcon.colcon_core.shell:Skip shell extension 'dsv' for command environment
[0.725s] DEBUG:colcon.colcon_core.event_handler.log_command:Invoking command in '/home/mrxiuer/project/毕设/demo/src/build/vrx_gz': CMAKE_PREFIX_PATH=${CMAKE_PREFIX_PATH}:/opt/ros/humble LD_LIBRARY_PATH=/home/mrxiuer/project/毕设/demo/src/install/lib:/usr/local/lib:/opt/ros/humble/opt/rviz_ogre_vendor/lib:/opt/ros/humble/lib/x86_64-linux-gnu:/opt/ros/humble/lib /usr/bin/cmake --build /home/mrxiuer/project/毕设/demo/src/build/vrx_gz -- -j16 -l16
[1.013s] DEBUG:colcon.colcon_core.event_handler.log_command:Invoked command in '/home/mrxiuer/project/毕设/demo/src/build/vrx_gazebo' returned '0': CMAKE_PREFIX_PATH=${CMAKE_PREFIX_PATH}:/opt/ros/humble /usr/bin/cmake --build /home/mrxiuer/project/毕设/demo/src/build/vrx_gazebo -- -j16 -l16
[1.016s] DEBUG:colcon.colcon_core.event_handler.log_command:Invoking command in '/home/mrxiuer/project/毕设/demo/src/build/vrx_gazebo': CMAKE_PREFIX_PATH=${CMAKE_PREFIX_PATH}:/opt/ros/humble /usr/bin/cmake --install /home/mrxiuer/project/毕设/demo/src/build/vrx_gazebo
[1.078s] Level 1:colcon.colcon_core.environment:create_environment_scripts_only(vrx_gazebo)
[1.078s] Level 1:colcon.colcon_core.environment:checking '/home/mrxiuer/project/毕设/demo/src/install' for CMake module files
[1.079s] DEBUG:colcon.colcon_core.event_handler.log_command:Invoked command in '/home/mrxiuer/project/毕设/demo/src/build/vrx_gazebo' returned '0': CMAKE_PREFIX_PATH=${CMAKE_PREFIX_PATH}:/opt/ros/humble /usr/bin/cmake --install /home/mrxiuer/project/毕设/demo/src/build/vrx_gazebo
[1.079s] Level 1:colcon.colcon_core.environment:checking '/home/mrxiuer/project/毕设/demo/src/install' for CMake config files
[1.080s] Level 1:colcon.colcon_core.shell:create_environment_hook('vrx_gazebo', 'cmake_prefix_path')
[1.080s] INFO:colcon.colcon_core.shell:Creating environment hook '/home/mrxiuer/project/毕设/demo/src/install/share/vrx_gazebo/hook/cmake_prefix_path.ps1'
[1.081s] INFO:colcon.colcon_core.shell:Creating environment descriptor '/home/mrxiuer/project/毕设/demo/src/install/share/vrx_gazebo/hook/cmake_prefix_path.dsv'
[1.081s] INFO:colcon.colcon_core.shell:Creating environment hook '/home/mrxiuer/project/毕设/demo/src/install/share/vrx_gazebo/hook/cmake_prefix_path.sh'
[1.082s] Level 1:colcon.colcon_core.environment:checking '/home/mrxiuer/project/毕设/demo/src/install/lib'
[1.082s] Level 1:colcon.colcon_core.shell:create_environment_hook('vrx_gazebo', 'ld_library_path_lib')
[1.082s] INFO:colcon.colcon_core.shell:Creating environment hook '/home/mrxiuer/project/毕设/demo/src/install/share/vrx_gazebo/hook/ld_library_path_lib.ps1'
[1.083s] INFO:colcon.colcon_core.shell:Creating environment descriptor '/home/mrxiuer/project/毕设/demo/src/install/share/vrx_gazebo/hook/ld_library_path_lib.dsv'
[1.083s] INFO:colcon.colcon_core.shell:Creating environment hook '/home/mrxiuer/project/毕设/demo/src/install/share/vrx_gazebo/hook/ld_library_path_lib.sh'
[1.084s] Level 1:colcon.colcon_core.environment:checking '/home/mrxiuer/project/毕设/demo/src/install/bin'
[1.084s] Level 1:colcon.colcon_core.environment:checking '/home/mrxiuer/project/毕设/demo/src/install/lib/pkgconfig/vrx_gazebo.pc'
[1.084s] Level 1:colcon.colcon_core.environment:checking '/home/mrxiuer/project/毕设/demo/src/install/lib/python3.10/site-packages'
[1.084s] Level 1:colcon.colcon_core.environment:checking '/home/mrxiuer/project/毕设/demo/src/install/bin'
[1.085s] INFO:colcon.colcon_core.shell:Creating package script '/home/mrxiuer/project/毕设/demo/src/install/share/vrx_gazebo/package.ps1'
[1.085s] INFO:colcon.colcon_core.shell:Creating package descriptor '/home/mrxiuer/project/毕设/demo/src/install/share/vrx_gazebo/package.dsv'
[1.086s] INFO:colcon.colcon_core.shell:Creating package script '/home/mrxiuer/project/毕设/demo/src/install/share/vrx_gazebo/package.sh'
[1.086s] INFO:colcon.colcon_core.shell:Creating package script '/home/mrxiuer/project/毕设/demo/src/install/share/vrx_gazebo/package.bash'
[1.087s] INFO:colcon.colcon_core.shell:Creating package script '/home/mrxiuer/project/毕设/demo/src/install/share/vrx_gazebo/package.zsh'
[1.087s] Level 1:colcon.colcon_core.environment:create_file_with_runtime_dependencies(/home/mrxiuer/project/毕设/demo/src/install/share/colcon-core/packages/vrx_gazebo)
[1.088s] Level 1:colcon.colcon_core.environment:create_environment_scripts_only(vrx_gazebo)
[1.088s] Level 1:colcon.colcon_core.environment:checking '/home/mrxiuer/project/毕设/demo/src/install' for CMake module files
[1.088s] Level 1:colcon.colcon_core.environment:checking '/home/mrxiuer/project/毕设/demo/src/install' for CMake config files
[1.089s] Level 1:colcon.colcon_core.shell:create_environment_hook('vrx_gazebo', 'cmake_prefix_path')
[1.089s] INFO:colcon.colcon_core.shell:Creating environment hook '/home/mrxiuer/project/毕设/demo/src/install/share/vrx_gazebo/hook/cmake_prefix_path.ps1'
[1.090s] INFO:colcon.colcon_core.shell:Creating environment descriptor '/home/mrxiuer/project/毕设/demo/src/install/share/vrx_gazebo/hook/cmake_prefix_path.dsv'
[1.090s] INFO:colcon.colcon_core.shell:Creating environment hook '/home/mrxiuer/project/毕设/demo/src/install/share/vrx_gazebo/hook/cmake_prefix_path.sh'
[1.091s] Level 1:colcon.colcon_core.environment:checking '/home/mrxiuer/project/毕设/demo/src/install/lib'
[1.091s] Level 1:colcon.colcon_core.shell:create_environment_hook('vrx_gazebo', 'ld_library_path_lib')
[1.091s] INFO:colcon.colcon_core.shell:Creating environment hook '/home/mrxiuer/project/毕设/demo/src/install/share/vrx_gazebo/hook/ld_library_path_lib.ps1'
[1.092s] INFO:colcon.colcon_core.shell:Creating environment descriptor '/home/mrxiuer/project/毕设/demo/src/install/share/vrx_gazebo/hook/ld_library_path_lib.dsv'
[1.092s] INFO:colcon.colcon_core.shell:Creating environment hook '/home/mrxiuer/project/毕设/demo/src/install/share/vrx_gazebo/hook/ld_library_path_lib.sh'
[1.092s] Level 1:colcon.colcon_core.environment:checking '/home/mrxiuer/project/毕设/demo/src/install/bin'
[1.093s] Level 1:colcon.colcon_core.environment:checking '/home/mrxiuer/project/毕设/demo/src/install/lib/pkgconfig/vrx_gazebo.pc'
[1.093s] Level 1:colcon.colcon_core.environment:checking '/home/mrxiuer/project/毕设/demo/src/install/lib/python3.10/site-packages'
[1.093s] Level 1:colcon.colcon_core.environment:checking '/home/mrxiuer/project/毕设/demo/src/install/bin'
[1.093s] INFO:colcon.colcon_core.shell:Creating package script '/home/mrxiuer/project/毕设/demo/src/install/share/vrx_gazebo/package.ps1'
[1.094s] INFO:colcon.colcon_core.shell:Creating package descriptor '/home/mrxiuer/project/毕设/demo/src/install/share/vrx_gazebo/package.dsv'
[1.095s] INFO:colcon.colcon_core.shell:Creating package script '/home/mrxiuer/project/毕设/demo/src/install/share/vrx_gazebo/package.sh'
[1.095s] INFO:colcon.colcon_core.shell:Creating package script '/home/mrxiuer/project/毕设/demo/src/install/share/vrx_gazebo/package.bash'
[1.096s] INFO:colcon.colcon_core.shell:Creating package script '/home/mrxiuer/project/毕设/demo/src/install/share/vrx_gazebo/package.zsh'
[1.096s] Level 1:colcon.colcon_core.environment:create_file_with_runtime_dependencies(/home/mrxiuer/project/毕设/demo/src/install/share/colcon-core/packages/vrx_gazebo)
[1.097s] INFO:colcon.colcon_ros.task.ament_cmake.build:Building ROS package in '/home/mrxiuer/project/毕设/demo/src/vrx/vrx_urdf/wamv_description' with build type 'ament_cmake'
[1.097s] INFO:colcon.colcon_cmake.task.cmake.build:Building CMake package in '/home/mrxiuer/project/毕设/demo/src/vrx/vrx_urdf/wamv_description'
[1.097s] INFO:colcon.colcon_core.shell:Skip shell extension 'powershell' for command environment: Not usable outside of PowerShell
[1.097s] DEBUG:colcon.colcon_core.shell:Skip shell extension 'dsv' for command environment
[1.112s] DEBUG:colcon.colcon_core.event_handler.log_command:Invoking command in '/home/mrxiuer/project/毕设/demo/src/build/wamv_description': CMAKE_PREFIX_PATH=${CMAKE_PREFIX_PATH}:/opt/ros/humble GZ_SIM_RESOURCE_PATH=/home/mrxiuer/project/毕设/demo/src/install/share:${GZ_SIM_RESOURCE_PATH} LD_LIBRARY_PATH=/home/mrxiuer/project/毕设/demo/src/install/lib:/usr/local/lib:/opt/ros/humble/opt/rviz_ogre_vendor/lib:/opt/ros/humble/lib/x86_64-linux-gnu:/opt/ros/humble/lib /usr/bin/cmake --build /home/mrxiuer/project/毕设/demo/src/build/wamv_description -- -j16 -l16
[1.209s] DEBUG:colcon.colcon_core.event_handler.log_command:Invoked command in '/home/mrxiuer/project/毕设/demo/src/build/wamv_description' returned '0': CMAKE_PREFIX_PATH=${CMAKE_PREFIX_PATH}:/opt/ros/humble GZ_SIM_RESOURCE_PATH=/home/mrxiuer/project/毕设/demo/src/install/share:${GZ_SIM_RESOURCE_PATH} LD_LIBRARY_PATH=/home/mrxiuer/project/毕设/demo/src/install/lib:/usr/local/lib:/opt/ros/humble/opt/rviz_ogre_vendor/lib:/opt/ros/humble/lib/x86_64-linux-gnu:/opt/ros/humble/lib /usr/bin/cmake --build /home/mrxiuer/project/毕设/demo/src/build/wamv_description -- -j16 -l16
[1.211s] DEBUG:colcon.colcon_core.event_handler.log_command:Invoking command in '/home/mrxiuer/project/毕设/demo/src/build/wamv_description': CMAKE_PREFIX_PATH=${CMAKE_PREFIX_PATH}:/opt/ros/humble GZ_SIM_RESOURCE_PATH=/home/mrxiuer/project/毕设/demo/src/install/share:${GZ_SIM_RESOURCE_PATH} LD_LIBRARY_PATH=/home/mrxiuer/project/毕设/demo/src/install/lib:/usr/local/lib:/opt/ros/humble/opt/rviz_ogre_vendor/lib:/opt/ros/humble/lib/x86_64-linux-gnu:/opt/ros/humble/lib /usr/bin/cmake --install /home/mrxiuer/project/毕设/demo/src/build/wamv_description
[1.229s] Level 1:colcon.colcon_core.environment:create_environment_scripts_only(wamv_description)
[1.230s] Level 1:colcon.colcon_core.environment:checking '/home/mrxiuer/project/毕设/demo/src/install' for CMake module files
[1.231s] DEBUG:colcon.colcon_core.event_handler.log_command:Invoked command in '/home/mrxiuer/project/毕设/demo/src/build/wamv_description' returned '0': CMAKE_PREFIX_PATH=${CMAKE_PREFIX_PATH}:/opt/ros/humble GZ_SIM_RESOURCE_PATH=/home/mrxiuer/project/毕设/demo/src/install/share:${GZ_SIM_RESOURCE_PATH} LD_LIBRARY_PATH=/home/mrxiuer/project/毕设/demo/src/install/lib:/usr/local/lib:/opt/ros/humble/opt/rviz_ogre_vendor/lib:/opt/ros/humble/lib/x86_64-linux-gnu:/opt/ros/humble/lib /usr/bin/cmake --install /home/mrxiuer/project/毕设/demo/src/build/wamv_description
[1.231s] Level 1:colcon.colcon_core.environment:checking '/home/mrxiuer/project/毕设/demo/src/install' for CMake config files
[1.232s] Level 1:colcon.colcon_core.shell:create_environment_hook('wamv_description', 'cmake_prefix_path')
[1.232s] INFO:colcon.colcon_core.shell:Creating environment hook '/home/mrxiuer/project/毕设/demo/src/install/share/wamv_description/hook/cmake_prefix_path.ps1'
[1.233s] INFO:colcon.colcon_core.shell:Creating environment descriptor '/home/mrxiuer/project/毕设/demo/src/install/share/wamv_description/hook/cmake_prefix_path.dsv'
[1.234s] INFO:colcon.colcon_core.shell:Creating environment hook '/home/mrxiuer/project/毕设/demo/src/install/share/wamv_description/hook/cmake_prefix_path.sh'
[1.235s] Level 1:colcon.colcon_core.environment:checking '/home/mrxiuer/project/毕设/demo/src/install/lib'
[1.235s] Level 1:colcon.colcon_core.shell:create_environment_hook('wamv_description', 'ld_library_path_lib')
[1.235s] INFO:colcon.colcon_core.shell:Creating environment hook '/home/mrxiuer/project/毕设/demo/src/install/share/wamv_description/hook/ld_library_path_lib.ps1'
[1.236s] INFO:colcon.colcon_core.shell:Creating environment descriptor '/home/mrxiuer/project/毕设/demo/src/install/share/wamv_description/hook/ld_library_path_lib.dsv'
[1.236s] INFO:colcon.colcon_core.shell:Creating environment hook '/home/mrxiuer/project/毕设/demo/src/install/share/wamv_description/hook/ld_library_path_lib.sh'
[1.236s] Level 1:colcon.colcon_core.environment:checking '/home/mrxiuer/project/毕设/demo/src/install/bin'
[1.236s] Level 1:colcon.colcon_core.environment:checking '/home/mrxiuer/project/毕设/demo/src/install/lib/pkgconfig/wamv_description.pc'
[1.237s] Level 1:colcon.colcon_core.environment:checking '/home/mrxiuer/project/毕设/demo/src/install/lib/python3.10/site-packages'
[1.237s] Level 1:colcon.colcon_core.environment:checking '/home/mrxiuer/project/毕设/demo/src/install/bin'
[1.237s] INFO:colcon.colcon_core.shell:Creating package script '/home/mrxiuer/project/毕设/demo/src/install/share/wamv_description/package.ps1'
[1.238s] INFO:colcon.colcon_core.shell:Creating package descriptor '/home/mrxiuer/project/毕设/demo/src/install/share/wamv_description/package.dsv'
[1.238s] INFO:colcon.colcon_core.shell:Creating package script '/home/mrxiuer/project/毕设/demo/src/install/share/wamv_description/package.sh'
[1.239s] INFO:colcon.colcon_core.shell:Creating package script '/home/mrxiuer/project/毕设/demo/src/install/share/wamv_description/package.bash'
[1.239s] INFO:colcon.colcon_core.shell:Creating package script '/home/mrxiuer/project/毕设/demo/src/install/share/wamv_description/package.zsh'
[1.240s] Level 1:colcon.colcon_core.environment:create_file_with_runtime_dependencies(/home/mrxiuer/project/毕设/demo/src/install/share/colcon-core/packages/wamv_description)
[1.241s] Level 1:colcon.colcon_core.environment:create_environment_scripts_only(wamv_description)
[1.241s] Level 1:colcon.colcon_core.environment:checking '/home/mrxiuer/project/毕设/demo/src/install' for CMake module files
[1.242s] Level 1:colcon.colcon_core.environment:checking '/home/mrxiuer/project/毕设/demo/src/install' for CMake config files
[1.242s] Level 1:colcon.colcon_core.shell:create_environment_hook('wamv_description', 'cmake_prefix_path')
[1.243s] INFO:colcon.colcon_core.shell:Creating environment hook '/home/mrxiuer/project/毕设/demo/src/install/share/wamv_description/hook/cmake_prefix_path.ps1'
[1.243s] INFO:colcon.colcon_core.shell:Creating environment descriptor '/home/mrxiuer/project/毕设/demo/src/install/share/wamv_description/hook/cmake_prefix_path.dsv'
[1.244s] INFO:colcon.colcon_core.shell:Creating environment hook '/home/mrxiuer/project/毕设/demo/src/install/share/wamv_description/hook/cmake_prefix_path.sh'
[1.244s] Level 1:colcon.colcon_core.environment:checking '/home/mrxiuer/project/毕设/demo/src/install/lib'
[1.244s] Level 1:colcon.colcon_core.shell:create_environment_hook('wamv_description', 'ld_library_path_lib')
[1.245s] INFO:colcon.colcon_core.shell:Creating environment hook '/home/mrxiuer/project/毕设/demo/src/install/share/wamv_description/hook/ld_library_path_lib.ps1'
[1.245s] INFO:colcon.colcon_core.shell:Creating environment descriptor '/home/mrxiuer/project/毕设/demo/src/install/share/wamv_description/hook/ld_library_path_lib.dsv'
[1.246s] INFO:colcon.colcon_core.shell:Creating environment hook '/home/mrxiuer/project/毕设/demo/src/install/share/wamv_description/hook/ld_library_path_lib.sh'
[1.246s] Level 1:colcon.colcon_core.environment:checking '/home/mrxiuer/project/毕设/demo/src/install/bin'
[1.246s] Level 1:colcon.colcon_core.environment:checking '/home/mrxiuer/project/毕设/demo/src/install/lib/pkgconfig/wamv_description.pc'
[1.247s] Level 1:colcon.colcon_core.environment:checking '/home/mrxiuer/project/毕设/demo/src/install/lib/python3.10/site-packages'
[1.247s] Level 1:colcon.colcon_core.environment:checking '/home/mrxiuer/project/毕设/demo/src/install/bin'
[1.247s] INFO:colcon.colcon_core.shell:Creating package script '/home/mrxiuer/project/毕设/demo/src/install/share/wamv_description/package.ps1'
[1.248s] INFO:colcon.colcon_core.shell:Creating package descriptor '/home/mrxiuer/project/毕设/demo/src/install/share/wamv_description/package.dsv'
[1.249s] INFO:colcon.colcon_core.shell:Creating package script '/home/mrxiuer/project/毕设/demo/src/install/share/wamv_description/package.sh'
[1.250s] INFO:colcon.colcon_core.shell:Creating package script '/home/mrxiuer/project/毕设/demo/src/install/share/wamv_description/package.bash'
[1.250s] INFO:colcon.colcon_core.shell:Creating package script '/home/mrxiuer/project/毕设/demo/src/install/share/wamv_description/package.zsh'
[1.251s] Level 1:colcon.colcon_core.environment:create_file_with_runtime_dependencies(/home/mrxiuer/project/毕设/demo/src/install/share/colcon-core/packages/wamv_description)
[1.251s] INFO:colcon.colcon_ros.task.ament_cmake.build:Building ROS package in '/home/mrxiuer/project/毕设/demo/src/vrx/vrx_urdf/wamv_gazebo' with build type 'ament_cmake'
[1.251s] INFO:colcon.colcon_cmake.task.cmake.build:Building CMake package in '/home/mrxiuer/project/毕设/demo/src/vrx/vrx_urdf/wamv_gazebo'
[1.252s] INFO:colcon.colcon_core.shell:Skip shell extension 'powershell' for command environment: Not usable outside of PowerShell
[1.252s] DEBUG:colcon.colcon_core.shell:Skip shell extension 'dsv' for command environment
[1.270s] DEBUG:colcon.colcon_core.event_handler.log_command:Invoking command in '/home/mrxiuer/project/毕设/demo/src/build/wamv_gazebo': CMAKE_PREFIX_PATH=${CMAKE_PREFIX_PATH}:/opt/ros/humble GZ_SIM_RESOURCE_PATH=/home/mrxiuer/project/毕设/demo/src/install/share:${GZ_SIM_RESOURCE_PATH} LD_LIBRARY_PATH=/home/mrxiuer/project/毕设/demo/src/install/lib:/usr/local/lib:/opt/ros/humble/opt/rviz_ogre_vendor/lib:/opt/ros/humble/lib/x86_64-linux-gnu:/opt/ros/humble/lib /usr/bin/cmake --build /home/mrxiuer/project/毕设/demo/src/build/wamv_gazebo -- -j16 -l16
[1.288s] DEBUG:colcon.colcon_core.event_handler.log_command:Invoked command in '/home/mrxiuer/project/毕设/demo/src/build/vrx_gz' returned '0': CMAKE_PREFIX_PATH=${CMAKE_PREFIX_PATH}:/opt/ros/humble LD_LIBRARY_PATH=/home/mrxiuer/project/毕设/demo/src/install/lib:/usr/local/lib:/opt/ros/humble/opt/rviz_ogre_vendor/lib:/opt/ros/humble/lib/x86_64-linux-gnu:/opt/ros/humble/lib /usr/bin/cmake --build /home/mrxiuer/project/毕设/demo/src/build/vrx_gz -- -j16 -l16
[1.291s] DEBUG:colcon.colcon_core.event_handler.log_command:Invoking command in '/home/mrxiuer/project/毕设/demo/src/build/vrx_gz': CMAKE_PREFIX_PATH=${CMAKE_PREFIX_PATH}:/opt/ros/humble LD_LIBRARY_PATH=/home/mrxiuer/project/毕设/demo/src/install/lib:/usr/local/lib:/opt/ros/humble/opt/rviz_ogre_vendor/lib:/opt/ros/humble/lib/x86_64-linux-gnu:/opt/ros/humble/lib /usr/bin/cmake --install /home/mrxiuer/project/毕设/demo/src/build/vrx_gz
[1.330s] DEBUG:colcon.colcon_core.event_handler.log_command:Invoked command in '/home/mrxiuer/project/毕设/demo/src/build/wamv_gazebo' returned '0': CMAKE_PREFIX_PATH=${CMAKE_PREFIX_PATH}:/opt/ros/humble GZ_SIM_RESOURCE_PATH=/home/mrxiuer/project/毕设/demo/src/install/share:${GZ_SIM_RESOURCE_PATH} LD_LIBRARY_PATH=/home/mrxiuer/project/毕设/demo/src/install/lib:/usr/local/lib:/opt/ros/humble/opt/rviz_ogre_vendor/lib:/opt/ros/humble/lib/x86_64-linux-gnu:/opt/ros/humble/lib /usr/bin/cmake --build /home/mrxiuer/project/毕设/demo/src/build/wamv_gazebo -- -j16 -l16
[1.333s] DEBUG:colcon.colcon_core.event_handler.log_command:Invoking command in '/home/mrxiuer/project/毕设/demo/src/build/wamv_gazebo': CMAKE_PREFIX_PATH=${CMAKE_PREFIX_PATH}:/opt/ros/humble GZ_SIM_RESOURCE_PATH=/home/mrxiuer/project/毕设/demo/src/install/share:${GZ_SIM_RESOURCE_PATH} LD_LIBRARY_PATH=/home/mrxiuer/project/毕设/demo/src/install/lib:/usr/local/lib:/opt/ros/humble/opt/rviz_ogre_vendor/lib:/opt/ros/humble/lib/x86_64-linux-gnu:/opt/ros/humble/lib /usr/bin/cmake --install /home/mrxiuer/project/毕设/demo/src/build/wamv_gazebo
[1.349s] Level 1:colcon.colcon_core.environment:create_environment_scripts_only(wamv_gazebo)
[1.350s] Level 1:colcon.colcon_core.environment:checking '/home/mrxiuer/project/毕设/demo/src/install' for CMake module files
[1.350s] DEBUG:colcon.colcon_core.event_handler.log_command:Invoked command in '/home/mrxiuer/project/毕设/demo/src/build/wamv_gazebo' returned '0': CMAKE_PREFIX_PATH=${CMAKE_PREFIX_PATH}:/opt/ros/humble GZ_SIM_RESOURCE_PATH=/home/mrxiuer/project/毕设/demo/src/install/share:${GZ_SIM_RESOURCE_PATH} LD_LIBRARY_PATH=/home/mrxiuer/project/毕设/demo/src/install/lib:/usr/local/lib:/opt/ros/humble/opt/rviz_ogre_vendor/lib:/opt/ros/humble/lib/x86_64-linux-gnu:/opt/ros/humble/lib /usr/bin/cmake --install /home/mrxiuer/project/毕设/demo/src/build/wamv_gazebo
[1.351s] Level 1:colcon.colcon_core.environment:checking '/home/mrxiuer/project/毕设/demo/src/install' for CMake config files
[1.351s] Level 1:colcon.colcon_core.shell:create_environment_hook('wamv_gazebo', 'cmake_prefix_path')
[1.352s] INFO:colcon.colcon_core.shell:Creating environment hook '/home/mrxiuer/project/毕设/demo/src/install/share/wamv_gazebo/hook/cmake_prefix_path.ps1'
[1.352s] INFO:colcon.colcon_core.shell:Creating environment descriptor '/home/mrxiuer/project/毕设/demo/src/install/share/wamv_gazebo/hook/cmake_prefix_path.dsv'
[1.353s] INFO:colcon.colcon_core.shell:Creating environment hook '/home/mrxiuer/project/毕设/demo/src/install/share/wamv_gazebo/hook/cmake_prefix_path.sh'
[1.353s] Level 1:colcon.colcon_core.environment:checking '/home/mrxiuer/project/毕设/demo/src/install/lib'
[1.353s] Level 1:colcon.colcon_core.shell:create_environment_hook('wamv_gazebo', 'ld_library_path_lib')
[1.354s] INFO:colcon.colcon_core.shell:Creating environment hook '/home/mrxiuer/project/毕设/demo/src/install/share/wamv_gazebo/hook/ld_library_path_lib.ps1'
[1.354s] INFO:colcon.colcon_core.shell:Creating environment descriptor '/home/mrxiuer/project/毕设/demo/src/install/share/wamv_gazebo/hook/ld_library_path_lib.dsv'
[1.354s] INFO:colcon.colcon_core.shell:Creating environment hook '/home/mrxiuer/project/毕设/demo/src/install/share/wamv_gazebo/hook/ld_library_path_lib.sh'
[1.355s] Level 1:colcon.colcon_core.environment:checking '/home/mrxiuer/project/毕设/demo/src/install/bin'
[1.355s] Level 1:colcon.colcon_core.environment:checking '/home/mrxiuer/project/毕设/demo/src/install/lib/pkgconfig/wamv_gazebo.pc'
[1.355s] Level 1:colcon.colcon_core.environment:checking '/home/mrxiuer/project/毕设/demo/src/install/lib/python3.10/site-packages'
[1.355s] Level 1:colcon.colcon_core.environment:checking '/home/mrxiuer/project/毕设/demo/src/install/bin'
[1.356s] INFO:colcon.colcon_core.shell:Creating package script '/home/mrxiuer/project/毕设/demo/src/install/share/wamv_gazebo/package.ps1'
[1.357s] INFO:colcon.colcon_core.shell:Creating package descriptor '/home/mrxiuer/project/毕设/demo/src/install/share/wamv_gazebo/package.dsv'
[1.357s] INFO:colcon.colcon_core.shell:Creating package script '/home/mrxiuer/project/毕设/demo/src/install/share/wamv_gazebo/package.sh'
[1.358s] INFO:colcon.colcon_core.shell:Creating package script '/home/mrxiuer/project/毕设/demo/src/install/share/wamv_gazebo/package.bash'
[1.358s] INFO:colcon.colcon_core.shell:Creating package script '/home/mrxiuer/project/毕设/demo/src/install/share/wamv_gazebo/package.zsh'
[1.358s] Level 1:colcon.colcon_core.environment:create_file_with_runtime_dependencies(/home/mrxiuer/project/毕设/demo/src/install/share/colcon-core/packages/wamv_gazebo)
[1.359s] Level 1:colcon.colcon_core.environment:create_environment_scripts_only(wamv_gazebo)
[1.359s] Level 1:colcon.colcon_core.environment:checking '/home/mrxiuer/project/毕设/demo/src/install' for CMake module files
[1.360s] Level 1:colcon.colcon_core.environment:checking '/home/mrxiuer/project/毕设/demo/src/install' for CMake config files
[1.360s] Level 1:colcon.colcon_core.shell:create_environment_hook('wamv_gazebo', 'cmake_prefix_path')
[1.361s] INFO:colcon.colcon_core.shell:Creating environment hook '/home/mrxiuer/project/毕设/demo/src/install/share/wamv_gazebo/hook/cmake_prefix_path.ps1'
[1.361s] INFO:colcon.colcon_core.shell:Creating environment descriptor '/home/mrxiuer/project/毕设/demo/src/install/share/wamv_gazebo/hook/cmake_prefix_path.dsv'
[1.362s] INFO:colcon.colcon_core.shell:Creating environment hook '/home/mrxiuer/project/毕设/demo/src/install/share/wamv_gazebo/hook/cmake_prefix_path.sh'
[1.362s] Level 1:colcon.colcon_core.environment:checking '/home/mrxiuer/project/毕设/demo/src/install/lib'
[1.363s] Level 1:colcon.colcon_core.shell:create_environment_hook('wamv_gazebo', 'ld_library_path_lib')
[1.363s] INFO:colcon.colcon_core.shell:Creating environment hook '/home/mrxiuer/project/毕设/demo/src/install/share/wamv_gazebo/hook/ld_library_path_lib.ps1'
[1.363s] INFO:colcon.colcon_core.shell:Creating environment descriptor '/home/mrxiuer/project/毕设/demo/src/install/share/wamv_gazebo/hook/ld_library_path_lib.dsv'
[1.364s] INFO:colcon.colcon_core.shell:Creating environment hook '/home/mrxiuer/project/毕设/demo/src/install/share/wamv_gazebo/hook/ld_library_path_lib.sh'
[1.364s] Level 1:colcon.colcon_core.environment:checking '/home/mrxiuer/project/毕设/demo/src/install/bin'
[1.364s] Level 1:colcon.colcon_core.environment:checking '/home/mrxiuer/project/毕设/demo/src/install/lib/pkgconfig/wamv_gazebo.pc'
[1.364s] Level 1:colcon.colcon_core.environment:checking '/home/mrxiuer/project/毕设/demo/src/install/lib/python3.10/site-packages'
[1.365s] Level 1:colcon.colcon_core.environment:checking '/home/mrxiuer/project/毕设/demo/src/install/bin'
[1.365s] INFO:colcon.colcon_core.shell:Creating package script '/home/mrxiuer/project/毕设/demo/src/install/share/wamv_gazebo/package.ps1'
[1.366s] INFO:colcon.colcon_core.shell:Creating package descriptor '/home/mrxiuer/project/毕设/demo/src/install/share/wamv_gazebo/package.dsv'
[1.366s] INFO:colcon.colcon_core.shell:Creating package script '/home/mrxiuer/project/毕设/demo/src/install/share/wamv_gazebo/package.sh'
[1.367s] INFO:colcon.colcon_core.shell:Creating package script '/home/mrxiuer/project/毕设/demo/src/install/share/wamv_gazebo/package.bash'
[1.368s] INFO:colcon.colcon_core.shell:Creating package script '/home/mrxiuer/project/毕设/demo/src/install/share/wamv_gazebo/package.zsh'
[1.368s] Level 1:colcon.colcon_core.environment:create_file_with_runtime_dependencies(/home/mrxiuer/project/毕设/demo/src/install/share/colcon-core/packages/wamv_gazebo)
[1.391s] Level 1:colcon.colcon_core.environment:create_environment_scripts_only(vrx_gz)
[1.391s] Level 1:colcon.colcon_core.environment:checking '/home/mrxiuer/project/毕设/demo/src/install' for CMake module files
[1.394s] Level 1:colcon.colcon_core.environment:checking '/home/mrxiuer/project/毕设/demo/src/install' for CMake config files
[1.402s] DEBUG:colcon.colcon_core.event_handler.log_command:Invoked command in '/home/mrxiuer/project/毕设/demo/src/build/vrx_gz' returned '0': CMAKE_PREFIX_PATH=${CMAKE_PREFIX_PATH}:/opt/ros/humble LD_LIBRARY_PATH=/home/mrxiuer/project/毕设/demo/src/install/lib:/usr/local/lib:/opt/ros/humble/opt/rviz_ogre_vendor/lib:/opt/ros/humble/lib/x86_64-linux-gnu:/opt/ros/humble/lib /usr/bin/cmake --install /home/mrxiuer/project/毕设/demo/src/build/vrx_gz
[1.402s] Level 1:colcon.colcon_core.shell:create_environment_hook('vrx_gz', 'cmake_prefix_path')
[1.402s] INFO:colcon.colcon_core.shell:Creating environment hook '/home/mrxiuer/project/毕设/demo/src/install/share/vrx_gz/hook/cmake_prefix_path.ps1'
[1.403s] INFO:colcon.colcon_core.shell:Creating environment descriptor '/home/mrxiuer/project/毕设/demo/src/install/share/vrx_gz/hook/cmake_prefix_path.dsv'
[1.403s] INFO:colcon.colcon_core.shell:Creating environment hook '/home/mrxiuer/project/毕设/demo/src/install/share/vrx_gz/hook/cmake_prefix_path.sh'
[1.404s] Level 1:colcon.colcon_core.environment:checking '/home/mrxiuer/project/毕设/demo/src/install/lib'
[1.404s] Level 1:colcon.colcon_core.shell:create_environment_hook('vrx_gz', 'ld_library_path_lib')
[1.404s] INFO:colcon.colcon_core.shell:Creating environment hook '/home/mrxiuer/project/毕设/demo/src/install/share/vrx_gz/hook/ld_library_path_lib.ps1'
[1.405s] INFO:colcon.colcon_core.shell:Creating environment descriptor '/home/mrxiuer/project/毕设/demo/src/install/share/vrx_gz/hook/ld_library_path_lib.dsv'
[1.405s] INFO:colcon.colcon_core.shell:Creating environment hook '/home/mrxiuer/project/毕设/demo/src/install/share/vrx_gz/hook/ld_library_path_lib.sh'
[1.406s] Level 1:colcon.colcon_core.environment:checking '/home/mrxiuer/project/毕设/demo/src/install/bin'
[1.406s] Level 1:colcon.colcon_core.environment:checking '/home/mrxiuer/project/毕设/demo/src/install/lib/pkgconfig/vrx_gz.pc'
[1.406s] Level 1:colcon.colcon_core.environment:checking '/home/mrxiuer/project/毕设/demo/src/install/lib/python3.10/site-packages'
[1.407s] Level 1:colcon.colcon_core.environment:checking '/home/mrxiuer/project/毕设/demo/src/install/bin'
[1.407s] INFO:colcon.colcon_core.shell:Creating package script '/home/mrxiuer/project/毕设/demo/src/install/share/vrx_gz/package.ps1'
[1.408s] INFO:colcon.colcon_core.shell:Creating package descriptor '/home/mrxiuer/project/毕设/demo/src/install/share/vrx_gz/package.dsv'
[1.408s] INFO:colcon.colcon_core.shell:Creating package script '/home/mrxiuer/project/毕设/demo/src/install/share/vrx_gz/package.sh'
[1.409s] INFO:colcon.colcon_core.shell:Creating package script '/home/mrxiuer/project/毕设/demo/src/install/share/vrx_gz/package.bash'
[1.409s] INFO:colcon.colcon_core.shell:Creating package script '/home/mrxiuer/project/毕设/demo/src/install/share/vrx_gz/package.zsh'
[1.409s] Level 1:colcon.colcon_core.environment:create_file_with_runtime_dependencies(/home/mrxiuer/project/毕设/demo/src/install/share/colcon-core/packages/vrx_gz)
[1.410s] Level 1:colcon.colcon_core.environment:create_environment_scripts_only(vrx_gz)
[1.410s] Level 1:colcon.colcon_core.environment:checking '/home/mrxiuer/project/毕设/demo/src/install' for CMake module files
[1.411s] Level 1:colcon.colcon_core.environment:checking '/home/mrxiuer/project/毕设/demo/src/install' for CMake config files
[1.411s] Level 1:colcon.colcon_core.shell:create_environment_hook('vrx_gz', 'cmake_prefix_path')
[1.412s] INFO:colcon.colcon_core.shell:Creating environment hook '/home/mrxiuer/project/毕设/demo/src/install/share/vrx_gz/hook/cmake_prefix_path.ps1'
[1.412s] INFO:colcon.colcon_core.shell:Creating environment descriptor '/home/mrxiuer/project/毕设/demo/src/install/share/vrx_gz/hook/cmake_prefix_path.dsv'
[1.412s] INFO:colcon.colcon_core.shell:Creating environment hook '/home/mrxiuer/project/毕设/demo/src/install/share/vrx_gz/hook/cmake_prefix_path.sh'
[1.413s] Level 1:colcon.colcon_core.environment:checking '/home/mrxiuer/project/毕设/demo/src/install/lib'
[1.413s] Level 1:colcon.colcon_core.shell:create_environment_hook('vrx_gz', 'ld_library_path_lib')
[1.413s] INFO:colcon.colcon_core.shell:Creating environment hook '/home/mrxiuer/project/毕设/demo/src/install/share/vrx_gz/hook/ld_library_path_lib.ps1'
[1.414s] INFO:colcon.colcon_core.shell:Creating environment descriptor '/home/mrxiuer/project/毕设/demo/src/install/share/vrx_gz/hook/ld_library_path_lib.dsv'
[1.414s] INFO:colcon.colcon_core.shell:Creating environment hook '/home/mrxiuer/project/毕设/demo/src/install/share/vrx_gz/hook/ld_library_path_lib.sh'
[1.415s] Level 1:colcon.colcon_core.environment:checking '/home/mrxiuer/project/毕设/demo/src/install/bin'
[1.415s] Level 1:colcon.colcon_core.environment:checking '/home/mrxiuer/project/毕设/demo/src/install/lib/pkgconfig/vrx_gz.pc'
[1.415s] Level 1:colcon.colcon_core.environment:checking '/home/mrxiuer/project/毕设/demo/src/install/lib/python3.10/site-packages'
[1.415s] Level 1:colcon.colcon_core.environment:checking '/home/mrxiuer/project/毕设/demo/src/install/bin'
[1.415s] INFO:colcon.colcon_core.shell:Creating package script '/home/mrxiuer/project/毕设/demo/src/install/share/vrx_gz/package.ps1'
[1.416s] INFO:colcon.colcon_core.shell:Creating package descriptor '/home/mrxiuer/project/毕设/demo/src/install/share/vrx_gz/package.dsv'
[1.417s] INFO:colcon.colcon_core.shell:Creating package script '/home/mrxiuer/project/毕设/demo/src/install/share/vrx_gz/package.sh'
[1.417s] INFO:colcon.colcon_core.shell:Creating package script '/home/mrxiuer/project/毕设/demo/src/install/share/vrx_gz/package.bash'
[1.418s] INFO:colcon.colcon_core.shell:Creating package script '/home/mrxiuer/project/毕设/demo/src/install/share/vrx_gz/package.zsh'
[1.418s] Level 1:colcon.colcon_core.environment:create_file_with_runtime_dependencies(/home/mrxiuer/project/毕设/demo/src/install/share/colcon-core/packages/vrx_gz)
[1.419s] DEBUG:colcon.colcon_parallel_executor.executor.parallel:closing loop
[1.419s] DEBUG:colcon.colcon_parallel_executor.executor.parallel:loop closed
[1.419s] DEBUG:colcon.colcon_parallel_executor.executor.parallel:run_until_complete finished with '0'
[1.419s] DEBUG:colcon.colcon_core.event_reactor:joining thread
[1.426s] INFO:colcon.colcon_core.plugin_system:Skipping extension 'colcon_notification.desktop_notification.terminal_notifier': Not used on non-Darwin systems
[1.427s] INFO:colcon.colcon_core.plugin_system:Skipping extension 'colcon_notification.desktop_notification.win32': Not used on non-Windows systems
[1.427s] INFO:colcon.colcon_notification.desktop_notification:Sending desktop notification using 'notify2'
[1.464s] DEBUG:colcon.colcon_core.event_reactor:joined thread
[1.465s] INFO:colcon.colcon_core.shell:Creating prefix script '/home/mrxiuer/project/毕设/demo/src/install/local_setup.ps1'
[1.466s] INFO:colcon.colcon_core.shell:Creating prefix util module '/home/mrxiuer/project/毕设/demo/src/install/_local_setup_util_ps1.py'
[1.468s] INFO:colcon.colcon_core.shell:Creating prefix chain script '/home/mrxiuer/project/毕设/demo/src/install/setup.ps1'
[1.470s] INFO:colcon.colcon_core.shell:Creating prefix script '/home/mrxiuer/project/毕设/demo/src/install/local_setup.sh'
[1.471s] INFO:colcon.colcon_core.shell:Creating prefix util module '/home/mrxiuer/project/毕设/demo/src/install/_local_setup_util_sh.py'
[1.472s] INFO:colcon.colcon_core.shell:Creating prefix chain script '/home/mrxiuer/project/毕设/demo/src/install/setup.sh'
[1.473s] INFO:colcon.colcon_core.shell:Creating prefix script '/home/mrxiuer/project/毕设/demo/src/install/local_setup.bash'
[1.474s] INFO:colcon.colcon_core.shell:Creating prefix chain script '/home/mrxiuer/project/毕设/demo/src/install/setup.bash'
[1.476s] INFO:colcon.colcon_core.shell:Creating prefix script '/home/mrxiuer/project/毕设/demo/src/install/local_setup.zsh'
[1.477s] INFO:colcon.colcon_core.shell:Creating prefix chain script '/home/mrxiuer/project/毕设/demo/src/install/setup.zsh'
