[35m[1mConsolidate compiler generated dependencies of target target_point_plugin[0m
[  4%] Built target ScoringPlugin
[  8%] Built target Waves
[  8%] Built target ament_cmake_python_copy_vrx_gz
[ 10%] [32mBuilding CXX object CMakeFiles/target_point_plugin.dir/src/target_point.cc.o[0m
[ 34%] Built target NavigationScoringPlugin
[ 34%] Built target AcousticPerceptionScoringPlugin
[ 34%] Built target BallShooterPlugin
[ 34%] Built target LightBuoyPlugin
[ 34%] Built target WayfindingScoringPlugin
[ 42%] Built target AcousticTrackingScoringPlugin
[ 46%] Built target AcousticPingerPlugin
[ 54%] Built target PerceptionScoringPlugin
[ 56%] Built target GymkhanaScoringPlugin
[ 56%] Built target PlacardPlugin
[ 62%] Built target StationkeepingScoringPlugin
[ 66%] Built target PublisherPlugin
[ 70%] Built target Surface
[ 74%] Built target SimpleHydrodynamics
[ 78%] Built target ScanDockScoringPlugin
[ 82%] Built target WildlifeScoringPlugin
[ 86%] Built target WaveVisual
[ 94%] Built target PolyhedraBuoyancyDrag
[ 98%] Built target USVWind
running egg_info
writing vrx_gz.egg-info/PKG-INFO
writing dependency_links to vrx_gz.egg-info/dependency_links.txt
writing top-level names to vrx_gz.egg-info/top_level.txt
reading manifest file 'vrx_gz.egg-info/SOURCES.txt'
writing manifest file 'vrx_gz.egg-info/SOURCES.txt'
[ 98%] Built target ament_cmake_python_build_vrx_gz_egg
