[0.009s] Invoking command in '/home/mrxiuer/project/毕设/demo/src/build/vrx_gz': CMAKE_PREFIX_PATH=${CMAKE_PREFIX_PATH}:/opt/ros/humble LD_LIBRARY_PATH=/home/mrxiuer/project/毕设/demo/src/install/lib:/usr/local/lib:/opt/ros/humble/opt/rviz_ogre_vendor/lib:/opt/ros/humble/lib/x86_64-linux-gnu:/opt/ros/humble/lib /usr/bin/cmake --build /home/mrxiuer/project/毕设/demo/src/build/vrx_gz -- -j16 -l16
[0.033s] -- Found ament_cmake: 1.3.11 (/opt/ros/humble/share/ament_cmake/cmake)
[0.134s] -- Looking for gz-sim7 -- found version 7.9.0
[0.138s] -- Searching for dependencies of gz-sim7
[0.139s] -- Looking for sdformat13 -- found version 13.9.0
[0.139s] -- Searching for dependencies of sdformat13
[0.144s] -- Checking for module 'tinyxml2'
[0.158s] --   Found tinyxml2, version 9.0.0
[0.194s] -- Looking for gz-math7 -- found version 7.5.1
[0.194s] -- Searching for dependencies of gz-math7
[0.194s] -- Looking for gz-utils2 -- found version 2.2.1
[0.195s] -- Searching for dependencies of gz-utils2
[0.196s] -- Looking for gz-utils2 -- found version 2.2.1
[0.196s] -- Searching for dependencies of gz-utils2
[0.196s] -- Searching for <gz-utils2> component [cli]
[0.196s] -- Looking for gz-utils2-cli -- found version 2.2.1
[0.197s] -- Searching for dependencies of gz-utils2-cli
[0.198s] -- Looking for gz-plugin2 -- found version 2.0.4
[0.198s] -- Searching for dependencies of gz-plugin2
[0.198s] -- Looking for gz-utils2 -- found version 2.2.1
[0.198s] -- Searching for <gz-plugin2> component [loader]
[0.200s] -- Looking for gz-plugin2-loader -- found version 2.0.4
[0.200s] -- Searching for dependencies of gz-plugin2-loader
[0.200s] -- Searching for <gz-plugin2> component [register]
[0.200s] -- Looking for gz-plugin2-register -- found version 2.0.4
[0.200s] -- Searching for dependencies of gz-plugin2-register
[0.201s] -- Looking for gz-transport12 -- found version 12.2.2
[0.201s] -- Searching for dependencies of gz-transport12
[0.235s] -- Config-file not installed for ZeroMQ -- checking for pkg-config
[0.240s] -- Checking for module 'libzmq >= 4'
[0.256s] --   Found libzmq , version 4.3.4
[0.303s] -- Checking for module 'uuid'
[0.319s] --   Found uuid, version 2.37.2
[0.362s] -- Looking for gz-utils2 -- found version 2.2.1
[0.362s] -- Looking for gz-msgs9 -- found version 9.5.1
[0.363s] -- Searching for dependencies of gz-msgs9
[0.384s] -- Looking for gz-math7 -- found version 7.5.1
[0.390s] -- Searching for <gz-transport12> component [log]
[0.390s] -- Looking for gz-transport12-log -- found version 12.2.2
[0.391s] -- Searching for dependencies of gz-transport12-log
[0.391s] -- Searching for <gz-transport12> component [parameters]
[0.391s] -- Looking for gz-transport12-parameters -- found version 12.2.2
[0.392s] -- Searching for dependencies of gz-transport12-parameters
[0.392s] -- Looking for gz-msgs9 -- found version 9.5.1
[0.393s] -- Looking for gz-common5 -- found version 5.7.1
[0.393s] -- Searching for dependencies of gz-common5
[0.393s] -- Looking for gz-utils2 -- found version 2.2.1
[0.393s] -- Looking for dlfcn.h - found
[0.393s] -- Looking for libdl - found
[0.401s] -- Searching for <gz-common5> component [profiler]
[0.401s] -- Looking for gz-common5-profiler -- found version 5.7.1
[0.402s] -- Searching for dependencies of gz-common5-profiler
[0.402s] -- Searching for <gz-common5> component [events]
[0.402s] -- Looking for gz-common5-events -- found version 5.7.1
[0.404s] -- Searching for dependencies of gz-common5-events
[0.404s] -- Looking for gz-math7 -- found version 7.5.1
[0.404s] -- Searching for <gz-common5> component [av]
[0.405s] -- Looking for gz-common5-av -- found version 5.7.1
[0.405s] -- Searching for dependencies of gz-common5-av
[0.409s] -- Checking for module 'libswscale'
[0.424s] --   Found libswscale, version 5.9.100
[0.466s] -- Checking for module 'libavdevice >= 56.4.100'
[0.480s] --   Found libavdevice , version 58.13.100
[0.525s] -- Checking for module 'libavformat'
[0.539s] --   Found libavformat, version 58.76.100
[0.583s] -- Checking for module 'libavcodec'
[0.597s] --   Found libavcodec, version 58.134.100
[0.640s] -- Checking for module 'libavutil'
[0.654s] --   Found libavutil, version 56.70.100
[0.692s] -- Searching for <gz-common5> component [io]
[0.692s] -- Looking for gz-common5-io -- found version 5.7.1
[0.693s] -- Searching for dependencies of gz-common5-io
[0.693s] -- Looking for gz-fuel_tools8 -- found version 8.2.0
[0.694s] -- Searching for dependencies of gz-fuel_tools8
[0.748s] -- Checking for module 'jsoncpp'
[0.764s] --   Found jsoncpp, version 1.9.5
[0.809s] -- Checking for module 'libzip'
[0.826s] --   Found libzip, version 1.7.3
[0.870s] -- Looking for gz-utils2 -- found version 2.2.1
[0.871s] -- Looking for gz-common5 -- found version 5.7.1
[0.871s] -- Searching for dependencies of gz-common5
[0.871s] -- Looking for gz-utils2 -- found version 2.2.1
[0.871s] -- Looking for dlfcn.h - found
[0.871s] -- Looking for libdl - found
[0.879s] -- Searching for <gz-common5> component [testing]
[0.880s] -- Looking for gz-common5-testing -- found version 5.7.1
[0.880s] -- Searching for dependencies of gz-common5-testing
[0.881s] -- Looking for gz-math7 -- found version 7.5.1
[0.881s] -- Looking for gz-msgs9 -- found version 9.5.1
[0.882s] -- Looking for gz-gui7 -- found version 7.2.2
[0.882s] -- Searching for dependencies of gz-gui7
[0.910s] -- Looking for gz-utils2 -- found version 2.2.1
[0.910s] -- Looking for gz-math7 -- found version 7.5.1
[0.910s] -- Looking for gz-common5 -- found version 5.7.1
[0.911s] -- Looking for gz-plugin2 -- found version 2.0.4
[0.911s] -- Looking for gz-transport12 -- found version 12.2.2
[0.911s] -- Looking for gz-rendering7 -- found version 7.5.0
[0.912s] -- Searching for dependencies of gz-rendering7
[0.912s] -- Looking for gz-math7 -- found version 7.5.1
[0.912s] -- Searching for dependencies of gz-math7
[0.913s] -- Looking for gz-utils2 -- found version 2.2.1
[0.913s] -- Searching for <gz-math7> component [eigen3]
[0.913s] -- Looking for gz-math7-eigen3 -- found version 7.5.1
[0.913s] -- Searching for dependencies of gz-math7-eigen3
[0.914s] -- Looking for gz-common5 -- found version 5.7.1
[0.915s] -- Searching for dependencies of gz-common5
[0.915s] -- Looking for gz-utils2 -- found version 2.2.1
[0.915s] -- Looking for dlfcn.h - found
[0.915s] -- Looking for libdl - found
[0.923s] -- Searching for <gz-common5> component [graphics]
[0.923s] -- Looking for gz-common5-graphics -- found version 5.7.1
[0.923s] -- Searching for dependencies of gz-common5-graphics
[0.924s] -- Looking for gz-math7 -- found version 7.5.1
[0.926s] -- Searching for <gz-common5> component [events]
[0.926s] -- Searching for <gz-common5> component [geospatial]
[0.926s] -- Looking for gz-common5-geospatial -- found version 5.7.1
[0.927s] -- Searching for dependencies of gz-common5-geospatial
[0.927s] -- Looking for gz-math7 -- found version 7.5.1
[0.927s] -- Looking for gz-common5 -- found version 5.7.1
[0.928s] -- Looking for gz-plugin2 -- found version 2.0.4
[0.928s] -- Searching for dependencies of gz-plugin2
[0.928s] -- Looking for gz-utils2 -- found version 2.2.1
[0.929s] -- Searching for <gz-plugin2> component [all]
[0.929s] -- Looking for all libraries of gz-plugin2 -- found version 2.0.4
[0.929s] -- Looking for gz-plugin2 -- found version 2.0.4
[0.930s] -- Looking for gz-utils2 -- found version 2.2.1
[0.932s] -- Looking for gz-msgs9 -- found version 9.5.1
[0.945s] -- Looking for gz-physics6 -- found version 6.7.0
[0.946s] -- Searching for dependencies of gz-physics6
[0.946s] -- Looking for gz-common5 -- found version 5.7.1
[0.946s] -- Looking for gz-math7 -- found version 7.5.1
[0.946s] -- Looking for gz-plugin2 -- found version 2.0.4
[0.947s] -- Looking for gz-utils2 -- found version 2.2.1
[0.947s] -- Searching for <gz-physics6> component [heightmap]
[0.948s] -- Looking for gz-physics6-heightmap -- found version 6.7.0
[0.948s] -- Searching for dependencies of gz-physics6-heightmap
[0.948s] -- Looking for gz-common5 -- found version 5.7.1
[0.949s] -- Searching for <gz-physics6> component [mesh]
[0.949s] -- Looking for gz-physics6-mesh -- found version 6.7.0
[0.949s] -- Searching for dependencies of gz-physics6-mesh
[0.950s] -- Looking for gz-common5 -- found version 5.7.1
[0.950s] -- Searching for <gz-physics6> component [sdf]
[0.950s] -- Looking for gz-physics6-sdf -- found version 6.7.0
[0.950s] -- Searching for dependencies of gz-physics6-sdf
[0.951s] -- Looking for sdformat13 -- found version 13.9.0
[0.951s] -- Looking for gz-sensors7 -- found version 7.3.1
[0.952s] -- Searching for dependencies of gz-sensors7
[0.973s] -- Looking for gz-math7 -- found version 7.5.1
[0.973s] -- Looking for gz-common5 -- found version 5.7.1
[0.974s] -- Looking for gz-transport12 -- found version 12.2.2
[0.974s] -- Looking for gz-rendering7 -- found version 7.5.0
[0.974s] -- Looking for gz-msgs9 -- found version 9.5.1
[0.975s] -- Looking for sdformat13 -- found version 13.9.0
[0.975s] -- Searching for <gz-sensors7> component [air_pressure]
[0.976s] -- Looking for gz-sensors7-air_pressure -- found version 7.3.1
[0.976s] -- Searching for dependencies of gz-sensors7-air_pressure
[0.976s] -- Searching for <gz-sensors7> component [air_speed]
[0.977s] -- Looking for gz-sensors7-air_speed -- found version 7.3.1
[0.977s] -- Searching for dependencies of gz-sensors7-air_speed
[0.977s] -- Searching for <gz-sensors7> component [altimeter]
[0.978s] -- Looking for gz-sensors7-altimeter -- found version 7.3.1
[0.978s] -- Searching for dependencies of gz-sensors7-altimeter
[0.978s] -- Searching for <gz-sensors7> component [imu]
[0.979s] -- Looking for gz-sensors7-imu -- found version 7.3.1
[0.979s] -- Searching for dependencies of gz-sensors7-imu
[0.979s] -- Searching for <gz-sensors7> component [force_torque]
[0.980s] -- Looking for gz-sensors7-force_torque -- found version 7.3.1
[0.980s] -- Searching for dependencies of gz-sensors7-force_torque
[0.980s] -- Searching for <gz-sensors7> component [logical_camera]
[0.981s] -- Looking for gz-sensors7-logical_camera -- found version 7.3.1
[0.981s] -- Searching for dependencies of gz-sensors7-logical_camera
[0.981s] -- Searching for <gz-sensors7> component [magnetometer]
[0.982s] -- Looking for gz-sensors7-magnetometer -- found version 7.3.1
[0.982s] -- Searching for dependencies of gz-sensors7-magnetometer
[0.982s] -- Searching for <gz-sensors7> component [navsat]
[0.983s] -- Looking for gz-sensors7-navsat -- found version 7.3.1
[0.983s] -- Searching for dependencies of gz-sensors7-navsat
[0.983s] -- Searching for <gz-sensors7> component [rendering]
[0.984s] -- Looking for gz-sensors7-rendering -- found version 7.3.1
[0.984s] -- Searching for dependencies of gz-sensors7-rendering
[0.984s] -- Searching for <gz-sensors7> component [lidar]
[0.984s] -- Looking for gz-sensors7-lidar -- found version 7.3.1
[0.985s] -- Searching for dependencies of gz-sensors7-lidar
[0.985s] -- Looking for gz-sensors7 -- found version 7.3.1
[0.985s] -- Searching for <gz-sensors7> component [gpu_lidar]
[0.986s] -- Looking for gz-sensors7-gpu_lidar -- found version 7.3.1
[0.986s] -- Searching for dependencies of gz-sensors7-gpu_lidar
[0.986s] -- Looking for gz-sensors7 -- found version 7.3.1
[0.987s] -- Searching for <gz-sensors7> component [camera]
[0.987s] -- Looking for gz-sensors7-camera -- found version 7.3.1
[0.987s] -- Searching for dependencies of gz-sensors7-camera
[0.988s] -- Looking for gz-sensors7 -- found version 7.3.1
[0.988s] -- Searching for <gz-sensors7> component [boundingbox_camera]
[0.988s] -- Looking for gz-sensors7-boundingbox_camera -- found version 7.3.1
[0.988s] -- Searching for dependencies of gz-sensors7-boundingbox_camera
[0.989s] -- Searching for <gz-sensors7> component [segmentation_camera]
[0.989s] -- Looking for gz-sensors7-segmentation_camera -- found version 7.3.1
[0.990s] -- Searching for dependencies of gz-sensors7-segmentation_camera
[0.990s] -- Searching for <gz-sensors7> component [depth_camera]
[0.990s] -- Looking for gz-sensors7-depth_camera -- found version 7.3.1
[0.991s] -- Searching for dependencies of gz-sensors7-depth_camera
[0.991s] -- Looking for gz-sensors7 -- found version 7.3.1
[0.991s] -- Searching for <gz-sensors7> component [rgbd_camera]
[0.992s] -- Looking for gz-sensors7-rgbd_camera -- found version 7.3.1
[0.992s] -- Searching for dependencies of gz-sensors7-rgbd_camera
[0.992s] -- Looking for gz-sensors7 -- found version 7.3.1
[0.993s] -- Searching for <gz-sensors7> component [thermal_camera]
[0.993s] -- Looking for gz-sensors7-thermal_camera -- found version 7.3.1
[0.993s] -- Searching for dependencies of gz-sensors7-thermal_camera
[0.993s] -- Looking for gz-sensors7 -- found version 7.3.1
[0.994s] -- Searching for <gz-sensors7> component [wide_angle_camera]
[0.994s] -- Looking for gz-sensors7-wide_angle_camera -- found version 7.3.1
[0.994s] -- Searching for dependencies of gz-sensors7-wide_angle_camera
[0.995s] -- Looking for gz-rendering7 -- found version 7.5.0
[0.995s] -- Looking for gz-math7 -- found version 7.5.1
[0.996s] -- Looking for gz-utils2 -- found version 2.2.1
[1.018s] -- Looking for gz-common5 -- found version 5.7.1
[1.019s] -- Looking for gz-fuel_tools8 -- found version 8.2.0
[1.019s] -- Looking for gz-math7 -- found version 7.5.1
[1.019s] -- Looking for gz-msgs9 -- found version 9.5.1
[1.019s] -- Looking for gz-transport12 -- found version 12.2.2
[1.020s] -- Looking for gz-plugin2 -- found version 2.0.4
[1.020s] -- Looking for gz-rendering7 -- found version 7.5.0
[1.020s] -- Looking for gz-sensors7 -- found version 7.3.1
[1.021s] -- Looking for gz-utils2 -- found version 2.2.1
[1.021s] -- Looking for sdformat13 -- found version 13.9.0
[1.021s] -- Found std_msgs: 4.2.4 (/opt/ros/humble/share/std_msgs/cmake)
[1.037s] -- Found rosidl_generator_c: 3.1.6 (/opt/ros/humble/share/rosidl_generator_c/cmake)
[1.039s] -- Found rosidl_adapter: 3.1.6 (/opt/ros/humble/share/rosidl_adapter/cmake)
[1.044s] -- Found rosidl_generator_cpp: 3.1.6 (/opt/ros/humble/share/rosidl_generator_cpp/cmake)
[1.052s] -- Using all available rosidl_typesupport_c: rosidl_typesupport_fastrtps_c;rosidl_typesupport_introspection_c
[1.062s] -- Using all available rosidl_typesupport_cpp: rosidl_typesupport_fastrtps_cpp;rosidl_typesupport_introspection_cpp
[1.185s] -- Looking for gz-sim7 -- found version 7.9.0
[1.185s] -- Looking for gz-gui7 -- found version 7.2.2
[1.186s] -- Configuring done
[1.292s] -- Generating done
[1.312s] -- Build files have been written to: /home/mrxiuer/project/毕设/demo/src/build/vrx_gz
[1.343s] [35m[1mConsolidate compiler generated dependencies of target ScoringPlugin[0m
[1.343s] [35m[1mConsolidate compiler generated dependencies of target Waves[0m
[1.351s] [  2%] [32mBuilding CXX object CMakeFiles/target_point_plugin.dir/src/target_point.cc.o[0m
[1.359s] [  6%] [32m[1mLinking CXX shared library libWaves.so[0m
[1.359s] [  6%] [32m[1mLinking CXX shared library libScoringPlugin.so[0m
[1.360s] [  6%] Built target ament_cmake_python_copy_vrx_gz
[1.360s] [01m[K/home/mrxiuer/project/毕设/demo/src/vrx/vrx_gz/src/target_point.cc:1:10:[m[K [01;31m[Kfatal error: [m[Kgz/gui/GuiPlugin.hh: No such file or directory
[1.360s]     1 | #include [01;31m[K<gz/gui/GuiPlugin.hh>[m[K
[1.360s]       |          [01;31m[K^~~~~~~~~~~~~~~~~~~~~[m[K
[1.360s] compilation terminated.
[1.361s] gmake[2]: *** [CMakeFiles/target_point_plugin.dir/build.make:76: CMakeFiles/target_point_plugin.dir/src/target_point.cc.o] Error 1
[1.361s] gmake[1]: *** [CMakeFiles/Makefile2:794: CMakeFiles/target_point_plugin.dir/all] Error 2
[1.361s] gmake[1]: *** Waiting for unfinished jobs....
[1.579s] running egg_info
[1.579s] writing vrx_gz.egg-info/PKG-INFO
[1.579s] writing dependency_links to vrx_gz.egg-info/dependency_links.txt
[1.580s] writing top-level names to vrx_gz.egg-info/top_level.txt
[1.581s] reading manifest file 'vrx_gz.egg-info/SOURCES.txt'
[1.582s] writing manifest file 'vrx_gz.egg-info/SOURCES.txt'
[1.584s] [  8%] Built target Waves
[1.608s] [  8%] Built target ament_cmake_python_build_vrx_gz_egg
[1.608s] [ 10%] Built target ScoringPlugin
[1.609s] gmake: *** [Makefile:146: all] Error 2
[1.612s] Invoked command in '/home/mrxiuer/project/毕设/demo/src/build/vrx_gz' returned '2': CMAKE_PREFIX_PATH=${CMAKE_PREFIX_PATH}:/opt/ros/humble LD_LIBRARY_PATH=/home/mrxiuer/project/毕设/demo/src/install/lib:/usr/local/lib:/opt/ros/humble/opt/rviz_ogre_vendor/lib:/opt/ros/humble/lib/x86_64-linux-gnu:/opt/ros/humble/lib /usr/bin/cmake --build /home/mrxiuer/project/毕设/demo/src/build/vrx_gz -- -j16 -l16
