[0.009s] Invoking command in '/home/mrxiuer/project/毕设/demo/src/build/vrx_gz': CMAKE_PREFIX_PATH=${CMAKE_PREFIX_PATH}:/opt/ros/humble LD_LIBRARY_PATH=/home/mrxiuer/project/毕设/demo/src/install/lib:/usr/local/lib:/opt/ros/humble/opt/rviz_ogre_vendor/lib:/opt/ros/humble/lib/x86_64-linux-gnu:/opt/ros/humble/lib /usr/bin/cmake --build /home/mrxiuer/project/毕设/demo/src/build/vrx_gz -- -j16 -l16
[0.033s] -- Found ament_cmake: 1.3.11 (/opt/ros/humble/share/ament_cmake/cmake)
[0.137s] -- Looking for gz-sim7 -- found version 7.9.0
[0.142s] -- Searching for dependencies of gz-sim7
[0.142s] -- Looking for sdformat13 -- found version 13.9.0
[0.142s] -- Searching for dependencies of sdformat13
[0.147s] -- Checking for module 'tinyxml2'
[0.161s] --   Found tinyxml2, version 9.0.0
[0.195s] -- Looking for gz-math7 -- found version 7.5.1
[0.196s] -- Searching for dependencies of gz-math7
[0.196s] -- Looking for gz-utils2 -- found version 2.2.1
[0.196s] -- Searching for dependencies of gz-utils2
[0.197s] -- Looking for gz-utils2 -- found version 2.2.1
[0.198s] -- Searching for dependencies of gz-utils2
[0.198s] -- Searching for <gz-utils2> component [cli]
[0.198s] -- Looking for gz-utils2-cli -- found version 2.2.1
[0.198s] -- Searching for dependencies of gz-utils2-cli
[0.200s] -- Looking for gz-plugin2 -- found version 2.0.4
[0.201s] -- Searching for dependencies of gz-plugin2
[0.201s] -- Looking for gz-utils2 -- found version 2.2.1
[0.201s] -- Searching for <gz-plugin2> component [loader]
[0.201s] -- Looking for gz-plugin2-loader -- found version 2.0.4
[0.201s] -- Searching for dependencies of gz-plugin2-loader
[0.202s] -- Searching for <gz-plugin2> component [register]
[0.202s] -- Looking for gz-plugin2-register -- found version 2.0.4
[0.202s] -- Searching for dependencies of gz-plugin2-register
[0.203s] -- Looking for gz-transport12 -- found version 12.2.2
[0.203s] -- Searching for dependencies of gz-transport12
[0.238s] -- Config-file not installed for ZeroMQ -- checking for pkg-config
[0.243s] -- Checking for module 'libzmq >= 4'
[0.259s] --   Found libzmq , version 4.3.4
[0.307s] -- Checking for module 'uuid'
[0.323s] --   Found uuid, version 2.37.2
[0.366s] -- Looking for gz-utils2 -- found version 2.2.1
[0.366s] -- Looking for gz-msgs9 -- found version 9.5.1
[0.366s] -- Searching for dependencies of gz-msgs9
[0.388s] -- Looking for gz-math7 -- found version 7.5.1
[0.394s] -- Searching for <gz-transport12> component [log]
[0.394s] -- Looking for gz-transport12-log -- found version 12.2.2
[0.394s] -- Searching for dependencies of gz-transport12-log
[0.395s] -- Searching for <gz-transport12> component [parameters]
[0.395s] -- Looking for gz-transport12-parameters -- found version 12.2.2
[0.395s] -- Searching for dependencies of gz-transport12-parameters
[0.396s] -- Looking for gz-msgs9 -- found version 9.5.1
[0.396s] -- Looking for gz-common5 -- found version 5.7.1
[0.397s] -- Searching for dependencies of gz-common5
[0.397s] -- Looking for gz-utils2 -- found version 2.2.1
[0.397s] -- Looking for dlfcn.h - found
[0.397s] -- Looking for libdl - found
[0.405s] -- Searching for <gz-common5> component [profiler]
[0.406s] -- Looking for gz-common5-profiler -- found version 5.7.1
[0.406s] -- Searching for dependencies of gz-common5-profiler
[0.407s] -- Searching for <gz-common5> component [events]
[0.407s] -- Looking for gz-common5-events -- found version 5.7.1
[0.407s] -- Searching for dependencies of gz-common5-events
[0.408s] -- Looking for gz-math7 -- found version 7.5.1
[0.408s] -- Searching for <gz-common5> component [av]
[0.408s] -- Looking for gz-common5-av -- found version 5.7.1
[0.409s] -- Searching for dependencies of gz-common5-av
[0.414s] -- Checking for module 'libswscale'
[0.430s] --   Found libswscale, version 5.9.100
[0.473s] -- Checking for module 'libavdevice >= 56.4.100'
[0.486s] --   Found libavdevice , version 58.13.100
[0.531s] -- Checking for module 'libavformat'
[0.546s] --   Found libavformat, version 58.76.100
[0.590s] -- Checking for module 'libavcodec'
[0.604s] --   Found libavcodec, version 58.134.100
[0.649s] -- Checking for module 'libavutil'
[0.664s] --   Found libavutil, version 56.70.100
[0.703s] -- Searching for <gz-common5> component [io]
[0.703s] -- Looking for gz-common5-io -- found version 5.7.1
[0.704s] -- Searching for dependencies of gz-common5-io
[0.704s] -- Looking for gz-fuel_tools8 -- found version 8.2.0
[0.705s] -- Searching for dependencies of gz-fuel_tools8
[0.758s] -- Checking for module 'jsoncpp'
[0.773s] --   Found jsoncpp, version 1.9.5
[0.816s] -- Checking for module 'libzip'
[0.831s] --   Found libzip, version 1.7.3
[0.870s] -- Looking for gz-utils2 -- found version 2.2.1
[0.871s] -- Looking for gz-common5 -- found version 5.7.1
[0.871s] -- Searching for dependencies of gz-common5
[0.871s] -- Looking for gz-utils2 -- found version 2.2.1
[0.871s] -- Looking for dlfcn.h - found
[0.871s] -- Looking for libdl - found
[0.879s] -- Searching for <gz-common5> component [testing]
[0.879s] -- Looking for gz-common5-testing -- found version 5.7.1
[0.879s] -- Searching for dependencies of gz-common5-testing
[0.880s] -- Looking for gz-math7 -- found version 7.5.1
[0.881s] -- Looking for gz-msgs9 -- found version 9.5.1
[0.881s] -- Looking for gz-gui7 -- found version 7.2.2
[0.882s] -- Searching for dependencies of gz-gui7
[0.909s] -- Looking for gz-utils2 -- found version 2.2.1
[0.909s] -- Looking for gz-math7 -- found version 7.5.1
[0.909s] -- Looking for gz-common5 -- found version 5.7.1
[0.910s] -- Looking for gz-plugin2 -- found version 2.0.4
[0.910s] -- Looking for gz-transport12 -- found version 12.2.2
[0.910s] -- Looking for gz-rendering7 -- found version 7.5.0
[0.910s] -- Searching for dependencies of gz-rendering7
[0.911s] -- Looking for gz-math7 -- found version 7.5.1
[0.911s] -- Searching for dependencies of gz-math7
[0.911s] -- Looking for gz-utils2 -- found version 2.2.1
[0.911s] -- Searching for <gz-math7> component [eigen3]
[0.912s] -- Looking for gz-math7-eigen3 -- found version 7.5.1
[0.912s] -- Searching for dependencies of gz-math7-eigen3
[0.913s] -- Looking for gz-common5 -- found version 5.7.1
[0.913s] -- Searching for dependencies of gz-common5
[0.914s] -- Looking for gz-utils2 -- found version 2.2.1
[0.914s] -- Looking for dlfcn.h - found
[0.914s] -- Looking for libdl - found
[0.920s] -- Searching for <gz-common5> component [graphics]
[0.921s] -- Looking for gz-common5-graphics -- found version 5.7.1
[0.921s] -- Searching for dependencies of gz-common5-graphics
[0.921s] -- Looking for gz-math7 -- found version 7.5.1
[0.923s] -- Searching for <gz-common5> component [events]
[0.924s] -- Searching for <gz-common5> component [geospatial]
[0.924s] -- Looking for gz-common5-geospatial -- found version 5.7.1
[0.924s] -- Searching for dependencies of gz-common5-geospatial
[0.924s] -- Looking for gz-math7 -- found version 7.5.1
[0.925s] -- Looking for gz-common5 -- found version 5.7.1
[0.925s] -- Looking for gz-plugin2 -- found version 2.0.4
[0.926s] -- Searching for dependencies of gz-plugin2
[0.926s] -- Looking for gz-utils2 -- found version 2.2.1
[0.926s] -- Searching for <gz-plugin2> component [all]
[0.926s] -- Looking for all libraries of gz-plugin2 -- found version 2.0.4
[0.927s] -- Looking for gz-plugin2 -- found version 2.0.4
[0.928s] -- Looking for gz-utils2 -- found version 2.2.1
[0.930s] -- Looking for gz-msgs9 -- found version 9.5.1
[0.942s] -- Looking for gz-physics6 -- found version 6.7.0
[0.942s] -- Searching for dependencies of gz-physics6
[0.942s] -- Looking for gz-common5 -- found version 5.7.1
[0.943s] -- Looking for gz-math7 -- found version 7.5.1
[0.943s] -- Looking for gz-plugin2 -- found version 2.0.4
[0.943s] -- Looking for gz-utils2 -- found version 2.2.1
[0.944s] -- Searching for <gz-physics6> component [heightmap]
[0.944s] -- Looking for gz-physics6-heightmap -- found version 6.7.0
[0.944s] -- Searching for dependencies of gz-physics6-heightmap
[0.945s] -- Looking for gz-common5 -- found version 5.7.1
[0.945s] -- Searching for <gz-physics6> component [mesh]
[0.945s] -- Looking for gz-physics6-mesh -- found version 6.7.0
[0.946s] -- Searching for dependencies of gz-physics6-mesh
[0.946s] -- Looking for gz-common5 -- found version 5.7.1
[0.946s] -- Searching for <gz-physics6> component [sdf]
[0.946s] -- Looking for gz-physics6-sdf -- found version 6.7.0
[0.947s] -- Searching for dependencies of gz-physics6-sdf
[0.947s] -- Looking for sdformat13 -- found version 13.9.0
[0.948s] -- Looking for gz-sensors7 -- found version 7.3.1
[0.948s] -- Searching for dependencies of gz-sensors7
[0.968s] -- Looking for gz-math7 -- found version 7.5.1
[0.969s] -- Looking for gz-common5 -- found version 5.7.1
[0.969s] -- Looking for gz-transport12 -- found version 12.2.2
[0.969s] -- Looking for gz-rendering7 -- found version 7.5.0
[0.970s] -- Looking for gz-msgs9 -- found version 9.5.1
[0.970s] -- Looking for sdformat13 -- found version 13.9.0
[0.970s] -- Searching for <gz-sensors7> component [air_pressure]
[0.971s] -- Looking for gz-sensors7-air_pressure -- found version 7.3.1
[0.971s] -- Searching for dependencies of gz-sensors7-air_pressure
[0.971s] -- Searching for <gz-sensors7> component [air_speed]
[0.972s] -- Looking for gz-sensors7-air_speed -- found version 7.3.1
[0.972s] -- Searching for dependencies of gz-sensors7-air_speed
[0.972s] -- Searching for <gz-sensors7> component [altimeter]
[0.973s] -- Looking for gz-sensors7-altimeter -- found version 7.3.1
[0.973s] -- Searching for dependencies of gz-sensors7-altimeter
[0.973s] -- Searching for <gz-sensors7> component [imu]
[0.974s] -- Looking for gz-sensors7-imu -- found version 7.3.1
[0.974s] -- Searching for dependencies of gz-sensors7-imu
[0.974s] -- Searching for <gz-sensors7> component [force_torque]
[0.975s] -- Looking for gz-sensors7-force_torque -- found version 7.3.1
[0.975s] -- Searching for dependencies of gz-sensors7-force_torque
[0.975s] -- Searching for <gz-sensors7> component [logical_camera]
[0.976s] -- Looking for gz-sensors7-logical_camera -- found version 7.3.1
[0.976s] -- Searching for dependencies of gz-sensors7-logical_camera
[0.976s] -- Searching for <gz-sensors7> component [magnetometer]
[0.976s] -- Looking for gz-sensors7-magnetometer -- found version 7.3.1
[0.977s] -- Searching for dependencies of gz-sensors7-magnetometer
[0.977s] -- Searching for <gz-sensors7> component [navsat]
[0.977s] -- Looking for gz-sensors7-navsat -- found version 7.3.1
[0.978s] -- Searching for dependencies of gz-sensors7-navsat
[0.978s] -- Searching for <gz-sensors7> component [rendering]
[0.978s] -- Looking for gz-sensors7-rendering -- found version 7.3.1
[0.979s] -- Searching for dependencies of gz-sensors7-rendering
[0.979s] -- Searching for <gz-sensors7> component [lidar]
[0.979s] -- Looking for gz-sensors7-lidar -- found version 7.3.1
[0.979s] -- Searching for dependencies of gz-sensors7-lidar
[0.980s] -- Looking for gz-sensors7 -- found version 7.3.1
[0.980s] -- Searching for <gz-sensors7> component [gpu_lidar]
[0.980s] -- Looking for gz-sensors7-gpu_lidar -- found version 7.3.1
[0.981s] -- Searching for dependencies of gz-sensors7-gpu_lidar
[0.981s] -- Looking for gz-sensors7 -- found version 7.3.1
[0.981s] -- Searching for <gz-sensors7> component [camera]
[0.982s] -- Looking for gz-sensors7-camera -- found version 7.3.1
[0.982s] -- Searching for dependencies of gz-sensors7-camera
[0.982s] -- Looking for gz-sensors7 -- found version 7.3.1
[0.983s] -- Searching for <gz-sensors7> component [boundingbox_camera]
[0.983s] -- Looking for gz-sensors7-boundingbox_camera -- found version 7.3.1
[0.983s] -- Searching for dependencies of gz-sensors7-boundingbox_camera
[0.983s] -- Searching for <gz-sensors7> component [segmentation_camera]
[0.984s] -- Looking for gz-sensors7-segmentation_camera -- found version 7.3.1
[0.984s] -- Searching for dependencies of gz-sensors7-segmentation_camera
[0.984s] -- Searching for <gz-sensors7> component [depth_camera]
[0.985s] -- Looking for gz-sensors7-depth_camera -- found version 7.3.1
[0.985s] -- Searching for dependencies of gz-sensors7-depth_camera
[0.985s] -- Looking for gz-sensors7 -- found version 7.3.1
[0.986s] -- Searching for <gz-sensors7> component [rgbd_camera]
[0.986s] -- Looking for gz-sensors7-rgbd_camera -- found version 7.3.1
[0.986s] -- Searching for dependencies of gz-sensors7-rgbd_camera
[0.987s] -- Looking for gz-sensors7 -- found version 7.3.1
[0.987s] -- Searching for <gz-sensors7> component [thermal_camera]
[0.987s] -- Looking for gz-sensors7-thermal_camera -- found version 7.3.1
[0.988s] -- Searching for dependencies of gz-sensors7-thermal_camera
[0.988s] -- Looking for gz-sensors7 -- found version 7.3.1
[0.988s] -- Searching for <gz-sensors7> component [wide_angle_camera]
[0.988s] -- Looking for gz-sensors7-wide_angle_camera -- found version 7.3.1
[0.989s] -- Searching for dependencies of gz-sensors7-wide_angle_camera
[0.990s] -- Looking for gz-rendering7 -- found version 7.5.0
[0.990s] -- Looking for gz-math7 -- found version 7.5.1
[0.990s] -- Looking for gz-utils2 -- found version 2.2.1
[1.012s] -- Looking for gz-common5 -- found version 5.7.1
[1.012s] -- Looking for gz-fuel_tools8 -- found version 8.2.0
[1.012s] -- Looking for gz-math7 -- found version 7.5.1
[1.012s] -- Looking for gz-msgs9 -- found version 9.5.1
[1.013s] -- Looking for gz-transport12 -- found version 12.2.2
[1.013s] -- Looking for gz-plugin2 -- found version 2.0.4
[1.013s] -- Looking for gz-rendering7 -- found version 7.5.0
[1.014s] -- Looking for gz-sensors7 -- found version 7.3.1
[1.014s] -- Looking for gz-utils2 -- found version 2.2.1
[1.014s] -- Looking for sdformat13 -- found version 13.9.0
[1.014s] -- Found std_msgs: 4.2.4 (/opt/ros/humble/share/std_msgs/cmake)
[1.029s] -- Found rosidl_generator_c: 3.1.6 (/opt/ros/humble/share/rosidl_generator_c/cmake)
[1.031s] -- Found rosidl_adapter: 3.1.6 (/opt/ros/humble/share/rosidl_adapter/cmake)
[1.035s] -- Found rosidl_generator_cpp: 3.1.6 (/opt/ros/humble/share/rosidl_generator_cpp/cmake)
[1.043s] -- Using all available rosidl_typesupport_c: rosidl_typesupport_fastrtps_c;rosidl_typesupport_introspection_c
[1.052s] -- Using all available rosidl_typesupport_cpp: rosidl_typesupport_fastrtps_cpp;rosidl_typesupport_introspection_cpp
[1.179s] -- Looking for gz-plugin2 -- found version 2.0.4
[1.179s] -- Looking for gz-gui7 -- found version 7.2.2
[1.179s] -- Looking for gz-rendering7 -- found version 7.5.0
[1.180s] -- Looking for gz-transport12 -- found version 12.2.2
[1.180s] -- Looking for gz-msgs9 -- found version 9.5.1
[1.182s] -- Configuring done
[1.276s] -- Generating done
[1.295s] -- Build files have been written to: /home/mrxiuer/project/毕设/demo/src/build/vrx_gz
[1.328s] [35m[1mConsolidate compiler generated dependencies of target ScoringPlugin[0m
[1.328s] [35m[1mConsolidate compiler generated dependencies of target Waves[0m
[1.328s] [35m[1mConsolidate compiler generated dependencies of target target_point_plugin[0m
[1.345s] [  4%] Built target ament_cmake_python_copy_vrx_gz
[1.345s] [  8%] Built target ScoringPlugin
[1.346s] [  8%] Built target Waves
[1.347s] [ 10%] [32mBuilding CXX object CMakeFiles/target_point_plugin.dir/src/target_point.cc.o[0m
[1.564s] running egg_info
[1.564s] writing vrx_gz.egg-info/PKG-INFO
[1.565s] writing dependency_links to vrx_gz.egg-info/dependency_links.txt
[1.565s] writing top-level names to vrx_gz.egg-info/top_level.txt
[1.566s] reading manifest file 'vrx_gz.egg-info/SOURCES.txt'
[1.567s] writing manifest file 'vrx_gz.egg-info/SOURCES.txt'
[1.593s] [ 10%] Built target ament_cmake_python_build_vrx_gz_egg
[1.617s] [35m[1mConsolidate compiler generated dependencies of target LightBuoyPlugin[0m
[1.617s] [35m[1mConsolidate compiler generated dependencies of target GymkhanaScoringPlugin[0m
[1.617s] [35m[1mConsolidate compiler generated dependencies of target AcousticPingerPlugin[0m
[1.617s] [35m[1mConsolidate compiler generated dependencies of target BallShooterPlugin[0m
[1.617s] [35m[1mConsolidate compiler generated dependencies of target PerceptionScoringPlugin[0m
[1.617s] [35m[1mConsolidate compiler generated dependencies of target NavigationScoringPlugin[0m
[1.617s] [35m[1mConsolidate compiler generated dependencies of target PublisherPlugin[0m
[1.617s] [35m[1mConsolidate compiler generated dependencies of target AcousticPerceptionScoringPlugin[0m
[1.617s] [35m[1mConsolidate compiler generated dependencies of target StationkeepingScoringPlugin[0m
[1.617s] [35m[1mConsolidate compiler generated dependencies of target ScanDockScoringPlugin[0m
[1.617s] [35m[1mConsolidate compiler generated dependencies of target AcousticTrackingScoringPlugin[0m
[1.617s] [35m[1mConsolidate compiler generated dependencies of target SimpleHydrodynamics[0m
[1.618s] [35m[1mConsolidate compiler generated dependencies of target PlacardPlugin[0m
[1.618s] [35m[1mConsolidate compiler generated dependencies of target WayfindingScoringPlugin[0m
[1.618s] [35m[1mConsolidate compiler generated dependencies of target PolyhedraBuoyancyDrag[0m
[1.633s] [ 22%] Built target LightBuoyPlugin
[1.633s] [ 22%] Built target AcousticPingerPlugin
[1.633s] [ 22%] Built target PublisherPlugin
[1.637s] [ 26%] Built target GymkhanaScoringPlugin
[1.638s] [ 30%] Built target BallShooterPlugin
[1.638s] [ 34%] Built target PerceptionScoringPlugin
[1.639s] [ 42%] Built target PlacardPlugin
[1.639s] [ 42%] Built target NavigationScoringPlugin
[1.641s] [ 46%] Built target ScanDockScoringPlugin
[1.642s] [ 52%] Built target StationkeepingScoringPlugin
[1.642s] [ 58%] Built target SimpleHydrodynamics
[1.642s] [ 62%] Built target AcousticPerceptionScoringPlugin
[1.646s] [35m[1mConsolidate compiler generated dependencies of target Surface[0m
[1.646s] [ 68%] Built target AcousticTrackingScoringPlugin
[1.647s] [ 74%] Built target WayfindingScoringPlugin
[1.647s] [35m[1mConsolidate compiler generated dependencies of target USVWind[0m
[1.648s] [ 82%] Built target PolyhedraBuoyancyDrag
[1.648s] [35m[1mConsolidate compiler generated dependencies of target WildlifeScoringPlugin[0m
[1.648s] [35m[1mConsolidate compiler generated dependencies of target WaveVisual[0m
[1.664s] [ 86%] Built target Surface
[1.666s] [ 90%] Built target WildlifeScoringPlugin
[1.669s] [ 94%] Built target WaveVisual
[1.671s] [ 98%] Built target USVWind
[3.552s] [01m[K/home/mrxiuer/project/毕设/demo/src/vrx/vrx_gz/src/target_point.cc:[m[K In constructor ‘[01m[Kgz::gui::TargetPointPlugin::TargetPointPlugin()[m[K’:
[3.552s] [01m[K/home/mrxiuer/project/毕设/demo/src/vrx/vrx_gz/src/target_point.cc:26:51:[m[K [01;31m[Kerror: [m[K‘[01m[Kclass QQuickItem[m[K’ has no member named ‘[01m[Kengine[m[K’
[3.552s]    26 |       QQmlComponent component(this->PluginItem()->[01;31m[Kengine[m[K(),
[3.552s]       |                                                   [01;31m[K^~~~~~[m[K
[3.552s] [01m[K/home/mrxiuer/project/毕设/demo/src/vrx/vrx_gz/src/target_point.cc:37:54:[m[K [01;31m[Kerror: [m[K‘[01m[Kclass QQuickItem[m[K’ has no member named ‘[01m[KaddItem[m[K’
[3.552s]    37 |         this->PluginItem()->window()->contentItem()->[01;31m[KaddItem[m[K(qmlButton);
[3.552s]       |                                                      [01;31m[K^~~~~~~[m[K
[3.553s] [01m[K/home/mrxiuer/project/毕设/demo/src/vrx/vrx_gz/src/target_point.cc:[m[K In member function ‘[01m[Kvoid gz::gui::TargetPointPlugin::HandleMouseClick(const QPointF&)[m[K’:
[3.553s] [01m[K/home/mrxiuer/project/毕设/demo/src/vrx/vrx_gz/src/target_point.cc:72:46:[m[K [01;31m[Kerror: [m[K‘[01m[KInstance[m[K’ is not a member of ‘[01m[Kgz::rendering::v7::RenderEngine[m[K’
[3.553s]    72 |       auto engine = rendering::RenderEngine::[01;31m[KInstance[m[K();
[3.553s]       |                                              [01;31m[K^~~~~~~~[m[K
[4.027s] gmake[2]: *** [CMakeFiles/target_point_plugin.dir/build.make:76: CMakeFiles/target_point_plugin.dir/src/target_point.cc.o] Error 1
[4.027s] gmake[1]: *** [CMakeFiles/Makefile2:794: CMakeFiles/target_point_plugin.dir/all] Error 2
[4.027s] gmake: *** [Makefile:146: all] Error 2
[4.030s] Invoked command in '/home/mrxiuer/project/毕设/demo/src/build/vrx_gz' returned '2': CMAKE_PREFIX_PATH=${CMAKE_PREFIX_PATH}:/opt/ros/humble LD_LIBRARY_PATH=/home/mrxiuer/project/毕设/demo/src/install/lib:/usr/local/lib:/opt/ros/humble/opt/rviz_ogre_vendor/lib:/opt/ros/humble/lib/x86_64-linux-gnu:/opt/ros/humble/lib /usr/bin/cmake --build /home/mrxiuer/project/毕设/demo/src/build/vrx_gz -- -j16 -l16
