[  2%] [32mBuilding CXX object CMakeFiles/ScoringPlugin.dir/src/ScoringPlugin.cc.o[0m
[  4%] [32mBuilding CXX object CMakeFiles/Waves.dir/src/Wavefield.cc.o[0m
[  4%] Built target ament_cmake_python_copy_vrx_gz
running egg_info
writing vrx_gz.egg-info/PKG-INFO
writing dependency_links to vrx_gz.egg-info/dependency_links.txt
writing top-level names to vrx_gz.egg-info/top_level.txt
reading manifest file 'vrx_gz.egg-info/SOURCES.txt'
writing manifest file 'vrx_gz.egg-info/SOURCES.txt'
[  4%] Built target ament_cmake_python_build_vrx_gz_egg
[  6%] [32m[1mLinking CXX shared library libWaves.so[0m
[  6%] Built target Waves
[ 12%] [32mBuilding CXX object CMakeFiles/PolyhedraBuoyancyDrag.dir/src/ShapeVolume.cc.o[0m
[ 12%] [32mBuilding CXX object CMakeFiles/PolyhedraBuoyancyDrag.dir/src/PolyhedronVolume.cc.o[0m
[ 12%] [32mBuilding CXX object CMakeFiles/PolyhedraBuoyancyDrag.dir/src/PolyhedraBuoyancyDrag.cc.o[0m
[ 14%] [32m[1mLinking CXX shared library libScoringPlugin.so[0m
[ 14%] Built target ScoringPlugin
[ 16%] [32mBuilding CXX object CMakeFiles/PlacardPlugin.dir/src/PlacardPlugin.cc.o[0m
[ 20%] [32mBuilding CXX object CMakeFiles/AcousticPingerPlugin.dir/src/AcousticPingerPlugin.cc.o[0m
[ 20%] [32mBuilding CXX object CMakeFiles/PublisherPlugin.dir/src/PublisherPlugin.cc.o[0m
[ 22%] [32mBuilding CXX object CMakeFiles/LightBuoyPlugin.dir/src/LightBuoyPlugin.cc.o[0m
[ 25%] [32mBuilding CXX object CMakeFiles/PerceptionScoringPlugin.dir/src/PerceptionScoringPlugin.cc.o[0m
[ 27%] [32mBuilding CXX object CMakeFiles/GymkhanaScoringPlugin.dir/src/GymkhanaScoringPlugin.cc.o[0m
[ 29%] [32mBuilding CXX object CMakeFiles/WayfindingScoringPlugin.dir/src/WayfindingScoringPlugin.cc.o[0m
[ 31%] [32mBuilding CXX object CMakeFiles/BallShooterPlugin.dir/src/BallShooterPlugin.cc.o[0m
[ 33%] [32mBuilding CXX object CMakeFiles/SimpleHydrodynamics.dir/src/SimpleHydrodynamics.cc.o[0m
[ 35%] [32mBuilding CXX object CMakeFiles/AcousticPerceptionScoringPlugin.dir/src/AcousticPerceptionScoringPlugin.cc.o[0m
[ 37%] [32mBuilding CXX object CMakeFiles/ScanDockScoringPlugin.dir/src/ScanDockScoringPlugin.cc.o[0m
[ 39%] [32mBuilding CXX object CMakeFiles/StationkeepingScoringPlugin.dir/src/StationkeepingScoringPlugin.cc.o[0m
[ 41%] [32mBuilding CXX object CMakeFiles/NavigationScoringPlugin.dir/src/NavigationScoringPlugin.cc.o[0m
[ 43%] [32mBuilding CXX object CMakeFiles/AcousticTrackingScoringPlugin.dir/src/AcousticTrackingScoringPlugin.cc.o[0m
[ 45%] [32mBuilding CXX object CMakeFiles/AcousticTrackingScoringPlugin.dir/src/WaypointMarkers.cc.o[0m
[ 47%] [32m[1mLinking CXX shared library libPublisherPlugin.so[0m
[ 50%] [32m[1mLinking CXX shared library libLightBuoyPlugin.so[0m
[ 50%] Built target PublisherPlugin
[ 52%] [32mBuilding CXX object CMakeFiles/AcousticPerceptionScoringPlugin.dir/src/WaypointMarkers.cc.o[0m
[ 52%] Built target LightBuoyPlugin
[ 54%] [32mBuilding CXX object CMakeFiles/StationkeepingScoringPlugin.dir/src/WaypointMarkers.cc.o[0m
[ 56%] [32m[1mLinking CXX shared library libGymkhanaScoringPlugin.so[0m
[ 58%] [32m[1mLinking CXX shared library libSimpleHydrodynamics.so[0m
[ 58%] Built target GymkhanaScoringPlugin
[ 60%] [32mBuilding CXX object CMakeFiles/WayfindingScoringPlugin.dir/src/WaypointMarkers.cc.o[0m
[ 62%] [32mBuilding CXX object CMakeFiles/Surface.dir/src/Surface.cc.o[0m
[ 64%] [32m[1mLinking CXX shared library libPlacardPlugin.so[0m
[ 66%] [32m[1mLinking CXX shared library libPolyhedraBuoyancyDrag.so[0m
[ 66%] Built target SimpleHydrodynamics
[ 68%] [32mBuilding CXX object CMakeFiles/USVWind.dir/src/USVWind.cc.o[0m
[ 68%] Built target PolyhedraBuoyancyDrag
[ 68%] Built target PlacardPlugin
[ 70%] [32mBuilding CXX object CMakeFiles/WaveVisual.dir/src/WaveVisual.cc.o[0m
[ 72%] [32mBuilding CXX object CMakeFiles/WildlifeScoringPlugin.dir/src/WildlifeScoringPlugin.cc.o[0m
[ 75%] [32m[1mLinking CXX shared library libAcousticPingerPlugin.so[0m
[ 77%] [32m[1mLinking CXX shared library libPerceptionScoringPlugin.so[0m
[ 77%] Built target AcousticPingerPlugin
[ 77%] Built target PerceptionScoringPlugin
[ 79%] [32m[1mLinking CXX shared library libAcousticTrackingScoringPlugin.so[0m
[ 81%] [32m[1mLinking CXX shared library libNavigationScoringPlugin.so[0m
[ 81%] Built target AcousticTrackingScoringPlugin
[ 83%] [32m[1mLinking CXX shared library libBallShooterPlugin.so[0m
[ 83%] Built target NavigationScoringPlugin
[ 83%] Built target BallShooterPlugin
[ 85%] [32m[1mLinking CXX shared library libScanDockScoringPlugin.so[0m
[ 85%] Built target ScanDockScoringPlugin
[ 87%] [32m[1mLinking CXX shared library libStationkeepingScoringPlugin.so[0m
[ 89%] [32m[1mLinking CXX shared library libAcousticPerceptionScoringPlugin.so[0m
[ 89%] Built target StationkeepingScoringPlugin
[ 89%] Built target AcousticPerceptionScoringPlugin
[ 91%] [32m[1mLinking CXX shared library libSurface.so[0m
[ 93%] [32m[1mLinking CXX shared library libWayfindingScoringPlugin.so[0m
[ 93%] Built target Surface
[ 93%] Built target WayfindingScoringPlugin
[ 95%] [32m[1mLinking CXX shared library libWildlifeScoringPlugin.so[0m
[ 95%] Built target WildlifeScoringPlugin
[ 97%] [32m[1mLinking CXX shared library libUSVWind.so[0m
[ 97%] Built target USVWind
[100%] [32m[1mLinking CXX shared library libWaveVisual.so[0m
[100%] Built target WaveVisual
-- Install configuration: ""
-- Up-to-date: /home/mrxiuer/project/æ¯•è®¾/demo/src/install/share/vrx_gz/environment/resource_paths.dsv
-- Up-to-date: /home/mrxiuer/project/æ¯•è®¾/demo/src/install/share/vrx_gz/environment/resource_paths.sh
-- Installing: /home/mrxiuer/project/æ¯•è®¾/demo/src/install/lib/libWaves.so
-- Installing: /home/mrxiuer/project/æ¯•è®¾/demo/src/install/lib/libPolyhedraBuoyancyDrag.so
-- Set runtime path of "/home/mrxiuer/project/æ¯•è®¾/demo/src/install/lib/libPolyhedraBuoyancyDrag.so" to ""
-- Installing: /home/mrxiuer/project/æ¯•è®¾/demo/src/install/lib/libScoringPlugin.so
-- Installing: /home/mrxiuer/project/æ¯•è®¾/demo/src/install/lib/libStationkeepingScoringPlugin.so
-- Set runtime path of "/home/mrxiuer/project/æ¯•è®¾/demo/src/install/lib/libStationkeepingScoringPlugin.so" to ""
-- Installing: /home/mrxiuer/project/æ¯•è®¾/demo/src/install/lib/libWayfindingScoringPlugin.so
-- Set runtime path of "/home/mrxiuer/project/æ¯•è®¾/demo/src/install/lib/libWayfindingScoringPlugin.so" to ""
-- Installing: /home/mrxiuer/project/æ¯•è®¾/demo/src/install/lib/libAcousticPerceptionScoringPlugin.so
-- Set runtime path of "/home/mrxiuer/project/æ¯•è®¾/demo/src/install/lib/libAcousticPerceptionScoringPlugin.so" to ""
-- Installing: /home/mrxiuer/project/æ¯•è®¾/demo/src/install/lib/libAcousticTrackingScoringPlugin.so
-- Set runtime path of "/home/mrxiuer/project/æ¯•è®¾/demo/src/install/lib/libAcousticTrackingScoringPlugin.so" to ""
-- Installing: /home/mrxiuer/project/æ¯•è®¾/demo/src/install/lib/libAcousticPingerPlugin.so
-- Set runtime path of "/home/mrxiuer/project/æ¯•è®¾/demo/src/install/lib/libAcousticPingerPlugin.so" to ""
-- Installing: /home/mrxiuer/project/æ¯•è®¾/demo/src/install/lib/libBallShooterPlugin.so
-- Set runtime path of "/home/mrxiuer/project/æ¯•è®¾/demo/src/install/lib/libBallShooterPlugin.so" to ""
-- Installing: /home/mrxiuer/project/æ¯•è®¾/demo/src/install/lib/libLightBuoyPlugin.so
-- Set runtime path of "/home/mrxiuer/project/æ¯•è®¾/demo/src/install/lib/libLightBuoyPlugin.so" to ""
-- Installing: /home/mrxiuer/project/æ¯•è®¾/demo/src/install/lib/libNavigationScoringPlugin.so
-- Set runtime path of "/home/mrxiuer/project/æ¯•è®¾/demo/src/install/lib/libNavigationScoringPlugin.so" to ""
-- Installing: /home/mrxiuer/project/æ¯•è®¾/demo/src/install/lib/libGymkhanaScoringPlugin.so
-- Set runtime path of "/home/mrxiuer/project/æ¯•è®¾/demo/src/install/lib/libGymkhanaScoringPlugin.so" to ""
-- Installing: /home/mrxiuer/project/æ¯•è®¾/demo/src/install/lib/libPerceptionScoringPlugin.so
-- Set runtime path of "/home/mrxiuer/project/æ¯•è®¾/demo/src/install/lib/libPerceptionScoringPlugin.so" to ""
-- Installing: /home/mrxiuer/project/æ¯•è®¾/demo/src/install/lib/libPlacardPlugin.so
-- Set runtime path of "/home/mrxiuer/project/æ¯•è®¾/demo/src/install/lib/libPlacardPlugin.so" to ""
-- Installing: /home/mrxiuer/project/æ¯•è®¾/demo/src/install/lib/libPublisherPlugin.so
-- Set runtime path of "/home/mrxiuer/project/æ¯•è®¾/demo/src/install/lib/libPublisherPlugin.so" to ""
-- Installing: /home/mrxiuer/project/æ¯•è®¾/demo/src/install/lib/libScanDockScoringPlugin.so
-- Set runtime path of "/home/mrxiuer/project/æ¯•è®¾/demo/src/install/lib/libScanDockScoringPlugin.so" to ""
-- Installing: /home/mrxiuer/project/æ¯•è®¾/demo/src/install/lib/libSimpleHydrodynamics.so
-- Set runtime path of "/home/mrxiuer/project/æ¯•è®¾/demo/src/install/lib/libSimpleHydrodynamics.so" to ""
-- Installing: /home/mrxiuer/project/æ¯•è®¾/demo/src/install/lib/libSurface.so
-- Set runtime path of "/home/mrxiuer/project/æ¯•è®¾/demo/src/install/lib/libSurface.so" to ""
-- Installing: /home/mrxiuer/project/æ¯•è®¾/demo/src/install/lib/libUSVWind.so
-- Set runtime path of "/home/mrxiuer/project/æ¯•è®¾/demo/src/install/lib/libUSVWind.so" to ""
-- Installing: /home/mrxiuer/project/æ¯•è®¾/demo/src/install/lib/libWaveVisual.so
-- Set runtime path of "/home/mrxiuer/project/æ¯•è®¾/demo/src/install/lib/libWaveVisual.so" to ""
-- Installing: /home/mrxiuer/project/æ¯•è®¾/demo/src/install/lib/libWildlifeScoringPlugin.so
-- Set runtime path of "/home/mrxiuer/project/æ¯•è®¾/demo/src/install/lib/libWildlifeScoringPlugin.so" to ""
-- Up-to-date: /home/mrxiuer/project/æ¯•è®¾/demo/src/install/share/vrx_gz/environment/pythonpath.sh
-- Up-to-date: /home/mrxiuer/project/æ¯•è®¾/demo/src/install/share/vrx_gz/environment/pythonpath.dsv
-- Up-to-date: /home/mrxiuer/project/æ¯•è®¾/demo/src/install/local/lib/python3.10/dist-packages/vrx_gz-0.0.0-py3.10.egg-info
-- Installing: /home/mrxiuer/project/æ¯•è®¾/demo/src/install/local/lib/python3.10/dist-packages/vrx_gz-0.0.0-py3.10.egg-info/dependency_links.txt
-- Installing: /home/mrxiuer/project/æ¯•è®¾/demo/src/install/local/lib/python3.10/dist-packages/vrx_gz-0.0.0-py3.10.egg-info/PKG-INFO
-- Installing: /home/mrxiuer/project/æ¯•è®¾/demo/src/install/local/lib/python3.10/dist-packages/vrx_gz-0.0.0-py3.10.egg-info/SOURCES.txt
-- Installing: /home/mrxiuer/project/æ¯•è®¾/demo/src/install/local/lib/python3.10/dist-packages/vrx_gz-0.0.0-py3.10.egg-info/top_level.txt
-- Up-to-date: /home/mrxiuer/project/æ¯•è®¾/demo/src/install/local/lib/python3.10/dist-packages/vrx_gz
-- Up-to-date: /home/mrxiuer/project/æ¯•è®¾/demo/src/install/local/lib/python3.10/dist-packages/vrx_gz/__init__.py
-- Up-to-date: /home/mrxiuer/project/æ¯•è®¾/demo/src/install/local/lib/python3.10/dist-packages/vrx_gz/payload_bridges.py
-- Up-to-date: /home/mrxiuer/project/æ¯•è®¾/demo/src/install/local/lib/python3.10/dist-packages/vrx_gz/bridges.py
-- Up-to-date: /home/mrxiuer/project/æ¯•è®¾/demo/src/install/local/lib/python3.10/dist-packages/vrx_gz/bridge.py
-- Up-to-date: /home/mrxiuer/project/æ¯•è®¾/demo/src/install/local/lib/python3.10/dist-packages/vrx_gz/launch.py
-- Up-to-date: /home/mrxiuer/project/æ¯•è®¾/demo/src/install/local/lib/python3.10/dist-packages/vrx_gz/model.py
Listing '/home/mrxiuer/project/æ¯•è®¾/demo/src/install/local/lib/python3.10/dist-packages/vrx_gz'...
-- Up-to-date: /home/mrxiuer/project/æ¯•è®¾/demo/src/install/share/vrx_gz/config
-- Up-to-date: /home/mrxiuer/project/æ¯•è®¾/demo/src/install/share/vrx_gz/config/wamv.yaml
-- Up-to-date: /home/mrxiuer/project/æ¯•è®¾/demo/src/install/share/vrx_gz/config/InteractiveMarker.config
-- Up-to-date: /home/mrxiuer/project/æ¯•è®¾/demo/src/install/share/vrx_gz/config/roboboat.yaml
-- Up-to-date: /home/mrxiuer/project/æ¯•è®¾/demo/src/install/share/vrx_gz/launch
-- Installing: /home/mrxiuer/project/æ¯•è®¾/demo/src/install/share/vrx_gz/launch/picture.py
-- Installing: /home/mrxiuer/project/æ¯•è®¾/demo/src/install/share/vrx_gz/launch/improved_A_star.py
-- Installing: /home/mrxiuer/project/æ¯•è®¾/demo/src/install/share/vrx_gz/launch/loss_plot.png
-- Installing: /home/mrxiuer/project/æ¯•è®¾/demo/src/install/share/vrx_gz/launch/A_star.py
-- Up-to-date: /home/mrxiuer/project/æ¯•è®¾/demo/src/install/share/vrx_gz/launch/__pycache__
-- Up-to-date: /home/mrxiuer/project/æ¯•è®¾/demo/src/install/share/vrx_gz/launch/__pycache__/common_utilities.cpython-310.pyc
-- Up-to-date: /home/mrxiuer/project/æ¯•è®¾/demo/src/install/share/vrx_gz/launch/spawn_config.launch.py
-- Installing: /home/mrxiuer/project/æ¯•è®¾/demo/src/install/share/vrx_gz/launch/headings_plot.png
-- Up-to-date: /home/mrxiuer/project/æ¯•è®¾/demo/src/install/share/vrx_gz/launch/common_utilities.py
-- Up-to-date: /home/mrxiuer/project/æ¯•è®¾/demo/src/install/share/vrx_gz/launch/competition.launch.py
-- Installing: /home/mrxiuer/project/æ¯•è®¾/demo/src/install/share/vrx_gz/launch/improved_A_star_test2.py
-- Up-to-date: /home/mrxiuer/project/æ¯•è®¾/demo/src/install/share/vrx_gz/launch/vrx_environment.launch.py
-- Installing: /home/mrxiuer/project/æ¯•è®¾/demo/src/install/share/vrx_gz/launch/runs
-- Installing: /home/mrxiuer/project/æ¯•è®¾/demo/src/install/share/vrx_gz/launch/runs/rnn_visualization
-- Installing: /home/mrxiuer/project/æ¯•è®¾/demo/src/install/share/vrx_gz/launch/runs/rnn_visualization/events.out.tfevents.1747030446.mrxiuer-Dell-G15-5515.6243.0
-- Up-to-date: /home/mrxiuer/project/æ¯•è®¾/demo/src/install/share/vrx_gz/launch/spawn.launch.py
-- Up-to-date: /home/mrxiuer/project/æ¯•è®¾/demo/src/install/share/vrx_gz/launch/usv_joy_teleop.py
-- Up-to-date: /home/mrxiuer/project/æ¯•è®¾/demo/src/install/share/vrx_gz/models
-- Up-to-date: /home/mrxiuer/project/æ¯•è®¾/demo/src/install/share/vrx_gz/models/short_navigation_course_4
-- Up-to-date: /home/mrxiuer/project/æ¯•è®¾/demo/src/install/share/vrx_gz/models/short_navigation_course_4/model.config
-- Up-to-date: /home/mrxiuer/project/æ¯•è®¾/demo/src/install/share/vrx_gz/models/short_navigation_course_4/model.sdf
-- Up-to-date: /home/mrxiuer/project/æ¯•è®¾/demo/src/install/share/vrx_gz/models/platform
-- Up-to-date: /home/mrxiuer/project/æ¯•è®¾/demo/src/install/share/vrx_gz/models/platform/model.config
-- Up-to-date: /home/mrxiuer/project/æ¯•è®¾/demo/src/install/share/vrx_gz/models/platform/model.sdf
-- Up-to-date: /home/mrxiuer/project/æ¯•è®¾/demo/src/install/share/vrx_gz/models/zhuzi
-- Up-to-date: /home/mrxiuer/project/æ¯•è®¾/demo/src/install/share/vrx_gz/models/zhuzi/mesh
-- Up-to-date: /home/mrxiuer/project/æ¯•è®¾/demo/src/install/share/vrx_gz/models/zhuzi/mesh/zhuzi.dae
-- Up-to-date: /home/mrxiuer/project/æ¯•è®¾/demo/src/install/share/vrx_gz/models/zhuzi/mesh/å›¾åƒçº¹ç†2.png
-- Up-to-date: /home/mrxiuer/project/æ¯•è®¾/demo/src/install/share/vrx_gz/models/zhuzi/model.config
-- Up-to-date: /home/mrxiuer/project/æ¯•è®¾/demo/src/install/share/vrx_gz/models/zhuzi/model.sdf
-- Up-to-date: /home/mrxiuer/project/æ¯•è®¾/demo/src/install/share/vrx_gz/models/short_navigation_course_3
-- Up-to-date: /home/mrxiuer/project/æ¯•è®¾/demo/src/install/share/vrx_gz/models/short_navigation_course_3/model.config
-- Up-to-date: /home/mrxiuer/project/æ¯•è®¾/demo/src/install/share/vrx_gz/models/short_navigation_course_3/model.sdf
-- Up-to-date: /home/mrxiuer/project/æ¯•è®¾/demo/src/install/share/vrx_gz/models/robotx_light_buoy_bgy
-- Up-to-date: /home/mrxiuer/project/æ¯•è®¾/demo/src/install/share/vrx_gz/models/robotx_light_buoy_bgy/model.config
-- Up-to-date: /home/mrxiuer/project/æ¯•è®¾/demo/src/install/share/vrx_gz/models/robotx_light_buoy_bgy/model.sdf
-- Up-to-date: /home/mrxiuer/project/æ¯•è®¾/demo/src/install/share/vrx_gz/models/robotx_light_buoy_gbr
-- Up-to-date: /home/mrxiuer/project/æ¯•è®¾/demo/src/install/share/vrx_gz/models/robotx_light_buoy_gbr/model.config
-- Up-to-date: /home/mrxiuer/project/æ¯•è®¾/demo/src/install/share/vrx_gz/models/robotx_light_buoy_gbr/model.sdf
-- Up-to-date: /home/mrxiuer/project/æ¯•è®¾/demo/src/install/share/vrx_gz/models/dock_2022_base
-- Up-to-date: /home/mrxiuer/project/æ¯•è®¾/demo/src/install/share/vrx_gz/models/dock_2022_base/model.config
-- Up-to-date: /home/mrxiuer/project/æ¯•è®¾/demo/src/install/share/vrx_gz/models/dock_2022_base/model.sdf
-- Up-to-date: /home/mrxiuer/project/æ¯•è®¾/demo/src/install/share/vrx_gz/models/roboboat02
-- Up-to-date: /home/mrxiuer/project/æ¯•è®¾/demo/src/install/share/vrx_gz/models/roboboat02/model.config
-- Up-to-date: /home/mrxiuer/project/æ¯•è®¾/demo/src/install/share/vrx_gz/models/roboboat02/meshes
-- Up-to-date: /home/mrxiuer/project/æ¯•è®¾/demo/src/install/share/vrx_gz/models/roboboat02/meshes/roboboat02.dae
-- Up-to-date: /home/mrxiuer/project/æ¯•è®¾/demo/src/install/share/vrx_gz/models/roboboat02/materials
-- Up-to-date: /home/mrxiuer/project/æ¯•è®¾/demo/src/install/share/vrx_gz/models/roboboat02/materials/scripts
-- Up-to-date: /home/mrxiuer/project/æ¯•è®¾/demo/src/install/share/vrx_gz/models/roboboat02/materials/scripts/model.material
-- Up-to-date: /home/mrxiuer/project/æ¯•è®¾/demo/src/install/share/vrx_gz/models/roboboat02/materials/textures
-- Up-to-date: /home/mrxiuer/project/æ¯•è®¾/demo/src/install/share/vrx_gz/models/roboboat02/materials/textures/Boat02_Albedo.png
-- Up-to-date: /home/mrxiuer/project/æ¯•è®¾/demo/src/install/share/vrx_gz/models/roboboat02/materials/textures/Boat02_Roughness.png
-- Up-to-date: /home/mrxiuer/project/æ¯•è®¾/demo/src/install/share/vrx_gz/models/roboboat02/materials/textures/Boat02_Normal.png
-- Up-to-date: /home/mrxiuer/project/æ¯•è®¾/demo/src/install/share/vrx_gz/models/roboboat02/materials/textures/Boat02_Metallic.png
-- Up-to-date: /home/mrxiuer/project/æ¯•è®¾/demo/src/install/share/vrx_gz/models/roboboat02/model.sdf
-- Up-to-date: /home/mrxiuer/project/æ¯•è®¾/demo/src/install/share/vrx_gz/models/huan
-- Up-to-date: /home/mrxiuer/project/æ¯•è®¾/demo/src/install/share/vrx_gz/models/huan/mesh
-- Up-to-date: /home/mrxiuer/project/æ¯•è®¾/demo/src/install/share/vrx_gz/models/huan/mesh/huan.dae
-- Up-to-date: /home/mrxiuer/project/æ¯•è®¾/demo/src/install/share/vrx_gz/models/huan/mesh/å›¾åƒçº¹ç†3.png
-- Up-to-date: /home/mrxiuer/project/æ¯•è®¾/demo/src/install/share/vrx_gz/models/huan/model.config
-- Up-to-date: /home/mrxiuer/project/æ¯•è®¾/demo/src/install/share/vrx_gz/models/huan/model.sdf
-- Up-to-date: /home/mrxiuer/project/æ¯•è®¾/demo/src/install/share/vrx_gz/models/shizi
-- Up-to-date: /home/mrxiuer/project/æ¯•è®¾/demo/src/install/share/vrx_gz/models/shizi/mesh
-- Up-to-date: /home/mrxiuer/project/æ¯•è®¾/demo/src/install/share/vrx_gz/models/shizi/mesh/å›¾åƒçº¹ç†.png
-- Up-to-date: /home/mrxiuer/project/æ¯•è®¾/demo/src/install/share/vrx_gz/models/shizi/mesh/shizi.dae
-- Up-to-date: /home/mrxiuer/project/æ¯•è®¾/demo/src/install/share/vrx_gz/models/shizi/model.config
-- Up-to-date: /home/mrxiuer/project/æ¯•è®¾/demo/src/install/share/vrx_gz/models/shizi/model.sdf
-- Up-to-date: /home/mrxiuer/project/æ¯•è®¾/demo/src/install/share/vrx_gz/models/robotx_light_buoy_rgb
-- Up-to-date: /home/mrxiuer/project/æ¯•è®¾/demo/src/install/share/vrx_gz/models/robotx_light_buoy_rgb/mesh
-- Up-to-date: /home/mrxiuer/project/æ¯•è®¾/demo/src/install/share/vrx_gz/models/robotx_light_buoy_rgb/mesh/LightTower_Albedo.png
-- Up-to-date: /home/mrxiuer/project/æ¯•è®¾/demo/src/install/share/vrx_gz/models/robotx_light_buoy_rgb/mesh/LightTower_Opacity.png
-- Up-to-date: /home/mrxiuer/project/æ¯•è®¾/demo/src/install/share/vrx_gz/models/robotx_light_buoy_rgb/mesh/LightTower_Metalness.png
-- Up-to-date: /home/mrxiuer/project/æ¯•è®¾/demo/src/install/share/vrx_gz/models/robotx_light_buoy_rgb/mesh/LightTower_Roughness.png
-- Up-to-date: /home/mrxiuer/project/æ¯•è®¾/demo/src/install/share/vrx_gz/models/robotx_light_buoy_rgb/mesh/LightTower_Normal.png
-- Up-to-date: /home/mrxiuer/project/æ¯•è®¾/demo/src/install/share/vrx_gz/models/robotx_light_buoy_rgb/mesh/robotx_light_buoy.dae
-- Up-to-date: /home/mrxiuer/project/æ¯•è®¾/demo/src/install/share/vrx_gz/models/robotx_light_buoy_rgb/model.config
-- Up-to-date: /home/mrxiuer/project/æ¯•è®¾/demo/src/install/share/vrx_gz/models/robotx_light_buoy_rgb/model.sdf
-- Up-to-date: /home/mrxiuer/project/æ¯•è®¾/demo/src/install/share/vrx_gz/models/robotx_light_buoy_rgy
-- Up-to-date: /home/mrxiuer/project/æ¯•è®¾/demo/src/install/share/vrx_gz/models/robotx_light_buoy_rgy/model.config
-- Up-to-date: /home/mrxiuer/project/æ¯•è®¾/demo/src/install/share/vrx_gz/models/robotx_light_buoy_rgy/model.sdf
-- Up-to-date: /home/mrxiuer/project/æ¯•è®¾/demo/src/install/share/vrx_gz/models/robotx_light_buoy_ybr
-- Up-to-date: /home/mrxiuer/project/æ¯•è®¾/demo/src/install/share/vrx_gz/models/robotx_light_buoy_ybr/model.config
-- Up-to-date: /home/mrxiuer/project/æ¯•è®¾/demo/src/install/share/vrx_gz/models/robotx_light_buoy_ybr/model.sdf
-- Up-to-date: /home/mrxiuer/project/æ¯•è®¾/demo/src/install/share/vrx_gz/models/coast_waves
-- Up-to-date: /home/mrxiuer/project/æ¯•è®¾/demo/src/install/share/vrx_gz/models/coast_waves/model.config
-- Up-to-date: /home/mrxiuer/project/æ¯•è®¾/demo/src/install/share/vrx_gz/models/coast_waves/meshes
-- Up-to-date: /home/mrxiuer/project/æ¯•è®¾/demo/src/install/share/vrx_gz/models/coast_waves/meshes/waterlow.dae
-- Up-to-date: /home/mrxiuer/project/æ¯•è®¾/demo/src/install/share/vrx_gz/models/coast_waves/materials
-- Up-to-date: /home/mrxiuer/project/æ¯•è®¾/demo/src/install/share/vrx_gz/models/coast_waves/materials/textures
-- Up-to-date: /home/mrxiuer/project/æ¯•è®¾/demo/src/install/share/vrx_gz/models/coast_waves/materials/textures/skybox_lowres.dds
-- Up-to-date: /home/mrxiuer/project/æ¯•è®¾/demo/src/install/share/vrx_gz/models/coast_waves/materials/textures/wave_normals.dds
-- Up-to-date: /home/mrxiuer/project/æ¯•è®¾/demo/src/install/share/vrx_gz/models/coast_waves/materials/programs
-- Up-to-date: /home/mrxiuer/project/æ¯•è®¾/demo/src/install/share/vrx_gz/models/coast_waves/materials/programs/GerstnerWaves_vs_330.glsl
-- Up-to-date: /home/mrxiuer/project/æ¯•è®¾/demo/src/install/share/vrx_gz/models/coast_waves/materials/programs/GerstnerWaves_fs_330.glsl
-- Up-to-date: /home/mrxiuer/project/æ¯•è®¾/demo/src/install/share/vrx_gz/models/coast_waves/model.sdf
-- Up-to-date: /home/mrxiuer/project/æ¯•è®¾/demo/src/install/share/vrx_gz/models/short_navigation_course_2
-- Up-to-date: /home/mrxiuer/project/æ¯•è®¾/demo/src/install/share/vrx_gz/models/short_navigation_course_2/model.config
-- Up-to-date: /home/mrxiuer/project/æ¯•è®¾/demo/src/install/share/vrx_gz/models/short_navigation_course_2/model.sdf
-- Up-to-date: /home/mrxiuer/project/æ¯•è®¾/demo/src/install/share/vrx_gz/models/articulated_platform
-- Up-to-date: /home/mrxiuer/project/æ¯•è®¾/demo/src/install/share/vrx_gz/models/articulated_platform/model.config
-- Up-to-date: /home/mrxiuer/project/æ¯•è®¾/demo/src/install/share/vrx_gz/models/articulated_platform/model.sdf
-- Up-to-date: /home/mrxiuer/project/æ¯•è®¾/demo/src/install/share/vrx_gz/models/short_navigation_course_5
-- Up-to-date: /home/mrxiuer/project/æ¯•è®¾/demo/src/install/share/vrx_gz/models/short_navigation_course_5/model.config
-- Up-to-date: /home/mrxiuer/project/æ¯•è®¾/demo/src/install/share/vrx_gz/models/short_navigation_course_5/model.sdf
-- Up-to-date: /home/mrxiuer/project/æ¯•è®¾/demo/src/install/share/vrx_gz/models/roboboat_cpubox
-- Up-to-date: /home/mrxiuer/project/æ¯•è®¾/demo/src/install/share/vrx_gz/models/roboboat_cpubox/model.config
-- Up-to-date: /home/mrxiuer/project/æ¯•è®¾/demo/src/install/share/vrx_gz/models/roboboat_cpubox/meshes
-- Up-to-date: /home/mrxiuer/project/æ¯•è®¾/demo/src/install/share/vrx_gz/models/roboboat_cpubox/meshes/drybox.dae
-- Up-to-date: /home/mrxiuer/project/æ¯•è®¾/demo/src/install/share/vrx_gz/models/roboboat_cpubox/materials
-- Up-to-date: /home/mrxiuer/project/æ¯•è®¾/demo/src/install/share/vrx_gz/models/roboboat_cpubox/materials/textures
-- Up-to-date: /home/mrxiuer/project/æ¯•è®¾/demo/src/install/share/vrx_gz/models/roboboat_cpubox/materials/textures/DryBox_Albedo.png
-- Up-to-date: /home/mrxiuer/project/æ¯•è®¾/demo/src/install/share/vrx_gz/models/roboboat_cpubox/materials/textures/DryBox_Roughness.png
-- Up-to-date: /home/mrxiuer/project/æ¯•è®¾/demo/src/install/share/vrx_gz/models/roboboat_cpubox/model.sdf
-- Up-to-date: /home/mrxiuer/project/æ¯•è®¾/demo/src/install/share/vrx_gz/models/placard_2022
-- Up-to-date: /home/mrxiuer/project/æ¯•è®¾/demo/src/install/share/vrx_gz/models/placard_2022/model.config
-- Up-to-date: /home/mrxiuer/project/æ¯•è®¾/demo/src/install/share/vrx_gz/models/placard_2022/meshes
-- Up-to-date: /home/mrxiuer/project/æ¯•è®¾/demo/src/install/share/vrx_gz/models/placard_2022/meshes/placard_2022.dae
-- Up-to-date: /home/mrxiuer/project/æ¯•è®¾/demo/src/install/share/vrx_gz/models/placard_2022/materials
-- Up-to-date: /home/mrxiuer/project/æ¯•è®¾/demo/src/install/share/vrx_gz/models/placard_2022/materials/textures
-- Up-to-date: /home/mrxiuer/project/æ¯•è®¾/demo/src/install/share/vrx_gz/models/placard_2022/materials/textures/Placard.png
-- Up-to-date: /home/mrxiuer/project/æ¯•è®¾/demo/src/install/share/vrx_gz/models/placard_2022/model.sdf
-- Up-to-date: /home/mrxiuer/project/æ¯•è®¾/demo/src/install/share/vrx_gz/models/fangkuai
-- Up-to-date: /home/mrxiuer/project/æ¯•è®¾/demo/src/install/share/vrx_gz/models/fangkuai/mesh
-- Up-to-date: /home/mrxiuer/project/æ¯•è®¾/demo/src/install/share/vrx_gz/models/fangkuai/mesh/fangkuai.dae
-- Up-to-date: /home/mrxiuer/project/æ¯•è®¾/demo/src/install/share/vrx_gz/models/fangkuai/mesh/å›¾åƒçº¹ç†.png
-- Up-to-date: /home/mrxiuer/project/æ¯•è®¾/demo/src/install/share/vrx_gz/models/fangkuai/model.config
-- Up-to-date: /home/mrxiuer/project/æ¯•è®¾/demo/src/install/share/vrx_gz/models/fangkuai/model.sdf
-- Up-to-date: /home/mrxiuer/project/æ¯•è®¾/demo/src/install/share/vrx_gz/models/symbol_triangle
-- Up-to-date: /home/mrxiuer/project/æ¯•è®¾/demo/src/install/share/vrx_gz/models/symbol_triangle/mesh
-- Up-to-date: /home/mrxiuer/project/æ¯•è®¾/demo/src/install/share/vrx_gz/models/symbol_triangle/mesh/triangle.dae
-- Up-to-date: /home/mrxiuer/project/æ¯•è®¾/demo/src/install/share/vrx_gz/models/symbol_triangle/model.config
-- Up-to-date: /home/mrxiuer/project/æ¯•è®¾/demo/src/install/share/vrx_gz/models/symbol_triangle/model.sdf
-- Up-to-date: /home/mrxiuer/project/æ¯•è®¾/demo/src/install/share/vrx_gz/models/dock_2022
-- Up-to-date: /home/mrxiuer/project/æ¯•è®¾/demo/src/install/share/vrx_gz/models/dock_2022/model.config
-- Up-to-date: /home/mrxiuer/project/æ¯•è®¾/demo/src/install/share/vrx_gz/models/dock_2022/model.sdf
-- Up-to-date: /home/mrxiuer/project/æ¯•è®¾/demo/src/install/share/vrx_gz/models/obstacle_course
-- Up-to-date: /home/mrxiuer/project/æ¯•è®¾/demo/src/install/share/vrx_gz/models/obstacle_course/model.config
-- Up-to-date: /home/mrxiuer/project/æ¯•è®¾/demo/src/install/share/vrx_gz/models/obstacle_course/model.sdf
-- Up-to-date: /home/mrxiuer/project/æ¯•è®¾/demo/src/install/share/vrx_gz/models/robotx_light_buoy_yrg
-- Up-to-date: /home/mrxiuer/project/æ¯•è®¾/demo/src/install/share/vrx_gz/models/robotx_light_buoy_yrg/model.config
-- Up-to-date: /home/mrxiuer/project/æ¯•è®¾/demo/src/install/share/vrx_gz/models/robotx_light_buoy_yrg/model.sdf
-- Up-to-date: /home/mrxiuer/project/æ¯•è®¾/demo/src/install/share/vrx_gz/models/robotx_light_buoy_rbg
-- Up-to-date: /home/mrxiuer/project/æ¯•è®¾/demo/src/install/share/vrx_gz/models/robotx_light_buoy_rbg/model.config
-- Up-to-date: /home/mrxiuer/project/æ¯•è®¾/demo/src/install/share/vrx_gz/models/robotx_light_buoy_rbg/model.sdf
-- Up-to-date: /home/mrxiuer/project/æ¯•è®¾/demo/src/install/share/vrx_gz/models/entrance_exit
-- Up-to-date: /home/mrxiuer/project/æ¯•è®¾/demo/src/install/share/vrx_gz/models/entrance_exit/model.config
-- Up-to-date: /home/mrxiuer/project/æ¯•è®¾/demo/src/install/share/vrx_gz/models/entrance_exit/model.sdf
-- Up-to-date: /home/mrxiuer/project/æ¯•è®¾/demo/src/install/share/vrx_gz/models/short_navigation_course_0
-- Up-to-date: /home/mrxiuer/project/æ¯•è®¾/demo/src/install/share/vrx_gz/models/short_navigation_course_0/model.config
-- Up-to-date: /home/mrxiuer/project/æ¯•è®¾/demo/src/install/share/vrx_gz/models/short_navigation_course_0/model.sdf
-- Up-to-date: /home/mrxiuer/project/æ¯•è®¾/demo/src/install/share/vrx_gz/models/short_course_2023_phase3_2
-- Up-to-date: /home/mrxiuer/project/æ¯•è®¾/demo/src/install/share/vrx_gz/models/short_course_2023_phase3_2/model.config
-- Up-to-date: /home/mrxiuer/project/æ¯•è®¾/demo/src/install/share/vrx_gz/models/short_course_2023_phase3_2/model.sdf
-- Up-to-date: /home/mrxiuer/project/æ¯•è®¾/demo/src/install/share/vrx_gz/models/robotx_light_buoy_ygb
-- Up-to-date: /home/mrxiuer/project/æ¯•è®¾/demo/src/install/share/vrx_gz/models/robotx_light_buoy_ygb/model.config
-- Up-to-date: /home/mrxiuer/project/æ¯•è®¾/demo/src/install/share/vrx_gz/models/robotx_light_buoy_ygb/model.sdf
-- Up-to-date: /home/mrxiuer/project/æ¯•è®¾/demo/src/install/share/vrx_gz/models/short_course_2023_phase3_1
-- Up-to-date: /home/mrxiuer/project/æ¯•è®¾/demo/src/install/share/vrx_gz/models/short_course_2023_phase3_1/model.config
-- Up-to-date: /home/mrxiuer/project/æ¯•è®¾/demo/src/install/share/vrx_gz/models/short_course_2023_phase3_1/model.sdf
-- Up-to-date: /home/mrxiuer/project/æ¯•è®¾/demo/src/install/share/vrx_gz/models/short_navigation_course_1
-- Up-to-date: /home/mrxiuer/project/æ¯•è®¾/demo/src/install/share/vrx_gz/models/short_navigation_course_1/model.config
-- Up-to-date: /home/mrxiuer/project/æ¯•è®¾/demo/src/install/share/vrx_gz/models/short_navigation_course_1/model.sdf
-- Up-to-date: /home/mrxiuer/project/æ¯•è®¾/demo/src/install/share/vrx_gz/models/dock_block_4x4
-- Up-to-date: /home/mrxiuer/project/æ¯•è®¾/demo/src/install/share/vrx_gz/models/dock_block_4x4/mesh
-- Up-to-date: /home/mrxiuer/project/æ¯•è®¾/demo/src/install/share/vrx_gz/models/dock_block_4x4/mesh/DockCubes_Normal.png
-- Up-to-date: /home/mrxiuer/project/æ¯•è®¾/demo/src/install/share/vrx_gz/models/dock_block_4x4/mesh/DockCubes_Albedo.png
-- Up-to-date: /home/mrxiuer/project/æ¯•è®¾/demo/src/install/share/vrx_gz/models/dock_block_4x4/mesh/DockCubes_Roughness.png
-- Up-to-date: /home/mrxiuer/project/æ¯•è®¾/demo/src/install/share/vrx_gz/models/dock_block_4x4/mesh/dock_block_4x4.dae
-- Up-to-date: /home/mrxiuer/project/æ¯•è®¾/demo/src/install/share/vrx_gz/models/dock_block_4x4/mesh/DockCubes_Metalness.png
-- Up-to-date: /home/mrxiuer/project/æ¯•è®¾/demo/src/install/share/vrx_gz/models/dock_block_4x4/model.config
-- Up-to-date: /home/mrxiuer/project/æ¯•è®¾/demo/src/install/share/vrx_gz/models/dock_block_4x4/model.sdf
-- Up-to-date: /home/mrxiuer/project/æ¯•è®¾/demo/src/install/share/vrx_gz/models/roboboat01
-- Up-to-date: /home/mrxiuer/project/æ¯•è®¾/demo/src/install/share/vrx_gz/models/roboboat01/model.config
-- Up-to-date: /home/mrxiuer/project/æ¯•è®¾/demo/src/install/share/vrx_gz/models/roboboat01/meshes
-- Up-to-date: /home/mrxiuer/project/æ¯•è®¾/demo/src/install/share/vrx_gz/models/roboboat01/meshes/roboboat01.dae
-- Up-to-date: /home/mrxiuer/project/æ¯•è®¾/demo/src/install/share/vrx_gz/models/roboboat01/meshes/prop.dae
-- Up-to-date: /home/mrxiuer/project/æ¯•è®¾/demo/src/install/share/vrx_gz/models/roboboat01/meshes/mount.dae
-- Up-to-date: /home/mrxiuer/project/æ¯•è®¾/demo/src/install/share/vrx_gz/models/roboboat01/meshes/housing.dae
-- Up-to-date: /home/mrxiuer/project/æ¯•è®¾/demo/src/install/share/vrx_gz/models/roboboat01/materials
-- Up-to-date: /home/mrxiuer/project/æ¯•è®¾/demo/src/install/share/vrx_gz/models/roboboat01/materials/scripts
-- Up-to-date: /home/mrxiuer/project/æ¯•è®¾/demo/src/install/share/vrx_gz/models/roboboat01/materials/scripts/model.material
-- Up-to-date: /home/mrxiuer/project/æ¯•è®¾/demo/src/install/share/vrx_gz/models/roboboat01/materials/textures
-- Up-to-date: /home/mrxiuer/project/æ¯•è®¾/demo/src/install/share/vrx_gz/models/roboboat01/materials/textures/Boat01_Metallic.png
-- Up-to-date: /home/mrxiuer/project/æ¯•è®¾/demo/src/install/share/vrx_gz/models/roboboat01/materials/textures/Thruster_Roughness.png
-- Up-to-date: /home/mrxiuer/project/æ¯•è®¾/demo/src/install/share/vrx_gz/models/roboboat01/materials/textures/Boat01_Normal.png
-- Up-to-date: /home/mrxiuer/project/æ¯•è®¾/demo/src/install/share/vrx_gz/models/roboboat01/materials/textures/Boat01_Roughness.png
-- Up-to-date: /home/mrxiuer/project/æ¯•è®¾/demo/src/install/share/vrx_gz/models/roboboat01/materials/textures/Thruster_Albedo.png
-- Up-to-date: /home/mrxiuer/project/æ¯•è®¾/demo/src/install/share/vrx_gz/models/roboboat01/materials/textures/Boat01_Albedo.png
-- Up-to-date: /home/mrxiuer/project/æ¯•è®¾/demo/src/install/share/vrx_gz/models/roboboat01/model.sdf
-- Up-to-date: /home/mrxiuer/project/æ¯•è®¾/demo/src/install/share/vrx_gz/models/robotx_light_buoy_bgr
-- Up-to-date: /home/mrxiuer/project/æ¯•è®¾/demo/src/install/share/vrx_gz/models/robotx_light_buoy_bgr/model.config
-- Up-to-date: /home/mrxiuer/project/æ¯•è®¾/demo/src/install/share/vrx_gz/models/robotx_light_buoy_bgr/model.sdf
-- Up-to-date: /home/mrxiuer/project/æ¯•è®¾/demo/src/install/share/vrx_gz/worlds
-- Up-to-date: /home/mrxiuer/project/æ¯•è®¾/demo/src/install/share/vrx_gz/worlds/gymkhana_task.sdf
-- Up-to-date: /home/mrxiuer/project/æ¯•è®¾/demo/src/install/share/vrx_gz/worlds/perception_task.sdf
-- Up-to-date: /home/mrxiuer/project/æ¯•è®¾/demo/src/install/share/vrx_gz/worlds/scan_dock_deliver_task.sdf
-- Up-to-date: /home/mrxiuer/project/æ¯•è®¾/demo/src/install/share/vrx_gz/worlds/follow_path_task.sdf
-- Up-to-date: /home/mrxiuer/project/æ¯•è®¾/demo/src/install/share/vrx_gz/worlds/sydney_regatta.sdf
-- Up-to-date: /home/mrxiuer/project/æ¯•è®¾/demo/src/install/share/vrx_gz/worlds/stationkeeping_task.sdf
-- Installing: /home/mrxiuer/project/æ¯•è®¾/demo/src/install/share/vrx_gz/worlds/wayfinding_task2.sdf
-- Up-to-date: /home/mrxiuer/project/æ¯•è®¾/demo/src/install/share/vrx_gz/worlds/2023_practice
-- Up-to-date: /home/mrxiuer/project/æ¯•è®¾/demo/src/install/share/vrx_gz/worlds/2023_practice/practice_2023_perception1_task.sdf
-- Up-to-date: /home/mrxiuer/project/æ¯•è®¾/demo/src/install/share/vrx_gz/worlds/2023_practice/practice_2023_acoustic_perception1_task.sdf
-- Up-to-date: /home/mrxiuer/project/æ¯•è®¾/demo/src/install/share/vrx_gz/worlds/2023_practice/practice_2023_wildlife1_task.sdf
-- Up-to-date: /home/mrxiuer/project/æ¯•è®¾/demo/src/install/share/vrx_gz/worlds/2023_practice/practice_2023_follow_path1_task.sdf
-- Up-to-date: /home/mrxiuer/project/æ¯•è®¾/demo/src/install/share/vrx_gz/worlds/2023_practice/practice_2023_stationkeeping0_task.sdf
-- Up-to-date: /home/mrxiuer/project/æ¯•è®¾/demo/src/install/share/vrx_gz/worlds/2023_practice/practice_2023_scan_dock_deliver0_task.sdf
-- Up-to-date: /home/mrxiuer/project/æ¯•è®¾/demo/src/install/share/vrx_gz/worlds/2023_practice/practice_2023_wildlife2_task.sdf
-- Up-to-date: /home/mrxiuer/project/æ¯•è®¾/demo/src/install/share/vrx_gz/worlds/2023_practice/practice_2023_acoustic_tracking2_task.sdf
-- Up-to-date: /home/mrxiuer/project/æ¯•è®¾/demo/src/install/share/vrx_gz/worlds/2023_practice/practice_2023_scan_dock_deliver1_task.sdf
-- Up-to-date: /home/mrxiuer/project/æ¯•è®¾/demo/src/install/share/vrx_gz/worlds/2023_practice/practice_2023_perception0_task.sdf
-- Up-to-date: /home/mrxiuer/project/æ¯•è®¾/demo/src/install/share/vrx_gz/worlds/2023_practice/practice_2023_follow_path0_task.sdf
-- Up-to-date: /home/mrxiuer/project/æ¯•è®¾/demo/src/install/share/vrx_gz/worlds/2023_practice/practice_2023_acoustic_perception0_task.sdf
-- Up-to-date: /home/mrxiuer/project/æ¯•è®¾/demo/src/install/share/vrx_gz/worlds/2023_practice/practice_2023_acoustic_tracking1_task.sdf
-- Up-to-date: /home/mrxiuer/project/æ¯•è®¾/demo/src/install/share/vrx_gz/worlds/2023_practice/practice_2023_acoustic_tracking0_task.sdf
-- Up-to-date: /home/mrxiuer/project/æ¯•è®¾/demo/src/install/share/vrx_gz/worlds/2023_practice/practice_2023_wayfinding1_task.sdf
-- Up-to-date: /home/mrxiuer/project/æ¯•è®¾/demo/src/install/share/vrx_gz/worlds/2023_practice/practice_2023_stationkeeping2_task.sdf
-- Up-to-date: /home/mrxiuer/project/æ¯•è®¾/demo/src/install/share/vrx_gz/worlds/2023_practice/practice_2023_scan_dock_deliver2_task.sdf
-- Up-to-date: /home/mrxiuer/project/æ¯•è®¾/demo/src/install/share/vrx_gz/worlds/2023_practice/practice_2023_wayfinding0_task.sdf
-- Up-to-date: /home/mrxiuer/project/æ¯•è®¾/demo/src/install/share/vrx_gz/worlds/2023_practice/practice_2023_follow_path2_task.sdf
-- Up-to-date: /home/mrxiuer/project/æ¯•è®¾/demo/src/install/share/vrx_gz/worlds/2023_practice/practice_2023_acoustic_perception2_task.sdf
-- Up-to-date: /home/mrxiuer/project/æ¯•è®¾/demo/src/install/share/vrx_gz/worlds/2023_practice/practice_2023_stationkeeping1_task.sdf
-- Up-to-date: /home/mrxiuer/project/æ¯•è®¾/demo/src/install/share/vrx_gz/worlds/2023_practice/practice_2023_wildlife0_task.sdf
-- Up-to-date: /home/mrxiuer/project/æ¯•è®¾/demo/src/install/share/vrx_gz/worlds/2023_practice/practice_2023_perception2_task.sdf
-- Up-to-date: /home/mrxiuer/project/æ¯•è®¾/demo/src/install/share/vrx_gz/worlds/2023_practice/practice_2023_wayfinding2_task.sdf
-- Up-to-date: /home/mrxiuer/project/æ¯•è®¾/demo/src/install/share/vrx_gz/worlds/navigation_task.sdf
-- Up-to-date: /home/mrxiuer/project/æ¯•è®¾/demo/src/install/share/vrx_gz/worlds/wildlife_task.sdf
-- Up-to-date: /home/mrxiuer/project/æ¯•è®¾/demo/src/install/share/vrx_gz/worlds/acoustic_perception_task.sdf
-- Up-to-date: /home/mrxiuer/project/æ¯•è®¾/demo/src/install/share/vrx_gz/worlds/wayfinding_task.sdf
-- Up-to-date: /home/mrxiuer/project/æ¯•è®¾/demo/src/install/share/vrx_gz/worlds/nbpark.sdf
-- Up-to-date: /home/mrxiuer/project/æ¯•è®¾/demo/src/install/share/vrx_gz/worlds/acoustic_tracking_task.sdf
-- Up-to-date: /home/mrxiuer/project/æ¯•è®¾/demo/src/install/share/ament_index/resource_index/package_run_dependencies/vrx_gz
-- Up-to-date: /home/mrxiuer/project/æ¯•è®¾/demo/src/install/share/ament_index/resource_index/parent_prefix_path/vrx_gz
-- Up-to-date: /home/mrxiuer/project/æ¯•è®¾/demo/src/install/share/vrx_gz/environment/ament_prefix_path.sh
-- Up-to-date: /home/mrxiuer/project/æ¯•è®¾/demo/src/install/share/vrx_gz/environment/ament_prefix_path.dsv
-- Up-to-date: /home/mrxiuer/project/æ¯•è®¾/demo/src/install/share/vrx_gz/environment/path.sh
-- Up-to-date: /home/mrxiuer/project/æ¯•è®¾/demo/src/install/share/vrx_gz/environment/path.dsv
-- Up-to-date: /home/mrxiuer/project/æ¯•è®¾/demo/src/install/share/vrx_gz/local_setup.bash
-- Up-to-date: /home/mrxiuer/project/æ¯•è®¾/demo/src/install/share/vrx_gz/local_setup.sh
-- Up-to-date: /home/mrxiuer/project/æ¯•è®¾/demo/src/install/share/vrx_gz/local_setup.zsh
-- Up-to-date: /home/mrxiuer/project/æ¯•è®¾/demo/src/install/share/vrx_gz/local_setup.dsv
-- Installing: /home/mrxiuer/project/æ¯•è®¾/demo/src/install/share/vrx_gz/package.dsv
-- Up-to-date: /home/mrxiuer/project/æ¯•è®¾/demo/src/install/share/ament_index/resource_index/packages/vrx_gz
-- Up-to-date: /home/mrxiuer/project/æ¯•è®¾/demo/src/install/share/vrx_gz/cmake/vrx_gzConfig.cmake
-- Up-to-date: /home/mrxiuer/project/æ¯•è®¾/demo/src/install/share/vrx_gz/cmake/vrx_gzConfig-version.cmake
-- Up-to-date: /home/mrxiuer/project/æ¯•è®¾/demo/src/install/share/vrx_gz/package.xml
