[0.011s] Invoking command in '/home/mrxiuer/project/æ¯•è®¾/demo/src/build/vrx_gz': CMAKE_PREFIX_PATH=${CMAKE_PREFIX_PATH}:/opt/ros/humble LD_LIBRARY_PATH=/home/mrxiuer/project/æ¯•è®¾/demo/src/install/lib:/usr/local/lib:/opt/ros/humble/opt/rviz_ogre_vendor/lib:/opt/ros/humble/lib/x86_64-linux-gnu:/opt/ros/humble/lib /usr/bin/cmake --build /home/mrxiuer/project/æ¯•è®¾/demo/src/build/vrx_gz -- -j16 -l16
[0.079s] [  2%] [32mBuilding CXX object CMakeFiles/ScoringPlugin.dir/src/ScoringPlugin.cc.o[0m
[0.079s] [  4%] [32mBuilding CXX object CMakeFiles/Waves.dir/src/Wavefield.cc.o[0m
[0.085s] [  4%] Built target ament_cmake_python_copy_vrx_gz
[0.346s] running egg_info
[0.346s] writing vrx_gz.egg-info/PKG-INFO
[0.347s] writing dependency_links to vrx_gz.egg-info/dependency_links.txt
[0.347s] writing top-level names to vrx_gz.egg-info/top_level.txt
[0.349s] reading manifest file 'vrx_gz.egg-info/SOURCES.txt'
[0.350s] writing manifest file 'vrx_gz.egg-info/SOURCES.txt'
[0.392s] [  4%] Built target ament_cmake_python_build_vrx_gz_egg
[3.201s] [  6%] [32m[1mLinking CXX shared library libWaves.so[0m
[3.449s] [  6%] Built target Waves
[3.484s] [ 12%] [32mBuilding CXX object CMakeFiles/PolyhedraBuoyancyDrag.dir/src/ShapeVolume.cc.o[0m
[3.484s] [ 12%] [32mBuilding CXX object CMakeFiles/PolyhedraBuoyancyDrag.dir/src/PolyhedronVolume.cc.o[0m
[3.484s] [ 12%] [32mBuilding CXX object CMakeFiles/PolyhedraBuoyancyDrag.dir/src/PolyhedraBuoyancyDrag.cc.o[0m
[4.344s] [ 14%] [32m[1mLinking CXX shared library libScoringPlugin.so[0m
[4.651s] [ 14%] Built target ScoringPlugin
[4.702s] [ 16%] [32mBuilding CXX object CMakeFiles/PlacardPlugin.dir/src/PlacardPlugin.cc.o[0m
[4.702s] [ 20%] [32mBuilding CXX object CMakeFiles/AcousticPingerPlugin.dir/src/AcousticPingerPlugin.cc.o[0m
[4.702s] [ 20%] [32mBuilding CXX object CMakeFiles/PublisherPlugin.dir/src/PublisherPlugin.cc.o[0m
[4.702s] [ 22%] [32mBuilding CXX object CMakeFiles/LightBuoyPlugin.dir/src/LightBuoyPlugin.cc.o[0m
[4.702s] [ 25%] [32mBuilding CXX object CMakeFiles/PerceptionScoringPlugin.dir/src/PerceptionScoringPlugin.cc.o[0m
[4.703s] [ 27%] [32mBuilding CXX object CMakeFiles/GymkhanaScoringPlugin.dir/src/GymkhanaScoringPlugin.cc.o[0m
[4.707s] [ 29%] [32mBuilding CXX object CMakeFiles/WayfindingScoringPlugin.dir/src/WayfindingScoringPlugin.cc.o[0m
[4.708s] [ 31%] [32mBuilding CXX object CMakeFiles/BallShooterPlugin.dir/src/BallShooterPlugin.cc.o[0m
[4.709s] [ 33%] [32mBuilding CXX object CMakeFiles/SimpleHydrodynamics.dir/src/SimpleHydrodynamics.cc.o[0m
[4.710s] [ 35%] [32mBuilding CXX object CMakeFiles/AcousticPerceptionScoringPlugin.dir/src/AcousticPerceptionScoringPlugin.cc.o[0m
[4.715s] [ 37%] [32mBuilding CXX object CMakeFiles/ScanDockScoringPlugin.dir/src/ScanDockScoringPlugin.cc.o[0m
[4.717s] [ 39%] [32mBuilding CXX object CMakeFiles/StationkeepingScoringPlugin.dir/src/StationkeepingScoringPlugin.cc.o[0m
[4.718s] [ 41%] [32mBuilding CXX object CMakeFiles/NavigationScoringPlugin.dir/src/NavigationScoringPlugin.cc.o[0m
[4.733s] [ 43%] [32mBuilding CXX object CMakeFiles/AcousticTrackingScoringPlugin.dir/src/AcousticTrackingScoringPlugin.cc.o[0m
[5.294s] [ 45%] [32mBuilding CXX object CMakeFiles/AcousticTrackingScoringPlugin.dir/src/WaypointMarkers.cc.o[0m
[10.201s] [ 47%] [32m[1mLinking CXX shared library libPublisherPlugin.so[0m
[10.698s] [ 50%] [32m[1mLinking CXX shared library libLightBuoyPlugin.so[0m
[10.764s] [ 50%] Built target PublisherPlugin
[10.808s] [ 52%] [32mBuilding CXX object CMakeFiles/AcousticPerceptionScoringPlugin.dir/src/WaypointMarkers.cc.o[0m
[11.251s] [ 52%] Built target LightBuoyPlugin
[11.263s] [ 54%] [32mBuilding CXX object CMakeFiles/StationkeepingScoringPlugin.dir/src/WaypointMarkers.cc.o[0m
[11.878s] [ 56%] [32m[1mLinking CXX shared library libGymkhanaScoringPlugin.so[0m
[12.431s] [ 58%] [32m[1mLinking CXX shared library libSimpleHydrodynamics.so[0m
[12.441s] [ 58%] Built target GymkhanaScoringPlugin
[12.455s] [ 60%] [32mBuilding CXX object CMakeFiles/WayfindingScoringPlugin.dir/src/WaypointMarkers.cc.o[0m
[12.670s] [ 62%] [32mBuilding CXX object CMakeFiles/Surface.dir/src/Surface.cc.o[0m
[12.735s] [ 64%] [32m[1mLinking CXX shared library libPlacardPlugin.so[0m
[12.748s] [ 66%] [32m[1mLinking CXX shared library libPolyhedraBuoyancyDrag.so[0m
[12.829s] [ 66%] Built target SimpleHydrodynamics
[12.885s] [ 68%] [32mBuilding CXX object CMakeFiles/USVWind.dir/src/USVWind.cc.o[0m
[13.381s] [ 68%] Built target PolyhedraBuoyancyDrag
[13.405s] [ 68%] Built target PlacardPlugin
[13.442s] [ 70%] [32mBuilding CXX object CMakeFiles/WaveVisual.dir/src/WaveVisual.cc.o[0m
[13.467s] [ 72%] [32mBuilding CXX object CMakeFiles/WildlifeScoringPlugin.dir/src/WildlifeScoringPlugin.cc.o[0m
[13.610s] [ 75%] [32m[1mLinking CXX shared library libAcousticPingerPlugin.so[0m
[13.623s] [ 77%] [32m[1mLinking CXX shared library libPerceptionScoringPlugin.so[0m
[14.204s] [ 77%] Built target AcousticPingerPlugin
[14.278s] [ 77%] Built target PerceptionScoringPlugin
[15.124s] [ 79%] [32m[1mLinking CXX shared library libAcousticTrackingScoringPlugin.so[0m
[15.360s] [ 81%] [32m[1mLinking CXX shared library libNavigationScoringPlugin.so[0m
[15.692s] [ 81%] Built target AcousticTrackingScoringPlugin
[15.782s] [ 83%] [32m[1mLinking CXX shared library libBallShooterPlugin.so[0m
[15.816s] [ 83%] Built target NavigationScoringPlugin
[16.124s] [ 83%] Built target BallShooterPlugin
[16.253s] [ 85%] [32m[1mLinking CXX shared library libScanDockScoringPlugin.so[0m
[16.577s] [ 85%] Built target ScanDockScoringPlugin
[17.310s] [ 87%] [32m[1mLinking CXX shared library libStationkeepingScoringPlugin.so[0m
[17.388s] [ 89%] [32m[1mLinking CXX shared library libAcousticPerceptionScoringPlugin.so[0m
[17.652s] [ 89%] Built target StationkeepingScoringPlugin
[17.729s] [ 89%] Built target AcousticPerceptionScoringPlugin
[17.820s] [ 91%] [32m[1mLinking CXX shared library libSurface.so[0m
[17.974s] [ 93%] [32m[1mLinking CXX shared library libWayfindingScoringPlugin.so[0m
[18.121s] [ 93%] Built target Surface
[18.316s] [ 93%] Built target WayfindingScoringPlugin
[19.123s] [ 95%] [32m[1mLinking CXX shared library libWildlifeScoringPlugin.so[0m
[19.405s] [ 95%] Built target WildlifeScoringPlugin
[19.951s] [ 97%] [32m[1mLinking CXX shared library libUSVWind.so[0m
[20.185s] [ 97%] Built target USVWind
[20.278s] [100%] [32m[1mLinking CXX shared library libWaveVisual.so[0m
[20.508s] [100%] Built target WaveVisual
[20.520s] Invoked command in '/home/mrxiuer/project/æ¯•è®¾/demo/src/build/vrx_gz' returned '0': CMAKE_PREFIX_PATH=${CMAKE_PREFIX_PATH}:/opt/ros/humble LD_LIBRARY_PATH=/home/mrxiuer/project/æ¯•è®¾/demo/src/install/lib:/usr/local/lib:/opt/ros/humble/opt/rviz_ogre_vendor/lib:/opt/ros/humble/lib/x86_64-linux-gnu:/opt/ros/humble/lib /usr/bin/cmake --build /home/mrxiuer/project/æ¯•è®¾/demo/src/build/vrx_gz -- -j16 -l16
[20.522s] Invoking command in '/home/mrxiuer/project/æ¯•è®¾/demo/src/build/vrx_gz': CMAKE_PREFIX_PATH=${CMAKE_PREFIX_PATH}:/opt/ros/humble LD_LIBRARY_PATH=/home/mrxiuer/project/æ¯•è®¾/demo/src/install/lib:/usr/local/lib:/opt/ros/humble/opt/rviz_ogre_vendor/lib:/opt/ros/humble/lib/x86_64-linux-gnu:/opt/ros/humble/lib /usr/bin/cmake --install /home/mrxiuer/project/æ¯•è®¾/demo/src/build/vrx_gz
[20.528s] -- Install configuration: ""
[20.529s] -- Up-to-date: /home/mrxiuer/project/æ¯•è®¾/demo/src/install/share/vrx_gz/environment/resource_paths.dsv
[20.529s] -- Up-to-date: /home/mrxiuer/project/æ¯•è®¾/demo/src/install/share/vrx_gz/environment/resource_paths.sh
[20.529s] -- Installing: /home/mrxiuer/project/æ¯•è®¾/demo/src/install/lib/libWaves.so
[20.530s] -- Installing: /home/mrxiuer/project/æ¯•è®¾/demo/src/install/lib/libPolyhedraBuoyancyDrag.so
[20.533s] -- Set runtime path of "/home/mrxiuer/project/æ¯•è®¾/demo/src/install/lib/libPolyhedraBuoyancyDrag.so" to ""
[20.533s] -- Installing: /home/mrxiuer/project/æ¯•è®¾/demo/src/install/lib/libScoringPlugin.so
[20.536s] -- Installing: /home/mrxiuer/project/æ¯•è®¾/demo/src/install/lib/libStationkeepingScoringPlugin.so
[20.539s] -- Set runtime path of "/home/mrxiuer/project/æ¯•è®¾/demo/src/install/lib/libStationkeepingScoringPlugin.so" to ""
[20.539s] -- Installing: /home/mrxiuer/project/æ¯•è®¾/demo/src/install/lib/libWayfindingScoringPlugin.so
[20.542s] -- Set runtime path of "/home/mrxiuer/project/æ¯•è®¾/demo/src/install/lib/libWayfindingScoringPlugin.so" to ""
[20.543s] -- Installing: /home/mrxiuer/project/æ¯•è®¾/demo/src/install/lib/libAcousticPerceptionScoringPlugin.so
[20.546s] -- Set runtime path of "/home/mrxiuer/project/æ¯•è®¾/demo/src/install/lib/libAcousticPerceptionScoringPlugin.so" to ""
[20.546s] -- Installing: /home/mrxiuer/project/æ¯•è®¾/demo/src/install/lib/libAcousticTrackingScoringPlugin.so
[20.549s] -- Set runtime path of "/home/mrxiuer/project/æ¯•è®¾/demo/src/install/lib/libAcousticTrackingScoringPlugin.so" to ""
[20.549s] -- Installing: /home/mrxiuer/project/æ¯•è®¾/demo/src/install/lib/libAcousticPingerPlugin.so
[20.552s] -- Set runtime path of "/home/mrxiuer/project/æ¯•è®¾/demo/src/install/lib/libAcousticPingerPlugin.so" to ""
[20.552s] -- Installing: /home/mrxiuer/project/æ¯•è®¾/demo/src/install/lib/libBallShooterPlugin.so
[20.555s] -- Set runtime path of "/home/mrxiuer/project/æ¯•è®¾/demo/src/install/lib/libBallShooterPlugin.so" to ""
[20.556s] -- Installing: /home/mrxiuer/project/æ¯•è®¾/demo/src/install/lib/libLightBuoyPlugin.so
[20.558s] -- Set runtime path of "/home/mrxiuer/project/æ¯•è®¾/demo/src/install/lib/libLightBuoyPlugin.so" to ""
[20.558s] -- Installing: /home/mrxiuer/project/æ¯•è®¾/demo/src/install/lib/libNavigationScoringPlugin.so
[20.561s] -- Set runtime path of "/home/mrxiuer/project/æ¯•è®¾/demo/src/install/lib/libNavigationScoringPlugin.so" to ""
[20.562s] -- Installing: /home/mrxiuer/project/æ¯•è®¾/demo/src/install/lib/libGymkhanaScoringPlugin.so
[20.564s] -- Set runtime path of "/home/mrxiuer/project/æ¯•è®¾/demo/src/install/lib/libGymkhanaScoringPlugin.so" to ""
[20.564s] -- Installing: /home/mrxiuer/project/æ¯•è®¾/demo/src/install/lib/libPerceptionScoringPlugin.so
[20.567s] -- Set runtime path of "/home/mrxiuer/project/æ¯•è®¾/demo/src/install/lib/libPerceptionScoringPlugin.so" to ""
[20.568s] -- Installing: /home/mrxiuer/project/æ¯•è®¾/demo/src/install/lib/libPlacardPlugin.so
[20.570s] -- Set runtime path of "/home/mrxiuer/project/æ¯•è®¾/demo/src/install/lib/libPlacardPlugin.so" to ""
[20.570s] -- Installing: /home/mrxiuer/project/æ¯•è®¾/demo/src/install/lib/libPublisherPlugin.so
[20.572s] -- Set runtime path of "/home/mrxiuer/project/æ¯•è®¾/demo/src/install/lib/libPublisherPlugin.so" to ""
[20.573s] -- Installing: /home/mrxiuer/project/æ¯•è®¾/demo/src/install/lib/libScanDockScoringPlugin.so
[20.576s] -- Set runtime path of "/home/mrxiuer/project/æ¯•è®¾/demo/src/install/lib/libScanDockScoringPlugin.so" to ""
[20.576s] -- Installing: /home/mrxiuer/project/æ¯•è®¾/demo/src/install/lib/libSimpleHydrodynamics.so
[20.578s] -- Set runtime path of "/home/mrxiuer/project/æ¯•è®¾/demo/src/install/lib/libSimpleHydrodynamics.so" to ""
[20.579s] -- Installing: /home/mrxiuer/project/æ¯•è®¾/demo/src/install/lib/libSurface.so
[20.581s] -- Set runtime path of "/home/mrxiuer/project/æ¯•è®¾/demo/src/install/lib/libSurface.so" to ""
[20.581s] -- Installing: /home/mrxiuer/project/æ¯•è®¾/demo/src/install/lib/libUSVWind.so
[20.584s] -- Set runtime path of "/home/mrxiuer/project/æ¯•è®¾/demo/src/install/lib/libUSVWind.so" to ""
[20.584s] -- Installing: /home/mrxiuer/project/æ¯•è®¾/demo/src/install/lib/libWaveVisual.so
[20.587s] -- Set runtime path of "/home/mrxiuer/project/æ¯•è®¾/demo/src/install/lib/libWaveVisual.so" to ""
[20.587s] -- Installing: /home/mrxiuer/project/æ¯•è®¾/demo/src/install/lib/libWildlifeScoringPlugin.so
[20.590s] -- Set runtime path of "/home/mrxiuer/project/æ¯•è®¾/demo/src/install/lib/libWildlifeScoringPlugin.so" to ""
[20.590s] -- Up-to-date: /home/mrxiuer/project/æ¯•è®¾/demo/src/install/share/vrx_gz/environment/pythonpath.sh
[20.590s] -- Up-to-date: /home/mrxiuer/project/æ¯•è®¾/demo/src/install/share/vrx_gz/environment/pythonpath.dsv
[20.590s] -- Up-to-date: /home/mrxiuer/project/æ¯•è®¾/demo/src/install/local/lib/python3.10/dist-packages/vrx_gz-0.0.0-py3.10.egg-info
[20.590s] -- Installing: /home/mrxiuer/project/æ¯•è®¾/demo/src/install/local/lib/python3.10/dist-packages/vrx_gz-0.0.0-py3.10.egg-info/dependency_links.txt
[20.590s] -- Installing: /home/mrxiuer/project/æ¯•è®¾/demo/src/install/local/lib/python3.10/dist-packages/vrx_gz-0.0.0-py3.10.egg-info/PKG-INFO
[20.590s] -- Installing: /home/mrxiuer/project/æ¯•è®¾/demo/src/install/local/lib/python3.10/dist-packages/vrx_gz-0.0.0-py3.10.egg-info/SOURCES.txt
[20.590s] -- Installing: /home/mrxiuer/project/æ¯•è®¾/demo/src/install/local/lib/python3.10/dist-packages/vrx_gz-0.0.0-py3.10.egg-info/top_level.txt
[20.591s] -- Up-to-date: /home/mrxiuer/project/æ¯•è®¾/demo/src/install/local/lib/python3.10/dist-packages/vrx_gz
[20.591s] -- Up-to-date: /home/mrxiuer/project/æ¯•è®¾/demo/src/install/local/lib/python3.10/dist-packages/vrx_gz/__init__.py
[20.591s] -- Up-to-date: /home/mrxiuer/project/æ¯•è®¾/demo/src/install/local/lib/python3.10/dist-packages/vrx_gz/payload_bridges.py
[20.591s] -- Up-to-date: /home/mrxiuer/project/æ¯•è®¾/demo/src/install/local/lib/python3.10/dist-packages/vrx_gz/bridges.py
[20.591s] -- Up-to-date: /home/mrxiuer/project/æ¯•è®¾/demo/src/install/local/lib/python3.10/dist-packages/vrx_gz/bridge.py
[20.591s] -- Up-to-date: /home/mrxiuer/project/æ¯•è®¾/demo/src/install/local/lib/python3.10/dist-packages/vrx_gz/launch.py
[20.591s] -- Up-to-date: /home/mrxiuer/project/æ¯•è®¾/demo/src/install/local/lib/python3.10/dist-packages/vrx_gz/model.py
[20.616s] Listing '/home/mrxiuer/project/æ¯•è®¾/demo/src/install/local/lib/python3.10/dist-packages/vrx_gz'...
[20.620s] -- Up-to-date: /home/mrxiuer/project/æ¯•è®¾/demo/src/install/share/vrx_gz/config
[20.620s] -- Up-to-date: /home/mrxiuer/project/æ¯•è®¾/demo/src/install/share/vrx_gz/config/wamv.yaml
[20.620s] -- Up-to-date: /home/mrxiuer/project/æ¯•è®¾/demo/src/install/share/vrx_gz/config/InteractiveMarker.config
[20.620s] -- Up-to-date: /home/mrxiuer/project/æ¯•è®¾/demo/src/install/share/vrx_gz/config/roboboat.yaml
[20.620s] -- Up-to-date: /home/mrxiuer/project/æ¯•è®¾/demo/src/install/share/vrx_gz/launch
[20.620s] -- Installing: /home/mrxiuer/project/æ¯•è®¾/demo/src/install/share/vrx_gz/launch/picture.py
[20.620s] -- Installing: /home/mrxiuer/project/æ¯•è®¾/demo/src/install/share/vrx_gz/launch/improved_A_star.py
[20.620s] -- Installing: /home/mrxiuer/project/æ¯•è®¾/demo/src/install/share/vrx_gz/launch/loss_plot.png
[20.620s] -- Installing: /home/mrxiuer/project/æ¯•è®¾/demo/src/install/share/vrx_gz/launch/A_star.py
[20.621s] -- Up-to-date: /home/mrxiuer/project/æ¯•è®¾/demo/src/install/share/vrx_gz/launch/__pycache__
[20.621s] -- Up-to-date: /home/mrxiuer/project/æ¯•è®¾/demo/src/install/share/vrx_gz/launch/__pycache__/common_utilities.cpython-310.pyc
[20.621s] -- Up-to-date: /home/mrxiuer/project/æ¯•è®¾/demo/src/install/share/vrx_gz/launch/spawn_config.launch.py
[20.621s] -- Installing: /home/mrxiuer/project/æ¯•è®¾/demo/src/install/share/vrx_gz/launch/headings_plot.png
[20.621s] -- Up-to-date: /home/mrxiuer/project/æ¯•è®¾/demo/src/install/share/vrx_gz/launch/common_utilities.py
[20.621s] -- Up-to-date: /home/mrxiuer/project/æ¯•è®¾/demo/src/install/share/vrx_gz/launch/competition.launch.py
[20.621s] -- Installing: /home/mrxiuer/project/æ¯•è®¾/demo/src/install/share/vrx_gz/launch/improved_A_star_test2.py
[20.621s] -- Up-to-date: /home/mrxiuer/project/æ¯•è®¾/demo/src/install/share/vrx_gz/launch/vrx_environment.launch.py
[20.621s] -- Installing: /home/mrxiuer/project/æ¯•è®¾/demo/src/install/share/vrx_gz/launch/runs
[20.621s] -- Installing: /home/mrxiuer/project/æ¯•è®¾/demo/src/install/share/vrx_gz/launch/runs/rnn_visualization
[20.621s] -- Installing: /home/mrxiuer/project/æ¯•è®¾/demo/src/install/share/vrx_gz/launch/runs/rnn_visualization/events.out.tfevents.1747030446.mrxiuer-Dell-G15-5515.6243.0
[20.621s] -- Up-to-date: /home/mrxiuer/project/æ¯•è®¾/demo/src/install/share/vrx_gz/launch/spawn.launch.py
[20.621s] -- Up-to-date: /home/mrxiuer/project/æ¯•è®¾/demo/src/install/share/vrx_gz/launch/usv_joy_teleop.py
[20.622s] -- Up-to-date: /home/mrxiuer/project/æ¯•è®¾/demo/src/install/share/vrx_gz/models
[20.622s] -- Up-to-date: /home/mrxiuer/project/æ¯•è®¾/demo/src/install/share/vrx_gz/models/short_navigation_course_4
[20.622s] -- Up-to-date: /home/mrxiuer/project/æ¯•è®¾/demo/src/install/share/vrx_gz/models/short_navigation_course_4/model.config
[20.622s] -- Up-to-date: /home/mrxiuer/project/æ¯•è®¾/demo/src/install/share/vrx_gz/models/short_navigation_course_4/model.sdf
[20.622s] -- Up-to-date: /home/mrxiuer/project/æ¯•è®¾/demo/src/install/share/vrx_gz/models/platform
[20.622s] -- Up-to-date: /home/mrxiuer/project/æ¯•è®¾/demo/src/install/share/vrx_gz/models/platform/model.config
[20.622s] -- Up-to-date: /home/mrxiuer/project/æ¯•è®¾/demo/src/install/share/vrx_gz/models/platform/model.sdf
[20.622s] -- Up-to-date: /home/mrxiuer/project/æ¯•è®¾/demo/src/install/share/vrx_gz/models/zhuzi
[20.622s] -- Up-to-date: /home/mrxiuer/project/æ¯•è®¾/demo/src/install/share/vrx_gz/models/zhuzi/mesh
[20.622s] -- Up-to-date: /home/mrxiuer/project/æ¯•è®¾/demo/src/install/share/vrx_gz/models/zhuzi/mesh/zhuzi.dae
[20.622s] -- Up-to-date: /home/mrxiuer/project/æ¯•è®¾/demo/src/install/share/vrx_gz/models/zhuzi/mesh/å›¾åƒçº¹ç†2.png
[20.622s] -- Up-to-date: /home/mrxiuer/project/æ¯•è®¾/demo/src/install/share/vrx_gz/models/zhuzi/model.config
[20.622s] -- Up-to-date: /home/mrxiuer/project/æ¯•è®¾/demo/src/install/share/vrx_gz/models/zhuzi/model.sdf
[20.622s] -- Up-to-date: /home/mrxiuer/project/æ¯•è®¾/demo/src/install/share/vrx_gz/models/short_navigation_course_3
[20.622s] -- Up-to-date: /home/mrxiuer/project/æ¯•è®¾/demo/src/install/share/vrx_gz/models/short_navigation_course_3/model.config
[20.622s] -- Up-to-date: /home/mrxiuer/project/æ¯•è®¾/demo/src/install/share/vrx_gz/models/short_navigation_course_3/model.sdf
[20.622s] -- Up-to-date: /home/mrxiuer/project/æ¯•è®¾/demo/src/install/share/vrx_gz/models/robotx_light_buoy_bgy
[20.622s] -- Up-to-date: /home/mrxiuer/project/æ¯•è®¾/demo/src/install/share/vrx_gz/models/robotx_light_buoy_bgy/model.config
[20.622s] -- Up-to-date: /home/mrxiuer/project/æ¯•è®¾/demo/src/install/share/vrx_gz/models/robotx_light_buoy_bgy/model.sdf
[20.623s] -- Up-to-date: /home/mrxiuer/project/æ¯•è®¾/demo/src/install/share/vrx_gz/models/robotx_light_buoy_gbr
[20.623s] -- Up-to-date: /home/mrxiuer/project/æ¯•è®¾/demo/src/install/share/vrx_gz/models/robotx_light_buoy_gbr/model.config
[20.623s] -- Up-to-date: /home/mrxiuer/project/æ¯•è®¾/demo/src/install/share/vrx_gz/models/robotx_light_buoy_gbr/model.sdf
[20.623s] -- Up-to-date: /home/mrxiuer/project/æ¯•è®¾/demo/src/install/share/vrx_gz/models/dock_2022_base
[20.623s] -- Up-to-date: /home/mrxiuer/project/æ¯•è®¾/demo/src/install/share/vrx_gz/models/dock_2022_base/model.config
[20.623s] -- Up-to-date: /home/mrxiuer/project/æ¯•è®¾/demo/src/install/share/vrx_gz/models/dock_2022_base/model.sdf
[20.623s] -- Up-to-date: /home/mrxiuer/project/æ¯•è®¾/demo/src/install/share/vrx_gz/models/roboboat02
[20.623s] -- Up-to-date: /home/mrxiuer/project/æ¯•è®¾/demo/src/install/share/vrx_gz/models/roboboat02/model.config
[20.623s] -- Up-to-date: /home/mrxiuer/project/æ¯•è®¾/demo/src/install/share/vrx_gz/models/roboboat02/meshes
[20.623s] -- Up-to-date: /home/mrxiuer/project/æ¯•è®¾/demo/src/install/share/vrx_gz/models/roboboat02/meshes/roboboat02.dae
[20.623s] -- Up-to-date: /home/mrxiuer/project/æ¯•è®¾/demo/src/install/share/vrx_gz/models/roboboat02/materials
[20.623s] -- Up-to-date: /home/mrxiuer/project/æ¯•è®¾/demo/src/install/share/vrx_gz/models/roboboat02/materials/scripts
[20.623s] -- Up-to-date: /home/mrxiuer/project/æ¯•è®¾/demo/src/install/share/vrx_gz/models/roboboat02/materials/scripts/model.material
[20.623s] -- Up-to-date: /home/mrxiuer/project/æ¯•è®¾/demo/src/install/share/vrx_gz/models/roboboat02/materials/textures
[20.623s] -- Up-to-date: /home/mrxiuer/project/æ¯•è®¾/demo/src/install/share/vrx_gz/models/roboboat02/materials/textures/Boat02_Albedo.png
[20.623s] -- Up-to-date: /home/mrxiuer/project/æ¯•è®¾/demo/src/install/share/vrx_gz/models/roboboat02/materials/textures/Boat02_Roughness.png
[20.624s] -- Up-to-date: /home/mrxiuer/project/æ¯•è®¾/demo/src/install/share/vrx_gz/models/roboboat02/materials/textures/Boat02_Normal.png
[20.624s] -- Up-to-date: /home/mrxiuer/project/æ¯•è®¾/demo/src/install/share/vrx_gz/models/roboboat02/materials/textures/Boat02_Metallic.png
[20.624s] -- Up-to-date: /home/mrxiuer/project/æ¯•è®¾/demo/src/install/share/vrx_gz/models/roboboat02/model.sdf
[20.624s] -- Up-to-date: /home/mrxiuer/project/æ¯•è®¾/demo/src/install/share/vrx_gz/models/huan
[20.624s] -- Up-to-date: /home/mrxiuer/project/æ¯•è®¾/demo/src/install/share/vrx_gz/models/huan/mesh
[20.624s] -- Up-to-date: /home/mrxiuer/project/æ¯•è®¾/demo/src/install/share/vrx_gz/models/huan/mesh/huan.dae
[20.624s] -- Up-to-date: /home/mrxiuer/project/æ¯•è®¾/demo/src/install/share/vrx_gz/models/huan/mesh/å›¾åƒçº¹ç†3.png
[20.624s] -- Up-to-date: /home/mrxiuer/project/æ¯•è®¾/demo/src/install/share/vrx_gz/models/huan/model.config
[20.624s] -- Up-to-date: /home/mrxiuer/project/æ¯•è®¾/demo/src/install/share/vrx_gz/models/huan/model.sdf
[20.624s] -- Up-to-date: /home/mrxiuer/project/æ¯•è®¾/demo/src/install/share/vrx_gz/models/shizi
[20.624s] -- Up-to-date: /home/mrxiuer/project/æ¯•è®¾/demo/src/install/share/vrx_gz/models/shizi/mesh
[20.624s] -- Up-to-date: /home/mrxiuer/project/æ¯•è®¾/demo/src/install/share/vrx_gz/models/shizi/mesh/å›¾åƒçº¹ç†.png
[20.624s] -- Up-to-date: /home/mrxiuer/project/æ¯•è®¾/demo/src/install/share/vrx_gz/models/shizi/mesh/shizi.dae
[20.624s] -- Up-to-date: /home/mrxiuer/project/æ¯•è®¾/demo/src/install/share/vrx_gz/models/shizi/model.config
[20.624s] -- Up-to-date: /home/mrxiuer/project/æ¯•è®¾/demo/src/install/share/vrx_gz/models/shizi/model.sdf
[20.625s] -- Up-to-date: /home/mrxiuer/project/æ¯•è®¾/demo/src/install/share/vrx_gz/models/robotx_light_buoy_rgb
[20.625s] -- Up-to-date: /home/mrxiuer/project/æ¯•è®¾/demo/src/install/share/vrx_gz/models/robotx_light_buoy_rgb/mesh
[20.625s] -- Up-to-date: /home/mrxiuer/project/æ¯•è®¾/demo/src/install/share/vrx_gz/models/robotx_light_buoy_rgb/mesh/LightTower_Albedo.png
[20.625s] -- Up-to-date: /home/mrxiuer/project/æ¯•è®¾/demo/src/install/share/vrx_gz/models/robotx_light_buoy_rgb/mesh/LightTower_Opacity.png
[20.625s] -- Up-to-date: /home/mrxiuer/project/æ¯•è®¾/demo/src/install/share/vrx_gz/models/robotx_light_buoy_rgb/mesh/LightTower_Metalness.png
[20.625s] -- Up-to-date: /home/mrxiuer/project/æ¯•è®¾/demo/src/install/share/vrx_gz/models/robotx_light_buoy_rgb/mesh/LightTower_Roughness.png
[20.625s] -- Up-to-date: /home/mrxiuer/project/æ¯•è®¾/demo/src/install/share/vrx_gz/models/robotx_light_buoy_rgb/mesh/LightTower_Normal.png
[20.625s] -- Up-to-date: /home/mrxiuer/project/æ¯•è®¾/demo/src/install/share/vrx_gz/models/robotx_light_buoy_rgb/mesh/robotx_light_buoy.dae
[20.625s] -- Up-to-date: /home/mrxiuer/project/æ¯•è®¾/demo/src/install/share/vrx_gz/models/robotx_light_buoy_rgb/model.config
[20.625s] -- Up-to-date: /home/mrxiuer/project/æ¯•è®¾/demo/src/install/share/vrx_gz/models/robotx_light_buoy_rgb/model.sdf
[20.625s] -- Up-to-date: /home/mrxiuer/project/æ¯•è®¾/demo/src/install/share/vrx_gz/models/robotx_light_buoy_rgy
[20.625s] -- Up-to-date: /home/mrxiuer/project/æ¯•è®¾/demo/src/install/share/vrx_gz/models/robotx_light_buoy_rgy/model.config
[20.625s] -- Up-to-date: /home/mrxiuer/project/æ¯•è®¾/demo/src/install/share/vrx_gz/models/robotx_light_buoy_rgy/model.sdf
[20.625s] -- Up-to-date: /home/mrxiuer/project/æ¯•è®¾/demo/src/install/share/vrx_gz/models/robotx_light_buoy_ybr
[20.625s] -- Up-to-date: /home/mrxiuer/project/æ¯•è®¾/demo/src/install/share/vrx_gz/models/robotx_light_buoy_ybr/model.config
[20.625s] -- Up-to-date: /home/mrxiuer/project/æ¯•è®¾/demo/src/install/share/vrx_gz/models/robotx_light_buoy_ybr/model.sdf
[20.625s] -- Up-to-date: /home/mrxiuer/project/æ¯•è®¾/demo/src/install/share/vrx_gz/models/coast_waves
[20.626s] -- Up-to-date: /home/mrxiuer/project/æ¯•è®¾/demo/src/install/share/vrx_gz/models/coast_waves/model.config
[20.626s] -- Up-to-date: /home/mrxiuer/project/æ¯•è®¾/demo/src/install/share/vrx_gz/models/coast_waves/meshes
[20.626s] -- Up-to-date: /home/mrxiuer/project/æ¯•è®¾/demo/src/install/share/vrx_gz/models/coast_waves/meshes/waterlow.dae
[20.626s] -- Up-to-date: /home/mrxiuer/project/æ¯•è®¾/demo/src/install/share/vrx_gz/models/coast_waves/materials
[20.626s] -- Up-to-date: /home/mrxiuer/project/æ¯•è®¾/demo/src/install/share/vrx_gz/models/coast_waves/materials/textures
[20.626s] -- Up-to-date: /home/mrxiuer/project/æ¯•è®¾/demo/src/install/share/vrx_gz/models/coast_waves/materials/textures/skybox_lowres.dds
[20.626s] -- Up-to-date: /home/mrxiuer/project/æ¯•è®¾/demo/src/install/share/vrx_gz/models/coast_waves/materials/textures/wave_normals.dds
[20.626s] -- Up-to-date: /home/mrxiuer/project/æ¯•è®¾/demo/src/install/share/vrx_gz/models/coast_waves/materials/programs
[20.626s] -- Up-to-date: /home/mrxiuer/project/æ¯•è®¾/demo/src/install/share/vrx_gz/models/coast_waves/materials/programs/GerstnerWaves_vs_330.glsl
[20.626s] -- Up-to-date: /home/mrxiuer/project/æ¯•è®¾/demo/src/install/share/vrx_gz/models/coast_waves/materials/programs/GerstnerWaves_fs_330.glsl
[20.626s] -- Up-to-date: /home/mrxiuer/project/æ¯•è®¾/demo/src/install/share/vrx_gz/models/coast_waves/model.sdf
[20.626s] -- Up-to-date: /home/mrxiuer/project/æ¯•è®¾/demo/src/install/share/vrx_gz/models/short_navigation_course_2
[20.626s] -- Up-to-date: /home/mrxiuer/project/æ¯•è®¾/demo/src/install/share/vrx_gz/models/short_navigation_course_2/model.config
[20.626s] -- Up-to-date: /home/mrxiuer/project/æ¯•è®¾/demo/src/install/share/vrx_gz/models/short_navigation_course_2/model.sdf
[20.626s] -- Up-to-date: /home/mrxiuer/project/æ¯•è®¾/demo/src/install/share/vrx_gz/models/articulated_platform
[20.626s] -- Up-to-date: /home/mrxiuer/project/æ¯•è®¾/demo/src/install/share/vrx_gz/models/articulated_platform/model.config
[20.626s] -- Up-to-date: /home/mrxiuer/project/æ¯•è®¾/demo/src/install/share/vrx_gz/models/articulated_platform/model.sdf
[20.626s] -- Up-to-date: /home/mrxiuer/project/æ¯•è®¾/demo/src/install/share/vrx_gz/models/short_navigation_course_5
[20.626s] -- Up-to-date: /home/mrxiuer/project/æ¯•è®¾/demo/src/install/share/vrx_gz/models/short_navigation_course_5/model.config
[20.626s] -- Up-to-date: /home/mrxiuer/project/æ¯•è®¾/demo/src/install/share/vrx_gz/models/short_navigation_course_5/model.sdf
[20.627s] -- Up-to-date: /home/mrxiuer/project/æ¯•è®¾/demo/src/install/share/vrx_gz/models/roboboat_cpubox
[20.627s] -- Up-to-date: /home/mrxiuer/project/æ¯•è®¾/demo/src/install/share/vrx_gz/models/roboboat_cpubox/model.config
[20.627s] -- Up-to-date: /home/mrxiuer/project/æ¯•è®¾/demo/src/install/share/vrx_gz/models/roboboat_cpubox/meshes
[20.627s] -- Up-to-date: /home/mrxiuer/project/æ¯•è®¾/demo/src/install/share/vrx_gz/models/roboboat_cpubox/meshes/drybox.dae
[20.627s] -- Up-to-date: /home/mrxiuer/project/æ¯•è®¾/demo/src/install/share/vrx_gz/models/roboboat_cpubox/materials
[20.627s] -- Up-to-date: /home/mrxiuer/project/æ¯•è®¾/demo/src/install/share/vrx_gz/models/roboboat_cpubox/materials/textures
[20.627s] -- Up-to-date: /home/mrxiuer/project/æ¯•è®¾/demo/src/install/share/vrx_gz/models/roboboat_cpubox/materials/textures/DryBox_Albedo.png
[20.627s] -- Up-to-date: /home/mrxiuer/project/æ¯•è®¾/demo/src/install/share/vrx_gz/models/roboboat_cpubox/materials/textures/DryBox_Roughness.png
[20.627s] -- Up-to-date: /home/mrxiuer/project/æ¯•è®¾/demo/src/install/share/vrx_gz/models/roboboat_cpubox/model.sdf
[20.627s] -- Up-to-date: /home/mrxiuer/project/æ¯•è®¾/demo/src/install/share/vrx_gz/models/placard_2022
[20.627s] -- Up-to-date: /home/mrxiuer/project/æ¯•è®¾/demo/src/install/share/vrx_gz/models/placard_2022/model.config
[20.627s] -- Up-to-date: /home/mrxiuer/project/æ¯•è®¾/demo/src/install/share/vrx_gz/models/placard_2022/meshes
[20.627s] -- Up-to-date: /home/mrxiuer/project/æ¯•è®¾/demo/src/install/share/vrx_gz/models/placard_2022/meshes/placard_2022.dae
[20.627s] -- Up-to-date: /home/mrxiuer/project/æ¯•è®¾/demo/src/install/share/vrx_gz/models/placard_2022/materials
[20.627s] -- Up-to-date: /home/mrxiuer/project/æ¯•è®¾/demo/src/install/share/vrx_gz/models/placard_2022/materials/textures
[20.627s] -- Up-to-date: /home/mrxiuer/project/æ¯•è®¾/demo/src/install/share/vrx_gz/models/placard_2022/materials/textures/Placard.png
[20.628s] -- Up-to-date: /home/mrxiuer/project/æ¯•è®¾/demo/src/install/share/vrx_gz/models/placard_2022/model.sdf
[20.628s] -- Up-to-date: /home/mrxiuer/project/æ¯•è®¾/demo/src/install/share/vrx_gz/models/fangkuai
[20.628s] -- Up-to-date: /home/mrxiuer/project/æ¯•è®¾/demo/src/install/share/vrx_gz/models/fangkuai/mesh
[20.628s] -- Up-to-date: /home/mrxiuer/project/æ¯•è®¾/demo/src/install/share/vrx_gz/models/fangkuai/mesh/fangkuai.dae
[20.628s] -- Up-to-date: /home/mrxiuer/project/æ¯•è®¾/demo/src/install/share/vrx_gz/models/fangkuai/mesh/å›¾åƒçº¹ç†.png
[20.628s] -- Up-to-date: /home/mrxiuer/project/æ¯•è®¾/demo/src/install/share/vrx_gz/models/fangkuai/model.config
[20.628s] -- Up-to-date: /home/mrxiuer/project/æ¯•è®¾/demo/src/install/share/vrx_gz/models/fangkuai/model.sdf
[20.628s] -- Up-to-date: /home/mrxiuer/project/æ¯•è®¾/demo/src/install/share/vrx_gz/models/symbol_triangle
[20.628s] -- Up-to-date: /home/mrxiuer/project/æ¯•è®¾/demo/src/install/share/vrx_gz/models/symbol_triangle/mesh
[20.628s] -- Up-to-date: /home/mrxiuer/project/æ¯•è®¾/demo/src/install/share/vrx_gz/models/symbol_triangle/mesh/triangle.dae
[20.628s] -- Up-to-date: /home/mrxiuer/project/æ¯•è®¾/demo/src/install/share/vrx_gz/models/symbol_triangle/model.config
[20.628s] -- Up-to-date: /home/mrxiuer/project/æ¯•è®¾/demo/src/install/share/vrx_gz/models/symbol_triangle/model.sdf
[20.628s] -- Up-to-date: /home/mrxiuer/project/æ¯•è®¾/demo/src/install/share/vrx_gz/models/dock_2022
[20.628s] -- Up-to-date: /home/mrxiuer/project/æ¯•è®¾/demo/src/install/share/vrx_gz/models/dock_2022/model.config
[20.628s] -- Up-to-date: /home/mrxiuer/project/æ¯•è®¾/demo/src/install/share/vrx_gz/models/dock_2022/model.sdf
[20.628s] -- Up-to-date: /home/mrxiuer/project/æ¯•è®¾/demo/src/install/share/vrx_gz/models/obstacle_course
[20.628s] -- Up-to-date: /home/mrxiuer/project/æ¯•è®¾/demo/src/install/share/vrx_gz/models/obstacle_course/model.config
[20.628s] -- Up-to-date: /home/mrxiuer/project/æ¯•è®¾/demo/src/install/share/vrx_gz/models/obstacle_course/model.sdf
[20.628s] -- Up-to-date: /home/mrxiuer/project/æ¯•è®¾/demo/src/install/share/vrx_gz/models/robotx_light_buoy_yrg
[20.628s] -- Up-to-date: /home/mrxiuer/project/æ¯•è®¾/demo/src/install/share/vrx_gz/models/robotx_light_buoy_yrg/model.config
[20.628s] -- Up-to-date: /home/mrxiuer/project/æ¯•è®¾/demo/src/install/share/vrx_gz/models/robotx_light_buoy_yrg/model.sdf
[20.629s] -- Up-to-date: /home/mrxiuer/project/æ¯•è®¾/demo/src/install/share/vrx_gz/models/robotx_light_buoy_rbg
[20.629s] -- Up-to-date: /home/mrxiuer/project/æ¯•è®¾/demo/src/install/share/vrx_gz/models/robotx_light_buoy_rbg/model.config
[20.629s] -- Up-to-date: /home/mrxiuer/project/æ¯•è®¾/demo/src/install/share/vrx_gz/models/robotx_light_buoy_rbg/model.sdf
[20.629s] -- Up-to-date: /home/mrxiuer/project/æ¯•è®¾/demo/src/install/share/vrx_gz/models/entrance_exit
[20.629s] -- Up-to-date: /home/mrxiuer/project/æ¯•è®¾/demo/src/install/share/vrx_gz/models/entrance_exit/model.config
[20.629s] -- Up-to-date: /home/mrxiuer/project/æ¯•è®¾/demo/src/install/share/vrx_gz/models/entrance_exit/model.sdf
[20.629s] -- Up-to-date: /home/mrxiuer/project/æ¯•è®¾/demo/src/install/share/vrx_gz/models/short_navigation_course_0
[20.629s] -- Up-to-date: /home/mrxiuer/project/æ¯•è®¾/demo/src/install/share/vrx_gz/models/short_navigation_course_0/model.config
[20.629s] -- Up-to-date: /home/mrxiuer/project/æ¯•è®¾/demo/src/install/share/vrx_gz/models/short_navigation_course_0/model.sdf
[20.629s] -- Up-to-date: /home/mrxiuer/project/æ¯•è®¾/demo/src/install/share/vrx_gz/models/short_course_2023_phase3_2
[20.629s] -- Up-to-date: /home/mrxiuer/project/æ¯•è®¾/demo/src/install/share/vrx_gz/models/short_course_2023_phase3_2/model.config
[20.629s] -- Up-to-date: /home/mrxiuer/project/æ¯•è®¾/demo/src/install/share/vrx_gz/models/short_course_2023_phase3_2/model.sdf
[20.629s] -- Up-to-date: /home/mrxiuer/project/æ¯•è®¾/demo/src/install/share/vrx_gz/models/robotx_light_buoy_ygb
[20.629s] -- Up-to-date: /home/mrxiuer/project/æ¯•è®¾/demo/src/install/share/vrx_gz/models/robotx_light_buoy_ygb/model.config
[20.629s] -- Up-to-date: /home/mrxiuer/project/æ¯•è®¾/demo/src/install/share/vrx_gz/models/robotx_light_buoy_ygb/model.sdf
[20.629s] -- Up-to-date: /home/mrxiuer/project/æ¯•è®¾/demo/src/install/share/vrx_gz/models/short_course_2023_phase3_1
[20.629s] -- Up-to-date: /home/mrxiuer/project/æ¯•è®¾/demo/src/install/share/vrx_gz/models/short_course_2023_phase3_1/model.config
[20.629s] -- Up-to-date: /home/mrxiuer/project/æ¯•è®¾/demo/src/install/share/vrx_gz/models/short_course_2023_phase3_1/model.sdf
[20.629s] -- Up-to-date: /home/mrxiuer/project/æ¯•è®¾/demo/src/install/share/vrx_gz/models/short_navigation_course_1
[20.629s] -- Up-to-date: /home/mrxiuer/project/æ¯•è®¾/demo/src/install/share/vrx_gz/models/short_navigation_course_1/model.config
[20.629s] -- Up-to-date: /home/mrxiuer/project/æ¯•è®¾/demo/src/install/share/vrx_gz/models/short_navigation_course_1/model.sdf
[20.629s] -- Up-to-date: /home/mrxiuer/project/æ¯•è®¾/demo/src/install/share/vrx_gz/models/dock_block_4x4
[20.630s] -- Up-to-date: /home/mrxiuer/project/æ¯•è®¾/demo/src/install/share/vrx_gz/models/dock_block_4x4/mesh
[20.630s] -- Up-to-date: /home/mrxiuer/project/æ¯•è®¾/demo/src/install/share/vrx_gz/models/dock_block_4x4/mesh/DockCubes_Normal.png
[20.630s] -- Up-to-date: /home/mrxiuer/project/æ¯•è®¾/demo/src/install/share/vrx_gz/models/dock_block_4x4/mesh/DockCubes_Albedo.png
[20.630s] -- Up-to-date: /home/mrxiuer/project/æ¯•è®¾/demo/src/install/share/vrx_gz/models/dock_block_4x4/mesh/DockCubes_Roughness.png
[20.630s] -- Up-to-date: /home/mrxiuer/project/æ¯•è®¾/demo/src/install/share/vrx_gz/models/dock_block_4x4/mesh/dock_block_4x4.dae
[20.630s] -- Up-to-date: /home/mrxiuer/project/æ¯•è®¾/demo/src/install/share/vrx_gz/models/dock_block_4x4/mesh/DockCubes_Metalness.png
[20.630s] -- Up-to-date: /home/mrxiuer/project/æ¯•è®¾/demo/src/install/share/vrx_gz/models/dock_block_4x4/model.config
[20.630s] -- Up-to-date: /home/mrxiuer/project/æ¯•è®¾/demo/src/install/share/vrx_gz/models/dock_block_4x4/model.sdf
[20.630s] -- Up-to-date: /home/mrxiuer/project/æ¯•è®¾/demo/src/install/share/vrx_gz/models/roboboat01
[20.630s] -- Up-to-date: /home/mrxiuer/project/æ¯•è®¾/demo/src/install/share/vrx_gz/models/roboboat01/model.config
[20.630s] -- Up-to-date: /home/mrxiuer/project/æ¯•è®¾/demo/src/install/share/vrx_gz/models/roboboat01/meshes
[20.630s] -- Up-to-date: /home/mrxiuer/project/æ¯•è®¾/demo/src/install/share/vrx_gz/models/roboboat01/meshes/roboboat01.dae
[20.630s] -- Up-to-date: /home/mrxiuer/project/æ¯•è®¾/demo/src/install/share/vrx_gz/models/roboboat01/meshes/prop.dae
[20.630s] -- Up-to-date: /home/mrxiuer/project/æ¯•è®¾/demo/src/install/share/vrx_gz/models/roboboat01/meshes/mount.dae
[20.631s] -- Up-to-date: /home/mrxiuer/project/æ¯•è®¾/demo/src/install/share/vrx_gz/models/roboboat01/meshes/housing.dae
[20.631s] -- Up-to-date: /home/mrxiuer/project/æ¯•è®¾/demo/src/install/share/vrx_gz/models/roboboat01/materials
[20.631s] -- Up-to-date: /home/mrxiuer/project/æ¯•è®¾/demo/src/install/share/vrx_gz/models/roboboat01/materials/scripts
[20.631s] -- Up-to-date: /home/mrxiuer/project/æ¯•è®¾/demo/src/install/share/vrx_gz/models/roboboat01/materials/scripts/model.material
[20.631s] -- Up-to-date: /home/mrxiuer/project/æ¯•è®¾/demo/src/install/share/vrx_gz/models/roboboat01/materials/textures
[20.631s] -- Up-to-date: /home/mrxiuer/project/æ¯•è®¾/demo/src/install/share/vrx_gz/models/roboboat01/materials/textures/Boat01_Metallic.png
[20.631s] -- Up-to-date: /home/mrxiuer/project/æ¯•è®¾/demo/src/install/share/vrx_gz/models/roboboat01/materials/textures/Thruster_Roughness.png
[20.631s] -- Up-to-date: /home/mrxiuer/project/æ¯•è®¾/demo/src/install/share/vrx_gz/models/roboboat01/materials/textures/Boat01_Normal.png
[20.631s] -- Up-to-date: /home/mrxiuer/project/æ¯•è®¾/demo/src/install/share/vrx_gz/models/roboboat01/materials/textures/Boat01_Roughness.png
[20.631s] -- Up-to-date: /home/mrxiuer/project/æ¯•è®¾/demo/src/install/share/vrx_gz/models/roboboat01/materials/textures/Thruster_Albedo.png
[20.631s] -- Up-to-date: /home/mrxiuer/project/æ¯•è®¾/demo/src/install/share/vrx_gz/models/roboboat01/materials/textures/Boat01_Albedo.png
[20.632s] -- Up-to-date: /home/mrxiuer/project/æ¯•è®¾/demo/src/install/share/vrx_gz/models/roboboat01/model.sdf
[20.632s] -- Up-to-date: /home/mrxiuer/project/æ¯•è®¾/demo/src/install/share/vrx_gz/models/robotx_light_buoy_bgr
[20.632s] -- Up-to-date: /home/mrxiuer/project/æ¯•è®¾/demo/src/install/share/vrx_gz/models/robotx_light_buoy_bgr/model.config
[20.632s] -- Up-to-date: /home/mrxiuer/project/æ¯•è®¾/demo/src/install/share/vrx_gz/models/robotx_light_buoy_bgr/model.sdf
[20.632s] -- Up-to-date: /home/mrxiuer/project/æ¯•è®¾/demo/src/install/share/vrx_gz/worlds
[20.633s] -- Up-to-date: /home/mrxiuer/project/æ¯•è®¾/demo/src/install/share/vrx_gz/worlds/gymkhana_task.sdf
[20.633s] -- Up-to-date: /home/mrxiuer/project/æ¯•è®¾/demo/src/install/share/vrx_gz/worlds/perception_task.sdf
[20.633s] -- Up-to-date: /home/mrxiuer/project/æ¯•è®¾/demo/src/install/share/vrx_gz/worlds/scan_dock_deliver_task.sdf
[20.633s] -- Up-to-date: /home/mrxiuer/project/æ¯•è®¾/demo/src/install/share/vrx_gz/worlds/follow_path_task.sdf
[20.633s] -- Up-to-date: /home/mrxiuer/project/æ¯•è®¾/demo/src/install/share/vrx_gz/worlds/sydney_regatta.sdf
[20.633s] -- Up-to-date: /home/mrxiuer/project/æ¯•è®¾/demo/src/install/share/vrx_gz/worlds/stationkeeping_task.sdf
[20.633s] -- Installing: /home/mrxiuer/project/æ¯•è®¾/demo/src/install/share/vrx_gz/worlds/wayfinding_task2.sdf
[20.633s] -- Up-to-date: /home/mrxiuer/project/æ¯•è®¾/demo/src/install/share/vrx_gz/worlds/2023_practice
[20.633s] -- Up-to-date: /home/mrxiuer/project/æ¯•è®¾/demo/src/install/share/vrx_gz/worlds/2023_practice/practice_2023_perception1_task.sdf
[20.634s] -- Up-to-date: /home/mrxiuer/project/æ¯•è®¾/demo/src/install/share/vrx_gz/worlds/2023_practice/practice_2023_acoustic_perception1_task.sdf
[20.634s] -- Up-to-date: /home/mrxiuer/project/æ¯•è®¾/demo/src/install/share/vrx_gz/worlds/2023_practice/practice_2023_wildlife1_task.sdf
[20.634s] -- Up-to-date: /home/mrxiuer/project/æ¯•è®¾/demo/src/install/share/vrx_gz/worlds/2023_practice/practice_2023_follow_path1_task.sdf
[20.634s] -- Up-to-date: /home/mrxiuer/project/æ¯•è®¾/demo/src/install/share/vrx_gz/worlds/2023_practice/practice_2023_stationkeeping0_task.sdf
[20.634s] -- Up-to-date: /home/mrxiuer/project/æ¯•è®¾/demo/src/install/share/vrx_gz/worlds/2023_practice/practice_2023_scan_dock_deliver0_task.sdf
[20.634s] -- Up-to-date: /home/mrxiuer/project/æ¯•è®¾/demo/src/install/share/vrx_gz/worlds/2023_practice/practice_2023_wildlife2_task.sdf
[20.634s] -- Up-to-date: /home/mrxiuer/project/æ¯•è®¾/demo/src/install/share/vrx_gz/worlds/2023_practice/practice_2023_acoustic_tracking2_task.sdf
[20.634s] -- Up-to-date: /home/mrxiuer/project/æ¯•è®¾/demo/src/install/share/vrx_gz/worlds/2023_practice/practice_2023_scan_dock_deliver1_task.sdf
[20.634s] -- Up-to-date: /home/mrxiuer/project/æ¯•è®¾/demo/src/install/share/vrx_gz/worlds/2023_practice/practice_2023_perception0_task.sdf
[20.634s] -- Up-to-date: /home/mrxiuer/project/æ¯•è®¾/demo/src/install/share/vrx_gz/worlds/2023_practice/practice_2023_follow_path0_task.sdf
[20.634s] -- Up-to-date: /home/mrxiuer/project/æ¯•è®¾/demo/src/install/share/vrx_gz/worlds/2023_practice/practice_2023_acoustic_perception0_task.sdf
[20.634s] -- Up-to-date: /home/mrxiuer/project/æ¯•è®¾/demo/src/install/share/vrx_gz/worlds/2023_practice/practice_2023_acoustic_tracking1_task.sdf
[20.634s] -- Up-to-date: /home/mrxiuer/project/æ¯•è®¾/demo/src/install/share/vrx_gz/worlds/2023_practice/practice_2023_acoustic_tracking0_task.sdf
[20.634s] -- Up-to-date: /home/mrxiuer/project/æ¯•è®¾/demo/src/install/share/vrx_gz/worlds/2023_practice/practice_2023_wayfinding1_task.sdf
[20.634s] -- Up-to-date: /home/mrxiuer/project/æ¯•è®¾/demo/src/install/share/vrx_gz/worlds/2023_practice/practice_2023_stationkeeping2_task.sdf
[20.635s] -- Up-to-date: /home/mrxiuer/project/æ¯•è®¾/demo/src/install/share/vrx_gz/worlds/2023_practice/practice_2023_scan_dock_deliver2_task.sdf
[20.635s] -- Up-to-date: /home/mrxiuer/project/æ¯•è®¾/demo/src/install/share/vrx_gz/worlds/2023_practice/practice_2023_wayfinding0_task.sdf
[20.635s] -- Up-to-date: /home/mrxiuer/project/æ¯•è®¾/demo/src/install/share/vrx_gz/worlds/2023_practice/practice_2023_follow_path2_task.sdf
[20.635s] -- Up-to-date: /home/mrxiuer/project/æ¯•è®¾/demo/src/install/share/vrx_gz/worlds/2023_practice/practice_2023_acoustic_perception2_task.sdf
[20.635s] -- Up-to-date: /home/mrxiuer/project/æ¯•è®¾/demo/src/install/share/vrx_gz/worlds/2023_practice/practice_2023_stationkeeping1_task.sdf
[20.635s] -- Up-to-date: /home/mrxiuer/project/æ¯•è®¾/demo/src/install/share/vrx_gz/worlds/2023_practice/practice_2023_wildlife0_task.sdf
[20.635s] -- Up-to-date: /home/mrxiuer/project/æ¯•è®¾/demo/src/install/share/vrx_gz/worlds/2023_practice/practice_2023_perception2_task.sdf
[20.635s] -- Up-to-date: /home/mrxiuer/project/æ¯•è®¾/demo/src/install/share/vrx_gz/worlds/2023_practice/practice_2023_wayfinding2_task.sdf
[20.635s] -- Up-to-date: /home/mrxiuer/project/æ¯•è®¾/demo/src/install/share/vrx_gz/worlds/navigation_task.sdf
[20.635s] -- Up-to-date: /home/mrxiuer/project/æ¯•è®¾/demo/src/install/share/vrx_gz/worlds/wildlife_task.sdf
[20.635s] -- Up-to-date: /home/mrxiuer/project/æ¯•è®¾/demo/src/install/share/vrx_gz/worlds/acoustic_perception_task.sdf
[20.635s] -- Up-to-date: /home/mrxiuer/project/æ¯•è®¾/demo/src/install/share/vrx_gz/worlds/wayfinding_task.sdf
[20.635s] -- Up-to-date: /home/mrxiuer/project/æ¯•è®¾/demo/src/install/share/vrx_gz/worlds/nbpark.sdf
[20.635s] -- Up-to-date: /home/mrxiuer/project/æ¯•è®¾/demo/src/install/share/vrx_gz/worlds/acoustic_tracking_task.sdf
[20.636s] -- Up-to-date: /home/mrxiuer/project/æ¯•è®¾/demo/src/install/share/ament_index/resource_index/package_run_dependencies/vrx_gz
[20.636s] -- Up-to-date: /home/mrxiuer/project/æ¯•è®¾/demo/src/install/share/ament_index/resource_index/parent_prefix_path/vrx_gz
[20.636s] -- Up-to-date: /home/mrxiuer/project/æ¯•è®¾/demo/src/install/share/vrx_gz/environment/ament_prefix_path.sh
[20.636s] -- Up-to-date: /home/mrxiuer/project/æ¯•è®¾/demo/src/install/share/vrx_gz/environment/ament_prefix_path.dsv
[20.636s] -- Up-to-date: /home/mrxiuer/project/æ¯•è®¾/demo/src/install/share/vrx_gz/environment/path.sh
[20.636s] -- Up-to-date: /home/mrxiuer/project/æ¯•è®¾/demo/src/install/share/vrx_gz/environment/path.dsv
[20.636s] -- Up-to-date: /home/mrxiuer/project/æ¯•è®¾/demo/src/install/share/vrx_gz/local_setup.bash
[20.636s] -- Up-to-date: /home/mrxiuer/project/æ¯•è®¾/demo/src/install/share/vrx_gz/local_setup.sh
[20.636s] -- Up-to-date: /home/mrxiuer/project/æ¯•è®¾/demo/src/install/share/vrx_gz/local_setup.zsh
[20.636s] -- Up-to-date: /home/mrxiuer/project/æ¯•è®¾/demo/src/install/share/vrx_gz/local_setup.dsv
[20.636s] -- Installing: /home/mrxiuer/project/æ¯•è®¾/demo/src/install/share/vrx_gz/package.dsv
[20.636s] -- Up-to-date: /home/mrxiuer/project/æ¯•è®¾/demo/src/install/share/ament_index/resource_index/packages/vrx_gz
[20.636s] -- Up-to-date: /home/mrxiuer/project/æ¯•è®¾/demo/src/install/share/vrx_gz/cmake/vrx_gzConfig.cmake
[20.636s] -- Up-to-date: /home/mrxiuer/project/æ¯•è®¾/demo/src/install/share/vrx_gz/cmake/vrx_gzConfig-version.cmake
[20.636s] -- Up-to-date: /home/mrxiuer/project/æ¯•è®¾/demo/src/install/share/vrx_gz/package.xml
[20.636s] Invoked command in '/home/mrxiuer/project/æ¯•è®¾/demo/src/build/vrx_gz' returned '0': CMAKE_PREFIX_PATH=${CMAKE_PREFIX_PATH}:/opt/ros/humble LD_LIBRARY_PATH=/home/mrxiuer/project/æ¯•è®¾/demo/src/install/lib:/usr/local/lib:/opt/ros/humble/opt/rviz_ogre_vendor/lib:/opt/ros/humble/lib/x86_64-linux-gnu:/opt/ros/humble/lib /usr/bin/cmake --install /home/mrxiuer/project/æ¯•è®¾/demo/src/build/vrx_gz
