[0.008s] Invoking command in '/home/mrxiuer/project/æ¯•è®¾/demo/src/build/vrx_gz': CMAKE_PREFIX_PATH=${CMAKE_PREFIX_PATH}:/opt/ros/humble /usr/bin/cmake /home/mrxiuer/project/æ¯•è®¾/demo/src/vrx/vrx_gz -DCMAKE_INSTALL_PREFIX=/home/mrxiuer/project/æ¯•è®¾/demo/src/install
[0.058s] -- The C compiler identification is GNU 11.4.0
[0.107s] -- The CXX compiler identification is GNU 11.4.0
[0.114s] -- Detecting C compiler ABI info
[0.179s] -- Detecting C compiler ABI info - done
[0.184s] -- Check for working C compiler: /usr/bin/cc - skipped
[0.184s] -- Detecting C compile features
[0.185s] -- Detecting C compile features - done
[0.187s] -- Detecting CXX compiler ABI info
[0.262s] -- Detecting CXX compiler ABI info - done
[0.268s] -- Check for working CXX compiler: /usr/bin/c++ - skipped
[0.269s] -- Detecting CXX compile features
[0.269s] -- Detecting CXX compile features - done
[0.272s] -- Found ament_cmake: 1.3.11 (/opt/ros/humble/share/ament_cmake/cmake)
[0.397s] -- Found Python3: /usr/bin/python3 (found version "3.10.12") found components: Interpreter 
[0.472s] -- Looking for gz-sim7 -- found version 7.9.0
[0.478s] -- Searching for dependencies of gz-sim7
[0.481s] -- Looking for sdformat13 -- found version 13.9.0
[0.481s] -- Searching for dependencies of sdformat13
[0.486s] -- Checking for module 'tinyxml2'
[0.500s] --   Found tinyxml2, version 9.0.0
[0.542s] -- Looking for gz-math7 -- found version 7.5.1
[0.543s] -- Searching for dependencies of gz-math7
[0.545s] -- Looking for gz-utils2 -- found version 2.2.1
[0.545s] -- Searching for dependencies of gz-utils2
[0.546s] -- Looking for gz-utils2 -- found version 2.2.1
[0.546s] -- Searching for dependencies of gz-utils2
[0.546s] -- Searching for <gz-utils2> component [cli]
[0.549s] -- Looking for gz-utils2-cli -- found version 2.2.1
[0.549s] -- Searching for dependencies of gz-utils2-cli
[0.552s] -- Looking for gz-plugin2 -- found version 2.0.4
[0.552s] -- Searching for dependencies of gz-plugin2
[0.553s] -- Looking for gz-utils2 -- found version 2.2.1
[0.553s] -- Searching for <gz-plugin2> component [loader]
[0.555s] -- Looking for gz-plugin2-loader -- found version 2.0.4
[0.555s] -- Searching for dependencies of gz-plugin2-loader
[0.556s] -- Searching for <gz-plugin2> component [register]
[0.558s] -- Looking for gz-plugin2-register -- found version 2.0.4
[0.558s] -- Searching for dependencies of gz-plugin2-register
[0.561s] -- Looking for gz-transport12 -- found version 12.2.2
[0.561s] -- Searching for dependencies of gz-transport12
[0.728s] -- Found Protobuf: /usr/lib/x86_64-linux-gnu/libprotobuf.so (found version "3.12.4") 
[0.742s] -- Config-file not installed for ZeroMQ -- checking for pkg-config
[0.747s] -- Checking for module 'libzmq >= 4'
[0.761s] --   Found libzmq , version 4.3.4
[0.801s] -- Found ZeroMQ: TRUE (Required is at least version "4") 
[0.806s] -- Checking for module 'uuid'
[0.820s] --   Found uuid, version 2.37.2
[0.857s] -- Found UUID: TRUE  
[0.857s] -- Looking for gz-utils2 -- found version 2.2.1
[0.860s] -- Looking for gz-msgs9 -- found version 9.5.1
[0.860s] -- Searching for dependencies of gz-msgs9
[0.880s] -- Looking for gz-math7 -- found version 7.5.1
[0.886s] -- Searching for <gz-transport12> component [log]
[0.888s] -- Looking for gz-transport12-log -- found version 12.2.2
[0.889s] -- Searching for dependencies of gz-transport12-log
[0.889s] -- Searching for <gz-transport12> component [parameters]
[0.891s] -- Looking for gz-transport12-parameters -- found version 12.2.2
[0.892s] -- Searching for dependencies of gz-transport12-parameters
[0.892s] -- Looking for gz-msgs9 -- found version 9.5.1
[0.895s] -- Looking for gz-common5 -- found version 5.7.1
[0.895s] -- Searching for dependencies of gz-common5
[0.895s] -- Looking for gz-utils2 -- found version 2.2.1
[0.895s] -- Looking for dlfcn.h - found
[0.897s] -- Looking for libdl - found
[0.898s] -- Found DL: TRUE  
[0.904s] -- Searching for <gz-common5> component [profiler]
[0.906s] -- Looking for gz-common5-profiler -- found version 5.7.1
[0.906s] -- Searching for dependencies of gz-common5-profiler
[0.907s] -- Searching for <gz-common5> component [events]
[0.909s] -- Looking for gz-common5-events -- found version 5.7.1
[0.909s] -- Searching for dependencies of gz-common5-events
[0.909s] -- Looking for gz-math7 -- found version 7.5.1
[0.910s] -- Searching for <gz-common5> component [av]
[0.912s] -- Looking for gz-common5-av -- found version 5.7.1
[0.912s] -- Searching for dependencies of gz-common5-av
[0.917s] -- Checking for module 'libswscale'
[0.932s] --   Found libswscale, version 5.9.100
[0.972s] -- Found SWSCALE: TRUE  
[0.977s] -- Checking for module 'libavdevice >= 56.4.100'
[0.991s] --   Found libavdevice , version 58.13.100
[1.033s] -- Found AVDEVICE: TRUE (Required is at least version "56.4.100") 
[1.038s] -- Checking for module 'libavformat'
[1.054s] --   Found libavformat, version 58.76.100
[1.093s] -- Found AVFORMAT: TRUE  
[1.098s] -- Checking for module 'libavcodec'
[1.113s] --   Found libavcodec, version 58.134.100
[1.152s] -- Found AVCODEC: TRUE  
[1.158s] -- Checking for module 'libavutil'
[1.174s] --   Found libavutil, version 56.70.100
[1.214s] -- Found AVUTIL: TRUE  
[1.215s] -- Searching for <gz-common5> component [io]
[1.217s] -- Looking for gz-common5-io -- found version 5.7.1
[1.217s] -- Searching for dependencies of gz-common5-io
[1.220s] -- Looking for gz-fuel_tools8 -- found version 8.2.0
[1.220s] -- Searching for dependencies of gz-fuel_tools8
[1.310s] -- Found CURL: /usr/lib/x86_64-linux-gnu/libcurl.so (found version "7.81.0")  
[1.318s] -- Checking for module 'jsoncpp'
[1.333s] --   Found jsoncpp, version 1.9.5
[1.373s] -- Found JSONCPP: TRUE  
[1.379s] -- Checking for module 'libzip'
[1.393s] --   Found libzip, version 1.7.3
[1.431s] -- Found ZIP: TRUE  
[1.432s] -- Looking for gz-utils2 -- found version 2.2.1
[1.432s] -- Looking for gz-common5 -- found version 5.7.1
[1.433s] -- Searching for dependencies of gz-common5
[1.433s] -- Looking for gz-utils2 -- found version 2.2.1
[1.433s] -- Looking for dlfcn.h - found
[1.433s] -- Looking for libdl - found
[1.440s] -- Searching for <gz-common5> component [testing]
[1.442s] -- Looking for gz-common5-testing -- found version 5.7.1
[1.442s] -- Searching for dependencies of gz-common5-testing
[1.443s] -- Looking for gz-math7 -- found version 7.5.1
[1.443s] -- Looking for gz-msgs9 -- found version 9.5.1
[1.446s] -- Looking for gz-gui7 -- found version 7.2.2
[1.446s] -- Searching for dependencies of gz-gui7
[1.472s] -- Looking for gz-utils2 -- found version 2.2.1
[1.472s] -- Looking for gz-math7 -- found version 7.5.1
[1.472s] -- Looking for gz-common5 -- found version 5.7.1
[1.473s] -- Looking for gz-plugin2 -- found version 2.0.4
[1.473s] -- Looking for gz-transport12 -- found version 12.2.2
[1.475s] -- Looking for gz-rendering7 -- found version 7.5.0
[1.476s] -- Searching for dependencies of gz-rendering7
[1.476s] -- Looking for gz-math7 -- found version 7.5.1
[1.476s] -- Searching for dependencies of gz-math7
[1.477s] -- Looking for gz-utils2 -- found version 2.2.1
[1.477s] -- Searching for <gz-math7> component [eigen3]
[1.479s] -- Looking for gz-math7-eigen3 -- found version 7.5.1
[1.479s] -- Searching for dependencies of gz-math7-eigen3
[1.488s] -- Looking for gz-common5 -- found version 5.7.1
[1.488s] -- Searching for dependencies of gz-common5
[1.488s] -- Looking for gz-utils2 -- found version 2.2.1
[1.488s] -- Looking for dlfcn.h - found
[1.488s] -- Looking for libdl - found
[1.495s] -- Searching for <gz-common5> component [graphics]
[1.497s] -- Looking for gz-common5-graphics -- found version 5.7.1
[1.498s] -- Searching for dependencies of gz-common5-graphics
[1.498s] -- Looking for gz-math7 -- found version 7.5.1
[1.503s] -- Found GzAssimp: TRUE (found version "5.2.0") 
[1.504s] -- Searching for <gz-common5> component [events]
[1.504s] -- Searching for <gz-common5> component [geospatial]
[1.506s] -- Looking for gz-common5-geospatial -- found version 5.7.1
[1.507s] -- Searching for dependencies of gz-common5-geospatial
[1.507s] -- Looking for gz-math7 -- found version 7.5.1
[1.507s] -- Looking for gz-common5 -- found version 5.7.1
[1.508s] -- Looking for gz-plugin2 -- found version 2.0.4
[1.508s] -- Searching for dependencies of gz-plugin2
[1.509s] -- Looking for gz-utils2 -- found version 2.2.1
[1.509s] -- Searching for <gz-plugin2> component [all]
[1.511s] -- Looking for all libraries of gz-plugin2 -- found version 2.0.4
[1.511s] -- Looking for gz-plugin2 -- found version 2.0.4
[1.513s] -- Looking for gz-utils2 -- found version 2.2.1
[1.518s] -- Found OpenGL: /usr/lib/x86_64-linux-gnu/libOpenGL.so  found components: OpenGL 
[1.518s] -- Looking for gz-msgs9 -- found version 9.5.1
[1.536s] -- Looking for gz-physics6 -- found version 6.7.0
[1.536s] -- Searching for dependencies of gz-physics6
[1.537s] -- Looking for gz-common5 -- found version 5.7.1
[1.537s] -- Looking for gz-math7 -- found version 7.5.1
[1.537s] -- Looking for gz-plugin2 -- found version 2.0.4
[1.538s] -- Looking for gz-utils2 -- found version 2.2.1
[1.538s] -- Searching for <gz-physics6> component [heightmap]
[1.541s] -- Looking for gz-physics6-heightmap -- found version 6.7.0
[1.541s] -- Searching for dependencies of gz-physics6-heightmap
[1.542s] -- Looking for gz-common5 -- found version 5.7.1
[1.542s] -- Searching for <gz-physics6> component [mesh]
[1.544s] -- Looking for gz-physics6-mesh -- found version 6.7.0
[1.545s] -- Searching for dependencies of gz-physics6-mesh
[1.545s] -- Looking for gz-common5 -- found version 5.7.1
[1.545s] -- Searching for <gz-physics6> component [sdf]
[1.547s] -- Looking for gz-physics6-sdf -- found version 6.7.0
[1.548s] -- Searching for dependencies of gz-physics6-sdf
[1.548s] -- Looking for sdformat13 -- found version 13.9.0
[1.551s] -- Looking for gz-sensors7 -- found version 7.3.1
[1.551s] -- Searching for dependencies of gz-sensors7
[1.572s] -- Looking for gz-math7 -- found version 7.5.1
[1.572s] -- Looking for gz-common5 -- found version 5.7.1
[1.573s] -- Looking for gz-transport12 -- found version 12.2.2
[1.573s] -- Looking for gz-rendering7 -- found version 7.5.0
[1.573s] -- Looking for gz-msgs9 -- found version 9.5.1
[1.574s] -- Looking for sdformat13 -- found version 13.9.0
[1.574s] -- Searching for <gz-sensors7> component [air_pressure]
[1.576s] -- Looking for gz-sensors7-air_pressure -- found version 7.3.1
[1.577s] -- Searching for dependencies of gz-sensors7-air_pressure
[1.577s] -- Searching for <gz-sensors7> component [air_speed]
[1.579s] -- Looking for gz-sensors7-air_speed -- found version 7.3.1
[1.580s] -- Searching for dependencies of gz-sensors7-air_speed
[1.580s] -- Searching for <gz-sensors7> component [altimeter]
[1.582s] -- Looking for gz-sensors7-altimeter -- found version 7.3.1
[1.582s] -- Searching for dependencies of gz-sensors7-altimeter
[1.583s] -- Searching for <gz-sensors7> component [imu]
[1.585s] -- Looking for gz-sensors7-imu -- found version 7.3.1
[1.585s] -- Searching for dependencies of gz-sensors7-imu
[1.586s] -- Searching for <gz-sensors7> component [force_torque]
[1.588s] -- Looking for gz-sensors7-force_torque -- found version 7.3.1
[1.588s] -- Searching for dependencies of gz-sensors7-force_torque
[1.588s] -- Searching for <gz-sensors7> component [logical_camera]
[1.591s] -- Looking for gz-sensors7-logical_camera -- found version 7.3.1
[1.591s] -- Searching for dependencies of gz-sensors7-logical_camera
[1.591s] -- Searching for <gz-sensors7> component [magnetometer]
[1.594s] -- Looking for gz-sensors7-magnetometer -- found version 7.3.1
[1.594s] -- Searching for dependencies of gz-sensors7-magnetometer
[1.594s] -- Searching for <gz-sensors7> component [navsat]
[1.596s] -- Looking for gz-sensors7-navsat -- found version 7.3.1
[1.597s] -- Searching for dependencies of gz-sensors7-navsat
[1.597s] -- Searching for <gz-sensors7> component [rendering]
[1.599s] -- Looking for gz-sensors7-rendering -- found version 7.3.1
[1.600s] -- Searching for dependencies of gz-sensors7-rendering
[1.600s] -- Searching for <gz-sensors7> component [lidar]
[1.602s] -- Looking for gz-sensors7-lidar -- found version 7.3.1
[1.602s] -- Searching for dependencies of gz-sensors7-lidar
[1.603s] -- Looking for gz-sensors7 -- found version 7.3.1
[1.603s] -- Searching for <gz-sensors7> component [gpu_lidar]
[1.605s] -- Looking for gz-sensors7-gpu_lidar -- found version 7.3.1
[1.606s] -- Searching for dependencies of gz-sensors7-gpu_lidar
[1.606s] -- Looking for gz-sensors7 -- found version 7.3.1
[1.606s] -- Searching for <gz-sensors7> component [camera]
[1.608s] -- Looking for gz-sensors7-camera -- found version 7.3.1
[1.609s] -- Searching for dependencies of gz-sensors7-camera
[1.609s] -- Looking for gz-sensors7 -- found version 7.3.1
[1.609s] -- Searching for <gz-sensors7> component [boundingbox_camera]
[1.612s] -- Looking for gz-sensors7-boundingbox_camera -- found version 7.3.1
[1.612s] -- Searching for dependencies of gz-sensors7-boundingbox_camera
[1.612s] -- Searching for <gz-sensors7> component [segmentation_camera]
[1.614s] -- Looking for gz-sensors7-segmentation_camera -- found version 7.3.1
[1.615s] -- Searching for dependencies of gz-sensors7-segmentation_camera
[1.615s] -- Searching for <gz-sensors7> component [depth_camera]
[1.617s] -- Looking for gz-sensors7-depth_camera -- found version 7.3.1
[1.618s] -- Searching for dependencies of gz-sensors7-depth_camera
[1.618s] -- Looking for gz-sensors7 -- found version 7.3.1
[1.618s] -- Searching for <gz-sensors7> component [rgbd_camera]
[1.621s] -- Looking for gz-sensors7-rgbd_camera -- found version 7.3.1
[1.621s] -- Searching for dependencies of gz-sensors7-rgbd_camera
[1.621s] -- Looking for gz-sensors7 -- found version 7.3.1
[1.622s] -- Searching for <gz-sensors7> component [thermal_camera]
[1.624s] -- Looking for gz-sensors7-thermal_camera -- found version 7.3.1
[1.624s] -- Searching for dependencies of gz-sensors7-thermal_camera
[1.624s] -- Looking for gz-sensors7 -- found version 7.3.1
[1.625s] -- Searching for <gz-sensors7> component [wide_angle_camera]
[1.627s] -- Looking for gz-sensors7-wide_angle_camera -- found version 7.3.1
[1.627s] -- Searching for dependencies of gz-sensors7-wide_angle_camera
[1.628s] -- Looking for gz-rendering7 -- found version 7.5.0
[1.628s] -- Looking for gz-math7 -- found version 7.5.1
[1.629s] -- Looking for gz-utils2 -- found version 2.2.1
[1.650s] -- Looking for gz-common5 -- found version 5.7.1
[1.650s] -- Looking for gz-fuel_tools8 -- found version 8.2.0
[1.650s] -- Looking for gz-math7 -- found version 7.5.1
[1.650s] -- Looking for gz-msgs9 -- found version 9.5.1
[1.651s] -- Looking for gz-transport12 -- found version 12.2.2
[1.651s] -- Looking for gz-plugin2 -- found version 2.0.4
[1.651s] -- Looking for gz-rendering7 -- found version 7.5.0
[1.652s] -- Looking for gz-sensors7 -- found version 7.3.1
[1.652s] -- Looking for gz-utils2 -- found version 2.2.1
[1.652s] -- Looking for sdformat13 -- found version 13.9.0
[1.654s] -- Found std_msgs: 4.2.4 (/opt/ros/humble/share/std_msgs/cmake)
[1.679s] -- Found rosidl_generator_c: 3.1.6 (/opt/ros/humble/share/rosidl_generator_c/cmake)
[1.684s] -- Found rosidl_adapter: 3.1.6 (/opt/ros/humble/share/rosidl_adapter/cmake)
[1.691s] -- Found rosidl_generator_cpp: 3.1.6 (/opt/ros/humble/share/rosidl_generator_cpp/cmake)
[1.700s] -- Using all available rosidl_typesupport_c: rosidl_typesupport_fastrtps_c;rosidl_typesupport_introspection_c
[1.713s] -- Using all available rosidl_typesupport_cpp: rosidl_typesupport_fastrtps_cpp;rosidl_typesupport_introspection_cpp
[1.849s] -- Configuring done
[1.937s] -- Generating done
[1.955s] -- Build files have been written to: /home/mrxiuer/project/æ¯•è®¾/demo/src/build/vrx_gz
[1.970s] Invoked command in '/home/mrxiuer/project/æ¯•è®¾/demo/src/build/vrx_gz' returned '0': CMAKE_PREFIX_PATH=${CMAKE_PREFIX_PATH}:/opt/ros/humble /usr/bin/cmake /home/mrxiuer/project/æ¯•è®¾/demo/src/vrx/vrx_gz -DCMAKE_INSTALL_PREFIX=/home/mrxiuer/project/æ¯•è®¾/demo/src/install
[1.971s] Invoking command in '/home/mrxiuer/project/æ¯•è®¾/demo/src/build/vrx_gz': CMAKE_PREFIX_PATH=${CMAKE_PREFIX_PATH}:/opt/ros/humble /usr/bin/cmake --build /home/mrxiuer/project/æ¯•è®¾/demo/src/build/vrx_gz -- -j16 -l16
[2.020s] [  2%] [32mBuilding CXX object CMakeFiles/Waves.dir/src/Wavefield.cc.o[0m
[2.020s] [  4%] [32mBuilding CXX object CMakeFiles/ScoringPlugin.dir/src/ScoringPlugin.cc.o[0m
[2.028s] [  4%] Built target ament_cmake_python_copy_vrx_gz
[2.255s] running egg_info
[2.255s] creating vrx_gz.egg-info
[2.256s] writing vrx_gz.egg-info/PKG-INFO
[2.256s] writing dependency_links to vrx_gz.egg-info/dependency_links.txt
[2.256s] writing top-level names to vrx_gz.egg-info/top_level.txt
[2.256s] writing manifest file 'vrx_gz.egg-info/SOURCES.txt'
[2.258s] reading manifest file 'vrx_gz.egg-info/SOURCES.txt'
[2.258s] writing manifest file 'vrx_gz.egg-info/SOURCES.txt'
[2.286s] [  4%] Built target ament_cmake_python_build_vrx_gz_egg
[4.761s] [  6%] [32m[1mLinking CXX shared library libWaves.so[0m
[4.965s] [  6%] Built target Waves
[4.986s] [ 12%] [32mBuilding CXX object CMakeFiles/PolyhedraBuoyancyDrag.dir/src/PolyhedronVolume.cc.o[0m
[4.987s] [ 12%] [32mBuilding CXX object CMakeFiles/PolyhedraBuoyancyDrag.dir/src/PolyhedraBuoyancyDrag.cc.o[0m
[4.987s] [ 12%] [32mBuilding CXX object CMakeFiles/PolyhedraBuoyancyDrag.dir/src/ShapeVolume.cc.o[0m
[5.853s] [ 14%] [32m[1mLinking CXX shared library libScoringPlugin.so[0m
[6.084s] [ 14%] Built target ScoringPlugin
[6.116s] [ 25%] [32mBuilding CXX object CMakeFiles/AcousticPerceptionScoringPlugin.dir/src/AcousticPerceptionScoringPlugin.cc.o[0m
[6.116s] [ 25%] [32mBuilding CXX object CMakeFiles/AcousticTrackingScoringPlugin.dir/src/AcousticTrackingScoringPlugin.cc.o[0m
[6.116s] [ 25%] [32mBuilding CXX object CMakeFiles/LightBuoyPlugin.dir/src/LightBuoyPlugin.cc.o[0m
[6.116s] [ 27%] [32mBuilding CXX object CMakeFiles/BallShooterPlugin.dir/src/BallShooterPlugin.cc.o[0m
[6.116s] [ 33%] [32mBuilding CXX object CMakeFiles/PerceptionScoringPlugin.dir/src/PerceptionScoringPlugin.cc.o[0m
[6.116s] [ 33%] [32mBuilding CXX object CMakeFiles/WayfindingScoringPlugin.dir/src/WayfindingScoringPlugin.cc.o[0m
[6.116s] [ 33%] [32mBuilding CXX object CMakeFiles/GymkhanaScoringPlugin.dir/src/GymkhanaScoringPlugin.cc.o[0m
[6.116s] [ 25%] [32mBuilding CXX object CMakeFiles/StationkeepingScoringPlugin.dir/src/StationkeepingScoringPlugin.cc.o[0m
[6.116s] [ 35%] [32mBuilding CXX object CMakeFiles/PlacardPlugin.dir/src/PlacardPlugin.cc.o[0m
[6.117s] [ 37%] [32mBuilding CXX object CMakeFiles/PublisherPlugin.dir/src/PublisherPlugin.cc.o[0m
[6.117s] [ 33%] [32mBuilding CXX object CMakeFiles/AcousticPingerPlugin.dir/src/AcousticPingerPlugin.cc.o[0m
[6.117s] [ 39%] [32mBuilding CXX object CMakeFiles/ScanDockScoringPlugin.dir/src/ScanDockScoringPlugin.cc.o[0m
[6.117s] [ 41%] [32mBuilding CXX object CMakeFiles/NavigationScoringPlugin.dir/src/NavigationScoringPlugin.cc.o[0m
[6.118s] [ 43%] [32mBuilding CXX object CMakeFiles/SimpleHydrodynamics.dir/src/SimpleHydrodynamics.cc.o[0m
[6.466s] [ 45%] [32mBuilding CXX object CMakeFiles/WayfindingScoringPlugin.dir/src/WaypointMarkers.cc.o[0m
[10.912s] [ 47%] [32m[1mLinking CXX shared library libPublisherPlugin.so[0m
[11.336s] [ 47%] Built target PublisherPlugin
[11.373s] [ 50%] [32mBuilding CXX object CMakeFiles/Surface.dir/src/Surface.cc.o[0m
[11.390s] [ 52%] [32m[1mLinking CXX shared library libLightBuoyPlugin.so[0m
[11.859s] [ 52%] Built target LightBuoyPlugin
[11.895s] [ 54%] [32mBuilding CXX object CMakeFiles/USVWind.dir/src/USVWind.cc.o[0m
[12.492s] [ 56%] [32m[1mLinking CXX shared library libGymkhanaScoringPlugin.so[0m
[12.570s] [ 58%] [32m[1mLinking CXX shared library libSimpleHydrodynamics.so[0m
[12.819s] [ 60%] [32m[1mLinking CXX shared library libPlacardPlugin.so[0m
[12.872s] [ 62%] [32m[1mLinking CXX shared library libPolyhedraBuoyancyDrag.so[0m
[12.997s] [ 62%] Built target SimpleHydrodynamics
[13.017s] [ 64%] [32mBuilding CXX object CMakeFiles/StationkeepingScoringPlugin.dir/src/WaypointMarkers.cc.o[0m
[13.054s] [ 64%] Built target GymkhanaScoringPlugin
[13.071s] [ 66%] [32mBuilding CXX object CMakeFiles/AcousticPerceptionScoringPlugin.dir/src/WaypointMarkers.cc.o[0m
[13.269s] [ 68%] [32mBuilding CXX object CMakeFiles/AcousticTrackingScoringPlugin.dir/src/WaypointMarkers.cc.o[0m
[13.417s] [ 68%] Built target PlacardPlugin
[13.422s] [ 68%] Built target PolyhedraBuoyancyDrag
[13.449s] [ 70%] [32mBuilding CXX object CMakeFiles/WaveVisual.dir/src/WaveVisual.cc.o[0m
[13.461s] [ 72%] [32mBuilding CXX object CMakeFiles/WildlifeScoringPlugin.dir/src/WildlifeScoringPlugin.cc.o[0m
[13.538s] [ 75%] [32m[1mLinking CXX shared library libPerceptionScoringPlugin.so[0m
[13.785s] [ 77%] [32m[1mLinking CXX shared library libAcousticPingerPlugin.so[0m
[14.140s] [ 77%] Built target PerceptionScoringPlugin
[14.355s] [ 77%] Built target AcousticPingerPlugin
[15.358s] [ 79%] [32m[1mLinking CXX shared library libWayfindingScoringPlugin.so[0m
[15.442s] [ 81%] [32m[1mLinking CXX shared library libNavigationScoringPlugin.so[0m
[15.747s] [ 81%] Built target WayfindingScoringPlugin
[15.890s] [ 81%] Built target NavigationScoringPlugin
[16.113s] [ 83%] [32m[1mLinking CXX shared library libBallShooterPlugin.so[0m
[16.208s] [ 85%] [32m[1mLinking CXX shared library libScanDockScoringPlugin.so[0m
[16.464s] [ 85%] Built target BallShooterPlugin
[16.563s] [ 85%] Built target ScanDockScoringPlugin
[17.019s] [ 87%] [32m[1mLinking CXX shared library libSurface.so[0m
[17.293s] [ 87%] Built target Surface
[18.364s] [ 89%] [32m[1mLinking CXX shared library libAcousticTrackingScoringPlugin.so[0m
[18.413s] [ 91%] [32m[1mLinking CXX shared library libStationkeepingScoringPlugin.so[0m
[18.526s] [ 93%] [32m[1mLinking CXX shared library libAcousticPerceptionScoringPlugin.so[0m
[18.691s] [ 93%] Built target AcousticTrackingScoringPlugin
[18.739s] [ 93%] Built target StationkeepingScoringPlugin
[18.835s] [ 93%] Built target AcousticPerceptionScoringPlugin
[19.118s] [ 95%] [32m[1mLinking CXX shared library libWildlifeScoringPlugin.so[0m
[19.297s] [ 97%] [32m[1mLinking CXX shared library libUSVWind.so[0m
[19.390s] [ 97%] Built target WildlifeScoringPlugin
[19.542s] [ 97%] Built target USVWind
[20.408s] [100%] [32m[1mLinking CXX shared library libWaveVisual.so[0m
[20.638s] [100%] Built target WaveVisual
[20.650s] Invoked command in '/home/mrxiuer/project/æ¯•è®¾/demo/src/build/vrx_gz' returned '0': CMAKE_PREFIX_PATH=${CMAKE_PREFIX_PATH}:/opt/ros/humble /usr/bin/cmake --build /home/mrxiuer/project/æ¯•è®¾/demo/src/build/vrx_gz -- -j16 -l16
[20.652s] Invoking command in '/home/mrxiuer/project/æ¯•è®¾/demo/src/build/vrx_gz': CMAKE_PREFIX_PATH=${CMAKE_PREFIX_PATH}:/opt/ros/humble /usr/bin/cmake --install /home/mrxiuer/project/æ¯•è®¾/demo/src/build/vrx_gz
[20.658s] -- Install configuration: ""
[20.659s] -- Installing: /home/mrxiuer/project/æ¯•è®¾/demo/src/install/share/vrx_gz/environment/resource_paths.dsv
[20.659s] -- Installing: /home/mrxiuer/project/æ¯•è®¾/demo/src/install/share/vrx_gz/environment/resource_paths.sh
[20.659s] -- Installing: /home/mrxiuer/project/æ¯•è®¾/demo/src/install/lib/libWaves.so
[20.660s] -- Installing: /home/mrxiuer/project/æ¯•è®¾/demo/src/install/lib/libPolyhedraBuoyancyDrag.so
[20.662s] -- Set runtime path of "/home/mrxiuer/project/æ¯•è®¾/demo/src/install/lib/libPolyhedraBuoyancyDrag.so" to ""
[20.662s] -- Installing: /home/mrxiuer/project/æ¯•è®¾/demo/src/install/lib/libScoringPlugin.so
[20.664s] -- Installing: /home/mrxiuer/project/æ¯•è®¾/demo/src/install/lib/libStationkeepingScoringPlugin.so
[20.667s] -- Set runtime path of "/home/mrxiuer/project/æ¯•è®¾/demo/src/install/lib/libStationkeepingScoringPlugin.so" to ""
[20.667s] -- Installing: /home/mrxiuer/project/æ¯•è®¾/demo/src/install/lib/libWayfindingScoringPlugin.so
[20.670s] -- Set runtime path of "/home/mrxiuer/project/æ¯•è®¾/demo/src/install/lib/libWayfindingScoringPlugin.so" to ""
[20.670s] -- Installing: /home/mrxiuer/project/æ¯•è®¾/demo/src/install/lib/libAcousticPerceptionScoringPlugin.so
[20.673s] -- Set runtime path of "/home/mrxiuer/project/æ¯•è®¾/demo/src/install/lib/libAcousticPerceptionScoringPlugin.so" to ""
[20.673s] -- Installing: /home/mrxiuer/project/æ¯•è®¾/demo/src/install/lib/libAcousticTrackingScoringPlugin.so
[20.675s] -- Set runtime path of "/home/mrxiuer/project/æ¯•è®¾/demo/src/install/lib/libAcousticTrackingScoringPlugin.so" to ""
[20.676s] -- Installing: /home/mrxiuer/project/æ¯•è®¾/demo/src/install/lib/libAcousticPingerPlugin.so
[20.678s] -- Set runtime path of "/home/mrxiuer/project/æ¯•è®¾/demo/src/install/lib/libAcousticPingerPlugin.so" to ""
[20.678s] -- Installing: /home/mrxiuer/project/æ¯•è®¾/demo/src/install/lib/libBallShooterPlugin.so
[20.681s] -- Set runtime path of "/home/mrxiuer/project/æ¯•è®¾/demo/src/install/lib/libBallShooterPlugin.so" to ""
[20.681s] -- Installing: /home/mrxiuer/project/æ¯•è®¾/demo/src/install/lib/libLightBuoyPlugin.so
[20.683s] -- Set runtime path of "/home/mrxiuer/project/æ¯•è®¾/demo/src/install/lib/libLightBuoyPlugin.so" to ""
[20.683s] -- Installing: /home/mrxiuer/project/æ¯•è®¾/demo/src/install/lib/libNavigationScoringPlugin.so
[20.685s] -- Set runtime path of "/home/mrxiuer/project/æ¯•è®¾/demo/src/install/lib/libNavigationScoringPlugin.so" to ""
[20.686s] -- Installing: /home/mrxiuer/project/æ¯•è®¾/demo/src/install/lib/libGymkhanaScoringPlugin.so
[20.688s] -- Set runtime path of "/home/mrxiuer/project/æ¯•è®¾/demo/src/install/lib/libGymkhanaScoringPlugin.so" to ""
[20.688s] -- Installing: /home/mrxiuer/project/æ¯•è®¾/demo/src/install/lib/libPerceptionScoringPlugin.so
[20.691s] -- Set runtime path of "/home/mrxiuer/project/æ¯•è®¾/demo/src/install/lib/libPerceptionScoringPlugin.so" to ""
[20.691s] -- Installing: /home/mrxiuer/project/æ¯•è®¾/demo/src/install/lib/libPlacardPlugin.so
[20.693s] -- Set runtime path of "/home/mrxiuer/project/æ¯•è®¾/demo/src/install/lib/libPlacardPlugin.so" to ""
[20.693s] -- Installing: /home/mrxiuer/project/æ¯•è®¾/demo/src/install/lib/libPublisherPlugin.so
[20.694s] -- Set runtime path of "/home/mrxiuer/project/æ¯•è®¾/demo/src/install/lib/libPublisherPlugin.so" to ""
[20.694s] -- Installing: /home/mrxiuer/project/æ¯•è®¾/demo/src/install/lib/libScanDockScoringPlugin.so
[20.698s] -- Set runtime path of "/home/mrxiuer/project/æ¯•è®¾/demo/src/install/lib/libScanDockScoringPlugin.so" to ""
[20.698s] -- Installing: /home/mrxiuer/project/æ¯•è®¾/demo/src/install/lib/libSimpleHydrodynamics.so
[20.699s] -- Set runtime path of "/home/mrxiuer/project/æ¯•è®¾/demo/src/install/lib/libSimpleHydrodynamics.so" to ""
[20.699s] -- Installing: /home/mrxiuer/project/æ¯•è®¾/demo/src/install/lib/libSurface.so
[20.702s] -- Set runtime path of "/home/mrxiuer/project/æ¯•è®¾/demo/src/install/lib/libSurface.so" to ""
[20.702s] -- Installing: /home/mrxiuer/project/æ¯•è®¾/demo/src/install/lib/libUSVWind.so
[20.704s] -- Set runtime path of "/home/mrxiuer/project/æ¯•è®¾/demo/src/install/lib/libUSVWind.so" to ""
[20.704s] -- Installing: /home/mrxiuer/project/æ¯•è®¾/demo/src/install/lib/libWaveVisual.so
[20.706s] -- Set runtime path of "/home/mrxiuer/project/æ¯•è®¾/demo/src/install/lib/libWaveVisual.so" to ""
[20.706s] -- Installing: /home/mrxiuer/project/æ¯•è®¾/demo/src/install/lib/libWildlifeScoringPlugin.so
[20.709s] -- Set runtime path of "/home/mrxiuer/project/æ¯•è®¾/demo/src/install/lib/libWildlifeScoringPlugin.so" to ""
[20.709s] -- Installing: /home/mrxiuer/project/æ¯•è®¾/demo/src/install/share/vrx_gz/environment/pythonpath.sh
[20.709s] -- Installing: /home/mrxiuer/project/æ¯•è®¾/demo/src/install/share/vrx_gz/environment/pythonpath.dsv
[20.709s] -- Installing: /home/mrxiuer/project/æ¯•è®¾/demo/src/install/local/lib/python3.10/dist-packages/vrx_gz-0.0.0-py3.10.egg-info
[20.709s] -- Installing: /home/mrxiuer/project/æ¯•è®¾/demo/src/install/local/lib/python3.10/dist-packages/vrx_gz-0.0.0-py3.10.egg-info/dependency_links.txt
[20.709s] -- Installing: /home/mrxiuer/project/æ¯•è®¾/demo/src/install/local/lib/python3.10/dist-packages/vrx_gz-0.0.0-py3.10.egg-info/PKG-INFO
[20.709s] -- Installing: /home/mrxiuer/project/æ¯•è®¾/demo/src/install/local/lib/python3.10/dist-packages/vrx_gz-0.0.0-py3.10.egg-info/SOURCES.txt
[20.710s] -- Installing: /home/mrxiuer/project/æ¯•è®¾/demo/src/install/local/lib/python3.10/dist-packages/vrx_gz-0.0.0-py3.10.egg-info/top_level.txt
[20.710s] -- Installing: /home/mrxiuer/project/æ¯•è®¾/demo/src/install/local/lib/python3.10/dist-packages/vrx_gz
[20.710s] -- Installing: /home/mrxiuer/project/æ¯•è®¾/demo/src/install/local/lib/python3.10/dist-packages/vrx_gz/__init__.py
[20.710s] -- Installing: /home/mrxiuer/project/æ¯•è®¾/demo/src/install/local/lib/python3.10/dist-packages/vrx_gz/payload_bridges.py
[20.710s] -- Installing: /home/mrxiuer/project/æ¯•è®¾/demo/src/install/local/lib/python3.10/dist-packages/vrx_gz/bridges.py
[20.710s] -- Installing: /home/mrxiuer/project/æ¯•è®¾/demo/src/install/local/lib/python3.10/dist-packages/vrx_gz/bridge.py
[20.710s] -- Installing: /home/mrxiuer/project/æ¯•è®¾/demo/src/install/local/lib/python3.10/dist-packages/vrx_gz/launch.py
[20.710s] -- Installing: /home/mrxiuer/project/æ¯•è®¾/demo/src/install/local/lib/python3.10/dist-packages/vrx_gz/model.py
[20.742s] Listing '/home/mrxiuer/project/æ¯•è®¾/demo/src/install/local/lib/python3.10/dist-packages/vrx_gz'...
[20.742s] Compiling '/home/mrxiuer/project/æ¯•è®¾/demo/src/install/local/lib/python3.10/dist-packages/vrx_gz/__init__.py'...
[20.742s] Compiling '/home/mrxiuer/project/æ¯•è®¾/demo/src/install/local/lib/python3.10/dist-packages/vrx_gz/bridge.py'...
[20.742s] Compiling '/home/mrxiuer/project/æ¯•è®¾/demo/src/install/local/lib/python3.10/dist-packages/vrx_gz/bridges.py'...
[20.742s] Compiling '/home/mrxiuer/project/æ¯•è®¾/demo/src/install/local/lib/python3.10/dist-packages/vrx_gz/launch.py'...
[20.742s] Compiling '/home/mrxiuer/project/æ¯•è®¾/demo/src/install/local/lib/python3.10/dist-packages/vrx_gz/model.py'...
[20.742s] Compiling '/home/mrxiuer/project/æ¯•è®¾/demo/src/install/local/lib/python3.10/dist-packages/vrx_gz/payload_bridges.py'...
[20.745s] -- Installing: /home/mrxiuer/project/æ¯•è®¾/demo/src/install/share/vrx_gz/config
[20.745s] -- Installing: /home/mrxiuer/project/æ¯•è®¾/demo/src/install/share/vrx_gz/config/wamv.yaml
[20.745s] -- Installing: /home/mrxiuer/project/æ¯•è®¾/demo/src/install/share/vrx_gz/config/InteractiveMarker.config
[20.745s] -- Installing: /home/mrxiuer/project/æ¯•è®¾/demo/src/install/share/vrx_gz/config/roboboat.yaml
[20.745s] -- Installing: /home/mrxiuer/project/æ¯•è®¾/demo/src/install/share/vrx_gz/launch
[20.746s] -- Installing: /home/mrxiuer/project/æ¯•è®¾/demo/src/install/share/vrx_gz/launch/picture.py
[20.746s] -- Installing: /home/mrxiuer/project/æ¯•è®¾/demo/src/install/share/vrx_gz/launch/improved_A_star.py
[20.746s] -- Installing: /home/mrxiuer/project/æ¯•è®¾/demo/src/install/share/vrx_gz/launch/A_star.py
[20.746s] -- Installing: /home/mrxiuer/project/æ¯•è®¾/demo/src/install/share/vrx_gz/launch/__pycache__
[20.746s] -- Installing: /home/mrxiuer/project/æ¯•è®¾/demo/src/install/share/vrx_gz/launch/__pycache__/common_utilities.cpython-310.pyc
[20.746s] -- Installing: /home/mrxiuer/project/æ¯•è®¾/demo/src/install/share/vrx_gz/launch/spawn_config.launch.py
[20.746s] -- Installing: /home/mrxiuer/project/æ¯•è®¾/demo/src/install/share/vrx_gz/launch/headings_plot.png
[20.747s] -- Installing: /home/mrxiuer/project/æ¯•è®¾/demo/src/install/share/vrx_gz/launch/common_utilities.py
[20.747s] -- Installing: /home/mrxiuer/project/æ¯•è®¾/demo/src/install/share/vrx_gz/launch/competition.launch.py
[20.747s] -- Installing: /home/mrxiuer/project/æ¯•è®¾/demo/src/install/share/vrx_gz/launch/improved_A_star_test2.py
[20.747s] -- Installing: /home/mrxiuer/project/æ¯•è®¾/demo/src/install/share/vrx_gz/launch/vrx_environment.launch.py
[20.747s] -- Installing: /home/mrxiuer/project/æ¯•è®¾/demo/src/install/share/vrx_gz/launch/runs
[20.747s] -- Installing: /home/mrxiuer/project/æ¯•è®¾/demo/src/install/share/vrx_gz/launch/runs/rnn_visualization
[20.748s] -- Installing: /home/mrxiuer/project/æ¯•è®¾/demo/src/install/share/vrx_gz/launch/runs/rnn_visualization/events.out.tfevents.1747030446.mrxiuer-Dell-G15-5515.6243.0
[20.748s] -- Installing: /home/mrxiuer/project/æ¯•è®¾/demo/src/install/share/vrx_gz/launch/spawn.launch.py
[20.748s] -- Installing: /home/mrxiuer/project/æ¯•è®¾/demo/src/install/share/vrx_gz/launch/usv_joy_teleop.py
[20.748s] -- Installing: /home/mrxiuer/project/æ¯•è®¾/demo/src/install/share/vrx_gz/models
[20.748s] -- Installing: /home/mrxiuer/project/æ¯•è®¾/demo/src/install/share/vrx_gz/models/short_navigation_course_4
[20.748s] -- Installing: /home/mrxiuer/project/æ¯•è®¾/demo/src/install/share/vrx_gz/models/short_navigation_course_4/model.config
[20.748s] -- Installing: /home/mrxiuer/project/æ¯•è®¾/demo/src/install/share/vrx_gz/models/short_navigation_course_4/model.sdf
[20.748s] -- Installing: /home/mrxiuer/project/æ¯•è®¾/demo/src/install/share/vrx_gz/models/platform
[20.748s] -- Installing: /home/mrxiuer/project/æ¯•è®¾/demo/src/install/share/vrx_gz/models/platform/model.config
[20.749s] -- Installing: /home/mrxiuer/project/æ¯•è®¾/demo/src/install/share/vrx_gz/models/platform/model.sdf
[20.749s] -- Installing: /home/mrxiuer/project/æ¯•è®¾/demo/src/install/share/vrx_gz/models/zhuzi
[20.749s] -- Installing: /home/mrxiuer/project/æ¯•è®¾/demo/src/install/share/vrx_gz/models/zhuzi/mesh
[20.749s] -- Installing: /home/mrxiuer/project/æ¯•è®¾/demo/src/install/share/vrx_gz/models/zhuzi/mesh/zhuzi.dae
[20.749s] -- Installing: /home/mrxiuer/project/æ¯•è®¾/demo/src/install/share/vrx_gz/models/zhuzi/mesh/å›¾åƒçº¹ç†2.png
[20.749s] -- Installing: /home/mrxiuer/project/æ¯•è®¾/demo/src/install/share/vrx_gz/models/zhuzi/model.config
[20.749s] -- Installing: /home/mrxiuer/project/æ¯•è®¾/demo/src/install/share/vrx_gz/models/zhuzi/model.sdf
[20.749s] -- Installing: /home/mrxiuer/project/æ¯•è®¾/demo/src/install/share/vrx_gz/models/short_navigation_course_3
[20.749s] -- Installing: /home/mrxiuer/project/æ¯•è®¾/demo/src/install/share/vrx_gz/models/short_navigation_course_3/model.config
[20.750s] -- Installing: /home/mrxiuer/project/æ¯•è®¾/demo/src/install/share/vrx_gz/models/short_navigation_course_3/model.sdf
[20.750s] -- Installing: /home/mrxiuer/project/æ¯•è®¾/demo/src/install/share/vrx_gz/models/robotx_light_buoy_bgy
[20.750s] -- Installing: /home/mrxiuer/project/æ¯•è®¾/demo/src/install/share/vrx_gz/models/robotx_light_buoy_bgy/model.config
[20.750s] -- Installing: /home/mrxiuer/project/æ¯•è®¾/demo/src/install/share/vrx_gz/models/robotx_light_buoy_bgy/model.sdf
[20.750s] -- Installing: /home/mrxiuer/project/æ¯•è®¾/demo/src/install/share/vrx_gz/models/robotx_light_buoy_gbr
[20.750s] -- Installing: /home/mrxiuer/project/æ¯•è®¾/demo/src/install/share/vrx_gz/models/robotx_light_buoy_gbr/model.config
[20.750s] -- Installing: /home/mrxiuer/project/æ¯•è®¾/demo/src/install/share/vrx_gz/models/robotx_light_buoy_gbr/model.sdf
[20.750s] -- Installing: /home/mrxiuer/project/æ¯•è®¾/demo/src/install/share/vrx_gz/models/dock_2022_base
[20.750s] -- Installing: /home/mrxiuer/project/æ¯•è®¾/demo/src/install/share/vrx_gz/models/dock_2022_base/model.config
[20.751s] -- Installing: /home/mrxiuer/project/æ¯•è®¾/demo/src/install/share/vrx_gz/models/dock_2022_base/model.sdf
[20.751s] -- Installing: /home/mrxiuer/project/æ¯•è®¾/demo/src/install/share/vrx_gz/models/roboboat02
[20.751s] -- Installing: /home/mrxiuer/project/æ¯•è®¾/demo/src/install/share/vrx_gz/models/roboboat02/model.config
[20.751s] -- Installing: /home/mrxiuer/project/æ¯•è®¾/demo/src/install/share/vrx_gz/models/roboboat02/meshes
[20.751s] -- Installing: /home/mrxiuer/project/æ¯•è®¾/demo/src/install/share/vrx_gz/models/roboboat02/meshes/roboboat02.dae
[20.753s] -- Installing: /home/mrxiuer/project/æ¯•è®¾/demo/src/install/share/vrx_gz/models/roboboat02/materials
[20.753s] -- Installing: /home/mrxiuer/project/æ¯•è®¾/demo/src/install/share/vrx_gz/models/roboboat02/materials/scripts
[20.753s] -- Installing: /home/mrxiuer/project/æ¯•è®¾/demo/src/install/share/vrx_gz/models/roboboat02/materials/scripts/model.material
[20.753s] -- Installing: /home/mrxiuer/project/æ¯•è®¾/demo/src/install/share/vrx_gz/models/roboboat02/materials/textures
[20.753s] -- Installing: /home/mrxiuer/project/æ¯•è®¾/demo/src/install/share/vrx_gz/models/roboboat02/materials/textures/Boat02_Albedo.png
[20.759s] -- Installing: /home/mrxiuer/project/æ¯•è®¾/demo/src/install/share/vrx_gz/models/roboboat02/materials/textures/Boat02_Roughness.png
[20.763s] -- Installing: /home/mrxiuer/project/æ¯•è®¾/demo/src/install/share/vrx_gz/models/roboboat02/materials/textures/Boat02_Normal.png
[20.765s] -- Installing: /home/mrxiuer/project/æ¯•è®¾/demo/src/install/share/vrx_gz/models/roboboat02/materials/textures/Boat02_Metallic.png
[20.766s] -- Installing: /home/mrxiuer/project/æ¯•è®¾/demo/src/install/share/vrx_gz/models/roboboat02/model.sdf
[20.766s] -- Installing: /home/mrxiuer/project/æ¯•è®¾/demo/src/install/share/vrx_gz/models/huan
[20.766s] -- Installing: /home/mrxiuer/project/æ¯•è®¾/demo/src/install/share/vrx_gz/models/huan/mesh
[20.766s] -- Installing: /home/mrxiuer/project/æ¯•è®¾/demo/src/install/share/vrx_gz/models/huan/mesh/huan.dae
[20.766s] -- Installing: /home/mrxiuer/project/æ¯•è®¾/demo/src/install/share/vrx_gz/models/huan/mesh/å›¾åƒçº¹ç†3.png
[20.767s] -- Installing: /home/mrxiuer/project/æ¯•è®¾/demo/src/install/share/vrx_gz/models/huan/model.config
[20.767s] -- Installing: /home/mrxiuer/project/æ¯•è®¾/demo/src/install/share/vrx_gz/models/huan/model.sdf
[20.767s] -- Installing: /home/mrxiuer/project/æ¯•è®¾/demo/src/install/share/vrx_gz/models/shizi
[20.767s] -- Installing: /home/mrxiuer/project/æ¯•è®¾/demo/src/install/share/vrx_gz/models/shizi/mesh
[20.767s] -- Installing: /home/mrxiuer/project/æ¯•è®¾/demo/src/install/share/vrx_gz/models/shizi/mesh/å›¾åƒçº¹ç†.png
[20.767s] -- Installing: /home/mrxiuer/project/æ¯•è®¾/demo/src/install/share/vrx_gz/models/shizi/mesh/shizi.dae
[20.767s] -- Installing: /home/mrxiuer/project/æ¯•è®¾/demo/src/install/share/vrx_gz/models/shizi/model.config
[20.767s] -- Installing: /home/mrxiuer/project/æ¯•è®¾/demo/src/install/share/vrx_gz/models/shizi/model.sdf
[20.767s] -- Installing: /home/mrxiuer/project/æ¯•è®¾/demo/src/install/share/vrx_gz/models/robotx_light_buoy_rgb
[20.767s] -- Installing: /home/mrxiuer/project/æ¯•è®¾/demo/src/install/share/vrx_gz/models/robotx_light_buoy_rgb/mesh
[20.768s] -- Installing: /home/mrxiuer/project/æ¯•è®¾/demo/src/install/share/vrx_gz/models/robotx_light_buoy_rgb/mesh/LightTower_Albedo.png
[20.770s] -- Installing: /home/mrxiuer/project/æ¯•è®¾/demo/src/install/share/vrx_gz/models/robotx_light_buoy_rgb/mesh/LightTower_Opacity.png
[20.770s] -- Installing: /home/mrxiuer/project/æ¯•è®¾/demo/src/install/share/vrx_gz/models/robotx_light_buoy_rgb/mesh/LightTower_Metalness.png
[20.770s] -- Installing: /home/mrxiuer/project/æ¯•è®¾/demo/src/install/share/vrx_gz/models/robotx_light_buoy_rgb/mesh/LightTower_Roughness.png
[20.771s] -- Installing: /home/mrxiuer/project/æ¯•è®¾/demo/src/install/share/vrx_gz/models/robotx_light_buoy_rgb/mesh/LightTower_Normal.png
[20.775s] -- Installing: /home/mrxiuer/project/æ¯•è®¾/demo/src/install/share/vrx_gz/models/robotx_light_buoy_rgb/mesh/robotx_light_buoy.dae
[20.776s] -- Installing: /home/mrxiuer/project/æ¯•è®¾/demo/src/install/share/vrx_gz/models/robotx_light_buoy_rgb/model.config
[20.776s] -- Installing: /home/mrxiuer/project/æ¯•è®¾/demo/src/install/share/vrx_gz/models/robotx_light_buoy_rgb/model.sdf
[20.776s] -- Installing: /home/mrxiuer/project/æ¯•è®¾/demo/src/install/share/vrx_gz/models/robotx_light_buoy_rgy
[20.776s] -- Installing: /home/mrxiuer/project/æ¯•è®¾/demo/src/install/share/vrx_gz/models/robotx_light_buoy_rgy/model.config
[20.776s] -- Installing: /home/mrxiuer/project/æ¯•è®¾/demo/src/install/share/vrx_gz/models/robotx_light_buoy_rgy/model.sdf
[20.777s] -- Installing: /home/mrxiuer/project/æ¯•è®¾/demo/src/install/share/vrx_gz/models/robotx_light_buoy_ybr
[20.777s] -- Installing: /home/mrxiuer/project/æ¯•è®¾/demo/src/install/share/vrx_gz/models/robotx_light_buoy_ybr/model.config
[20.777s] -- Installing: /home/mrxiuer/project/æ¯•è®¾/demo/src/install/share/vrx_gz/models/robotx_light_buoy_ybr/model.sdf
[20.777s] -- Installing: /home/mrxiuer/project/æ¯•è®¾/demo/src/install/share/vrx_gz/models/coast_waves
[20.777s] -- Installing: /home/mrxiuer/project/æ¯•è®¾/demo/src/install/share/vrx_gz/models/coast_waves/model.config
[20.777s] -- Installing: /home/mrxiuer/project/æ¯•è®¾/demo/src/install/share/vrx_gz/models/coast_waves/meshes
[20.777s] -- Installing: /home/mrxiuer/project/æ¯•è®¾/demo/src/install/share/vrx_gz/models/coast_waves/meshes/waterlow.dae
[20.793s] -- Installing: /home/mrxiuer/project/æ¯•è®¾/demo/src/install/share/vrx_gz/models/coast_waves/materials
[20.793s] -- Installing: /home/mrxiuer/project/æ¯•è®¾/demo/src/install/share/vrx_gz/models/coast_waves/materials/textures
[20.793s] -- Installing: /home/mrxiuer/project/æ¯•è®¾/demo/src/install/share/vrx_gz/models/coast_waves/materials/textures/skybox_lowres.dds
[20.794s] -- Installing: /home/mrxiuer/project/æ¯•è®¾/demo/src/install/share/vrx_gz/models/coast_waves/materials/textures/wave_normals.dds
[20.795s] -- Installing: /home/mrxiuer/project/æ¯•è®¾/demo/src/install/share/vrx_gz/models/coast_waves/materials/programs
[20.795s] -- Installing: /home/mrxiuer/project/æ¯•è®¾/demo/src/install/share/vrx_gz/models/coast_waves/materials/programs/GerstnerWaves_vs_330.glsl
[20.795s] -- Installing: /home/mrxiuer/project/æ¯•è®¾/demo/src/install/share/vrx_gz/models/coast_waves/materials/programs/GerstnerWaves_fs_330.glsl
[20.795s] -- Installing: /home/mrxiuer/project/æ¯•è®¾/demo/src/install/share/vrx_gz/models/coast_waves/model.sdf
[20.795s] -- Installing: /home/mrxiuer/project/æ¯•è®¾/demo/src/install/share/vrx_gz/models/short_navigation_course_2
[20.795s] -- Installing: /home/mrxiuer/project/æ¯•è®¾/demo/src/install/share/vrx_gz/models/short_navigation_course_2/model.config
[20.796s] -- Installing: /home/mrxiuer/project/æ¯•è®¾/demo/src/install/share/vrx_gz/models/short_navigation_course_2/model.sdf
[20.796s] -- Installing: /home/mrxiuer/project/æ¯•è®¾/demo/src/install/share/vrx_gz/models/articulated_platform
[20.796s] -- Installing: /home/mrxiuer/project/æ¯•è®¾/demo/src/install/share/vrx_gz/models/articulated_platform/model.config
[20.796s] -- Installing: /home/mrxiuer/project/æ¯•è®¾/demo/src/install/share/vrx_gz/models/articulated_platform/model.sdf
[20.796s] -- Installing: /home/mrxiuer/project/æ¯•è®¾/demo/src/install/share/vrx_gz/models/short_navigation_course_5
[20.796s] -- Installing: /home/mrxiuer/project/æ¯•è®¾/demo/src/install/share/vrx_gz/models/short_navigation_course_5/model.config
[20.796s] -- Installing: /home/mrxiuer/project/æ¯•è®¾/demo/src/install/share/vrx_gz/models/short_navigation_course_5/model.sdf
[20.796s] -- Installing: /home/mrxiuer/project/æ¯•è®¾/demo/src/install/share/vrx_gz/models/roboboat_cpubox
[20.796s] -- Installing: /home/mrxiuer/project/æ¯•è®¾/demo/src/install/share/vrx_gz/models/roboboat_cpubox/model.config
[20.797s] -- Installing: /home/mrxiuer/project/æ¯•è®¾/demo/src/install/share/vrx_gz/models/roboboat_cpubox/meshes
[20.797s] -- Installing: /home/mrxiuer/project/æ¯•è®¾/demo/src/install/share/vrx_gz/models/roboboat_cpubox/meshes/drybox.dae
[20.797s] -- Installing: /home/mrxiuer/project/æ¯•è®¾/demo/src/install/share/vrx_gz/models/roboboat_cpubox/materials
[20.797s] -- Installing: /home/mrxiuer/project/æ¯•è®¾/demo/src/install/share/vrx_gz/models/roboboat_cpubox/materials/textures
[20.797s] -- Installing: /home/mrxiuer/project/æ¯•è®¾/demo/src/install/share/vrx_gz/models/roboboat_cpubox/materials/textures/DryBox_Albedo.png
[20.803s] -- Installing: /home/mrxiuer/project/æ¯•è®¾/demo/src/install/share/vrx_gz/models/roboboat_cpubox/materials/textures/DryBox_Roughness.png
[20.813s] -- Installing: /home/mrxiuer/project/æ¯•è®¾/demo/src/install/share/vrx_gz/models/roboboat_cpubox/model.sdf
[20.813s] -- Installing: /home/mrxiuer/project/æ¯•è®¾/demo/src/install/share/vrx_gz/models/placard_2022
[20.813s] -- Installing: /home/mrxiuer/project/æ¯•è®¾/demo/src/install/share/vrx_gz/models/placard_2022/model.config
[20.813s] -- Installing: /home/mrxiuer/project/æ¯•è®¾/demo/src/install/share/vrx_gz/models/placard_2022/meshes
[20.814s] -- Installing: /home/mrxiuer/project/æ¯•è®¾/demo/src/install/share/vrx_gz/models/placard_2022/meshes/placard_2022.dae
[20.814s] -- Installing: /home/mrxiuer/project/æ¯•è®¾/demo/src/install/share/vrx_gz/models/placard_2022/materials
[20.814s] -- Installing: /home/mrxiuer/project/æ¯•è®¾/demo/src/install/share/vrx_gz/models/placard_2022/materials/textures
[20.814s] -- Installing: /home/mrxiuer/project/æ¯•è®¾/demo/src/install/share/vrx_gz/models/placard_2022/materials/textures/Placard.png
[20.814s] -- Installing: /home/mrxiuer/project/æ¯•è®¾/demo/src/install/share/vrx_gz/models/placard_2022/model.sdf
[20.814s] -- Installing: /home/mrxiuer/project/æ¯•è®¾/demo/src/install/share/vrx_gz/models/fangkuai
[20.814s] -- Installing: /home/mrxiuer/project/æ¯•è®¾/demo/src/install/share/vrx_gz/models/fangkuai/mesh
[20.814s] -- Installing: /home/mrxiuer/project/æ¯•è®¾/demo/src/install/share/vrx_gz/models/fangkuai/mesh/fangkuai.dae
[20.814s] -- Installing: /home/mrxiuer/project/æ¯•è®¾/demo/src/install/share/vrx_gz/models/fangkuai/mesh/å›¾åƒçº¹ç†.png
[20.814s] -- Installing: /home/mrxiuer/project/æ¯•è®¾/demo/src/install/share/vrx_gz/models/fangkuai/model.config
[20.814s] -- Installing: /home/mrxiuer/project/æ¯•è®¾/demo/src/install/share/vrx_gz/models/fangkuai/model.sdf
[20.814s] -- Installing: /home/mrxiuer/project/æ¯•è®¾/demo/src/install/share/vrx_gz/models/symbol_triangle
[20.814s] -- Installing: /home/mrxiuer/project/æ¯•è®¾/demo/src/install/share/vrx_gz/models/symbol_triangle/mesh
[20.814s] -- Installing: /home/mrxiuer/project/æ¯•è®¾/demo/src/install/share/vrx_gz/models/symbol_triangle/mesh/triangle.dae
[20.814s] -- Installing: /home/mrxiuer/project/æ¯•è®¾/demo/src/install/share/vrx_gz/models/symbol_triangle/model.config
[20.815s] -- Installing: /home/mrxiuer/project/æ¯•è®¾/demo/src/install/share/vrx_gz/models/symbol_triangle/model.sdf
[20.815s] -- Installing: /home/mrxiuer/project/æ¯•è®¾/demo/src/install/share/vrx_gz/models/dock_2022
[20.815s] -- Installing: /home/mrxiuer/project/æ¯•è®¾/demo/src/install/share/vrx_gz/models/dock_2022/model.config
[20.815s] -- Installing: /home/mrxiuer/project/æ¯•è®¾/demo/src/install/share/vrx_gz/models/dock_2022/model.sdf
[20.815s] -- Installing: /home/mrxiuer/project/æ¯•è®¾/demo/src/install/share/vrx_gz/models/obstacle_course
[20.815s] -- Installing: /home/mrxiuer/project/æ¯•è®¾/demo/src/install/share/vrx_gz/models/obstacle_course/model.config
[20.815s] -- Installing: /home/mrxiuer/project/æ¯•è®¾/demo/src/install/share/vrx_gz/models/obstacle_course/model.sdf
[20.815s] -- Installing: /home/mrxiuer/project/æ¯•è®¾/demo/src/install/share/vrx_gz/models/robotx_light_buoy_yrg
[20.815s] -- Installing: /home/mrxiuer/project/æ¯•è®¾/demo/src/install/share/vrx_gz/models/robotx_light_buoy_yrg/model.config
[20.815s] -- Installing: /home/mrxiuer/project/æ¯•è®¾/demo/src/install/share/vrx_gz/models/robotx_light_buoy_yrg/model.sdf
[20.815s] -- Installing: /home/mrxiuer/project/æ¯•è®¾/demo/src/install/share/vrx_gz/models/robotx_light_buoy_rbg
[20.815s] -- Installing: /home/mrxiuer/project/æ¯•è®¾/demo/src/install/share/vrx_gz/models/robotx_light_buoy_rbg/model.config
[20.816s] -- Installing: /home/mrxiuer/project/æ¯•è®¾/demo/src/install/share/vrx_gz/models/robotx_light_buoy_rbg/model.sdf
[20.816s] -- Installing: /home/mrxiuer/project/æ¯•è®¾/demo/src/install/share/vrx_gz/models/entrance_exit
[20.816s] -- Installing: /home/mrxiuer/project/æ¯•è®¾/demo/src/install/share/vrx_gz/models/entrance_exit/model.config
[20.816s] -- Installing: /home/mrxiuer/project/æ¯•è®¾/demo/src/install/share/vrx_gz/models/entrance_exit/model.sdf
[20.816s] -- Installing: /home/mrxiuer/project/æ¯•è®¾/demo/src/install/share/vrx_gz/models/short_navigation_course_0
[20.816s] -- Installing: /home/mrxiuer/project/æ¯•è®¾/demo/src/install/share/vrx_gz/models/short_navigation_course_0/model.config
[20.816s] -- Installing: /home/mrxiuer/project/æ¯•è®¾/demo/src/install/share/vrx_gz/models/short_navigation_course_0/model.sdf
[20.816s] -- Installing: /home/mrxiuer/project/æ¯•è®¾/demo/src/install/share/vrx_gz/models/short_course_2023_phase3_2
[20.816s] -- Installing: /home/mrxiuer/project/æ¯•è®¾/demo/src/install/share/vrx_gz/models/short_course_2023_phase3_2/model.config
[20.817s] -- Installing: /home/mrxiuer/project/æ¯•è®¾/demo/src/install/share/vrx_gz/models/short_course_2023_phase3_2/model.sdf
[20.817s] -- Installing: /home/mrxiuer/project/æ¯•è®¾/demo/src/install/share/vrx_gz/models/robotx_light_buoy_ygb
[20.817s] -- Installing: /home/mrxiuer/project/æ¯•è®¾/demo/src/install/share/vrx_gz/models/robotx_light_buoy_ygb/model.config
[20.817s] -- Installing: /home/mrxiuer/project/æ¯•è®¾/demo/src/install/share/vrx_gz/models/robotx_light_buoy_ygb/model.sdf
[20.817s] -- Installing: /home/mrxiuer/project/æ¯•è®¾/demo/src/install/share/vrx_gz/models/short_course_2023_phase3_1
[20.817s] -- Installing: /home/mrxiuer/project/æ¯•è®¾/demo/src/install/share/vrx_gz/models/short_course_2023_phase3_1/model.config
[20.817s] -- Installing: /home/mrxiuer/project/æ¯•è®¾/demo/src/install/share/vrx_gz/models/short_course_2023_phase3_1/model.sdf
[20.817s] -- Installing: /home/mrxiuer/project/æ¯•è®¾/demo/src/install/share/vrx_gz/models/short_navigation_course_1
[20.817s] -- Installing: /home/mrxiuer/project/æ¯•è®¾/demo/src/install/share/vrx_gz/models/short_navigation_course_1/model.config
[20.818s] -- Installing: /home/mrxiuer/project/æ¯•è®¾/demo/src/install/share/vrx_gz/models/short_navigation_course_1/model.sdf
[20.818s] -- Installing: /home/mrxiuer/project/æ¯•è®¾/demo/src/install/share/vrx_gz/models/dock_block_4x4
[20.818s] -- Installing: /home/mrxiuer/project/æ¯•è®¾/demo/src/install/share/vrx_gz/models/dock_block_4x4/mesh
[20.818s] -- Installing: /home/mrxiuer/project/æ¯•è®¾/demo/src/install/share/vrx_gz/models/dock_block_4x4/mesh/DockCubes_Normal.png
[20.844s] -- Installing: /home/mrxiuer/project/æ¯•è®¾/demo/src/install/share/vrx_gz/models/dock_block_4x4/mesh/DockCubes_Albedo.png
[20.845s] -- Installing: /home/mrxiuer/project/æ¯•è®¾/demo/src/install/share/vrx_gz/models/dock_block_4x4/mesh/DockCubes_Roughness.png
[20.846s] -- Installing: /home/mrxiuer/project/æ¯•è®¾/demo/src/install/share/vrx_gz/models/dock_block_4x4/mesh/dock_block_4x4.dae
[20.848s] -- Installing: /home/mrxiuer/project/æ¯•è®¾/demo/src/install/share/vrx_gz/models/dock_block_4x4/mesh/DockCubes_Metalness.png
[20.848s] -- Installing: /home/mrxiuer/project/æ¯•è®¾/demo/src/install/share/vrx_gz/models/dock_block_4x4/model.config
[20.848s] -- Installing: /home/mrxiuer/project/æ¯•è®¾/demo/src/install/share/vrx_gz/models/dock_block_4x4/model.sdf
[20.849s] -- Installing: /home/mrxiuer/project/æ¯•è®¾/demo/src/install/share/vrx_gz/models/roboboat01
[20.849s] -- Installing: /home/mrxiuer/project/æ¯•è®¾/demo/src/install/share/vrx_gz/models/roboboat01/model.config
[20.849s] -- Installing: /home/mrxiuer/project/æ¯•è®¾/demo/src/install/share/vrx_gz/models/roboboat01/meshes
[20.849s] -- Installing: /home/mrxiuer/project/æ¯•è®¾/demo/src/install/share/vrx_gz/models/roboboat01/meshes/roboboat01.dae
[20.850s] -- Installing: /home/mrxiuer/project/æ¯•è®¾/demo/src/install/share/vrx_gz/models/roboboat01/meshes/prop.dae
[20.850s] -- Installing: /home/mrxiuer/project/æ¯•è®¾/demo/src/install/share/vrx_gz/models/roboboat01/meshes/mount.dae
[20.850s] -- Installing: /home/mrxiuer/project/æ¯•è®¾/demo/src/install/share/vrx_gz/models/roboboat01/meshes/housing.dae
[20.850s] -- Installing: /home/mrxiuer/project/æ¯•è®¾/demo/src/install/share/vrx_gz/models/roboboat01/materials
[20.851s] -- Installing: /home/mrxiuer/project/æ¯•è®¾/demo/src/install/share/vrx_gz/models/roboboat01/materials/scripts
[20.851s] -- Installing: /home/mrxiuer/project/æ¯•è®¾/demo/src/install/share/vrx_gz/models/roboboat01/materials/scripts/model.material
[20.851s] -- Installing: /home/mrxiuer/project/æ¯•è®¾/demo/src/install/share/vrx_gz/models/roboboat01/materials/textures
[20.851s] -- Installing: /home/mrxiuer/project/æ¯•è®¾/demo/src/install/share/vrx_gz/models/roboboat01/materials/textures/Boat01_Metallic.png
[20.851s] -- Installing: /home/mrxiuer/project/æ¯•è®¾/demo/src/install/share/vrx_gz/models/roboboat01/materials/textures/Thruster_Roughness.png
[20.853s] -- Installing: /home/mrxiuer/project/æ¯•è®¾/demo/src/install/share/vrx_gz/models/roboboat01/materials/textures/Boat01_Normal.png
[20.854s] -- Installing: /home/mrxiuer/project/æ¯•è®¾/demo/src/install/share/vrx_gz/models/roboboat01/materials/textures/Boat01_Roughness.png
[20.859s] -- Installing: /home/mrxiuer/project/æ¯•è®¾/demo/src/install/share/vrx_gz/models/roboboat01/materials/textures/Thruster_Albedo.png
[20.860s] -- Installing: /home/mrxiuer/project/æ¯•è®¾/demo/src/install/share/vrx_gz/models/roboboat01/materials/textures/Boat01_Albedo.png
[20.867s] -- Installing: /home/mrxiuer/project/æ¯•è®¾/demo/src/install/share/vrx_gz/models/roboboat01/model.sdf
[20.868s] -- Installing: /home/mrxiuer/project/æ¯•è®¾/demo/src/install/share/vrx_gz/models/robotx_light_buoy_bgr
[20.868s] -- Installing: /home/mrxiuer/project/æ¯•è®¾/demo/src/install/share/vrx_gz/models/robotx_light_buoy_bgr/model.config
[20.868s] -- Installing: /home/mrxiuer/project/æ¯•è®¾/demo/src/install/share/vrx_gz/models/robotx_light_buoy_bgr/model.sdf
[20.868s] -- Installing: /home/mrxiuer/project/æ¯•è®¾/demo/src/install/share/vrx_gz/worlds
[20.868s] -- Installing: /home/mrxiuer/project/æ¯•è®¾/demo/src/install/share/vrx_gz/worlds/gymkhana_task.sdf
[20.868s] -- Installing: /home/mrxiuer/project/æ¯•è®¾/demo/src/install/share/vrx_gz/worlds/perception_task.sdf
[20.868s] -- Installing: /home/mrxiuer/project/æ¯•è®¾/demo/src/install/share/vrx_gz/worlds/scan_dock_deliver_task.sdf
[20.868s] -- Installing: /home/mrxiuer/project/æ¯•è®¾/demo/src/install/share/vrx_gz/worlds/follow_path_task.sdf
[20.869s] -- Installing: /home/mrxiuer/project/æ¯•è®¾/demo/src/install/share/vrx_gz/worlds/sydney_regatta.sdf
[20.869s] -- Installing: /home/mrxiuer/project/æ¯•è®¾/demo/src/install/share/vrx_gz/worlds/stationkeeping_task.sdf
[20.869s] -- Installing: /home/mrxiuer/project/æ¯•è®¾/demo/src/install/share/vrx_gz/worlds/wayfinding_task2.sdf
[20.869s] -- Installing: /home/mrxiuer/project/æ¯•è®¾/demo/src/install/share/vrx_gz/worlds/2023_practice
[20.869s] -- Installing: /home/mrxiuer/project/æ¯•è®¾/demo/src/install/share/vrx_gz/worlds/2023_practice/practice_2023_perception1_task.sdf
[20.869s] -- Installing: /home/mrxiuer/project/æ¯•è®¾/demo/src/install/share/vrx_gz/worlds/2023_practice/practice_2023_acoustic_perception1_task.sdf
[20.869s] -- Installing: /home/mrxiuer/project/æ¯•è®¾/demo/src/install/share/vrx_gz/worlds/2023_practice/practice_2023_wildlife1_task.sdf
[20.869s] -- Installing: /home/mrxiuer/project/æ¯•è®¾/demo/src/install/share/vrx_gz/worlds/2023_practice/practice_2023_follow_path1_task.sdf
[20.870s] -- Installing: /home/mrxiuer/project/æ¯•è®¾/demo/src/install/share/vrx_gz/worlds/2023_practice/practice_2023_stationkeeping0_task.sdf
[20.870s] -- Installing: /home/mrxiuer/project/æ¯•è®¾/demo/src/install/share/vrx_gz/worlds/2023_practice/practice_2023_scan_dock_deliver0_task.sdf
[20.870s] -- Installing: /home/mrxiuer/project/æ¯•è®¾/demo/src/install/share/vrx_gz/worlds/2023_practice/practice_2023_wildlife2_task.sdf
[20.870s] -- Installing: /home/mrxiuer/project/æ¯•è®¾/demo/src/install/share/vrx_gz/worlds/2023_practice/practice_2023_acoustic_tracking2_task.sdf
[20.870s] -- Installing: /home/mrxiuer/project/æ¯•è®¾/demo/src/install/share/vrx_gz/worlds/2023_practice/practice_2023_scan_dock_deliver1_task.sdf
[20.870s] -- Installing: /home/mrxiuer/project/æ¯•è®¾/demo/src/install/share/vrx_gz/worlds/2023_practice/practice_2023_perception0_task.sdf
[20.870s] -- Installing: /home/mrxiuer/project/æ¯•è®¾/demo/src/install/share/vrx_gz/worlds/2023_practice/practice_2023_follow_path0_task.sdf
[20.871s] -- Installing: /home/mrxiuer/project/æ¯•è®¾/demo/src/install/share/vrx_gz/worlds/2023_practice/practice_2023_acoustic_perception0_task.sdf
[20.871s] -- Installing: /home/mrxiuer/project/æ¯•è®¾/demo/src/install/share/vrx_gz/worlds/2023_practice/practice_2023_acoustic_tracking1_task.sdf
[20.871s] -- Installing: /home/mrxiuer/project/æ¯•è®¾/demo/src/install/share/vrx_gz/worlds/2023_practice/practice_2023_acoustic_tracking0_task.sdf
[20.871s] -- Installing: /home/mrxiuer/project/æ¯•è®¾/demo/src/install/share/vrx_gz/worlds/2023_practice/practice_2023_wayfinding1_task.sdf
[20.871s] -- Installing: /home/mrxiuer/project/æ¯•è®¾/demo/src/install/share/vrx_gz/worlds/2023_practice/practice_2023_stationkeeping2_task.sdf
[20.871s] -- Installing: /home/mrxiuer/project/æ¯•è®¾/demo/src/install/share/vrx_gz/worlds/2023_practice/practice_2023_scan_dock_deliver2_task.sdf
[20.872s] -- Installing: /home/mrxiuer/project/æ¯•è®¾/demo/src/install/share/vrx_gz/worlds/2023_practice/practice_2023_wayfinding0_task.sdf
[20.872s] -- Installing: /home/mrxiuer/project/æ¯•è®¾/demo/src/install/share/vrx_gz/worlds/2023_practice/practice_2023_follow_path2_task.sdf
[20.872s] -- Installing: /home/mrxiuer/project/æ¯•è®¾/demo/src/install/share/vrx_gz/worlds/2023_practice/practice_2023_acoustic_perception2_task.sdf
[20.872s] -- Installing: /home/mrxiuer/project/æ¯•è®¾/demo/src/install/share/vrx_gz/worlds/2023_practice/practice_2023_stationkeeping1_task.sdf
[20.872s] -- Installing: /home/mrxiuer/project/æ¯•è®¾/demo/src/install/share/vrx_gz/worlds/2023_practice/practice_2023_wildlife0_task.sdf
[20.872s] -- Installing: /home/mrxiuer/project/æ¯•è®¾/demo/src/install/share/vrx_gz/worlds/2023_practice/practice_2023_perception2_task.sdf
[20.872s] -- Installing: /home/mrxiuer/project/æ¯•è®¾/demo/src/install/share/vrx_gz/worlds/2023_practice/practice_2023_wayfinding2_task.sdf
[20.873s] -- Installing: /home/mrxiuer/project/æ¯•è®¾/demo/src/install/share/vrx_gz/worlds/navigation_task.sdf
[20.873s] -- Installing: /home/mrxiuer/project/æ¯•è®¾/demo/src/install/share/vrx_gz/worlds/wildlife_task.sdf
[20.873s] -- Installing: /home/mrxiuer/project/æ¯•è®¾/demo/src/install/share/vrx_gz/worlds/acoustic_perception_task.sdf
[20.873s] -- Installing: /home/mrxiuer/project/æ¯•è®¾/demo/src/install/share/vrx_gz/worlds/wayfinding_task.sdf
[20.873s] -- Installing: /home/mrxiuer/project/æ¯•è®¾/demo/src/install/share/vrx_gz/worlds/nbpark.sdf
[20.873s] -- Installing: /home/mrxiuer/project/æ¯•è®¾/demo/src/install/share/vrx_gz/worlds/acoustic_tracking_task.sdf
[20.874s] -- Installing: /home/mrxiuer/project/æ¯•è®¾/demo/src/install/share/ament_index/resource_index/package_run_dependencies/vrx_gz
[20.874s] -- Installing: /home/mrxiuer/project/æ¯•è®¾/demo/src/install/share/ament_index/resource_index/parent_prefix_path/vrx_gz
[20.874s] -- Installing: /home/mrxiuer/project/æ¯•è®¾/demo/src/install/share/vrx_gz/environment/ament_prefix_path.sh
[20.874s] -- Installing: /home/mrxiuer/project/æ¯•è®¾/demo/src/install/share/vrx_gz/environment/ament_prefix_path.dsv
[20.874s] -- Installing: /home/mrxiuer/project/æ¯•è®¾/demo/src/install/share/vrx_gz/environment/path.sh
[20.874s] -- Installing: /home/mrxiuer/project/æ¯•è®¾/demo/src/install/share/vrx_gz/environment/path.dsv
[20.874s] -- Installing: /home/mrxiuer/project/æ¯•è®¾/demo/src/install/share/vrx_gz/local_setup.bash
[20.875s] -- Installing: /home/mrxiuer/project/æ¯•è®¾/demo/src/install/share/vrx_gz/local_setup.sh
[20.875s] -- Installing: /home/mrxiuer/project/æ¯•è®¾/demo/src/install/share/vrx_gz/local_setup.zsh
[20.875s] -- Installing: /home/mrxiuer/project/æ¯•è®¾/demo/src/install/share/vrx_gz/local_setup.dsv
[20.875s] -- Installing: /home/mrxiuer/project/æ¯•è®¾/demo/src/install/share/vrx_gz/package.dsv
[20.875s] -- Installing: /home/mrxiuer/project/æ¯•è®¾/demo/src/install/share/ament_index/resource_index/packages/vrx_gz
[20.875s] -- Installing: /home/mrxiuer/project/æ¯•è®¾/demo/src/install/share/vrx_gz/cmake/vrx_gzConfig.cmake
[20.875s] -- Installing: /home/mrxiuer/project/æ¯•è®¾/demo/src/install/share/vrx_gz/cmake/vrx_gzConfig-version.cmake
[20.876s] -- Installing: /home/mrxiuer/project/æ¯•è®¾/demo/src/install/share/vrx_gz/package.xml
[20.878s] Invoked command in '/home/mrxiuer/project/æ¯•è®¾/demo/src/build/vrx_gz' returned '0': CMAKE_PREFIX_PATH=${CMAKE_PREFIX_PATH}:/opt/ros/humble /usr/bin/cmake --install /home/mrxiuer/project/æ¯•è®¾/demo/src/build/vrx_gz
