[0.011s] Invoking command in '/home/mrxiuer/project/毕设/demo/src/build/vrx_gazebo': CMAKE_PREFIX_PATH=${CMAKE_PREFIX_PATH}:/opt/ros/humble /usr/bin/cmake /home/mrxiuer/project/毕设/demo/src/vrx/vrx_urdf/vrx_gazebo -DCMAKE_INSTALL_PREFIX=/home/mrxiuer/project/毕设/demo/src/install
[0.062s] -- The C compiler identification is GNU 11.4.0
[0.111s] -- The CXX compiler identification is GNU 11.4.0
[0.118s] -- Detecting C compiler ABI info
[0.181s] -- Detecting C compiler ABI info - done
[0.187s] -- Check for working C compiler: /usr/bin/cc - skipped
[0.187s] -- Detecting C compile features
[0.187s] -- Detecting C compile features - done
[0.189s] -- Detecting CXX compiler ABI info
[0.262s] -- Detecting CXX compiler ABI info - done
[0.268s] -- Check for working CXX compiler: /usr/bin/c++ - skipped
[0.268s] -- Detecting CXX compile features
[0.268s] -- Detecting CXX compile features - done
[0.271s] -- Found ament_cmake: 1.3.11 (/opt/ros/humble/share/ament_cmake/cmake)
[0.398s] -- Found Python3: /usr/bin/python3 (found version "3.10.12") found components: Interpreter 
[0.595s] -- Configuring done
[0.599s] -- Generating done
[0.601s] -- Build files have been written to: /home/mrxiuer/project/毕设/demo/src/build/vrx_gazebo
[0.605s] Invoked command in '/home/mrxiuer/project/毕设/demo/src/build/vrx_gazebo' returned '0': CMAKE_PREFIX_PATH=${CMAKE_PREFIX_PATH}:/opt/ros/humble /usr/bin/cmake /home/mrxiuer/project/毕设/demo/src/vrx/vrx_urdf/vrx_gazebo -DCMAKE_INSTALL_PREFIX=/home/mrxiuer/project/毕设/demo/src/install
[0.607s] Invoking command in '/home/mrxiuer/project/毕设/demo/src/build/vrx_gazebo': CMAKE_PREFIX_PATH=${CMAKE_PREFIX_PATH}:/opt/ros/humble /usr/bin/cmake --build /home/mrxiuer/project/毕设/demo/src/build/vrx_gazebo -- -j16 -l16
[0.660s] Built target ament_cmake_python_copy_vrx_gazebo
[0.888s] running egg_info
[0.897s] creating vrx_gazebo.egg-info
[0.897s] writing vrx_gazebo.egg-info/PKG-INFO
[0.897s] writing dependency_links to vrx_gazebo.egg-info/dependency_links.txt
[0.897s] writing top-level names to vrx_gazebo.egg-info/top_level.txt
[0.898s] writing manifest file 'vrx_gazebo.egg-info/SOURCES.txt'
[0.899s] reading manifest file 'vrx_gazebo.egg-info/SOURCES.txt'
[0.900s] writing manifest file 'vrx_gazebo.egg-info/SOURCES.txt'
[0.923s] Built target ament_cmake_python_build_vrx_gazebo_egg
[0.933s] Invoked command in '/home/mrxiuer/project/毕设/demo/src/build/vrx_gazebo' returned '0': CMAKE_PREFIX_PATH=${CMAKE_PREFIX_PATH}:/opt/ros/humble /usr/bin/cmake --build /home/mrxiuer/project/毕设/demo/src/build/vrx_gazebo -- -j16 -l16
[0.942s] Invoking command in '/home/mrxiuer/project/毕设/demo/src/build/vrx_gazebo': CMAKE_PREFIX_PATH=${CMAKE_PREFIX_PATH}:/opt/ros/humble /usr/bin/cmake --install /home/mrxiuer/project/毕设/demo/src/build/vrx_gazebo
[0.948s] -- Install configuration: ""
[0.948s] -- Installing: /home/mrxiuer/project/毕设/demo/src/install/share/vrx_gazebo/environment/resource_paths.dsv
[0.948s] -- Installing: /home/mrxiuer/project/毕设/demo/src/install/share/vrx_gazebo/environment/resource_paths.sh
[0.948s] -- Installing: /home/mrxiuer/project/毕设/demo/src/install/share/vrx_gazebo/models
[0.948s] -- Installing: /home/mrxiuer/project/毕设/demo/src/install/share/vrx_gazebo/models/mono_camera
[0.948s] -- Installing: /home/mrxiuer/project/毕设/demo/src/install/share/vrx_gazebo/models/mono_camera/mesh
[0.948s] -- Installing: /home/mrxiuer/project/毕设/demo/src/install/share/vrx_gazebo/models/mono_camera/mesh/mono_camera_Albedo.png
[0.948s] -- Installing: /home/mrxiuer/project/毕设/demo/src/install/share/vrx_gazebo/models/mono_camera/mesh/mono_camera.dae
[0.949s] -- Installing: /home/mrxiuer/project/毕设/demo/src/install/share/vrx_gazebo/models/mono_camera/mesh/mono_camera_Metalness.png
[0.949s] -- Installing: /home/mrxiuer/project/毕设/demo/src/install/share/vrx_gazebo/models/mono_camera/mesh/mono_camera.png
[0.949s] -- Installing: /home/mrxiuer/project/毕设/demo/src/install/share/vrx_gazebo/models/mono_camera/mesh/mono_camera_Normal.png
[0.950s] -- Installing: /home/mrxiuer/project/毕设/demo/src/install/share/vrx_gazebo/models/mono_camera/mesh/mono_camera_Roughness.png
[0.950s] -- Installing: /home/mrxiuer/project/毕设/demo/src/install/share/vrx_gazebo/models/mono_camera/model.config
[0.950s] -- Installing: /home/mrxiuer/project/毕设/demo/src/install/share/vrx_gazebo/models/mono_camera/model.sdf
[0.950s] -- Installing: /home/mrxiuer/project/毕设/demo/src/install/share/vrx_gazebo/models/blue_projectile
[0.950s] -- Installing: /home/mrxiuer/project/毕设/demo/src/install/share/vrx_gazebo/models/blue_projectile/model.config
[0.950s] -- Installing: /home/mrxiuer/project/毕设/demo/src/install/share/vrx_gazebo/models/blue_projectile/model.sdf
[0.950s] -- Installing: /home/mrxiuer/project/毕设/demo/src/install/share/vrx_gazebo/models/ball_shooter
[0.950s] -- Installing: /home/mrxiuer/project/毕设/demo/src/install/share/vrx_gazebo/models/ball_shooter/model.config
[0.951s] -- Installing: /home/mrxiuer/project/毕设/demo/src/install/share/vrx_gazebo/models/ball_shooter/meshes
[0.951s] -- Installing: /home/mrxiuer/project/毕设/demo/src/install/share/vrx_gazebo/models/ball_shooter/meshes/Launcher_BaseColor.png
[0.952s] -- Installing: /home/mrxiuer/project/毕设/demo/src/install/share/vrx_gazebo/models/ball_shooter/meshes/Launcher_Albedo.png
[0.953s] -- Installing: /home/mrxiuer/project/毕设/demo/src/install/share/vrx_gazebo/models/ball_shooter/meshes/ball_shooter_launcher.dae
[0.954s] -- Installing: /home/mrxiuer/project/毕设/demo/src/install/share/vrx_gazebo/models/ball_shooter/meshes/ball_shooter_base.dae
[0.954s] -- Installing: /home/mrxiuer/project/毕设/demo/src/install/share/vrx_gazebo/models/ball_shooter/meshes/Glass_BaseColor.png
[0.954s] -- Installing: /home/mrxiuer/project/毕设/demo/src/install/share/vrx_gazebo/models/ball_shooter/materials
[0.954s] -- Installing: /home/mrxiuer/project/毕设/demo/src/install/share/vrx_gazebo/models/ball_shooter/materials/Textures
[0.954s] -- Installing: /home/mrxiuer/project/毕设/demo/src/install/share/vrx_gazebo/models/ball_shooter/materials/Textures/Launcher_Normal.png
[0.954s] -- Installing: /home/mrxiuer/project/毕设/demo/src/install/share/vrx_gazebo/models/ball_shooter/materials/Textures/Launcher_Metalness.png
[0.954s] -- Installing: /home/mrxiuer/project/毕设/demo/src/install/share/vrx_gazebo/models/ball_shooter/materials/Textures/Launcher_Albedo.png
[0.955s] -- Installing: /home/mrxiuer/project/毕设/demo/src/install/share/vrx_gazebo/models/ball_shooter/materials/Textures/Launcher_Roughness.png
[0.956s] -- Installing: /home/mrxiuer/project/毕设/demo/src/install/share/vrx_gazebo/models/ball_shooter/model.sdf
[0.956s] -- Installing: /home/mrxiuer/project/毕设/demo/src/install/share/vrx_gazebo/models/sensor_post
[0.956s] -- Installing: /home/mrxiuer/project/毕设/demo/src/install/share/vrx_gazebo/models/sensor_post/mesh
[0.956s] -- Installing: /home/mrxiuer/project/毕设/demo/src/install/share/vrx_gazebo/models/sensor_post/mesh/sensor_post.dae
[0.956s] -- Installing: /home/mrxiuer/project/毕设/demo/src/install/share/vrx_gazebo/models/sensor_post/mesh/sensor_post_arm.dae
[0.956s] -- Installing: /home/mrxiuer/project/毕设/demo/src/install/share/vrx_gazebo/models/sensor_post/mesh/sensor_post.png
[0.957s] -- Installing: /home/mrxiuer/project/毕设/demo/src/install/share/vrx_gazebo/models/sensor_post/model.config
[0.957s] -- Installing: /home/mrxiuer/project/毕设/demo/src/install/share/vrx_gazebo/models/sensor_post/model.sdf
[0.957s] -- Installing: /home/mrxiuer/project/毕设/demo/src/install/share/vrx_gazebo/models/battery
[0.957s] -- Installing: /home/mrxiuer/project/毕设/demo/src/install/share/vrx_gazebo/models/battery/mesh
[0.957s] -- Installing: /home/mrxiuer/project/毕设/demo/src/install/share/vrx_gazebo/models/battery/mesh/battery_Roughness.png
[0.959s] -- Installing: /home/mrxiuer/project/毕设/demo/src/install/share/vrx_gazebo/models/battery/mesh/battery.png
[0.964s] -- Installing: /home/mrxiuer/project/毕设/demo/src/install/share/vrx_gazebo/models/battery/mesh/battery_Metalness.png
[0.964s] -- Installing: /home/mrxiuer/project/毕设/demo/src/install/share/vrx_gazebo/models/battery/mesh/battery.dae
[0.965s] -- Installing: /home/mrxiuer/project/毕设/demo/src/install/share/vrx_gazebo/models/battery/mesh/battery_Normal.png
[0.969s] -- Installing: /home/mrxiuer/project/毕设/demo/src/install/share/vrx_gazebo/models/battery/mesh/battery_Albedo.png
[0.973s] -- Installing: /home/mrxiuer/project/毕设/demo/src/install/share/vrx_gazebo/models/battery/model.config
[0.973s] -- Installing: /home/mrxiuer/project/毕设/demo/src/install/share/vrx_gazebo/models/battery/model.sdf
[0.973s] -- Installing: /home/mrxiuer/project/毕设/demo/src/install/share/vrx_gazebo/models/3d_lidar
[0.973s] -- Installing: /home/mrxiuer/project/毕设/demo/src/install/share/vrx_gazebo/models/3d_lidar/mesh
[0.973s] -- Installing: /home/mrxiuer/project/毕设/demo/src/install/share/vrx_gazebo/models/3d_lidar/mesh/3d_lidar.png
[0.974s] -- Installing: /home/mrxiuer/project/毕设/demo/src/install/share/vrx_gazebo/models/3d_lidar/mesh/3d_Lidar_Normal.png
[0.974s] -- Installing: /home/mrxiuer/project/毕设/demo/src/install/share/vrx_gazebo/models/3d_lidar/mesh/3d_Lidar_Albedo.png
[0.975s] -- Installing: /home/mrxiuer/project/毕设/demo/src/install/share/vrx_gazebo/models/3d_lidar/mesh/3d_lidar.dae
[0.975s] -- Installing: /home/mrxiuer/project/毕设/demo/src/install/share/vrx_gazebo/models/3d_lidar/mesh/3d_Lidar_Roughness.png
[0.975s] -- Installing: /home/mrxiuer/project/毕设/demo/src/install/share/vrx_gazebo/models/3d_lidar/mesh/3d_Lidar_Metalness.png
[0.975s] -- Installing: /home/mrxiuer/project/毕设/demo/src/install/share/vrx_gazebo/models/3d_lidar/model.config
[0.975s] -- Installing: /home/mrxiuer/project/毕设/demo/src/install/share/vrx_gazebo/models/3d_lidar/model.sdf
[0.975s] -- Installing: /home/mrxiuer/project/毕设/demo/src/install/share/vrx_gazebo/models/cpu_cases
[0.976s] -- Installing: /home/mrxiuer/project/毕设/demo/src/install/share/vrx_gazebo/models/cpu_cases/mesh
[0.976s] -- Installing: /home/mrxiuer/project/毕设/demo/src/install/share/vrx_gazebo/models/cpu_cases/mesh/cpu_cases.dae
[0.976s] -- Installing: /home/mrxiuer/project/毕设/demo/src/install/share/vrx_gazebo/models/cpu_cases/mesh/cpu_cases_Metalness.png
[0.976s] -- Installing: /home/mrxiuer/project/毕设/demo/src/install/share/vrx_gazebo/models/cpu_cases/mesh/cpu_cases.png
[0.981s] -- Installing: /home/mrxiuer/project/毕设/demo/src/install/share/vrx_gazebo/models/cpu_cases/mesh/cpu_cases_Albedo.png
[0.985s] -- Installing: /home/mrxiuer/project/毕设/demo/src/install/share/vrx_gazebo/models/cpu_cases/mesh/cpu_cases_Roughness.png
[0.987s] -- Installing: /home/mrxiuer/project/毕设/demo/src/install/share/vrx_gazebo/models/cpu_cases/mesh/cpu_cases_Normal.png
[0.991s] -- Installing: /home/mrxiuer/project/毕设/demo/src/install/share/vrx_gazebo/models/cpu_cases/model.config
[0.992s] -- Installing: /home/mrxiuer/project/毕设/demo/src/install/share/vrx_gazebo/models/cpu_cases/model.sdf
[0.992s] -- Installing: /home/mrxiuer/project/毕设/demo/src/install/share/vrx_gazebo/launch
[0.992s] -- Installing: /home/mrxiuer/project/毕设/demo/src/install/share/vrx_gazebo/launch/rviz.launch.py
[0.992s] -- Installing: /home/mrxiuer/project/毕设/demo/src/install/share/vrx_gazebo/launch/generate_wamv.launch.py
[0.992s] -- Installing: /home/mrxiuer/project/毕设/demo/src/install/share/vrx_gazebo/config
[0.992s] -- Installing: /home/mrxiuer/project/毕设/demo/src/install/share/vrx_gazebo/config/wamv_config
[0.992s] -- Installing: /home/mrxiuer/project/毕设/demo/src/install/share/vrx_gazebo/config/wamv_config/example_component_config.yaml
[0.992s] -- Installing: /home/mrxiuer/project/毕设/demo/src/install/share/vrx_gazebo/config/wamv_config/component_compliance
[0.992s] -- Installing: /home/mrxiuer/project/毕设/demo/src/install/share/vrx_gazebo/config/wamv_config/component_compliance/numeric.yaml
[0.992s] -- Installing: /home/mrxiuer/project/毕设/demo/src/install/share/vrx_gazebo/config/wamv_config/component_compliance/bounding_boxes.yaml
[0.993s] -- Installing: /home/mrxiuer/project/毕设/demo/src/install/share/vrx_gazebo/config/wamv_config/example_thruster_config.yaml
[0.993s] -- Installing: /home/mrxiuer/project/毕设/demo/src/install/share/vrx_gazebo/config/wamv_config/thruster_compliance
[0.993s] -- Installing: /home/mrxiuer/project/毕设/demo/src/install/share/vrx_gazebo/config/wamv_config/thruster_compliance/numeric.yaml
[0.993s] -- Installing: /home/mrxiuer/project/毕设/demo/src/install/share/vrx_gazebo/config/wamv_config/thruster_compliance/bounding_boxes.yaml
[0.993s] -- Installing: /home/mrxiuer/project/毕设/demo/src/install/share/vrx_gazebo/config/rviz_vrx_final.rviz
[0.993s] -- Installing: /home/mrxiuer/project/毕设/demo/src/install/share/vrx_gazebo/config/rviz_vrx_rsp.rviz
[0.993s] -- Installing: /home/mrxiuer/project/毕设/demo/src/install/lib/vrx_gazebo/generate_wamv.py
[0.993s] -- Installing: /home/mrxiuer/project/毕设/demo/src/install/share/vrx_gazebo/environment/pythonpath.sh
[0.994s] -- Installing: /home/mrxiuer/project/毕设/demo/src/install/share/vrx_gazebo/environment/pythonpath.dsv
[0.994s] -- Installing: /home/mrxiuer/project/毕设/demo/src/install/local/lib/python3.10/dist-packages/vrx_gazebo-1.3.0-py3.10.egg-info
[0.994s] -- Installing: /home/mrxiuer/project/毕设/demo/src/install/local/lib/python3.10/dist-packages/vrx_gazebo-1.3.0-py3.10.egg-info/dependency_links.txt
[0.994s] -- Installing: /home/mrxiuer/project/毕设/demo/src/install/local/lib/python3.10/dist-packages/vrx_gazebo-1.3.0-py3.10.egg-info/PKG-INFO
[0.994s] -- Installing: /home/mrxiuer/project/毕设/demo/src/install/local/lib/python3.10/dist-packages/vrx_gazebo-1.3.0-py3.10.egg-info/SOURCES.txt
[0.994s] -- Installing: /home/mrxiuer/project/毕设/demo/src/install/local/lib/python3.10/dist-packages/vrx_gazebo-1.3.0-py3.10.egg-info/top_level.txt
[0.994s] -- Installing: /home/mrxiuer/project/毕设/demo/src/install/local/lib/python3.10/dist-packages/vrx_gazebo
[0.994s] -- Installing: /home/mrxiuer/project/毕设/demo/src/install/local/lib/python3.10/dist-packages/vrx_gazebo/__init__.py
[0.995s] -- Installing: /home/mrxiuer/project/毕设/demo/src/install/local/lib/python3.10/dist-packages/vrx_gazebo/utils.py
[0.995s] -- Installing: /home/mrxiuer/project/毕设/demo/src/install/local/lib/python3.10/dist-packages/vrx_gazebo/compliance.py
[0.995s] -- Installing: /home/mrxiuer/project/毕设/demo/src/install/local/lib/python3.10/dist-packages/vrx_gazebo/configure_wamv.py
[1.026s] Listing '/home/mrxiuer/project/毕设/demo/src/install/local/lib/python3.10/dist-packages/vrx_gazebo'...
[1.026s] Compiling '/home/mrxiuer/project/毕设/demo/src/install/local/lib/python3.10/dist-packages/vrx_gazebo/__init__.py'...
[1.026s] Compiling '/home/mrxiuer/project/毕设/demo/src/install/local/lib/python3.10/dist-packages/vrx_gazebo/compliance.py'...
[1.026s] Compiling '/home/mrxiuer/project/毕设/demo/src/install/local/lib/python3.10/dist-packages/vrx_gazebo/configure_wamv.py'...
[1.026s] Compiling '/home/mrxiuer/project/毕设/demo/src/install/local/lib/python3.10/dist-packages/vrx_gazebo/utils.py'...
[1.030s] -- Installing: /home/mrxiuer/project/毕设/demo/src/install/share/ament_index/resource_index/package_run_dependencies/vrx_gazebo
[1.031s] -- Installing: /home/mrxiuer/project/毕设/demo/src/install/share/ament_index/resource_index/parent_prefix_path/vrx_gazebo
[1.031s] -- Installing: /home/mrxiuer/project/毕设/demo/src/install/share/vrx_gazebo/environment/ament_prefix_path.sh
[1.031s] -- Installing: /home/mrxiuer/project/毕设/demo/src/install/share/vrx_gazebo/environment/ament_prefix_path.dsv
[1.031s] -- Installing: /home/mrxiuer/project/毕设/demo/src/install/share/vrx_gazebo/environment/path.sh
[1.031s] -- Installing: /home/mrxiuer/project/毕设/demo/src/install/share/vrx_gazebo/environment/path.dsv
[1.031s] -- Installing: /home/mrxiuer/project/毕设/demo/src/install/share/vrx_gazebo/local_setup.bash
[1.032s] -- Installing: /home/mrxiuer/project/毕设/demo/src/install/share/vrx_gazebo/local_setup.sh
[1.032s] -- Installing: /home/mrxiuer/project/毕设/demo/src/install/share/vrx_gazebo/local_setup.zsh
[1.032s] -- Installing: /home/mrxiuer/project/毕设/demo/src/install/share/vrx_gazebo/local_setup.dsv
[1.032s] -- Installing: /home/mrxiuer/project/毕设/demo/src/install/share/vrx_gazebo/package.dsv
[1.032s] -- Installing: /home/mrxiuer/project/毕设/demo/src/install/share/ament_index/resource_index/packages/vrx_gazebo
[1.032s] -- Installing: /home/mrxiuer/project/毕设/demo/src/install/share/vrx_gazebo/cmake/vrx_gazeboConfig.cmake
[1.033s] -- Installing: /home/mrxiuer/project/毕设/demo/src/install/share/vrx_gazebo/cmake/vrx_gazeboConfig-version.cmake
[1.033s] -- Installing: /home/mrxiuer/project/毕设/demo/src/install/share/vrx_gazebo/package.xml
[1.035s] Invoked command in '/home/mrxiuer/project/毕设/demo/src/build/vrx_gazebo' returned '0': CMAKE_PREFIX_PATH=${CMAKE_PREFIX_PATH}:/opt/ros/humble /usr/bin/cmake --install /home/mrxiuer/project/毕设/demo/src/build/vrx_gazebo
