gmake: Warning: File 'Makefile' has modification time 25998 s in the future
gmake[1]: Warning: File 'CMakeFiles/Makefile2' has modification time 25998 s in the future
gmake[2]: Warning: File 'CMakeFiles/pose_tf_broadcaster.dir/flags.make' has modification time 25998 s in the future
gmake[2]: Warning: File 'CMakeFiles/optical_frame_publisher.dir/flags.make' has modification time 25998 s in the future
gmake[2]: warning:  Clock skew detected.  Your build may be incomplete.
gmake[2]: warning:  Clock skew detected.  Your build may be incomplete.
gmake[2]: Warning: File 'CMakeFiles/optical_frame_publisher.dir/flags.make' has modification time 25998 s in the future
gmake[2]: Warning: File 'CMakeFiles/pose_tf_broadcaster.dir/flags.make' has modification time 25998 s in the future
gmake[2]: warning:  Clock skew detected.  Your build may be incomplete.
gmake[2]: warning:  Clock skew detected.  Your build may be incomplete.
[100%] Built target optical_frame_publisher
[100%] Built target pose_tf_broadcaster
gmake[1]: warning:  Clock skew detected.  Your build may be incomplete.
gmake: warning:  Clock skew detected.  Your build may be incomplete.
-- Install configuration: ""
-- Up-to-date: /home/mrxiuer/project/毕设/demo/src/install/lib/vrx_ros/optical_frame_publisher
-- Up-to-date: /home/mrxiuer/project/毕设/demo/src/install/lib/vrx_ros/pose_tf_broadcaster
-- Up-to-date: /home/mrxiuer/project/毕设/demo/src/install/share/vrx_ros/launch
-- Up-to-date: /home/mrxiuer/project/毕设/demo/src/install/share/vrx_ros/launch/monitor_sim.py
-- Up-to-date: /home/mrxiuer/project/毕设/demo/src/install/share/ament_index/resource_index/package_run_dependencies/vrx_ros
-- Up-to-date: /home/mrxiuer/project/毕设/demo/src/install/share/ament_index/resource_index/parent_prefix_path/vrx_ros
-- Up-to-date: /home/mrxiuer/project/毕设/demo/src/install/share/vrx_ros/environment/ament_prefix_path.sh
-- Up-to-date: /home/mrxiuer/project/毕设/demo/src/install/share/vrx_ros/environment/ament_prefix_path.dsv
-- Up-to-date: /home/mrxiuer/project/毕设/demo/src/install/share/vrx_ros/environment/path.sh
-- Up-to-date: /home/mrxiuer/project/毕设/demo/src/install/share/vrx_ros/environment/path.dsv
-- Up-to-date: /home/mrxiuer/project/毕设/demo/src/install/share/vrx_ros/local_setup.bash
-- Up-to-date: /home/mrxiuer/project/毕设/demo/src/install/share/vrx_ros/local_setup.sh
-- Up-to-date: /home/mrxiuer/project/毕设/demo/src/install/share/vrx_ros/local_setup.zsh
-- Up-to-date: /home/mrxiuer/project/毕设/demo/src/install/share/vrx_ros/local_setup.dsv
-- Installing: /home/mrxiuer/project/毕设/demo/src/install/share/vrx_ros/package.dsv
-- Up-to-date: /home/mrxiuer/project/毕设/demo/src/install/share/ament_index/resource_index/packages/vrx_ros
-- Up-to-date: /home/mrxiuer/project/毕设/demo/src/install/share/vrx_ros/cmake/vrx_rosConfig.cmake
-- Up-to-date: /home/mrxiuer/project/毕设/demo/src/install/share/vrx_ros/cmake/vrx_rosConfig-version.cmake
-- Up-to-date: /home/mrxiuer/project/毕设/demo/src/install/share/vrx_ros/package.xml
