[0.012s] Invoking command in '/home/mrxiuer/project/毕设/demo/src/build/vrx_ros': CMAKE_PREFIX_PATH=${CMAKE_PREFIX_PATH}:/opt/ros/humble /usr/bin/cmake --build /home/mrxiuer/project/毕设/demo/src/build/vrx_ros -- -j16 -l16
[0.020s] gmake: Warning: File 'Makefile' has modification time 25998 s in the future
[0.039s] gmake[1]: Warning: File 'CMakeFiles/Makefile2' has modification time 25998 s in the future
[0.042s] gmake[2]: Warning: File 'CMakeFiles/pose_tf_broadcaster.dir/flags.make' has modification time 25998 s in the future
[0.042s] gmake[2]: Warning: File 'CMakeFiles/optical_frame_publisher.dir/flags.make' has modification time 25998 s in the future
[0.050s] gmake[2]: warning:  Clock skew detected.  Your build may be incomplete.
[0.051s] gmake[2]: warning:  Clock skew detected.  Your build may be incomplete.
[0.054s] gmake[2]: Warning: File 'CMakeFiles/optical_frame_publisher.dir/flags.make' has modification time 25998 s in the future
[0.054s] gmake[2]: Warning: File 'CMakeFiles/pose_tf_broadcaster.dir/flags.make' has modification time 25998 s in the future
[0.056s] gmake[2]: warning:  Clock skew detected.  Your build may be incomplete.
[0.056s] gmake[2]: warning:  Clock skew detected.  Your build may be incomplete.
[0.063s] [100%] Built target optical_frame_publisher
[0.063s] [100%] Built target pose_tf_broadcaster
[0.064s] gmake[1]: warning:  Clock skew detected.  Your build may be incomplete.
[0.070s] gmake: warning:  Clock skew detected.  Your build may be incomplete.
[0.073s] Invoked command in '/home/mrxiuer/project/毕设/demo/src/build/vrx_ros' returned '0': CMAKE_PREFIX_PATH=${CMAKE_PREFIX_PATH}:/opt/ros/humble /usr/bin/cmake --build /home/mrxiuer/project/毕设/demo/src/build/vrx_ros -- -j16 -l16
[0.081s] Invoking command in '/home/mrxiuer/project/毕设/demo/src/build/vrx_ros': CMAKE_PREFIX_PATH=${CMAKE_PREFIX_PATH}:/opt/ros/humble /usr/bin/cmake --install /home/mrxiuer/project/毕设/demo/src/build/vrx_ros
[0.087s] -- Install configuration: ""
[0.087s] -- Up-to-date: /home/mrxiuer/project/毕设/demo/src/install/lib/vrx_ros/optical_frame_publisher
[0.088s] -- Up-to-date: /home/mrxiuer/project/毕设/demo/src/install/lib/vrx_ros/pose_tf_broadcaster
[0.088s] -- Up-to-date: /home/mrxiuer/project/毕设/demo/src/install/share/vrx_ros/launch
[0.088s] -- Up-to-date: /home/mrxiuer/project/毕设/demo/src/install/share/vrx_ros/launch/monitor_sim.py
[0.088s] -- Up-to-date: /home/mrxiuer/project/毕设/demo/src/install/share/ament_index/resource_index/package_run_dependencies/vrx_ros
[0.088s] -- Up-to-date: /home/mrxiuer/project/毕设/demo/src/install/share/ament_index/resource_index/parent_prefix_path/vrx_ros
[0.088s] -- Up-to-date: /home/mrxiuer/project/毕设/demo/src/install/share/vrx_ros/environment/ament_prefix_path.sh
[0.088s] -- Up-to-date: /home/mrxiuer/project/毕设/demo/src/install/share/vrx_ros/environment/ament_prefix_path.dsv
[0.088s] -- Up-to-date: /home/mrxiuer/project/毕设/demo/src/install/share/vrx_ros/environment/path.sh
[0.088s] -- Up-to-date: /home/mrxiuer/project/毕设/demo/src/install/share/vrx_ros/environment/path.dsv
[0.088s] -- Up-to-date: /home/mrxiuer/project/毕设/demo/src/install/share/vrx_ros/local_setup.bash
[0.088s] -- Up-to-date: /home/mrxiuer/project/毕设/demo/src/install/share/vrx_ros/local_setup.sh
[0.089s] -- Up-to-date: /home/mrxiuer/project/毕设/demo/src/install/share/vrx_ros/local_setup.zsh
[0.089s] -- Up-to-date: /home/mrxiuer/project/毕设/demo/src/install/share/vrx_ros/local_setup.dsv
[0.089s] -- Installing: /home/mrxiuer/project/毕设/demo/src/install/share/vrx_ros/package.dsv
[0.089s] -- Up-to-date: /home/mrxiuer/project/毕设/demo/src/install/share/ament_index/resource_index/packages/vrx_ros
[0.089s] -- Up-to-date: /home/mrxiuer/project/毕设/demo/src/install/share/vrx_ros/cmake/vrx_rosConfig.cmake
[0.089s] -- Up-to-date: /home/mrxiuer/project/毕设/demo/src/install/share/vrx_ros/cmake/vrx_rosConfig-version.cmake
[0.089s] -- Up-to-date: /home/mrxiuer/project/毕设/demo/src/install/share/vrx_ros/package.xml
[0.090s] Invoked command in '/home/mrxiuer/project/毕设/demo/src/build/vrx_ros' returned '0': CMAKE_PREFIX_PATH=${CMAKE_PREFIX_PATH}:/opt/ros/humble /usr/bin/cmake --install /home/mrxiuer/project/毕设/demo/src/build/vrx_ros
