[35m[1mConsolidate compiler generated dependencies of target target_point_plugin[0m
[  4%] Built target ScoringPlugin
[  8%] Built target Waves
[  8%] Built target ament_cmake_python_copy_vrx_gz
[ 10%] [32mBuilding CXX object CMakeFiles/target_point_plugin.dir/src/target_point.cc.o[0m
[ 14%] Built target AcousticPingerPlugin
[ 22%] Built target LightBuoyPlugin
[ 24%] Built target AcousticTrackingScoringPlugin
[ 34%] Built target GymkhanaScoringPlugin
[ 36%] Built target BallShooterPlugin
[ 34%] Built target PlacardPlugin
[ 42%] Built target AcousticPerceptionScoringPlugin
[ 46%] Built target PerceptionScoringPlugin
[ 52%] Built target WayfindingScoringPlugin
[ 62%] Built target StationkeepingScoringPlugin
[ 62%] Built target PublisherPlugin
[ 66%] Built target Surface
[ 74%] Built target SimpleHydrodynamics
[ 74%] Built target NavigationScoringPlugin
[ 78%] Built target ScanDockScoringPlugin
[ 82%] Built target WildlifeScoringPlugin
[ 90%] Built target USVWind
[ 90%] Built target WaveVisual
[ 98%] Built target PolyhedraBuoyancyDrag
running egg_info
writing vrx_gz.egg-info/PKG-INFO
writing dependency_links to vrx_gz.egg-info/dependency_links.txt
writing top-level names to vrx_gz.egg-info/top_level.txt
reading manifest file 'vrx_gz.egg-info/SOURCES.txt'
writing manifest file 'vrx_gz.egg-info/SOURCES.txt'
[ 98%] Built target ament_cmake_python_build_vrx_gz_egg
