[0.010s] Invoking command in '/home/mrxiuer/project/毕设/demo/src/build/vrx_gz': CMAKE_PREFIX_PATH=${CMAKE_PREFIX_PATH}:/opt/ros/humble LD_LIBRARY_PATH=/home/mrxiuer/project/毕设/demo/src/install/lib:/usr/local/lib:/opt/ros/humble/opt/rviz_ogre_vendor/lib:/opt/ros/humble/lib/x86_64-linux-gnu:/opt/ros/humble/lib /usr/bin/cmake --build /home/mrxiuer/project/毕设/demo/src/build/vrx_gz -- -j16 -l16
[0.059s] [35m[1mConsolidate compiler generated dependencies of target target_point_plugin[0m
[0.072s] [  4%] Built target ScoringPlugin
[0.073s] [  8%] Built target Waves
[0.079s] [  8%] Built target ament_cmake_python_copy_vrx_gz
[0.080s] [ 10%] [32mBuilding CXX object CMakeFiles/target_point_plugin.dir/src/target_point.cc.o[0m
[0.116s] [ 14%] Built target AcousticPingerPlugin
[0.117s] [ 22%] Built target LightBuoyPlugin
[0.117s] [ 24%] Built target AcousticTrackingScoringPlugin
[0.117s] [ 34%] Built target GymkhanaScoringPlugin
[0.117s] [ 36%] Built target BallShooterPlugin
[0.118s] [ 34%] Built target PlacardPlugin
[0.118s] [ 42%] Built target AcousticPerceptionScoringPlugin
[0.119s] [ 46%] Built target PerceptionScoringPlugin
[0.120s] [ 52%] Built target WayfindingScoringPlugin
[0.124s] [ 62%] Built target StationkeepingScoringPlugin
[0.125s] [ 62%] Built target PublisherPlugin
[0.125s] [ 66%] Built target Surface
[0.127s] [ 74%] Built target SimpleHydrodynamics
[0.127s] [ 74%] Built target NavigationScoringPlugin
[0.128s] [ 78%] Built target ScanDockScoringPlugin
[0.150s] [ 82%] Built target WildlifeScoringPlugin
[0.151s] [ 90%] Built target USVWind
[0.151s] [ 90%] Built target WaveVisual
[0.154s] [ 98%] Built target PolyhedraBuoyancyDrag
[0.367s] running egg_info
[0.368s] writing vrx_gz.egg-info/PKG-INFO
[0.368s] writing dependency_links to vrx_gz.egg-info/dependency_links.txt
[0.368s] writing top-level names to vrx_gz.egg-info/top_level.txt
[0.370s] reading manifest file 'vrx_gz.egg-info/SOURCES.txt'
[0.371s] writing manifest file 'vrx_gz.egg-info/SOURCES.txt'
[0.406s] [ 98%] Built target ament_cmake_python_build_vrx_gz_egg
[0.504s] [01m[K/home/mrxiuer/project/毕设/demo/src/vrx/vrx_gz/src/target_point.cc:115:10:[m[K [01;31m[Kfatal error: [m[Kpluginlib/class_list_macros.h: No such file or directory
[0.505s]   115 | #include [01;31m[K<pluginlib/class_list_macros.h>[m[K
[0.505s]       |          [01;31m[K^~~~~~~~~~~~~~~~~~~~~~~~~~~~~~~[m[K
[0.505s] compilation terminated.
[0.513s] gmake[2]: *** [CMakeFiles/target_point_plugin.dir/build.make:76: CMakeFiles/target_point_plugin.dir/src/target_point.cc.o] Error 1
[0.513s] gmake[1]: *** [CMakeFiles/Makefile2:794: CMakeFiles/target_point_plugin.dir/all] Error 2
[0.513s] gmake: *** [Makefile:146: all] Error 2
[0.516s] Invoked command in '/home/mrxiuer/project/毕设/demo/src/build/vrx_gz' returned '2': CMAKE_PREFIX_PATH=${CMAKE_PREFIX_PATH}:/opt/ros/humble LD_LIBRARY_PATH=/home/mrxiuer/project/毕设/demo/src/install/lib:/usr/local/lib:/opt/ros/humble/opt/rviz_ogre_vendor/lib:/opt/ros/humble/lib/x86_64-linux-gnu:/opt/ros/humble/lib /usr/bin/cmake --build /home/mrxiuer/project/毕设/demo/src/build/vrx_gz -- -j16 -l16
