[0.009s] Invoking command in '/home/mrxiuer/project/毕设/demo/src/build/vrx_gz': CMAKE_PREFIX_PATH=${CMAKE_PREFIX_PATH}:/opt/ros/humble LD_LIBRARY_PATH=/home/mrxiuer/project/毕设/demo/src/install/lib:/usr/local/lib:/opt/ros/humble/opt/rviz_ogre_vendor/lib:/opt/ros/humble/lib/x86_64-linux-gnu:/opt/ros/humble/lib /usr/bin/cmake --build /home/mrxiuer/project/毕设/demo/src/build/vrx_gz -- -j16 -l16
[0.032s] -- Found ament_cmake: 1.3.11 (/opt/ros/humble/share/ament_cmake/cmake)
[0.132s] -- Looking for gz-sim7 -- found version 7.9.0
[0.136s] -- Searching for dependencies of gz-sim7
[0.137s] -- Looking for sdformat13 -- found version 13.9.0
[0.137s] -- Searching for dependencies of sdformat13
[0.142s] -- Checking for module 'tinyxml2'
[0.156s] --   Found tinyxml2, version 9.0.0
[0.191s] -- Looking for gz-math7 -- found version 7.5.1
[0.191s] -- Searching for dependencies of gz-math7
[0.191s] -- Looking for gz-utils2 -- found version 2.2.1
[0.192s] -- Searching for dependencies of gz-utils2
[0.193s] -- Looking for gz-utils2 -- found version 2.2.1
[0.193s] -- Searching for dependencies of gz-utils2
[0.193s] -- Searching for <gz-utils2> component [cli]
[0.193s] -- Looking for gz-utils2-cli -- found version 2.2.1
[0.194s] -- Searching for dependencies of gz-utils2-cli
[0.195s] -- Looking for gz-plugin2 -- found version 2.0.4
[0.195s] -- Searching for dependencies of gz-plugin2
[0.195s] -- Looking for gz-utils2 -- found version 2.2.1
[0.196s] -- Searching for <gz-plugin2> component [loader]
[0.196s] -- Looking for gz-plugin2-loader -- found version 2.0.4
[0.196s] -- Searching for dependencies of gz-plugin2-loader
[0.196s] -- Searching for <gz-plugin2> component [register]
[0.197s] -- Looking for gz-plugin2-register -- found version 2.0.4
[0.198s] -- Searching for dependencies of gz-plugin2-register
[0.198s] -- Looking for gz-transport12 -- found version 12.2.2
[0.198s] -- Searching for dependencies of gz-transport12
[0.232s] -- Config-file not installed for ZeroMQ -- checking for pkg-config
[0.236s] -- Checking for module 'libzmq >= 4'
[0.251s] --   Found libzmq , version 4.3.4
[0.299s] -- Checking for module 'uuid'
[0.314s] --   Found uuid, version 2.37.2
[0.361s] -- Looking for gz-utils2 -- found version 2.2.1
[0.361s] -- Looking for gz-msgs9 -- found version 9.5.1
[0.361s] -- Searching for dependencies of gz-msgs9
[0.382s] -- Looking for gz-math7 -- found version 7.5.1
[0.388s] -- Searching for <gz-transport12> component [log]
[0.388s] -- Looking for gz-transport12-log -- found version 12.2.2
[0.389s] -- Searching for dependencies of gz-transport12-log
[0.389s] -- Searching for <gz-transport12> component [parameters]
[0.389s] -- Looking for gz-transport12-parameters -- found version 12.2.2
[0.389s] -- Searching for dependencies of gz-transport12-parameters
[0.390s] -- Looking for gz-msgs9 -- found version 9.5.1
[0.390s] -- Looking for gz-common5 -- found version 5.7.1
[0.391s] -- Searching for dependencies of gz-common5
[0.391s] -- Looking for gz-utils2 -- found version 2.2.1
[0.391s] -- Looking for dlfcn.h - found
[0.391s] -- Looking for libdl - found
[0.399s] -- Searching for <gz-common5> component [profiler]
[0.399s] -- Looking for gz-common5-profiler -- found version 5.7.1
[0.399s] -- Searching for dependencies of gz-common5-profiler
[0.399s] -- Searching for <gz-common5> component [events]
[0.399s] -- Looking for gz-common5-events -- found version 5.7.1
[0.399s] -- Searching for dependencies of gz-common5-events
[0.400s] -- Looking for gz-math7 -- found version 7.5.1
[0.400s] -- Searching for <gz-common5> component [av]
[0.400s] -- Looking for gz-common5-av -- found version 5.7.1
[0.401s] -- Searching for dependencies of gz-common5-av
[0.407s] -- Checking for module 'libswscale'
[0.420s] --   Found libswscale, version 5.9.100
[0.461s] -- Checking for module 'libavdevice >= 56.4.100'
[0.475s] --   Found libavdevice , version 58.13.100
[0.519s] -- Checking for module 'libavformat'
[0.532s] --   Found libavformat, version 58.76.100
[0.575s] -- Checking for module 'libavcodec'
[0.591s] --   Found libavcodec, version 58.134.100
[0.634s] -- Checking for module 'libavutil'
[0.649s] --   Found libavutil, version 56.70.100
[0.685s] -- Searching for <gz-common5> component [io]
[0.685s] -- Looking for gz-common5-io -- found version 5.7.1
[0.685s] -- Searching for dependencies of gz-common5-io
[0.686s] -- Looking for gz-fuel_tools8 -- found version 8.2.0
[0.687s] -- Searching for dependencies of gz-fuel_tools8
[0.739s] -- Checking for module 'jsoncpp'
[0.756s] --   Found jsoncpp, version 1.9.5
[0.800s] -- Checking for module 'libzip'
[0.817s] --   Found libzip, version 1.7.3
[0.870s] -- Looking for gz-utils2 -- found version 2.2.1
[0.870s] -- Looking for gz-common5 -- found version 5.7.1
[0.871s] -- Searching for dependencies of gz-common5
[0.871s] -- Looking for gz-utils2 -- found version 2.2.1
[0.871s] -- Looking for dlfcn.h - found
[0.871s] -- Looking for libdl - found
[0.879s] -- Searching for <gz-common5> component [testing]
[0.879s] -- Looking for gz-common5-testing -- found version 5.7.1
[0.880s] -- Searching for dependencies of gz-common5-testing
[0.880s] -- Looking for gz-math7 -- found version 7.5.1
[0.881s] -- Looking for gz-msgs9 -- found version 9.5.1
[0.881s] -- Looking for gz-gui7 -- found version 7.2.2
[0.882s] -- Searching for dependencies of gz-gui7
[0.910s] -- Looking for gz-utils2 -- found version 2.2.1
[0.910s] -- Looking for gz-math7 -- found version 7.5.1
[0.910s] -- Looking for gz-common5 -- found version 5.7.1
[0.911s] -- Looking for gz-plugin2 -- found version 2.0.4
[0.911s] -- Looking for gz-transport12 -- found version 12.2.2
[0.911s] -- Looking for gz-rendering7 -- found version 7.5.0
[0.912s] -- Searching for dependencies of gz-rendering7
[0.912s] -- Looking for gz-math7 -- found version 7.5.1
[0.912s] -- Searching for dependencies of gz-math7
[0.912s] -- Looking for gz-utils2 -- found version 2.2.1
[0.913s] -- Searching for <gz-math7> component [eigen3]
[0.913s] -- Looking for gz-math7-eigen3 -- found version 7.5.1
[0.913s] -- Searching for dependencies of gz-math7-eigen3
[0.914s] -- Looking for gz-common5 -- found version 5.7.1
[0.915s] -- Searching for dependencies of gz-common5
[0.915s] -- Looking for gz-utils2 -- found version 2.2.1
[0.915s] -- Looking for dlfcn.h - found
[0.915s] -- Looking for libdl - found
[0.923s] -- Searching for <gz-common5> component [graphics]
[0.923s] -- Looking for gz-common5-graphics -- found version 5.7.1
[0.924s] -- Searching for dependencies of gz-common5-graphics
[0.924s] -- Looking for gz-math7 -- found version 7.5.1
[0.926s] -- Searching for <gz-common5> component [events]
[0.927s] -- Searching for <gz-common5> component [geospatial]
[0.927s] -- Looking for gz-common5-geospatial -- found version 5.7.1
[0.927s] -- Searching for dependencies of gz-common5-geospatial
[0.927s] -- Looking for gz-math7 -- found version 7.5.1
[0.928s] -- Looking for gz-common5 -- found version 5.7.1
[0.928s] -- Looking for gz-plugin2 -- found version 2.0.4
[0.929s] -- Searching for dependencies of gz-plugin2
[0.929s] -- Looking for gz-utils2 -- found version 2.2.1
[0.929s] -- Searching for <gz-plugin2> component [all]
[0.929s] -- Looking for all libraries of gz-plugin2 -- found version 2.0.4
[0.930s] -- Looking for gz-plugin2 -- found version 2.0.4
[0.931s] -- Looking for gz-utils2 -- found version 2.2.1
[0.933s] -- Looking for gz-msgs9 -- found version 9.5.1
[0.946s] -- Looking for gz-physics6 -- found version 6.7.0
[0.946s] -- Searching for dependencies of gz-physics6
[0.946s] -- Looking for gz-common5 -- found version 5.7.1
[0.947s] -- Looking for gz-math7 -- found version 7.5.1
[0.947s] -- Looking for gz-plugin2 -- found version 2.0.4
[0.947s] -- Looking for gz-utils2 -- found version 2.2.1
[0.948s] -- Searching for <gz-physics6> component [heightmap]
[0.948s] -- Looking for gz-physics6-heightmap -- found version 6.7.0
[0.949s] -- Searching for dependencies of gz-physics6-heightmap
[0.949s] -- Looking for gz-common5 -- found version 5.7.1
[0.949s] -- Searching for <gz-physics6> component [mesh]
[0.950s] -- Looking for gz-physics6-mesh -- found version 6.7.0
[0.950s] -- Searching for dependencies of gz-physics6-mesh
[0.950s] -- Looking for gz-common5 -- found version 5.7.1
[0.950s] -- Searching for <gz-physics6> component [sdf]
[0.951s] -- Looking for gz-physics6-sdf -- found version 6.7.0
[0.951s] -- Searching for dependencies of gz-physics6-sdf
[0.951s] -- Looking for sdformat13 -- found version 13.9.0
[0.952s] -- Looking for gz-sensors7 -- found version 7.3.1
[0.952s] -- Searching for dependencies of gz-sensors7
[0.974s] -- Looking for gz-math7 -- found version 7.5.1
[0.974s] -- Looking for gz-common5 -- found version 5.7.1
[0.974s] -- Looking for gz-transport12 -- found version 12.2.2
[0.975s] -- Looking for gz-rendering7 -- found version 7.5.0
[0.975s] -- Looking for gz-msgs9 -- found version 9.5.1
[0.975s] -- Looking for sdformat13 -- found version 13.9.0
[0.976s] -- Searching for <gz-sensors7> component [air_pressure]
[0.976s] -- Looking for gz-sensors7-air_pressure -- found version 7.3.1
[0.976s] -- Searching for dependencies of gz-sensors7-air_pressure
[0.977s] -- Searching for <gz-sensors7> component [air_speed]
[0.977s] -- Looking for gz-sensors7-air_speed -- found version 7.3.1
[0.978s] -- Searching for dependencies of gz-sensors7-air_speed
[0.978s] -- Searching for <gz-sensors7> component [altimeter]
[0.978s] -- Looking for gz-sensors7-altimeter -- found version 7.3.1
[0.979s] -- Searching for dependencies of gz-sensors7-altimeter
[0.979s] -- Searching for <gz-sensors7> component [imu]
[0.979s] -- Looking for gz-sensors7-imu -- found version 7.3.1
[0.980s] -- Searching for dependencies of gz-sensors7-imu
[0.980s] -- Searching for <gz-sensors7> component [force_torque]
[0.980s] -- Looking for gz-sensors7-force_torque -- found version 7.3.1
[0.980s] -- Searching for dependencies of gz-sensors7-force_torque
[0.981s] -- Searching for <gz-sensors7> component [logical_camera]
[0.981s] -- Looking for gz-sensors7-logical_camera -- found version 7.3.1
[0.981s] -- Searching for dependencies of gz-sensors7-logical_camera
[0.982s] -- Searching for <gz-sensors7> component [magnetometer]
[0.982s] -- Looking for gz-sensors7-magnetometer -- found version 7.3.1
[0.982s] -- Searching for dependencies of gz-sensors7-magnetometer
[0.983s] -- Searching for <gz-sensors7> component [navsat]
[0.983s] -- Looking for gz-sensors7-navsat -- found version 7.3.1
[0.983s] -- Searching for dependencies of gz-sensors7-navsat
[0.984s] -- Searching for <gz-sensors7> component [rendering]
[0.984s] -- Looking for gz-sensors7-rendering -- found version 7.3.1
[0.984s] -- Searching for dependencies of gz-sensors7-rendering
[0.985s] -- Searching for <gz-sensors7> component [lidar]
[0.985s] -- Looking for gz-sensors7-lidar -- found version 7.3.1
[0.985s] -- Searching for dependencies of gz-sensors7-lidar
[0.986s] -- Looking for gz-sensors7 -- found version 7.3.1
[0.986s] -- Searching for <gz-sensors7> component [gpu_lidar]
[0.986s] -- Looking for gz-sensors7-gpu_lidar -- found version 7.3.1
[0.987s] -- Searching for dependencies of gz-sensors7-gpu_lidar
[0.987s] -- Looking for gz-sensors7 -- found version 7.3.1
[0.987s] -- Searching for <gz-sensors7> component [camera]
[0.988s] -- Looking for gz-sensors7-camera -- found version 7.3.1
[0.988s] -- Searching for dependencies of gz-sensors7-camera
[0.988s] -- Looking for gz-sensors7 -- found version 7.3.1
[0.989s] -- Searching for <gz-sensors7> component [boundingbox_camera]
[0.989s] -- Looking for gz-sensors7-boundingbox_camera -- found version 7.3.1
[0.989s] -- Searching for dependencies of gz-sensors7-boundingbox_camera
[0.990s] -- Searching for <gz-sensors7> component [segmentation_camera]
[0.990s] -- Looking for gz-sensors7-segmentation_camera -- found version 7.3.1
[0.990s] -- Searching for dependencies of gz-sensors7-segmentation_camera
[0.991s] -- Searching for <gz-sensors7> component [depth_camera]
[0.991s] -- Looking for gz-sensors7-depth_camera -- found version 7.3.1
[0.991s] -- Searching for dependencies of gz-sensors7-depth_camera
[0.991s] -- Looking for gz-sensors7 -- found version 7.3.1
[0.992s] -- Searching for <gz-sensors7> component [rgbd_camera]
[0.992s] -- Looking for gz-sensors7-rgbd_camera -- found version 7.3.1
[0.992s] -- Searching for dependencies of gz-sensors7-rgbd_camera
[0.993s] -- Looking for gz-sensors7 -- found version 7.3.1
[0.993s] -- Searching for <gz-sensors7> component [thermal_camera]
[0.993s] -- Looking for gz-sensors7-thermal_camera -- found version 7.3.1
[0.994s] -- Searching for dependencies of gz-sensors7-thermal_camera
[0.994s] -- Looking for gz-sensors7 -- found version 7.3.1
[0.994s] -- Searching for <gz-sensors7> component [wide_angle_camera]
[0.995s] -- Looking for gz-sensors7-wide_angle_camera -- found version 7.3.1
[0.995s] -- Searching for dependencies of gz-sensors7-wide_angle_camera
[0.996s] -- Looking for gz-rendering7 -- found version 7.5.0
[0.996s] -- Looking for gz-math7 -- found version 7.5.1
[0.996s] -- Looking for gz-utils2 -- found version 2.2.1
[1.019s] -- Looking for gz-common5 -- found version 5.7.1
[1.019s] -- Looking for gz-fuel_tools8 -- found version 8.2.0
[1.019s] -- Looking for gz-math7 -- found version 7.5.1
[1.020s] -- Looking for gz-msgs9 -- found version 9.5.1
[1.020s] -- Looking for gz-transport12 -- found version 12.2.2
[1.020s] -- Looking for gz-plugin2 -- found version 2.0.4
[1.021s] -- Looking for gz-rendering7 -- found version 7.5.0
[1.021s] -- Looking for gz-sensors7 -- found version 7.3.1
[1.021s] -- Looking for gz-utils2 -- found version 2.2.1
[1.021s] -- Looking for sdformat13 -- found version 13.9.0
[1.022s] -- Found std_msgs: 4.2.4 (/opt/ros/humble/share/std_msgs/cmake)
[1.036s] -- Found rosidl_generator_c: 3.1.6 (/opt/ros/humble/share/rosidl_generator_c/cmake)
[1.038s] -- Found rosidl_adapter: 3.1.6 (/opt/ros/humble/share/rosidl_adapter/cmake)
[1.043s] -- Found rosidl_generator_cpp: 3.1.6 (/opt/ros/humble/share/rosidl_generator_cpp/cmake)
[1.050s] -- Using all available rosidl_typesupport_c: rosidl_typesupport_fastrtps_c;rosidl_typesupport_introspection_c
[1.060s] -- Using all available rosidl_typesupport_cpp: rosidl_typesupport_fastrtps_cpp;rosidl_typesupport_introspection_cpp
[1.195s] -- Configuring done
[1.292s] -- Generating done
[1.312s] -- Build files have been written to: /home/mrxiuer/project/毕设/demo/src/build/vrx_gz
[1.348s] [35m[1mConsolidate compiler generated dependencies of target ScoringPlugin[0m
[1.348s] [35m[1mConsolidate compiler generated dependencies of target Waves[0m
[1.366s] [  8%] Built target Waves
[1.366s] [  8%] Built target ScoringPlugin
[1.367s] [  8%] Built target ament_cmake_python_copy_vrx_gz
[1.381s] [35m[1mConsolidate compiler generated dependencies of target LightBuoyPlugin[0m
[1.381s] [35m[1mConsolidate compiler generated dependencies of target AcousticPingerPlugin[0m
[1.382s] [35m[1mConsolidate compiler generated dependencies of target BallShooterPlugin[0m
[1.385s] [35m[1mConsolidate compiler generated dependencies of target PlacardPlugin[0m
[1.385s] [35m[1mConsolidate compiler generated dependencies of target PerceptionScoringPlugin[0m
[1.385s] [35m[1mConsolidate compiler generated dependencies of target NavigationScoringPlugin[0m
[1.385s] [35m[1mConsolidate compiler generated dependencies of target PublisherPlugin[0m
[1.385s] [35m[1mConsolidate compiler generated dependencies of target PolyhedraBuoyancyDrag[0m
[1.386s] [35m[1mConsolidate compiler generated dependencies of target GymkhanaScoringPlugin[0m
[1.386s] [35m[1mConsolidate compiler generated dependencies of target WayfindingScoringPlugin[0m
[1.386s] [35m[1mConsolidate compiler generated dependencies of target StationkeepingScoringPlugin[0m
[1.386s] [35m[1mConsolidate compiler generated dependencies of target ScanDockScoringPlugin[0m
[1.386s] [35m[1mConsolidate compiler generated dependencies of target AcousticPerceptionScoringPlugin[0m
[1.389s] [35m[1mConsolidate compiler generated dependencies of target SimpleHydrodynamics[0m
[1.389s] [35m[1mConsolidate compiler generated dependencies of target Surface[0m
[1.390s] [35m[1mConsolidate compiler generated dependencies of target AcousticTrackingScoringPlugin[0m
[1.413s] [ 16%] Built target LightBuoyPlugin
[1.413s] [ 16%] Built target BallShooterPlugin
[1.413s] [ 20%] Built target GymkhanaScoringPlugin
[1.416s] [ 29%] Built target AcousticPingerPlugin
[1.416s] [ 29%] Built target PlacardPlugin
[1.418s] [ 33%] Built target NavigationScoringPlugin
[1.418s] [ 41%] Built target PublisherPlugin
[1.419s] [ 41%] Built target PerceptionScoringPlugin
[1.419s] [ 45%] Built target Surface
[1.420s] [ 56%] Built target ScanDockScoringPlugin
[1.420s] [ 58%] Built target SimpleHydrodynamics
[1.420s] [ 62%] Built target PolyhedraBuoyancyDrag
[1.423s] [ 75%] Built target StationkeepingScoringPlugin
[1.423s] [ 75%] Built target WayfindingScoringPlugin
[1.423s] [ 81%] Built target AcousticPerceptionScoringPlugin
[1.426s] [ 87%] Built target AcousticTrackingScoringPlugin
[1.428s] [35m[1mConsolidate compiler generated dependencies of target USVWind[0m
[1.430s] [35m[1mConsolidate compiler generated dependencies of target WildlifeScoringPlugin[0m
[1.430s] [35m[1mConsolidate compiler generated dependencies of target WaveVisual[0m
[1.450s] [ 91%] Built target WildlifeScoringPlugin
[1.452s] [ 97%] Built target USVWind
[1.452s] [100%] Built target WaveVisual
[1.641s] running egg_info
[1.641s] writing vrx_gz.egg-info/PKG-INFO
[1.641s] writing dependency_links to vrx_gz.egg-info/dependency_links.txt
[1.642s] writing top-level names to vrx_gz.egg-info/top_level.txt
[1.643s] reading manifest file 'vrx_gz.egg-info/SOURCES.txt'
[1.644s] writing manifest file 'vrx_gz.egg-info/SOURCES.txt'
[1.665s] [100%] Built target ament_cmake_python_build_vrx_gz_egg
[1.677s] Invoked command in '/home/mrxiuer/project/毕设/demo/src/build/vrx_gz' returned '0': CMAKE_PREFIX_PATH=${CMAKE_PREFIX_PATH}:/opt/ros/humble LD_LIBRARY_PATH=/home/mrxiuer/project/毕设/demo/src/install/lib:/usr/local/lib:/opt/ros/humble/opt/rviz_ogre_vendor/lib:/opt/ros/humble/lib/x86_64-linux-gnu:/opt/ros/humble/lib /usr/bin/cmake --build /home/mrxiuer/project/毕设/demo/src/build/vrx_gz -- -j16 -l16
[1.678s] Invoking command in '/home/mrxiuer/project/毕设/demo/src/build/vrx_gz': CMAKE_PREFIX_PATH=${CMAKE_PREFIX_PATH}:/opt/ros/humble LD_LIBRARY_PATH=/home/mrxiuer/project/毕设/demo/src/install/lib:/usr/local/lib:/opt/ros/humble/opt/rviz_ogre_vendor/lib:/opt/ros/humble/lib/x86_64-linux-gnu:/opt/ros/humble/lib /usr/bin/cmake --install /home/mrxiuer/project/毕设/demo/src/build/vrx_gz
[1.685s] -- Install configuration: ""
[1.685s] -- Up-to-date: /home/mrxiuer/project/毕设/demo/src/install/share/vrx_gz/environment/resource_paths.dsv
[1.685s] -- Up-to-date: /home/mrxiuer/project/毕设/demo/src/install/share/vrx_gz/environment/resource_paths.sh
[1.685s] -- Up-to-date: /home/mrxiuer/project/毕设/demo/src/install/lib/libWaves.so
[1.686s] -- Up-to-date: /home/mrxiuer/project/毕设/demo/src/install/lib/libPolyhedraBuoyancyDrag.so
[1.686s] -- Up-to-date: /home/mrxiuer/project/毕设/demo/src/install/lib/libScoringPlugin.so
[1.686s] -- Up-to-date: /home/mrxiuer/project/毕设/demo/src/install/lib/libStationkeepingScoringPlugin.so
[1.686s] -- Up-to-date: /home/mrxiuer/project/毕设/demo/src/install/lib/libWayfindingScoringPlugin.so
[1.687s] -- Up-to-date: /home/mrxiuer/project/毕设/demo/src/install/lib/libAcousticPerceptionScoringPlugin.so
[1.687s] -- Up-to-date: /home/mrxiuer/project/毕设/demo/src/install/lib/libAcousticTrackingScoringPlugin.so
[1.687s] -- Up-to-date: /home/mrxiuer/project/毕设/demo/src/install/lib/libAcousticPingerPlugin.so
[1.687s] -- Up-to-date: /home/mrxiuer/project/毕设/demo/src/install/lib/libBallShooterPlugin.so
[1.688s] -- Up-to-date: /home/mrxiuer/project/毕设/demo/src/install/lib/libLightBuoyPlugin.so
[1.688s] -- Up-to-date: /home/mrxiuer/project/毕设/demo/src/install/lib/libNavigationScoringPlugin.so
[1.688s] -- Up-to-date: /home/mrxiuer/project/毕设/demo/src/install/lib/libGymkhanaScoringPlugin.so
[1.689s] -- Up-to-date: /home/mrxiuer/project/毕设/demo/src/install/lib/libPerceptionScoringPlugin.so
[1.689s] -- Up-to-date: /home/mrxiuer/project/毕设/demo/src/install/lib/libPlacardPlugin.so
[1.689s] -- Up-to-date: /home/mrxiuer/project/毕设/demo/src/install/lib/libPublisherPlugin.so
[1.689s] -- Up-to-date: /home/mrxiuer/project/毕设/demo/src/install/lib/libScanDockScoringPlugin.so
[1.690s] -- Up-to-date: /home/mrxiuer/project/毕设/demo/src/install/lib/libSimpleHydrodynamics.so
[1.690s] -- Up-to-date: /home/mrxiuer/project/毕设/demo/src/install/lib/libSurface.so
[1.690s] -- Up-to-date: /home/mrxiuer/project/毕设/demo/src/install/lib/libUSVWind.so
[1.691s] -- Up-to-date: /home/mrxiuer/project/毕设/demo/src/install/lib/libWaveVisual.so
[1.691s] -- Up-to-date: /home/mrxiuer/project/毕设/demo/src/install/lib/libWildlifeScoringPlugin.so
[1.691s] -- Up-to-date: /home/mrxiuer/project/毕设/demo/src/install/share/vrx_gz/environment/pythonpath.sh
[1.691s] -- Installing: /home/mrxiuer/project/毕设/demo/src/install/share/vrx_gz/environment/pythonpath.dsv
[1.691s] -- Up-to-date: /home/mrxiuer/project/毕设/demo/src/install/local/lib/python3.10/dist-packages/vrx_gz-0.0.0-py3.10.egg-info
[1.691s] -- Installing: /home/mrxiuer/project/毕设/demo/src/install/local/lib/python3.10/dist-packages/vrx_gz-0.0.0-py3.10.egg-info/dependency_links.txt
[1.691s] -- Installing: /home/mrxiuer/project/毕设/demo/src/install/local/lib/python3.10/dist-packages/vrx_gz-0.0.0-py3.10.egg-info/PKG-INFO
[1.692s] -- Installing: /home/mrxiuer/project/毕设/demo/src/install/local/lib/python3.10/dist-packages/vrx_gz-0.0.0-py3.10.egg-info/SOURCES.txt
[1.692s] -- Installing: /home/mrxiuer/project/毕设/demo/src/install/local/lib/python3.10/dist-packages/vrx_gz-0.0.0-py3.10.egg-info/top_level.txt
[1.692s] -- Up-to-date: /home/mrxiuer/project/毕设/demo/src/install/local/lib/python3.10/dist-packages/vrx_gz
[1.692s] -- Up-to-date: /home/mrxiuer/project/毕设/demo/src/install/local/lib/python3.10/dist-packages/vrx_gz/__init__.py
[1.692s] -- Up-to-date: /home/mrxiuer/project/毕设/demo/src/install/local/lib/python3.10/dist-packages/vrx_gz/payload_bridges.py
[1.692s] -- Up-to-date: /home/mrxiuer/project/毕设/demo/src/install/local/lib/python3.10/dist-packages/vrx_gz/bridges.py
[1.692s] -- Up-to-date: /home/mrxiuer/project/毕设/demo/src/install/local/lib/python3.10/dist-packages/vrx_gz/bridge.py
[1.692s] -- Up-to-date: /home/mrxiuer/project/毕设/demo/src/install/local/lib/python3.10/dist-packages/vrx_gz/launch.py
[1.692s] -- Up-to-date: /home/mrxiuer/project/毕设/demo/src/install/local/lib/python3.10/dist-packages/vrx_gz/model.py
[1.718s] Listing '/home/mrxiuer/project/毕设/demo/src/install/local/lib/python3.10/dist-packages/vrx_gz'...
[1.721s] -- Up-to-date: /home/mrxiuer/project/毕设/demo/src/install/share/vrx_gz/config
[1.721s] -- Up-to-date: /home/mrxiuer/project/毕设/demo/src/install/share/vrx_gz/config/wamv.yaml
[1.721s] -- Up-to-date: /home/mrxiuer/project/毕设/demo/src/install/share/vrx_gz/config/InteractiveMarker.config
[1.721s] -- Up-to-date: /home/mrxiuer/project/毕设/demo/src/install/share/vrx_gz/config/roboboat.yaml
[1.722s] -- Up-to-date: /home/mrxiuer/project/毕设/demo/src/install/share/vrx_gz/launch
[1.722s] -- Up-to-date: /home/mrxiuer/project/毕设/demo/src/install/share/vrx_gz/launch/improved_A_star.py
[1.722s] -- Up-to-date: /home/mrxiuer/project/毕设/demo/src/install/share/vrx_gz/launch/spawn_config.launch.py
[1.722s] -- Up-to-date: /home/mrxiuer/project/毕设/demo/src/install/share/vrx_gz/launch/competition.launch.py
[1.722s] -- Up-to-date: /home/mrxiuer/project/毕设/demo/src/install/share/vrx_gz/launch/vrx_environment.launch.py
[1.722s] -- Up-to-date: /home/mrxiuer/project/毕设/demo/src/install/share/vrx_gz/launch/spawn.launch.py
[1.722s] -- Up-to-date: /home/mrxiuer/project/毕设/demo/src/install/share/vrx_gz/launch/usv_joy_teleop.py
[1.722s] -- Up-to-date: /home/mrxiuer/project/毕设/demo/src/install/share/vrx_gz/models
[1.722s] -- Up-to-date: /home/mrxiuer/project/毕设/demo/src/install/share/vrx_gz/models/short_navigation_course_4
[1.722s] -- Up-to-date: /home/mrxiuer/project/毕设/demo/src/install/share/vrx_gz/models/short_navigation_course_4/model.config
[1.722s] -- Up-to-date: /home/mrxiuer/project/毕设/demo/src/install/share/vrx_gz/models/short_navigation_course_4/model.sdf
[1.723s] -- Up-to-date: /home/mrxiuer/project/毕设/demo/src/install/share/vrx_gz/models/platform
[1.723s] -- Up-to-date: /home/mrxiuer/project/毕设/demo/src/install/share/vrx_gz/models/platform/model.config
[1.723s] -- Up-to-date: /home/mrxiuer/project/毕设/demo/src/install/share/vrx_gz/models/platform/model.sdf
[1.723s] -- Up-to-date: /home/mrxiuer/project/毕设/demo/src/install/share/vrx_gz/models/short_navigation_course_3
[1.723s] -- Up-to-date: /home/mrxiuer/project/毕设/demo/src/install/share/vrx_gz/models/short_navigation_course_3/model.config
[1.723s] -- Up-to-date: /home/mrxiuer/project/毕设/demo/src/install/share/vrx_gz/models/short_navigation_course_3/model.sdf
[1.723s] -- Up-to-date: /home/mrxiuer/project/毕设/demo/src/install/share/vrx_gz/models/robotx_light_buoy_bgy
[1.723s] -- Up-to-date: /home/mrxiuer/project/毕设/demo/src/install/share/vrx_gz/models/robotx_light_buoy_bgy/model.config
[1.723s] -- Up-to-date: /home/mrxiuer/project/毕设/demo/src/install/share/vrx_gz/models/robotx_light_buoy_bgy/model.sdf
[1.723s] -- Up-to-date: /home/mrxiuer/project/毕设/demo/src/install/share/vrx_gz/models/robotx_light_buoy_gbr
[1.723s] -- Up-to-date: /home/mrxiuer/project/毕设/demo/src/install/share/vrx_gz/models/robotx_light_buoy_gbr/model.config
[1.723s] -- Up-to-date: /home/mrxiuer/project/毕设/demo/src/install/share/vrx_gz/models/robotx_light_buoy_gbr/model.sdf
[1.723s] -- Up-to-date: /home/mrxiuer/project/毕设/demo/src/install/share/vrx_gz/models/dock_2022_base
[1.723s] -- Up-to-date: /home/mrxiuer/project/毕设/demo/src/install/share/vrx_gz/models/dock_2022_base/model.config
[1.724s] -- Up-to-date: /home/mrxiuer/project/毕设/demo/src/install/share/vrx_gz/models/dock_2022_base/model.sdf
[1.724s] -- Up-to-date: /home/mrxiuer/project/毕设/demo/src/install/share/vrx_gz/models/roboboat02
[1.724s] -- Up-to-date: /home/mrxiuer/project/毕设/demo/src/install/share/vrx_gz/models/roboboat02/model.config
[1.724s] -- Up-to-date: /home/mrxiuer/project/毕设/demo/src/install/share/vrx_gz/models/roboboat02/meshes
[1.724s] -- Up-to-date: /home/mrxiuer/project/毕设/demo/src/install/share/vrx_gz/models/roboboat02/meshes/roboboat02.dae
[1.724s] -- Up-to-date: /home/mrxiuer/project/毕设/demo/src/install/share/vrx_gz/models/roboboat02/materials
[1.724s] -- Up-to-date: /home/mrxiuer/project/毕设/demo/src/install/share/vrx_gz/models/roboboat02/materials/scripts
[1.724s] -- Up-to-date: /home/mrxiuer/project/毕设/demo/src/install/share/vrx_gz/models/roboboat02/materials/scripts/model.material
[1.724s] -- Up-to-date: /home/mrxiuer/project/毕设/demo/src/install/share/vrx_gz/models/roboboat02/materials/textures
[1.724s] -- Up-to-date: /home/mrxiuer/project/毕设/demo/src/install/share/vrx_gz/models/roboboat02/materials/textures/Boat02_Albedo.png
[1.724s] -- Up-to-date: /home/mrxiuer/project/毕设/demo/src/install/share/vrx_gz/models/roboboat02/materials/textures/Boat02_Roughness.png
[1.724s] -- Up-to-date: /home/mrxiuer/project/毕设/demo/src/install/share/vrx_gz/models/roboboat02/materials/textures/Boat02_Normal.png
[1.724s] -- Up-to-date: /home/mrxiuer/project/毕设/demo/src/install/share/vrx_gz/models/roboboat02/materials/textures/Boat02_Metallic.png
[1.724s] -- Up-to-date: /home/mrxiuer/project/毕设/demo/src/install/share/vrx_gz/models/roboboat02/model.sdf
[1.724s] -- Up-to-date: /home/mrxiuer/project/毕设/demo/src/install/share/vrx_gz/models/robotx_light_buoy_rgb
[1.724s] -- Up-to-date: /home/mrxiuer/project/毕设/demo/src/install/share/vrx_gz/models/robotx_light_buoy_rgb/mesh
[1.724s] -- Up-to-date: /home/mrxiuer/project/毕设/demo/src/install/share/vrx_gz/models/robotx_light_buoy_rgb/mesh/LightTower_Albedo.png
[1.724s] -- Up-to-date: /home/mrxiuer/project/毕设/demo/src/install/share/vrx_gz/models/robotx_light_buoy_rgb/mesh/LightTower_Opacity.png
[1.725s] -- Up-to-date: /home/mrxiuer/project/毕设/demo/src/install/share/vrx_gz/models/robotx_light_buoy_rgb/mesh/LightTower_Metalness.png
[1.725s] -- Up-to-date: /home/mrxiuer/project/毕设/demo/src/install/share/vrx_gz/models/robotx_light_buoy_rgb/mesh/LightTower_Roughness.png
[1.725s] -- Up-to-date: /home/mrxiuer/project/毕设/demo/src/install/share/vrx_gz/models/robotx_light_buoy_rgb/mesh/LightTower_Normal.png
[1.725s] -- Up-to-date: /home/mrxiuer/project/毕设/demo/src/install/share/vrx_gz/models/robotx_light_buoy_rgb/mesh/robotx_light_buoy.dae
[1.725s] -- Up-to-date: /home/mrxiuer/project/毕设/demo/src/install/share/vrx_gz/models/robotx_light_buoy_rgb/model.config
[1.725s] -- Up-to-date: /home/mrxiuer/project/毕设/demo/src/install/share/vrx_gz/models/robotx_light_buoy_rgb/model.sdf
[1.725s] -- Up-to-date: /home/mrxiuer/project/毕设/demo/src/install/share/vrx_gz/models/robotx_light_buoy_rgy
[1.725s] -- Up-to-date: /home/mrxiuer/project/毕设/demo/src/install/share/vrx_gz/models/robotx_light_buoy_rgy/model.config
[1.725s] -- Up-to-date: /home/mrxiuer/project/毕设/demo/src/install/share/vrx_gz/models/robotx_light_buoy_rgy/model.sdf
[1.725s] -- Up-to-date: /home/mrxiuer/project/毕设/demo/src/install/share/vrx_gz/models/robotx_light_buoy_ybr
[1.725s] -- Up-to-date: /home/mrxiuer/project/毕设/demo/src/install/share/vrx_gz/models/robotx_light_buoy_ybr/model.config
[1.725s] -- Up-to-date: /home/mrxiuer/project/毕设/demo/src/install/share/vrx_gz/models/robotx_light_buoy_ybr/model.sdf
[1.725s] -- Up-to-date: /home/mrxiuer/project/毕设/demo/src/install/share/vrx_gz/models/coast_waves
[1.725s] -- Up-to-date: /home/mrxiuer/project/毕设/demo/src/install/share/vrx_gz/models/coast_waves/model.config
[1.725s] -- Up-to-date: /home/mrxiuer/project/毕设/demo/src/install/share/vrx_gz/models/coast_waves/meshes
[1.725s] -- Up-to-date: /home/mrxiuer/project/毕设/demo/src/install/share/vrx_gz/models/coast_waves/meshes/waterlow.dae
[1.725s] -- Up-to-date: /home/mrxiuer/project/毕设/demo/src/install/share/vrx_gz/models/coast_waves/materials
[1.726s] -- Up-to-date: /home/mrxiuer/project/毕设/demo/src/install/share/vrx_gz/models/coast_waves/materials/textures
[1.726s] -- Up-to-date: /home/mrxiuer/project/毕设/demo/src/install/share/vrx_gz/models/coast_waves/materials/textures/skybox_lowres.dds
[1.726s] -- Up-to-date: /home/mrxiuer/project/毕设/demo/src/install/share/vrx_gz/models/coast_waves/materials/textures/wave_normals.dds
[1.726s] -- Up-to-date: /home/mrxiuer/project/毕设/demo/src/install/share/vrx_gz/models/coast_waves/materials/programs
[1.726s] -- Up-to-date: /home/mrxiuer/project/毕设/demo/src/install/share/vrx_gz/models/coast_waves/materials/programs/GerstnerWaves_vs_330.glsl
[1.726s] -- Up-to-date: /home/mrxiuer/project/毕设/demo/src/install/share/vrx_gz/models/coast_waves/materials/programs/GerstnerWaves_fs_330.glsl
[1.726s] -- Up-to-date: /home/mrxiuer/project/毕设/demo/src/install/share/vrx_gz/models/coast_waves/model.sdf
[1.726s] -- Up-to-date: /home/mrxiuer/project/毕设/demo/src/install/share/vrx_gz/models/short_navigation_course_2
[1.726s] -- Up-to-date: /home/mrxiuer/project/毕设/demo/src/install/share/vrx_gz/models/short_navigation_course_2/model.config
[1.726s] -- Up-to-date: /home/mrxiuer/project/毕设/demo/src/install/share/vrx_gz/models/short_navigation_course_2/model.sdf
[1.726s] -- Up-to-date: /home/mrxiuer/project/毕设/demo/src/install/share/vrx_gz/models/articulated_platform
[1.726s] -- Up-to-date: /home/mrxiuer/project/毕设/demo/src/install/share/vrx_gz/models/articulated_platform/model.config
[1.726s] -- Up-to-date: /home/mrxiuer/project/毕设/demo/src/install/share/vrx_gz/models/articulated_platform/model.sdf
[1.726s] -- Up-to-date: /home/mrxiuer/project/毕设/demo/src/install/share/vrx_gz/models/short_navigation_course_5
[1.726s] -- Up-to-date: /home/mrxiuer/project/毕设/demo/src/install/share/vrx_gz/models/short_navigation_course_5/model.config
[1.726s] -- Up-to-date: /home/mrxiuer/project/毕设/demo/src/install/share/vrx_gz/models/short_navigation_course_5/model.sdf
[1.726s] -- Up-to-date: /home/mrxiuer/project/毕设/demo/src/install/share/vrx_gz/models/roboboat_cpubox
[1.726s] -- Up-to-date: /home/mrxiuer/project/毕设/demo/src/install/share/vrx_gz/models/roboboat_cpubox/model.config
[1.727s] -- Up-to-date: /home/mrxiuer/project/毕设/demo/src/install/share/vrx_gz/models/roboboat_cpubox/meshes
[1.727s] -- Up-to-date: /home/mrxiuer/project/毕设/demo/src/install/share/vrx_gz/models/roboboat_cpubox/meshes/drybox.dae
[1.727s] -- Up-to-date: /home/mrxiuer/project/毕设/demo/src/install/share/vrx_gz/models/roboboat_cpubox/materials
[1.727s] -- Up-to-date: /home/mrxiuer/project/毕设/demo/src/install/share/vrx_gz/models/roboboat_cpubox/materials/textures
[1.727s] -- Up-to-date: /home/mrxiuer/project/毕设/demo/src/install/share/vrx_gz/models/roboboat_cpubox/materials/textures/DryBox_Albedo.png
[1.727s] -- Up-to-date: /home/mrxiuer/project/毕设/demo/src/install/share/vrx_gz/models/roboboat_cpubox/materials/textures/DryBox_Roughness.png
[1.727s] -- Up-to-date: /home/mrxiuer/project/毕设/demo/src/install/share/vrx_gz/models/roboboat_cpubox/model.sdf
[1.727s] -- Up-to-date: /home/mrxiuer/project/毕设/demo/src/install/share/vrx_gz/models/placard_2022
[1.727s] -- Up-to-date: /home/mrxiuer/project/毕设/demo/src/install/share/vrx_gz/models/placard_2022/model.config
[1.727s] -- Up-to-date: /home/mrxiuer/project/毕设/demo/src/install/share/vrx_gz/models/placard_2022/meshes
[1.727s] -- Up-to-date: /home/mrxiuer/project/毕设/demo/src/install/share/vrx_gz/models/placard_2022/meshes/placard_2022.dae
[1.727s] -- Up-to-date: /home/mrxiuer/project/毕设/demo/src/install/share/vrx_gz/models/placard_2022/materials
[1.727s] -- Up-to-date: /home/mrxiuer/project/毕设/demo/src/install/share/vrx_gz/models/placard_2022/materials/textures
[1.727s] -- Up-to-date: /home/mrxiuer/project/毕设/demo/src/install/share/vrx_gz/models/placard_2022/materials/textures/Placard.png
[1.727s] -- Up-to-date: /home/mrxiuer/project/毕设/demo/src/install/share/vrx_gz/models/placard_2022/model.sdf
[1.727s] -- Up-to-date: /home/mrxiuer/project/毕设/demo/src/install/share/vrx_gz/models/symbol_triangle
[1.727s] -- Up-to-date: /home/mrxiuer/project/毕设/demo/src/install/share/vrx_gz/models/symbol_triangle/mesh
[1.727s] -- Up-to-date: /home/mrxiuer/project/毕设/demo/src/install/share/vrx_gz/models/symbol_triangle/mesh/triangle.dae
[1.727s] -- Up-to-date: /home/mrxiuer/project/毕设/demo/src/install/share/vrx_gz/models/symbol_triangle/model.config
[1.728s] -- Up-to-date: /home/mrxiuer/project/毕设/demo/src/install/share/vrx_gz/models/symbol_triangle/model.sdf
[1.728s] -- Up-to-date: /home/mrxiuer/project/毕设/demo/src/install/share/vrx_gz/models/dock_2022
[1.728s] -- Up-to-date: /home/mrxiuer/project/毕设/demo/src/install/share/vrx_gz/models/dock_2022/model.config
[1.728s] -- Up-to-date: /home/mrxiuer/project/毕设/demo/src/install/share/vrx_gz/models/dock_2022/model.sdf
[1.728s] -- Up-to-date: /home/mrxiuer/project/毕设/demo/src/install/share/vrx_gz/models/obstacle_course
[1.728s] -- Up-to-date: /home/mrxiuer/project/毕设/demo/src/install/share/vrx_gz/models/obstacle_course/model.config
[1.728s] -- Up-to-date: /home/mrxiuer/project/毕设/demo/src/install/share/vrx_gz/models/obstacle_course/model.sdf
[1.728s] -- Up-to-date: /home/mrxiuer/project/毕设/demo/src/install/share/vrx_gz/models/robotx_light_buoy_yrg
[1.728s] -- Up-to-date: /home/mrxiuer/project/毕设/demo/src/install/share/vrx_gz/models/robotx_light_buoy_yrg/model.config
[1.728s] -- Up-to-date: /home/mrxiuer/project/毕设/demo/src/install/share/vrx_gz/models/robotx_light_buoy_yrg/model.sdf
[1.728s] -- Up-to-date: /home/mrxiuer/project/毕设/demo/src/install/share/vrx_gz/models/robotx_light_buoy_rbg
[1.728s] -- Up-to-date: /home/mrxiuer/project/毕设/demo/src/install/share/vrx_gz/models/robotx_light_buoy_rbg/model.config
[1.728s] -- Up-to-date: /home/mrxiuer/project/毕设/demo/src/install/share/vrx_gz/models/robotx_light_buoy_rbg/model.sdf
[1.728s] -- Up-to-date: /home/mrxiuer/project/毕设/demo/src/install/share/vrx_gz/models/entrance_exit
[1.728s] -- Up-to-date: /home/mrxiuer/project/毕设/demo/src/install/share/vrx_gz/models/entrance_exit/model.config
[1.728s] -- Up-to-date: /home/mrxiuer/project/毕设/demo/src/install/share/vrx_gz/models/entrance_exit/model.sdf
[1.728s] -- Up-to-date: /home/mrxiuer/project/毕设/demo/src/install/share/vrx_gz/models/short_navigation_course_0
[1.728s] -- Up-to-date: /home/mrxiuer/project/毕设/demo/src/install/share/vrx_gz/models/short_navigation_course_0/model.config
[1.728s] -- Up-to-date: /home/mrxiuer/project/毕设/demo/src/install/share/vrx_gz/models/short_navigation_course_0/model.sdf
[1.728s] -- Up-to-date: /home/mrxiuer/project/毕设/demo/src/install/share/vrx_gz/models/short_course_2023_phase3_2
[1.729s] -- Up-to-date: /home/mrxiuer/project/毕设/demo/src/install/share/vrx_gz/models/short_course_2023_phase3_2/model.config
[1.729s] -- Up-to-date: /home/mrxiuer/project/毕设/demo/src/install/share/vrx_gz/models/short_course_2023_phase3_2/model.sdf
[1.729s] -- Up-to-date: /home/mrxiuer/project/毕设/demo/src/install/share/vrx_gz/models/robotx_light_buoy_ygb
[1.729s] -- Up-to-date: /home/mrxiuer/project/毕设/demo/src/install/share/vrx_gz/models/robotx_light_buoy_ygb/model.config
[1.729s] -- Up-to-date: /home/mrxiuer/project/毕设/demo/src/install/share/vrx_gz/models/robotx_light_buoy_ygb/model.sdf
[1.729s] -- Up-to-date: /home/mrxiuer/project/毕设/demo/src/install/share/vrx_gz/models/short_course_2023_phase3_1
[1.729s] -- Up-to-date: /home/mrxiuer/project/毕设/demo/src/install/share/vrx_gz/models/short_course_2023_phase3_1/model.config
[1.729s] -- Up-to-date: /home/mrxiuer/project/毕设/demo/src/install/share/vrx_gz/models/short_course_2023_phase3_1/model.sdf
[1.729s] -- Up-to-date: /home/mrxiuer/project/毕设/demo/src/install/share/vrx_gz/models/short_navigation_course_1
[1.729s] -- Up-to-date: /home/mrxiuer/project/毕设/demo/src/install/share/vrx_gz/models/short_navigation_course_1/model.config
[1.729s] -- Up-to-date: /home/mrxiuer/project/毕设/demo/src/install/share/vrx_gz/models/short_navigation_course_1/model.sdf
[1.729s] -- Up-to-date: /home/mrxiuer/project/毕设/demo/src/install/share/vrx_gz/models/dock_block_4x4
[1.729s] -- Up-to-date: /home/mrxiuer/project/毕设/demo/src/install/share/vrx_gz/models/dock_block_4x4/mesh
[1.729s] -- Up-to-date: /home/mrxiuer/project/毕设/demo/src/install/share/vrx_gz/models/dock_block_4x4/mesh/DockCubes_Normal.png
[1.729s] -- Up-to-date: /home/mrxiuer/project/毕设/demo/src/install/share/vrx_gz/models/dock_block_4x4/mesh/DockCubes_Albedo.png
[1.729s] -- Up-to-date: /home/mrxiuer/project/毕设/demo/src/install/share/vrx_gz/models/dock_block_4x4/mesh/DockCubes_Roughness.png
[1.729s] -- Up-to-date: /home/mrxiuer/project/毕设/demo/src/install/share/vrx_gz/models/dock_block_4x4/mesh/dock_block_4x4.dae
[1.729s] -- Up-to-date: /home/mrxiuer/project/毕设/demo/src/install/share/vrx_gz/models/dock_block_4x4/mesh/DockCubes_Metalness.png
[1.729s] -- Up-to-date: /home/mrxiuer/project/毕设/demo/src/install/share/vrx_gz/models/dock_block_4x4/model.config
[1.729s] -- Up-to-date: /home/mrxiuer/project/毕设/demo/src/install/share/vrx_gz/models/dock_block_4x4/model.sdf
[1.729s] -- Up-to-date: /home/mrxiuer/project/毕设/demo/src/install/share/vrx_gz/models/roboboat01
[1.730s] -- Up-to-date: /home/mrxiuer/project/毕设/demo/src/install/share/vrx_gz/models/roboboat01/model.config
[1.730s] -- Up-to-date: /home/mrxiuer/project/毕设/demo/src/install/share/vrx_gz/models/roboboat01/meshes
[1.730s] -- Up-to-date: /home/mrxiuer/project/毕设/demo/src/install/share/vrx_gz/models/roboboat01/meshes/roboboat01.dae
[1.730s] -- Up-to-date: /home/mrxiuer/project/毕设/demo/src/install/share/vrx_gz/models/roboboat01/meshes/prop.dae
[1.730s] -- Up-to-date: /home/mrxiuer/project/毕设/demo/src/install/share/vrx_gz/models/roboboat01/meshes/mount.dae
[1.730s] -- Up-to-date: /home/mrxiuer/project/毕设/demo/src/install/share/vrx_gz/models/roboboat01/meshes/housing.dae
[1.730s] -- Up-to-date: /home/mrxiuer/project/毕设/demo/src/install/share/vrx_gz/models/roboboat01/materials
[1.730s] -- Up-to-date: /home/mrxiuer/project/毕设/demo/src/install/share/vrx_gz/models/roboboat01/materials/scripts
[1.730s] -- Up-to-date: /home/mrxiuer/project/毕设/demo/src/install/share/vrx_gz/models/roboboat01/materials/scripts/model.material
[1.730s] -- Up-to-date: /home/mrxiuer/project/毕设/demo/src/install/share/vrx_gz/models/roboboat01/materials/textures
[1.730s] -- Up-to-date: /home/mrxiuer/project/毕设/demo/src/install/share/vrx_gz/models/roboboat01/materials/textures/Boat01_Metallic.png
[1.730s] -- Up-to-date: /home/mrxiuer/project/毕设/demo/src/install/share/vrx_gz/models/roboboat01/materials/textures/Thruster_Roughness.png
[1.730s] -- Up-to-date: /home/mrxiuer/project/毕设/demo/src/install/share/vrx_gz/models/roboboat01/materials/textures/Boat01_Normal.png
[1.731s] -- Up-to-date: /home/mrxiuer/project/毕设/demo/src/install/share/vrx_gz/models/roboboat01/materials/textures/Boat01_Roughness.png
[1.731s] -- Up-to-date: /home/mrxiuer/project/毕设/demo/src/install/share/vrx_gz/models/roboboat01/materials/textures/Thruster_Albedo.png
[1.731s] -- Up-to-date: /home/mrxiuer/project/毕设/demo/src/install/share/vrx_gz/models/roboboat01/materials/textures/Boat01_Albedo.png
[1.731s] -- Up-to-date: /home/mrxiuer/project/毕设/demo/src/install/share/vrx_gz/models/roboboat01/model.sdf
[1.731s] -- Up-to-date: /home/mrxiuer/project/毕设/demo/src/install/share/vrx_gz/models/robotx_light_buoy_bgr
[1.732s] -- Up-to-date: /home/mrxiuer/project/毕设/demo/src/install/share/vrx_gz/models/robotx_light_buoy_bgr/model.config
[1.732s] -- Up-to-date: /home/mrxiuer/project/毕设/demo/src/install/share/vrx_gz/models/robotx_light_buoy_bgr/model.sdf
[1.732s] -- Up-to-date: /home/mrxiuer/project/毕设/demo/src/install/share/vrx_gz/worlds
[1.732s] -- Up-to-date: /home/mrxiuer/project/毕设/demo/src/install/share/vrx_gz/worlds/gymkhana_task.sdf
[1.732s] -- Up-to-date: /home/mrxiuer/project/毕设/demo/src/install/share/vrx_gz/worlds/perception_task.sdf
[1.732s] -- Up-to-date: /home/mrxiuer/project/毕设/demo/src/install/share/vrx_gz/worlds/scan_dock_deliver_task.sdf
[1.732s] -- Up-to-date: /home/mrxiuer/project/毕设/demo/src/install/share/vrx_gz/worlds/follow_path_task.sdf
[1.732s] -- Up-to-date: /home/mrxiuer/project/毕设/demo/src/install/share/vrx_gz/worlds/sydney_regatta.sdf
[1.732s] -- Up-to-date: /home/mrxiuer/project/毕设/demo/src/install/share/vrx_gz/worlds/stationkeeping_task.sdf
[1.732s] -- Up-to-date: /home/mrxiuer/project/毕设/demo/src/install/share/vrx_gz/worlds/2023_practice
[1.732s] -- Up-to-date: /home/mrxiuer/project/毕设/demo/src/install/share/vrx_gz/worlds/2023_practice/practice_2023_perception1_task.sdf
[1.732s] -- Up-to-date: /home/mrxiuer/project/毕设/demo/src/install/share/vrx_gz/worlds/2023_practice/practice_2023_acoustic_perception1_task.sdf
[1.732s] -- Up-to-date: /home/mrxiuer/project/毕设/demo/src/install/share/vrx_gz/worlds/2023_practice/practice_2023_wildlife1_task.sdf
[1.732s] -- Up-to-date: /home/mrxiuer/project/毕设/demo/src/install/share/vrx_gz/worlds/2023_practice/practice_2023_follow_path1_task.sdf
[1.732s] -- Up-to-date: /home/mrxiuer/project/毕设/demo/src/install/share/vrx_gz/worlds/2023_practice/practice_2023_stationkeeping0_task.sdf
[1.732s] -- Up-to-date: /home/mrxiuer/project/毕设/demo/src/install/share/vrx_gz/worlds/2023_practice/practice_2023_scan_dock_deliver0_task.sdf
[1.732s] -- Up-to-date: /home/mrxiuer/project/毕设/demo/src/install/share/vrx_gz/worlds/2023_practice/practice_2023_wildlife2_task.sdf
[1.733s] -- Up-to-date: /home/mrxiuer/project/毕设/demo/src/install/share/vrx_gz/worlds/2023_practice/practice_2023_acoustic_tracking2_task.sdf
[1.733s] -- Up-to-date: /home/mrxiuer/project/毕设/demo/src/install/share/vrx_gz/worlds/2023_practice/practice_2023_scan_dock_deliver1_task.sdf
[1.733s] -- Up-to-date: /home/mrxiuer/project/毕设/demo/src/install/share/vrx_gz/worlds/2023_practice/practice_2023_perception0_task.sdf
[1.733s] -- Up-to-date: /home/mrxiuer/project/毕设/demo/src/install/share/vrx_gz/worlds/2023_practice/practice_2023_follow_path0_task.sdf
[1.733s] -- Up-to-date: /home/mrxiuer/project/毕设/demo/src/install/share/vrx_gz/worlds/2023_practice/practice_2023_acoustic_perception0_task.sdf
[1.733s] -- Up-to-date: /home/mrxiuer/project/毕设/demo/src/install/share/vrx_gz/worlds/2023_practice/practice_2023_acoustic_tracking1_task.sdf
[1.733s] -- Up-to-date: /home/mrxiuer/project/毕设/demo/src/install/share/vrx_gz/worlds/2023_practice/practice_2023_acoustic_tracking0_task.sdf
[1.733s] -- Up-to-date: /home/mrxiuer/project/毕设/demo/src/install/share/vrx_gz/worlds/2023_practice/practice_2023_wayfinding1_task.sdf
[1.733s] -- Up-to-date: /home/mrxiuer/project/毕设/demo/src/install/share/vrx_gz/worlds/2023_practice/practice_2023_stationkeeping2_task.sdf
[1.733s] -- Up-to-date: /home/mrxiuer/project/毕设/demo/src/install/share/vrx_gz/worlds/2023_practice/practice_2023_scan_dock_deliver2_task.sdf
[1.733s] -- Up-to-date: /home/mrxiuer/project/毕设/demo/src/install/share/vrx_gz/worlds/2023_practice/practice_2023_wayfinding0_task.sdf
[1.733s] -- Up-to-date: /home/mrxiuer/project/毕设/demo/src/install/share/vrx_gz/worlds/2023_practice/practice_2023_follow_path2_task.sdf
[1.733s] -- Up-to-date: /home/mrxiuer/project/毕设/demo/src/install/share/vrx_gz/worlds/2023_practice/practice_2023_acoustic_perception2_task.sdf
[1.733s] -- Up-to-date: /home/mrxiuer/project/毕设/demo/src/install/share/vrx_gz/worlds/2023_practice/practice_2023_stationkeeping1_task.sdf
[1.733s] -- Up-to-date: /home/mrxiuer/project/毕设/demo/src/install/share/vrx_gz/worlds/2023_practice/practice_2023_wildlife0_task.sdf
[1.733s] -- Up-to-date: /home/mrxiuer/project/毕设/demo/src/install/share/vrx_gz/worlds/2023_practice/practice_2023_perception2_task.sdf
[1.733s] -- Up-to-date: /home/mrxiuer/project/毕设/demo/src/install/share/vrx_gz/worlds/2023_practice/practice_2023_wayfinding2_task.sdf
[1.734s] -- Up-to-date: /home/mrxiuer/project/毕设/demo/src/install/share/vrx_gz/worlds/navigation_task.sdf
[1.734s] -- Up-to-date: /home/mrxiuer/project/毕设/demo/src/install/share/vrx_gz/worlds/wildlife_task.sdf
[1.734s] -- Up-to-date: /home/mrxiuer/project/毕设/demo/src/install/share/vrx_gz/worlds/acoustic_perception_task.sdf
[1.734s] -- Installing: /home/mrxiuer/project/毕设/demo/src/install/share/vrx_gz/worlds/wayfinding_task.sdf
[1.734s] -- Up-to-date: /home/mrxiuer/project/毕设/demo/src/install/share/vrx_gz/worlds/nbpark.sdf
[1.734s] -- Up-to-date: /home/mrxiuer/project/毕设/demo/src/install/share/vrx_gz/worlds/acoustic_tracking_task.sdf
[1.734s] -- Up-to-date: /home/mrxiuer/project/毕设/demo/src/install/share/ament_index/resource_index/package_run_dependencies/vrx_gz
[1.734s] -- Up-to-date: /home/mrxiuer/project/毕设/demo/src/install/share/ament_index/resource_index/parent_prefix_path/vrx_gz
[1.734s] -- Up-to-date: /home/mrxiuer/project/毕设/demo/src/install/share/vrx_gz/environment/ament_prefix_path.sh
[1.734s] -- Installing: /home/mrxiuer/project/毕设/demo/src/install/share/vrx_gz/environment/ament_prefix_path.dsv
[1.734s] -- Up-to-date: /home/mrxiuer/project/毕设/demo/src/install/share/vrx_gz/environment/path.sh
[1.734s] -- Installing: /home/mrxiuer/project/毕设/demo/src/install/share/vrx_gz/environment/path.dsv
[1.734s] -- Up-to-date: /home/mrxiuer/project/毕设/demo/src/install/share/vrx_gz/local_setup.bash
[1.734s] -- Up-to-date: /home/mrxiuer/project/毕设/demo/src/install/share/vrx_gz/local_setup.sh
[1.734s] -- Up-to-date: /home/mrxiuer/project/毕设/demo/src/install/share/vrx_gz/local_setup.zsh
[1.734s] -- Installing: /home/mrxiuer/project/毕设/demo/src/install/share/vrx_gz/local_setup.dsv
[1.734s] -- Installing: /home/mrxiuer/project/毕设/demo/src/install/share/vrx_gz/package.dsv
[1.734s] -- Up-to-date: /home/mrxiuer/project/毕设/demo/src/install/share/ament_index/resource_index/packages/vrx_gz
[1.734s] -- Up-to-date: /home/mrxiuer/project/毕设/demo/src/install/share/vrx_gz/cmake/vrx_gzConfig.cmake
[1.734s] -- Up-to-date: /home/mrxiuer/project/毕设/demo/src/install/share/vrx_gz/cmake/vrx_gzConfig-version.cmake
[1.735s] -- Up-to-date: /home/mrxiuer/project/毕设/demo/src/install/share/vrx_gz/package.xml
[1.735s] Invoked command in '/home/mrxiuer/project/毕设/demo/src/build/vrx_gz' returned '0': CMAKE_PREFIX_PATH=${CMAKE_PREFIX_PATH}:/opt/ros/humble LD_LIBRARY_PATH=/home/mrxiuer/project/毕设/demo/src/install/lib:/usr/local/lib:/opt/ros/humble/opt/rviz_ogre_vendor/lib:/opt/ros/humble/lib/x86_64-linux-gnu:/opt/ros/humble/lib /usr/bin/cmake --install /home/mrxiuer/project/毕设/demo/src/build/vrx_gz
