[0.007s] Invoking command in '/home/mrxiuer/project/毕设/demo/src/build/vrx_gz': AMENT_PREFIX_PATH=/home/mrxiuer/project/毕设/demo/src/install:${AMENT_PREFIX_PATH} CMAKE_PREFIX_PATH=/home/mrxiuer/project/毕设/demo/src/install:/opt/ros/humble /usr/bin/cmake /home/mrxiuer/project/毕设/demo/src/vrx/vrx_gz -DCMAKE_INSTALL_PREFIX=/home/mrxiuer/project/毕设/demo/src/install
[0.057s] -- The C compiler identification is GNU 11.4.0
[0.106s] -- The CXX compiler identification is GNU 11.4.0
[0.113s] -- Detecting C compiler ABI info
[0.177s] -- Detecting C compiler ABI info - done
[0.182s] -- Check for working C compiler: /usr/bin/cc - skipped
[0.182s] -- Detecting C compile features
[0.182s] -- Detecting C compile features - done
[0.185s] -- Detecting CXX compiler ABI info
[0.256s] -- Detecting CXX compiler ABI info - done
[0.262s] -- Check for working CXX compiler: /usr/bin/c++ - skipped
[0.262s] -- Detecting CXX compile features
[0.262s] -- Detecting CXX compile features - done
[0.265s] -- Found ament_cmake: 1.3.11 (/opt/ros/humble/share/ament_cmake/cmake)
[0.385s] -- Found Python3: /usr/bin/python3 (found version "3.10.12") found components: Interpreter 
[0.457s] -- Looking for gz-sim7 -- found version 7.9.0
[0.463s] -- Searching for dependencies of gz-sim7
[0.465s] -- Looking for sdformat13 -- found version 13.9.0
[0.465s] -- Searching for dependencies of sdformat13
[0.470s] -- Checking for module 'tinyxml2'
[0.483s] --   Found tinyxml2, version 9.0.0
[0.525s] -- Looking for gz-math7 -- found version 7.5.1
[0.525s] -- Searching for dependencies of gz-math7
[0.527s] -- Looking for gz-utils2 -- found version 2.2.1
[0.528s] -- Searching for dependencies of gz-utils2
[0.529s] -- Looking for gz-utils2 -- found version 2.2.1
[0.529s] -- Searching for dependencies of gz-utils2
[0.529s] -- Searching for <gz-utils2> component [cli]
[0.531s] -- Looking for gz-utils2-cli -- found version 2.2.1
[0.532s] -- Searching for dependencies of gz-utils2-cli
[0.534s] -- Looking for gz-plugin2 -- found version 2.0.4
[0.535s] -- Searching for dependencies of gz-plugin2
[0.535s] -- Looking for gz-utils2 -- found version 2.2.1
[0.535s] -- Searching for <gz-plugin2> component [loader]
[0.537s] -- Looking for gz-plugin2-loader -- found version 2.0.4
[0.538s] -- Searching for dependencies of gz-plugin2-loader
[0.538s] -- Searching for <gz-plugin2> component [register]
[0.540s] -- Looking for gz-plugin2-register -- found version 2.0.4
[0.541s] -- Searching for dependencies of gz-plugin2-register
[0.543s] -- Looking for gz-transport12 -- found version 12.2.2
[0.543s] -- Searching for dependencies of gz-transport12
[0.708s] -- Found Protobuf: /usr/lib/x86_64-linux-gnu/libprotobuf.so (found version "3.12.4") 
[0.721s] -- Config-file not installed for ZeroMQ -- checking for pkg-config
[0.725s] -- Checking for module 'libzmq >= 4'
[0.740s] --   Found libzmq , version 4.3.4
[0.780s] -- Found ZeroMQ: TRUE (Required is at least version "4") 
[0.785s] -- Checking for module 'uuid'
[0.800s] --   Found uuid, version 2.37.2
[0.837s] -- Found UUID: TRUE  
[0.838s] -- Looking for gz-utils2 -- found version 2.2.1
[0.840s] -- Looking for gz-msgs9 -- found version 9.5.1
[0.840s] -- Searching for dependencies of gz-msgs9
[0.860s] -- Looking for gz-math7 -- found version 7.5.1
[0.866s] -- Searching for <gz-transport12> component [log]
[0.868s] -- Looking for gz-transport12-log -- found version 12.2.2
[0.869s] -- Searching for dependencies of gz-transport12-log
[0.869s] -- Searching for <gz-transport12> component [parameters]
[0.871s] -- Looking for gz-transport12-parameters -- found version 12.2.2
[0.872s] -- Searching for dependencies of gz-transport12-parameters
[0.872s] -- Looking for gz-msgs9 -- found version 9.5.1
[0.874s] -- Looking for gz-common5 -- found version 5.7.1
[0.875s] -- Searching for dependencies of gz-common5
[0.875s] -- Looking for gz-utils2 -- found version 2.2.1
[0.875s] -- Looking for dlfcn.h - found
[0.877s] -- Looking for libdl - found
[0.878s] -- Found DL: TRUE  
[0.884s] -- Searching for <gz-common5> component [profiler]
[0.886s] -- Looking for gz-common5-profiler -- found version 5.7.1
[0.886s] -- Searching for dependencies of gz-common5-profiler
[0.886s] -- Searching for <gz-common5> component [events]
[0.889s] -- Looking for gz-common5-events -- found version 5.7.1
[0.889s] -- Searching for dependencies of gz-common5-events
[0.889s] -- Looking for gz-math7 -- found version 7.5.1
[0.890s] -- Searching for <gz-common5> component [av]
[0.892s] -- Looking for gz-common5-av -- found version 5.7.1
[0.892s] -- Searching for dependencies of gz-common5-av
[0.897s] -- Checking for module 'libswscale'
[0.911s] --   Found libswscale, version 5.9.100
[0.950s] -- Found SWSCALE: TRUE  
[0.955s] -- Checking for module 'libavdevice >= 56.4.100'
[0.970s] --   Found libavdevice , version 58.13.100
[1.012s] -- Found AVDEVICE: TRUE (Required is at least version "56.4.100") 
[1.017s] -- Checking for module 'libavformat'
[1.031s] --   Found libavformat, version 58.76.100
[1.071s] -- Found AVFORMAT: TRUE  
[1.076s] -- Checking for module 'libavcodec'
[1.090s] --   Found libavcodec, version 58.134.100
[1.129s] -- Found AVCODEC: TRUE  
[1.134s] -- Checking for module 'libavutil'
[1.149s] --   Found libavutil, version 56.70.100
[1.186s] -- Found AVUTIL: TRUE  
[1.187s] -- Searching for <gz-common5> component [io]
[1.189s] -- Looking for gz-common5-io -- found version 5.7.1
[1.189s] -- Searching for dependencies of gz-common5-io
[1.192s] -- Looking for gz-fuel_tools8 -- found version 8.2.0
[1.192s] -- Searching for dependencies of gz-fuel_tools8
[1.280s] -- Found CURL: /usr/lib/x86_64-linux-gnu/libcurl.so (found version "7.81.0")  
[1.288s] -- Checking for module 'jsoncpp'
[1.302s] --   Found jsoncpp, version 1.9.5
[1.340s] -- Found JSONCPP: TRUE  
[1.346s] -- Checking for module 'libzip'
[1.360s] --   Found libzip, version 1.7.3
[1.399s] -- Found ZIP: TRUE  
[1.399s] -- Looking for gz-utils2 -- found version 2.2.1
[1.400s] -- Looking for gz-common5 -- found version 5.7.1
[1.400s] -- Searching for dependencies of gz-common5
[1.400s] -- Looking for gz-utils2 -- found version 2.2.1
[1.400s] -- Looking for dlfcn.h - found
[1.400s] -- Looking for libdl - found
[1.407s] -- Searching for <gz-common5> component [testing]
[1.409s] -- Looking for gz-common5-testing -- found version 5.7.1
[1.410s] -- Searching for dependencies of gz-common5-testing
[1.410s] -- Looking for gz-math7 -- found version 7.5.1
[1.411s] -- Looking for gz-msgs9 -- found version 9.5.1
[1.413s] -- Looking for gz-gui7 -- found version 7.2.2
[1.413s] -- Searching for dependencies of gz-gui7
[1.439s] -- Looking for gz-utils2 -- found version 2.2.1
[1.439s] -- Looking for gz-math7 -- found version 7.5.1
[1.440s] -- Looking for gz-common5 -- found version 5.7.1
[1.440s] -- Looking for gz-plugin2 -- found version 2.0.4
[1.441s] -- Looking for gz-transport12 -- found version 12.2.2
[1.443s] -- Looking for gz-rendering7 -- found version 7.5.0
[1.443s] -- Searching for dependencies of gz-rendering7
[1.443s] -- Looking for gz-math7 -- found version 7.5.1
[1.444s] -- Searching for dependencies of gz-math7
[1.444s] -- Looking for gz-utils2 -- found version 2.2.1
[1.444s] -- Searching for <gz-math7> component [eigen3]
[1.446s] -- Looking for gz-math7-eigen3 -- found version 7.5.1
[1.447s] -- Searching for dependencies of gz-math7-eigen3
[1.464s] -- Looking for gz-common5 -- found version 5.7.1
[1.464s] -- Searching for dependencies of gz-common5
[1.465s] -- Looking for gz-utils2 -- found version 2.2.1
[1.465s] -- Looking for dlfcn.h - found
[1.465s] -- Looking for libdl - found
[1.472s] -- Searching for <gz-common5> component [graphics]
[1.474s] -- Looking for gz-common5-graphics -- found version 5.7.1
[1.474s] -- Searching for dependencies of gz-common5-graphics
[1.475s] -- Looking for gz-math7 -- found version 7.5.1
[1.480s] -- Found GzAssimp: TRUE (found version "5.2.0") 
[1.480s] -- Searching for <gz-common5> component [events]
[1.481s] -- Searching for <gz-common5> component [geospatial]
[1.483s] -- Looking for gz-common5-geospatial -- found version 5.7.1
[1.483s] -- Searching for dependencies of gz-common5-geospatial
[1.484s] -- Looking for gz-math7 -- found version 7.5.1
[1.484s] -- Looking for gz-common5 -- found version 5.7.1
[1.485s] -- Looking for gz-plugin2 -- found version 2.0.4
[1.485s] -- Searching for dependencies of gz-plugin2
[1.485s] -- Looking for gz-utils2 -- found version 2.2.1
[1.485s] -- Searching for <gz-plugin2> component [all]
[1.488s] -- Looking for all libraries of gz-plugin2 -- found version 2.0.4
[1.488s] -- Looking for gz-plugin2 -- found version 2.0.4
[1.489s] -- Looking for gz-utils2 -- found version 2.2.1
[1.494s] -- Found OpenGL: /usr/lib/x86_64-linux-gnu/libOpenGL.so  found components: OpenGL 
[1.494s] -- Looking for gz-msgs9 -- found version 9.5.1
[1.511s] -- Looking for gz-physics6 -- found version 6.7.0
[1.512s] -- Searching for dependencies of gz-physics6
[1.512s] -- Looking for gz-common5 -- found version 5.7.1
[1.512s] -- Looking for gz-math7 -- found version 7.5.1
[1.512s] -- Looking for gz-plugin2 -- found version 2.0.4
[1.513s] -- Looking for gz-utils2 -- found version 2.2.1
[1.514s] -- Searching for <gz-physics6> component [heightmap]
[1.516s] -- Looking for gz-physics6-heightmap -- found version 6.7.0
[1.516s] -- Searching for dependencies of gz-physics6-heightmap
[1.516s] -- Looking for gz-common5 -- found version 5.7.1
[1.517s] -- Searching for <gz-physics6> component [mesh]
[1.519s] -- Looking for gz-physics6-mesh -- found version 6.7.0
[1.519s] -- Searching for dependencies of gz-physics6-mesh
[1.519s] -- Looking for gz-common5 -- found version 5.7.1
[1.520s] -- Searching for <gz-physics6> component [sdf]
[1.522s] -- Looking for gz-physics6-sdf -- found version 6.7.0
[1.522s] -- Searching for dependencies of gz-physics6-sdf
[1.522s] -- Looking for sdformat13 -- found version 13.9.0
[1.525s] -- Looking for gz-sensors7 -- found version 7.3.1
[1.525s] -- Searching for dependencies of gz-sensors7
[1.545s] -- Looking for gz-math7 -- found version 7.5.1
[1.545s] -- Looking for gz-common5 -- found version 5.7.1
[1.545s] -- Looking for gz-transport12 -- found version 12.2.2
[1.546s] -- Looking for gz-rendering7 -- found version 7.5.0
[1.546s] -- Looking for gz-msgs9 -- found version 9.5.1
[1.546s] -- Looking for sdformat13 -- found version 13.9.0
[1.547s] -- Searching for <gz-sensors7> component [air_pressure]
[1.549s] -- Looking for gz-sensors7-air_pressure -- found version 7.3.1
[1.549s] -- Searching for dependencies of gz-sensors7-air_pressure
[1.550s] -- Searching for <gz-sensors7> component [air_speed]
[1.552s] -- Looking for gz-sensors7-air_speed -- found version 7.3.1
[1.552s] -- Searching for dependencies of gz-sensors7-air_speed
[1.553s] -- Searching for <gz-sensors7> component [altimeter]
[1.555s] -- Looking for gz-sensors7-altimeter -- found version 7.3.1
[1.555s] -- Searching for dependencies of gz-sensors7-altimeter
[1.555s] -- Searching for <gz-sensors7> component [imu]
[1.558s] -- Looking for gz-sensors7-imu -- found version 7.3.1
[1.558s] -- Searching for dependencies of gz-sensors7-imu
[1.558s] -- Searching for <gz-sensors7> component [force_torque]
[1.560s] -- Looking for gz-sensors7-force_torque -- found version 7.3.1
[1.561s] -- Searching for dependencies of gz-sensors7-force_torque
[1.561s] -- Searching for <gz-sensors7> component [logical_camera]
[1.563s] -- Looking for gz-sensors7-logical_camera -- found version 7.3.1
[1.564s] -- Searching for dependencies of gz-sensors7-logical_camera
[1.564s] -- Searching for <gz-sensors7> component [magnetometer]
[1.566s] -- Looking for gz-sensors7-magnetometer -- found version 7.3.1
[1.567s] -- Searching for dependencies of gz-sensors7-magnetometer
[1.567s] -- Searching for <gz-sensors7> component [navsat]
[1.569s] -- Looking for gz-sensors7-navsat -- found version 7.3.1
[1.570s] -- Searching for dependencies of gz-sensors7-navsat
[1.570s] -- Searching for <gz-sensors7> component [rendering]
[1.572s] -- Looking for gz-sensors7-rendering -- found version 7.3.1
[1.573s] -- Searching for dependencies of gz-sensors7-rendering
[1.573s] -- Searching for <gz-sensors7> component [lidar]
[1.575s] -- Looking for gz-sensors7-lidar -- found version 7.3.1
[1.575s] -- Searching for dependencies of gz-sensors7-lidar
[1.576s] -- Looking for gz-sensors7 -- found version 7.3.1
[1.576s] -- Searching for <gz-sensors7> component [gpu_lidar]
[1.578s] -- Looking for gz-sensors7-gpu_lidar -- found version 7.3.1
[1.579s] -- Searching for dependencies of gz-sensors7-gpu_lidar
[1.579s] -- Looking for gz-sensors7 -- found version 7.3.1
[1.579s] -- Searching for <gz-sensors7> component [camera]
[1.581s] -- Looking for gz-sensors7-camera -- found version 7.3.1
[1.582s] -- Searching for dependencies of gz-sensors7-camera
[1.582s] -- Looking for gz-sensors7 -- found version 7.3.1
[1.582s] -- Searching for <gz-sensors7> component [boundingbox_camera]
[1.585s] -- Looking for gz-sensors7-boundingbox_camera -- found version 7.3.1
[1.585s] -- Searching for dependencies of gz-sensors7-boundingbox_camera
[1.585s] -- Searching for <gz-sensors7> component [segmentation_camera]
[1.587s] -- Looking for gz-sensors7-segmentation_camera -- found version 7.3.1
[1.588s] -- Searching for dependencies of gz-sensors7-segmentation_camera
[1.588s] -- Searching for <gz-sensors7> component [depth_camera]
[1.590s] -- Looking for gz-sensors7-depth_camera -- found version 7.3.1
[1.591s] -- Searching for dependencies of gz-sensors7-depth_camera
[1.591s] -- Looking for gz-sensors7 -- found version 7.3.1
[1.591s] -- Searching for <gz-sensors7> component [rgbd_camera]
[1.594s] -- Looking for gz-sensors7-rgbd_camera -- found version 7.3.1
[1.594s] -- Searching for dependencies of gz-sensors7-rgbd_camera
[1.594s] -- Looking for gz-sensors7 -- found version 7.3.1
[1.594s] -- Searching for <gz-sensors7> component [thermal_camera]
[1.597s] -- Looking for gz-sensors7-thermal_camera -- found version 7.3.1
[1.597s] -- Searching for dependencies of gz-sensors7-thermal_camera
[1.597s] -- Looking for gz-sensors7 -- found version 7.3.1
[1.598s] -- Searching for <gz-sensors7> component [wide_angle_camera]
[1.600s] -- Looking for gz-sensors7-wide_angle_camera -- found version 7.3.1
[1.600s] -- Searching for dependencies of gz-sensors7-wide_angle_camera
[1.601s] -- Looking for gz-rendering7 -- found version 7.5.0
[1.601s] -- Looking for gz-math7 -- found version 7.5.1
[1.601s] -- Looking for gz-utils2 -- found version 2.2.1
[1.623s] -- Looking for gz-common5 -- found version 5.7.1
[1.624s] -- Looking for gz-fuel_tools8 -- found version 8.2.0
[1.624s] -- Looking for gz-math7 -- found version 7.5.1
[1.624s] -- Looking for gz-msgs9 -- found version 9.5.1
[1.625s] -- Looking for gz-transport12 -- found version 12.2.2
[1.625s] -- Looking for gz-plugin2 -- found version 2.0.4
[1.625s] -- Looking for gz-rendering7 -- found version 7.5.0
[1.626s] -- Looking for gz-sensors7 -- found version 7.3.1
[1.626s] -- Looking for gz-utils2 -- found version 2.2.1
[1.626s] -- Looking for sdformat13 -- found version 13.9.0
[1.628s] -- Found std_msgs: 4.2.4 (/opt/ros/humble/share/std_msgs/cmake)
[1.652s] -- Found rosidl_generator_c: 3.1.6 (/opt/ros/humble/share/rosidl_generator_c/cmake)
[1.661s] -- Found rosidl_adapter: 3.1.6 (/opt/ros/humble/share/rosidl_adapter/cmake)
[1.663s] -- Found rosidl_generator_cpp: 3.1.6 (/opt/ros/humble/share/rosidl_generator_cpp/cmake)
[1.673s] -- Using all available rosidl_typesupport_c: rosidl_typesupport_fastrtps_c;rosidl_typesupport_introspection_c
[1.687s] -- Using all available rosidl_typesupport_cpp: rosidl_typesupport_fastrtps_cpp;rosidl_typesupport_introspection_cpp
[1.819s] -- Configuring done
[1.904s] -- Generating done
[1.920s] -- Build files have been written to: /home/mrxiuer/project/毕设/demo/src/build/vrx_gz
[1.933s] Invoked command in '/home/mrxiuer/project/毕设/demo/src/build/vrx_gz' returned '0': AMENT_PREFIX_PATH=/home/mrxiuer/project/毕设/demo/src/install:${AMENT_PREFIX_PATH} CMAKE_PREFIX_PATH=/home/mrxiuer/project/毕设/demo/src/install:/opt/ros/humble /usr/bin/cmake /home/mrxiuer/project/毕设/demo/src/vrx/vrx_gz -DCMAKE_INSTALL_PREFIX=/home/mrxiuer/project/毕设/demo/src/install
[1.934s] Invoking command in '/home/mrxiuer/project/毕设/demo/src/build/vrx_gz': AMENT_PREFIX_PATH=/home/mrxiuer/project/毕设/demo/src/install:${AMENT_PREFIX_PATH} CMAKE_PREFIX_PATH=/home/mrxiuer/project/毕设/demo/src/install:/opt/ros/humble /usr/bin/cmake --build /home/mrxiuer/project/毕设/demo/src/build/vrx_gz -- -j16 -l16
[1.982s] [  2%] [32mBuilding CXX object CMakeFiles/ScoringPlugin.dir/src/ScoringPlugin.cc.o[0m
[1.982s] [  4%] [32mBuilding CXX object CMakeFiles/Waves.dir/src/Wavefield.cc.o[0m
[1.990s] [  4%] Built target ament_cmake_python_copy_vrx_gz
[2.198s] running egg_info
[2.199s] creating vrx_gz.egg-info
[2.199s] writing vrx_gz.egg-info/PKG-INFO
[2.199s] writing dependency_links to vrx_gz.egg-info/dependency_links.txt
[2.199s] writing top-level names to vrx_gz.egg-info/top_level.txt
[2.199s] writing manifest file 'vrx_gz.egg-info/SOURCES.txt'
[2.201s] reading manifest file 'vrx_gz.egg-info/SOURCES.txt'
[2.201s] writing manifest file 'vrx_gz.egg-info/SOURCES.txt'
[2.226s] [  4%] Built target ament_cmake_python_build_vrx_gz_egg
[4.772s] [  6%] [32m[1mLinking CXX shared library libWaves.so[0m
[4.969s] [  6%] Built target Waves
[4.990s] [ 12%] [32mBuilding CXX object CMakeFiles/PolyhedraBuoyancyDrag.dir/src/PolyhedraBuoyancyDrag.cc.o[0m
[4.990s] [ 12%] [32mBuilding CXX object CMakeFiles/PolyhedraBuoyancyDrag.dir/src/PolyhedronVolume.cc.o[0m
[4.990s] [ 12%] [32mBuilding CXX object CMakeFiles/PolyhedraBuoyancyDrag.dir/src/ShapeVolume.cc.o[0m
[5.848s] [ 14%] [32m[1mLinking CXX shared library libScoringPlugin.so[0m
[6.074s] [ 14%] Built target ScoringPlugin
[6.101s] [ 31%] [32mBuilding CXX object CMakeFiles/AcousticPingerPlugin.dir/src/AcousticPingerPlugin.cc.o[0m
[6.101s] [ 31%] [32mBuilding CXX object CMakeFiles/StationkeepingScoringPlugin.dir/src/StationkeepingScoringPlugin.cc.o[0m
[6.101s] [ 31%] [32mBuilding CXX object CMakeFiles/WayfindingScoringPlugin.dir/src/WayfindingScoringPlugin.cc.o[0m
[6.101s] [ 31%] [32mBuilding CXX object CMakeFiles/NavigationScoringPlugin.dir/src/NavigationScoringPlugin.cc.o[0m
[6.101s] [ 31%] [32mBuilding CXX object CMakeFiles/AcousticTrackingScoringPlugin.dir/src/AcousticTrackingScoringPlugin.cc.o[0m
[6.101s] [ 31%] [32mBuilding CXX object CMakeFiles/AcousticPerceptionScoringPlugin.dir/src/AcousticPerceptionScoringPlugin.cc.o[0m
[6.101s] [ 31%] [32mBuilding CXX object CMakeFiles/LightBuoyPlugin.dir/src/LightBuoyPlugin.cc.o[0m
[6.102s] [ 31%] [32mBuilding CXX object CMakeFiles/GymkhanaScoringPlugin.dir/src/GymkhanaScoringPlugin.cc.o[0m
[6.102s] [ 37%] [32mBuilding CXX object CMakeFiles/PublisherPlugin.dir/src/PublisherPlugin.cc.o[0m
[6.102s] [ 37%] [32mBuilding CXX object CMakeFiles/BallShooterPlugin.dir/src/BallShooterPlugin.cc.o[0m
[6.102s] [ 35%] [32mBuilding CXX object CMakeFiles/ScanDockScoringPlugin.dir/src/ScanDockScoringPlugin.cc.o[0m
[6.104s] [ 41%] [32mBuilding CXX object CMakeFiles/PlacardPlugin.dir/src/PlacardPlugin.cc.o[0m
[6.105s] [ 41%] [32mBuilding CXX object CMakeFiles/PerceptionScoringPlugin.dir/src/PerceptionScoringPlugin.cc.o[0m
[6.114s] [ 43%] [32mBuilding CXX object CMakeFiles/SimpleHydrodynamics.dir/src/SimpleHydrodynamics.cc.o[0m
[6.484s] [ 45%] [32mBuilding CXX object CMakeFiles/AcousticPerceptionScoringPlugin.dir/src/WaypointMarkers.cc.o[0m
[10.877s] [ 47%] [32m[1mLinking CXX shared library libPublisherPlugin.so[0m
[11.263s] [ 47%] Built target PublisherPlugin
[11.278s] [ 50%] [32mBuilding CXX object CMakeFiles/StationkeepingScoringPlugin.dir/src/WaypointMarkers.cc.o[0m
[11.459s] [ 52%] [32m[1mLinking CXX shared library libLightBuoyPlugin.so[0m
[11.860s] [ 52%] Built target LightBuoyPlugin
[11.877s] [ 54%] [32mBuilding CXX object CMakeFiles/WayfindingScoringPlugin.dir/src/WaypointMarkers.cc.o[0m
[12.603s] [ 56%] [32m[1mLinking CXX shared library libGymkhanaScoringPlugin.so[0m
[12.749s] [ 58%] [32m[1mLinking CXX shared library libSimpleHydrodynamics.so[0m
[12.897s] [ 60%] [32m[1mLinking CXX shared library libPolyhedraBuoyancyDrag.so[0m
[12.916s] [ 62%] [32m[1mLinking CXX shared library libPlacardPlugin.so[0m
[13.115s] [ 62%] Built target GymkhanaScoringPlugin
[13.129s] [ 64%] [32mBuilding CXX object CMakeFiles/AcousticTrackingScoringPlugin.dir/src/WaypointMarkers.cc.o[0m
[13.134s] [ 64%] Built target SimpleHydrodynamics
[13.168s] [ 66%] [32mBuilding CXX object CMakeFiles/Surface.dir/src/Surface.cc.o[0m
[13.316s] [ 68%] [32mBuilding CXX object CMakeFiles/USVWind.dir/src/USVWind.cc.o[0m
[13.418s] [ 68%] Built target PolyhedraBuoyancyDrag
[13.452s] [ 70%] [32mBuilding CXX object CMakeFiles/WaveVisual.dir/src/WaveVisual.cc.o[0m
[13.470s] [ 70%] Built target PlacardPlugin
[13.485s] [ 72%] [32m[1mLinking CXX shared library libPerceptionScoringPlugin.so[0m
[13.503s] [ 75%] [32mBuilding CXX object CMakeFiles/WildlifeScoringPlugin.dir/src/WildlifeScoringPlugin.cc.o[0m
[13.829s] [ 77%] [32m[1mLinking CXX shared library libAcousticPingerPlugin.so[0m
[14.070s] [ 77%] Built target PerceptionScoringPlugin
[14.377s] [ 77%] Built target AcousticPingerPlugin
[15.143s] [ 79%] [32m[1mLinking CXX shared library libAcousticPerceptionScoringPlugin.so[0m
[15.618s] [ 81%] [32m[1mLinking CXX shared library libNavigationScoringPlugin.so[0m
[15.699s] [ 81%] Built target AcousticPerceptionScoringPlugin
[16.049s] [ 81%] Built target NavigationScoringPlugin
[16.167s] [ 83%] [32m[1mLinking CXX shared library libBallShooterPlugin.so[0m
[16.358s] [ 85%] [32m[1mLinking CXX shared library libScanDockScoringPlugin.so[0m
[16.509s] [ 85%] Built target BallShooterPlugin
[16.747s] [ 85%] Built target ScanDockScoringPlugin
[17.157s] [ 87%] [32m[1mLinking CXX shared library libStationkeepingScoringPlugin.so[0m
[17.482s] [ 87%] Built target StationkeepingScoringPlugin
[17.616s] [ 89%] [32m[1mLinking CXX shared library libWayfindingScoringPlugin.so[0m
[17.925s] [ 89%] Built target WayfindingScoringPlugin
[18.172s] [ 91%] [32m[1mLinking CXX shared library libSurface.so[0m
[18.422s] [ 93%] [32m[1mLinking CXX shared library libAcousticTrackingScoringPlugin.so[0m
[18.479s] [ 93%] Built target Surface
[18.758s] [ 93%] Built target AcousticTrackingScoringPlugin
[19.467s] [ 95%] [32m[1mLinking CXX shared library libWildlifeScoringPlugin.so[0m
[19.800s] [ 95%] Built target WildlifeScoringPlugin
[20.179s] [ 97%] [32m[1mLinking CXX shared library libWaveVisual.so[0m
[20.474s] [ 97%] Built target WaveVisual
[20.516s] [100%] [32m[1mLinking CXX shared library libUSVWind.so[0m
[20.786s] [100%] Built target USVWind
[20.799s] Invoked command in '/home/mrxiuer/project/毕设/demo/src/build/vrx_gz' returned '0': AMENT_PREFIX_PATH=/home/mrxiuer/project/毕设/demo/src/install:${AMENT_PREFIX_PATH} CMAKE_PREFIX_PATH=/home/mrxiuer/project/毕设/demo/src/install:/opt/ros/humble /usr/bin/cmake --build /home/mrxiuer/project/毕设/demo/src/build/vrx_gz -- -j16 -l16
[20.801s] Invoking command in '/home/mrxiuer/project/毕设/demo/src/build/vrx_gz': AMENT_PREFIX_PATH=/home/mrxiuer/project/毕设/demo/src/install:${AMENT_PREFIX_PATH} CMAKE_PREFIX_PATH=/home/mrxiuer/project/毕设/demo/src/install:/opt/ros/humble /usr/bin/cmake --install /home/mrxiuer/project/毕设/demo/src/build/vrx_gz
[20.808s] -- Install configuration: ""
[20.808s] -- Installing: /home/mrxiuer/project/毕设/demo/src/install/share/vrx_gz/environment/resource_paths.dsv
[20.808s] -- Installing: /home/mrxiuer/project/毕设/demo/src/install/share/vrx_gz/environment/resource_paths.sh
[20.809s] -- Installing: /home/mrxiuer/project/毕设/demo/src/install/lib/libWaves.so
[20.809s] -- Installing: /home/mrxiuer/project/毕设/demo/src/install/lib/libPolyhedraBuoyancyDrag.so
[20.811s] -- Set runtime path of "/home/mrxiuer/project/毕设/demo/src/install/lib/libPolyhedraBuoyancyDrag.so" to ""
[20.811s] -- Installing: /home/mrxiuer/project/毕设/demo/src/install/lib/libScoringPlugin.so
[20.813s] -- Installing: /home/mrxiuer/project/毕设/demo/src/install/lib/libStationkeepingScoringPlugin.so
[20.815s] -- Set runtime path of "/home/mrxiuer/project/毕设/demo/src/install/lib/libStationkeepingScoringPlugin.so" to ""
[20.815s] -- Installing: /home/mrxiuer/project/毕设/demo/src/install/lib/libWayfindingScoringPlugin.so
[20.818s] -- Set runtime path of "/home/mrxiuer/project/毕设/demo/src/install/lib/libWayfindingScoringPlugin.so" to ""
[20.818s] -- Installing: /home/mrxiuer/project/毕设/demo/src/install/lib/libAcousticPerceptionScoringPlugin.so
[20.820s] -- Set runtime path of "/home/mrxiuer/project/毕设/demo/src/install/lib/libAcousticPerceptionScoringPlugin.so" to ""
[20.820s] -- Installing: /home/mrxiuer/project/毕设/demo/src/install/lib/libAcousticTrackingScoringPlugin.so
[20.822s] -- Set runtime path of "/home/mrxiuer/project/毕设/demo/src/install/lib/libAcousticTrackingScoringPlugin.so" to ""
[20.822s] -- Installing: /home/mrxiuer/project/毕设/demo/src/install/lib/libAcousticPingerPlugin.so
[20.824s] -- Set runtime path of "/home/mrxiuer/project/毕设/demo/src/install/lib/libAcousticPingerPlugin.so" to ""
[20.824s] -- Installing: /home/mrxiuer/project/毕设/demo/src/install/lib/libBallShooterPlugin.so
[20.826s] -- Set runtime path of "/home/mrxiuer/project/毕设/demo/src/install/lib/libBallShooterPlugin.so" to ""
[20.826s] -- Installing: /home/mrxiuer/project/毕设/demo/src/install/lib/libLightBuoyPlugin.so
[20.828s] -- Set runtime path of "/home/mrxiuer/project/毕设/demo/src/install/lib/libLightBuoyPlugin.so" to ""
[20.828s] -- Installing: /home/mrxiuer/project/毕设/demo/src/install/lib/libNavigationScoringPlugin.so
[20.830s] -- Set runtime path of "/home/mrxiuer/project/毕设/demo/src/install/lib/libNavigationScoringPlugin.so" to ""
[20.830s] -- Installing: /home/mrxiuer/project/毕设/demo/src/install/lib/libGymkhanaScoringPlugin.so
[20.831s] -- Set runtime path of "/home/mrxiuer/project/毕设/demo/src/install/lib/libGymkhanaScoringPlugin.so" to ""
[20.831s] -- Installing: /home/mrxiuer/project/毕设/demo/src/install/lib/libPerceptionScoringPlugin.so
[20.833s] -- Set runtime path of "/home/mrxiuer/project/毕设/demo/src/install/lib/libPerceptionScoringPlugin.so" to ""
[20.833s] -- Installing: /home/mrxiuer/project/毕设/demo/src/install/lib/libPlacardPlugin.so
[20.835s] -- Set runtime path of "/home/mrxiuer/project/毕设/demo/src/install/lib/libPlacardPlugin.so" to ""
[20.835s] -- Installing: /home/mrxiuer/project/毕设/demo/src/install/lib/libPublisherPlugin.so
[20.836s] -- Set runtime path of "/home/mrxiuer/project/毕设/demo/src/install/lib/libPublisherPlugin.so" to ""
[20.836s] -- Installing: /home/mrxiuer/project/毕设/demo/src/install/lib/libScanDockScoringPlugin.so
[20.838s] -- Set runtime path of "/home/mrxiuer/project/毕设/demo/src/install/lib/libScanDockScoringPlugin.so" to ""
[20.839s] -- Installing: /home/mrxiuer/project/毕设/demo/src/install/lib/libSimpleHydrodynamics.so
[20.840s] -- Set runtime path of "/home/mrxiuer/project/毕设/demo/src/install/lib/libSimpleHydrodynamics.so" to ""
[20.840s] -- Installing: /home/mrxiuer/project/毕设/demo/src/install/lib/libSurface.so
[20.841s] -- Set runtime path of "/home/mrxiuer/project/毕设/demo/src/install/lib/libSurface.so" to ""
[20.841s] -- Installing: /home/mrxiuer/project/毕设/demo/src/install/lib/libUSVWind.so
[20.843s] -- Set runtime path of "/home/mrxiuer/project/毕设/demo/src/install/lib/libUSVWind.so" to ""
[20.843s] -- Installing: /home/mrxiuer/project/毕设/demo/src/install/lib/libWaveVisual.so
[20.845s] -- Set runtime path of "/home/mrxiuer/project/毕设/demo/src/install/lib/libWaveVisual.so" to ""
[20.845s] -- Installing: /home/mrxiuer/project/毕设/demo/src/install/lib/libWildlifeScoringPlugin.so
[20.847s] -- Set runtime path of "/home/mrxiuer/project/毕设/demo/src/install/lib/libWildlifeScoringPlugin.so" to ""
[20.847s] -- Installing: /home/mrxiuer/project/毕设/demo/src/install/share/vrx_gz/environment/pythonpath.sh
[20.847s] -- Installing: /home/mrxiuer/project/毕设/demo/src/install/share/vrx_gz/environment/pythonpath.dsv
[20.847s] -- Installing: /home/mrxiuer/project/毕设/demo/src/install/local/lib/python3.10/dist-packages/vrx_gz-0.0.0-py3.10.egg-info
[20.847s] -- Installing: /home/mrxiuer/project/毕设/demo/src/install/local/lib/python3.10/dist-packages/vrx_gz-0.0.0-py3.10.egg-info/dependency_links.txt
[20.847s] -- Installing: /home/mrxiuer/project/毕设/demo/src/install/local/lib/python3.10/dist-packages/vrx_gz-0.0.0-py3.10.egg-info/PKG-INFO
[20.847s] -- Installing: /home/mrxiuer/project/毕设/demo/src/install/local/lib/python3.10/dist-packages/vrx_gz-0.0.0-py3.10.egg-info/SOURCES.txt
[20.848s] -- Installing: /home/mrxiuer/project/毕设/demo/src/install/local/lib/python3.10/dist-packages/vrx_gz-0.0.0-py3.10.egg-info/top_level.txt
[20.848s] -- Installing: /home/mrxiuer/project/毕设/demo/src/install/local/lib/python3.10/dist-packages/vrx_gz
[20.848s] -- Installing: /home/mrxiuer/project/毕设/demo/src/install/local/lib/python3.10/dist-packages/vrx_gz/__init__.py
[20.848s] -- Installing: /home/mrxiuer/project/毕设/demo/src/install/local/lib/python3.10/dist-packages/vrx_gz/payload_bridges.py
[20.848s] -- Installing: /home/mrxiuer/project/毕设/demo/src/install/local/lib/python3.10/dist-packages/vrx_gz/bridges.py
[20.848s] -- Installing: /home/mrxiuer/project/毕设/demo/src/install/local/lib/python3.10/dist-packages/vrx_gz/bridge.py
[20.848s] -- Installing: /home/mrxiuer/project/毕设/demo/src/install/local/lib/python3.10/dist-packages/vrx_gz/launch.py
[20.848s] -- Installing: /home/mrxiuer/project/毕设/demo/src/install/local/lib/python3.10/dist-packages/vrx_gz/model.py
[20.879s] Listing '/home/mrxiuer/project/毕设/demo/src/install/local/lib/python3.10/dist-packages/vrx_gz'...
[20.879s] Compiling '/home/mrxiuer/project/毕设/demo/src/install/local/lib/python3.10/dist-packages/vrx_gz/__init__.py'...
[20.880s] Compiling '/home/mrxiuer/project/毕设/demo/src/install/local/lib/python3.10/dist-packages/vrx_gz/bridge.py'...
[20.880s] Compiling '/home/mrxiuer/project/毕设/demo/src/install/local/lib/python3.10/dist-packages/vrx_gz/bridges.py'...
[20.880s] Compiling '/home/mrxiuer/project/毕设/demo/src/install/local/lib/python3.10/dist-packages/vrx_gz/launch.py'...
[20.880s] Compiling '/home/mrxiuer/project/毕设/demo/src/install/local/lib/python3.10/dist-packages/vrx_gz/model.py'...
[20.880s] Compiling '/home/mrxiuer/project/毕设/demo/src/install/local/lib/python3.10/dist-packages/vrx_gz/payload_bridges.py'...
[20.883s] -- Installing: /home/mrxiuer/project/毕设/demo/src/install/share/vrx_gz/config
[20.883s] -- Installing: /home/mrxiuer/project/毕设/demo/src/install/share/vrx_gz/config/wamv.yaml
[20.883s] -- Installing: /home/mrxiuer/project/毕设/demo/src/install/share/vrx_gz/config/roboboat.yaml
[20.884s] -- Installing: /home/mrxiuer/project/毕设/demo/src/install/share/vrx_gz/launch
[20.884s] -- Installing: /home/mrxiuer/project/毕设/demo/src/install/share/vrx_gz/launch/spawn_config.launch.py
[20.884s] -- Installing: /home/mrxiuer/project/毕设/demo/src/install/share/vrx_gz/launch/competition.launch.py
[20.884s] -- Installing: /home/mrxiuer/project/毕设/demo/src/install/share/vrx_gz/launch/vrx_environment.launch.py
[20.884s] -- Installing: /home/mrxiuer/project/毕设/demo/src/install/share/vrx_gz/launch/spawn.launch.py
[20.884s] -- Installing: /home/mrxiuer/project/毕设/demo/src/install/share/vrx_gz/launch/usv_joy_teleop.py
[20.884s] -- Installing: /home/mrxiuer/project/毕设/demo/src/install/share/vrx_gz/models
[20.884s] -- Installing: /home/mrxiuer/project/毕设/demo/src/install/share/vrx_gz/models/short_navigation_course_4
[20.884s] -- Installing: /home/mrxiuer/project/毕设/demo/src/install/share/vrx_gz/models/short_navigation_course_4/model.config
[20.885s] -- Installing: /home/mrxiuer/project/毕设/demo/src/install/share/vrx_gz/models/short_navigation_course_4/model.sdf
[20.885s] -- Installing: /home/mrxiuer/project/毕设/demo/src/install/share/vrx_gz/models/platform
[20.885s] -- Installing: /home/mrxiuer/project/毕设/demo/src/install/share/vrx_gz/models/platform/model.config
[20.885s] -- Installing: /home/mrxiuer/project/毕设/demo/src/install/share/vrx_gz/models/platform/model.sdf
[20.885s] -- Installing: /home/mrxiuer/project/毕设/demo/src/install/share/vrx_gz/models/short_navigation_course_3
[20.885s] -- Installing: /home/mrxiuer/project/毕设/demo/src/install/share/vrx_gz/models/short_navigation_course_3/model.config
[20.885s] -- Installing: /home/mrxiuer/project/毕设/demo/src/install/share/vrx_gz/models/short_navigation_course_3/model.sdf
[20.885s] -- Installing: /home/mrxiuer/project/毕设/demo/src/install/share/vrx_gz/models/robotx_light_buoy_bgy
[20.885s] -- Installing: /home/mrxiuer/project/毕设/demo/src/install/share/vrx_gz/models/robotx_light_buoy_bgy/model.config
[20.885s] -- Installing: /home/mrxiuer/project/毕设/demo/src/install/share/vrx_gz/models/robotx_light_buoy_bgy/model.sdf
[20.886s] -- Installing: /home/mrxiuer/project/毕设/demo/src/install/share/vrx_gz/models/robotx_light_buoy_gbr
[20.886s] -- Installing: /home/mrxiuer/project/毕设/demo/src/install/share/vrx_gz/models/robotx_light_buoy_gbr/model.config
[20.886s] -- Installing: /home/mrxiuer/project/毕设/demo/src/install/share/vrx_gz/models/robotx_light_buoy_gbr/model.sdf
[20.886s] -- Installing: /home/mrxiuer/project/毕设/demo/src/install/share/vrx_gz/models/dock_2022_base
[20.886s] -- Installing: /home/mrxiuer/project/毕设/demo/src/install/share/vrx_gz/models/dock_2022_base/model.config
[20.886s] -- Installing: /home/mrxiuer/project/毕设/demo/src/install/share/vrx_gz/models/dock_2022_base/model.sdf
[20.886s] -- Installing: /home/mrxiuer/project/毕设/demo/src/install/share/vrx_gz/models/roboboat02
[20.887s] -- Installing: /home/mrxiuer/project/毕设/demo/src/install/share/vrx_gz/models/roboboat02/model.config
[20.887s] -- Installing: /home/mrxiuer/project/毕设/demo/src/install/share/vrx_gz/models/roboboat02/meshes
[20.887s] -- Installing: /home/mrxiuer/project/毕设/demo/src/install/share/vrx_gz/models/roboboat02/meshes/roboboat02.dae
[20.888s] -- Installing: /home/mrxiuer/project/毕设/demo/src/install/share/vrx_gz/models/roboboat02/materials
[20.888s] -- Installing: /home/mrxiuer/project/毕设/demo/src/install/share/vrx_gz/models/roboboat02/materials/scripts
[20.888s] -- Installing: /home/mrxiuer/project/毕设/demo/src/install/share/vrx_gz/models/roboboat02/materials/scripts/model.material
[20.888s] -- Installing: /home/mrxiuer/project/毕设/demo/src/install/share/vrx_gz/models/roboboat02/materials/textures
[20.888s] -- Installing: /home/mrxiuer/project/毕设/demo/src/install/share/vrx_gz/models/roboboat02/materials/textures/Boat02_Albedo.png
[20.893s] -- Installing: /home/mrxiuer/project/毕设/demo/src/install/share/vrx_gz/models/roboboat02/materials/textures/Boat02_Roughness.png
[20.896s] -- Installing: /home/mrxiuer/project/毕设/demo/src/install/share/vrx_gz/models/roboboat02/materials/textures/Boat02_Normal.png
[20.897s] -- Installing: /home/mrxiuer/project/毕设/demo/src/install/share/vrx_gz/models/roboboat02/materials/textures/Boat02_Metallic.png
[20.898s] -- Installing: /home/mrxiuer/project/毕设/demo/src/install/share/vrx_gz/models/roboboat02/model.sdf
[20.898s] -- Installing: /home/mrxiuer/project/毕设/demo/src/install/share/vrx_gz/models/robotx_light_buoy_rgb
[20.898s] -- Installing: /home/mrxiuer/project/毕设/demo/src/install/share/vrx_gz/models/robotx_light_buoy_rgb/mesh
[20.899s] -- Installing: /home/mrxiuer/project/毕设/demo/src/install/share/vrx_gz/models/robotx_light_buoy_rgb/mesh/LightTower_Albedo.png
[20.901s] -- Installing: /home/mrxiuer/project/毕设/demo/src/install/share/vrx_gz/models/robotx_light_buoy_rgb/mesh/LightTower_Opacity.png
[20.901s] -- Installing: /home/mrxiuer/project/毕设/demo/src/install/share/vrx_gz/models/robotx_light_buoy_rgb/mesh/LightTower_Metalness.png
[20.901s] -- Installing: /home/mrxiuer/project/毕设/demo/src/install/share/vrx_gz/models/robotx_light_buoy_rgb/mesh/LightTower_Roughness.png
[20.902s] -- Installing: /home/mrxiuer/project/毕设/demo/src/install/share/vrx_gz/models/robotx_light_buoy_rgb/mesh/LightTower_Normal.png
[20.905s] -- Installing: /home/mrxiuer/project/毕设/demo/src/install/share/vrx_gz/models/robotx_light_buoy_rgb/mesh/robotx_light_buoy.dae
[20.907s] -- Installing: /home/mrxiuer/project/毕设/demo/src/install/share/vrx_gz/models/robotx_light_buoy_rgb/model.config
[20.907s] -- Installing: /home/mrxiuer/project/毕设/demo/src/install/share/vrx_gz/models/robotx_light_buoy_rgb/model.sdf
[20.907s] -- Installing: /home/mrxiuer/project/毕设/demo/src/install/share/vrx_gz/models/robotx_light_buoy_rgy
[20.907s] -- Installing: /home/mrxiuer/project/毕设/demo/src/install/share/vrx_gz/models/robotx_light_buoy_rgy/model.config
[20.907s] -- Installing: /home/mrxiuer/project/毕设/demo/src/install/share/vrx_gz/models/robotx_light_buoy_rgy/model.sdf
[20.907s] -- Installing: /home/mrxiuer/project/毕设/demo/src/install/share/vrx_gz/models/robotx_light_buoy_ybr
[20.907s] -- Installing: /home/mrxiuer/project/毕设/demo/src/install/share/vrx_gz/models/robotx_light_buoy_ybr/model.config
[20.907s] -- Installing: /home/mrxiuer/project/毕设/demo/src/install/share/vrx_gz/models/robotx_light_buoy_ybr/model.sdf
[20.907s] -- Installing: /home/mrxiuer/project/毕设/demo/src/install/share/vrx_gz/models/coast_waves
[20.907s] -- Installing: /home/mrxiuer/project/毕设/demo/src/install/share/vrx_gz/models/coast_waves/model.config
[20.908s] -- Installing: /home/mrxiuer/project/毕设/demo/src/install/share/vrx_gz/models/coast_waves/meshes
[20.908s] -- Installing: /home/mrxiuer/project/毕设/demo/src/install/share/vrx_gz/models/coast_waves/meshes/waterlow.dae
[20.920s] -- Installing: /home/mrxiuer/project/毕设/demo/src/install/share/vrx_gz/models/coast_waves/materials
[20.920s] -- Installing: /home/mrxiuer/project/毕设/demo/src/install/share/vrx_gz/models/coast_waves/materials/textures
[20.920s] -- Installing: /home/mrxiuer/project/毕设/demo/src/install/share/vrx_gz/models/coast_waves/materials/textures/skybox_lowres.dds
[20.921s] -- Installing: /home/mrxiuer/project/毕设/demo/src/install/share/vrx_gz/models/coast_waves/materials/textures/wave_normals.dds
[20.921s] -- Installing: /home/mrxiuer/project/毕设/demo/src/install/share/vrx_gz/models/coast_waves/materials/programs
[20.921s] -- Installing: /home/mrxiuer/project/毕设/demo/src/install/share/vrx_gz/models/coast_waves/materials/programs/GerstnerWaves_vs_330.glsl
[20.922s] -- Installing: /home/mrxiuer/project/毕设/demo/src/install/share/vrx_gz/models/coast_waves/materials/programs/GerstnerWaves_fs_330.glsl
[20.922s] -- Installing: /home/mrxiuer/project/毕设/demo/src/install/share/vrx_gz/models/coast_waves/model.sdf
[20.922s] -- Installing: /home/mrxiuer/project/毕设/demo/src/install/share/vrx_gz/models/short_navigation_course_2
[20.922s] -- Installing: /home/mrxiuer/project/毕设/demo/src/install/share/vrx_gz/models/short_navigation_course_2/model.config
[20.922s] -- Installing: /home/mrxiuer/project/毕设/demo/src/install/share/vrx_gz/models/short_navigation_course_2/model.sdf
[20.922s] -- Installing: /home/mrxiuer/project/毕设/demo/src/install/share/vrx_gz/models/articulated_platform
[20.922s] -- Installing: /home/mrxiuer/project/毕设/demo/src/install/share/vrx_gz/models/articulated_platform/model.config
[20.922s] -- Installing: /home/mrxiuer/project/毕设/demo/src/install/share/vrx_gz/models/articulated_platform/model.sdf
[20.922s] -- Installing: /home/mrxiuer/project/毕设/demo/src/install/share/vrx_gz/models/short_navigation_course_5
[20.922s] -- Installing: /home/mrxiuer/project/毕设/demo/src/install/share/vrx_gz/models/short_navigation_course_5/model.config
[20.922s] -- Installing: /home/mrxiuer/project/毕设/demo/src/install/share/vrx_gz/models/short_navigation_course_5/model.sdf
[20.923s] -- Installing: /home/mrxiuer/project/毕设/demo/src/install/share/vrx_gz/models/roboboat_cpubox
[20.923s] -- Installing: /home/mrxiuer/project/毕设/demo/src/install/share/vrx_gz/models/roboboat_cpubox/model.config
[20.923s] -- Installing: /home/mrxiuer/project/毕设/demo/src/install/share/vrx_gz/models/roboboat_cpubox/meshes
[20.923s] -- Installing: /home/mrxiuer/project/毕设/demo/src/install/share/vrx_gz/models/roboboat_cpubox/meshes/drybox.dae
[20.923s] -- Installing: /home/mrxiuer/project/毕设/demo/src/install/share/vrx_gz/models/roboboat_cpubox/materials
[20.923s] -- Installing: /home/mrxiuer/project/毕设/demo/src/install/share/vrx_gz/models/roboboat_cpubox/materials/textures
[20.923s] -- Installing: /home/mrxiuer/project/毕设/demo/src/install/share/vrx_gz/models/roboboat_cpubox/materials/textures/DryBox_Albedo.png
[20.929s] -- Installing: /home/mrxiuer/project/毕设/demo/src/install/share/vrx_gz/models/roboboat_cpubox/materials/textures/DryBox_Roughness.png
[20.938s] -- Installing: /home/mrxiuer/project/毕设/demo/src/install/share/vrx_gz/models/roboboat_cpubox/model.sdf
[20.938s] -- Installing: /home/mrxiuer/project/毕设/demo/src/install/share/vrx_gz/models/placard_2022
[20.938s] -- Installing: /home/mrxiuer/project/毕设/demo/src/install/share/vrx_gz/models/placard_2022/model.config
[20.938s] -- Installing: /home/mrxiuer/project/毕设/demo/src/install/share/vrx_gz/models/placard_2022/meshes
[20.938s] -- Installing: /home/mrxiuer/project/毕设/demo/src/install/share/vrx_gz/models/placard_2022/meshes/placard_2022.dae
[20.939s] -- Installing: /home/mrxiuer/project/毕设/demo/src/install/share/vrx_gz/models/placard_2022/materials
[20.939s] -- Installing: /home/mrxiuer/project/毕设/demo/src/install/share/vrx_gz/models/placard_2022/materials/textures
[20.939s] -- Installing: /home/mrxiuer/project/毕设/demo/src/install/share/vrx_gz/models/placard_2022/materials/textures/Placard.png
[20.939s] -- Installing: /home/mrxiuer/project/毕设/demo/src/install/share/vrx_gz/models/placard_2022/model.sdf
[20.939s] -- Installing: /home/mrxiuer/project/毕设/demo/src/install/share/vrx_gz/models/symbol_triangle
[20.939s] -- Installing: /home/mrxiuer/project/毕设/demo/src/install/share/vrx_gz/models/symbol_triangle/mesh
[20.939s] -- Installing: /home/mrxiuer/project/毕设/demo/src/install/share/vrx_gz/models/symbol_triangle/mesh/triangle.dae
[20.939s] -- Installing: /home/mrxiuer/project/毕设/demo/src/install/share/vrx_gz/models/symbol_triangle/model.config
[20.939s] -- Installing: /home/mrxiuer/project/毕设/demo/src/install/share/vrx_gz/models/symbol_triangle/model.sdf
[20.939s] -- Installing: /home/mrxiuer/project/毕设/demo/src/install/share/vrx_gz/models/dock_2022
[20.939s] -- Installing: /home/mrxiuer/project/毕设/demo/src/install/share/vrx_gz/models/dock_2022/model.config
[20.940s] -- Installing: /home/mrxiuer/project/毕设/demo/src/install/share/vrx_gz/models/dock_2022/model.sdf
[20.940s] -- Installing: /home/mrxiuer/project/毕设/demo/src/install/share/vrx_gz/models/obstacle_course
[20.940s] -- Installing: /home/mrxiuer/project/毕设/demo/src/install/share/vrx_gz/models/obstacle_course/model.config
[20.940s] -- Installing: /home/mrxiuer/project/毕设/demo/src/install/share/vrx_gz/models/obstacle_course/model.sdf
[20.940s] -- Installing: /home/mrxiuer/project/毕设/demo/src/install/share/vrx_gz/models/robotx_light_buoy_yrg
[20.941s] -- Installing: /home/mrxiuer/project/毕设/demo/src/install/share/vrx_gz/models/robotx_light_buoy_yrg/model.config
[20.941s] -- Installing: /home/mrxiuer/project/毕设/demo/src/install/share/vrx_gz/models/robotx_light_buoy_yrg/model.sdf
[20.941s] -- Installing: /home/mrxiuer/project/毕设/demo/src/install/share/vrx_gz/models/robotx_light_buoy_rbg
[20.941s] -- Installing: /home/mrxiuer/project/毕设/demo/src/install/share/vrx_gz/models/robotx_light_buoy_rbg/model.config
[20.941s] -- Installing: /home/mrxiuer/project/毕设/demo/src/install/share/vrx_gz/models/robotx_light_buoy_rbg/model.sdf
[20.941s] -- Installing: /home/mrxiuer/project/毕设/demo/src/install/share/vrx_gz/models/entrance_exit
[20.941s] -- Installing: /home/mrxiuer/project/毕设/demo/src/install/share/vrx_gz/models/entrance_exit/model.config
[20.942s] -- Installing: /home/mrxiuer/project/毕设/demo/src/install/share/vrx_gz/models/entrance_exit/model.sdf
[20.942s] -- Installing: /home/mrxiuer/project/毕设/demo/src/install/share/vrx_gz/models/short_navigation_course_0
[20.942s] -- Installing: /home/mrxiuer/project/毕设/demo/src/install/share/vrx_gz/models/short_navigation_course_0/model.config
[20.942s] -- Installing: /home/mrxiuer/project/毕设/demo/src/install/share/vrx_gz/models/short_navigation_course_0/model.sdf
[20.942s] -- Installing: /home/mrxiuer/project/毕设/demo/src/install/share/vrx_gz/models/short_course_2023_phase3_2
[20.942s] -- Installing: /home/mrxiuer/project/毕设/demo/src/install/share/vrx_gz/models/short_course_2023_phase3_2/model.config
[20.942s] -- Installing: /home/mrxiuer/project/毕设/demo/src/install/share/vrx_gz/models/short_course_2023_phase3_2/model.sdf
[20.942s] -- Installing: /home/mrxiuer/project/毕设/demo/src/install/share/vrx_gz/models/robotx_light_buoy_ygb
[20.942s] -- Installing: /home/mrxiuer/project/毕设/demo/src/install/share/vrx_gz/models/robotx_light_buoy_ygb/model.config
[20.942s] -- Installing: /home/mrxiuer/project/毕设/demo/src/install/share/vrx_gz/models/robotx_light_buoy_ygb/model.sdf
[20.943s] -- Installing: /home/mrxiuer/project/毕设/demo/src/install/share/vrx_gz/models/short_course_2023_phase3_1
[20.943s] -- Installing: /home/mrxiuer/project/毕设/demo/src/install/share/vrx_gz/models/short_course_2023_phase3_1/model.config
[20.943s] -- Installing: /home/mrxiuer/project/毕设/demo/src/install/share/vrx_gz/models/short_course_2023_phase3_1/model.sdf
[20.943s] -- Installing: /home/mrxiuer/project/毕设/demo/src/install/share/vrx_gz/models/short_navigation_course_1
[20.943s] -- Installing: /home/mrxiuer/project/毕设/demo/src/install/share/vrx_gz/models/short_navigation_course_1/model.config
[20.943s] -- Installing: /home/mrxiuer/project/毕设/demo/src/install/share/vrx_gz/models/short_navigation_course_1/model.sdf
[20.943s] -- Installing: /home/mrxiuer/project/毕设/demo/src/install/share/vrx_gz/models/dock_block_4x4
[20.943s] -- Installing: /home/mrxiuer/project/毕设/demo/src/install/share/vrx_gz/models/dock_block_4x4/mesh
[20.943s] -- Installing: /home/mrxiuer/project/毕设/demo/src/install/share/vrx_gz/models/dock_block_4x4/mesh/DockCubes_Normal.png
[20.969s] -- Installing: /home/mrxiuer/project/毕设/demo/src/install/share/vrx_gz/models/dock_block_4x4/mesh/DockCubes_Albedo.png
[20.970s] -- Installing: /home/mrxiuer/project/毕设/demo/src/install/share/vrx_gz/models/dock_block_4x4/mesh/DockCubes_Roughness.png
[20.970s] -- Installing: /home/mrxiuer/project/毕设/demo/src/install/share/vrx_gz/models/dock_block_4x4/mesh/dock_block_4x4.dae
[20.972s] -- Installing: /home/mrxiuer/project/毕设/demo/src/install/share/vrx_gz/models/dock_block_4x4/mesh/DockCubes_Metalness.png
[20.972s] -- Installing: /home/mrxiuer/project/毕设/demo/src/install/share/vrx_gz/models/dock_block_4x4/model.config
[20.973s] -- Installing: /home/mrxiuer/project/毕设/demo/src/install/share/vrx_gz/models/dock_block_4x4/model.sdf
[20.973s] -- Installing: /home/mrxiuer/project/毕设/demo/src/install/share/vrx_gz/models/roboboat01
[20.973s] -- Installing: /home/mrxiuer/project/毕设/demo/src/install/share/vrx_gz/models/roboboat01/model.config
[20.973s] -- Installing: /home/mrxiuer/project/毕设/demo/src/install/share/vrx_gz/models/roboboat01/meshes
[20.973s] -- Installing: /home/mrxiuer/project/毕设/demo/src/install/share/vrx_gz/models/roboboat01/meshes/roboboat01.dae
[20.974s] -- Installing: /home/mrxiuer/project/毕设/demo/src/install/share/vrx_gz/models/roboboat01/meshes/prop.dae
[20.974s] -- Installing: /home/mrxiuer/project/毕设/demo/src/install/share/vrx_gz/models/roboboat01/meshes/mount.dae
[20.974s] -- Installing: /home/mrxiuer/project/毕设/demo/src/install/share/vrx_gz/models/roboboat01/meshes/housing.dae
[20.975s] -- Installing: /home/mrxiuer/project/毕设/demo/src/install/share/vrx_gz/models/roboboat01/materials
[20.975s] -- Installing: /home/mrxiuer/project/毕设/demo/src/install/share/vrx_gz/models/roboboat01/materials/scripts
[20.975s] -- Installing: /home/mrxiuer/project/毕设/demo/src/install/share/vrx_gz/models/roboboat01/materials/scripts/model.material
[20.975s] -- Installing: /home/mrxiuer/project/毕设/demo/src/install/share/vrx_gz/models/roboboat01/materials/textures
[20.975s] -- Installing: /home/mrxiuer/project/毕设/demo/src/install/share/vrx_gz/models/roboboat01/materials/textures/Boat01_Metallic.png
[20.975s] -- Installing: /home/mrxiuer/project/毕设/demo/src/install/share/vrx_gz/models/roboboat01/materials/textures/Thruster_Roughness.png
[20.976s] -- Installing: /home/mrxiuer/project/毕设/demo/src/install/share/vrx_gz/models/roboboat01/materials/textures/Boat01_Normal.png
[20.977s] -- Installing: /home/mrxiuer/project/毕设/demo/src/install/share/vrx_gz/models/roboboat01/materials/textures/Boat01_Roughness.png
[20.981s] -- Installing: /home/mrxiuer/project/毕设/demo/src/install/share/vrx_gz/models/roboboat01/materials/textures/Thruster_Albedo.png
[20.982s] -- Installing: /home/mrxiuer/project/毕设/demo/src/install/share/vrx_gz/models/roboboat01/materials/textures/Boat01_Albedo.png
[20.987s] -- Installing: /home/mrxiuer/project/毕设/demo/src/install/share/vrx_gz/models/roboboat01/model.sdf
[20.987s] -- Installing: /home/mrxiuer/project/毕设/demo/src/install/share/vrx_gz/models/robotx_light_buoy_bgr
[20.988s] -- Installing: /home/mrxiuer/project/毕设/demo/src/install/share/vrx_gz/models/robotx_light_buoy_bgr/model.config
[20.988s] -- Installing: /home/mrxiuer/project/毕设/demo/src/install/share/vrx_gz/models/robotx_light_buoy_bgr/model.sdf
[20.988s] -- Installing: /home/mrxiuer/project/毕设/demo/src/install/share/vrx_gz/worlds
[20.988s] -- Installing: /home/mrxiuer/project/毕设/demo/src/install/share/vrx_gz/worlds/gymkhana_task.sdf
[20.988s] -- Installing: /home/mrxiuer/project/毕设/demo/src/install/share/vrx_gz/worlds/perception_task.sdf
[20.988s] -- Installing: /home/mrxiuer/project/毕设/demo/src/install/share/vrx_gz/worlds/scan_dock_deliver_task.sdf
[20.988s] -- Installing: /home/mrxiuer/project/毕设/demo/src/install/share/vrx_gz/worlds/follow_path_task.sdf
[20.988s] -- Installing: /home/mrxiuer/project/毕设/demo/src/install/share/vrx_gz/worlds/sydney_regatta.sdf
[20.989s] -- Installing: /home/mrxiuer/project/毕设/demo/src/install/share/vrx_gz/worlds/stationkeeping_task.sdf
[20.989s] -- Installing: /home/mrxiuer/project/毕设/demo/src/install/share/vrx_gz/worlds/2023_practice
[20.989s] -- Installing: /home/mrxiuer/project/毕设/demo/src/install/share/vrx_gz/worlds/2023_practice/practice_2023_perception1_task.sdf
[20.989s] -- Installing: /home/mrxiuer/project/毕设/demo/src/install/share/vrx_gz/worlds/2023_practice/practice_2023_acoustic_perception1_task.sdf
[20.989s] -- Installing: /home/mrxiuer/project/毕设/demo/src/install/share/vrx_gz/worlds/2023_practice/practice_2023_wildlife1_task.sdf
[20.989s] -- Installing: /home/mrxiuer/project/毕设/demo/src/install/share/vrx_gz/worlds/2023_practice/practice_2023_follow_path1_task.sdf
[20.989s] -- Installing: /home/mrxiuer/project/毕设/demo/src/install/share/vrx_gz/worlds/2023_practice/practice_2023_stationkeeping0_task.sdf
[20.989s] -- Installing: /home/mrxiuer/project/毕设/demo/src/install/share/vrx_gz/worlds/2023_practice/practice_2023_scan_dock_deliver0_task.sdf
[20.990s] -- Installing: /home/mrxiuer/project/毕设/demo/src/install/share/vrx_gz/worlds/2023_practice/practice_2023_wildlife2_task.sdf
[20.990s] -- Installing: /home/mrxiuer/project/毕设/demo/src/install/share/vrx_gz/worlds/2023_practice/practice_2023_acoustic_tracking2_task.sdf
[20.990s] -- Installing: /home/mrxiuer/project/毕设/demo/src/install/share/vrx_gz/worlds/2023_practice/practice_2023_scan_dock_deliver1_task.sdf
[20.990s] -- Installing: /home/mrxiuer/project/毕设/demo/src/install/share/vrx_gz/worlds/2023_practice/practice_2023_perception0_task.sdf
[20.990s] -- Installing: /home/mrxiuer/project/毕设/demo/src/install/share/vrx_gz/worlds/2023_practice/practice_2023_follow_path0_task.sdf
[20.990s] -- Installing: /home/mrxiuer/project/毕设/demo/src/install/share/vrx_gz/worlds/2023_practice/practice_2023_acoustic_perception0_task.sdf
[20.991s] -- Installing: /home/mrxiuer/project/毕设/demo/src/install/share/vrx_gz/worlds/2023_practice/practice_2023_acoustic_tracking1_task.sdf
[20.991s] -- Installing: /home/mrxiuer/project/毕设/demo/src/install/share/vrx_gz/worlds/2023_practice/practice_2023_acoustic_tracking0_task.sdf
[20.991s] -- Installing: /home/mrxiuer/project/毕设/demo/src/install/share/vrx_gz/worlds/2023_practice/practice_2023_wayfinding1_task.sdf
[20.991s] -- Installing: /home/mrxiuer/project/毕设/demo/src/install/share/vrx_gz/worlds/2023_practice/practice_2023_stationkeeping2_task.sdf
[20.991s] -- Installing: /home/mrxiuer/project/毕设/demo/src/install/share/vrx_gz/worlds/2023_practice/practice_2023_scan_dock_deliver2_task.sdf
[20.991s] -- Installing: /home/mrxiuer/project/毕设/demo/src/install/share/vrx_gz/worlds/2023_practice/practice_2023_wayfinding0_task.sdf
[20.991s] -- Installing: /home/mrxiuer/project/毕设/demo/src/install/share/vrx_gz/worlds/2023_practice/practice_2023_follow_path2_task.sdf
[20.992s] -- Installing: /home/mrxiuer/project/毕设/demo/src/install/share/vrx_gz/worlds/2023_practice/practice_2023_acoustic_perception2_task.sdf
[20.992s] -- Installing: /home/mrxiuer/project/毕设/demo/src/install/share/vrx_gz/worlds/2023_practice/practice_2023_stationkeeping1_task.sdf
[20.992s] -- Installing: /home/mrxiuer/project/毕设/demo/src/install/share/vrx_gz/worlds/2023_practice/practice_2023_wildlife0_task.sdf
[20.992s] -- Installing: /home/mrxiuer/project/毕设/demo/src/install/share/vrx_gz/worlds/2023_practice/practice_2023_perception2_task.sdf
[20.992s] -- Installing: /home/mrxiuer/project/毕设/demo/src/install/share/vrx_gz/worlds/2023_practice/practice_2023_wayfinding2_task.sdf
[20.992s] -- Installing: /home/mrxiuer/project/毕设/demo/src/install/share/vrx_gz/worlds/navigation_task.sdf
[20.992s] -- Installing: /home/mrxiuer/project/毕设/demo/src/install/share/vrx_gz/worlds/wildlife_task.sdf
[20.993s] -- Installing: /home/mrxiuer/project/毕设/demo/src/install/share/vrx_gz/worlds/acoustic_perception_task.sdf
[20.993s] -- Installing: /home/mrxiuer/project/毕设/demo/src/install/share/vrx_gz/worlds/wayfinding_task.sdf
[20.993s] -- Installing: /home/mrxiuer/project/毕设/demo/src/install/share/vrx_gz/worlds/nbpark.sdf
[20.993s] -- Installing: /home/mrxiuer/project/毕设/demo/src/install/share/vrx_gz/worlds/acoustic_tracking_task.sdf
[20.993s] -- Installing: /home/mrxiuer/project/毕设/demo/src/install/share/ament_index/resource_index/package_run_dependencies/vrx_gz
[20.993s] -- Installing: /home/mrxiuer/project/毕设/demo/src/install/share/ament_index/resource_index/parent_prefix_path/vrx_gz
[20.994s] -- Installing: /home/mrxiuer/project/毕设/demo/src/install/share/vrx_gz/environment/ament_prefix_path.sh
[20.994s] -- Installing: /home/mrxiuer/project/毕设/demo/src/install/share/vrx_gz/environment/ament_prefix_path.dsv
[20.994s] -- Installing: /home/mrxiuer/project/毕设/demo/src/install/share/vrx_gz/environment/path.sh
[20.994s] -- Installing: /home/mrxiuer/project/毕设/demo/src/install/share/vrx_gz/environment/path.dsv
[20.994s] -- Installing: /home/mrxiuer/project/毕设/demo/src/install/share/vrx_gz/local_setup.bash
[20.994s] -- Installing: /home/mrxiuer/project/毕设/demo/src/install/share/vrx_gz/local_setup.sh
[20.994s] -- Installing: /home/mrxiuer/project/毕设/demo/src/install/share/vrx_gz/local_setup.zsh
[20.995s] -- Installing: /home/mrxiuer/project/毕设/demo/src/install/share/vrx_gz/local_setup.dsv
[20.995s] -- Installing: /home/mrxiuer/project/毕设/demo/src/install/share/vrx_gz/package.dsv
[20.995s] -- Installing: /home/mrxiuer/project/毕设/demo/src/install/share/ament_index/resource_index/packages/vrx_gz
[20.995s] -- Installing: /home/mrxiuer/project/毕设/demo/src/install/share/vrx_gz/cmake/vrx_gzConfig.cmake
[20.995s] -- Installing: /home/mrxiuer/project/毕设/demo/src/install/share/vrx_gz/cmake/vrx_gzConfig-version.cmake
[20.995s] -- Installing: /home/mrxiuer/project/毕设/demo/src/install/share/vrx_gz/package.xml
[20.998s] Invoked command in '/home/mrxiuer/project/毕设/demo/src/build/vrx_gz' returned '0': AMENT_PREFIX_PATH=/home/mrxiuer/project/毕设/demo/src/install:${AMENT_PREFIX_PATH} CMAKE_PREFIX_PATH=/home/mrxiuer/project/毕设/demo/src/install:/opt/ros/humble /usr/bin/cmake --install /home/mrxiuer/project/毕设/demo/src/build/vrx_gz
