[0.009s] Invoking command in '/home/mrxiuer/project/毕设/demo/src/build/vrx_ros': CMAKE_PREFIX_PATH=${CMAKE_PREFIX_PATH}:/opt/ros/humble /usr/bin/cmake --build /home/mrxiuer/project/毕设/demo/src/build/vrx_ros -- -j16 -l16
[0.059s] [ 50%] Built target optical_frame_publisher
[0.059s] [100%] Built target pose_tf_broadcaster
[0.069s] Invoked command in '/home/mrxiuer/project/毕设/demo/src/build/vrx_ros' returned '0': CMAKE_PREFIX_PATH=${CMAKE_PREFIX_PATH}:/opt/ros/humble /usr/bin/cmake --build /home/mrxiuer/project/毕设/demo/src/build/vrx_ros -- -j16 -l16
[0.078s] Invoking command in '/home/mrxiuer/project/毕设/demo/src/build/vrx_ros': CMAKE_PREFIX_PATH=${CMAKE_PREFIX_PATH}:/opt/ros/humble /usr/bin/cmake --install /home/mrxiuer/project/毕设/demo/src/build/vrx_ros
[0.084s] -- Install configuration: ""
[0.084s] -- Up-to-date: /home/mrxiuer/project/毕设/demo/src/install/lib/vrx_ros/optical_frame_publisher
[0.085s] -- Up-to-date: /home/mrxiuer/project/毕设/demo/src/install/lib/vrx_ros/pose_tf_broadcaster
[0.085s] -- Up-to-date: /home/mrxiuer/project/毕设/demo/src/install/share/vrx_ros/launch
[0.085s] -- Up-to-date: /home/mrxiuer/project/毕设/demo/src/install/share/vrx_ros/launch/monitor_sim.py
[0.085s] -- Up-to-date: /home/mrxiuer/project/毕设/demo/src/install/share/ament_index/resource_index/package_run_dependencies/vrx_ros
[0.085s] -- Up-to-date: /home/mrxiuer/project/毕设/demo/src/install/share/ament_index/resource_index/parent_prefix_path/vrx_ros
[0.085s] -- Up-to-date: /home/mrxiuer/project/毕设/demo/src/install/share/vrx_ros/environment/ament_prefix_path.sh
[0.085s] -- Up-to-date: /home/mrxiuer/project/毕设/demo/src/install/share/vrx_ros/environment/ament_prefix_path.dsv
[0.085s] -- Up-to-date: /home/mrxiuer/project/毕设/demo/src/install/share/vrx_ros/environment/path.sh
[0.085s] -- Up-to-date: /home/mrxiuer/project/毕设/demo/src/install/share/vrx_ros/environment/path.dsv
[0.085s] -- Up-to-date: /home/mrxiuer/project/毕设/demo/src/install/share/vrx_ros/local_setup.bash
[0.085s] -- Up-to-date: /home/mrxiuer/project/毕设/demo/src/install/share/vrx_ros/local_setup.sh
[0.085s] -- Up-to-date: /home/mrxiuer/project/毕设/demo/src/install/share/vrx_ros/local_setup.zsh
[0.085s] -- Up-to-date: /home/mrxiuer/project/毕设/demo/src/install/share/vrx_ros/local_setup.dsv
[0.086s] -- Installing: /home/mrxiuer/project/毕设/demo/src/install/share/vrx_ros/package.dsv
[0.086s] -- Up-to-date: /home/mrxiuer/project/毕设/demo/src/install/share/ament_index/resource_index/packages/vrx_ros
[0.086s] -- Up-to-date: /home/mrxiuer/project/毕设/demo/src/install/share/vrx_ros/cmake/vrx_rosConfig.cmake
[0.086s] -- Up-to-date: /home/mrxiuer/project/毕设/demo/src/install/share/vrx_ros/cmake/vrx_rosConfig-version.cmake
[0.086s] -- Up-to-date: /home/mrxiuer/project/毕设/demo/src/install/share/vrx_ros/package.xml
[0.087s] Invoked command in '/home/mrxiuer/project/毕设/demo/src/build/vrx_ros' returned '0': CMAKE_PREFIX_PATH=${CMAKE_PREFIX_PATH}:/opt/ros/humble /usr/bin/cmake --install /home/mrxiuer/project/毕设/demo/src/build/vrx_ros
