[0.086s] DEBUG:colcon:Command line arguments: ['/usr/bin/colcon', 'build', '--merge-install']
[0.086s] DEBUG:colcon:Parsed command line arguments: Namespace(log_base=None, log_level=None, verb_name='build', build_base='build', install_base='install', merge_install=True, symlink_install=False, test_result_base=None, continue_on_error=False, executor='parallel', parallel_workers=16, event_handlers=None, ignore_user_meta=False, metas=['./colcon.meta'], base_paths=['.'], packages_ignore=None, packages_ignore_regex=None, paths=None, packages_up_to=None, packages_up_to_regex=None, packages_above=None, packages_above_and_dependencies=None, packages_above_depth=None, packages_select_by_dep=None, packages_skip_by_dep=None, packages_skip_up_to=None, packages_select_build_failed=False, packages_skip_build_finished=False, packages_select_test_failures=False, packages_skip_test_passed=False, packages_select=None, packages_skip=None, packages_select_regex=None, packages_skip_regex=None, packages_start=None, packages_end=None, allow_overriding=[], cmake_args=None, cmake_target=None, cmake_target_skip_unavailable=False, cmake_clean_cache=False, cmake_clean_first=False, cmake_force_configure=False, ament_cmake_args=None, catkin_cmake_args=None, catkin_skip_building_tests=False, mixin_files=None, mixin=None, verb_parser=<colcon_mixin.mixin.mixin_argument.MixinArgumentDecorator object at 0x78e2132629e0>, verb_extension=<colcon_core.verb.build.BuildVerb object at 0x78e21336f9a0>, main=<bound method BuildVerb.main of <colcon_core.verb.build.BuildVerb object at 0x78e21336f9a0>>, mixin_verb=('build',))
[0.238s] Level 1:colcon.colcon_core.package_discovery:discover_packages(colcon_meta) check parameters
[0.239s] Level 1:colcon.colcon_core.package_discovery:discover_packages(recursive) check parameters
[0.239s] Level 1:colcon.colcon_core.package_discovery:discover_packages(ignore) check parameters
[0.239s] Level 1:colcon.colcon_core.package_discovery:discover_packages(path) check parameters
[0.239s] Level 1:colcon.colcon_core.package_discovery:discover_packages(colcon_meta) discover
[0.239s] Level 1:colcon.colcon_core.package_discovery:discover_packages(recursive) discover
[0.239s] INFO:colcon.colcon_core.package_discovery:Crawling recursively for packages in '/home/mrxiuer/project/毕设/demo/src'
[0.239s] Level 1:colcon.colcon_core.package_identification:_identify(.) by extensions ['ignore', 'ignore_ament_install']
[0.239s] Level 1:colcon.colcon_core.package_identification:_identify(.) by extension 'ignore'
[0.239s] Level 1:colcon.colcon_core.package_identification:_identify(.) by extension 'ignore_ament_install'
[0.239s] Level 1:colcon.colcon_core.package_identification:_identify(.) by extensions ['colcon_pkg']
[0.239s] Level 1:colcon.colcon_core.package_identification:_identify(.) by extension 'colcon_pkg'
[0.239s] Level 1:colcon.colcon_core.package_identification:_identify(.) by extensions ['colcon_meta']
[0.239s] Level 1:colcon.colcon_core.package_identification:_identify(.) by extension 'colcon_meta'
[0.239s] Level 1:colcon.colcon_core.package_identification:_identify(.) by extensions ['ros']
[0.239s] Level 1:colcon.colcon_core.package_identification:_identify(.) by extension 'ros'
[0.247s] Level 1:colcon.colcon_core.package_identification:_identify(.) by extensions ['cmake', 'python']
[0.247s] Level 1:colcon.colcon_core.package_identification:_identify(.) by extension 'cmake'
[0.247s] Level 1:colcon.colcon_core.package_identification:_identify(.) by extension 'python'
[0.247s] Level 1:colcon.colcon_core.package_identification:_identify(.) by extensions ['python_setup_py']
[0.247s] Level 1:colcon.colcon_core.package_identification:_identify(.) by extension 'python_setup_py'
[0.248s] Level 1:colcon.colcon_core.package_identification:_identify(build) by extensions ['ignore', 'ignore_ament_install']
[0.248s] Level 1:colcon.colcon_core.package_identification:_identify(build) by extension 'ignore'
[0.248s] Level 1:colcon.colcon_core.package_identification:_identify(build) ignored
[0.248s] Level 1:colcon.colcon_core.package_identification:_identify(install) by extensions ['ignore', 'ignore_ament_install']
[0.248s] Level 1:colcon.colcon_core.package_identification:_identify(install) by extension 'ignore'
[0.248s] Level 1:colcon.colcon_core.package_identification:_identify(install) ignored
[0.248s] Level 1:colcon.colcon_core.package_identification:_identify(log) by extensions ['ignore', 'ignore_ament_install']
[0.248s] Level 1:colcon.colcon_core.package_identification:_identify(log) by extension 'ignore'
[0.248s] Level 1:colcon.colcon_core.package_identification:_identify(log) ignored
[0.248s] Level 1:colcon.colcon_core.package_identification:_identify(vrx) by extensions ['ignore', 'ignore_ament_install']
[0.248s] Level 1:colcon.colcon_core.package_identification:_identify(vrx) by extension 'ignore'
[0.248s] Level 1:colcon.colcon_core.package_identification:_identify(vrx) by extension 'ignore_ament_install'
[0.248s] Level 1:colcon.colcon_core.package_identification:_identify(vrx) by extensions ['colcon_pkg']
[0.248s] Level 1:colcon.colcon_core.package_identification:_identify(vrx) by extension 'colcon_pkg'
[0.248s] Level 1:colcon.colcon_core.package_identification:_identify(vrx) by extensions ['colcon_meta']
[0.249s] Level 1:colcon.colcon_core.package_identification:_identify(vrx) by extension 'colcon_meta'
[0.249s] Level 1:colcon.colcon_core.package_identification:_identify(vrx) by extensions ['ros']
[0.249s] Level 1:colcon.colcon_core.package_identification:_identify(vrx) by extension 'ros'
[0.249s] Level 1:colcon.colcon_core.package_identification:_identify(vrx) by extensions ['cmake', 'python']
[0.249s] Level 1:colcon.colcon_core.package_identification:_identify(vrx) by extension 'cmake'
[0.249s] Level 1:colcon.colcon_core.package_identification:_identify(vrx) by extension 'python'
[0.249s] Level 1:colcon.colcon_core.package_identification:_identify(vrx) by extensions ['python_setup_py']
[0.249s] Level 1:colcon.colcon_core.package_identification:_identify(vrx) by extension 'python_setup_py'
[0.249s] Level 1:colcon.colcon_core.package_identification:_identify(vrx/images) by extensions ['ignore', 'ignore_ament_install']
[0.249s] Level 1:colcon.colcon_core.package_identification:_identify(vrx/images) by extension 'ignore'
[0.249s] Level 1:colcon.colcon_core.package_identification:_identify(vrx/images) by extension 'ignore_ament_install'
[0.249s] Level 1:colcon.colcon_core.package_identification:_identify(vrx/images) by extensions ['colcon_pkg']
[0.249s] Level 1:colcon.colcon_core.package_identification:_identify(vrx/images) by extension 'colcon_pkg'
[0.249s] Level 1:colcon.colcon_core.package_identification:_identify(vrx/images) by extensions ['colcon_meta']
[0.249s] Level 1:colcon.colcon_core.package_identification:_identify(vrx/images) by extension 'colcon_meta'
[0.249s] Level 1:colcon.colcon_core.package_identification:_identify(vrx/images) by extensions ['ros']
[0.249s] Level 1:colcon.colcon_core.package_identification:_identify(vrx/images) by extension 'ros'
[0.249s] Level 1:colcon.colcon_core.package_identification:_identify(vrx/images) by extensions ['cmake', 'python']
[0.249s] Level 1:colcon.colcon_core.package_identification:_identify(vrx/images) by extension 'cmake'
[0.249s] Level 1:colcon.colcon_core.package_identification:_identify(vrx/images) by extension 'python'
[0.249s] Level 1:colcon.colcon_core.package_identification:_identify(vrx/images) by extensions ['python_setup_py']
[0.249s] Level 1:colcon.colcon_core.package_identification:_identify(vrx/images) by extension 'python_setup_py'
[0.249s] Level 1:colcon.colcon_core.package_identification:_identify(vrx/rnn_model) by extensions ['ignore', 'ignore_ament_install']
[0.250s] Level 1:colcon.colcon_core.package_identification:_identify(vrx/rnn_model) by extension 'ignore'
[0.250s] Level 1:colcon.colcon_core.package_identification:_identify(vrx/rnn_model) by extension 'ignore_ament_install'
[0.250s] Level 1:colcon.colcon_core.package_identification:_identify(vrx/rnn_model) by extensions ['colcon_pkg']
[0.250s] Level 1:colcon.colcon_core.package_identification:_identify(vrx/rnn_model) by extension 'colcon_pkg'
[0.250s] Level 1:colcon.colcon_core.package_identification:_identify(vrx/rnn_model) by extensions ['colcon_meta']
[0.250s] Level 1:colcon.colcon_core.package_identification:_identify(vrx/rnn_model) by extension 'colcon_meta'
[0.250s] Level 1:colcon.colcon_core.package_identification:_identify(vrx/rnn_model) by extensions ['ros']
[0.250s] Level 1:colcon.colcon_core.package_identification:_identify(vrx/rnn_model) by extension 'ros'
[0.250s] Level 1:colcon.colcon_core.package_identification:_identify(vrx/rnn_model) by extensions ['cmake', 'python']
[0.250s] Level 1:colcon.colcon_core.package_identification:_identify(vrx/rnn_model) by extension 'cmake'
[0.250s] Level 1:colcon.colcon_core.package_identification:_identify(vrx/rnn_model) by extension 'python'
[0.250s] Level 1:colcon.colcon_core.package_identification:_identify(vrx/rnn_model) by extensions ['python_setup_py']
[0.250s] Level 1:colcon.colcon_core.package_identification:_identify(vrx/rnn_model) by extension 'python_setup_py'
[0.250s] Level 1:colcon.colcon_core.package_identification:_identify(vrx/rnn_model_save) by extensions ['ignore', 'ignore_ament_install']
[0.250s] Level 1:colcon.colcon_core.package_identification:_identify(vrx/rnn_model_save) by extension 'ignore'
[0.250s] Level 1:colcon.colcon_core.package_identification:_identify(vrx/rnn_model_save) by extension 'ignore_ament_install'
[0.250s] Level 1:colcon.colcon_core.package_identification:_identify(vrx/rnn_model_save) by extensions ['colcon_pkg']
[0.250s] Level 1:colcon.colcon_core.package_identification:_identify(vrx/rnn_model_save) by extension 'colcon_pkg'
[0.250s] Level 1:colcon.colcon_core.package_identification:_identify(vrx/rnn_model_save) by extensions ['colcon_meta']
[0.250s] Level 1:colcon.colcon_core.package_identification:_identify(vrx/rnn_model_save) by extension 'colcon_meta'
[0.250s] Level 1:colcon.colcon_core.package_identification:_identify(vrx/rnn_model_save) by extensions ['ros']
[0.250s] Level 1:colcon.colcon_core.package_identification:_identify(vrx/rnn_model_save) by extension 'ros'
[0.250s] Level 1:colcon.colcon_core.package_identification:_identify(vrx/rnn_model_save) by extensions ['cmake', 'python']
[0.250s] Level 1:colcon.colcon_core.package_identification:_identify(vrx/rnn_model_save) by extension 'cmake'
[0.250s] Level 1:colcon.colcon_core.package_identification:_identify(vrx/rnn_model_save) by extension 'python'
[0.250s] Level 1:colcon.colcon_core.package_identification:_identify(vrx/rnn_model_save) by extensions ['python_setup_py']
[0.251s] Level 1:colcon.colcon_core.package_identification:_identify(vrx/rnn_model_save) by extension 'python_setup_py'
[0.251s] Level 1:colcon.colcon_core.package_identification:_identify(vrx/vrx_gz) by extensions ['ignore', 'ignore_ament_install']
[0.251s] Level 1:colcon.colcon_core.package_identification:_identify(vrx/vrx_gz) by extension 'ignore'
[0.251s] Level 1:colcon.colcon_core.package_identification:_identify(vrx/vrx_gz) by extension 'ignore_ament_install'
[0.251s] Level 1:colcon.colcon_core.package_identification:_identify(vrx/vrx_gz) by extensions ['colcon_pkg']
[0.251s] Level 1:colcon.colcon_core.package_identification:_identify(vrx/vrx_gz) by extension 'colcon_pkg'
[0.251s] Level 1:colcon.colcon_core.package_identification:_identify(vrx/vrx_gz) by extensions ['colcon_meta']
[0.251s] Level 1:colcon.colcon_core.package_identification:_identify(vrx/vrx_gz) by extension 'colcon_meta'
[0.251s] Level 1:colcon.colcon_core.package_identification:_identify(vrx/vrx_gz) by extensions ['ros']
[0.251s] Level 1:colcon.colcon_core.package_identification:_identify(vrx/vrx_gz) by extension 'ros'
[0.253s] DEBUG:colcon.colcon_core.package_identification:Package 'vrx/vrx_gz' with type 'ros.ament_cmake' and name 'vrx_gz'
[0.253s] Level 1:colcon.colcon_core.package_identification:_identify(vrx/vrx_ros) by extensions ['ignore', 'ignore_ament_install']
[0.253s] Level 1:colcon.colcon_core.package_identification:_identify(vrx/vrx_ros) by extension 'ignore'
[0.253s] Level 1:colcon.colcon_core.package_identification:_identify(vrx/vrx_ros) by extension 'ignore_ament_install'
[0.253s] Level 1:colcon.colcon_core.package_identification:_identify(vrx/vrx_ros) by extensions ['colcon_pkg']
[0.253s] Level 1:colcon.colcon_core.package_identification:_identify(vrx/vrx_ros) by extension 'colcon_pkg'
[0.253s] Level 1:colcon.colcon_core.package_identification:_identify(vrx/vrx_ros) by extensions ['colcon_meta']
[0.253s] Level 1:colcon.colcon_core.package_identification:_identify(vrx/vrx_ros) by extension 'colcon_meta'
[0.253s] Level 1:colcon.colcon_core.package_identification:_identify(vrx/vrx_ros) by extensions ['ros']
[0.253s] Level 1:colcon.colcon_core.package_identification:_identify(vrx/vrx_ros) by extension 'ros'
[0.254s] DEBUG:colcon.colcon_core.package_identification:Package 'vrx/vrx_ros' with type 'ros.ament_cmake' and name 'vrx_ros'
[0.254s] Level 1:colcon.colcon_core.package_identification:_identify(vrx/vrx_urdf) by extensions ['ignore', 'ignore_ament_install']
[0.254s] Level 1:colcon.colcon_core.package_identification:_identify(vrx/vrx_urdf) by extension 'ignore'
[0.254s] Level 1:colcon.colcon_core.package_identification:_identify(vrx/vrx_urdf) by extension 'ignore_ament_install'
[0.254s] Level 1:colcon.colcon_core.package_identification:_identify(vrx/vrx_urdf) by extensions ['colcon_pkg']
[0.254s] Level 1:colcon.colcon_core.package_identification:_identify(vrx/vrx_urdf) by extension 'colcon_pkg'
[0.254s] Level 1:colcon.colcon_core.package_identification:_identify(vrx/vrx_urdf) by extensions ['colcon_meta']
[0.254s] Level 1:colcon.colcon_core.package_identification:_identify(vrx/vrx_urdf) by extension 'colcon_meta'
[0.254s] Level 1:colcon.colcon_core.package_identification:_identify(vrx/vrx_urdf) by extensions ['ros']
[0.254s] Level 1:colcon.colcon_core.package_identification:_identify(vrx/vrx_urdf) by extension 'ros'
[0.254s] Level 1:colcon.colcon_core.package_identification:_identify(vrx/vrx_urdf) by extensions ['cmake', 'python']
[0.254s] Level 1:colcon.colcon_core.package_identification:_identify(vrx/vrx_urdf) by extension 'cmake'
[0.255s] Level 1:colcon.colcon_core.package_identification:_identify(vrx/vrx_urdf) by extension 'python'
[0.255s] Level 1:colcon.colcon_core.package_identification:_identify(vrx/vrx_urdf) by extensions ['python_setup_py']
[0.255s] Level 1:colcon.colcon_core.package_identification:_identify(vrx/vrx_urdf) by extension 'python_setup_py'
[0.255s] Level 1:colcon.colcon_core.package_identification:_identify(vrx/vrx_urdf/vrx_gazebo) by extensions ['ignore', 'ignore_ament_install']
[0.255s] Level 1:colcon.colcon_core.package_identification:_identify(vrx/vrx_urdf/vrx_gazebo) by extension 'ignore'
[0.255s] Level 1:colcon.colcon_core.package_identification:_identify(vrx/vrx_urdf/vrx_gazebo) by extension 'ignore_ament_install'
[0.255s] Level 1:colcon.colcon_core.package_identification:_identify(vrx/vrx_urdf/vrx_gazebo) by extensions ['colcon_pkg']
[0.255s] Level 1:colcon.colcon_core.package_identification:_identify(vrx/vrx_urdf/vrx_gazebo) by extension 'colcon_pkg'
[0.255s] Level 1:colcon.colcon_core.package_identification:_identify(vrx/vrx_urdf/vrx_gazebo) by extensions ['colcon_meta']
[0.255s] Level 1:colcon.colcon_core.package_identification:_identify(vrx/vrx_urdf/vrx_gazebo) by extension 'colcon_meta'
[0.255s] Level 1:colcon.colcon_core.package_identification:_identify(vrx/vrx_urdf/vrx_gazebo) by extensions ['ros']
[0.255s] Level 1:colcon.colcon_core.package_identification:_identify(vrx/vrx_urdf/vrx_gazebo) by extension 'ros'
[0.255s] DEBUG:colcon.colcon_core.package_identification:Package 'vrx/vrx_urdf/vrx_gazebo' with type 'ros.ament_cmake' and name 'vrx_gazebo'
[0.255s] Level 1:colcon.colcon_core.package_identification:_identify(vrx/vrx_urdf/wamv_description) by extensions ['ignore', 'ignore_ament_install']
[0.256s] Level 1:colcon.colcon_core.package_identification:_identify(vrx/vrx_urdf/wamv_description) by extension 'ignore'
[0.256s] Level 1:colcon.colcon_core.package_identification:_identify(vrx/vrx_urdf/wamv_description) by extension 'ignore_ament_install'
[0.256s] Level 1:colcon.colcon_core.package_identification:_identify(vrx/vrx_urdf/wamv_description) by extensions ['colcon_pkg']
[0.256s] Level 1:colcon.colcon_core.package_identification:_identify(vrx/vrx_urdf/wamv_description) by extension 'colcon_pkg'
[0.256s] Level 1:colcon.colcon_core.package_identification:_identify(vrx/vrx_urdf/wamv_description) by extensions ['colcon_meta']
[0.256s] Level 1:colcon.colcon_core.package_identification:_identify(vrx/vrx_urdf/wamv_description) by extension 'colcon_meta'
[0.256s] Level 1:colcon.colcon_core.package_identification:_identify(vrx/vrx_urdf/wamv_description) by extensions ['ros']
[0.256s] Level 1:colcon.colcon_core.package_identification:_identify(vrx/vrx_urdf/wamv_description) by extension 'ros'
[0.257s] DEBUG:colcon.colcon_core.package_identification:Package 'vrx/vrx_urdf/wamv_description' with type 'ros.ament_cmake' and name 'wamv_description'
[0.257s] Level 1:colcon.colcon_core.package_identification:_identify(vrx/vrx_urdf/wamv_gazebo) by extensions ['ignore', 'ignore_ament_install']
[0.257s] Level 1:colcon.colcon_core.package_identification:_identify(vrx/vrx_urdf/wamv_gazebo) by extension 'ignore'
[0.257s] Level 1:colcon.colcon_core.package_identification:_identify(vrx/vrx_urdf/wamv_gazebo) by extension 'ignore_ament_install'
[0.257s] Level 1:colcon.colcon_core.package_identification:_identify(vrx/vrx_urdf/wamv_gazebo) by extensions ['colcon_pkg']
[0.257s] Level 1:colcon.colcon_core.package_identification:_identify(vrx/vrx_urdf/wamv_gazebo) by extension 'colcon_pkg'
[0.257s] Level 1:colcon.colcon_core.package_identification:_identify(vrx/vrx_urdf/wamv_gazebo) by extensions ['colcon_meta']
[0.257s] Level 1:colcon.colcon_core.package_identification:_identify(vrx/vrx_urdf/wamv_gazebo) by extension 'colcon_meta'
[0.257s] Level 1:colcon.colcon_core.package_identification:_identify(vrx/vrx_urdf/wamv_gazebo) by extensions ['ros']
[0.257s] Level 1:colcon.colcon_core.package_identification:_identify(vrx/vrx_urdf/wamv_gazebo) by extension 'ros'
[0.258s] DEBUG:colcon.colcon_core.package_identification:Package 'vrx/vrx_urdf/wamv_gazebo' with type 'ros.ament_cmake' and name 'wamv_gazebo'
[0.258s] Level 1:colcon.colcon_core.package_discovery:discover_packages(recursive) using defaults
[0.258s] Level 1:colcon.colcon_core.package_discovery:discover_packages(ignore) discover
[0.258s] Level 1:colcon.colcon_core.package_discovery:discover_packages(ignore) using defaults
[0.258s] Level 1:colcon.colcon_core.package_discovery:discover_packages(path) discover
[0.258s] Level 1:colcon.colcon_core.package_discovery:discover_packages(path) using defaults
[0.279s] Level 1:colcon.colcon_core.package_discovery:discover_packages(prefix_path) check parameters
[0.280s] Level 1:colcon.colcon_core.package_discovery:discover_packages(prefix_path) discover
[0.281s] DEBUG:colcon.colcon_installed_package_information.package_discovery:Found 5 installed packages in /home/mrxiuer/project/毕设/demo/src/install
[0.282s] DEBUG:colcon.colcon_installed_package_information.package_discovery:Found 379 installed packages in /opt/ros/humble
[0.284s] Level 1:colcon.colcon_core.package_discovery:discover_packages(prefix_path) using defaults
[0.318s] Level 5:colcon.colcon_core.verb:set package 'vrx_gazebo' build argument 'cmake_args' from command line to 'None'
[0.318s] Level 5:colcon.colcon_core.verb:set package 'vrx_gazebo' build argument 'cmake_target' from command line to 'None'
[0.318s] Level 5:colcon.colcon_core.verb:set package 'vrx_gazebo' build argument 'cmake_target_skip_unavailable' from command line to 'False'
[0.318s] Level 5:colcon.colcon_core.verb:set package 'vrx_gazebo' build argument 'cmake_clean_cache' from command line to 'False'
[0.318s] Level 5:colcon.colcon_core.verb:set package 'vrx_gazebo' build argument 'cmake_clean_first' from command line to 'False'
[0.318s] Level 5:colcon.colcon_core.verb:set package 'vrx_gazebo' build argument 'cmake_force_configure' from command line to 'False'
[0.318s] Level 5:colcon.colcon_core.verb:set package 'vrx_gazebo' build argument 'ament_cmake_args' from command line to 'None'
[0.318s] Level 5:colcon.colcon_core.verb:set package 'vrx_gazebo' build argument 'catkin_cmake_args' from command line to 'None'
[0.318s] Level 5:colcon.colcon_core.verb:set package 'vrx_gazebo' build argument 'catkin_skip_building_tests' from command line to 'False'
[0.318s] DEBUG:colcon.colcon_core.verb:Building package 'vrx_gazebo' with the following arguments: {'ament_cmake_args': None, 'build_base': '/home/mrxiuer/project/毕设/demo/src/build/vrx_gazebo', 'catkin_cmake_args': None, 'catkin_skip_building_tests': False, 'cmake_args': None, 'cmake_clean_cache': False, 'cmake_clean_first': False, 'cmake_force_configure': False, 'cmake_target': None, 'cmake_target_skip_unavailable': False, 'install_base': '/home/mrxiuer/project/毕设/demo/src/install', 'merge_install': True, 'path': '/home/mrxiuer/project/毕设/demo/src/vrx/vrx_urdf/vrx_gazebo', 'symlink_install': False, 'test_result_base': None}
[0.319s] Level 5:colcon.colcon_core.verb:set package 'vrx_ros' build argument 'cmake_args' from command line to 'None'
[0.319s] Level 5:colcon.colcon_core.verb:set package 'vrx_ros' build argument 'cmake_target' from command line to 'None'
[0.319s] Level 5:colcon.colcon_core.verb:set package 'vrx_ros' build argument 'cmake_target_skip_unavailable' from command line to 'False'
[0.319s] Level 5:colcon.colcon_core.verb:set package 'vrx_ros' build argument 'cmake_clean_cache' from command line to 'False'
[0.319s] Level 5:colcon.colcon_core.verb:set package 'vrx_ros' build argument 'cmake_clean_first' from command line to 'False'
[0.319s] Level 5:colcon.colcon_core.verb:set package 'vrx_ros' build argument 'cmake_force_configure' from command line to 'False'
[0.319s] Level 5:colcon.colcon_core.verb:set package 'vrx_ros' build argument 'ament_cmake_args' from command line to 'None'
[0.319s] Level 5:colcon.colcon_core.verb:set package 'vrx_ros' build argument 'catkin_cmake_args' from command line to 'None'
[0.319s] Level 5:colcon.colcon_core.verb:set package 'vrx_ros' build argument 'catkin_skip_building_tests' from command line to 'False'
[0.319s] DEBUG:colcon.colcon_core.verb:Building package 'vrx_ros' with the following arguments: {'ament_cmake_args': None, 'build_base': '/home/mrxiuer/project/毕设/demo/src/build/vrx_ros', 'catkin_cmake_args': None, 'catkin_skip_building_tests': False, 'cmake_args': None, 'cmake_clean_cache': False, 'cmake_clean_first': False, 'cmake_force_configure': False, 'cmake_target': None, 'cmake_target_skip_unavailable': False, 'install_base': '/home/mrxiuer/project/毕设/demo/src/install', 'merge_install': True, 'path': '/home/mrxiuer/project/毕设/demo/src/vrx/vrx_ros', 'symlink_install': False, 'test_result_base': None}
[0.319s] Level 5:colcon.colcon_core.verb:set package 'vrx_gz' build argument 'cmake_args' from command line to 'None'
[0.319s] Level 5:colcon.colcon_core.verb:set package 'vrx_gz' build argument 'cmake_target' from command line to 'None'
[0.319s] Level 5:colcon.colcon_core.verb:set package 'vrx_gz' build argument 'cmake_target_skip_unavailable' from command line to 'False'
[0.319s] Level 5:colcon.colcon_core.verb:set package 'vrx_gz' build argument 'cmake_clean_cache' from command line to 'False'
[0.319s] Level 5:colcon.colcon_core.verb:set package 'vrx_gz' build argument 'cmake_clean_first' from command line to 'False'
[0.319s] Level 5:colcon.colcon_core.verb:set package 'vrx_gz' build argument 'cmake_force_configure' from command line to 'False'
[0.319s] Level 5:colcon.colcon_core.verb:set package 'vrx_gz' build argument 'ament_cmake_args' from command line to 'None'
[0.319s] Level 5:colcon.colcon_core.verb:set package 'vrx_gz' build argument 'catkin_cmake_args' from command line to 'None'
[0.319s] Level 5:colcon.colcon_core.verb:set package 'vrx_gz' build argument 'catkin_skip_building_tests' from command line to 'False'
[0.319s] DEBUG:colcon.colcon_core.verb:Building package 'vrx_gz' with the following arguments: {'ament_cmake_args': None, 'build_base': '/home/mrxiuer/project/毕设/demo/src/build/vrx_gz', 'catkin_cmake_args': None, 'catkin_skip_building_tests': False, 'cmake_args': None, 'cmake_clean_cache': False, 'cmake_clean_first': False, 'cmake_force_configure': False, 'cmake_target': None, 'cmake_target_skip_unavailable': False, 'install_base': '/home/mrxiuer/project/毕设/demo/src/install', 'merge_install': True, 'path': '/home/mrxiuer/project/毕设/demo/src/vrx/vrx_gz', 'symlink_install': False, 'test_result_base': None}
[0.320s] Level 5:colcon.colcon_core.verb:set package 'wamv_description' build argument 'cmake_args' from command line to 'None'
[0.320s] Level 5:colcon.colcon_core.verb:set package 'wamv_description' build argument 'cmake_target' from command line to 'None'
[0.320s] Level 5:colcon.colcon_core.verb:set package 'wamv_description' build argument 'cmake_target_skip_unavailable' from command line to 'False'
[0.320s] Level 5:colcon.colcon_core.verb:set package 'wamv_description' build argument 'cmake_clean_cache' from command line to 'False'
[0.320s] Level 5:colcon.colcon_core.verb:set package 'wamv_description' build argument 'cmake_clean_first' from command line to 'False'
[0.320s] Level 5:colcon.colcon_core.verb:set package 'wamv_description' build argument 'cmake_force_configure' from command line to 'False'
[0.320s] Level 5:colcon.colcon_core.verb:set package 'wamv_description' build argument 'ament_cmake_args' from command line to 'None'
[0.320s] Level 5:colcon.colcon_core.verb:set package 'wamv_description' build argument 'catkin_cmake_args' from command line to 'None'
[0.320s] Level 5:colcon.colcon_core.verb:set package 'wamv_description' build argument 'catkin_skip_building_tests' from command line to 'False'
[0.320s] DEBUG:colcon.colcon_core.verb:Building package 'wamv_description' with the following arguments: {'ament_cmake_args': None, 'build_base': '/home/mrxiuer/project/毕设/demo/src/build/wamv_description', 'catkin_cmake_args': None, 'catkin_skip_building_tests': False, 'cmake_args': None, 'cmake_clean_cache': False, 'cmake_clean_first': False, 'cmake_force_configure': False, 'cmake_target': None, 'cmake_target_skip_unavailable': False, 'install_base': '/home/mrxiuer/project/毕设/demo/src/install', 'merge_install': True, 'path': '/home/mrxiuer/project/毕设/demo/src/vrx/vrx_urdf/wamv_description', 'symlink_install': False, 'test_result_base': None}
[0.320s] Level 5:colcon.colcon_core.verb:set package 'wamv_gazebo' build argument 'cmake_args' from command line to 'None'
[0.320s] Level 5:colcon.colcon_core.verb:set package 'wamv_gazebo' build argument 'cmake_target' from command line to 'None'
[0.320s] Level 5:colcon.colcon_core.verb:set package 'wamv_gazebo' build argument 'cmake_target_skip_unavailable' from command line to 'False'
[0.320s] Level 5:colcon.colcon_core.verb:set package 'wamv_gazebo' build argument 'cmake_clean_cache' from command line to 'False'
[0.320s] Level 5:colcon.colcon_core.verb:set package 'wamv_gazebo' build argument 'cmake_clean_first' from command line to 'False'
[0.320s] Level 5:colcon.colcon_core.verb:set package 'wamv_gazebo' build argument 'cmake_force_configure' from command line to 'False'
[0.320s] Level 5:colcon.colcon_core.verb:set package 'wamv_gazebo' build argument 'ament_cmake_args' from command line to 'None'
[0.320s] Level 5:colcon.colcon_core.verb:set package 'wamv_gazebo' build argument 'catkin_cmake_args' from command line to 'None'
[0.320s] Level 5:colcon.colcon_core.verb:set package 'wamv_gazebo' build argument 'catkin_skip_building_tests' from command line to 'False'
[0.320s] DEBUG:colcon.colcon_core.verb:Building package 'wamv_gazebo' with the following arguments: {'ament_cmake_args': None, 'build_base': '/home/mrxiuer/project/毕设/demo/src/build/wamv_gazebo', 'catkin_cmake_args': None, 'catkin_skip_building_tests': False, 'cmake_args': None, 'cmake_clean_cache': False, 'cmake_clean_first': False, 'cmake_force_configure': False, 'cmake_target': None, 'cmake_target_skip_unavailable': False, 'install_base': '/home/mrxiuer/project/毕设/demo/src/install', 'merge_install': True, 'path': '/home/mrxiuer/project/毕设/demo/src/vrx/vrx_urdf/wamv_gazebo', 'symlink_install': False, 'test_result_base': None}
[0.320s] INFO:colcon.colcon_core.executor:Executing jobs using 'parallel' executor
[0.321s] DEBUG:colcon.colcon_parallel_executor.executor.parallel:run_until_complete
[0.321s] INFO:colcon.colcon_ros.task.ament_cmake.build:Building ROS package in '/home/mrxiuer/project/毕设/demo/src/vrx/vrx_urdf/vrx_gazebo' with build type 'ament_cmake'
[0.321s] INFO:colcon.colcon_cmake.task.cmake.build:Building CMake package in '/home/mrxiuer/project/毕设/demo/src/vrx/vrx_urdf/vrx_gazebo'
[0.323s] INFO:colcon.colcon_core.plugin_system:Skipping extension 'colcon_core.shell.bat': Not used on non-Windows systems
[0.323s] INFO:colcon.colcon_core.shell:Skip shell extension 'powershell' for command environment: Not usable outside of PowerShell
[0.323s] DEBUG:colcon.colcon_core.shell:Skip shell extension 'dsv' for command environment
[0.327s] INFO:colcon.colcon_ros.task.ament_cmake.build:Building ROS package in '/home/mrxiuer/project/毕设/demo/src/vrx/vrx_ros' with build type 'ament_cmake'
[0.327s] INFO:colcon.colcon_cmake.task.cmake.build:Building CMake package in '/home/mrxiuer/project/毕设/demo/src/vrx/vrx_ros'
[0.327s] INFO:colcon.colcon_core.shell:Skip shell extension 'powershell' for command environment: Not usable outside of PowerShell
[0.327s] DEBUG:colcon.colcon_core.shell:Skip shell extension 'dsv' for command environment
[0.334s] DEBUG:colcon.colcon_core.event_handler.log_command:Invoking command in '/home/mrxiuer/project/毕设/demo/src/build/vrx_gazebo': CMAKE_PREFIX_PATH=${CMAKE_PREFIX_PATH}:/opt/ros/humble /usr/bin/cmake --build /home/mrxiuer/project/毕设/demo/src/build/vrx_gazebo -- -j16 -l16
[0.337s] DEBUG:colcon.colcon_core.event_handler.log_command:Invoking command in '/home/mrxiuer/project/毕设/demo/src/build/vrx_ros': CMAKE_PREFIX_PATH=${CMAKE_PREFIX_PATH}:/opt/ros/humble /usr/bin/cmake --build /home/mrxiuer/project/毕设/demo/src/build/vrx_ros -- -j16 -l16
[0.397s] DEBUG:colcon.colcon_core.event_handler.log_command:Invoked command in '/home/mrxiuer/project/毕设/demo/src/build/vrx_ros' returned '0': CMAKE_PREFIX_PATH=${CMAKE_PREFIX_PATH}:/opt/ros/humble /usr/bin/cmake --build /home/mrxiuer/project/毕设/demo/src/build/vrx_ros -- -j16 -l16
[0.407s] DEBUG:colcon.colcon_core.event_handler.log_command:Invoking command in '/home/mrxiuer/project/毕设/demo/src/build/vrx_ros': CMAKE_PREFIX_PATH=${CMAKE_PREFIX_PATH}:/opt/ros/humble /usr/bin/cmake --install /home/mrxiuer/project/毕设/demo/src/build/vrx_ros
[0.415s] Level 1:colcon.colcon_core.environment:create_environment_scripts_only(vrx_ros)
[0.416s] DEBUG:colcon.colcon_core.event_handler.log_command:Invoked command in '/home/mrxiuer/project/毕设/demo/src/build/vrx_ros' returned '0': CMAKE_PREFIX_PATH=${CMAKE_PREFIX_PATH}:/opt/ros/humble /usr/bin/cmake --install /home/mrxiuer/project/毕设/demo/src/build/vrx_ros
[0.418s] Level 1:colcon.colcon_core.environment:checking '/home/mrxiuer/project/毕设/demo/src/install' for CMake module files
[0.418s] Level 1:colcon.colcon_core.environment:checking '/home/mrxiuer/project/毕设/demo/src/install' for CMake config files
[0.419s] Level 1:colcon.colcon_core.shell:create_environment_hook('vrx_ros', 'cmake_prefix_path')
[0.419s] INFO:colcon.colcon_core.shell:Creating environment hook '/home/mrxiuer/project/毕设/demo/src/install/share/vrx_ros/hook/cmake_prefix_path.ps1'
[0.420s] INFO:colcon.colcon_core.shell:Creating environment descriptor '/home/mrxiuer/project/毕设/demo/src/install/share/vrx_ros/hook/cmake_prefix_path.dsv'
[0.420s] INFO:colcon.colcon_core.shell:Creating environment hook '/home/mrxiuer/project/毕设/demo/src/install/share/vrx_ros/hook/cmake_prefix_path.sh'
[0.421s] Level 1:colcon.colcon_core.environment:checking '/home/mrxiuer/project/毕设/demo/src/install/lib'
[0.421s] Level 1:colcon.colcon_core.shell:create_environment_hook('vrx_ros', 'ld_library_path_lib')
[0.421s] INFO:colcon.colcon_core.shell:Creating environment hook '/home/mrxiuer/project/毕设/demo/src/install/share/vrx_ros/hook/ld_library_path_lib.ps1'
[0.421s] INFO:colcon.colcon_core.shell:Creating environment descriptor '/home/mrxiuer/project/毕设/demo/src/install/share/vrx_ros/hook/ld_library_path_lib.dsv'
[0.422s] INFO:colcon.colcon_core.shell:Creating environment hook '/home/mrxiuer/project/毕设/demo/src/install/share/vrx_ros/hook/ld_library_path_lib.sh'
[0.422s] Level 1:colcon.colcon_core.environment:checking '/home/mrxiuer/project/毕设/demo/src/install/bin'
[0.422s] Level 1:colcon.colcon_core.environment:checking '/home/mrxiuer/project/毕设/demo/src/install/lib/pkgconfig/vrx_ros.pc'
[0.422s] Level 1:colcon.colcon_core.environment:checking '/home/mrxiuer/project/毕设/demo/src/install/lib/python3.10/site-packages'
[0.422s] Level 1:colcon.colcon_core.environment:checking '/home/mrxiuer/project/毕设/demo/src/install/bin'
[0.423s] INFO:colcon.colcon_core.shell:Creating package script '/home/mrxiuer/project/毕设/demo/src/install/share/vrx_ros/package.ps1'
[0.423s] INFO:colcon.colcon_core.shell:Creating package descriptor '/home/mrxiuer/project/毕设/demo/src/install/share/vrx_ros/package.dsv'
[0.424s] INFO:colcon.colcon_core.shell:Creating package script '/home/mrxiuer/project/毕设/demo/src/install/share/vrx_ros/package.sh'
[0.424s] INFO:colcon.colcon_core.shell:Creating package script '/home/mrxiuer/project/毕设/demo/src/install/share/vrx_ros/package.bash'
[0.425s] INFO:colcon.colcon_core.shell:Creating package script '/home/mrxiuer/project/毕设/demo/src/install/share/vrx_ros/package.zsh'
[0.425s] Level 1:colcon.colcon_core.environment:create_file_with_runtime_dependencies(/home/mrxiuer/project/毕设/demo/src/install/share/colcon-core/packages/vrx_ros)
[0.426s] Level 1:colcon.colcon_core.environment:create_environment_scripts_only(vrx_ros)
[0.426s] Level 1:colcon.colcon_core.environment:checking '/home/mrxiuer/project/毕设/demo/src/install' for CMake module files
[0.426s] Level 1:colcon.colcon_core.environment:checking '/home/mrxiuer/project/毕设/demo/src/install' for CMake config files
[0.427s] Level 1:colcon.colcon_core.shell:create_environment_hook('vrx_ros', 'cmake_prefix_path')
[0.427s] INFO:colcon.colcon_core.shell:Creating environment hook '/home/mrxiuer/project/毕设/demo/src/install/share/vrx_ros/hook/cmake_prefix_path.ps1'
[0.427s] INFO:colcon.colcon_core.shell:Creating environment descriptor '/home/mrxiuer/project/毕设/demo/src/install/share/vrx_ros/hook/cmake_prefix_path.dsv'
[0.428s] INFO:colcon.colcon_core.shell:Creating environment hook '/home/mrxiuer/project/毕设/demo/src/install/share/vrx_ros/hook/cmake_prefix_path.sh'
[0.428s] Level 1:colcon.colcon_core.environment:checking '/home/mrxiuer/project/毕设/demo/src/install/lib'
[0.428s] Level 1:colcon.colcon_core.shell:create_environment_hook('vrx_ros', 'ld_library_path_lib')
[0.428s] INFO:colcon.colcon_core.shell:Creating environment hook '/home/mrxiuer/project/毕设/demo/src/install/share/vrx_ros/hook/ld_library_path_lib.ps1'
[0.429s] INFO:colcon.colcon_core.shell:Creating environment descriptor '/home/mrxiuer/project/毕设/demo/src/install/share/vrx_ros/hook/ld_library_path_lib.dsv'
[0.429s] INFO:colcon.colcon_core.shell:Creating environment hook '/home/mrxiuer/project/毕设/demo/src/install/share/vrx_ros/hook/ld_library_path_lib.sh'
[0.429s] Level 1:colcon.colcon_core.environment:checking '/home/mrxiuer/project/毕设/demo/src/install/bin'
[0.429s] Level 1:colcon.colcon_core.environment:checking '/home/mrxiuer/project/毕设/demo/src/install/lib/pkgconfig/vrx_ros.pc'
[0.429s] Level 1:colcon.colcon_core.environment:checking '/home/mrxiuer/project/毕设/demo/src/install/lib/python3.10/site-packages'
[0.429s] Level 1:colcon.colcon_core.environment:checking '/home/mrxiuer/project/毕设/demo/src/install/bin'
[0.430s] INFO:colcon.colcon_core.shell:Creating package script '/home/mrxiuer/project/毕设/demo/src/install/share/vrx_ros/package.ps1'
[0.430s] INFO:colcon.colcon_core.shell:Creating package descriptor '/home/mrxiuer/project/毕设/demo/src/install/share/vrx_ros/package.dsv'
[0.430s] INFO:colcon.colcon_core.shell:Creating package script '/home/mrxiuer/project/毕设/demo/src/install/share/vrx_ros/package.sh'
[0.431s] INFO:colcon.colcon_core.shell:Creating package script '/home/mrxiuer/project/毕设/demo/src/install/share/vrx_ros/package.bash'
[0.431s] INFO:colcon.colcon_core.shell:Creating package script '/home/mrxiuer/project/毕设/demo/src/install/share/vrx_ros/package.zsh'
[0.431s] Level 1:colcon.colcon_core.environment:create_file_with_runtime_dependencies(/home/mrxiuer/project/毕设/demo/src/install/share/colcon-core/packages/vrx_ros)
[0.432s] INFO:colcon.colcon_ros.task.ament_cmake.build:Building ROS package in '/home/mrxiuer/project/毕设/demo/src/vrx/vrx_gz' with build type 'ament_cmake'
[0.432s] INFO:colcon.colcon_cmake.task.cmake.build:Building CMake package in '/home/mrxiuer/project/毕设/demo/src/vrx/vrx_gz'
[0.432s] INFO:colcon.colcon_core.shell:Skip shell extension 'powershell' for command environment: Not usable outside of PowerShell
[0.432s] DEBUG:colcon.colcon_core.shell:Skip shell extension 'dsv' for command environment
[0.442s] DEBUG:colcon.colcon_core.event_handler.log_command:Invoking command in '/home/mrxiuer/project/毕设/demo/src/build/vrx_gz': CMAKE_PREFIX_PATH=${CMAKE_PREFIX_PATH}:/opt/ros/humble LD_LIBRARY_PATH=/home/mrxiuer/project/毕设/demo/src/install/lib:/usr/local/lib:/opt/ros/humble/opt/rviz_ogre_vendor/lib:/opt/ros/humble/lib/x86_64-linux-gnu:/opt/ros/humble/lib /usr/bin/cmake --build /home/mrxiuer/project/毕设/demo/src/build/vrx_gz -- -j16 -l16
[0.652s] DEBUG:colcon.colcon_core.event_handler.log_command:Invoked command in '/home/mrxiuer/project/毕设/demo/src/build/vrx_gazebo' returned '0': CMAKE_PREFIX_PATH=${CMAKE_PREFIX_PATH}:/opt/ros/humble /usr/bin/cmake --build /home/mrxiuer/project/毕设/demo/src/build/vrx_gazebo -- -j16 -l16
[0.654s] DEBUG:colcon.colcon_core.event_handler.log_command:Invoking command in '/home/mrxiuer/project/毕设/demo/src/build/vrx_gazebo': CMAKE_PREFIX_PATH=${CMAKE_PREFIX_PATH}:/opt/ros/humble /usr/bin/cmake --install /home/mrxiuer/project/毕设/demo/src/build/vrx_gazebo
[0.696s] Level 1:colcon.colcon_core.environment:create_environment_scripts_only(vrx_gazebo)
[0.696s] Level 1:colcon.colcon_core.environment:checking '/home/mrxiuer/project/毕设/demo/src/install' for CMake module files
[0.697s] DEBUG:colcon.colcon_core.event_handler.log_command:Invoked command in '/home/mrxiuer/project/毕设/demo/src/build/vrx_gazebo' returned '0': CMAKE_PREFIX_PATH=${CMAKE_PREFIX_PATH}:/opt/ros/humble /usr/bin/cmake --install /home/mrxiuer/project/毕设/demo/src/build/vrx_gazebo
[0.698s] Level 1:colcon.colcon_core.environment:checking '/home/mrxiuer/project/毕设/demo/src/install' for CMake config files
[0.698s] Level 1:colcon.colcon_core.shell:create_environment_hook('vrx_gazebo', 'cmake_prefix_path')
[0.698s] INFO:colcon.colcon_core.shell:Creating environment hook '/home/mrxiuer/project/毕设/demo/src/install/share/vrx_gazebo/hook/cmake_prefix_path.ps1'
[0.699s] INFO:colcon.colcon_core.shell:Creating environment descriptor '/home/mrxiuer/project/毕设/demo/src/install/share/vrx_gazebo/hook/cmake_prefix_path.dsv'
[0.699s] INFO:colcon.colcon_core.shell:Creating environment hook '/home/mrxiuer/project/毕设/demo/src/install/share/vrx_gazebo/hook/cmake_prefix_path.sh'
[0.700s] Level 1:colcon.colcon_core.environment:checking '/home/mrxiuer/project/毕设/demo/src/install/lib'
[0.700s] Level 1:colcon.colcon_core.shell:create_environment_hook('vrx_gazebo', 'ld_library_path_lib')
[0.700s] INFO:colcon.colcon_core.shell:Creating environment hook '/home/mrxiuer/project/毕设/demo/src/install/share/vrx_gazebo/hook/ld_library_path_lib.ps1'
[0.700s] INFO:colcon.colcon_core.shell:Creating environment descriptor '/home/mrxiuer/project/毕设/demo/src/install/share/vrx_gazebo/hook/ld_library_path_lib.dsv'
[0.700s] INFO:colcon.colcon_core.shell:Creating environment hook '/home/mrxiuer/project/毕设/demo/src/install/share/vrx_gazebo/hook/ld_library_path_lib.sh'
[0.701s] Level 1:colcon.colcon_core.environment:checking '/home/mrxiuer/project/毕设/demo/src/install/bin'
[0.701s] Level 1:colcon.colcon_core.environment:checking '/home/mrxiuer/project/毕设/demo/src/install/lib/pkgconfig/vrx_gazebo.pc'
[0.701s] Level 1:colcon.colcon_core.environment:checking '/home/mrxiuer/project/毕设/demo/src/install/lib/python3.10/site-packages'
[0.701s] Level 1:colcon.colcon_core.environment:checking '/home/mrxiuer/project/毕设/demo/src/install/bin'
[0.701s] INFO:colcon.colcon_core.shell:Creating package script '/home/mrxiuer/project/毕设/demo/src/install/share/vrx_gazebo/package.ps1'
[0.702s] INFO:colcon.colcon_core.shell:Creating package descriptor '/home/mrxiuer/project/毕设/demo/src/install/share/vrx_gazebo/package.dsv'
[0.702s] INFO:colcon.colcon_core.shell:Creating package script '/home/mrxiuer/project/毕设/demo/src/install/share/vrx_gazebo/package.sh'
[0.702s] INFO:colcon.colcon_core.shell:Creating package script '/home/mrxiuer/project/毕设/demo/src/install/share/vrx_gazebo/package.bash'
[0.703s] INFO:colcon.colcon_core.shell:Creating package script '/home/mrxiuer/project/毕设/demo/src/install/share/vrx_gazebo/package.zsh'
[0.703s] Level 1:colcon.colcon_core.environment:create_file_with_runtime_dependencies(/home/mrxiuer/project/毕设/demo/src/install/share/colcon-core/packages/vrx_gazebo)
[0.703s] Level 1:colcon.colcon_core.environment:create_environment_scripts_only(vrx_gazebo)
[0.704s] Level 1:colcon.colcon_core.environment:checking '/home/mrxiuer/project/毕设/demo/src/install' for CMake module files
[0.704s] Level 1:colcon.colcon_core.environment:checking '/home/mrxiuer/project/毕设/demo/src/install' for CMake config files
[0.704s] Level 1:colcon.colcon_core.shell:create_environment_hook('vrx_gazebo', 'cmake_prefix_path')
[0.705s] INFO:colcon.colcon_core.shell:Creating environment hook '/home/mrxiuer/project/毕设/demo/src/install/share/vrx_gazebo/hook/cmake_prefix_path.ps1'
[0.705s] INFO:colcon.colcon_core.shell:Creating environment descriptor '/home/mrxiuer/project/毕设/demo/src/install/share/vrx_gazebo/hook/cmake_prefix_path.dsv'
[0.705s] INFO:colcon.colcon_core.shell:Creating environment hook '/home/mrxiuer/project/毕设/demo/src/install/share/vrx_gazebo/hook/cmake_prefix_path.sh'
[0.706s] Level 1:colcon.colcon_core.environment:checking '/home/mrxiuer/project/毕设/demo/src/install/lib'
[0.706s] Level 1:colcon.colcon_core.shell:create_environment_hook('vrx_gazebo', 'ld_library_path_lib')
[0.706s] INFO:colcon.colcon_core.shell:Creating environment hook '/home/mrxiuer/project/毕设/demo/src/install/share/vrx_gazebo/hook/ld_library_path_lib.ps1'
[0.706s] INFO:colcon.colcon_core.shell:Creating environment descriptor '/home/mrxiuer/project/毕设/demo/src/install/share/vrx_gazebo/hook/ld_library_path_lib.dsv'
[0.707s] INFO:colcon.colcon_core.shell:Creating environment hook '/home/mrxiuer/project/毕设/demo/src/install/share/vrx_gazebo/hook/ld_library_path_lib.sh'
[0.707s] Level 1:colcon.colcon_core.environment:checking '/home/mrxiuer/project/毕设/demo/src/install/bin'
[0.707s] Level 1:colcon.colcon_core.environment:checking '/home/mrxiuer/project/毕设/demo/src/install/lib/pkgconfig/vrx_gazebo.pc'
[0.707s] Level 1:colcon.colcon_core.environment:checking '/home/mrxiuer/project/毕设/demo/src/install/lib/python3.10/site-packages'
[0.708s] Level 1:colcon.colcon_core.environment:checking '/home/mrxiuer/project/毕设/demo/src/install/bin'
[0.708s] INFO:colcon.colcon_core.shell:Creating package script '/home/mrxiuer/project/毕设/demo/src/install/share/vrx_gazebo/package.ps1'
[0.708s] INFO:colcon.colcon_core.shell:Creating package descriptor '/home/mrxiuer/project/毕设/demo/src/install/share/vrx_gazebo/package.dsv'
[0.709s] INFO:colcon.colcon_core.shell:Creating package script '/home/mrxiuer/project/毕设/demo/src/install/share/vrx_gazebo/package.sh'
[0.709s] INFO:colcon.colcon_core.shell:Creating package script '/home/mrxiuer/project/毕设/demo/src/install/share/vrx_gazebo/package.bash'
[0.709s] INFO:colcon.colcon_core.shell:Creating package script '/home/mrxiuer/project/毕设/demo/src/install/share/vrx_gazebo/package.zsh'
[0.710s] Level 1:colcon.colcon_core.environment:create_file_with_runtime_dependencies(/home/mrxiuer/project/毕设/demo/src/install/share/colcon-core/packages/vrx_gazebo)
[0.710s] INFO:colcon.colcon_ros.task.ament_cmake.build:Building ROS package in '/home/mrxiuer/project/毕设/demo/src/vrx/vrx_urdf/wamv_description' with build type 'ament_cmake'
[0.710s] INFO:colcon.colcon_cmake.task.cmake.build:Building CMake package in '/home/mrxiuer/project/毕设/demo/src/vrx/vrx_urdf/wamv_description'
[0.710s] INFO:colcon.colcon_core.shell:Skip shell extension 'powershell' for command environment: Not usable outside of PowerShell
[0.710s] DEBUG:colcon.colcon_core.shell:Skip shell extension 'dsv' for command environment
[0.721s] DEBUG:colcon.colcon_core.event_handler.log_command:Invoking command in '/home/mrxiuer/project/毕设/demo/src/build/wamv_description': CMAKE_PREFIX_PATH=${CMAKE_PREFIX_PATH}:/opt/ros/humble GZ_SIM_RESOURCE_PATH=/home/mrxiuer/project/毕设/demo/src/install/share:${GZ_SIM_RESOURCE_PATH} LD_LIBRARY_PATH=/home/mrxiuer/project/毕设/demo/src/install/lib:/usr/local/lib:/opt/ros/humble/opt/rviz_ogre_vendor/lib:/opt/ros/humble/lib/x86_64-linux-gnu:/opt/ros/humble/lib /usr/bin/cmake --build /home/mrxiuer/project/毕设/demo/src/build/wamv_description -- -j16 -l16
[0.779s] DEBUG:colcon.colcon_core.event_handler.log_command:Invoked command in '/home/mrxiuer/project/毕设/demo/src/build/wamv_description' returned '0': CMAKE_PREFIX_PATH=${CMAKE_PREFIX_PATH}:/opt/ros/humble GZ_SIM_RESOURCE_PATH=/home/mrxiuer/project/毕设/demo/src/install/share:${GZ_SIM_RESOURCE_PATH} LD_LIBRARY_PATH=/home/mrxiuer/project/毕设/demo/src/install/lib:/usr/local/lib:/opt/ros/humble/opt/rviz_ogre_vendor/lib:/opt/ros/humble/lib/x86_64-linux-gnu:/opt/ros/humble/lib /usr/bin/cmake --build /home/mrxiuer/project/毕设/demo/src/build/wamv_description -- -j16 -l16
[0.781s] DEBUG:colcon.colcon_core.event_handler.log_command:Invoking command in '/home/mrxiuer/project/毕设/demo/src/build/wamv_description': CMAKE_PREFIX_PATH=${CMAKE_PREFIX_PATH}:/opt/ros/humble GZ_SIM_RESOURCE_PATH=/home/mrxiuer/project/毕设/demo/src/install/share:${GZ_SIM_RESOURCE_PATH} LD_LIBRARY_PATH=/home/mrxiuer/project/毕设/demo/src/install/lib:/usr/local/lib:/opt/ros/humble/opt/rviz_ogre_vendor/lib:/opt/ros/humble/lib/x86_64-linux-gnu:/opt/ros/humble/lib /usr/bin/cmake --install /home/mrxiuer/project/毕设/demo/src/build/wamv_description
[0.790s] Level 1:colcon.colcon_core.environment:create_environment_scripts_only(wamv_description)
[0.791s] Level 1:colcon.colcon_core.environment:checking '/home/mrxiuer/project/毕设/demo/src/install' for CMake module files
[0.791s] DEBUG:colcon.colcon_core.event_handler.log_command:Invoked command in '/home/mrxiuer/project/毕设/demo/src/build/wamv_description' returned '0': CMAKE_PREFIX_PATH=${CMAKE_PREFIX_PATH}:/opt/ros/humble GZ_SIM_RESOURCE_PATH=/home/mrxiuer/project/毕设/demo/src/install/share:${GZ_SIM_RESOURCE_PATH} LD_LIBRARY_PATH=/home/mrxiuer/project/毕设/demo/src/install/lib:/usr/local/lib:/opt/ros/humble/opt/rviz_ogre_vendor/lib:/opt/ros/humble/lib/x86_64-linux-gnu:/opt/ros/humble/lib /usr/bin/cmake --install /home/mrxiuer/project/毕设/demo/src/build/wamv_description
[0.791s] Level 1:colcon.colcon_core.environment:checking '/home/mrxiuer/project/毕设/demo/src/install' for CMake config files
[0.792s] Level 1:colcon.colcon_core.shell:create_environment_hook('wamv_description', 'cmake_prefix_path')
[0.792s] INFO:colcon.colcon_core.shell:Creating environment hook '/home/mrxiuer/project/毕设/demo/src/install/share/wamv_description/hook/cmake_prefix_path.ps1'
[0.792s] INFO:colcon.colcon_core.shell:Creating environment descriptor '/home/mrxiuer/project/毕设/demo/src/install/share/wamv_description/hook/cmake_prefix_path.dsv'
[0.793s] INFO:colcon.colcon_core.shell:Creating environment hook '/home/mrxiuer/project/毕设/demo/src/install/share/wamv_description/hook/cmake_prefix_path.sh'
[0.793s] Level 1:colcon.colcon_core.environment:checking '/home/mrxiuer/project/毕设/demo/src/install/lib'
[0.793s] Level 1:colcon.colcon_core.shell:create_environment_hook('wamv_description', 'ld_library_path_lib')
[0.793s] INFO:colcon.colcon_core.shell:Creating environment hook '/home/mrxiuer/project/毕设/demo/src/install/share/wamv_description/hook/ld_library_path_lib.ps1'
[0.794s] INFO:colcon.colcon_core.shell:Creating environment descriptor '/home/mrxiuer/project/毕设/demo/src/install/share/wamv_description/hook/ld_library_path_lib.dsv'
[0.794s] INFO:colcon.colcon_core.shell:Creating environment hook '/home/mrxiuer/project/毕设/demo/src/install/share/wamv_description/hook/ld_library_path_lib.sh'
[0.794s] Level 1:colcon.colcon_core.environment:checking '/home/mrxiuer/project/毕设/demo/src/install/bin'
[0.794s] Level 1:colcon.colcon_core.environment:checking '/home/mrxiuer/project/毕设/demo/src/install/lib/pkgconfig/wamv_description.pc'
[0.794s] Level 1:colcon.colcon_core.environment:checking '/home/mrxiuer/project/毕设/demo/src/install/lib/python3.10/site-packages'
[0.795s] Level 1:colcon.colcon_core.environment:checking '/home/mrxiuer/project/毕设/demo/src/install/bin'
[0.795s] INFO:colcon.colcon_core.shell:Creating package script '/home/mrxiuer/project/毕设/demo/src/install/share/wamv_description/package.ps1'
[0.795s] INFO:colcon.colcon_core.shell:Creating package descriptor '/home/mrxiuer/project/毕设/demo/src/install/share/wamv_description/package.dsv'
[0.796s] INFO:colcon.colcon_core.shell:Creating package script '/home/mrxiuer/project/毕设/demo/src/install/share/wamv_description/package.sh'
[0.796s] INFO:colcon.colcon_core.shell:Creating package script '/home/mrxiuer/project/毕设/demo/src/install/share/wamv_description/package.bash'
[0.796s] INFO:colcon.colcon_core.shell:Creating package script '/home/mrxiuer/project/毕设/demo/src/install/share/wamv_description/package.zsh'
[0.797s] Level 1:colcon.colcon_core.environment:create_file_with_runtime_dependencies(/home/mrxiuer/project/毕设/demo/src/install/share/colcon-core/packages/wamv_description)
[0.797s] Level 1:colcon.colcon_core.environment:create_environment_scripts_only(wamv_description)
[0.797s] Level 1:colcon.colcon_core.environment:checking '/home/mrxiuer/project/毕设/demo/src/install' for CMake module files
[0.798s] Level 1:colcon.colcon_core.environment:checking '/home/mrxiuer/project/毕设/demo/src/install' for CMake config files
[0.798s] Level 1:colcon.colcon_core.shell:create_environment_hook('wamv_description', 'cmake_prefix_path')
[0.798s] INFO:colcon.colcon_core.shell:Creating environment hook '/home/mrxiuer/project/毕设/demo/src/install/share/wamv_description/hook/cmake_prefix_path.ps1'
[0.799s] INFO:colcon.colcon_core.shell:Creating environment descriptor '/home/mrxiuer/project/毕设/demo/src/install/share/wamv_description/hook/cmake_prefix_path.dsv'
[0.799s] INFO:colcon.colcon_core.shell:Creating environment hook '/home/mrxiuer/project/毕设/demo/src/install/share/wamv_description/hook/cmake_prefix_path.sh'
[0.799s] Level 1:colcon.colcon_core.environment:checking '/home/mrxiuer/project/毕设/demo/src/install/lib'
[0.799s] Level 1:colcon.colcon_core.shell:create_environment_hook('wamv_description', 'ld_library_path_lib')
[0.800s] INFO:colcon.colcon_core.shell:Creating environment hook '/home/mrxiuer/project/毕设/demo/src/install/share/wamv_description/hook/ld_library_path_lib.ps1'
[0.800s] INFO:colcon.colcon_core.shell:Creating environment descriptor '/home/mrxiuer/project/毕设/demo/src/install/share/wamv_description/hook/ld_library_path_lib.dsv'
[0.800s] INFO:colcon.colcon_core.shell:Creating environment hook '/home/mrxiuer/project/毕设/demo/src/install/share/wamv_description/hook/ld_library_path_lib.sh'
[0.800s] Level 1:colcon.colcon_core.environment:checking '/home/mrxiuer/project/毕设/demo/src/install/bin'
[0.800s] Level 1:colcon.colcon_core.environment:checking '/home/mrxiuer/project/毕设/demo/src/install/lib/pkgconfig/wamv_description.pc'
[0.801s] Level 1:colcon.colcon_core.environment:checking '/home/mrxiuer/project/毕设/demo/src/install/lib/python3.10/site-packages'
[0.801s] Level 1:colcon.colcon_core.environment:checking '/home/mrxiuer/project/毕设/demo/src/install/bin'
[0.801s] INFO:colcon.colcon_core.shell:Creating package script '/home/mrxiuer/project/毕设/demo/src/install/share/wamv_description/package.ps1'
[0.801s] INFO:colcon.colcon_core.shell:Creating package descriptor '/home/mrxiuer/project/毕设/demo/src/install/share/wamv_description/package.dsv'
[0.802s] INFO:colcon.colcon_core.shell:Creating package script '/home/mrxiuer/project/毕设/demo/src/install/share/wamv_description/package.sh'
[0.802s] INFO:colcon.colcon_core.shell:Creating package script '/home/mrxiuer/project/毕设/demo/src/install/share/wamv_description/package.bash'
[0.803s] INFO:colcon.colcon_core.shell:Creating package script '/home/mrxiuer/project/毕设/demo/src/install/share/wamv_description/package.zsh'
[0.803s] Level 1:colcon.colcon_core.environment:create_file_with_runtime_dependencies(/home/mrxiuer/project/毕设/demo/src/install/share/colcon-core/packages/wamv_description)
[0.803s] INFO:colcon.colcon_ros.task.ament_cmake.build:Building ROS package in '/home/mrxiuer/project/毕设/demo/src/vrx/vrx_urdf/wamv_gazebo' with build type 'ament_cmake'
[0.803s] INFO:colcon.colcon_cmake.task.cmake.build:Building CMake package in '/home/mrxiuer/project/毕设/demo/src/vrx/vrx_urdf/wamv_gazebo'
[0.804s] INFO:colcon.colcon_core.shell:Skip shell extension 'powershell' for command environment: Not usable outside of PowerShell
[0.804s] DEBUG:colcon.colcon_core.shell:Skip shell extension 'dsv' for command environment
[0.807s] DEBUG:colcon.colcon_core.event_handler.log_command:Invoked command in '/home/mrxiuer/project/毕设/demo/src/build/vrx_gz' returned '0': CMAKE_PREFIX_PATH=${CMAKE_PREFIX_PATH}:/opt/ros/humble LD_LIBRARY_PATH=/home/mrxiuer/project/毕设/demo/src/install/lib:/usr/local/lib:/opt/ros/humble/opt/rviz_ogre_vendor/lib:/opt/ros/humble/lib/x86_64-linux-gnu:/opt/ros/humble/lib /usr/bin/cmake --build /home/mrxiuer/project/毕设/demo/src/build/vrx_gz -- -j16 -l16
[0.809s] DEBUG:colcon.colcon_core.event_handler.log_command:Invoking command in '/home/mrxiuer/project/毕设/demo/src/build/vrx_gz': CMAKE_PREFIX_PATH=${CMAKE_PREFIX_PATH}:/opt/ros/humble LD_LIBRARY_PATH=/home/mrxiuer/project/毕设/demo/src/install/lib:/usr/local/lib:/opt/ros/humble/opt/rviz_ogre_vendor/lib:/opt/ros/humble/lib/x86_64-linux-gnu:/opt/ros/humble/lib /usr/bin/cmake --install /home/mrxiuer/project/毕设/demo/src/build/vrx_gz
[0.814s] DEBUG:colcon.colcon_core.event_handler.log_command:Invoking command in '/home/mrxiuer/project/毕设/demo/src/build/wamv_gazebo': CMAKE_PREFIX_PATH=${CMAKE_PREFIX_PATH}:/opt/ros/humble GZ_SIM_RESOURCE_PATH=/home/mrxiuer/project/毕设/demo/src/install/share:${GZ_SIM_RESOURCE_PATH} LD_LIBRARY_PATH=/home/mrxiuer/project/毕设/demo/src/install/lib:/usr/local/lib:/opt/ros/humble/opt/rviz_ogre_vendor/lib:/opt/ros/humble/lib/x86_64-linux-gnu:/opt/ros/humble/lib /usr/bin/cmake --build /home/mrxiuer/project/毕设/demo/src/build/wamv_gazebo -- -j16 -l16
[0.849s] DEBUG:colcon.colcon_core.event_handler.log_command:Invoked command in '/home/mrxiuer/project/毕设/demo/src/build/wamv_gazebo' returned '0': CMAKE_PREFIX_PATH=${CMAKE_PREFIX_PATH}:/opt/ros/humble GZ_SIM_RESOURCE_PATH=/home/mrxiuer/project/毕设/demo/src/install/share:${GZ_SIM_RESOURCE_PATH} LD_LIBRARY_PATH=/home/mrxiuer/project/毕设/demo/src/install/lib:/usr/local/lib:/opt/ros/humble/opt/rviz_ogre_vendor/lib:/opt/ros/humble/lib/x86_64-linux-gnu:/opt/ros/humble/lib /usr/bin/cmake --build /home/mrxiuer/project/毕设/demo/src/build/wamv_gazebo -- -j16 -l16
[0.850s] DEBUG:colcon.colcon_core.event_handler.log_command:Invoking command in '/home/mrxiuer/project/毕设/demo/src/build/wamv_gazebo': CMAKE_PREFIX_PATH=${CMAKE_PREFIX_PATH}:/opt/ros/humble GZ_SIM_RESOURCE_PATH=/home/mrxiuer/project/毕设/demo/src/install/share:${GZ_SIM_RESOURCE_PATH} LD_LIBRARY_PATH=/home/mrxiuer/project/毕设/demo/src/install/lib:/usr/local/lib:/opt/ros/humble/opt/rviz_ogre_vendor/lib:/opt/ros/humble/lib/x86_64-linux-gnu:/opt/ros/humble/lib /usr/bin/cmake --install /home/mrxiuer/project/毕设/demo/src/build/wamv_gazebo
[0.861s] Level 1:colcon.colcon_core.environment:create_environment_scripts_only(wamv_gazebo)
[0.861s] Level 1:colcon.colcon_core.environment:checking '/home/mrxiuer/project/毕设/demo/src/install' for CMake module files
[0.863s] Level 1:colcon.colcon_core.environment:checking '/home/mrxiuer/project/毕设/demo/src/install' for CMake config files
[0.869s] Level 1:colcon.colcon_core.shell:create_environment_hook('wamv_gazebo', 'cmake_prefix_path')
[0.870s] INFO:colcon.colcon_core.shell:Creating environment hook '/home/mrxiuer/project/毕设/demo/src/install/share/wamv_gazebo/hook/cmake_prefix_path.ps1'
[0.871s] INFO:colcon.colcon_core.shell:Creating environment descriptor '/home/mrxiuer/project/毕设/demo/src/install/share/wamv_gazebo/hook/cmake_prefix_path.dsv'
[0.872s] DEBUG:colcon.colcon_core.event_handler.log_command:Invoked command in '/home/mrxiuer/project/毕设/demo/src/build/wamv_gazebo' returned '0': CMAKE_PREFIX_PATH=${CMAKE_PREFIX_PATH}:/opt/ros/humble GZ_SIM_RESOURCE_PATH=/home/mrxiuer/project/毕设/demo/src/install/share:${GZ_SIM_RESOURCE_PATH} LD_LIBRARY_PATH=/home/mrxiuer/project/毕设/demo/src/install/lib:/usr/local/lib:/opt/ros/humble/opt/rviz_ogre_vendor/lib:/opt/ros/humble/lib/x86_64-linux-gnu:/opt/ros/humble/lib /usr/bin/cmake --install /home/mrxiuer/project/毕设/demo/src/build/wamv_gazebo
[0.873s] INFO:colcon.colcon_core.shell:Creating environment hook '/home/mrxiuer/project/毕设/demo/src/install/share/wamv_gazebo/hook/cmake_prefix_path.sh'
[0.873s] Level 1:colcon.colcon_core.environment:checking '/home/mrxiuer/project/毕设/demo/src/install/lib'
[0.873s] Level 1:colcon.colcon_core.shell:create_environment_hook('wamv_gazebo', 'ld_library_path_lib')
[0.873s] INFO:colcon.colcon_core.shell:Creating environment hook '/home/mrxiuer/project/毕设/demo/src/install/share/wamv_gazebo/hook/ld_library_path_lib.ps1'
[0.874s] INFO:colcon.colcon_core.shell:Creating environment descriptor '/home/mrxiuer/project/毕设/demo/src/install/share/wamv_gazebo/hook/ld_library_path_lib.dsv'
[0.874s] INFO:colcon.colcon_core.shell:Creating environment hook '/home/mrxiuer/project/毕设/demo/src/install/share/wamv_gazebo/hook/ld_library_path_lib.sh'
[0.874s] Level 1:colcon.colcon_core.environment:checking '/home/mrxiuer/project/毕设/demo/src/install/bin'
[0.874s] Level 1:colcon.colcon_core.environment:checking '/home/mrxiuer/project/毕设/demo/src/install/lib/pkgconfig/wamv_gazebo.pc'
[0.874s] Level 1:colcon.colcon_core.environment:checking '/home/mrxiuer/project/毕设/demo/src/install/lib/python3.10/site-packages'
[0.875s] Level 1:colcon.colcon_core.environment:checking '/home/mrxiuer/project/毕设/demo/src/install/bin'
[0.875s] INFO:colcon.colcon_core.shell:Creating package script '/home/mrxiuer/project/毕设/demo/src/install/share/wamv_gazebo/package.ps1'
[0.875s] INFO:colcon.colcon_core.shell:Creating package descriptor '/home/mrxiuer/project/毕设/demo/src/install/share/wamv_gazebo/package.dsv'
[0.876s] INFO:colcon.colcon_core.shell:Creating package script '/home/mrxiuer/project/毕设/demo/src/install/share/wamv_gazebo/package.sh'
[0.876s] INFO:colcon.colcon_core.shell:Creating package script '/home/mrxiuer/project/毕设/demo/src/install/share/wamv_gazebo/package.bash'
[0.876s] INFO:colcon.colcon_core.shell:Creating package script '/home/mrxiuer/project/毕设/demo/src/install/share/wamv_gazebo/package.zsh'
[0.877s] Level 1:colcon.colcon_core.environment:create_file_with_runtime_dependencies(/home/mrxiuer/project/毕设/demo/src/install/share/colcon-core/packages/wamv_gazebo)
[0.877s] Level 1:colcon.colcon_core.environment:create_environment_scripts_only(wamv_gazebo)
[0.877s] Level 1:colcon.colcon_core.environment:checking '/home/mrxiuer/project/毕设/demo/src/install' for CMake module files
[0.878s] Level 1:colcon.colcon_core.environment:checking '/home/mrxiuer/project/毕设/demo/src/install' for CMake config files
[0.878s] Level 1:colcon.colcon_core.shell:create_environment_hook('wamv_gazebo', 'cmake_prefix_path')
[0.878s] INFO:colcon.colcon_core.shell:Creating environment hook '/home/mrxiuer/project/毕设/demo/src/install/share/wamv_gazebo/hook/cmake_prefix_path.ps1'
[0.878s] INFO:colcon.colcon_core.shell:Creating environment descriptor '/home/mrxiuer/project/毕设/demo/src/install/share/wamv_gazebo/hook/cmake_prefix_path.dsv'
[0.879s] INFO:colcon.colcon_core.shell:Creating environment hook '/home/mrxiuer/project/毕设/demo/src/install/share/wamv_gazebo/hook/cmake_prefix_path.sh'
[0.879s] Level 1:colcon.colcon_core.environment:checking '/home/mrxiuer/project/毕设/demo/src/install/lib'
[0.879s] Level 1:colcon.colcon_core.shell:create_environment_hook('wamv_gazebo', 'ld_library_path_lib')
[0.879s] INFO:colcon.colcon_core.shell:Creating environment hook '/home/mrxiuer/project/毕设/demo/src/install/share/wamv_gazebo/hook/ld_library_path_lib.ps1'
[0.880s] INFO:colcon.colcon_core.shell:Creating environment descriptor '/home/mrxiuer/project/毕设/demo/src/install/share/wamv_gazebo/hook/ld_library_path_lib.dsv'
[0.880s] INFO:colcon.colcon_core.shell:Creating environment hook '/home/mrxiuer/project/毕设/demo/src/install/share/wamv_gazebo/hook/ld_library_path_lib.sh'
[0.880s] Level 1:colcon.colcon_core.environment:checking '/home/mrxiuer/project/毕设/demo/src/install/bin'
[0.880s] Level 1:colcon.colcon_core.environment:checking '/home/mrxiuer/project/毕设/demo/src/install/lib/pkgconfig/wamv_gazebo.pc'
[0.881s] Level 1:colcon.colcon_core.environment:checking '/home/mrxiuer/project/毕设/demo/src/install/lib/python3.10/site-packages'
[0.881s] Level 1:colcon.colcon_core.environment:checking '/home/mrxiuer/project/毕设/demo/src/install/bin'
[0.881s] INFO:colcon.colcon_core.shell:Creating package script '/home/mrxiuer/project/毕设/demo/src/install/share/wamv_gazebo/package.ps1'
[0.881s] INFO:colcon.colcon_core.shell:Creating package descriptor '/home/mrxiuer/project/毕设/demo/src/install/share/wamv_gazebo/package.dsv'
[0.882s] INFO:colcon.colcon_core.shell:Creating package script '/home/mrxiuer/project/毕设/demo/src/install/share/wamv_gazebo/package.sh'
[0.882s] INFO:colcon.colcon_core.shell:Creating package script '/home/mrxiuer/project/毕设/demo/src/install/share/wamv_gazebo/package.bash'
[0.882s] INFO:colcon.colcon_core.shell:Creating package script '/home/mrxiuer/project/毕设/demo/src/install/share/wamv_gazebo/package.zsh'
[0.883s] Level 1:colcon.colcon_core.environment:create_file_with_runtime_dependencies(/home/mrxiuer/project/毕设/demo/src/install/share/colcon-core/packages/wamv_gazebo)
[0.883s] Level 1:colcon.colcon_core.environment:create_environment_scripts_only(vrx_gz)
[0.884s] Level 1:colcon.colcon_core.environment:checking '/home/mrxiuer/project/毕设/demo/src/install' for CMake module files
[0.884s] DEBUG:colcon.colcon_core.event_handler.log_command:Invoked command in '/home/mrxiuer/project/毕设/demo/src/build/vrx_gz' returned '0': CMAKE_PREFIX_PATH=${CMAKE_PREFIX_PATH}:/opt/ros/humble LD_LIBRARY_PATH=/home/mrxiuer/project/毕设/demo/src/install/lib:/usr/local/lib:/opt/ros/humble/opt/rviz_ogre_vendor/lib:/opt/ros/humble/lib/x86_64-linux-gnu:/opt/ros/humble/lib /usr/bin/cmake --install /home/mrxiuer/project/毕设/demo/src/build/vrx_gz
[0.884s] Level 1:colcon.colcon_core.environment:checking '/home/mrxiuer/project/毕设/demo/src/install' for CMake config files
[0.885s] Level 1:colcon.colcon_core.shell:create_environment_hook('vrx_gz', 'cmake_prefix_path')
[0.885s] INFO:colcon.colcon_core.shell:Creating environment hook '/home/mrxiuer/project/毕设/demo/src/install/share/vrx_gz/hook/cmake_prefix_path.ps1'
[0.885s] INFO:colcon.colcon_core.shell:Creating environment descriptor '/home/mrxiuer/project/毕设/demo/src/install/share/vrx_gz/hook/cmake_prefix_path.dsv'
[0.885s] INFO:colcon.colcon_core.shell:Creating environment hook '/home/mrxiuer/project/毕设/demo/src/install/share/vrx_gz/hook/cmake_prefix_path.sh'
[0.886s] Level 1:colcon.colcon_core.environment:checking '/home/mrxiuer/project/毕设/demo/src/install/lib'
[0.886s] Level 1:colcon.colcon_core.shell:create_environment_hook('vrx_gz', 'ld_library_path_lib')
[0.886s] INFO:colcon.colcon_core.shell:Creating environment hook '/home/mrxiuer/project/毕设/demo/src/install/share/vrx_gz/hook/ld_library_path_lib.ps1'
[0.886s] INFO:colcon.colcon_core.shell:Creating environment descriptor '/home/mrxiuer/project/毕设/demo/src/install/share/vrx_gz/hook/ld_library_path_lib.dsv'
[0.887s] INFO:colcon.colcon_core.shell:Creating environment hook '/home/mrxiuer/project/毕设/demo/src/install/share/vrx_gz/hook/ld_library_path_lib.sh'
[0.887s] Level 1:colcon.colcon_core.environment:checking '/home/mrxiuer/project/毕设/demo/src/install/bin'
[0.887s] Level 1:colcon.colcon_core.environment:checking '/home/mrxiuer/project/毕设/demo/src/install/lib/pkgconfig/vrx_gz.pc'
[0.887s] Level 1:colcon.colcon_core.environment:checking '/home/mrxiuer/project/毕设/demo/src/install/lib/python3.10/site-packages'
[0.887s] Level 1:colcon.colcon_core.environment:checking '/home/mrxiuer/project/毕设/demo/src/install/bin'
[0.888s] INFO:colcon.colcon_core.shell:Creating package script '/home/mrxiuer/project/毕设/demo/src/install/share/vrx_gz/package.ps1'
[0.888s] INFO:colcon.colcon_core.shell:Creating package descriptor '/home/mrxiuer/project/毕设/demo/src/install/share/vrx_gz/package.dsv'
[0.888s] INFO:colcon.colcon_core.shell:Creating package script '/home/mrxiuer/project/毕设/demo/src/install/share/vrx_gz/package.sh'
[0.889s] INFO:colcon.colcon_core.shell:Creating package script '/home/mrxiuer/project/毕设/demo/src/install/share/vrx_gz/package.bash'
[0.889s] INFO:colcon.colcon_core.shell:Creating package script '/home/mrxiuer/project/毕设/demo/src/install/share/vrx_gz/package.zsh'
[0.889s] Level 1:colcon.colcon_core.environment:create_file_with_runtime_dependencies(/home/mrxiuer/project/毕设/demo/src/install/share/colcon-core/packages/vrx_gz)
[0.890s] Level 1:colcon.colcon_core.environment:create_environment_scripts_only(vrx_gz)
[0.890s] Level 1:colcon.colcon_core.environment:checking '/home/mrxiuer/project/毕设/demo/src/install' for CMake module files
[0.890s] Level 1:colcon.colcon_core.environment:checking '/home/mrxiuer/project/毕设/demo/src/install' for CMake config files
[0.890s] Level 1:colcon.colcon_core.shell:create_environment_hook('vrx_gz', 'cmake_prefix_path')
[0.891s] INFO:colcon.colcon_core.shell:Creating environment hook '/home/mrxiuer/project/毕设/demo/src/install/share/vrx_gz/hook/cmake_prefix_path.ps1'
[0.891s] INFO:colcon.colcon_core.shell:Creating environment descriptor '/home/mrxiuer/project/毕设/demo/src/install/share/vrx_gz/hook/cmake_prefix_path.dsv'
[0.891s] INFO:colcon.colcon_core.shell:Creating environment hook '/home/mrxiuer/project/毕设/demo/src/install/share/vrx_gz/hook/cmake_prefix_path.sh'
[0.892s] Level 1:colcon.colcon_core.environment:checking '/home/mrxiuer/project/毕设/demo/src/install/lib'
[0.892s] Level 1:colcon.colcon_core.shell:create_environment_hook('vrx_gz', 'ld_library_path_lib')
[0.892s] INFO:colcon.colcon_core.shell:Creating environment hook '/home/mrxiuer/project/毕设/demo/src/install/share/vrx_gz/hook/ld_library_path_lib.ps1'
[0.892s] INFO:colcon.colcon_core.shell:Creating environment descriptor '/home/mrxiuer/project/毕设/demo/src/install/share/vrx_gz/hook/ld_library_path_lib.dsv'
[0.892s] INFO:colcon.colcon_core.shell:Creating environment hook '/home/mrxiuer/project/毕设/demo/src/install/share/vrx_gz/hook/ld_library_path_lib.sh'
[0.893s] Level 1:colcon.colcon_core.environment:checking '/home/mrxiuer/project/毕设/demo/src/install/bin'
[0.893s] Level 1:colcon.colcon_core.environment:checking '/home/mrxiuer/project/毕设/demo/src/install/lib/pkgconfig/vrx_gz.pc'
[0.893s] Level 1:colcon.colcon_core.environment:checking '/home/mrxiuer/project/毕设/demo/src/install/lib/python3.10/site-packages'
[0.893s] Level 1:colcon.colcon_core.environment:checking '/home/mrxiuer/project/毕设/demo/src/install/bin'
[0.893s] INFO:colcon.colcon_core.shell:Creating package script '/home/mrxiuer/project/毕设/demo/src/install/share/vrx_gz/package.ps1'
[0.894s] INFO:colcon.colcon_core.shell:Creating package descriptor '/home/mrxiuer/project/毕设/demo/src/install/share/vrx_gz/package.dsv'
[0.894s] INFO:colcon.colcon_core.shell:Creating package script '/home/mrxiuer/project/毕设/demo/src/install/share/vrx_gz/package.sh'
[0.895s] INFO:colcon.colcon_core.shell:Creating package script '/home/mrxiuer/project/毕设/demo/src/install/share/vrx_gz/package.bash'
[0.895s] INFO:colcon.colcon_core.shell:Creating package script '/home/mrxiuer/project/毕设/demo/src/install/share/vrx_gz/package.zsh'
[0.895s] Level 1:colcon.colcon_core.environment:create_file_with_runtime_dependencies(/home/mrxiuer/project/毕设/demo/src/install/share/colcon-core/packages/vrx_gz)
[0.895s] DEBUG:colcon.colcon_parallel_executor.executor.parallel:closing loop
[0.896s] DEBUG:colcon.colcon_parallel_executor.executor.parallel:loop closed
[0.896s] DEBUG:colcon.colcon_parallel_executor.executor.parallel:run_until_complete finished with '0'
[0.896s] DEBUG:colcon.colcon_core.event_reactor:joining thread
[0.900s] INFO:colcon.colcon_core.plugin_system:Skipping extension 'colcon_notification.desktop_notification.terminal_notifier': Not used on non-Darwin systems
[0.900s] INFO:colcon.colcon_core.plugin_system:Skipping extension 'colcon_notification.desktop_notification.win32': Not used on non-Windows systems
[0.900s] INFO:colcon.colcon_notification.desktop_notification:Sending desktop notification using 'notify2'
[0.925s] DEBUG:colcon.colcon_core.event_reactor:joined thread
[0.925s] INFO:colcon.colcon_core.shell:Creating prefix script '/home/mrxiuer/project/毕设/demo/src/install/local_setup.ps1'
[0.926s] INFO:colcon.colcon_core.shell:Creating prefix util module '/home/mrxiuer/project/毕设/demo/src/install/_local_setup_util_ps1.py'
[0.927s] INFO:colcon.colcon_core.shell:Creating prefix chain script '/home/mrxiuer/project/毕设/demo/src/install/setup.ps1'
[0.928s] INFO:colcon.colcon_core.shell:Creating prefix script '/home/mrxiuer/project/毕设/demo/src/install/local_setup.sh'
[0.929s] INFO:colcon.colcon_core.shell:Creating prefix util module '/home/mrxiuer/project/毕设/demo/src/install/_local_setup_util_sh.py'
[0.930s] INFO:colcon.colcon_core.shell:Creating prefix chain script '/home/mrxiuer/project/毕设/demo/src/install/setup.sh'
[0.931s] INFO:colcon.colcon_core.shell:Creating prefix script '/home/mrxiuer/project/毕设/demo/src/install/local_setup.bash'
[0.931s] INFO:colcon.colcon_core.shell:Creating prefix chain script '/home/mrxiuer/project/毕设/demo/src/install/setup.bash'
[0.932s] INFO:colcon.colcon_core.shell:Creating prefix script '/home/mrxiuer/project/毕设/demo/src/install/local_setup.zsh'
[0.932s] INFO:colcon.colcon_core.shell:Creating prefix chain script '/home/mrxiuer/project/毕设/demo/src/install/setup.zsh'
