[0.009s] Invoking command in '/home/mrxiuer/project/毕设/demo/src/build/vrx_gz': CMAKE_PREFIX_PATH=${CMAKE_PREFIX_PATH}:/opt/ros/humble LD_LIBRARY_PATH=/home/mrxiuer/project/毕设/demo/src/install/lib:/usr/local/lib:/opt/ros/humble/opt/rviz_ogre_vendor/lib:/opt/ros/humble/lib/x86_64-linux-gnu:/opt/ros/humble/lib /usr/bin/cmake --build /home/mrxiuer/project/毕设/demo/src/build/vrx_gz -- -j16 -l16
[0.033s] -- Found ament_cmake: 1.3.11 (/opt/ros/humble/share/ament_cmake/cmake)
[0.134s] -- Looking for gz-sim7 -- found version 7.9.0
[0.139s] -- Searching for dependencies of gz-sim7
[0.139s] -- Looking for sdformat13 -- found version 13.9.0
[0.139s] -- Searching for dependencies of sdformat13
[0.144s] -- Checking for module 'tinyxml2'
[0.158s] --   Found tinyxml2, version 9.0.0
[0.192s] -- Looking for gz-math7 -- found version 7.5.1
[0.193s] -- Searching for dependencies of gz-math7
[0.193s] -- Looking for gz-utils2 -- found version 2.2.1
[0.193s] -- Searching for dependencies of gz-utils2
[0.194s] -- Looking for gz-utils2 -- found version 2.2.1
[0.195s] -- Searching for dependencies of gz-utils2
[0.195s] -- Searching for <gz-utils2> component [cli]
[0.195s] -- Looking for gz-utils2-cli -- found version 2.2.1
[0.195s] -- Searching for dependencies of gz-utils2-cli
[0.196s] -- Looking for gz-plugin2 -- found version 2.0.4
[0.197s] -- Searching for dependencies of gz-plugin2
[0.197s] -- Looking for gz-utils2 -- found version 2.2.1
[0.197s] -- Searching for <gz-plugin2> component [loader]
[0.197s] -- Looking for gz-plugin2-loader -- found version 2.0.4
[0.198s] -- Searching for dependencies of gz-plugin2-loader
[0.198s] -- Searching for <gz-plugin2> component [register]
[0.198s] -- Looking for gz-plugin2-register -- found version 2.0.4
[0.199s] -- Searching for dependencies of gz-plugin2-register
[0.199s] -- Looking for gz-transport12 -- found version 12.2.2
[0.200s] -- Searching for dependencies of gz-transport12
[0.234s] -- Config-file not installed for ZeroMQ -- checking for pkg-config
[0.239s] -- Checking for module 'libzmq >= 4'
[0.258s] --   Found libzmq , version 4.3.4
[0.317s] -- Checking for module 'uuid'
[0.335s] --   Found uuid, version 2.37.2
[0.378s] -- Looking for gz-utils2 -- found version 2.2.1
[0.378s] -- Looking for gz-msgs9 -- found version 9.5.1
[0.379s] -- Searching for dependencies of gz-msgs9
[0.400s] -- Looking for gz-math7 -- found version 7.5.1
[0.406s] -- Searching for <gz-transport12> component [log]
[0.406s] -- Looking for gz-transport12-log -- found version 12.2.2
[0.407s] -- Searching for dependencies of gz-transport12-log
[0.407s] -- Searching for <gz-transport12> component [parameters]
[0.407s] -- Looking for gz-transport12-parameters -- found version 12.2.2
[0.408s] -- Searching for dependencies of gz-transport12-parameters
[0.408s] -- Looking for gz-msgs9 -- found version 9.5.1
[0.409s] -- Looking for gz-common5 -- found version 5.7.1
[0.409s] -- Searching for dependencies of gz-common5
[0.409s] -- Looking for gz-utils2 -- found version 2.2.1
[0.409s] -- Looking for dlfcn.h - found
[0.410s] -- Looking for libdl - found
[0.416s] -- Searching for <gz-common5> component [profiler]
[0.417s] -- Looking for gz-common5-profiler -- found version 5.7.1
[0.417s] -- Searching for dependencies of gz-common5-profiler
[0.417s] -- Searching for <gz-common5> component [events]
[0.418s] -- Looking for gz-common5-events -- found version 5.7.1
[0.418s] -- Searching for dependencies of gz-common5-events
[0.418s] -- Looking for gz-math7 -- found version 7.5.1
[0.419s] -- Searching for <gz-common5> component [av]
[0.419s] -- Looking for gz-common5-av -- found version 5.7.1
[0.419s] -- Searching for dependencies of gz-common5-av
[0.425s] -- Checking for module 'libswscale'
[0.439s] --   Found libswscale, version 5.9.100
[0.480s] -- Checking for module 'libavdevice >= 56.4.100'
[0.494s] --   Found libavdevice , version 58.13.100
[0.538s] -- Checking for module 'libavformat'
[0.552s] --   Found libavformat, version 58.76.100
[0.596s] -- Checking for module 'libavcodec'
[0.610s] --   Found libavcodec, version 58.134.100
[0.653s] -- Checking for module 'libavutil'
[0.668s] --   Found libavutil, version 56.70.100
[0.706s] -- Searching for <gz-common5> component [io]
[0.706s] -- Looking for gz-common5-io -- found version 5.7.1
[0.707s] -- Searching for dependencies of gz-common5-io
[0.708s] -- Looking for gz-fuel_tools8 -- found version 8.2.0
[0.708s] -- Searching for dependencies of gz-fuel_tools8
[0.758s] -- Checking for module 'jsoncpp'
[0.773s] --   Found jsoncpp, version 1.9.5
[0.816s] -- Checking for module 'libzip'
[0.830s] --   Found libzip, version 1.7.3
[0.868s] -- Looking for gz-utils2 -- found version 2.2.1
[0.868s] -- Looking for gz-common5 -- found version 5.7.1
[0.869s] -- Searching for dependencies of gz-common5
[0.869s] -- Looking for gz-utils2 -- found version 2.2.1
[0.869s] -- Looking for dlfcn.h - found
[0.869s] -- Looking for libdl - found
[0.877s] -- Searching for <gz-common5> component [testing]
[0.877s] -- Looking for gz-common5-testing -- found version 5.7.1
[0.877s] -- Searching for dependencies of gz-common5-testing
[0.878s] -- Looking for gz-math7 -- found version 7.5.1
[0.878s] -- Looking for gz-msgs9 -- found version 9.5.1
[0.879s] -- Looking for gz-gui7 -- found version 7.2.2
[0.879s] -- Searching for dependencies of gz-gui7
[0.905s] -- Looking for gz-utils2 -- found version 2.2.1
[0.905s] -- Looking for gz-math7 -- found version 7.5.1
[0.906s] -- Looking for gz-common5 -- found version 5.7.1
[0.906s] -- Looking for gz-plugin2 -- found version 2.0.4
[0.906s] -- Looking for gz-transport12 -- found version 12.2.2
[0.907s] -- Looking for gz-rendering7 -- found version 7.5.0
[0.907s] -- Searching for dependencies of gz-rendering7
[0.907s] -- Looking for gz-math7 -- found version 7.5.1
[0.907s] -- Searching for dependencies of gz-math7
[0.908s] -- Looking for gz-utils2 -- found version 2.2.1
[0.908s] -- Searching for <gz-math7> component [eigen3]
[0.908s] -- Looking for gz-math7-eigen3 -- found version 7.5.1
[0.908s] -- Searching for dependencies of gz-math7-eigen3
[0.909s] -- Looking for gz-common5 -- found version 5.7.1
[0.910s] -- Searching for dependencies of gz-common5
[0.910s] -- Looking for gz-utils2 -- found version 2.2.1
[0.910s] -- Looking for dlfcn.h - found
[0.910s] -- Looking for libdl - found
[0.917s] -- Searching for <gz-common5> component [graphics]
[0.917s] -- Looking for gz-common5-graphics -- found version 5.7.1
[0.918s] -- Searching for dependencies of gz-common5-graphics
[0.918s] -- Looking for gz-math7 -- found version 7.5.1
[0.920s] -- Searching for <gz-common5> component [events]
[0.920s] -- Searching for <gz-common5> component [geospatial]
[0.921s] -- Looking for gz-common5-geospatial -- found version 5.7.1
[0.921s] -- Searching for dependencies of gz-common5-geospatial
[0.921s] -- Looking for gz-math7 -- found version 7.5.1
[0.922s] -- Looking for gz-common5 -- found version 5.7.1
[0.922s] -- Looking for gz-plugin2 -- found version 2.0.4
[0.923s] -- Searching for dependencies of gz-plugin2
[0.923s] -- Looking for gz-utils2 -- found version 2.2.1
[0.923s] -- Searching for <gz-plugin2> component [all]
[0.923s] -- Looking for all libraries of gz-plugin2 -- found version 2.0.4
[0.924s] -- Looking for gz-plugin2 -- found version 2.0.4
[0.925s] -- Looking for gz-utils2 -- found version 2.2.1
[0.927s] -- Looking for gz-msgs9 -- found version 9.5.1
[0.939s] -- Looking for gz-physics6 -- found version 6.7.0
[0.939s] -- Searching for dependencies of gz-physics6
[0.940s] -- Looking for gz-common5 -- found version 5.7.1
[0.940s] -- Looking for gz-math7 -- found version 7.5.1
[0.940s] -- Looking for gz-plugin2 -- found version 2.0.4
[0.940s] -- Looking for gz-utils2 -- found version 2.2.1
[0.941s] -- Searching for <gz-physics6> component [heightmap]
[0.941s] -- Looking for gz-physics6-heightmap -- found version 6.7.0
[0.942s] -- Searching for dependencies of gz-physics6-heightmap
[0.942s] -- Looking for gz-common5 -- found version 5.7.1
[0.942s] -- Searching for <gz-physics6> component [mesh]
[0.943s] -- Looking for gz-physics6-mesh -- found version 6.7.0
[0.943s] -- Searching for dependencies of gz-physics6-mesh
[0.943s] -- Looking for gz-common5 -- found version 5.7.1
[0.943s] -- Searching for <gz-physics6> component [sdf]
[0.944s] -- Looking for gz-physics6-sdf -- found version 6.7.0
[0.944s] -- Searching for dependencies of gz-physics6-sdf
[0.944s] -- Looking for sdformat13 -- found version 13.9.0
[0.945s] -- Looking for gz-sensors7 -- found version 7.3.1
[0.945s] -- Searching for dependencies of gz-sensors7
[0.965s] -- Looking for gz-math7 -- found version 7.5.1
[0.966s] -- Looking for gz-common5 -- found version 5.7.1
[0.966s] -- Looking for gz-transport12 -- found version 12.2.2
[0.966s] -- Looking for gz-rendering7 -- found version 7.5.0
[0.966s] -- Looking for gz-msgs9 -- found version 9.5.1
[0.967s] -- Looking for sdformat13 -- found version 13.9.0
[0.967s] -- Searching for <gz-sensors7> component [air_pressure]
[0.967s] -- Looking for gz-sensors7-air_pressure -- found version 7.3.1
[0.968s] -- Searching for dependencies of gz-sensors7-air_pressure
[0.968s] -- Searching for <gz-sensors7> component [air_speed]
[0.968s] -- Looking for gz-sensors7-air_speed -- found version 7.3.1
[0.969s] -- Searching for dependencies of gz-sensors7-air_speed
[0.969s] -- Searching for <gz-sensors7> component [altimeter]
[0.969s] -- Looking for gz-sensors7-altimeter -- found version 7.3.1
[0.970s] -- Searching for dependencies of gz-sensors7-altimeter
[0.970s] -- Searching for <gz-sensors7> component [imu]
[0.970s] -- Looking for gz-sensors7-imu -- found version 7.3.1
[0.971s] -- Searching for dependencies of gz-sensors7-imu
[0.971s] -- Searching for <gz-sensors7> component [force_torque]
[0.971s] -- Looking for gz-sensors7-force_torque -- found version 7.3.1
[0.972s] -- Searching for dependencies of gz-sensors7-force_torque
[0.972s] -- Searching for <gz-sensors7> component [logical_camera]
[0.972s] -- Looking for gz-sensors7-logical_camera -- found version 7.3.1
[0.973s] -- Searching for dependencies of gz-sensors7-logical_camera
[0.973s] -- Searching for <gz-sensors7> component [magnetometer]
[0.973s] -- Looking for gz-sensors7-magnetometer -- found version 7.3.1
[0.974s] -- Searching for dependencies of gz-sensors7-magnetometer
[0.974s] -- Searching for <gz-sensors7> component [navsat]
[0.974s] -- Looking for gz-sensors7-navsat -- found version 7.3.1
[0.974s] -- Searching for dependencies of gz-sensors7-navsat
[0.975s] -- Searching for <gz-sensors7> component [rendering]
[0.975s] -- Looking for gz-sensors7-rendering -- found version 7.3.1
[0.975s] -- Searching for dependencies of gz-sensors7-rendering
[0.976s] -- Searching for <gz-sensors7> component [lidar]
[0.976s] -- Looking for gz-sensors7-lidar -- found version 7.3.1
[0.976s] -- Searching for dependencies of gz-sensors7-lidar
[0.977s] -- Looking for gz-sensors7 -- found version 7.3.1
[0.977s] -- Searching for <gz-sensors7> component [gpu_lidar]
[0.977s] -- Looking for gz-sensors7-gpu_lidar -- found version 7.3.1
[0.978s] -- Searching for dependencies of gz-sensors7-gpu_lidar
[0.978s] -- Looking for gz-sensors7 -- found version 7.3.1
[0.978s] -- Searching for <gz-sensors7> component [camera]
[0.978s] -- Looking for gz-sensors7-camera -- found version 7.3.1
[0.979s] -- Searching for dependencies of gz-sensors7-camera
[0.979s] -- Looking for gz-sensors7 -- found version 7.3.1
[0.979s] -- Searching for <gz-sensors7> component [boundingbox_camera]
[0.980s] -- Looking for gz-sensors7-boundingbox_camera -- found version 7.3.1
[0.980s] -- Searching for dependencies of gz-sensors7-boundingbox_camera
[0.980s] -- Searching for <gz-sensors7> component [segmentation_camera]
[0.981s] -- Looking for gz-sensors7-segmentation_camera -- found version 7.3.1
[0.981s] -- Searching for dependencies of gz-sensors7-segmentation_camera
[0.981s] -- Searching for <gz-sensors7> component [depth_camera]
[0.982s] -- Looking for gz-sensors7-depth_camera -- found version 7.3.1
[0.982s] -- Searching for dependencies of gz-sensors7-depth_camera
[0.982s] -- Looking for gz-sensors7 -- found version 7.3.1
[0.983s] -- Searching for <gz-sensors7> component [rgbd_camera]
[0.983s] -- Looking for gz-sensors7-rgbd_camera -- found version 7.3.1
[0.983s] -- Searching for dependencies of gz-sensors7-rgbd_camera
[0.983s] -- Looking for gz-sensors7 -- found version 7.3.1
[0.984s] -- Searching for <gz-sensors7> component [thermal_camera]
[0.984s] -- Looking for gz-sensors7-thermal_camera -- found version 7.3.1
[0.984s] -- Searching for dependencies of gz-sensors7-thermal_camera
[0.985s] -- Looking for gz-sensors7 -- found version 7.3.1
[0.985s] -- Searching for <gz-sensors7> component [wide_angle_camera]
[0.985s] -- Looking for gz-sensors7-wide_angle_camera -- found version 7.3.1
[0.986s] -- Searching for dependencies of gz-sensors7-wide_angle_camera
[0.986s] -- Looking for gz-rendering7 -- found version 7.5.0
[0.987s] -- Looking for gz-math7 -- found version 7.5.1
[0.987s] -- Looking for gz-utils2 -- found version 2.2.1
[1.008s] -- Looking for gz-common5 -- found version 5.7.1
[1.008s] -- Looking for gz-fuel_tools8 -- found version 8.2.0
[1.008s] -- Looking for gz-math7 -- found version 7.5.1
[1.009s] -- Looking for gz-msgs9 -- found version 9.5.1
[1.009s] -- Looking for gz-transport12 -- found version 12.2.2
[1.009s] -- Looking for gz-plugin2 -- found version 2.0.4
[1.010s] -- Looking for gz-rendering7 -- found version 7.5.0
[1.010s] -- Looking for gz-sensors7 -- found version 7.3.1
[1.010s] -- Looking for gz-utils2 -- found version 2.2.1
[1.011s] -- Looking for sdformat13 -- found version 13.9.0
[1.011s] -- Found std_msgs: 4.2.4 (/opt/ros/humble/share/std_msgs/cmake)
[1.025s] -- Found rosidl_generator_c: 3.1.6 (/opt/ros/humble/share/rosidl_generator_c/cmake)
[1.027s] -- Found rosidl_adapter: 3.1.6 (/opt/ros/humble/share/rosidl_adapter/cmake)
[1.031s] -- Found rosidl_generator_cpp: 3.1.6 (/opt/ros/humble/share/rosidl_generator_cpp/cmake)
[1.038s] -- Using all available rosidl_typesupport_c: rosidl_typesupport_fastrtps_c;rosidl_typesupport_introspection_c
[1.047s] -- Using all available rosidl_typesupport_cpp: rosidl_typesupport_fastrtps_cpp;rosidl_typesupport_introspection_cpp
[1.161s] -- Configuring done
[1.251s] -- Generating done
[1.270s] -- Build files have been written to: /home/mrxiuer/project/毕设/demo/src/build/vrx_gz
[1.300s] [35m[1mConsolidate compiler generated dependencies of target Waves[0m
[1.300s] [35m[1mConsolidate compiler generated dependencies of target ScoringPlugin[0m
[1.317s] [  8%] Built target ScoringPlugin
[1.317s] [  8%] Built target Waves
[1.317s] [  8%] Built target ament_cmake_python_copy_vrx_gz
[1.333s] [35m[1mConsolidate compiler generated dependencies of target BallShooterPlugin[0m
[1.333s] [35m[1mConsolidate compiler generated dependencies of target GymkhanaScoringPlugin[0m
[1.334s] [35m[1mConsolidate compiler generated dependencies of target PerceptionScoringPlugin[0m
[1.334s] [35m[1mConsolidate compiler generated dependencies of target PolyhedraBuoyancyDrag[0m
[1.334s] [35m[1mConsolidate compiler generated dependencies of target NavigationScoringPlugin[0m
[1.334s] [35m[1mConsolidate compiler generated dependencies of target AcousticPerceptionScoringPlugin[0m
[1.334s] [35m[1mConsolidate compiler generated dependencies of target WayfindingScoringPlugin[0m
[1.334s] [35m[1mConsolidate compiler generated dependencies of target StationkeepingScoringPlugin[0m
[1.334s] [35m[1mConsolidate compiler generated dependencies of target PlacardPlugin[0m
[1.334s] [35m[1mConsolidate compiler generated dependencies of target AcousticPingerPlugin[0m
[1.334s] [35m[1mConsolidate compiler generated dependencies of target ScanDockScoringPlugin[0m
[1.334s] [35m[1mConsolidate compiler generated dependencies of target SimpleHydrodynamics[0m
[1.334s] [35m[1mConsolidate compiler generated dependencies of target PublisherPlugin[0m
[1.334s] [35m[1mConsolidate compiler generated dependencies of target Surface[0m
[1.335s] [35m[1mConsolidate compiler generated dependencies of target LightBuoyPlugin[0m
[1.338s] [35m[1mConsolidate compiler generated dependencies of target AcousticTrackingScoringPlugin[0m
[1.364s] [ 18%] Built target GymkhanaScoringPlugin
[1.365s] [ 20%] Built target PolyhedraBuoyancyDrag
[1.365s] [ 31%] Built target PerceptionScoringPlugin
[1.365s] [ 31%] Built target WayfindingScoringPlugin
[1.365s] [ 39%] Built target BallShooterPlugin
[1.370s] [ 54%] Built target StationkeepingScoringPlugin
[1.370s] [ 56%] Built target NavigationScoringPlugin
[1.370s] [ 52%] Built target PlacardPlugin
[1.370s] [ 56%] Built target LightBuoyPlugin
[1.370s] [ 62%] Built target AcousticPerceptionScoringPlugin
[1.371s] [ 64%] Built target AcousticPingerPlugin
[1.371s] [ 68%] Built target PublisherPlugin
[1.372s] [ 72%] Built target ScanDockScoringPlugin
[1.373s] [ 81%] Built target Surface
[1.373s] [ 81%] Built target SimpleHydrodynamics
[1.377s] [ 87%] Built target AcousticTrackingScoringPlugin
[1.378s] [35m[1mConsolidate compiler generated dependencies of target USVWind[0m
[1.378s] [35m[1mConsolidate compiler generated dependencies of target WildlifeScoringPlugin[0m
[1.380s] [35m[1mConsolidate compiler generated dependencies of target WaveVisual[0m
[1.400s] [ 91%] Built target WildlifeScoringPlugin
[1.403s] [100%] Built target USVWind
[1.403s] [100%] Built target WaveVisual
[1.592s] running egg_info
[1.593s] writing vrx_gz.egg-info/PKG-INFO
[1.593s] writing dependency_links to vrx_gz.egg-info/dependency_links.txt
[1.593s] writing top-level names to vrx_gz.egg-info/top_level.txt
[1.595s] reading manifest file 'vrx_gz.egg-info/SOURCES.txt'
[1.595s] writing manifest file 'vrx_gz.egg-info/SOURCES.txt'
[1.617s] [100%] Built target ament_cmake_python_build_vrx_gz_egg
[1.628s] Invoked command in '/home/mrxiuer/project/毕设/demo/src/build/vrx_gz' returned '0': CMAKE_PREFIX_PATH=${CMAKE_PREFIX_PATH}:/opt/ros/humble LD_LIBRARY_PATH=/home/mrxiuer/project/毕设/demo/src/install/lib:/usr/local/lib:/opt/ros/humble/opt/rviz_ogre_vendor/lib:/opt/ros/humble/lib/x86_64-linux-gnu:/opt/ros/humble/lib /usr/bin/cmake --build /home/mrxiuer/project/毕设/demo/src/build/vrx_gz -- -j16 -l16
[1.630s] Invoking command in '/home/mrxiuer/project/毕设/demo/src/build/vrx_gz': CMAKE_PREFIX_PATH=${CMAKE_PREFIX_PATH}:/opt/ros/humble LD_LIBRARY_PATH=/home/mrxiuer/project/毕设/demo/src/install/lib:/usr/local/lib:/opt/ros/humble/opt/rviz_ogre_vendor/lib:/opt/ros/humble/lib/x86_64-linux-gnu:/opt/ros/humble/lib /usr/bin/cmake --install /home/mrxiuer/project/毕设/demo/src/build/vrx_gz
[1.637s] -- Install configuration: ""
[1.637s] -- Up-to-date: /home/mrxiuer/project/毕设/demo/src/install/share/vrx_gz/environment/resource_paths.dsv
[1.637s] -- Up-to-date: /home/mrxiuer/project/毕设/demo/src/install/share/vrx_gz/environment/resource_paths.sh
[1.638s] -- Installing: /home/mrxiuer/project/毕设/demo/src/install/lib/libWaves.so
[1.640s] -- Installing: /home/mrxiuer/project/毕设/demo/src/install/lib/libPolyhedraBuoyancyDrag.so
[1.642s] -- Set runtime path of "/home/mrxiuer/project/毕设/demo/src/install/lib/libPolyhedraBuoyancyDrag.so" to ""
[1.643s] -- Installing: /home/mrxiuer/project/毕设/demo/src/install/lib/libScoringPlugin.so
[1.645s] -- Installing: /home/mrxiuer/project/毕设/demo/src/install/lib/libStationkeepingScoringPlugin.so
[1.648s] -- Set runtime path of "/home/mrxiuer/project/毕设/demo/src/install/lib/libStationkeepingScoringPlugin.so" to ""
[1.649s] -- Installing: /home/mrxiuer/project/毕设/demo/src/install/lib/libWayfindingScoringPlugin.so
[1.652s] -- Set runtime path of "/home/mrxiuer/project/毕设/demo/src/install/lib/libWayfindingScoringPlugin.so" to ""
[1.652s] -- Installing: /home/mrxiuer/project/毕设/demo/src/install/lib/libAcousticPerceptionScoringPlugin.so
[1.655s] -- Set runtime path of "/home/mrxiuer/project/毕设/demo/src/install/lib/libAcousticPerceptionScoringPlugin.so" to ""
[1.655s] -- Installing: /home/mrxiuer/project/毕设/demo/src/install/lib/libAcousticTrackingScoringPlugin.so
[1.658s] -- Set runtime path of "/home/mrxiuer/project/毕设/demo/src/install/lib/libAcousticTrackingScoringPlugin.so" to ""
[1.659s] -- Installing: /home/mrxiuer/project/毕设/demo/src/install/lib/libAcousticPingerPlugin.so
[1.661s] -- Set runtime path of "/home/mrxiuer/project/毕设/demo/src/install/lib/libAcousticPingerPlugin.so" to ""
[1.661s] -- Installing: /home/mrxiuer/project/毕设/demo/src/install/lib/libBallShooterPlugin.so
[1.665s] -- Set runtime path of "/home/mrxiuer/project/毕设/demo/src/install/lib/libBallShooterPlugin.so" to ""
[1.665s] -- Installing: /home/mrxiuer/project/毕设/demo/src/install/lib/libLightBuoyPlugin.so
[1.667s] -- Set runtime path of "/home/mrxiuer/project/毕设/demo/src/install/lib/libLightBuoyPlugin.so" to ""
[1.668s] -- Installing: /home/mrxiuer/project/毕设/demo/src/install/lib/libNavigationScoringPlugin.so
[1.671s] -- Set runtime path of "/home/mrxiuer/project/毕设/demo/src/install/lib/libNavigationScoringPlugin.so" to ""
[1.671s] -- Installing: /home/mrxiuer/project/毕设/demo/src/install/lib/libGymkhanaScoringPlugin.so
[1.673s] -- Set runtime path of "/home/mrxiuer/project/毕设/demo/src/install/lib/libGymkhanaScoringPlugin.so" to ""
[1.674s] -- Installing: /home/mrxiuer/project/毕设/demo/src/install/lib/libPerceptionScoringPlugin.so
[1.677s] -- Set runtime path of "/home/mrxiuer/project/毕设/demo/src/install/lib/libPerceptionScoringPlugin.so" to ""
[1.678s] -- Installing: /home/mrxiuer/project/毕设/demo/src/install/lib/libPlacardPlugin.so
[1.680s] -- Set runtime path of "/home/mrxiuer/project/毕设/demo/src/install/lib/libPlacardPlugin.so" to ""
[1.681s] -- Installing: /home/mrxiuer/project/毕设/demo/src/install/lib/libPublisherPlugin.so
[1.682s] -- Set runtime path of "/home/mrxiuer/project/毕设/demo/src/install/lib/libPublisherPlugin.so" to ""
[1.683s] -- Installing: /home/mrxiuer/project/毕设/demo/src/install/lib/libScanDockScoringPlugin.so
[1.686s] -- Set runtime path of "/home/mrxiuer/project/毕设/demo/src/install/lib/libScanDockScoringPlugin.so" to ""
[1.686s] -- Installing: /home/mrxiuer/project/毕设/demo/src/install/lib/libSimpleHydrodynamics.so
[1.688s] -- Set runtime path of "/home/mrxiuer/project/毕设/demo/src/install/lib/libSimpleHydrodynamics.so" to ""
[1.689s] -- Installing: /home/mrxiuer/project/毕设/demo/src/install/lib/libSurface.so
[1.691s] -- Set runtime path of "/home/mrxiuer/project/毕设/demo/src/install/lib/libSurface.so" to ""
[1.692s] -- Installing: /home/mrxiuer/project/毕设/demo/src/install/lib/libUSVWind.so
[1.694s] -- Set runtime path of "/home/mrxiuer/project/毕设/demo/src/install/lib/libUSVWind.so" to ""
[1.694s] -- Installing: /home/mrxiuer/project/毕设/demo/src/install/lib/libWaveVisual.so
[1.697s] -- Set runtime path of "/home/mrxiuer/project/毕设/demo/src/install/lib/libWaveVisual.so" to ""
[1.697s] -- Installing: /home/mrxiuer/project/毕设/demo/src/install/lib/libWildlifeScoringPlugin.so
[1.700s] -- Set runtime path of "/home/mrxiuer/project/毕设/demo/src/install/lib/libWildlifeScoringPlugin.so" to ""
[1.700s] -- Up-to-date: /home/mrxiuer/project/毕设/demo/src/install/share/vrx_gz/environment/pythonpath.sh
[1.700s] -- Installing: /home/mrxiuer/project/毕设/demo/src/install/share/vrx_gz/environment/pythonpath.dsv
[1.700s] -- Up-to-date: /home/mrxiuer/project/毕设/demo/src/install/local/lib/python3.10/dist-packages/vrx_gz-0.0.0-py3.10.egg-info
[1.700s] -- Installing: /home/mrxiuer/project/毕设/demo/src/install/local/lib/python3.10/dist-packages/vrx_gz-0.0.0-py3.10.egg-info/dependency_links.txt
[1.700s] -- Installing: /home/mrxiuer/project/毕设/demo/src/install/local/lib/python3.10/dist-packages/vrx_gz-0.0.0-py3.10.egg-info/PKG-INFO
[1.701s] -- Installing: /home/mrxiuer/project/毕设/demo/src/install/local/lib/python3.10/dist-packages/vrx_gz-0.0.0-py3.10.egg-info/SOURCES.txt
[1.701s] -- Installing: /home/mrxiuer/project/毕设/demo/src/install/local/lib/python3.10/dist-packages/vrx_gz-0.0.0-py3.10.egg-info/top_level.txt
[1.701s] -- Up-to-date: /home/mrxiuer/project/毕设/demo/src/install/local/lib/python3.10/dist-packages/vrx_gz
[1.701s] -- Up-to-date: /home/mrxiuer/project/毕设/demo/src/install/local/lib/python3.10/dist-packages/vrx_gz/__init__.py
[1.701s] -- Up-to-date: /home/mrxiuer/project/毕设/demo/src/install/local/lib/python3.10/dist-packages/vrx_gz/payload_bridges.py
[1.701s] -- Up-to-date: /home/mrxiuer/project/毕设/demo/src/install/local/lib/python3.10/dist-packages/vrx_gz/bridges.py
[1.701s] -- Up-to-date: /home/mrxiuer/project/毕设/demo/src/install/local/lib/python3.10/dist-packages/vrx_gz/bridge.py
[1.701s] -- Up-to-date: /home/mrxiuer/project/毕设/demo/src/install/local/lib/python3.10/dist-packages/vrx_gz/launch.py
[1.701s] -- Up-to-date: /home/mrxiuer/project/毕设/demo/src/install/local/lib/python3.10/dist-packages/vrx_gz/model.py
[1.728s] Listing '/home/mrxiuer/project/毕设/demo/src/install/local/lib/python3.10/dist-packages/vrx_gz'...
[1.731s] -- Up-to-date: /home/mrxiuer/project/毕设/demo/src/install/share/vrx_gz/config
[1.731s] -- Up-to-date: /home/mrxiuer/project/毕设/demo/src/install/share/vrx_gz/config/wamv.yaml
[1.731s] -- Installing: /home/mrxiuer/project/毕设/demo/src/install/share/vrx_gz/config/InteractiveMarker.config
[1.731s] -- Up-to-date: /home/mrxiuer/project/毕设/demo/src/install/share/vrx_gz/config/roboboat.yaml
[1.731s] -- Up-to-date: /home/mrxiuer/project/毕设/demo/src/install/share/vrx_gz/launch
[1.731s] -- Installing: /home/mrxiuer/project/毕设/demo/src/install/share/vrx_gz/launch/improved_A_star.py
[1.731s] -- Up-to-date: /home/mrxiuer/project/毕设/demo/src/install/share/vrx_gz/launch/spawn_config.launch.py
[1.731s] -- Up-to-date: /home/mrxiuer/project/毕设/demo/src/install/share/vrx_gz/launch/competition.launch.py
[1.732s] -- Up-to-date: /home/mrxiuer/project/毕设/demo/src/install/share/vrx_gz/launch/vrx_environment.launch.py
[1.732s] -- Up-to-date: /home/mrxiuer/project/毕设/demo/src/install/share/vrx_gz/launch/spawn.launch.py
[1.732s] -- Up-to-date: /home/mrxiuer/project/毕设/demo/src/install/share/vrx_gz/launch/usv_joy_teleop.py
[1.732s] -- Up-to-date: /home/mrxiuer/project/毕设/demo/src/install/share/vrx_gz/models
[1.732s] -- Up-to-date: /home/mrxiuer/project/毕设/demo/src/install/share/vrx_gz/models/short_navigation_course_4
[1.732s] -- Up-to-date: /home/mrxiuer/project/毕设/demo/src/install/share/vrx_gz/models/short_navigation_course_4/model.config
[1.732s] -- Up-to-date: /home/mrxiuer/project/毕设/demo/src/install/share/vrx_gz/models/short_navigation_course_4/model.sdf
[1.732s] -- Up-to-date: /home/mrxiuer/project/毕设/demo/src/install/share/vrx_gz/models/platform
[1.732s] -- Up-to-date: /home/mrxiuer/project/毕设/demo/src/install/share/vrx_gz/models/platform/model.config
[1.732s] -- Up-to-date: /home/mrxiuer/project/毕设/demo/src/install/share/vrx_gz/models/platform/model.sdf
[1.732s] -- Up-to-date: /home/mrxiuer/project/毕设/demo/src/install/share/vrx_gz/models/short_navigation_course_3
[1.732s] -- Up-to-date: /home/mrxiuer/project/毕设/demo/src/install/share/vrx_gz/models/short_navigation_course_3/model.config
[1.732s] -- Up-to-date: /home/mrxiuer/project/毕设/demo/src/install/share/vrx_gz/models/short_navigation_course_3/model.sdf
[1.732s] -- Up-to-date: /home/mrxiuer/project/毕设/demo/src/install/share/vrx_gz/models/robotx_light_buoy_bgy
[1.732s] -- Up-to-date: /home/mrxiuer/project/毕设/demo/src/install/share/vrx_gz/models/robotx_light_buoy_bgy/model.config
[1.732s] -- Up-to-date: /home/mrxiuer/project/毕设/demo/src/install/share/vrx_gz/models/robotx_light_buoy_bgy/model.sdf
[1.733s] -- Up-to-date: /home/mrxiuer/project/毕设/demo/src/install/share/vrx_gz/models/robotx_light_buoy_gbr
[1.733s] -- Up-to-date: /home/mrxiuer/project/毕设/demo/src/install/share/vrx_gz/models/robotx_light_buoy_gbr/model.config
[1.733s] -- Up-to-date: /home/mrxiuer/project/毕设/demo/src/install/share/vrx_gz/models/robotx_light_buoy_gbr/model.sdf
[1.733s] -- Up-to-date: /home/mrxiuer/project/毕设/demo/src/install/share/vrx_gz/models/dock_2022_base
[1.733s] -- Up-to-date: /home/mrxiuer/project/毕设/demo/src/install/share/vrx_gz/models/dock_2022_base/model.config
[1.733s] -- Up-to-date: /home/mrxiuer/project/毕设/demo/src/install/share/vrx_gz/models/dock_2022_base/model.sdf
[1.733s] -- Up-to-date: /home/mrxiuer/project/毕设/demo/src/install/share/vrx_gz/models/roboboat02
[1.733s] -- Up-to-date: /home/mrxiuer/project/毕设/demo/src/install/share/vrx_gz/models/roboboat02/model.config
[1.733s] -- Up-to-date: /home/mrxiuer/project/毕设/demo/src/install/share/vrx_gz/models/roboboat02/meshes
[1.733s] -- Up-to-date: /home/mrxiuer/project/毕设/demo/src/install/share/vrx_gz/models/roboboat02/meshes/roboboat02.dae
[1.733s] -- Up-to-date: /home/mrxiuer/project/毕设/demo/src/install/share/vrx_gz/models/roboboat02/materials
[1.733s] -- Up-to-date: /home/mrxiuer/project/毕设/demo/src/install/share/vrx_gz/models/roboboat02/materials/scripts
[1.733s] -- Up-to-date: /home/mrxiuer/project/毕设/demo/src/install/share/vrx_gz/models/roboboat02/materials/scripts/model.material
[1.733s] -- Up-to-date: /home/mrxiuer/project/毕设/demo/src/install/share/vrx_gz/models/roboboat02/materials/textures
[1.733s] -- Up-to-date: /home/mrxiuer/project/毕设/demo/src/install/share/vrx_gz/models/roboboat02/materials/textures/Boat02_Albedo.png
[1.733s] -- Up-to-date: /home/mrxiuer/project/毕设/demo/src/install/share/vrx_gz/models/roboboat02/materials/textures/Boat02_Roughness.png
[1.733s] -- Up-to-date: /home/mrxiuer/project/毕设/demo/src/install/share/vrx_gz/models/roboboat02/materials/textures/Boat02_Normal.png
[1.733s] -- Up-to-date: /home/mrxiuer/project/毕设/demo/src/install/share/vrx_gz/models/roboboat02/materials/textures/Boat02_Metallic.png
[1.733s] -- Up-to-date: /home/mrxiuer/project/毕设/demo/src/install/share/vrx_gz/models/roboboat02/model.sdf
[1.733s] -- Up-to-date: /home/mrxiuer/project/毕设/demo/src/install/share/vrx_gz/models/robotx_light_buoy_rgb
[1.734s] -- Up-to-date: /home/mrxiuer/project/毕设/demo/src/install/share/vrx_gz/models/robotx_light_buoy_rgb/mesh
[1.734s] -- Up-to-date: /home/mrxiuer/project/毕设/demo/src/install/share/vrx_gz/models/robotx_light_buoy_rgb/mesh/LightTower_Albedo.png
[1.734s] -- Up-to-date: /home/mrxiuer/project/毕设/demo/src/install/share/vrx_gz/models/robotx_light_buoy_rgb/mesh/LightTower_Opacity.png
[1.734s] -- Up-to-date: /home/mrxiuer/project/毕设/demo/src/install/share/vrx_gz/models/robotx_light_buoy_rgb/mesh/LightTower_Metalness.png
[1.734s] -- Up-to-date: /home/mrxiuer/project/毕设/demo/src/install/share/vrx_gz/models/robotx_light_buoy_rgb/mesh/LightTower_Roughness.png
[1.734s] -- Up-to-date: /home/mrxiuer/project/毕设/demo/src/install/share/vrx_gz/models/robotx_light_buoy_rgb/mesh/LightTower_Normal.png
[1.734s] -- Up-to-date: /home/mrxiuer/project/毕设/demo/src/install/share/vrx_gz/models/robotx_light_buoy_rgb/mesh/robotx_light_buoy.dae
[1.734s] -- Up-to-date: /home/mrxiuer/project/毕设/demo/src/install/share/vrx_gz/models/robotx_light_buoy_rgb/model.config
[1.734s] -- Up-to-date: /home/mrxiuer/project/毕设/demo/src/install/share/vrx_gz/models/robotx_light_buoy_rgb/model.sdf
[1.734s] -- Up-to-date: /home/mrxiuer/project/毕设/demo/src/install/share/vrx_gz/models/robotx_light_buoy_rgy
[1.734s] -- Up-to-date: /home/mrxiuer/project/毕设/demo/src/install/share/vrx_gz/models/robotx_light_buoy_rgy/model.config
[1.734s] -- Up-to-date: /home/mrxiuer/project/毕设/demo/src/install/share/vrx_gz/models/robotx_light_buoy_rgy/model.sdf
[1.734s] -- Up-to-date: /home/mrxiuer/project/毕设/demo/src/install/share/vrx_gz/models/robotx_light_buoy_ybr
[1.734s] -- Up-to-date: /home/mrxiuer/project/毕设/demo/src/install/share/vrx_gz/models/robotx_light_buoy_ybr/model.config
[1.734s] -- Up-to-date: /home/mrxiuer/project/毕设/demo/src/install/share/vrx_gz/models/robotx_light_buoy_ybr/model.sdf
[1.734s] -- Up-to-date: /home/mrxiuer/project/毕设/demo/src/install/share/vrx_gz/models/coast_waves
[1.734s] -- Up-to-date: /home/mrxiuer/project/毕设/demo/src/install/share/vrx_gz/models/coast_waves/model.config
[1.734s] -- Up-to-date: /home/mrxiuer/project/毕设/demo/src/install/share/vrx_gz/models/coast_waves/meshes
[1.734s] -- Up-to-date: /home/mrxiuer/project/毕设/demo/src/install/share/vrx_gz/models/coast_waves/meshes/waterlow.dae
[1.735s] -- Up-to-date: /home/mrxiuer/project/毕设/demo/src/install/share/vrx_gz/models/coast_waves/materials
[1.735s] -- Up-to-date: /home/mrxiuer/project/毕设/demo/src/install/share/vrx_gz/models/coast_waves/materials/textures
[1.735s] -- Up-to-date: /home/mrxiuer/project/毕设/demo/src/install/share/vrx_gz/models/coast_waves/materials/textures/skybox_lowres.dds
[1.735s] -- Up-to-date: /home/mrxiuer/project/毕设/demo/src/install/share/vrx_gz/models/coast_waves/materials/textures/wave_normals.dds
[1.735s] -- Up-to-date: /home/mrxiuer/project/毕设/demo/src/install/share/vrx_gz/models/coast_waves/materials/programs
[1.735s] -- Up-to-date: /home/mrxiuer/project/毕设/demo/src/install/share/vrx_gz/models/coast_waves/materials/programs/GerstnerWaves_vs_330.glsl
[1.735s] -- Up-to-date: /home/mrxiuer/project/毕设/demo/src/install/share/vrx_gz/models/coast_waves/materials/programs/GerstnerWaves_fs_330.glsl
[1.735s] -- Up-to-date: /home/mrxiuer/project/毕设/demo/src/install/share/vrx_gz/models/coast_waves/model.sdf
[1.735s] -- Up-to-date: /home/mrxiuer/project/毕设/demo/src/install/share/vrx_gz/models/short_navigation_course_2
[1.735s] -- Up-to-date: /home/mrxiuer/project/毕设/demo/src/install/share/vrx_gz/models/short_navigation_course_2/model.config
[1.735s] -- Up-to-date: /home/mrxiuer/project/毕设/demo/src/install/share/vrx_gz/models/short_navigation_course_2/model.sdf
[1.735s] -- Up-to-date: /home/mrxiuer/project/毕设/demo/src/install/share/vrx_gz/models/articulated_platform
[1.735s] -- Up-to-date: /home/mrxiuer/project/毕设/demo/src/install/share/vrx_gz/models/articulated_platform/model.config
[1.735s] -- Up-to-date: /home/mrxiuer/project/毕设/demo/src/install/share/vrx_gz/models/articulated_platform/model.sdf
[1.735s] -- Up-to-date: /home/mrxiuer/project/毕设/demo/src/install/share/vrx_gz/models/short_navigation_course_5
[1.735s] -- Up-to-date: /home/mrxiuer/project/毕设/demo/src/install/share/vrx_gz/models/short_navigation_course_5/model.config
[1.735s] -- Up-to-date: /home/mrxiuer/project/毕设/demo/src/install/share/vrx_gz/models/short_navigation_course_5/model.sdf
[1.735s] -- Up-to-date: /home/mrxiuer/project/毕设/demo/src/install/share/vrx_gz/models/roboboat_cpubox
[1.735s] -- Up-to-date: /home/mrxiuer/project/毕设/demo/src/install/share/vrx_gz/models/roboboat_cpubox/model.config
[1.736s] -- Up-to-date: /home/mrxiuer/project/毕设/demo/src/install/share/vrx_gz/models/roboboat_cpubox/meshes
[1.736s] -- Up-to-date: /home/mrxiuer/project/毕设/demo/src/install/share/vrx_gz/models/roboboat_cpubox/meshes/drybox.dae
[1.736s] -- Up-to-date: /home/mrxiuer/project/毕设/demo/src/install/share/vrx_gz/models/roboboat_cpubox/materials
[1.736s] -- Up-to-date: /home/mrxiuer/project/毕设/demo/src/install/share/vrx_gz/models/roboboat_cpubox/materials/textures
[1.736s] -- Up-to-date: /home/mrxiuer/project/毕设/demo/src/install/share/vrx_gz/models/roboboat_cpubox/materials/textures/DryBox_Albedo.png
[1.736s] -- Up-to-date: /home/mrxiuer/project/毕设/demo/src/install/share/vrx_gz/models/roboboat_cpubox/materials/textures/DryBox_Roughness.png
[1.736s] -- Up-to-date: /home/mrxiuer/project/毕设/demo/src/install/share/vrx_gz/models/roboboat_cpubox/model.sdf
[1.736s] -- Up-to-date: /home/mrxiuer/project/毕设/demo/src/install/share/vrx_gz/models/placard_2022
[1.736s] -- Up-to-date: /home/mrxiuer/project/毕设/demo/src/install/share/vrx_gz/models/placard_2022/model.config
[1.736s] -- Up-to-date: /home/mrxiuer/project/毕设/demo/src/install/share/vrx_gz/models/placard_2022/meshes
[1.736s] -- Up-to-date: /home/mrxiuer/project/毕设/demo/src/install/share/vrx_gz/models/placard_2022/meshes/placard_2022.dae
[1.736s] -- Up-to-date: /home/mrxiuer/project/毕设/demo/src/install/share/vrx_gz/models/placard_2022/materials
[1.736s] -- Up-to-date: /home/mrxiuer/project/毕设/demo/src/install/share/vrx_gz/models/placard_2022/materials/textures
[1.736s] -- Up-to-date: /home/mrxiuer/project/毕设/demo/src/install/share/vrx_gz/models/placard_2022/materials/textures/Placard.png
[1.736s] -- Up-to-date: /home/mrxiuer/project/毕设/demo/src/install/share/vrx_gz/models/placard_2022/model.sdf
[1.736s] -- Up-to-date: /home/mrxiuer/project/毕设/demo/src/install/share/vrx_gz/models/symbol_triangle
[1.736s] -- Up-to-date: /home/mrxiuer/project/毕设/demo/src/install/share/vrx_gz/models/symbol_triangle/mesh
[1.736s] -- Up-to-date: /home/mrxiuer/project/毕设/demo/src/install/share/vrx_gz/models/symbol_triangle/mesh/triangle.dae
[1.736s] -- Up-to-date: /home/mrxiuer/project/毕设/demo/src/install/share/vrx_gz/models/symbol_triangle/model.config
[1.736s] -- Up-to-date: /home/mrxiuer/project/毕设/demo/src/install/share/vrx_gz/models/symbol_triangle/model.sdf
[1.737s] -- Up-to-date: /home/mrxiuer/project/毕设/demo/src/install/share/vrx_gz/models/dock_2022
[1.737s] -- Up-to-date: /home/mrxiuer/project/毕设/demo/src/install/share/vrx_gz/models/dock_2022/model.config
[1.737s] -- Up-to-date: /home/mrxiuer/project/毕设/demo/src/install/share/vrx_gz/models/dock_2022/model.sdf
[1.737s] -- Up-to-date: /home/mrxiuer/project/毕设/demo/src/install/share/vrx_gz/models/obstacle_course
[1.737s] -- Up-to-date: /home/mrxiuer/project/毕设/demo/src/install/share/vrx_gz/models/obstacle_course/model.config
[1.737s] -- Up-to-date: /home/mrxiuer/project/毕设/demo/src/install/share/vrx_gz/models/obstacle_course/model.sdf
[1.737s] -- Up-to-date: /home/mrxiuer/project/毕设/demo/src/install/share/vrx_gz/models/robotx_light_buoy_yrg
[1.737s] -- Up-to-date: /home/mrxiuer/project/毕设/demo/src/install/share/vrx_gz/models/robotx_light_buoy_yrg/model.config
[1.737s] -- Up-to-date: /home/mrxiuer/project/毕设/demo/src/install/share/vrx_gz/models/robotx_light_buoy_yrg/model.sdf
[1.737s] -- Up-to-date: /home/mrxiuer/project/毕设/demo/src/install/share/vrx_gz/models/robotx_light_buoy_rbg
[1.737s] -- Up-to-date: /home/mrxiuer/project/毕设/demo/src/install/share/vrx_gz/models/robotx_light_buoy_rbg/model.config
[1.737s] -- Up-to-date: /home/mrxiuer/project/毕设/demo/src/install/share/vrx_gz/models/robotx_light_buoy_rbg/model.sdf
[1.737s] -- Up-to-date: /home/mrxiuer/project/毕设/demo/src/install/share/vrx_gz/models/entrance_exit
[1.737s] -- Up-to-date: /home/mrxiuer/project/毕设/demo/src/install/share/vrx_gz/models/entrance_exit/model.config
[1.737s] -- Up-to-date: /home/mrxiuer/project/毕设/demo/src/install/share/vrx_gz/models/entrance_exit/model.sdf
[1.737s] -- Up-to-date: /home/mrxiuer/project/毕设/demo/src/install/share/vrx_gz/models/short_navigation_course_0
[1.737s] -- Up-to-date: /home/mrxiuer/project/毕设/demo/src/install/share/vrx_gz/models/short_navigation_course_0/model.config
[1.737s] -- Up-to-date: /home/mrxiuer/project/毕设/demo/src/install/share/vrx_gz/models/short_navigation_course_0/model.sdf
[1.737s] -- Up-to-date: /home/mrxiuer/project/毕设/demo/src/install/share/vrx_gz/models/short_course_2023_phase3_2
[1.737s] -- Up-to-date: /home/mrxiuer/project/毕设/demo/src/install/share/vrx_gz/models/short_course_2023_phase3_2/model.config
[1.737s] -- Up-to-date: /home/mrxiuer/project/毕设/demo/src/install/share/vrx_gz/models/short_course_2023_phase3_2/model.sdf
[1.737s] -- Up-to-date: /home/mrxiuer/project/毕设/demo/src/install/share/vrx_gz/models/robotx_light_buoy_ygb
[1.738s] -- Up-to-date: /home/mrxiuer/project/毕设/demo/src/install/share/vrx_gz/models/robotx_light_buoy_ygb/model.config
[1.738s] -- Up-to-date: /home/mrxiuer/project/毕设/demo/src/install/share/vrx_gz/models/robotx_light_buoy_ygb/model.sdf
[1.738s] -- Up-to-date: /home/mrxiuer/project/毕设/demo/src/install/share/vrx_gz/models/short_course_2023_phase3_1
[1.738s] -- Up-to-date: /home/mrxiuer/project/毕设/demo/src/install/share/vrx_gz/models/short_course_2023_phase3_1/model.config
[1.738s] -- Up-to-date: /home/mrxiuer/project/毕设/demo/src/install/share/vrx_gz/models/short_course_2023_phase3_1/model.sdf
[1.738s] -- Up-to-date: /home/mrxiuer/project/毕设/demo/src/install/share/vrx_gz/models/short_navigation_course_1
[1.738s] -- Up-to-date: /home/mrxiuer/project/毕设/demo/src/install/share/vrx_gz/models/short_navigation_course_1/model.config
[1.738s] -- Up-to-date: /home/mrxiuer/project/毕设/demo/src/install/share/vrx_gz/models/short_navigation_course_1/model.sdf
[1.738s] -- Up-to-date: /home/mrxiuer/project/毕设/demo/src/install/share/vrx_gz/models/dock_block_4x4
[1.738s] -- Up-to-date: /home/mrxiuer/project/毕设/demo/src/install/share/vrx_gz/models/dock_block_4x4/mesh
[1.738s] -- Up-to-date: /home/mrxiuer/project/毕设/demo/src/install/share/vrx_gz/models/dock_block_4x4/mesh/DockCubes_Normal.png
[1.738s] -- Up-to-date: /home/mrxiuer/project/毕设/demo/src/install/share/vrx_gz/models/dock_block_4x4/mesh/DockCubes_Albedo.png
[1.738s] -- Up-to-date: /home/mrxiuer/project/毕设/demo/src/install/share/vrx_gz/models/dock_block_4x4/mesh/DockCubes_Roughness.png
[1.738s] -- Up-to-date: /home/mrxiuer/project/毕设/demo/src/install/share/vrx_gz/models/dock_block_4x4/mesh/dock_block_4x4.dae
[1.738s] -- Up-to-date: /home/mrxiuer/project/毕设/demo/src/install/share/vrx_gz/models/dock_block_4x4/mesh/DockCubes_Metalness.png
[1.738s] -- Up-to-date: /home/mrxiuer/project/毕设/demo/src/install/share/vrx_gz/models/dock_block_4x4/model.config
[1.738s] -- Up-to-date: /home/mrxiuer/project/毕设/demo/src/install/share/vrx_gz/models/dock_block_4x4/model.sdf
[1.738s] -- Up-to-date: /home/mrxiuer/project/毕设/demo/src/install/share/vrx_gz/models/roboboat01
[1.738s] -- Up-to-date: /home/mrxiuer/project/毕设/demo/src/install/share/vrx_gz/models/roboboat01/model.config
[1.738s] -- Up-to-date: /home/mrxiuer/project/毕设/demo/src/install/share/vrx_gz/models/roboboat01/meshes
[1.738s] -- Up-to-date: /home/mrxiuer/project/毕设/demo/src/install/share/vrx_gz/models/roboboat01/meshes/roboboat01.dae
[1.738s] -- Up-to-date: /home/mrxiuer/project/毕设/demo/src/install/share/vrx_gz/models/roboboat01/meshes/prop.dae
[1.738s] -- Up-to-date: /home/mrxiuer/project/毕设/demo/src/install/share/vrx_gz/models/roboboat01/meshes/mount.dae
[1.739s] -- Up-to-date: /home/mrxiuer/project/毕设/demo/src/install/share/vrx_gz/models/roboboat01/meshes/housing.dae
[1.739s] -- Up-to-date: /home/mrxiuer/project/毕设/demo/src/install/share/vrx_gz/models/roboboat01/materials
[1.739s] -- Up-to-date: /home/mrxiuer/project/毕设/demo/src/install/share/vrx_gz/models/roboboat01/materials/scripts
[1.739s] -- Up-to-date: /home/mrxiuer/project/毕设/demo/src/install/share/vrx_gz/models/roboboat01/materials/scripts/model.material
[1.739s] -- Up-to-date: /home/mrxiuer/project/毕设/demo/src/install/share/vrx_gz/models/roboboat01/materials/textures
[1.739s] -- Up-to-date: /home/mrxiuer/project/毕设/demo/src/install/share/vrx_gz/models/roboboat01/materials/textures/Boat01_Metallic.png
[1.739s] -- Up-to-date: /home/mrxiuer/project/毕设/demo/src/install/share/vrx_gz/models/roboboat01/materials/textures/Thruster_Roughness.png
[1.739s] -- Up-to-date: /home/mrxiuer/project/毕设/demo/src/install/share/vrx_gz/models/roboboat01/materials/textures/Boat01_Normal.png
[1.739s] -- Up-to-date: /home/mrxiuer/project/毕设/demo/src/install/share/vrx_gz/models/roboboat01/materials/textures/Boat01_Roughness.png
[1.739s] -- Up-to-date: /home/mrxiuer/project/毕设/demo/src/install/share/vrx_gz/models/roboboat01/materials/textures/Thruster_Albedo.png
[1.739s] -- Up-to-date: /home/mrxiuer/project/毕设/demo/src/install/share/vrx_gz/models/roboboat01/materials/textures/Boat01_Albedo.png
[1.739s] -- Up-to-date: /home/mrxiuer/project/毕设/demo/src/install/share/vrx_gz/models/roboboat01/model.sdf
[1.739s] -- Up-to-date: /home/mrxiuer/project/毕设/demo/src/install/share/vrx_gz/models/robotx_light_buoy_bgr
[1.739s] -- Up-to-date: /home/mrxiuer/project/毕设/demo/src/install/share/vrx_gz/models/robotx_light_buoy_bgr/model.config
[1.739s] -- Up-to-date: /home/mrxiuer/project/毕设/demo/src/install/share/vrx_gz/models/robotx_light_buoy_bgr/model.sdf
[1.739s] -- Up-to-date: /home/mrxiuer/project/毕设/demo/src/install/share/vrx_gz/worlds
[1.739s] -- Up-to-date: /home/mrxiuer/project/毕设/demo/src/install/share/vrx_gz/worlds/gymkhana_task.sdf
[1.739s] -- Up-to-date: /home/mrxiuer/project/毕设/demo/src/install/share/vrx_gz/worlds/perception_task.sdf
[1.739s] -- Up-to-date: /home/mrxiuer/project/毕设/demo/src/install/share/vrx_gz/worlds/scan_dock_deliver_task.sdf
[1.739s] -- Up-to-date: /home/mrxiuer/project/毕设/demo/src/install/share/vrx_gz/worlds/follow_path_task.sdf
[1.739s] -- Up-to-date: /home/mrxiuer/project/毕设/demo/src/install/share/vrx_gz/worlds/sydney_regatta.sdf
[1.739s] -- Up-to-date: /home/mrxiuer/project/毕设/demo/src/install/share/vrx_gz/worlds/stationkeeping_task.sdf
[1.739s] -- Up-to-date: /home/mrxiuer/project/毕设/demo/src/install/share/vrx_gz/worlds/2023_practice
[1.739s] -- Up-to-date: /home/mrxiuer/project/毕设/demo/src/install/share/vrx_gz/worlds/2023_practice/practice_2023_perception1_task.sdf
[1.740s] -- Up-to-date: /home/mrxiuer/project/毕设/demo/src/install/share/vrx_gz/worlds/2023_practice/practice_2023_acoustic_perception1_task.sdf
[1.740s] -- Up-to-date: /home/mrxiuer/project/毕设/demo/src/install/share/vrx_gz/worlds/2023_practice/practice_2023_wildlife1_task.sdf
[1.740s] -- Up-to-date: /home/mrxiuer/project/毕设/demo/src/install/share/vrx_gz/worlds/2023_practice/practice_2023_follow_path1_task.sdf
[1.740s] -- Up-to-date: /home/mrxiuer/project/毕设/demo/src/install/share/vrx_gz/worlds/2023_practice/practice_2023_stationkeeping0_task.sdf
[1.740s] -- Up-to-date: /home/mrxiuer/project/毕设/demo/src/install/share/vrx_gz/worlds/2023_practice/practice_2023_scan_dock_deliver0_task.sdf
[1.740s] -- Up-to-date: /home/mrxiuer/project/毕设/demo/src/install/share/vrx_gz/worlds/2023_practice/practice_2023_wildlife2_task.sdf
[1.740s] -- Up-to-date: /home/mrxiuer/project/毕设/demo/src/install/share/vrx_gz/worlds/2023_practice/practice_2023_acoustic_tracking2_task.sdf
[1.740s] -- Up-to-date: /home/mrxiuer/project/毕设/demo/src/install/share/vrx_gz/worlds/2023_practice/practice_2023_scan_dock_deliver1_task.sdf
[1.740s] -- Up-to-date: /home/mrxiuer/project/毕设/demo/src/install/share/vrx_gz/worlds/2023_practice/practice_2023_perception0_task.sdf
[1.740s] -- Up-to-date: /home/mrxiuer/project/毕设/demo/src/install/share/vrx_gz/worlds/2023_practice/practice_2023_follow_path0_task.sdf
[1.740s] -- Up-to-date: /home/mrxiuer/project/毕设/demo/src/install/share/vrx_gz/worlds/2023_practice/practice_2023_acoustic_perception0_task.sdf
[1.741s] -- Up-to-date: /home/mrxiuer/project/毕设/demo/src/install/share/vrx_gz/worlds/2023_practice/practice_2023_acoustic_tracking1_task.sdf
[1.741s] -- Up-to-date: /home/mrxiuer/project/毕设/demo/src/install/share/vrx_gz/worlds/2023_practice/practice_2023_acoustic_tracking0_task.sdf
[1.741s] -- Up-to-date: /home/mrxiuer/project/毕设/demo/src/install/share/vrx_gz/worlds/2023_practice/practice_2023_wayfinding1_task.sdf
[1.741s] -- Up-to-date: /home/mrxiuer/project/毕设/demo/src/install/share/vrx_gz/worlds/2023_practice/practice_2023_stationkeeping2_task.sdf
[1.741s] -- Up-to-date: /home/mrxiuer/project/毕设/demo/src/install/share/vrx_gz/worlds/2023_practice/practice_2023_scan_dock_deliver2_task.sdf
[1.742s] -- Up-to-date: /home/mrxiuer/project/毕设/demo/src/install/share/vrx_gz/worlds/2023_practice/practice_2023_wayfinding0_task.sdf
[1.742s] -- Up-to-date: /home/mrxiuer/project/毕设/demo/src/install/share/vrx_gz/worlds/2023_practice/practice_2023_follow_path2_task.sdf
[1.742s] -- Up-to-date: /home/mrxiuer/project/毕设/demo/src/install/share/vrx_gz/worlds/2023_practice/practice_2023_acoustic_perception2_task.sdf
[1.742s] -- Up-to-date: /home/mrxiuer/project/毕设/demo/src/install/share/vrx_gz/worlds/2023_practice/practice_2023_stationkeeping1_task.sdf
[1.742s] -- Up-to-date: /home/mrxiuer/project/毕设/demo/src/install/share/vrx_gz/worlds/2023_practice/practice_2023_wildlife0_task.sdf
[1.742s] -- Up-to-date: /home/mrxiuer/project/毕设/demo/src/install/share/vrx_gz/worlds/2023_practice/practice_2023_perception2_task.sdf
[1.742s] -- Up-to-date: /home/mrxiuer/project/毕设/demo/src/install/share/vrx_gz/worlds/2023_practice/practice_2023_wayfinding2_task.sdf
[1.742s] -- Up-to-date: /home/mrxiuer/project/毕设/demo/src/install/share/vrx_gz/worlds/navigation_task.sdf
[1.742s] -- Up-to-date: /home/mrxiuer/project/毕设/demo/src/install/share/vrx_gz/worlds/wildlife_task.sdf
[1.742s] -- Up-to-date: /home/mrxiuer/project/毕设/demo/src/install/share/vrx_gz/worlds/acoustic_perception_task.sdf
[1.742s] -- Installing: /home/mrxiuer/project/毕设/demo/src/install/share/vrx_gz/worlds/wayfinding_task.sdf
[1.742s] -- Up-to-date: /home/mrxiuer/project/毕设/demo/src/install/share/vrx_gz/worlds/nbpark.sdf
[1.742s] -- Up-to-date: /home/mrxiuer/project/毕设/demo/src/install/share/vrx_gz/worlds/acoustic_tracking_task.sdf
[1.742s] -- Up-to-date: /home/mrxiuer/project/毕设/demo/src/install/share/ament_index/resource_index/package_run_dependencies/vrx_gz
[1.743s] -- Up-to-date: /home/mrxiuer/project/毕设/demo/src/install/share/ament_index/resource_index/parent_prefix_path/vrx_gz
[1.743s] -- Up-to-date: /home/mrxiuer/project/毕设/demo/src/install/share/vrx_gz/environment/ament_prefix_path.sh
[1.743s] -- Installing: /home/mrxiuer/project/毕设/demo/src/install/share/vrx_gz/environment/ament_prefix_path.dsv
[1.743s] -- Up-to-date: /home/mrxiuer/project/毕设/demo/src/install/share/vrx_gz/environment/path.sh
[1.743s] -- Installing: /home/mrxiuer/project/毕设/demo/src/install/share/vrx_gz/environment/path.dsv
[1.743s] -- Up-to-date: /home/mrxiuer/project/毕设/demo/src/install/share/vrx_gz/local_setup.bash
[1.743s] -- Up-to-date: /home/mrxiuer/project/毕设/demo/src/install/share/vrx_gz/local_setup.sh
[1.743s] -- Up-to-date: /home/mrxiuer/project/毕设/demo/src/install/share/vrx_gz/local_setup.zsh
[1.743s] -- Installing: /home/mrxiuer/project/毕设/demo/src/install/share/vrx_gz/local_setup.dsv
[1.743s] -- Installing: /home/mrxiuer/project/毕设/demo/src/install/share/vrx_gz/package.dsv
[1.743s] -- Up-to-date: /home/mrxiuer/project/毕设/demo/src/install/share/ament_index/resource_index/packages/vrx_gz
[1.743s] -- Up-to-date: /home/mrxiuer/project/毕设/demo/src/install/share/vrx_gz/cmake/vrx_gzConfig.cmake
[1.743s] -- Up-to-date: /home/mrxiuer/project/毕设/demo/src/install/share/vrx_gz/cmake/vrx_gzConfig-version.cmake
[1.743s] -- Up-to-date: /home/mrxiuer/project/毕设/demo/src/install/share/vrx_gz/package.xml
[1.743s] Invoked command in '/home/mrxiuer/project/毕设/demo/src/build/vrx_gz' returned '0': CMAKE_PREFIX_PATH=${CMAKE_PREFIX_PATH}:/opt/ros/humble LD_LIBRARY_PATH=/home/mrxiuer/project/毕设/demo/src/install/lib:/usr/local/lib:/opt/ros/humble/opt/rviz_ogre_vendor/lib:/opt/ros/humble/lib/x86_64-linux-gnu:/opt/ros/humble/lib /usr/bin/cmake --install /home/mrxiuer/project/毕设/demo/src/build/vrx_gz
