[0.009s] Invoking command in '/home/mrxiuer/project/毕设/demo/src/build/vrx_gz': CMAKE_PREFIX_PATH=${CMAKE_PREFIX_PATH}:/opt/ros/humble LD_LIBRARY_PATH=/home/mrxiuer/project/毕设/demo/src/install/lib:/usr/local/lib:/opt/ros/humble/opt/rviz_ogre_vendor/lib:/opt/ros/humble/lib/x86_64-linux-gnu:/opt/ros/humble/lib /usr/bin/cmake --build /home/mrxiuer/project/毕设/demo/src/build/vrx_gz -- -j16 -l16
[0.031s] -- Found ament_cmake: 1.3.11 (/opt/ros/humble/share/ament_cmake/cmake)
[0.131s] -- Looking for gz-sim7 -- found version 7.9.0
[0.135s] -- Searching for dependencies of gz-sim7
[0.135s] -- Looking for sdformat13 -- found version 13.9.0
[0.135s] -- Searching for dependencies of sdformat13
[0.140s] -- Checking for module 'tinyxml2'
[0.153s] --   Found tinyxml2, version 9.0.0
[0.189s] -- Looking for gz-math7 -- found version 7.5.1
[0.189s] -- Searching for dependencies of gz-math7
[0.190s] -- Looking for gz-utils2 -- found version 2.2.1
[0.190s] -- Searching for dependencies of gz-utils2
[0.191s] -- Looking for gz-utils2 -- found version 2.2.1
[0.191s] -- Searching for dependencies of gz-utils2
[0.191s] -- Searching for <gz-utils2> component [cli]
[0.192s] -- Looking for gz-utils2-cli -- found version 2.2.1
[0.192s] -- Searching for dependencies of gz-utils2-cli
[0.193s] -- Looking for gz-plugin2 -- found version 2.0.4
[0.193s] -- Searching for dependencies of gz-plugin2
[0.193s] -- Looking for gz-utils2 -- found version 2.2.1
[0.194s] -- Searching for <gz-plugin2> component [loader]
[0.194s] -- Looking for gz-plugin2-loader -- found version 2.0.4
[0.194s] -- Searching for dependencies of gz-plugin2-loader
[0.195s] -- Searching for <gz-plugin2> component [register]
[0.195s] -- Looking for gz-plugin2-register -- found version 2.0.4
[0.195s] -- Searching for dependencies of gz-plugin2-register
[0.196s] -- Looking for gz-transport12 -- found version 12.2.2
[0.196s] -- Searching for dependencies of gz-transport12
[0.230s] -- Config-file not installed for ZeroMQ -- checking for pkg-config
[0.235s] -- Checking for module 'libzmq >= 4'
[0.250s] --   Found libzmq , version 4.3.4
[0.309s] -- Checking for module 'uuid'
[0.327s] --   Found uuid, version 2.37.2
[0.369s] -- Looking for gz-utils2 -- found version 2.2.1
[0.369s] -- Looking for gz-msgs9 -- found version 9.5.1
[0.369s] -- Searching for dependencies of gz-msgs9
[0.391s] -- Looking for gz-math7 -- found version 7.5.1
[0.397s] -- Searching for <gz-transport12> component [log]
[0.397s] -- Looking for gz-transport12-log -- found version 12.2.2
[0.397s] -- Searching for dependencies of gz-transport12-log
[0.398s] -- Searching for <gz-transport12> component [parameters]
[0.398s] -- Looking for gz-transport12-parameters -- found version 12.2.2
[0.398s] -- Searching for dependencies of gz-transport12-parameters
[0.399s] -- Looking for gz-msgs9 -- found version 9.5.1
[0.399s] -- Looking for gz-common5 -- found version 5.7.1
[0.400s] -- Searching for dependencies of gz-common5
[0.400s] -- Looking for gz-utils2 -- found version 2.2.1
[0.400s] -- Looking for dlfcn.h - found
[0.400s] -- Looking for libdl - found
[0.407s] -- Searching for <gz-common5> component [profiler]
[0.407s] -- Looking for gz-common5-profiler -- found version 5.7.1
[0.408s] -- Searching for dependencies of gz-common5-profiler
[0.408s] -- Searching for <gz-common5> component [events]
[0.408s] -- Looking for gz-common5-events -- found version 5.7.1
[0.409s] -- Searching for dependencies of gz-common5-events
[0.409s] -- Looking for gz-math7 -- found version 7.5.1
[0.409s] -- Searching for <gz-common5> component [av]
[0.410s] -- Looking for gz-common5-av -- found version 5.7.1
[0.410s] -- Searching for dependencies of gz-common5-av
[0.418s] -- Checking for module 'libswscale'
[0.429s] --   Found libswscale, version 5.9.100
[0.472s] -- Checking for module 'libavdevice >= 56.4.100'
[0.486s] --   Found libavdevice , version 58.13.100
[0.531s] -- Checking for module 'libavformat'
[0.545s] --   Found libavformat, version 58.76.100
[0.588s] -- Checking for module 'libavcodec'
[0.601s] --   Found libavcodec, version 58.134.100
[0.645s] -- Checking for module 'libavutil'
[0.659s] --   Found libavutil, version 56.70.100
[0.698s] -- Searching for <gz-common5> component [io]
[0.698s] -- Looking for gz-common5-io -- found version 5.7.1
[0.699s] -- Searching for dependencies of gz-common5-io
[0.699s] -- Looking for gz-fuel_tools8 -- found version 8.2.0
[0.700s] -- Searching for dependencies of gz-fuel_tools8
[0.749s] -- Checking for module 'jsoncpp'
[0.763s] --   Found jsoncpp, version 1.9.5
[0.806s] -- Checking for module 'libzip'
[0.821s] --   Found libzip, version 1.7.3
[0.860s] -- Looking for gz-utils2 -- found version 2.2.1
[0.860s] -- Looking for gz-common5 -- found version 5.7.1
[0.860s] -- Searching for dependencies of gz-common5
[0.860s] -- Looking for gz-utils2 -- found version 2.2.1
[0.860s] -- Looking for dlfcn.h - found
[0.860s] -- Looking for libdl - found
[0.867s] -- Searching for <gz-common5> component [testing]
[0.867s] -- Looking for gz-common5-testing -- found version 5.7.1
[0.868s] -- Searching for dependencies of gz-common5-testing
[0.868s] -- Looking for gz-math7 -- found version 7.5.1
[0.869s] -- Looking for gz-msgs9 -- found version 9.5.1
[0.869s] -- Looking for gz-gui7 -- found version 7.2.2
[0.870s] -- Searching for dependencies of gz-gui7
[0.897s] -- Looking for gz-utils2 -- found version 2.2.1
[0.897s] -- Looking for gz-math7 -- found version 7.5.1
[0.897s] -- Looking for gz-common5 -- found version 5.7.1
[0.898s] -- Looking for gz-plugin2 -- found version 2.0.4
[0.898s] -- Looking for gz-transport12 -- found version 12.2.2
[0.898s] -- Looking for gz-rendering7 -- found version 7.5.0
[0.898s] -- Searching for dependencies of gz-rendering7
[0.899s] -- Looking for gz-math7 -- found version 7.5.1
[0.899s] -- Searching for dependencies of gz-math7
[0.899s] -- Looking for gz-utils2 -- found version 2.2.1
[0.899s] -- Searching for <gz-math7> component [eigen3]
[0.900s] -- Looking for gz-math7-eigen3 -- found version 7.5.1
[0.900s] -- Searching for dependencies of gz-math7-eigen3
[0.901s] -- Looking for gz-common5 -- found version 5.7.1
[0.901s] -- Searching for dependencies of gz-common5
[0.902s] -- Looking for gz-utils2 -- found version 2.2.1
[0.902s] -- Looking for dlfcn.h - found
[0.902s] -- Looking for libdl - found
[0.909s] -- Searching for <gz-common5> component [graphics]
[0.909s] -- Looking for gz-common5-graphics -- found version 5.7.1
[0.909s] -- Searching for dependencies of gz-common5-graphics
[0.910s] -- Looking for gz-math7 -- found version 7.5.1
[0.912s] -- Searching for <gz-common5> component [events]
[0.912s] -- Searching for <gz-common5> component [geospatial]
[0.912s] -- Looking for gz-common5-geospatial -- found version 5.7.1
[0.913s] -- Searching for dependencies of gz-common5-geospatial
[0.913s] -- Looking for gz-math7 -- found version 7.5.1
[0.913s] -- Looking for gz-common5 -- found version 5.7.1
[0.914s] -- Looking for gz-plugin2 -- found version 2.0.4
[0.914s] -- Searching for dependencies of gz-plugin2
[0.914s] -- Looking for gz-utils2 -- found version 2.2.1
[0.915s] -- Searching for <gz-plugin2> component [all]
[0.915s] -- Looking for all libraries of gz-plugin2 -- found version 2.0.4
[0.915s] -- Looking for gz-plugin2 -- found version 2.0.4
[0.916s] -- Looking for gz-utils2 -- found version 2.2.1
[0.918s] -- Looking for gz-msgs9 -- found version 9.5.1
[0.931s] -- Looking for gz-physics6 -- found version 6.7.0
[0.931s] -- Searching for dependencies of gz-physics6
[0.931s] -- Looking for gz-common5 -- found version 5.7.1
[0.932s] -- Looking for gz-math7 -- found version 7.5.1
[0.932s] -- Looking for gz-plugin2 -- found version 2.0.4
[0.932s] -- Looking for gz-utils2 -- found version 2.2.1
[0.933s] -- Searching for <gz-physics6> component [heightmap]
[0.933s] -- Looking for gz-physics6-heightmap -- found version 6.7.0
[0.934s] -- Searching for dependencies of gz-physics6-heightmap
[0.934s] -- Looking for gz-common5 -- found version 5.7.1
[0.934s] -- Searching for <gz-physics6> component [mesh]
[0.935s] -- Looking for gz-physics6-mesh -- found version 6.7.0
[0.935s] -- Searching for dependencies of gz-physics6-mesh
[0.935s] -- Looking for gz-common5 -- found version 5.7.1
[0.935s] -- Searching for <gz-physics6> component [sdf]
[0.936s] -- Looking for gz-physics6-sdf -- found version 6.7.0
[0.936s] -- Searching for dependencies of gz-physics6-sdf
[0.936s] -- Looking for sdformat13 -- found version 13.9.0
[0.937s] -- Looking for gz-sensors7 -- found version 7.3.1
[0.937s] -- Searching for dependencies of gz-sensors7
[0.958s] -- Looking for gz-math7 -- found version 7.5.1
[0.959s] -- Looking for gz-common5 -- found version 5.7.1
[0.959s] -- Looking for gz-transport12 -- found version 12.2.2
[0.959s] -- Looking for gz-rendering7 -- found version 7.5.0
[0.960s] -- Looking for gz-msgs9 -- found version 9.5.1
[0.960s] -- Looking for sdformat13 -- found version 13.9.0
[0.960s] -- Searching for <gz-sensors7> component [air_pressure]
[0.961s] -- Looking for gz-sensors7-air_pressure -- found version 7.3.1
[0.961s] -- Searching for dependencies of gz-sensors7-air_pressure
[0.961s] -- Searching for <gz-sensors7> component [air_speed]
[0.962s] -- Looking for gz-sensors7-air_speed -- found version 7.3.1
[0.962s] -- Searching for dependencies of gz-sensors7-air_speed
[0.962s] -- Searching for <gz-sensors7> component [altimeter]
[0.963s] -- Looking for gz-sensors7-altimeter -- found version 7.3.1
[0.963s] -- Searching for dependencies of gz-sensors7-altimeter
[0.963s] -- Searching for <gz-sensors7> component [imu]
[0.964s] -- Looking for gz-sensors7-imu -- found version 7.3.1
[0.964s] -- Searching for dependencies of gz-sensors7-imu
[0.964s] -- Searching for <gz-sensors7> component [force_torque]
[0.965s] -- Looking for gz-sensors7-force_torque -- found version 7.3.1
[0.965s] -- Searching for dependencies of gz-sensors7-force_torque
[0.965s] -- Searching for <gz-sensors7> component [logical_camera]
[0.965s] -- Looking for gz-sensors7-logical_camera -- found version 7.3.1
[0.966s] -- Searching for dependencies of gz-sensors7-logical_camera
[0.966s] -- Searching for <gz-sensors7> component [magnetometer]
[0.966s] -- Looking for gz-sensors7-magnetometer -- found version 7.3.1
[0.967s] -- Searching for dependencies of gz-sensors7-magnetometer
[0.967s] -- Searching for <gz-sensors7> component [navsat]
[0.967s] -- Looking for gz-sensors7-navsat -- found version 7.3.1
[0.968s] -- Searching for dependencies of gz-sensors7-navsat
[0.968s] -- Searching for <gz-sensors7> component [rendering]
[0.968s] -- Looking for gz-sensors7-rendering -- found version 7.3.1
[0.969s] -- Searching for dependencies of gz-sensors7-rendering
[0.969s] -- Searching for <gz-sensors7> component [lidar]
[0.969s] -- Looking for gz-sensors7-lidar -- found version 7.3.1
[0.970s] -- Searching for dependencies of gz-sensors7-lidar
[0.970s] -- Looking for gz-sensors7 -- found version 7.3.1
[0.970s] -- Searching for <gz-sensors7> component [gpu_lidar]
[0.970s] -- Looking for gz-sensors7-gpu_lidar -- found version 7.3.1
[0.971s] -- Searching for dependencies of gz-sensors7-gpu_lidar
[0.971s] -- Looking for gz-sensors7 -- found version 7.3.1
[0.971s] -- Searching for <gz-sensors7> component [camera]
[0.972s] -- Looking for gz-sensors7-camera -- found version 7.3.1
[0.972s] -- Searching for dependencies of gz-sensors7-camera
[0.972s] -- Looking for gz-sensors7 -- found version 7.3.1
[0.973s] -- Searching for <gz-sensors7> component [boundingbox_camera]
[0.973s] -- Looking for gz-sensors7-boundingbox_camera -- found version 7.3.1
[0.973s] -- Searching for dependencies of gz-sensors7-boundingbox_camera
[0.974s] -- Searching for <gz-sensors7> component [segmentation_camera]
[0.974s] -- Looking for gz-sensors7-segmentation_camera -- found version 7.3.1
[0.974s] -- Searching for dependencies of gz-sensors7-segmentation_camera
[0.974s] -- Searching for <gz-sensors7> component [depth_camera]
[0.975s] -- Looking for gz-sensors7-depth_camera -- found version 7.3.1
[0.975s] -- Searching for dependencies of gz-sensors7-depth_camera
[0.975s] -- Looking for gz-sensors7 -- found version 7.3.1
[0.976s] -- Searching for <gz-sensors7> component [rgbd_camera]
[0.976s] -- Looking for gz-sensors7-rgbd_camera -- found version 7.3.1
[0.976s] -- Searching for dependencies of gz-sensors7-rgbd_camera
[0.977s] -- Looking for gz-sensors7 -- found version 7.3.1
[0.977s] -- Searching for <gz-sensors7> component [thermal_camera]
[0.977s] -- Looking for gz-sensors7-thermal_camera -- found version 7.3.1
[0.978s] -- Searching for dependencies of gz-sensors7-thermal_camera
[0.978s] -- Looking for gz-sensors7 -- found version 7.3.1
[0.978s] -- Searching for <gz-sensors7> component [wide_angle_camera]
[0.978s] -- Looking for gz-sensors7-wide_angle_camera -- found version 7.3.1
[0.979s] -- Searching for dependencies of gz-sensors7-wide_angle_camera
[0.979s] -- Looking for gz-rendering7 -- found version 7.5.0
[0.980s] -- Looking for gz-math7 -- found version 7.5.1
[0.980s] -- Looking for gz-utils2 -- found version 2.2.1
[1.001s] -- Looking for gz-common5 -- found version 5.7.1
[1.001s] -- Looking for gz-fuel_tools8 -- found version 8.2.0
[1.002s] -- Looking for gz-math7 -- found version 7.5.1
[1.002s] -- Looking for gz-msgs9 -- found version 9.5.1
[1.002s] -- Looking for gz-transport12 -- found version 12.2.2
[1.003s] -- Looking for gz-plugin2 -- found version 2.0.4
[1.003s] -- Looking for gz-rendering7 -- found version 7.5.0
[1.003s] -- Looking for gz-sensors7 -- found version 7.3.1
[1.004s] -- Looking for gz-utils2 -- found version 2.2.1
[1.004s] -- Looking for sdformat13 -- found version 13.9.0
[1.004s] -- Found std_msgs: 4.2.4 (/opt/ros/humble/share/std_msgs/cmake)
[1.018s] -- Found rosidl_generator_c: 3.1.6 (/opt/ros/humble/share/rosidl_generator_c/cmake)
[1.020s] -- Found rosidl_adapter: 3.1.6 (/opt/ros/humble/share/rosidl_adapter/cmake)
[1.025s] -- Found rosidl_generator_cpp: 3.1.6 (/opt/ros/humble/share/rosidl_generator_cpp/cmake)
[1.032s] -- Using all available rosidl_typesupport_c: rosidl_typesupport_fastrtps_c;rosidl_typesupport_introspection_c
[1.041s] -- Using all available rosidl_typesupport_cpp: rosidl_typesupport_fastrtps_cpp;rosidl_typesupport_introspection_cpp
[1.154s] -- Looking for gz-plugin2 -- found version 2.0.4
[1.154s] -- Looking for gz-gui7 -- found version 7.2.2
[1.155s] -- Looking for gz-rendering7 -- found version 7.5.0
[1.155s] -- Looking for gz-transport12 -- found version 12.2.2
[1.156s] -- Looking for gz-msgs9 -- found version 9.5.1
[1.157s] -- Configuring done
[1.250s] -- Generating done
[1.269s] -- Build files have been written to: /home/mrxiuer/project/毕设/demo/src/build/vrx_gz
[1.301s] [35m[1mConsolidate compiler generated dependencies of target ScoringPlugin[0m
[1.301s] [35m[1mConsolidate compiler generated dependencies of target Waves[0m
[1.301s] [35m[1mConsolidate compiler generated dependencies of target target_point_plugin[0m
[1.318s] [  8%] Built target ScoringPlugin
[1.318s] [  8%] Built target Waves
[1.318s] [  8%] Built target ament_cmake_python_copy_vrx_gz
[1.319s] [ 10%] [32mBuilding CXX object CMakeFiles/target_point_plugin.dir/src/target_point.cc.o[0m
[1.333s] [35m[1mConsolidate compiler generated dependencies of target NavigationScoringPlugin[0m
[1.333s] [35m[1mConsolidate compiler generated dependencies of target AcousticPingerPlugin[0m
[1.333s] [35m[1mConsolidate compiler generated dependencies of target BallShooterPlugin[0m
[1.334s] [35m[1mConsolidate compiler generated dependencies of target PublisherPlugin[0m
[1.334s] [35m[1mConsolidate compiler generated dependencies of target LightBuoyPlugin[0m
[1.334s] [35m[1mConsolidate compiler generated dependencies of target GymkhanaScoringPlugin[0m
[1.335s] [35m[1mConsolidate compiler generated dependencies of target SimpleHydrodynamics[0m
[1.335s] [35m[1mConsolidate compiler generated dependencies of target AcousticPerceptionScoringPlugin[0m
[1.335s] [35m[1mConsolidate compiler generated dependencies of target ScanDockScoringPlugin[0m
[1.338s] [35m[1mConsolidate compiler generated dependencies of target StationkeepingScoringPlugin[0m
[1.339s] [35m[1mConsolidate compiler generated dependencies of target AcousticTrackingScoringPlugin[0m
[1.339s] [35m[1mConsolidate compiler generated dependencies of target PolyhedraBuoyancyDrag[0m
[1.340s] [35m[1mConsolidate compiler generated dependencies of target WayfindingScoringPlugin[0m
[1.343s] [35m[1mConsolidate compiler generated dependencies of target PlacardPlugin[0m
[1.345s] [35m[1mConsolidate compiler generated dependencies of target PerceptionScoringPlugin[0m
[1.361s] [ 14%] Built target AcousticPingerPlugin
[1.361s] [ 18%] Built target GymkhanaScoringPlugin
[1.361s] [ 22%] Built target BallShooterPlugin
[1.365s] [ 30%] Built target LightBuoyPlugin
[1.367s] [ 30%] Built target NavigationScoringPlugin
[1.370s] [ 34%] Built target PublisherPlugin
[1.371s] [ 42%] Built target PlacardPlugin
[1.371s] [ 42%] Built target ScanDockScoringPlugin
[1.372s] [ 46%] Built target SimpleHydrodynamics
[1.375s] [35m[1mConsolidate compiler generated dependencies of target Surface[0m
[1.377s] [35m[1mConsolidate compiler generated dependencies of target USVWind[0m
[1.377s] [ 50%] Built target PerceptionScoringPlugin
[1.377s] [ 56%] Built target StationkeepingScoringPlugin
[1.377s] [ 62%] Built target AcousticPerceptionScoringPlugin
[1.378s] [35m[1mConsolidate compiler generated dependencies of target WaveVisual[0m
[1.381s] [ 72%] Built target PolyhedraBuoyancyDrag
[1.381s] [ 76%] Built target WayfindingScoringPlugin
[1.382s] [35m[1mConsolidate compiler generated dependencies of target WildlifeScoringPlugin[0m
[1.382s] [ 82%] Built target AcousticTrackingScoringPlugin
[1.395s] [ 86%] Built target Surface
[1.401s] [ 94%] Built target WaveVisual
[1.402s] [ 94%] Built target WildlifeScoringPlugin
[1.406s] [ 98%] Built target USVWind
[1.598s] running egg_info
[1.599s] writing vrx_gz.egg-info/PKG-INFO
[1.599s] writing dependency_links to vrx_gz.egg-info/dependency_links.txt
[1.599s] writing top-level names to vrx_gz.egg-info/top_level.txt
[1.601s] reading manifest file 'vrx_gz.egg-info/SOURCES.txt'
[1.602s] writing manifest file 'vrx_gz.egg-info/SOURCES.txt'
[1.628s] [ 98%] Built target ament_cmake_python_build_vrx_gz_egg
[3.528s] [01m[K/home/mrxiuer/project/毕设/demo/src/vrx/vrx_gz/src/target_point.cc:[m[K In constructor ‘[01m[Kgz::gui::TargetPointPlugin::TargetPointPlugin()[m[K’:
[3.528s] [01m[K/home/mrxiuer/project/毕设/demo/src/vrx/vrx_gz/src/target_point.cc:36:37:[m[K [01;31m[Kerror: [m[K‘[01m[Kclass QQuickWindow[m[K’ has no member named ‘[01m[KaddWidget[m[K’
[3.528s]    36 |       this->PluginItem()->window()->[01;31m[KaddWidget[m[K(widget);
[3.528s]       |                                     [01;31m[K^~~~~~~~~[m[K
[3.531s] [01m[K/home/mrxiuer/project/毕设/demo/src/vrx/vrx_gz/src/target_point.cc:[m[K In member function ‘[01m[Kvoid gz::gui::TargetPointPlugin::HandleMouseClick(const QPointF&)[m[K’:
[3.531s] [01m[K/home/mrxiuer/project/毕设/demo/src/vrx/vrx_gz/src/target_point.cc:73:32:[m[K [01;31m[Kerror: [m[K‘[01m[KdefaultEngine[m[K’ is not a member of ‘[01m[Kgz::rendering[m[K’
[3.531s]    73 |       auto engine = rendering::[01;31m[KdefaultEngine[m[K();
[3.531s]       |                                [01;31m[K^~~~~~~~~~~~~[m[K
[3.534s] [01m[K/home/mrxiuer/project/毕设/demo/src/vrx/vrx_gz/src/target_point.cc:95:10:[m[K [01;31m[Kerror: [m[Kinvalid use of incomplete type ‘[01m[Kusing element_type = class gz::rendering::v7::RayQuery[m[K’ {aka ‘[01m[Kclass gz::rendering::v7::RayQuery[m[K’}
[3.534s]    95 |       ray[01;31m[K->[m[KSetFromCamera(camera, screenPos);
[3.534s]       |          [01;31m[K^~[m[K
[3.534s] In file included from [01m[K/usr/include/gz/rendering7/gz/rendering/RenderEngine.hh:24[m[K,
[3.534s]                  from [01m[K/home/mrxiuer/project/毕设/demo/src/vrx/vrx_gz/src/target_point.cc:6[m[K:
[3.534s] [01m[K/usr/include/gz/rendering7/gz/rendering/RenderTypes.hh:80:11:[m[K [01;36m[Knote: [m[Kforward declaration of ‘[01m[Kusing element_type = class gz::rendering::v7::RayQuery[m[K’ {aka ‘[01m[Kclass gz::rendering::v7::RayQuery[m[K’}
[3.534s]    80 |     class [01;36m[KRayQuery[m[K;
[3.535s]       |           [01;36m[K^~~~~~~~[m[K
[3.535s] [01m[K/home/mrxiuer/project/毕设/demo/src/vrx/vrx_gz/src/target_point.cc:98:24:[m[K [01;31m[Kerror: [m[Kinvalid use of incomplete type ‘[01m[Kusing element_type = class gz::rendering::v7::RayQuery[m[K’ {aka ‘[01m[Kclass gz::rendering::v7::RayQuery[m[K’}
[3.535s]    98 |       auto result = ray[01;31m[K->[m[KClosestPoint();
[3.535s]       |                        [01;31m[K^~[m[K
[3.535s] In file included from [01m[K/usr/include/gz/rendering7/gz/rendering/RenderEngine.hh:24[m[K,
[3.535s]                  from [01m[K/home/mrxiuer/project/毕设/demo/src/vrx/vrx_gz/src/target_point.cc:6[m[K:
[3.535s] [01m[K/usr/include/gz/rendering7/gz/rendering/RenderTypes.hh:80:11:[m[K [01;36m[Knote: [m[Kforward declaration of ‘[01m[Kusing element_type = class gz::rendering::v7::RayQuery[m[K’ {aka ‘[01m[Kclass gz::rendering::v7::RayQuery[m[K’}
[3.535s]    80 |     class [01;36m[KRayQuery[m[K;
[3.535s]       |           [01;36m[K^~~~~~~~[m[K
[4.243s] gmake[2]: *** [CMakeFiles/target_point_plugin.dir/build.make:76: CMakeFiles/target_point_plugin.dir/src/target_point.cc.o] Error 1
[4.243s] gmake[1]: *** [CMakeFiles/Makefile2:794: CMakeFiles/target_point_plugin.dir/all] Error 2
[4.243s] gmake: *** [Makefile:146: all] Error 2
[4.246s] Invoked command in '/home/mrxiuer/project/毕设/demo/src/build/vrx_gz' returned '2': CMAKE_PREFIX_PATH=${CMAKE_PREFIX_PATH}:/opt/ros/humble LD_LIBRARY_PATH=/home/mrxiuer/project/毕设/demo/src/install/lib:/usr/local/lib:/opt/ros/humble/opt/rviz_ogre_vendor/lib:/opt/ros/humble/lib/x86_64-linux-gnu:/opt/ros/humble/lib /usr/bin/cmake --build /home/mrxiuer/project/毕设/demo/src/build/vrx_gz -- -j16 -l16
