[0.009s] Invoking command in '/home/mrxiuer/project/毕设/demo/src/build/wamv_description': CMAKE_PREFIX_PATH=${CMAKE_PREFIX_PATH}:/opt/ros/humble GZ_SIM_RESOURCE_PATH=/home/mrxiuer/project/毕设/demo/src/install/share:${GZ_SIM_RESOURCE_PATH} LD_LIBRARY_PATH=/home/mrxiuer/project/毕设/demo/src/install/lib:/usr/local/lib:/usr/local/lib:/opt/ros/humble/opt/rviz_ogre_vendor/lib:/opt/ros/humble/lib/x86_64-linux-gnu:/opt/ros/humble/lib /usr/bin/cmake --build /home/mrxiuer/project/毕设/demo/src/build/wamv_description -- -j16 -l16
[0.057s] [100%] Built target wamv_description__xacro_auto_generate
[0.068s] Invoked command in '/home/mrxiuer/project/毕设/demo/src/build/wamv_description' returned '0': CMAKE_PREFIX_PATH=${CMAKE_PREFIX_PATH}:/opt/ros/humble GZ_SIM_RESOURCE_PATH=/home/mrxiuer/project/毕设/demo/src/install/share:${GZ_SIM_RESOURCE_PATH} LD_LIBRARY_PATH=/home/mrxiuer/project/毕设/demo/src/install/lib:/usr/local/lib:/usr/local/lib:/opt/ros/humble/opt/rviz_ogre_vendor/lib:/opt/ros/humble/lib/x86_64-linux-gnu:/opt/ros/humble/lib /usr/bin/cmake --build /home/mrxiuer/project/毕设/demo/src/build/wamv_description -- -j16 -l16
[0.069s] Invoking command in '/home/mrxiuer/project/毕设/demo/src/build/wamv_description': CMAKE_PREFIX_PATH=${CMAKE_PREFIX_PATH}:/opt/ros/humble GZ_SIM_RESOURCE_PATH=/home/mrxiuer/project/毕设/demo/src/install/share:${GZ_SIM_RESOURCE_PATH} LD_LIBRARY_PATH=/home/mrxiuer/project/毕设/demo/src/install/lib:/usr/local/lib:/usr/local/lib:/opt/ros/humble/opt/rviz_ogre_vendor/lib:/opt/ros/humble/lib/x86_64-linux-gnu:/opt/ros/humble/lib /usr/bin/cmake --install /home/mrxiuer/project/毕设/demo/src/build/wamv_description
[0.076s] -- Install configuration: ""
[0.076s] -- Up-to-date: /home/mrxiuer/project/毕设/demo/src/install/share/wamv_description/environment/resource_paths.dsv
[0.076s] -- Up-to-date: /home/mrxiuer/project/毕设/demo/src/install/share/wamv_description/environment/resource_paths.sh
[0.076s] -- Up-to-date: /home/mrxiuer/project/毕设/demo/src/install/share/wamv_description/urdf/wamv_base.urdf
[0.076s] -- Up-to-date: /home/mrxiuer/project/毕设/demo/src/install/share/wamv_description/models
[0.076s] -- Up-to-date: /home/mrxiuer/project/毕设/demo/src/install/share/wamv_description/models/propeller
[0.077s] -- Up-to-date: /home/mrxiuer/project/毕设/demo/src/install/share/wamv_description/models/propeller/mesh
[0.077s] -- Up-to-date: /home/mrxiuer/project/毕设/demo/src/install/share/wamv_description/models/propeller/mesh/propeller.dae
[0.077s] -- Up-to-date: /home/mrxiuer/project/毕设/demo/src/install/share/wamv_description/models/propeller/model.config
[0.077s] -- Up-to-date: /home/mrxiuer/project/毕设/demo/src/install/share/wamv_description/models/WAM-V-Base
[0.077s] -- Up-to-date: /home/mrxiuer/project/毕设/demo/src/install/share/wamv_description/models/WAM-V-Base/mesh
[0.077s] -- Up-to-date: /home/mrxiuer/project/毕设/demo/src/install/share/wamv_description/models/WAM-V-Base/mesh/WamV.png
[0.077s] -- Up-to-date: /home/mrxiuer/project/毕设/demo/src/install/share/wamv_description/models/WAM-V-Base/mesh/WAM-V_Metalness.png
[0.077s] -- Up-to-date: /home/mrxiuer/project/毕设/demo/src/install/share/wamv_description/models/WAM-V-Base/mesh/WAM-V_Normal.png
[0.077s] -- Up-to-date: /home/mrxiuer/project/毕设/demo/src/install/share/wamv_description/models/WAM-V-Base/mesh/WAM-V_Roughness.png
[0.077s] -- Up-to-date: /home/mrxiuer/project/毕设/demo/src/install/share/wamv_description/models/WAM-V-Base/mesh/WAM-V-Base.dae
[0.077s] -- Up-to-date: /home/mrxiuer/project/毕设/demo/src/install/share/wamv_description/models/WAM-V-Base/mesh/WAM-V_Albedo.png
[0.077s] -- Up-to-date: /home/mrxiuer/project/毕设/demo/src/install/share/wamv_description/models/WAM-V-Base/model.config
[0.077s] -- Up-to-date: /home/mrxiuer/project/毕设/demo/src/install/share/wamv_description/models/engine
[0.077s] -- Up-to-date: /home/mrxiuer/project/毕设/demo/src/install/share/wamv_description/models/engine/mesh
[0.078s] -- Up-to-date: /home/mrxiuer/project/毕设/demo/src/install/share/wamv_description/models/engine/mesh/engine.dae
[0.078s] -- Up-to-date: /home/mrxiuer/project/毕设/demo/src/install/share/wamv_description/models/engine/model.config
[0.078s] -- Up-to-date: /home/mrxiuer/project/毕设/demo/src/install/share/wamv_description/urdf
[0.078s] -- Up-to-date: /home/mrxiuer/project/毕设/demo/src/install/share/wamv_description/urdf/thrusters
[0.078s] -- Up-to-date: /home/mrxiuer/project/毕设/demo/src/install/share/wamv_description/urdf/thrusters/engine.xacro
[0.078s] -- Up-to-date: /home/mrxiuer/project/毕设/demo/src/install/share/wamv_description/urdf/wamv_base.urdf.xacro
[0.078s] -- Up-to-date: /home/mrxiuer/project/毕设/demo/src/install/share/wamv_description/urdf/cpu_cases.xacro
[0.078s] -- Up-to-date: /home/mrxiuer/project/毕设/demo/src/install/share/wamv_description/urdf/battery.xacro
[0.078s] -- Up-to-date: /home/mrxiuer/project/毕设/demo/src/install/share/ament_index/resource_index/package_run_dependencies/wamv_description
[0.078s] -- Up-to-date: /home/mrxiuer/project/毕设/demo/src/install/share/ament_index/resource_index/parent_prefix_path/wamv_description
[0.078s] -- Up-to-date: /home/mrxiuer/project/毕设/demo/src/install/share/wamv_description/environment/ament_prefix_path.sh
[0.078s] -- Up-to-date: /home/mrxiuer/project/毕设/demo/src/install/share/wamv_description/environment/ament_prefix_path.dsv
[0.078s] -- Up-to-date: /home/mrxiuer/project/毕设/demo/src/install/share/wamv_description/environment/path.sh
[0.078s] -- Up-to-date: /home/mrxiuer/project/毕设/demo/src/install/share/wamv_description/environment/path.dsv
[0.078s] -- Up-to-date: /home/mrxiuer/project/毕设/demo/src/install/share/wamv_description/local_setup.bash
[0.078s] -- Up-to-date: /home/mrxiuer/project/毕设/demo/src/install/share/wamv_description/local_setup.sh
[0.078s] -- Up-to-date: /home/mrxiuer/project/毕设/demo/src/install/share/wamv_description/local_setup.zsh
[0.078s] -- Up-to-date: /home/mrxiuer/project/毕设/demo/src/install/share/wamv_description/local_setup.dsv
[0.078s] -- Installing: /home/mrxiuer/project/毕设/demo/src/install/share/wamv_description/package.dsv
[0.078s] -- Up-to-date: /home/mrxiuer/project/毕设/demo/src/install/share/ament_index/resource_index/packages/wamv_description
[0.079s] -- Up-to-date: /home/mrxiuer/project/毕设/demo/src/install/share/wamv_description/cmake/wamv_descriptionConfig.cmake
[0.079s] -- Up-to-date: /home/mrxiuer/project/毕设/demo/src/install/share/wamv_description/cmake/wamv_descriptionConfig-version.cmake
[0.079s] -- Up-to-date: /home/mrxiuer/project/毕设/demo/src/install/share/wamv_description/package.xml
[0.080s] Invoked command in '/home/mrxiuer/project/毕设/demo/src/build/wamv_description' returned '0': CMAKE_PREFIX_PATH=${CMAKE_PREFIX_PATH}:/opt/ros/humble GZ_SIM_RESOURCE_PATH=/home/mrxiuer/project/毕设/demo/src/install/share:${GZ_SIM_RESOURCE_PATH} LD_LIBRARY_PATH=/home/mrxiuer/project/毕设/demo/src/install/lib:/usr/local/lib:/usr/local/lib:/opt/ros/humble/opt/rviz_ogre_vendor/lib:/opt/ros/humble/lib/x86_64-linux-gnu:/opt/ros/humble/lib /usr/bin/cmake --install /home/mrxiuer/project/毕设/demo/src/build/wamv_description
