[0.010s] Invoking command in '/home/mrxiuer/project/毕设/demo/src/build/vrx_ros': CMAKE_PREFIX_PATH=${CMAKE_PREFIX_PATH}:/opt/ros/humble /usr/bin/cmake --build /home/mrxiuer/project/毕设/demo/src/build/vrx_ros -- -j16 -l16
[0.046s] [35m[1mConsolidate compiler generated dependencies of target pose_tf_broadcaster[0m
[0.046s] [35m[1mConsolidate compiler generated dependencies of target optical_frame_publisher[0m
[0.063s] [100%] Built target pose_tf_broadcaster
[0.063s] [100%] Built target optical_frame_publisher
[0.073s] Invoked command in '/home/mrxiuer/project/毕设/demo/src/build/vrx_ros' returned '0': CMAKE_PREFIX_PATH=${CMAKE_PREFIX_PATH}:/opt/ros/humble /usr/bin/cmake --build /home/mrxiuer/project/毕设/demo/src/build/vrx_ros -- -j16 -l16
[0.082s] Invoking command in '/home/mrxiuer/project/毕设/demo/src/build/vrx_ros': CMAKE_PREFIX_PATH=${CMAKE_PREFIX_PATH}:/opt/ros/humble /usr/bin/cmake --install /home/mrxiuer/project/毕设/demo/src/build/vrx_ros
[0.088s] -- Install configuration: ""
[0.089s] -- Up-to-date: /home/mrxiuer/project/毕设/demo/src/install/lib/vrx_ros/optical_frame_publisher
[0.089s] -- Up-to-date: /home/mrxiuer/project/毕设/demo/src/install/lib/vrx_ros/pose_tf_broadcaster
[0.089s] -- Up-to-date: /home/mrxiuer/project/毕设/demo/src/install/share/vrx_ros/launch
[0.089s] -- Up-to-date: /home/mrxiuer/project/毕设/demo/src/install/share/vrx_ros/launch/monitor_sim.py
[0.089s] -- Up-to-date: /home/mrxiuer/project/毕设/demo/src/install/share/ament_index/resource_index/package_run_dependencies/vrx_ros
[0.089s] -- Up-to-date: /home/mrxiuer/project/毕设/demo/src/install/share/ament_index/resource_index/parent_prefix_path/vrx_ros
[0.089s] -- Up-to-date: /home/mrxiuer/project/毕设/demo/src/install/share/vrx_ros/environment/ament_prefix_path.sh
[0.089s] -- Up-to-date: /home/mrxiuer/project/毕设/demo/src/install/share/vrx_ros/environment/ament_prefix_path.dsv
[0.090s] -- Up-to-date: /home/mrxiuer/project/毕设/demo/src/install/share/vrx_ros/environment/path.sh
[0.090s] -- Up-to-date: /home/mrxiuer/project/毕设/demo/src/install/share/vrx_ros/environment/path.dsv
[0.090s] -- Up-to-date: /home/mrxiuer/project/毕设/demo/src/install/share/vrx_ros/local_setup.bash
[0.090s] -- Up-to-date: /home/mrxiuer/project/毕设/demo/src/install/share/vrx_ros/local_setup.sh
[0.090s] -- Up-to-date: /home/mrxiuer/project/毕设/demo/src/install/share/vrx_ros/local_setup.zsh
[0.090s] -- Up-to-date: /home/mrxiuer/project/毕设/demo/src/install/share/vrx_ros/local_setup.dsv
[0.090s] -- Installing: /home/mrxiuer/project/毕设/demo/src/install/share/vrx_ros/package.dsv
[0.090s] -- Up-to-date: /home/mrxiuer/project/毕设/demo/src/install/share/ament_index/resource_index/packages/vrx_ros
[0.090s] -- Up-to-date: /home/mrxiuer/project/毕设/demo/src/install/share/vrx_ros/cmake/vrx_rosConfig.cmake
[0.090s] -- Up-to-date: /home/mrxiuer/project/毕设/demo/src/install/share/vrx_ros/cmake/vrx_rosConfig-version.cmake
[0.090s] -- Up-to-date: /home/mrxiuer/project/毕设/demo/src/install/share/vrx_ros/package.xml
[0.092s] Invoked command in '/home/mrxiuer/project/毕设/demo/src/build/vrx_ros' returned '0': CMAKE_PREFIX_PATH=${CMAKE_PREFIX_PATH}:/opt/ros/humble /usr/bin/cmake --install /home/mrxiuer/project/毕设/demo/src/build/vrx_ros
