[0.009s] Invoking command in '/home/mrxiuer/project/毕设/demo/src/build/vrx_gz': CMAKE_PREFIX_PATH=${CMAKE_PREFIX_PATH}:/opt/ros/humble LD_LIBRARY_PATH=/home/mrxiuer/project/毕设/demo/src/install/lib:/usr/local/lib:/opt/ros/humble/opt/rviz_ogre_vendor/lib:/opt/ros/humble/lib/x86_64-linux-gnu:/opt/ros/humble/lib /usr/bin/cmake --build /home/mrxiuer/project/毕设/demo/src/build/vrx_gz -- -j16 -l16
[0.034s] -- Found ament_cmake: 1.3.11 (/opt/ros/humble/share/ament_cmake/cmake)
[0.147s] -- Looking for gz-sim7 -- found version 7.9.0
[0.151s] -- Searching for dependencies of gz-sim7
[0.153s] -- Looking for sdformat13 -- found version 13.9.0
[0.153s] -- Searching for dependencies of sdformat13
[0.158s] -- Checking for module 'tinyxml2'
[0.173s] --   Found tinyxml2, version 9.0.0
[0.207s] -- Looking for gz-math7 -- found version 7.5.1
[0.207s] -- Searching for dependencies of gz-math7
[0.207s] -- Looking for gz-utils2 -- found version 2.2.1
[0.208s] -- Searching for dependencies of gz-utils2
[0.209s] -- Looking for gz-utils2 -- found version 2.2.1
[0.209s] -- Searching for dependencies of gz-utils2
[0.209s] -- Searching for <gz-utils2> component [cli]
[0.209s] -- Looking for gz-utils2-cli -- found version 2.2.1
[0.210s] -- Searching for dependencies of gz-utils2-cli
[0.211s] -- Looking for gz-plugin2 -- found version 2.0.4
[0.211s] -- Searching for dependencies of gz-plugin2
[0.211s] -- Looking for gz-utils2 -- found version 2.2.1
[0.212s] -- Searching for <gz-plugin2> component [loader]
[0.212s] -- Looking for gz-plugin2-loader -- found version 2.0.4
[0.213s] -- Searching for dependencies of gz-plugin2-loader
[0.213s] -- Searching for <gz-plugin2> component [register]
[0.213s] -- Looking for gz-plugin2-register -- found version 2.0.4
[0.214s] -- Searching for dependencies of gz-plugin2-register
[0.214s] -- Looking for gz-transport12 -- found version 12.2.2
[0.214s] -- Searching for dependencies of gz-transport12
[0.250s] -- Config-file not installed for ZeroMQ -- checking for pkg-config
[0.255s] -- Checking for module 'libzmq >= 4'
[0.269s] --   Found libzmq , version 4.3.4
[0.314s] -- Checking for module 'uuid'
[0.329s] --   Found uuid, version 2.37.2
[0.367s] -- Looking for gz-utils2 -- found version 2.2.1
[0.367s] -- Looking for gz-msgs9 -- found version 9.5.1
[0.367s] -- Searching for dependencies of gz-msgs9
[0.388s] -- Looking for gz-math7 -- found version 7.5.1
[0.394s] -- Searching for <gz-transport12> component [log]
[0.394s] -- Looking for gz-transport12-log -- found version 12.2.2
[0.395s] -- Searching for dependencies of gz-transport12-log
[0.395s] -- Searching for <gz-transport12> component [parameters]
[0.396s] -- Looking for gz-transport12-parameters -- found version 12.2.2
[0.397s] -- Searching for dependencies of gz-transport12-parameters
[0.397s] -- Looking for gz-msgs9 -- found version 9.5.1
[0.397s] -- Looking for gz-common5 -- found version 5.7.1
[0.397s] -- Searching for dependencies of gz-common5
[0.398s] -- Looking for gz-utils2 -- found version 2.2.1
[0.399s] -- Looking for dlfcn.h - found
[0.399s] -- Looking for libdl - found
[0.405s] -- Searching for <gz-common5> component [profiler]
[0.406s] -- Looking for gz-common5-profiler -- found version 5.7.1
[0.406s] -- Searching for dependencies of gz-common5-profiler
[0.406s] -- Searching for <gz-common5> component [events]
[0.407s] -- Looking for gz-common5-events -- found version 5.7.1
[0.407s] -- Searching for dependencies of gz-common5-events
[0.407s] -- Looking for gz-math7 -- found version 7.5.1
[0.408s] -- Searching for <gz-common5> component [av]
[0.408s] -- Looking for gz-common5-av -- found version 5.7.1
[0.408s] -- Searching for dependencies of gz-common5-av
[0.414s] -- Checking for module 'libswscale'
[0.428s] --   Found libswscale, version 5.9.100
[0.471s] -- Checking for module 'libavdevice >= 56.4.100'
[0.486s] --   Found libavdevice , version 58.13.100
[0.531s] -- Checking for module 'libavformat'
[0.545s] --   Found libavformat, version 58.76.100
[0.591s] -- Checking for module 'libavcodec'
[0.606s] --   Found libavcodec, version 58.134.100
[0.649s] -- Checking for module 'libavutil'
[0.665s] --   Found libavutil, version 56.70.100
[0.706s] -- Searching for <gz-common5> component [io]
[0.707s] -- Looking for gz-common5-io -- found version 5.7.1
[0.707s] -- Searching for dependencies of gz-common5-io
[0.709s] -- Looking for gz-fuel_tools8 -- found version 8.2.0
[0.709s] -- Searching for dependencies of gz-fuel_tools8
[0.764s] -- Checking for module 'jsoncpp'
[0.780s] --   Found jsoncpp, version 1.9.5
[0.828s] -- Checking for module 'libzip'
[0.844s] --   Found libzip, version 1.7.3
[0.885s] -- Looking for gz-utils2 -- found version 2.2.1
[0.885s] -- Looking for gz-common5 -- found version 5.7.1
[0.886s] -- Searching for dependencies of gz-common5
[0.886s] -- Looking for gz-utils2 -- found version 2.2.1
[0.886s] -- Looking for dlfcn.h - found
[0.886s] -- Looking for libdl - found
[0.894s] -- Searching for <gz-common5> component [testing]
[0.894s] -- Looking for gz-common5-testing -- found version 5.7.1
[0.895s] -- Searching for dependencies of gz-common5-testing
[0.895s] -- Looking for gz-math7 -- found version 7.5.1
[0.896s] -- Looking for gz-msgs9 -- found version 9.5.1
[0.897s] -- Looking for gz-gui7 -- found version 7.2.2
[0.897s] -- Searching for dependencies of gz-gui7
[0.924s] -- Looking for gz-utils2 -- found version 2.2.1
[0.924s] -- Looking for gz-math7 -- found version 7.5.1
[0.924s] -- Looking for gz-common5 -- found version 5.7.1
[0.925s] -- Looking for gz-plugin2 -- found version 2.0.4
[0.925s] -- Looking for gz-transport12 -- found version 12.2.2
[0.925s] -- Looking for gz-rendering7 -- found version 7.5.0
[0.926s] -- Searching for dependencies of gz-rendering7
[0.926s] -- Looking for gz-math7 -- found version 7.5.1
[0.926s] -- Searching for dependencies of gz-math7
[0.926s] -- Looking for gz-utils2 -- found version 2.2.1
[0.927s] -- Searching for <gz-math7> component [eigen3]
[0.927s] -- Looking for gz-math7-eigen3 -- found version 7.5.1
[0.927s] -- Searching for dependencies of gz-math7-eigen3
[0.928s] -- Looking for gz-common5 -- found version 5.7.1
[0.929s] -- Searching for dependencies of gz-common5
[0.929s] -- Looking for gz-utils2 -- found version 2.2.1
[0.929s] -- Looking for dlfcn.h - found
[0.929s] -- Looking for libdl - found
[0.936s] -- Searching for <gz-common5> component [graphics]
[0.937s] -- Looking for gz-common5-graphics -- found version 5.7.1
[0.937s] -- Searching for dependencies of gz-common5-graphics
[0.937s] -- Looking for gz-math7 -- found version 7.5.1
[0.940s] -- Searching for <gz-common5> component [events]
[0.940s] -- Searching for <gz-common5> component [geospatial]
[0.940s] -- Looking for gz-common5-geospatial -- found version 5.7.1
[0.940s] -- Searching for dependencies of gz-common5-geospatial
[0.941s] -- Looking for gz-math7 -- found version 7.5.1
[0.941s] -- Looking for gz-common5 -- found version 5.7.1
[0.942s] -- Looking for gz-plugin2 -- found version 2.0.4
[0.942s] -- Searching for dependencies of gz-plugin2
[0.942s] -- Looking for gz-utils2 -- found version 2.2.1
[0.942s] -- Searching for <gz-plugin2> component [all]
[0.943s] -- Looking for all libraries of gz-plugin2 -- found version 2.0.4
[0.943s] -- Looking for gz-plugin2 -- found version 2.0.4
[0.944s] -- Looking for gz-utils2 -- found version 2.2.1
[0.946s] -- Looking for gz-msgs9 -- found version 9.5.1
[0.961s] -- Looking for gz-physics6 -- found version 6.7.0
[0.961s] -- Searching for dependencies of gz-physics6
[0.962s] -- Looking for gz-common5 -- found version 5.7.1
[0.962s] -- Looking for gz-math7 -- found version 7.5.1
[0.962s] -- Looking for gz-plugin2 -- found version 2.0.4
[0.963s] -- Looking for gz-utils2 -- found version 2.2.1
[0.964s] -- Searching for <gz-physics6> component [heightmap]
[0.965s] -- Looking for gz-physics6-heightmap -- found version 6.7.0
[0.965s] -- Searching for dependencies of gz-physics6-heightmap
[0.965s] -- Looking for gz-common5 -- found version 5.7.1
[0.966s] -- Searching for <gz-physics6> component [mesh]
[0.967s] -- Looking for gz-physics6-mesh -- found version 6.7.0
[0.967s] -- Searching for dependencies of gz-physics6-mesh
[0.967s] -- Looking for gz-common5 -- found version 5.7.1
[0.968s] -- Searching for <gz-physics6> component [sdf]
[0.968s] -- Looking for gz-physics6-sdf -- found version 6.7.0
[0.969s] -- Searching for dependencies of gz-physics6-sdf
[0.969s] -- Looking for sdformat13 -- found version 13.9.0
[0.971s] -- Looking for gz-sensors7 -- found version 7.3.1
[0.971s] -- Searching for dependencies of gz-sensors7
[0.994s] -- Looking for gz-math7 -- found version 7.5.1
[0.994s] -- Looking for gz-common5 -- found version 5.7.1
[0.995s] -- Looking for gz-transport12 -- found version 12.2.2
[0.995s] -- Looking for gz-rendering7 -- found version 7.5.0
[0.995s] -- Looking for gz-msgs9 -- found version 9.5.1
[0.996s] -- Looking for sdformat13 -- found version 13.9.0
[0.996s] -- Searching for <gz-sensors7> component [air_pressure]
[0.997s] -- Looking for gz-sensors7-air_pressure -- found version 7.3.1
[0.997s] -- Searching for dependencies of gz-sensors7-air_pressure
[0.998s] -- Searching for <gz-sensors7> component [air_speed]
[0.998s] -- Looking for gz-sensors7-air_speed -- found version 7.3.1
[0.999s] -- Searching for dependencies of gz-sensors7-air_speed
[1.000s] -- Searching for <gz-sensors7> component [altimeter]
[1.000s] -- Looking for gz-sensors7-altimeter -- found version 7.3.1
[1.001s] -- Searching for dependencies of gz-sensors7-altimeter
[1.001s] -- Searching for <gz-sensors7> component [imu]
[1.002s] -- Looking for gz-sensors7-imu -- found version 7.3.1
[1.002s] -- Searching for dependencies of gz-sensors7-imu
[1.003s] -- Searching for <gz-sensors7> component [force_torque]
[1.003s] -- Looking for gz-sensors7-force_torque -- found version 7.3.1
[1.004s] -- Searching for dependencies of gz-sensors7-force_torque
[1.004s] -- Searching for <gz-sensors7> component [logical_camera]
[1.005s] -- Looking for gz-sensors7-logical_camera -- found version 7.3.1
[1.005s] -- Searching for dependencies of gz-sensors7-logical_camera
[1.006s] -- Searching for <gz-sensors7> component [magnetometer]
[1.007s] -- Looking for gz-sensors7-magnetometer -- found version 7.3.1
[1.007s] -- Searching for dependencies of gz-sensors7-magnetometer
[1.007s] -- Searching for <gz-sensors7> component [navsat]
[1.008s] -- Looking for gz-sensors7-navsat -- found version 7.3.1
[1.008s] -- Searching for dependencies of gz-sensors7-navsat
[1.009s] -- Searching for <gz-sensors7> component [rendering]
[1.010s] -- Looking for gz-sensors7-rendering -- found version 7.3.1
[1.010s] -- Searching for dependencies of gz-sensors7-rendering
[1.011s] -- Searching for <gz-sensors7> component [lidar]
[1.011s] -- Looking for gz-sensors7-lidar -- found version 7.3.1
[1.012s] -- Searching for dependencies of gz-sensors7-lidar
[1.012s] -- Looking for gz-sensors7 -- found version 7.3.1
[1.013s] -- Searching for <gz-sensors7> component [gpu_lidar]
[1.014s] -- Looking for gz-sensors7-gpu_lidar -- found version 7.3.1
[1.014s] -- Searching for dependencies of gz-sensors7-gpu_lidar
[1.014s] -- Looking for gz-sensors7 -- found version 7.3.1
[1.015s] -- Searching for <gz-sensors7> component [camera]
[1.015s] -- Looking for gz-sensors7-camera -- found version 7.3.1
[1.016s] -- Searching for dependencies of gz-sensors7-camera
[1.016s] -- Looking for gz-sensors7 -- found version 7.3.1
[1.017s] -- Searching for <gz-sensors7> component [boundingbox_camera]
[1.017s] -- Looking for gz-sensors7-boundingbox_camera -- found version 7.3.1
[1.017s] -- Searching for dependencies of gz-sensors7-boundingbox_camera
[1.018s] -- Searching for <gz-sensors7> component [segmentation_camera]
[1.019s] -- Looking for gz-sensors7-segmentation_camera -- found version 7.3.1
[1.019s] -- Searching for dependencies of gz-sensors7-segmentation_camera
[1.020s] -- Searching for <gz-sensors7> component [depth_camera]
[1.020s] -- Looking for gz-sensors7-depth_camera -- found version 7.3.1
[1.020s] -- Searching for dependencies of gz-sensors7-depth_camera
[1.021s] -- Looking for gz-sensors7 -- found version 7.3.1
[1.021s] -- Searching for <gz-sensors7> component [rgbd_camera]
[1.022s] -- Looking for gz-sensors7-rgbd_camera -- found version 7.3.1
[1.022s] -- Searching for dependencies of gz-sensors7-rgbd_camera
[1.023s] -- Looking for gz-sensors7 -- found version 7.3.1
[1.023s] -- Searching for <gz-sensors7> component [thermal_camera]
[1.024s] -- Looking for gz-sensors7-thermal_camera -- found version 7.3.1
[1.024s] -- Searching for dependencies of gz-sensors7-thermal_camera
[1.024s] -- Looking for gz-sensors7 -- found version 7.3.1
[1.025s] -- Searching for <gz-sensors7> component [wide_angle_camera]
[1.025s] -- Looking for gz-sensors7-wide_angle_camera -- found version 7.3.1
[1.026s] -- Searching for dependencies of gz-sensors7-wide_angle_camera
[1.027s] -- Looking for gz-rendering7 -- found version 7.5.0
[1.027s] -- Looking for gz-math7 -- found version 7.5.1
[1.028s] -- Looking for gz-utils2 -- found version 2.2.1
[1.051s] -- Looking for gz-common5 -- found version 5.7.1
[1.052s] -- Looking for gz-fuel_tools8 -- found version 8.2.0
[1.052s] -- Looking for gz-math7 -- found version 7.5.1
[1.052s] -- Looking for gz-msgs9 -- found version 9.5.1
[1.053s] -- Looking for gz-transport12 -- found version 12.2.2
[1.053s] -- Looking for gz-plugin2 -- found version 2.0.4
[1.053s] -- Looking for gz-rendering7 -- found version 7.5.0
[1.054s] -- Looking for gz-sensors7 -- found version 7.3.1
[1.054s] -- Looking for gz-utils2 -- found version 2.2.1
[1.055s] -- Looking for sdformat13 -- found version 13.9.0
[1.055s] -- Found std_msgs: 4.2.4 (/opt/ros/humble/share/std_msgs/cmake)
[1.080s] -- Found rosidl_generator_c: 3.1.6 (/opt/ros/humble/share/rosidl_generator_c/cmake)
[1.083s] -- Found rosidl_adapter: 3.1.6 (/opt/ros/humble/share/rosidl_adapter/cmake)
[1.090s] -- Found rosidl_generator_cpp: 3.1.6 (/opt/ros/humble/share/rosidl_generator_cpp/cmake)
[1.101s] -- Using all available rosidl_typesupport_c: rosidl_typesupport_fastrtps_c;rosidl_typesupport_introspection_c
[1.116s] -- Using all available rosidl_typesupport_cpp: rosidl_typesupport_fastrtps_cpp;rosidl_typesupport_introspection_cpp
[1.254s] -- Looking for gz-sim7 -- found version 7.9.0
[1.254s] -- Looking for gz-gui7 -- found version 7.2.2
[1.254s] -- Configuring done
[1.259s] [31mCMake Error at CMakeLists.txt:203 (add_library):
[1.259s]   Cannot find source file:
[1.259s] 
[1.259s]     target_point.cc
[1.259s] 
[1.259s]   Tried extensions .c .C .c++ .cc .cpp .cxx .cu .mpp .m .M .mm .ixx .cppm .h
[1.259s]   .hh .h++ .hm .hpp .hxx .in .txx .f .F .for .f77 .f90 .f95 .f03 .hip .ispc
[1.259s] 
[1.259s] [0m
[1.261s] [31mCMake Error at CMakeLists.txt:203 (add_library):
[1.261s]   No SOURCES given to target: target_point_plugin
[1.261s] 
[1.261s] [0m
[1.261s] [0mCMake Generate step failed.  Build files cannot be regenerated correctly.[0m
[1.271s] gmake: *** [Makefile:1205: cmake_check_build_system] Error 1
[1.273s] Invoked command in '/home/mrxiuer/project/毕设/demo/src/build/vrx_gz' returned '2': CMAKE_PREFIX_PATH=${CMAKE_PREFIX_PATH}:/opt/ros/humble LD_LIBRARY_PATH=/home/mrxiuer/project/毕设/demo/src/install/lib:/usr/local/lib:/opt/ros/humble/opt/rviz_ogre_vendor/lib:/opt/ros/humble/lib/x86_64-linux-gnu:/opt/ros/humble/lib /usr/bin/cmake --build /home/mrxiuer/project/毕设/demo/src/build/vrx_gz -- -j16 -l16
