[0.010s] Invoking command in '/home/mrxiuer/project/毕设/demo/src/build/vrx_gz': CMAKE_PREFIX_PATH=${CMAKE_PREFIX_PATH}:/opt/ros/humble LD_LIBRARY_PATH=/home/mrxiuer/project/毕设/demo/src/install/lib:/usr/local/lib:/opt/ros/humble/opt/rviz_ogre_vendor/lib:/opt/ros/humble/lib/x86_64-linux-gnu:/opt/ros/humble/lib /usr/bin/cmake --build /home/mrxiuer/project/毕设/demo/src/build/vrx_gz -- -j16 -l16
[0.035s] -- Found ament_cmake: 1.3.11 (/opt/ros/humble/share/ament_cmake/cmake)
[0.135s] -- Looking for gz-sim7 -- found version 7.9.0
[0.140s] -- Searching for dependencies of gz-sim7
[0.140s] -- Looking for sdformat13 -- found version 13.9.0
[0.140s] -- Searching for dependencies of sdformat13
[0.145s] -- Checking for module 'tinyxml2'
[0.159s] --   Found tinyxml2, version 9.0.0
[0.194s] -- Looking for gz-math7 -- found version 7.5.1
[0.194s] -- Searching for dependencies of gz-math7
[0.194s] -- Looking for gz-utils2 -- found version 2.2.1
[0.195s] -- Searching for dependencies of gz-utils2
[0.196s] -- Looking for gz-utils2 -- found version 2.2.1
[0.196s] -- Searching for dependencies of gz-utils2
[0.196s] -- Searching for <gz-utils2> component [cli]
[0.197s] -- Looking for gz-utils2-cli -- found version 2.2.1
[0.197s] -- Searching for dependencies of gz-utils2-cli
[0.198s] -- Looking for gz-plugin2 -- found version 2.0.4
[0.198s] -- Searching for dependencies of gz-plugin2
[0.199s] -- Looking for gz-utils2 -- found version 2.2.1
[0.199s] -- Searching for <gz-plugin2> component [loader]
[0.199s] -- Looking for gz-plugin2-loader -- found version 2.0.4
[0.200s] -- Searching for dependencies of gz-plugin2-loader
[0.200s] -- Searching for <gz-plugin2> component [register]
[0.200s] -- Looking for gz-plugin2-register -- found version 2.0.4
[0.200s] -- Searching for dependencies of gz-plugin2-register
[0.201s] -- Looking for gz-transport12 -- found version 12.2.2
[0.201s] -- Searching for dependencies of gz-transport12
[0.236s] -- Config-file not installed for ZeroMQ -- checking for pkg-config
[0.241s] -- Checking for module 'libzmq >= 4'
[0.257s] --   Found libzmq , version 4.3.4
[0.306s] -- Checking for module 'uuid'
[0.321s] --   Found uuid, version 2.37.2
[0.364s] -- Looking for gz-utils2 -- found version 2.2.1
[0.364s] -- Looking for gz-msgs9 -- found version 9.5.1
[0.365s] -- Searching for dependencies of gz-msgs9
[0.386s] -- Looking for gz-math7 -- found version 7.5.1
[0.392s] -- Searching for <gz-transport12> component [log]
[0.392s] -- Looking for gz-transport12-log -- found version 12.2.2
[0.392s] -- Searching for dependencies of gz-transport12-log
[0.393s] -- Searching for <gz-transport12> component [parameters]
[0.393s] -- Looking for gz-transport12-parameters -- found version 12.2.2
[0.393s] -- Searching for dependencies of gz-transport12-parameters
[0.394s] -- Looking for gz-msgs9 -- found version 9.5.1
[0.394s] -- Looking for gz-common5 -- found version 5.7.1
[0.395s] -- Searching for dependencies of gz-common5
[0.395s] -- Looking for gz-utils2 -- found version 2.2.1
[0.395s] -- Looking for dlfcn.h - found
[0.395s] -- Looking for libdl - found
[0.402s] -- Searching for <gz-common5> component [profiler]
[0.403s] -- Looking for gz-common5-profiler -- found version 5.7.1
[0.403s] -- Searching for dependencies of gz-common5-profiler
[0.403s] -- Searching for <gz-common5> component [events]
[0.404s] -- Looking for gz-common5-events -- found version 5.7.1
[0.404s] -- Searching for dependencies of gz-common5-events
[0.404s] -- Looking for gz-math7 -- found version 7.5.1
[0.405s] -- Searching for <gz-common5> component [av]
[0.405s] -- Looking for gz-common5-av -- found version 5.7.1
[0.405s] -- Searching for dependencies of gz-common5-av
[0.410s] -- Checking for module 'libswscale'
[0.425s] --   Found libswscale, version 5.9.100
[0.469s] -- Checking for module 'libavdevice >= 56.4.100'
[0.484s] --   Found libavdevice , version 58.13.100
[0.530s] -- Checking for module 'libavformat'
[0.545s] --   Found libavformat, version 58.76.100
[0.591s] -- Checking for module 'libavcodec'
[0.606s] --   Found libavcodec, version 58.134.100
[0.651s] -- Checking for module 'libavutil'
[0.665s] --   Found libavutil, version 56.70.100
[0.702s] -- Searching for <gz-common5> component [io]
[0.703s] -- Looking for gz-common5-io -- found version 5.7.1
[0.703s] -- Searching for dependencies of gz-common5-io
[0.704s] -- Looking for gz-fuel_tools8 -- found version 8.2.0
[0.704s] -- Searching for dependencies of gz-fuel_tools8
[0.755s] -- Checking for module 'jsoncpp'
[0.770s] --   Found jsoncpp, version 1.9.5
[0.813s] -- Checking for module 'libzip'
[0.828s] --   Found libzip, version 1.7.3
[0.867s] -- Looking for gz-utils2 -- found version 2.2.1
[0.867s] -- Looking for gz-common5 -- found version 5.7.1
[0.867s] -- Searching for dependencies of gz-common5
[0.868s] -- Looking for gz-utils2 -- found version 2.2.1
[0.868s] -- Looking for dlfcn.h - found
[0.868s] -- Looking for libdl - found
[0.875s] -- Searching for <gz-common5> component [testing]
[0.875s] -- Looking for gz-common5-testing -- found version 5.7.1
[0.876s] -- Searching for dependencies of gz-common5-testing
[0.876s] -- Looking for gz-math7 -- found version 7.5.1
[0.877s] -- Looking for gz-msgs9 -- found version 9.5.1
[0.877s] -- Looking for gz-gui7 -- found version 7.2.2
[0.878s] -- Searching for dependencies of gz-gui7
[0.904s] -- Looking for gz-utils2 -- found version 2.2.1
[0.904s] -- Looking for gz-math7 -- found version 7.5.1
[0.904s] -- Looking for gz-common5 -- found version 5.7.1
[0.905s] -- Looking for gz-plugin2 -- found version 2.0.4
[0.905s] -- Looking for gz-transport12 -- found version 12.2.2
[0.905s] -- Looking for gz-rendering7 -- found version 7.5.0
[0.906s] -- Searching for dependencies of gz-rendering7
[0.906s] -- Looking for gz-math7 -- found version 7.5.1
[0.906s] -- Searching for dependencies of gz-math7
[0.907s] -- Looking for gz-utils2 -- found version 2.2.1
[0.907s] -- Searching for <gz-math7> component [eigen3]
[0.907s] -- Looking for gz-math7-eigen3 -- found version 7.5.1
[0.907s] -- Searching for dependencies of gz-math7-eigen3
[0.908s] -- Looking for gz-common5 -- found version 5.7.1
[0.909s] -- Searching for dependencies of gz-common5
[0.909s] -- Looking for gz-utils2 -- found version 2.2.1
[0.909s] -- Looking for dlfcn.h - found
[0.909s] -- Looking for libdl - found
[0.916s] -- Searching for <gz-common5> component [graphics]
[0.916s] -- Looking for gz-common5-graphics -- found version 5.7.1
[0.917s] -- Searching for dependencies of gz-common5-graphics
[0.917s] -- Looking for gz-math7 -- found version 7.5.1
[0.919s] -- Searching for <gz-common5> component [events]
[0.920s] -- Searching for <gz-common5> component [geospatial]
[0.920s] -- Looking for gz-common5-geospatial -- found version 5.7.1
[0.920s] -- Searching for dependencies of gz-common5-geospatial
[0.920s] -- Looking for gz-math7 -- found version 7.5.1
[0.921s] -- Looking for gz-common5 -- found version 5.7.1
[0.921s] -- Looking for gz-plugin2 -- found version 2.0.4
[0.922s] -- Searching for dependencies of gz-plugin2
[0.922s] -- Looking for gz-utils2 -- found version 2.2.1
[0.922s] -- Searching for <gz-plugin2> component [all]
[0.922s] -- Looking for all libraries of gz-plugin2 -- found version 2.0.4
[0.923s] -- Looking for gz-plugin2 -- found version 2.0.4
[0.924s] -- Looking for gz-utils2 -- found version 2.2.1
[0.926s] -- Looking for gz-msgs9 -- found version 9.5.1
[0.939s] -- Looking for gz-physics6 -- found version 6.7.0
[0.939s] -- Searching for dependencies of gz-physics6
[0.939s] -- Looking for gz-common5 -- found version 5.7.1
[0.940s] -- Looking for gz-math7 -- found version 7.5.1
[0.940s] -- Looking for gz-plugin2 -- found version 2.0.4
[0.940s] -- Looking for gz-utils2 -- found version 2.2.1
[0.941s] -- Searching for <gz-physics6> component [heightmap]
[0.941s] -- Looking for gz-physics6-heightmap -- found version 6.7.0
[0.942s] -- Searching for dependencies of gz-physics6-heightmap
[0.942s] -- Looking for gz-common5 -- found version 5.7.1
[0.942s] -- Searching for <gz-physics6> component [mesh]
[0.942s] -- Looking for gz-physics6-mesh -- found version 6.7.0
[0.943s] -- Searching for dependencies of gz-physics6-mesh
[0.943s] -- Looking for gz-common5 -- found version 5.7.1
[0.943s] -- Searching for <gz-physics6> component [sdf]
[0.944s] -- Looking for gz-physics6-sdf -- found version 6.7.0
[0.944s] -- Searching for dependencies of gz-physics6-sdf
[0.944s] -- Looking for sdformat13 -- found version 13.9.0
[0.945s] -- Looking for gz-sensors7 -- found version 7.3.1
[0.945s] -- Searching for dependencies of gz-sensors7
[0.966s] -- Looking for gz-math7 -- found version 7.5.1
[0.967s] -- Looking for gz-common5 -- found version 5.7.1
[0.967s] -- Looking for gz-transport12 -- found version 12.2.2
[0.967s] -- Looking for gz-rendering7 -- found version 7.5.0
[0.968s] -- Looking for gz-msgs9 -- found version 9.5.1
[0.968s] -- Looking for sdformat13 -- found version 13.9.0
[0.968s] -- Searching for <gz-sensors7> component [air_pressure]
[0.969s] -- Looking for gz-sensors7-air_pressure -- found version 7.3.1
[0.969s] -- Searching for dependencies of gz-sensors7-air_pressure
[0.969s] -- Searching for <gz-sensors7> component [air_speed]
[0.970s] -- Looking for gz-sensors7-air_speed -- found version 7.3.1
[0.970s] -- Searching for dependencies of gz-sensors7-air_speed
[0.970s] -- Searching for <gz-sensors7> component [altimeter]
[0.971s] -- Looking for gz-sensors7-altimeter -- found version 7.3.1
[0.971s] -- Searching for dependencies of gz-sensors7-altimeter
[0.971s] -- Searching for <gz-sensors7> component [imu]
[0.972s] -- Looking for gz-sensors7-imu -- found version 7.3.1
[0.972s] -- Searching for dependencies of gz-sensors7-imu
[0.972s] -- Searching for <gz-sensors7> component [force_torque]
[0.973s] -- Looking for gz-sensors7-force_torque -- found version 7.3.1
[0.973s] -- Searching for dependencies of gz-sensors7-force_torque
[0.973s] -- Searching for <gz-sensors7> component [logical_camera]
[0.974s] -- Looking for gz-sensors7-logical_camera -- found version 7.3.1
[0.974s] -- Searching for dependencies of gz-sensors7-logical_camera
[0.974s] -- Searching for <gz-sensors7> component [magnetometer]
[0.974s] -- Looking for gz-sensors7-magnetometer -- found version 7.3.1
[0.975s] -- Searching for dependencies of gz-sensors7-magnetometer
[0.975s] -- Searching for <gz-sensors7> component [navsat]
[0.975s] -- Looking for gz-sensors7-navsat -- found version 7.3.1
[0.976s] -- Searching for dependencies of gz-sensors7-navsat
[0.976s] -- Searching for <gz-sensors7> component [rendering]
[0.976s] -- Looking for gz-sensors7-rendering -- found version 7.3.1
[0.977s] -- Searching for dependencies of gz-sensors7-rendering
[0.977s] -- Searching for <gz-sensors7> component [lidar]
[0.977s] -- Looking for gz-sensors7-lidar -- found version 7.3.1
[0.978s] -- Searching for dependencies of gz-sensors7-lidar
[0.978s] -- Looking for gz-sensors7 -- found version 7.3.1
[0.978s] -- Searching for <gz-sensors7> component [gpu_lidar]
[0.978s] -- Looking for gz-sensors7-gpu_lidar -- found version 7.3.1
[0.979s] -- Searching for dependencies of gz-sensors7-gpu_lidar
[0.979s] -- Looking for gz-sensors7 -- found version 7.3.1
[0.979s] -- Searching for <gz-sensors7> component [camera]
[0.980s] -- Looking for gz-sensors7-camera -- found version 7.3.1
[0.980s] -- Searching for dependencies of gz-sensors7-camera
[0.980s] -- Looking for gz-sensors7 -- found version 7.3.1
[0.981s] -- Searching for <gz-sensors7> component [boundingbox_camera]
[0.981s] -- Looking for gz-sensors7-boundingbox_camera -- found version 7.3.1
[0.981s] -- Searching for dependencies of gz-sensors7-boundingbox_camera
[0.982s] -- Searching for <gz-sensors7> component [segmentation_camera]
[0.982s] -- Looking for gz-sensors7-segmentation_camera -- found version 7.3.1
[0.982s] -- Searching for dependencies of gz-sensors7-segmentation_camera
[0.983s] -- Searching for <gz-sensors7> component [depth_camera]
[0.983s] -- Looking for gz-sensors7-depth_camera -- found version 7.3.1
[0.983s] -- Searching for dependencies of gz-sensors7-depth_camera
[0.983s] -- Looking for gz-sensors7 -- found version 7.3.1
[0.984s] -- Searching for <gz-sensors7> component [rgbd_camera]
[0.984s] -- Looking for gz-sensors7-rgbd_camera -- found version 7.3.1
[0.984s] -- Searching for dependencies of gz-sensors7-rgbd_camera
[0.985s] -- Looking for gz-sensors7 -- found version 7.3.1
[0.985s] -- Searching for <gz-sensors7> component [thermal_camera]
[0.985s] -- Looking for gz-sensors7-thermal_camera -- found version 7.3.1
[0.986s] -- Searching for dependencies of gz-sensors7-thermal_camera
[0.986s] -- Looking for gz-sensors7 -- found version 7.3.1
[0.986s] -- Searching for <gz-sensors7> component [wide_angle_camera]
[0.987s] -- Looking for gz-sensors7-wide_angle_camera -- found version 7.3.1
[0.987s] -- Searching for dependencies of gz-sensors7-wide_angle_camera
[0.988s] -- Looking for gz-rendering7 -- found version 7.5.0
[0.988s] -- Looking for gz-math7 -- found version 7.5.1
[0.988s] -- Looking for gz-utils2 -- found version 2.2.1
[1.011s] -- Looking for gz-common5 -- found version 5.7.1
[1.011s] -- Looking for gz-fuel_tools8 -- found version 8.2.0
[1.011s] -- Looking for gz-math7 -- found version 7.5.1
[1.011s] -- Looking for gz-msgs9 -- found version 9.5.1
[1.012s] -- Looking for gz-transport12 -- found version 12.2.2
[1.012s] -- Looking for gz-plugin2 -- found version 2.0.4
[1.012s] -- Looking for gz-rendering7 -- found version 7.5.0
[1.013s] -- Looking for gz-sensors7 -- found version 7.3.1
[1.013s] -- Looking for gz-utils2 -- found version 2.2.1
[1.013s] -- Looking for sdformat13 -- found version 13.9.0
[1.014s] -- Found std_msgs: 4.2.4 (/opt/ros/humble/share/std_msgs/cmake)
[1.028s] -- Found rosidl_generator_c: 3.1.6 (/opt/ros/humble/share/rosidl_generator_c/cmake)
[1.030s] -- Found rosidl_adapter: 3.1.6 (/opt/ros/humble/share/rosidl_adapter/cmake)
[1.035s] -- Found rosidl_generator_cpp: 3.1.6 (/opt/ros/humble/share/rosidl_generator_cpp/cmake)
[1.043s] -- Using all available rosidl_typesupport_c: rosidl_typesupport_fastrtps_c;rosidl_typesupport_introspection_c
[1.053s] -- Using all available rosidl_typesupport_cpp: rosidl_typesupport_fastrtps_cpp;rosidl_typesupport_introspection_cpp
[1.187s] -- Looking for gz-rendering7 -- found version 7.5.0
[1.187s] -- Looking for gz-transport14 -- found version 14.0.1
[1.192s] -- Searching for dependencies of gz-transport14
[1.228s] -- Config-file not installed for ZeroMQ -- checking for pkg-config
[1.234s] -- Checking for module 'libzmq >= 4'
[1.249s] --   Found libzmq , version 4.3.4
[1.299s] -- Looking for gz-utils3 -- found version 3.1.1
[1.299s] -- Searching for dependencies of gz-utils3
[1.300s] -- Searching for <gz-utils3> component [cli]
[1.300s] -- Looking for gz-utils3-cli -- found version 3.1.1
[1.300s] -- Searching for dependencies of gz-utils3-cli
[1.301s] -- Looking for gz-msgs11 -- found version 11.0.2
[1.301s] -- Searching for dependencies of gz-msgs11
[1.322s] -- Looking for gz-utils3 -- found version 3.1.1
[1.322s] -- Looking for gz-math8 -- found version 8.1.1
[1.323s] -- Searching for dependencies of gz-math8
[1.323s] -- Looking for gz-utils3 -- found version 3.1.1
[1.343s] [31mCMake Error at CMakeLists.txt:200 (find_package):
[1.343s]   By not providing "Findgz-common7.cmake" in CMAKE_MODULE_PATH this project
[1.343s]   has asked CMake to find a package configuration file provided by
[1.344s]   "gz-common7", but CMake did not find one.
[1.344s] 
[1.344s]   Could not find a package configuration file provided by "gz-common7" with
[1.344s]   any of the following names:
[1.344s] 
[1.344s]     gz-common7Config.cmake
[1.344s]     gz-common7-config.cmake
[1.344s] 
[1.344s]   Add the installation prefix of "gz-common7" to CMAKE_PREFIX_PATH or set
[1.344s]   "gz-common7_DIR" to a directory containing one of the above files.  If
[1.344s]   "gz-common7" provides a separate development package or SDK, be sure it has
[1.344s]   been installed.
[1.344s] 
[1.344s] [0m
[1.344s] -- Configuring incomplete, errors occurred!
[1.344s] See also "/home/mrxiuer/project/毕设/demo/src/build/vrx_gz/CMakeFiles/CMakeOutput.log".
[1.355s] gmake: *** [Makefile:1246: cmake_check_build_system] Error 1
[1.357s] Invoked command in '/home/mrxiuer/project/毕设/demo/src/build/vrx_gz' returned '2': CMAKE_PREFIX_PATH=${CMAKE_PREFIX_PATH}:/opt/ros/humble LD_LIBRARY_PATH=/home/mrxiuer/project/毕设/demo/src/install/lib:/usr/local/lib:/opt/ros/humble/opt/rviz_ogre_vendor/lib:/opt/ros/humble/lib/x86_64-linux-gnu:/opt/ros/humble/lib /usr/bin/cmake --build /home/mrxiuer/project/毕设/demo/src/build/vrx_gz -- -j16 -l16
