[0.012s] Invoking command in '/home/mrxiuer/project/毕设/demo/src/build/vrx_ros': CMAKE_PREFIX_PATH=${CMAKE_PREFIX_PATH}:/opt/ros/humble /usr/bin/cmake --build /home/mrxiuer/project/毕设/demo/src/build/vrx_ros -- -j16 -l16
[0.101s] [ 50%] [32mBuilding CXX object CMakeFiles/pose_tf_broadcaster.dir/src/pose_tf_broadcaster.cc.o[0m
[0.101s] [ 50%] [32mBuilding CXX object CMakeFiles/optical_frame_publisher.dir/src/optical_frame_publisher.cc.o[0m
[7.414s] [ 75%] [32m[1mLinking CXX executable pose_tf_broadcaster[0m
[7.814s] [ 75%] Built target pose_tf_broadcaster
[10.102s] [100%] [32m[1mLinking CXX executable optical_frame_publisher[0m
[10.631s] [100%] Built target optical_frame_publisher
[10.644s] Invoked command in '/home/mrxiuer/project/毕设/demo/src/build/vrx_ros' returned '0': CMAKE_PREFIX_PATH=${CMAKE_PREFIX_PATH}:/opt/ros/humble /usr/bin/cmake --build /home/mrxiuer/project/毕设/demo/src/build/vrx_ros -- -j16 -l16
[10.646s] Invoking command in '/home/mrxiuer/project/毕设/demo/src/build/vrx_ros': CMAKE_PREFIX_PATH=${CMAKE_PREFIX_PATH}:/opt/ros/humble /usr/bin/cmake --install /home/mrxiuer/project/毕设/demo/src/build/vrx_ros
[10.653s] -- Install configuration: ""
[10.654s] -- Installing: /home/mrxiuer/project/毕设/demo/src/install/lib/vrx_ros/optical_frame_publisher
[10.661s] -- Set runtime path of "/home/mrxiuer/project/毕设/demo/src/install/lib/vrx_ros/optical_frame_publisher" to ""
[10.661s] -- Installing: /home/mrxiuer/project/毕设/demo/src/install/lib/vrx_ros/pose_tf_broadcaster
[10.666s] -- Set runtime path of "/home/mrxiuer/project/毕设/demo/src/install/lib/vrx_ros/pose_tf_broadcaster" to ""
[10.666s] -- Up-to-date: /home/mrxiuer/project/毕设/demo/src/install/share/vrx_ros/launch
[10.666s] -- Up-to-date: /home/mrxiuer/project/毕设/demo/src/install/share/vrx_ros/launch/monitor_sim.py
[10.666s] -- Up-to-date: /home/mrxiuer/project/毕设/demo/src/install/share/ament_index/resource_index/package_run_dependencies/vrx_ros
[10.666s] -- Up-to-date: /home/mrxiuer/project/毕设/demo/src/install/share/ament_index/resource_index/parent_prefix_path/vrx_ros
[10.666s] -- Up-to-date: /home/mrxiuer/project/毕设/demo/src/install/share/vrx_ros/environment/ament_prefix_path.sh
[10.666s] -- Up-to-date: /home/mrxiuer/project/毕设/demo/src/install/share/vrx_ros/environment/ament_prefix_path.dsv
[10.666s] -- Up-to-date: /home/mrxiuer/project/毕设/demo/src/install/share/vrx_ros/environment/path.sh
[10.666s] -- Up-to-date: /home/mrxiuer/project/毕设/demo/src/install/share/vrx_ros/environment/path.dsv
[10.666s] -- Up-to-date: /home/mrxiuer/project/毕设/demo/src/install/share/vrx_ros/local_setup.bash
[10.666s] -- Up-to-date: /home/mrxiuer/project/毕设/demo/src/install/share/vrx_ros/local_setup.sh
[10.666s] -- Up-to-date: /home/mrxiuer/project/毕设/demo/src/install/share/vrx_ros/local_setup.zsh
[10.666s] -- Up-to-date: /home/mrxiuer/project/毕设/demo/src/install/share/vrx_ros/local_setup.dsv
[10.666s] -- Installing: /home/mrxiuer/project/毕设/demo/src/install/share/vrx_ros/package.dsv
[10.667s] -- Up-to-date: /home/mrxiuer/project/毕设/demo/src/install/share/ament_index/resource_index/packages/vrx_ros
[10.667s] -- Up-to-date: /home/mrxiuer/project/毕设/demo/src/install/share/vrx_ros/cmake/vrx_rosConfig.cmake
[10.667s] -- Up-to-date: /home/mrxiuer/project/毕设/demo/src/install/share/vrx_ros/cmake/vrx_rosConfig-version.cmake
[10.667s] -- Up-to-date: /home/mrxiuer/project/毕设/demo/src/install/share/vrx_ros/package.xml
[10.669s] Invoked command in '/home/mrxiuer/project/毕设/demo/src/build/vrx_ros' returned '0': CMAKE_PREFIX_PATH=${CMAKE_PREFIX_PATH}:/opt/ros/humble /usr/bin/cmake --install /home/mrxiuer/project/毕设/demo/src/build/vrx_ros
