[0.010s] Invoking command in '/home/mrxiuer/project/毕设/demo/src/build/wamv_gazebo': CMAKE_PREFIX_PATH=${CMAKE_PREFIX_PATH}:/opt/ros/humble GZ_SIM_RESOURCE_PATH=/home/mrxiuer/project/毕设/demo/src/install/share:${GZ_SIM_RESOURCE_PATH} LD_LIBRARY_PATH=/home/mrxiuer/project/毕设/demo/src/install/lib:/usr/local/lib:/opt/ros/humble/opt/rviz_ogre_vendor/lib:/opt/ros/humble/lib/x86_64-linux-gnu:/opt/ros/humble/lib /usr/bin/cmake --build /home/mrxiuer/project/毕设/demo/src/build/wamv_gazebo -- -j16 -l16
[0.052s] Invoked command in '/home/mrxiuer/project/毕设/demo/src/build/wamv_gazebo' returned '0': CMAKE_PREFIX_PATH=${CMAKE_PREFIX_PATH}:/opt/ros/humble GZ_SIM_RESOURCE_PATH=/home/mrxiuer/project/毕设/demo/src/install/share:${GZ_SIM_RESOURCE_PATH} LD_LIBRARY_PATH=/home/mrxiuer/project/毕设/demo/src/install/lib:/usr/local/lib:/opt/ros/humble/opt/rviz_ogre_vendor/lib:/opt/ros/humble/lib/x86_64-linux-gnu:/opt/ros/humble/lib /usr/bin/cmake --build /home/mrxiuer/project/毕设/demo/src/build/wamv_gazebo -- -j16 -l16
[0.053s] Invoking command in '/home/mrxiuer/project/毕设/demo/src/build/wamv_gazebo': CMAKE_PREFIX_PATH=${CMAKE_PREFIX_PATH}:/opt/ros/humble GZ_SIM_RESOURCE_PATH=/home/mrxiuer/project/毕设/demo/src/install/share:${GZ_SIM_RESOURCE_PATH} LD_LIBRARY_PATH=/home/mrxiuer/project/毕设/demo/src/install/lib:/usr/local/lib:/opt/ros/humble/opt/rviz_ogre_vendor/lib:/opt/ros/humble/lib/x86_64-linux-gnu:/opt/ros/humble/lib /usr/bin/cmake --install /home/mrxiuer/project/毕设/demo/src/build/wamv_gazebo
[0.060s] -- Install configuration: ""
[0.060s] -- Up-to-date: /home/mrxiuer/project/毕设/demo/src/install/share/wamv_gazebo/models
[0.060s] -- Up-to-date: /home/mrxiuer/project/毕设/demo/src/install/share/wamv_gazebo/models/gps
[0.060s] -- Up-to-date: /home/mrxiuer/project/毕设/demo/src/install/share/wamv_gazebo/models/gps/mesh
[0.060s] -- Up-to-date: /home/mrxiuer/project/毕设/demo/src/install/share/wamv_gazebo/models/gps/mesh/gps.dae
[0.060s] -- Up-to-date: /home/mrxiuer/project/毕设/demo/src/install/share/wamv_gazebo/models/gps/mesh/gps.png
[0.060s] -- Up-to-date: /home/mrxiuer/project/毕设/demo/src/install/share/wamv_gazebo/models/gps/model.config
[0.060s] -- Up-to-date: /home/mrxiuer/project/毕设/demo/src/install/share/wamv_gazebo/urdf
[0.061s] -- Up-to-date: /home/mrxiuer/project/毕设/demo/src/install/share/wamv_gazebo/urdf/macros.xacro
[0.061s] -- Up-to-date: /home/mrxiuer/project/毕设/demo/src/install/share/wamv_gazebo/urdf/dynamics
[0.061s] -- Up-to-date: /home/mrxiuer/project/毕设/demo/src/install/share/wamv_gazebo/urdf/dynamics/wamv_gazebo_dynamics_plugin.xacro
[0.061s] -- Up-to-date: /home/mrxiuer/project/毕设/demo/src/install/share/wamv_gazebo/urdf/wamv_gazebo.urdf.xacro
[0.061s] -- Up-to-date: /home/mrxiuer/project/毕设/demo/src/install/share/wamv_gazebo/urdf/wamv_gazebo.xacro
[0.061s] -- Up-to-date: /home/mrxiuer/project/毕设/demo/src/install/share/wamv_gazebo/urdf/components
[0.061s] -- Up-to-date: /home/mrxiuer/project/毕设/demo/src/install/share/wamv_gazebo/urdf/components/wamv_planar_lidar.xacro
[0.061s] -- Up-to-date: /home/mrxiuer/project/毕设/demo/src/install/share/wamv_gazebo/urdf/components/wamv_imu.xacro
[0.061s] -- Up-to-date: /home/mrxiuer/project/毕设/demo/src/install/share/wamv_gazebo/urdf/components/ball_shooter.xacro
[0.061s] -- Up-to-date: /home/mrxiuer/project/毕设/demo/src/install/share/wamv_gazebo/urdf/components/lidar.xacro
[0.061s] -- Up-to-date: /home/mrxiuer/project/毕设/demo/src/install/share/wamv_gazebo/urdf/components/wamv_pinger.xacro
[0.061s] -- Up-to-date: /home/mrxiuer/project/毕设/demo/src/install/share/wamv_gazebo/urdf/components/wamv_3d_lidar.xacro
[0.061s] -- Up-to-date: /home/mrxiuer/project/毕设/demo/src/install/share/wamv_gazebo/urdf/components/wamv_p3d.xacro
[0.061s] -- Up-to-date: /home/mrxiuer/project/毕设/demo/src/install/share/wamv_gazebo/urdf/components/wamv_camera.xacro
[0.061s] -- Up-to-date: /home/mrxiuer/project/毕设/demo/src/install/share/wamv_gazebo/urdf/components/wamv_gps.xacro
[0.062s] -- Up-to-date: /home/mrxiuer/project/毕设/demo/src/install/share/wamv_gazebo/urdf/thruster_layouts
[0.062s] -- Up-to-date: /home/mrxiuer/project/毕设/demo/src/install/share/wamv_gazebo/urdf/thruster_layouts/wamv_aft_thrusters.xacro
[0.062s] -- Up-to-date: /home/mrxiuer/project/毕设/demo/src/install/share/wamv_gazebo/urdf/thruster_layouts/wamv_t_thrusters.xacro
[0.062s] -- Up-to-date: /home/mrxiuer/project/毕设/demo/src/install/share/wamv_gazebo/urdf/thruster_layouts/wamv_gazebo_thruster_config.xacro
[0.062s] -- Up-to-date: /home/mrxiuer/project/毕设/demo/src/install/share/wamv_gazebo/urdf/thruster_layouts/wamv_x_thrusters.xacro
[0.062s] -- Up-to-date: /home/mrxiuer/project/毕设/demo/src/install/share/ament_index/resource_index/package_run_dependencies/wamv_gazebo
[0.062s] -- Up-to-date: /home/mrxiuer/project/毕设/demo/src/install/share/ament_index/resource_index/parent_prefix_path/wamv_gazebo
[0.062s] -- Up-to-date: /home/mrxiuer/project/毕设/demo/src/install/share/wamv_gazebo/environment/ament_prefix_path.sh
[0.062s] -- Up-to-date: /home/mrxiuer/project/毕设/demo/src/install/share/wamv_gazebo/environment/ament_prefix_path.dsv
[0.062s] -- Up-to-date: /home/mrxiuer/project/毕设/demo/src/install/share/wamv_gazebo/environment/path.sh
[0.062s] -- Up-to-date: /home/mrxiuer/project/毕设/demo/src/install/share/wamv_gazebo/environment/path.dsv
[0.062s] -- Up-to-date: /home/mrxiuer/project/毕设/demo/src/install/share/wamv_gazebo/local_setup.bash
[0.062s] -- Up-to-date: /home/mrxiuer/project/毕设/demo/src/install/share/wamv_gazebo/local_setup.sh
[0.062s] -- Up-to-date: /home/mrxiuer/project/毕设/demo/src/install/share/wamv_gazebo/local_setup.zsh
[0.062s] -- Up-to-date: /home/mrxiuer/project/毕设/demo/src/install/share/wamv_gazebo/local_setup.dsv
[0.062s] -- Installing: /home/mrxiuer/project/毕设/demo/src/install/share/wamv_gazebo/package.dsv
[0.062s] -- Up-to-date: /home/mrxiuer/project/毕设/demo/src/install/share/ament_index/resource_index/packages/wamv_gazebo
[0.062s] -- Up-to-date: /home/mrxiuer/project/毕设/demo/src/install/share/wamv_gazebo/cmake/wamv_gazeboConfig.cmake
[0.062s] -- Up-to-date: /home/mrxiuer/project/毕设/demo/src/install/share/wamv_gazebo/cmake/wamv_gazeboConfig-version.cmake
[0.062s] -- Up-to-date: /home/mrxiuer/project/毕设/demo/src/install/share/wamv_gazebo/package.xml
[0.063s] Invoked command in '/home/mrxiuer/project/毕设/demo/src/build/wamv_gazebo' returned '0': CMAKE_PREFIX_PATH=${CMAKE_PREFIX_PATH}:/opt/ros/humble GZ_SIM_RESOURCE_PATH=/home/mrxiuer/project/毕设/demo/src/install/share:${GZ_SIM_RESOURCE_PATH} LD_LIBRARY_PATH=/home/mrxiuer/project/毕设/demo/src/install/lib:/usr/local/lib:/opt/ros/humble/opt/rviz_ogre_vendor/lib:/opt/ros/humble/lib/x86_64-linux-gnu:/opt/ros/humble/lib /usr/bin/cmake --install /home/mrxiuer/project/毕设/demo/src/build/wamv_gazebo
