[0.009s] Invoking command in '/home/mrxiuer/project/毕设/demo/src/build/wamv_gazebo': CMAKE_PREFIX_PATH=${CMAKE_PREFIX_PATH}:/opt/ros/humble GZ_SIM_RESOURCE_PATH=/home/mrxiuer/project/毕设/demo/src/install/share:${GZ_SIM_RESOURCE_PATH} /usr/bin/cmake /home/mrxiuer/project/毕设/demo/src/vrx/vrx_urdf/wamv_gazebo -DCMAKE_INSTALL_PREFIX=/home/mrxiuer/project/毕设/demo/src/install
[0.062s] -- The C compiler identification is GNU 11.4.0
[0.114s] -- The CXX compiler identification is GNU 11.4.0
[0.121s] -- Detecting C compiler ABI info
[0.188s] -- Detecting C compiler ABI info - done
[0.194s] -- Check for working C compiler: /usr/bin/cc - skipped
[0.194s] -- Detecting C compile features
[0.194s] -- Detecting C compile features - done
[0.197s] -- Detecting CXX compiler ABI info
[0.274s] -- Detecting CXX compiler ABI info - done
[0.280s] -- Check for working CXX compiler: /usr/bin/c++ - skipped
[0.280s] -- Detecting CXX compile features
[0.280s] -- Detecting CXX compile features - done
[0.283s] -- Found ament_cmake: 1.3.11 (/opt/ros/humble/share/ament_cmake/cmake)
[0.423s] -- Found Python3: /usr/bin/python3 (found version "3.10.12") found components: Interpreter 
[0.509s] -- Found xacro: 2.0.13 (/opt/ros/humble/share/xacro/cmake)
[0.509s] -- Found wamv_description: 1.3.0 (/home/mrxiuer/project/毕设/demo/src/install/share/wamv_description/cmake)
[0.563s] -- Configuring done
[0.566s] -- Generating done
[0.568s] -- Build files have been written to: /home/mrxiuer/project/毕设/demo/src/build/wamv_gazebo
[0.572s] Invoked command in '/home/mrxiuer/project/毕设/demo/src/build/wamv_gazebo' returned '0': CMAKE_PREFIX_PATH=${CMAKE_PREFIX_PATH}:/opt/ros/humble GZ_SIM_RESOURCE_PATH=/home/mrxiuer/project/毕设/demo/src/install/share:${GZ_SIM_RESOURCE_PATH} /usr/bin/cmake /home/mrxiuer/project/毕设/demo/src/vrx/vrx_urdf/wamv_gazebo -DCMAKE_INSTALL_PREFIX=/home/mrxiuer/project/毕设/demo/src/install
[0.573s] Invoking command in '/home/mrxiuer/project/毕设/demo/src/build/wamv_gazebo': CMAKE_PREFIX_PATH=${CMAKE_PREFIX_PATH}:/opt/ros/humble GZ_SIM_RESOURCE_PATH=/home/mrxiuer/project/毕设/demo/src/install/share:${GZ_SIM_RESOURCE_PATH} /usr/bin/cmake --build /home/mrxiuer/project/毕设/demo/src/build/wamv_gazebo -- -j16 -l16
[0.613s] Invoked command in '/home/mrxiuer/project/毕设/demo/src/build/wamv_gazebo' returned '0': CMAKE_PREFIX_PATH=${CMAKE_PREFIX_PATH}:/opt/ros/humble GZ_SIM_RESOURCE_PATH=/home/mrxiuer/project/毕设/demo/src/install/share:${GZ_SIM_RESOURCE_PATH} /usr/bin/cmake --build /home/mrxiuer/project/毕设/demo/src/build/wamv_gazebo -- -j16 -l16
[0.614s] Invoking command in '/home/mrxiuer/project/毕设/demo/src/build/wamv_gazebo': CMAKE_PREFIX_PATH=${CMAKE_PREFIX_PATH}:/opt/ros/humble GZ_SIM_RESOURCE_PATH=/home/mrxiuer/project/毕设/demo/src/install/share:${GZ_SIM_RESOURCE_PATH} /usr/bin/cmake --install /home/mrxiuer/project/毕设/demo/src/build/wamv_gazebo
[0.621s] -- Install configuration: ""
[0.621s] -- Installing: /home/mrxiuer/project/毕设/demo/src/install/share/wamv_gazebo/models
[0.621s] -- Installing: /home/mrxiuer/project/毕设/demo/src/install/share/wamv_gazebo/models/gps
[0.622s] -- Installing: /home/mrxiuer/project/毕设/demo/src/install/share/wamv_gazebo/models/gps/mesh
[0.622s] -- Installing: /home/mrxiuer/project/毕设/demo/src/install/share/wamv_gazebo/models/gps/mesh/gps.dae
[0.622s] -- Installing: /home/mrxiuer/project/毕设/demo/src/install/share/wamv_gazebo/models/gps/mesh/gps.png
[0.622s] -- Installing: /home/mrxiuer/project/毕设/demo/src/install/share/wamv_gazebo/models/gps/model.config
[0.622s] -- Installing: /home/mrxiuer/project/毕设/demo/src/install/share/wamv_gazebo/urdf
[0.622s] -- Installing: /home/mrxiuer/project/毕设/demo/src/install/share/wamv_gazebo/urdf/macros.xacro
[0.623s] -- Installing: /home/mrxiuer/project/毕设/demo/src/install/share/wamv_gazebo/urdf/dynamics
[0.623s] -- Installing: /home/mrxiuer/project/毕设/demo/src/install/share/wamv_gazebo/urdf/dynamics/wamv_gazebo_dynamics_plugin.xacro
[0.623s] -- Installing: /home/mrxiuer/project/毕设/demo/src/install/share/wamv_gazebo/urdf/wamv_gazebo.urdf.xacro
[0.623s] -- Installing: /home/mrxiuer/project/毕设/demo/src/install/share/wamv_gazebo/urdf/wamv_gazebo.xacro
[0.623s] -- Installing: /home/mrxiuer/project/毕设/demo/src/install/share/wamv_gazebo/urdf/components
[0.623s] -- Installing: /home/mrxiuer/project/毕设/demo/src/install/share/wamv_gazebo/urdf/components/wamv_planar_lidar.xacro
[0.624s] -- Installing: /home/mrxiuer/project/毕设/demo/src/install/share/wamv_gazebo/urdf/components/wamv_imu.xacro
[0.624s] -- Installing: /home/mrxiuer/project/毕设/demo/src/install/share/wamv_gazebo/urdf/components/ball_shooter.xacro
[0.624s] -- Installing: /home/mrxiuer/project/毕设/demo/src/install/share/wamv_gazebo/urdf/components/lidar.xacro
[0.624s] -- Installing: /home/mrxiuer/project/毕设/demo/src/install/share/wamv_gazebo/urdf/components/wamv_pinger.xacro
[0.624s] -- Installing: /home/mrxiuer/project/毕设/demo/src/install/share/wamv_gazebo/urdf/components/wamv_3d_lidar.xacro
[0.624s] -- Installing: /home/mrxiuer/project/毕设/demo/src/install/share/wamv_gazebo/urdf/components/wamv_p3d.xacro
[0.624s] -- Installing: /home/mrxiuer/project/毕设/demo/src/install/share/wamv_gazebo/urdf/components/wamv_camera.xacro
[0.624s] -- Installing: /home/mrxiuer/project/毕设/demo/src/install/share/wamv_gazebo/urdf/components/wamv_gps.xacro
[0.624s] -- Installing: /home/mrxiuer/project/毕设/demo/src/install/share/wamv_gazebo/urdf/thruster_layouts
[0.625s] -- Installing: /home/mrxiuer/project/毕设/demo/src/install/share/wamv_gazebo/urdf/thruster_layouts/wamv_aft_thrusters.xacro
[0.625s] -- Installing: /home/mrxiuer/project/毕设/demo/src/install/share/wamv_gazebo/urdf/thruster_layouts/wamv_t_thrusters.xacro
[0.625s] -- Installing: /home/mrxiuer/project/毕设/demo/src/install/share/wamv_gazebo/urdf/thruster_layouts/wamv_gazebo_thruster_config.xacro
[0.625s] -- Installing: /home/mrxiuer/project/毕设/demo/src/install/share/wamv_gazebo/urdf/thruster_layouts/wamv_x_thrusters.xacro
[0.625s] -- Installing: /home/mrxiuer/project/毕设/demo/src/install/share/ament_index/resource_index/package_run_dependencies/wamv_gazebo
[0.625s] -- Installing: /home/mrxiuer/project/毕设/demo/src/install/share/ament_index/resource_index/parent_prefix_path/wamv_gazebo
[0.625s] -- Installing: /home/mrxiuer/project/毕设/demo/src/install/share/wamv_gazebo/environment/ament_prefix_path.sh
[0.626s] -- Installing: /home/mrxiuer/project/毕设/demo/src/install/share/wamv_gazebo/environment/ament_prefix_path.dsv
[0.626s] -- Installing: /home/mrxiuer/project/毕设/demo/src/install/share/wamv_gazebo/environment/path.sh
[0.626s] -- Installing: /home/mrxiuer/project/毕设/demo/src/install/share/wamv_gazebo/environment/path.dsv
[0.626s] -- Installing: /home/mrxiuer/project/毕设/demo/src/install/share/wamv_gazebo/local_setup.bash
[0.626s] -- Installing: /home/mrxiuer/project/毕设/demo/src/install/share/wamv_gazebo/local_setup.sh
[0.626s] -- Installing: /home/mrxiuer/project/毕设/demo/src/install/share/wamv_gazebo/local_setup.zsh
[0.626s] -- Installing: /home/mrxiuer/project/毕设/demo/src/install/share/wamv_gazebo/local_setup.dsv
[0.627s] -- Installing: /home/mrxiuer/project/毕设/demo/src/install/share/wamv_gazebo/package.dsv
[0.627s] -- Installing: /home/mrxiuer/project/毕设/demo/src/install/share/ament_index/resource_index/packages/wamv_gazebo
[0.627s] -- Installing: /home/mrxiuer/project/毕设/demo/src/install/share/wamv_gazebo/cmake/wamv_gazeboConfig.cmake
[0.627s] -- Installing: /home/mrxiuer/project/毕设/demo/src/install/share/wamv_gazebo/cmake/wamv_gazeboConfig-version.cmake
[0.627s] -- Installing: /home/mrxiuer/project/毕设/demo/src/install/share/wamv_gazebo/package.xml
[0.630s] Invoked command in '/home/mrxiuer/project/毕设/demo/src/build/wamv_gazebo' returned '0': CMAKE_PREFIX_PATH=${CMAKE_PREFIX_PATH}:/opt/ros/humble GZ_SIM_RESOURCE_PATH=/home/mrxiuer/project/毕设/demo/src/install/share:${GZ_SIM_RESOURCE_PATH} /usr/bin/cmake --install /home/mrxiuer/project/毕设/demo/src/build/wamv_gazebo
