[35m[1mConsolidate compiler generated dependencies of target target_point_plugin[0m
[  4%] Built target Waves
[  8%] Built target ScoringPlugin
[  8%] Built target ament_cmake_python_copy_vrx_gz
[ 10%] [32mBuilding CXX object CMakeFiles/target_point_plugin.dir/src/target_point.cc.o[0m
[ 22%] Built target PolyhedraBuoyancyDrag
[ 20%] Built target AcousticPingerPlugin
[ 38%] Built target BallShooterPlugin
[ 38%] Built target StationkeepingScoringPlugin
[ 38%] Built target WayfindingScoringPlugin
[ 44%] Built target AcousticTrackingScoringPlugin
[ 50%] Built target AcousticPerceptionScoringPlugin
[ 58%] Built target GymkhanaScoringPlugin
[ 58%] Built target NavigationScoringPlugin
[ 62%] Built target LightBuoyPlugin
[ 66%] Built target PerceptionScoringPlugin
[ 74%] Built target PublisherPlugin
[ 74%] Built target PlacardPlugin
[ 78%] Built target SimpleHydrodynamics
[ 82%] Built target ScanDockScoringPlugin
