[35m[1mConsolidate compiler generated dependencies of target target_point_plugin[0m
[  4%] Built target Waves
[  8%] Built target ScoringPlugin
[  8%] Built target ament_cmake_python_copy_vrx_gz
[ 10%] [32mBuilding CXX object CMakeFiles/target_point_plugin.dir/src/target_point.cc.o[0m
[01m[K/home/mrxiuer/project/毕设/demo/src/vrx/vrx_gz/src/target_point.cc:1:10:[m[K [01;31m[Kfatal error: [m[Kgz/gui/GuiPlugin.hh: No such file or directory
    1 | #include [01;31m[K<gz/gui/GuiPlugin.hh>[m[K
      |          [01;31m[K^~~~~~~~~~~~~~~~~~~~~[m[K
compilation terminated.
gmake[2]: *** [CMakeFiles/target_point_plugin.dir/build.make:76: CMakeFiles/target_point_plugin.dir/src/target_point.cc.o] Error 1
gmake[1]: *** [CMakeFiles/Makefile2:794: CMakeFiles/target_point_plugin.dir/all] Error 2
gmake[1]: *** Waiting for unfinished jobs....
[ 22%] Built target PolyhedraBuoyancyDrag
[ 20%] Built target AcousticPingerPlugin
[ 38%] Built target BallShooterPlugin
[ 38%] Built target StationkeepingScoringPlugin
[ 38%] Built target WayfindingScoringPlugin
[ 44%] Built target AcousticTrackingScoringPlugin
[ 50%] Built target AcousticPerceptionScoringPlugin
[ 58%] Built target GymkhanaScoringPlugin
[ 58%] Built target NavigationScoringPlugin
[ 62%] Built target LightBuoyPlugin
[ 66%] Built target PerceptionScoringPlugin
[ 74%] Built target PublisherPlugin
[ 74%] Built target PlacardPlugin
[ 78%] Built target SimpleHydrodynamics
[ 82%] Built target ScanDockScoringPlugin
gmake: *** [Makefile:146: all] Error 2
