[0.009s] Invoking command in '/home/mrxiuer/project/毕设/demo/src/build/wamv_gazebo': CMAKE_PREFIX_PATH=${CMAKE_PREFIX_PATH}:/opt/ros/humble GZ_SIM_RESOURCE_PATH=/home/mrxiuer/project/毕设/demo/src/install/share:${GZ_SIM_RESOURCE_PATH} /usr/bin/cmake /home/mrxiuer/project/毕设/demo/src/vrx/vrx_urdf/wamv_gazebo -DCMAKE_INSTALL_PREFIX=/home/mrxiuer/project/毕设/demo/src/install
[0.062s] -- The C compiler identification is GNU 11.4.0
[0.118s] -- The CXX compiler identification is GNU 11.4.0
[0.126s] -- Detecting C compiler ABI info
[0.194s] -- Detecting C compiler ABI info - done
[0.200s] -- Check for working C compiler: /usr/bin/cc - skipped
[0.200s] -- Detecting C compile features
[0.200s] -- Detecting C compile features - done
[0.203s] -- Detecting CXX compiler ABI info
[0.280s] -- Detecting CXX compiler ABI info - done
[0.285s] -- Check for working CXX compiler: /usr/bin/c++ - skipped
[0.285s] -- Detecting CXX compile features
[0.286s] -- Detecting CXX compile features - done
[0.288s] -- Found ament_cmake: 1.3.11 (/opt/ros/humble/share/ament_cmake/cmake)
[0.421s] -- Found Python3: /usr/bin/python3 (found version "3.10.12") found components: Interpreter 
[0.499s] -- Found xacro: 2.0.8 (/opt/ros/humble/share/xacro/cmake)
[0.499s] -- Found wamv_description: 1.3.0 (/home/mrxiuer/project/毕设/demo/src/install/share/wamv_description/cmake)
[0.555s] -- Configuring done
[0.557s] -- Generating done
[0.559s] -- Build files have been written to: /home/mrxiuer/project/毕设/demo/src/build/wamv_gazebo
[0.564s] Invoked command in '/home/mrxiuer/project/毕设/demo/src/build/wamv_gazebo' returned '0': CMAKE_PREFIX_PATH=${CMAKE_PREFIX_PATH}:/opt/ros/humble GZ_SIM_RESOURCE_PATH=/home/mrxiuer/project/毕设/demo/src/install/share:${GZ_SIM_RESOURCE_PATH} /usr/bin/cmake /home/mrxiuer/project/毕设/demo/src/vrx/vrx_urdf/wamv_gazebo -DCMAKE_INSTALL_PREFIX=/home/mrxiuer/project/毕设/demo/src/install
[0.565s] Invoking command in '/home/mrxiuer/project/毕设/demo/src/build/wamv_gazebo': CMAKE_PREFIX_PATH=${CMAKE_PREFIX_PATH}:/opt/ros/humble GZ_SIM_RESOURCE_PATH=/home/mrxiuer/project/毕设/demo/src/install/share:${GZ_SIM_RESOURCE_PATH} /usr/bin/cmake --build /home/mrxiuer/project/毕设/demo/src/build/wamv_gazebo -- -j16 -l16
[0.603s] Invoked command in '/home/mrxiuer/project/毕设/demo/src/build/wamv_gazebo' returned '0': CMAKE_PREFIX_PATH=${CMAKE_PREFIX_PATH}:/opt/ros/humble GZ_SIM_RESOURCE_PATH=/home/mrxiuer/project/毕设/demo/src/install/share:${GZ_SIM_RESOURCE_PATH} /usr/bin/cmake --build /home/mrxiuer/project/毕设/demo/src/build/wamv_gazebo -- -j16 -l16
[0.605s] Invoking command in '/home/mrxiuer/project/毕设/demo/src/build/wamv_gazebo': CMAKE_PREFIX_PATH=${CMAKE_PREFIX_PATH}:/opt/ros/humble GZ_SIM_RESOURCE_PATH=/home/mrxiuer/project/毕设/demo/src/install/share:${GZ_SIM_RESOURCE_PATH} /usr/bin/cmake --install /home/mrxiuer/project/毕设/demo/src/build/wamv_gazebo
[0.612s] -- Install configuration: ""
[0.612s] -- Installing: /home/mrxiuer/project/毕设/demo/src/install/share/wamv_gazebo/models
[0.612s] -- Installing: /home/mrxiuer/project/毕设/demo/src/install/share/wamv_gazebo/models/gps
[0.612s] -- Installing: /home/mrxiuer/project/毕设/demo/src/install/share/wamv_gazebo/models/gps/mesh
[0.612s] -- Installing: /home/mrxiuer/project/毕设/demo/src/install/share/wamv_gazebo/models/gps/mesh/gps.dae
[0.612s] -- Installing: /home/mrxiuer/project/毕设/demo/src/install/share/wamv_gazebo/models/gps/mesh/gps.png
[0.613s] -- Installing: /home/mrxiuer/project/毕设/demo/src/install/share/wamv_gazebo/models/gps/model.config
[0.613s] -- Installing: /home/mrxiuer/project/毕设/demo/src/install/share/wamv_gazebo/urdf
[0.613s] -- Installing: /home/mrxiuer/project/毕设/demo/src/install/share/wamv_gazebo/urdf/macros.xacro
[0.613s] -- Installing: /home/mrxiuer/project/毕设/demo/src/install/share/wamv_gazebo/urdf/dynamics
[0.613s] -- Installing: /home/mrxiuer/project/毕设/demo/src/install/share/wamv_gazebo/urdf/dynamics/wamv_gazebo_dynamics_plugin.xacro
[0.613s] -- Installing: /home/mrxiuer/project/毕设/demo/src/install/share/wamv_gazebo/urdf/wamv_gazebo.urdf.xacro
[0.613s] -- Installing: /home/mrxiuer/project/毕设/demo/src/install/share/wamv_gazebo/urdf/wamv_gazebo.xacro
[0.613s] -- Installing: /home/mrxiuer/project/毕设/demo/src/install/share/wamv_gazebo/urdf/components
[0.614s] -- Installing: /home/mrxiuer/project/毕设/demo/src/install/share/wamv_gazebo/urdf/components/wamv_planar_lidar.xacro
[0.614s] -- Installing: /home/mrxiuer/project/毕设/demo/src/install/share/wamv_gazebo/urdf/components/wamv_imu.xacro
[0.614s] -- Installing: /home/mrxiuer/project/毕设/demo/src/install/share/wamv_gazebo/urdf/components/ball_shooter.xacro
[0.614s] -- Installing: /home/mrxiuer/project/毕设/demo/src/install/share/wamv_gazebo/urdf/components/lidar.xacro
[0.614s] -- Installing: /home/mrxiuer/project/毕设/demo/src/install/share/wamv_gazebo/urdf/components/wamv_pinger.xacro
[0.614s] -- Installing: /home/mrxiuer/project/毕设/demo/src/install/share/wamv_gazebo/urdf/components/wamv_3d_lidar.xacro
[0.614s] -- Installing: /home/mrxiuer/project/毕设/demo/src/install/share/wamv_gazebo/urdf/components/wamv_p3d.xacro
[0.614s] -- Installing: /home/mrxiuer/project/毕设/demo/src/install/share/wamv_gazebo/urdf/components/wamv_camera.xacro
[0.614s] -- Installing: /home/mrxiuer/project/毕设/demo/src/install/share/wamv_gazebo/urdf/components/wamv_gps.xacro
[0.615s] -- Installing: /home/mrxiuer/project/毕设/demo/src/install/share/wamv_gazebo/urdf/thruster_layouts
[0.615s] -- Installing: /home/mrxiuer/project/毕设/demo/src/install/share/wamv_gazebo/urdf/thruster_layouts/wamv_aft_thrusters.xacro
[0.615s] -- Installing: /home/mrxiuer/project/毕设/demo/src/install/share/wamv_gazebo/urdf/thruster_layouts/wamv_t_thrusters.xacro
[0.615s] -- Installing: /home/mrxiuer/project/毕设/demo/src/install/share/wamv_gazebo/urdf/thruster_layouts/wamv_gazebo_thruster_config.xacro
[0.615s] -- Installing: /home/mrxiuer/project/毕设/demo/src/install/share/wamv_gazebo/urdf/thruster_layouts/wamv_x_thrusters.xacro
[0.615s] -- Installing: /home/mrxiuer/project/毕设/demo/src/install/share/ament_index/resource_index/package_run_dependencies/wamv_gazebo
[0.615s] -- Installing: /home/mrxiuer/project/毕设/demo/src/install/share/ament_index/resource_index/parent_prefix_path/wamv_gazebo
[0.615s] -- Installing: /home/mrxiuer/project/毕设/demo/src/install/share/wamv_gazebo/environment/ament_prefix_path.sh
[0.616s] -- Installing: /home/mrxiuer/project/毕设/demo/src/install/share/wamv_gazebo/environment/ament_prefix_path.dsv
[0.616s] -- Installing: /home/mrxiuer/project/毕设/demo/src/install/share/wamv_gazebo/environment/path.sh
[0.616s] -- Installing: /home/mrxiuer/project/毕设/demo/src/install/share/wamv_gazebo/environment/path.dsv
[0.616s] -- Installing: /home/mrxiuer/project/毕设/demo/src/install/share/wamv_gazebo/local_setup.bash
[0.616s] -- Installing: /home/mrxiuer/project/毕设/demo/src/install/share/wamv_gazebo/local_setup.sh
[0.616s] -- Installing: /home/mrxiuer/project/毕设/demo/src/install/share/wamv_gazebo/local_setup.zsh
[0.616s] -- Installing: /home/mrxiuer/project/毕设/demo/src/install/share/wamv_gazebo/local_setup.dsv
[0.617s] -- Installing: /home/mrxiuer/project/毕设/demo/src/install/share/wamv_gazebo/package.dsv
[0.617s] -- Installing: /home/mrxiuer/project/毕设/demo/src/install/share/ament_index/resource_index/packages/wamv_gazebo
[0.617s] -- Installing: /home/mrxiuer/project/毕设/demo/src/install/share/wamv_gazebo/cmake/wamv_gazeboConfig.cmake
[0.617s] -- Installing: /home/mrxiuer/project/毕设/demo/src/install/share/wamv_gazebo/cmake/wamv_gazeboConfig-version.cmake
[0.617s] -- Installing: /home/mrxiuer/project/毕设/demo/src/install/share/wamv_gazebo/package.xml
[0.620s] Invoked command in '/home/mrxiuer/project/毕设/demo/src/build/wamv_gazebo' returned '0': CMAKE_PREFIX_PATH=${CMAKE_PREFIX_PATH}:/opt/ros/humble GZ_SIM_RESOURCE_PATH=/home/mrxiuer/project/毕设/demo/src/install/share:${GZ_SIM_RESOURCE_PATH} /usr/bin/cmake --install /home/mrxiuer/project/毕设/demo/src/build/wamv_gazebo
