[0.011s] Invoking command in '/home/mrxiuer/project/毕设/demo/src/build/vrx_gazebo': CMAKE_PREFIX_PATH=${CMAKE_PREFIX_PATH}:/opt/ros/humble /usr/bin/cmake /home/mrxiuer/project/毕设/demo/src/vrx/vrx_urdf/vrx_gazebo -DCMAKE_INSTALL_PREFIX=/home/mrxiuer/project/毕设/demo/src/install
[0.061s] -- The C compiler identification is GNU 11.4.0
[0.111s] -- The CXX compiler identification is GNU 11.4.0
[0.118s] -- Detecting C compiler ABI info
[0.182s] -- Detecting C compiler ABI info - done
[0.188s] -- Check for working C compiler: /usr/bin/cc - skipped
[0.188s] -- Detecting C compile features
[0.188s] -- Detecting C compile features - done
[0.191s] -- Detecting CXX compiler ABI info
[0.264s] -- Detecting CXX compiler ABI info - done
[0.270s] -- Check for working CXX compiler: /usr/bin/c++ - skipped
[0.270s] -- Detecting CXX compile features
[0.270s] -- Detecting CXX compile features - done
[0.272s] -- Found ament_cmake: 1.3.11 (/opt/ros/humble/share/ament_cmake/cmake)
[0.406s] -- Found Python3: /usr/bin/python3 (found version "3.10.12") found components: Interpreter 
[0.600s] -- Configuring done
[0.604s] -- Generating done
[0.606s] -- Build files have been written to: /home/mrxiuer/project/毕设/demo/src/build/vrx_gazebo
[0.610s] Invoked command in '/home/mrxiuer/project/毕设/demo/src/build/vrx_gazebo' returned '0': CMAKE_PREFIX_PATH=${CMAKE_PREFIX_PATH}:/opt/ros/humble /usr/bin/cmake /home/mrxiuer/project/毕设/demo/src/vrx/vrx_urdf/vrx_gazebo -DCMAKE_INSTALL_PREFIX=/home/mrxiuer/project/毕设/demo/src/install
[0.612s] Invoking command in '/home/mrxiuer/project/毕设/demo/src/build/vrx_gazebo': CMAKE_PREFIX_PATH=${CMAKE_PREFIX_PATH}:/opt/ros/humble /usr/bin/cmake --build /home/mrxiuer/project/毕设/demo/src/build/vrx_gazebo -- -j16 -l16
[0.663s] Built target ament_cmake_python_copy_vrx_gazebo
[0.875s] running egg_info
[0.875s] creating vrx_gazebo.egg-info
[0.876s] writing vrx_gazebo.egg-info/PKG-INFO
[0.876s] writing dependency_links to vrx_gazebo.egg-info/dependency_links.txt
[0.876s] writing top-level names to vrx_gazebo.egg-info/top_level.txt
[0.876s] writing manifest file 'vrx_gazebo.egg-info/SOURCES.txt'
[0.878s] reading manifest file 'vrx_gazebo.egg-info/SOURCES.txt'
[0.878s] writing manifest file 'vrx_gazebo.egg-info/SOURCES.txt'
[0.902s] Built target ament_cmake_python_build_vrx_gazebo_egg
[0.913s] Invoked command in '/home/mrxiuer/project/毕设/demo/src/build/vrx_gazebo' returned '0': CMAKE_PREFIX_PATH=${CMAKE_PREFIX_PATH}:/opt/ros/humble /usr/bin/cmake --build /home/mrxiuer/project/毕设/demo/src/build/vrx_gazebo -- -j16 -l16
[0.921s] Invoking command in '/home/mrxiuer/project/毕设/demo/src/build/vrx_gazebo': CMAKE_PREFIX_PATH=${CMAKE_PREFIX_PATH}:/opt/ros/humble /usr/bin/cmake --install /home/mrxiuer/project/毕设/demo/src/build/vrx_gazebo
[0.928s] -- Install configuration: ""
[0.928s] -- Installing: /home/mrxiuer/project/毕设/demo/src/install/share/vrx_gazebo/environment/resource_paths.dsv
[0.928s] -- Installing: /home/mrxiuer/project/毕设/demo/src/install/share/vrx_gazebo/environment/resource_paths.sh
[0.928s] -- Installing: /home/mrxiuer/project/毕设/demo/src/install/share/vrx_gazebo/models
[0.928s] -- Installing: /home/mrxiuer/project/毕设/demo/src/install/share/vrx_gazebo/models/mono_camera
[0.928s] -- Installing: /home/mrxiuer/project/毕设/demo/src/install/share/vrx_gazebo/models/mono_camera/mesh
[0.928s] -- Installing: /home/mrxiuer/project/毕设/demo/src/install/share/vrx_gazebo/models/mono_camera/mesh/mono_camera_Albedo.png
[0.928s] -- Installing: /home/mrxiuer/project/毕设/demo/src/install/share/vrx_gazebo/models/mono_camera/mesh/mono_camera.dae
[0.929s] -- Installing: /home/mrxiuer/project/毕设/demo/src/install/share/vrx_gazebo/models/mono_camera/mesh/mono_camera_Metalness.png
[0.929s] -- Installing: /home/mrxiuer/project/毕设/demo/src/install/share/vrx_gazebo/models/mono_camera/mesh/mono_camera.png
[0.929s] -- Installing: /home/mrxiuer/project/毕设/demo/src/install/share/vrx_gazebo/models/mono_camera/mesh/mono_camera_Normal.png
[0.930s] -- Installing: /home/mrxiuer/project/毕设/demo/src/install/share/vrx_gazebo/models/mono_camera/mesh/mono_camera_Roughness.png
[0.930s] -- Installing: /home/mrxiuer/project/毕设/demo/src/install/share/vrx_gazebo/models/mono_camera/model.config
[0.930s] -- Installing: /home/mrxiuer/project/毕设/demo/src/install/share/vrx_gazebo/models/mono_camera/model.sdf
[0.930s] -- Installing: /home/mrxiuer/project/毕设/demo/src/install/share/vrx_gazebo/models/blue_projectile
[0.930s] -- Installing: /home/mrxiuer/project/毕设/demo/src/install/share/vrx_gazebo/models/blue_projectile/model.config
[0.930s] -- Installing: /home/mrxiuer/project/毕设/demo/src/install/share/vrx_gazebo/models/blue_projectile/model.sdf
[0.930s] -- Installing: /home/mrxiuer/project/毕设/demo/src/install/share/vrx_gazebo/models/ball_shooter
[0.930s] -- Installing: /home/mrxiuer/project/毕设/demo/src/install/share/vrx_gazebo/models/ball_shooter/model.config
[0.931s] -- Installing: /home/mrxiuer/project/毕设/demo/src/install/share/vrx_gazebo/models/ball_shooter/meshes
[0.931s] -- Installing: /home/mrxiuer/project/毕设/demo/src/install/share/vrx_gazebo/models/ball_shooter/meshes/Launcher_BaseColor.png
[0.932s] -- Installing: /home/mrxiuer/project/毕设/demo/src/install/share/vrx_gazebo/models/ball_shooter/meshes/Launcher_Albedo.png
[0.933s] -- Installing: /home/mrxiuer/project/毕设/demo/src/install/share/vrx_gazebo/models/ball_shooter/meshes/ball_shooter_launcher.dae
[0.934s] -- Installing: /home/mrxiuer/project/毕设/demo/src/install/share/vrx_gazebo/models/ball_shooter/meshes/ball_shooter_base.dae
[0.934s] -- Installing: /home/mrxiuer/project/毕设/demo/src/install/share/vrx_gazebo/models/ball_shooter/meshes/Glass_BaseColor.png
[0.934s] -- Installing: /home/mrxiuer/project/毕设/demo/src/install/share/vrx_gazebo/models/ball_shooter/materials
[0.934s] -- Installing: /home/mrxiuer/project/毕设/demo/src/install/share/vrx_gazebo/models/ball_shooter/materials/Textures
[0.934s] -- Installing: /home/mrxiuer/project/毕设/demo/src/install/share/vrx_gazebo/models/ball_shooter/materials/Textures/Launcher_Normal.png
[0.934s] -- Installing: /home/mrxiuer/project/毕设/demo/src/install/share/vrx_gazebo/models/ball_shooter/materials/Textures/Launcher_Metalness.png
[0.934s] -- Installing: /home/mrxiuer/project/毕设/demo/src/install/share/vrx_gazebo/models/ball_shooter/materials/Textures/Launcher_Albedo.png
[0.935s] -- Installing: /home/mrxiuer/project/毕设/demo/src/install/share/vrx_gazebo/models/ball_shooter/materials/Textures/Launcher_Roughness.png
[0.936s] -- Installing: /home/mrxiuer/project/毕设/demo/src/install/share/vrx_gazebo/models/ball_shooter/model.sdf
[0.936s] -- Installing: /home/mrxiuer/project/毕设/demo/src/install/share/vrx_gazebo/models/sensor_post
[0.936s] -- Installing: /home/mrxiuer/project/毕设/demo/src/install/share/vrx_gazebo/models/sensor_post/mesh
[0.936s] -- Installing: /home/mrxiuer/project/毕设/demo/src/install/share/vrx_gazebo/models/sensor_post/mesh/sensor_post.dae
[0.936s] -- Installing: /home/mrxiuer/project/毕设/demo/src/install/share/vrx_gazebo/models/sensor_post/mesh/sensor_post_arm.dae
[0.936s] -- Installing: /home/mrxiuer/project/毕设/demo/src/install/share/vrx_gazebo/models/sensor_post/mesh/sensor_post.png
[0.937s] -- Installing: /home/mrxiuer/project/毕设/demo/src/install/share/vrx_gazebo/models/sensor_post/model.config
[0.937s] -- Installing: /home/mrxiuer/project/毕设/demo/src/install/share/vrx_gazebo/models/sensor_post/model.sdf
[0.937s] -- Installing: /home/mrxiuer/project/毕设/demo/src/install/share/vrx_gazebo/models/battery
[0.937s] -- Installing: /home/mrxiuer/project/毕设/demo/src/install/share/vrx_gazebo/models/battery/mesh
[0.937s] -- Installing: /home/mrxiuer/project/毕设/demo/src/install/share/vrx_gazebo/models/battery/mesh/battery_Roughness.png
[0.939s] -- Installing: /home/mrxiuer/project/毕设/demo/src/install/share/vrx_gazebo/models/battery/mesh/battery.png
[0.945s] -- Installing: /home/mrxiuer/project/毕设/demo/src/install/share/vrx_gazebo/models/battery/mesh/battery_Metalness.png
[0.945s] -- Installing: /home/mrxiuer/project/毕设/demo/src/install/share/vrx_gazebo/models/battery/mesh/battery.dae
[0.945s] -- Installing: /home/mrxiuer/project/毕设/demo/src/install/share/vrx_gazebo/models/battery/mesh/battery_Normal.png
[0.949s] -- Installing: /home/mrxiuer/project/毕设/demo/src/install/share/vrx_gazebo/models/battery/mesh/battery_Albedo.png
[0.954s] -- Installing: /home/mrxiuer/project/毕设/demo/src/install/share/vrx_gazebo/models/battery/model.config
[0.954s] -- Installing: /home/mrxiuer/project/毕设/demo/src/install/share/vrx_gazebo/models/battery/model.sdf
[0.954s] -- Installing: /home/mrxiuer/project/毕设/demo/src/install/share/vrx_gazebo/models/3d_lidar
[0.954s] -- Installing: /home/mrxiuer/project/毕设/demo/src/install/share/vrx_gazebo/models/3d_lidar/mesh
[0.954s] -- Installing: /home/mrxiuer/project/毕设/demo/src/install/share/vrx_gazebo/models/3d_lidar/mesh/3d_lidar.png
[0.954s] -- Installing: /home/mrxiuer/project/毕设/demo/src/install/share/vrx_gazebo/models/3d_lidar/mesh/3d_Lidar_Normal.png
[0.954s] -- Installing: /home/mrxiuer/project/毕设/demo/src/install/share/vrx_gazebo/models/3d_lidar/mesh/3d_Lidar_Albedo.png
[0.955s] -- Installing: /home/mrxiuer/project/毕设/demo/src/install/share/vrx_gazebo/models/3d_lidar/mesh/3d_lidar.dae
[0.955s] -- Installing: /home/mrxiuer/project/毕设/demo/src/install/share/vrx_gazebo/models/3d_lidar/mesh/3d_Lidar_Roughness.png
[0.956s] -- Installing: /home/mrxiuer/project/毕设/demo/src/install/share/vrx_gazebo/models/3d_lidar/mesh/3d_Lidar_Metalness.png
[0.956s] -- Installing: /home/mrxiuer/project/毕设/demo/src/install/share/vrx_gazebo/models/3d_lidar/model.config
[0.956s] -- Installing: /home/mrxiuer/project/毕设/demo/src/install/share/vrx_gazebo/models/3d_lidar/model.sdf
[0.956s] -- Installing: /home/mrxiuer/project/毕设/demo/src/install/share/vrx_gazebo/models/cpu_cases
[0.956s] -- Installing: /home/mrxiuer/project/毕设/demo/src/install/share/vrx_gazebo/models/cpu_cases/mesh
[0.956s] -- Installing: /home/mrxiuer/project/毕设/demo/src/install/share/vrx_gazebo/models/cpu_cases/mesh/cpu_cases.dae
[0.957s] -- Installing: /home/mrxiuer/project/毕设/demo/src/install/share/vrx_gazebo/models/cpu_cases/mesh/cpu_cases_Metalness.png
[0.957s] -- Installing: /home/mrxiuer/project/毕设/demo/src/install/share/vrx_gazebo/models/cpu_cases/mesh/cpu_cases.png
[0.962s] -- Installing: /home/mrxiuer/project/毕设/demo/src/install/share/vrx_gazebo/models/cpu_cases/mesh/cpu_cases_Albedo.png
[0.966s] -- Installing: /home/mrxiuer/project/毕设/demo/src/install/share/vrx_gazebo/models/cpu_cases/mesh/cpu_cases_Roughness.png
[0.968s] -- Installing: /home/mrxiuer/project/毕设/demo/src/install/share/vrx_gazebo/models/cpu_cases/mesh/cpu_cases_Normal.png
[0.973s] -- Installing: /home/mrxiuer/project/毕设/demo/src/install/share/vrx_gazebo/models/cpu_cases/model.config
[0.973s] -- Installing: /home/mrxiuer/project/毕设/demo/src/install/share/vrx_gazebo/models/cpu_cases/model.sdf
[0.973s] -- Installing: /home/mrxiuer/project/毕设/demo/src/install/share/vrx_gazebo/launch
[0.973s] -- Installing: /home/mrxiuer/project/毕设/demo/src/install/share/vrx_gazebo/launch/rviz.launch.py
[0.974s] -- Installing: /home/mrxiuer/project/毕设/demo/src/install/share/vrx_gazebo/launch/generate_wamv.launch.py
[0.974s] -- Installing: /home/mrxiuer/project/毕设/demo/src/install/share/vrx_gazebo/config
[0.974s] -- Installing: /home/mrxiuer/project/毕设/demo/src/install/share/vrx_gazebo/config/wamv_config
[0.974s] -- Installing: /home/mrxiuer/project/毕设/demo/src/install/share/vrx_gazebo/config/wamv_config/example_component_config.yaml
[0.974s] -- Installing: /home/mrxiuer/project/毕设/demo/src/install/share/vrx_gazebo/config/wamv_config/component_compliance
[0.974s] -- Installing: /home/mrxiuer/project/毕设/demo/src/install/share/vrx_gazebo/config/wamv_config/component_compliance/numeric.yaml
[0.974s] -- Installing: /home/mrxiuer/project/毕设/demo/src/install/share/vrx_gazebo/config/wamv_config/component_compliance/bounding_boxes.yaml
[0.974s] -- Installing: /home/mrxiuer/project/毕设/demo/src/install/share/vrx_gazebo/config/wamv_config/example_thruster_config.yaml
[0.974s] -- Installing: /home/mrxiuer/project/毕设/demo/src/install/share/vrx_gazebo/config/wamv_config/thruster_compliance
[0.974s] -- Installing: /home/mrxiuer/project/毕设/demo/src/install/share/vrx_gazebo/config/wamv_config/thruster_compliance/numeric.yaml
[0.975s] -- Installing: /home/mrxiuer/project/毕设/demo/src/install/share/vrx_gazebo/config/wamv_config/thruster_compliance/bounding_boxes.yaml
[0.975s] -- Installing: /home/mrxiuer/project/毕设/demo/src/install/share/vrx_gazebo/config/rviz_vrx_final.rviz
[0.975s] -- Installing: /home/mrxiuer/project/毕设/demo/src/install/share/vrx_gazebo/config/rviz_vrx_rsp.rviz
[0.975s] -- Installing: /home/mrxiuer/project/毕设/demo/src/install/lib/vrx_gazebo/generate_wamv.py
[0.975s] -- Installing: /home/mrxiuer/project/毕设/demo/src/install/share/vrx_gazebo/environment/pythonpath.sh
[0.975s] -- Installing: /home/mrxiuer/project/毕设/demo/src/install/share/vrx_gazebo/environment/pythonpath.dsv
[0.975s] -- Installing: /home/mrxiuer/project/毕设/demo/src/install/local/lib/python3.10/dist-packages/vrx_gazebo-1.3.0-py3.10.egg-info
[0.976s] -- Installing: /home/mrxiuer/project/毕设/demo/src/install/local/lib/python3.10/dist-packages/vrx_gazebo-1.3.0-py3.10.egg-info/dependency_links.txt
[0.976s] -- Installing: /home/mrxiuer/project/毕设/demo/src/install/local/lib/python3.10/dist-packages/vrx_gazebo-1.3.0-py3.10.egg-info/PKG-INFO
[0.976s] -- Installing: /home/mrxiuer/project/毕设/demo/src/install/local/lib/python3.10/dist-packages/vrx_gazebo-1.3.0-py3.10.egg-info/SOURCES.txt
[0.976s] -- Installing: /home/mrxiuer/project/毕设/demo/src/install/local/lib/python3.10/dist-packages/vrx_gazebo-1.3.0-py3.10.egg-info/top_level.txt
[0.976s] -- Installing: /home/mrxiuer/project/毕设/demo/src/install/local/lib/python3.10/dist-packages/vrx_gazebo
[0.976s] -- Installing: /home/mrxiuer/project/毕设/demo/src/install/local/lib/python3.10/dist-packages/vrx_gazebo/__init__.py
[0.976s] -- Installing: /home/mrxiuer/project/毕设/demo/src/install/local/lib/python3.10/dist-packages/vrx_gazebo/utils.py
[0.976s] -- Installing: /home/mrxiuer/project/毕设/demo/src/install/local/lib/python3.10/dist-packages/vrx_gazebo/compliance.py
[0.977s] -- Installing: /home/mrxiuer/project/毕设/demo/src/install/local/lib/python3.10/dist-packages/vrx_gazebo/configure_wamv.py
[1.006s] Listing '/home/mrxiuer/project/毕设/demo/src/install/local/lib/python3.10/dist-packages/vrx_gazebo'...
[1.006s] Compiling '/home/mrxiuer/project/毕设/demo/src/install/local/lib/python3.10/dist-packages/vrx_gazebo/__init__.py'...
[1.006s] Compiling '/home/mrxiuer/project/毕设/demo/src/install/local/lib/python3.10/dist-packages/vrx_gazebo/compliance.py'...
[1.006s] Compiling '/home/mrxiuer/project/毕设/demo/src/install/local/lib/python3.10/dist-packages/vrx_gazebo/configure_wamv.py'...
[1.006s] Compiling '/home/mrxiuer/project/毕设/demo/src/install/local/lib/python3.10/dist-packages/vrx_gazebo/utils.py'...
[1.010s] -- Installing: /home/mrxiuer/project/毕设/demo/src/install/share/ament_index/resource_index/package_run_dependencies/vrx_gazebo
[1.010s] -- Installing: /home/mrxiuer/project/毕设/demo/src/install/share/ament_index/resource_index/parent_prefix_path/vrx_gazebo
[1.010s] -- Installing: /home/mrxiuer/project/毕设/demo/src/install/share/vrx_gazebo/environment/ament_prefix_path.sh
[1.010s] -- Installing: /home/mrxiuer/project/毕设/demo/src/install/share/vrx_gazebo/environment/ament_prefix_path.dsv
[1.010s] -- Installing: /home/mrxiuer/project/毕设/demo/src/install/share/vrx_gazebo/environment/path.sh
[1.010s] -- Installing: /home/mrxiuer/project/毕设/demo/src/install/share/vrx_gazebo/environment/path.dsv
[1.011s] -- Installing: /home/mrxiuer/project/毕设/demo/src/install/share/vrx_gazebo/local_setup.bash
[1.011s] -- Installing: /home/mrxiuer/project/毕设/demo/src/install/share/vrx_gazebo/local_setup.sh
[1.011s] -- Installing: /home/mrxiuer/project/毕设/demo/src/install/share/vrx_gazebo/local_setup.zsh
[1.011s] -- Installing: /home/mrxiuer/project/毕设/demo/src/install/share/vrx_gazebo/local_setup.dsv
[1.011s] -- Installing: /home/mrxiuer/project/毕设/demo/src/install/share/vrx_gazebo/package.dsv
[1.011s] -- Installing: /home/mrxiuer/project/毕设/demo/src/install/share/ament_index/resource_index/packages/vrx_gazebo
[1.012s] -- Installing: /home/mrxiuer/project/毕设/demo/src/install/share/vrx_gazebo/cmake/vrx_gazeboConfig.cmake
[1.012s] -- Installing: /home/mrxiuer/project/毕设/demo/src/install/share/vrx_gazebo/cmake/vrx_gazeboConfig-version.cmake
[1.012s] -- Installing: /home/mrxiuer/project/毕设/demo/src/install/share/vrx_gazebo/package.xml
[1.014s] Invoked command in '/home/mrxiuer/project/毕设/demo/src/build/vrx_gazebo' returned '0': CMAKE_PREFIX_PATH=${CMAKE_PREFIX_PATH}:/opt/ros/humble /usr/bin/cmake --install /home/mrxiuer/project/毕设/demo/src/build/vrx_gazebo
