[0.011s] Invoking command in '/home/mrxiuer/project/毕设/demo/src/build/vrx_gazebo': CMAKE_PREFIX_PATH=/opt/ros/humble /usr/bin/cmake /home/mrxiuer/project/毕设/demo/src/vrx/vrx_urdf/vrx_gazebo -DCMAKE_INSTALL_PREFIX=/home/mrxiuer/project/毕设/demo/src/install
[0.122s] -- The C compiler identification is GNU 11.4.0
[0.203s] -- The CXX compiler identification is GNU 11.4.0
[0.214s] -- Detecting C compiler ABI info
[0.279s] -- Detecting C compiler ABI info - done
[0.285s] -- Check for working C compiler: /usr/bin/cc - skipped
[0.285s] -- Detecting C compile features
[0.285s] -- Detecting C compile features - done
[0.289s] -- Detecting CXX compiler ABI info
[0.362s] -- Detecting CXX compiler ABI info - done
[0.368s] -- Check for working CXX compiler: /usr/bin/c++ - skipped
[0.368s] -- Detecting CXX compile features
[0.368s] -- Detecting CXX compile features - done
[0.373s] -- Found ament_cmake: 1.3.11 (/opt/ros/humble/share/ament_cmake/cmake)
[0.498s] -- Found Python3: /usr/bin/python3 (found version "3.10.12") found components: Interpreter 
[0.703s] -- Configuring done
[0.706s] -- Generating done
[0.708s] -- Build files have been written to: /home/mrxiuer/project/毕设/demo/src/build/vrx_gazebo
[0.712s] Invoked command in '/home/mrxiuer/project/毕设/demo/src/build/vrx_gazebo' returned '0': CMAKE_PREFIX_PATH=/opt/ros/humble /usr/bin/cmake /home/mrxiuer/project/毕设/demo/src/vrx/vrx_urdf/vrx_gazebo -DCMAKE_INSTALL_PREFIX=/home/mrxiuer/project/毕设/demo/src/install
[0.713s] Invoking command in '/home/mrxiuer/project/毕设/demo/src/build/vrx_gazebo': CMAKE_PREFIX_PATH=/opt/ros/humble /usr/bin/cmake --build /home/mrxiuer/project/毕设/demo/src/build/vrx_gazebo -- -j16 -l16
[0.762s] Built target ament_cmake_python_copy_vrx_gazebo
[0.979s] running egg_info
[0.980s] creating vrx_gazebo.egg-info
[0.980s] writing vrx_gazebo.egg-info/PKG-INFO
[0.980s] writing dependency_links to vrx_gazebo.egg-info/dependency_links.txt
[0.980s] writing top-level names to vrx_gazebo.egg-info/top_level.txt
[0.980s] writing manifest file 'vrx_gazebo.egg-info/SOURCES.txt'
[0.982s] reading manifest file 'vrx_gazebo.egg-info/SOURCES.txt'
[0.983s] writing manifest file 'vrx_gazebo.egg-info/SOURCES.txt'
[1.004s] Built target ament_cmake_python_build_vrx_gazebo_egg
[1.013s] Invoked command in '/home/mrxiuer/project/毕设/demo/src/build/vrx_gazebo' returned '0': CMAKE_PREFIX_PATH=/opt/ros/humble /usr/bin/cmake --build /home/mrxiuer/project/毕设/demo/src/build/vrx_gazebo -- -j16 -l16
[1.021s] Invoking command in '/home/mrxiuer/project/毕设/demo/src/build/vrx_gazebo': CMAKE_PREFIX_PATH=/opt/ros/humble /usr/bin/cmake --install /home/mrxiuer/project/毕设/demo/src/build/vrx_gazebo
[1.027s] -- Install configuration: ""
[1.027s] -- Installing: /home/mrxiuer/project/毕设/demo/src/install/share/vrx_gazebo/environment/resource_paths.dsv
[1.027s] -- Installing: /home/mrxiuer/project/毕设/demo/src/install/share/vrx_gazebo/environment/resource_paths.sh
[1.028s] -- Installing: /home/mrxiuer/project/毕设/demo/src/install/share/vrx_gazebo/models
[1.028s] -- Installing: /home/mrxiuer/project/毕设/demo/src/install/share/vrx_gazebo/models/mono_camera
[1.028s] -- Installing: /home/mrxiuer/project/毕设/demo/src/install/share/vrx_gazebo/models/mono_camera/mesh
[1.028s] -- Installing: /home/mrxiuer/project/毕设/demo/src/install/share/vrx_gazebo/models/mono_camera/mesh/mono_camera_Albedo.png
[1.028s] -- Installing: /home/mrxiuer/project/毕设/demo/src/install/share/vrx_gazebo/models/mono_camera/mesh/mono_camera.dae
[1.029s] -- Installing: /home/mrxiuer/project/毕设/demo/src/install/share/vrx_gazebo/models/mono_camera/mesh/mono_camera_Metalness.png
[1.029s] -- Installing: /home/mrxiuer/project/毕设/demo/src/install/share/vrx_gazebo/models/mono_camera/mesh/mono_camera.png
[1.031s] -- Installing: /home/mrxiuer/project/毕设/demo/src/install/share/vrx_gazebo/models/mono_camera/mesh/mono_camera_Normal.png
[1.031s] -- Installing: /home/mrxiuer/project/毕设/demo/src/install/share/vrx_gazebo/models/mono_camera/mesh/mono_camera_Roughness.png
[1.032s] -- Installing: /home/mrxiuer/project/毕设/demo/src/install/share/vrx_gazebo/models/mono_camera/model.config
[1.032s] -- Installing: /home/mrxiuer/project/毕设/demo/src/install/share/vrx_gazebo/models/mono_camera/model.sdf
[1.032s] -- Installing: /home/mrxiuer/project/毕设/demo/src/install/share/vrx_gazebo/models/blue_projectile
[1.032s] -- Installing: /home/mrxiuer/project/毕设/demo/src/install/share/vrx_gazebo/models/blue_projectile/model.config
[1.033s] -- Installing: /home/mrxiuer/project/毕设/demo/src/install/share/vrx_gazebo/models/blue_projectile/model.sdf
[1.033s] -- Installing: /home/mrxiuer/project/毕设/demo/src/install/share/vrx_gazebo/models/ball_shooter
[1.033s] -- Installing: /home/mrxiuer/project/毕设/demo/src/install/share/vrx_gazebo/models/ball_shooter/model.config
[1.033s] -- Installing: /home/mrxiuer/project/毕设/demo/src/install/share/vrx_gazebo/models/ball_shooter/meshes
[1.033s] -- Installing: /home/mrxiuer/project/毕设/demo/src/install/share/vrx_gazebo/models/ball_shooter/meshes/Launcher_BaseColor.png
[1.036s] -- Installing: /home/mrxiuer/project/毕设/demo/src/install/share/vrx_gazebo/models/ball_shooter/meshes/Launcher_Albedo.png
[1.037s] -- Installing: /home/mrxiuer/project/毕设/demo/src/install/share/vrx_gazebo/models/ball_shooter/meshes/ball_shooter_launcher.dae
[1.038s] -- Installing: /home/mrxiuer/project/毕设/demo/src/install/share/vrx_gazebo/models/ball_shooter/meshes/ball_shooter_base.dae
[1.038s] -- Installing: /home/mrxiuer/project/毕设/demo/src/install/share/vrx_gazebo/models/ball_shooter/meshes/Glass_BaseColor.png
[1.038s] -- Installing: /home/mrxiuer/project/毕设/demo/src/install/share/vrx_gazebo/models/ball_shooter/materials
[1.038s] -- Installing: /home/mrxiuer/project/毕设/demo/src/install/share/vrx_gazebo/models/ball_shooter/materials/Textures
[1.039s] -- Installing: /home/mrxiuer/project/毕设/demo/src/install/share/vrx_gazebo/models/ball_shooter/materials/Textures/Launcher_Normal.png
[1.039s] -- Installing: /home/mrxiuer/project/毕设/demo/src/install/share/vrx_gazebo/models/ball_shooter/materials/Textures/Launcher_Metalness.png
[1.040s] -- Installing: /home/mrxiuer/project/毕设/demo/src/install/share/vrx_gazebo/models/ball_shooter/materials/Textures/Launcher_Albedo.png
[1.041s] -- Installing: /home/mrxiuer/project/毕设/demo/src/install/share/vrx_gazebo/models/ball_shooter/materials/Textures/Launcher_Roughness.png
[1.042s] -- Installing: /home/mrxiuer/project/毕设/demo/src/install/share/vrx_gazebo/models/ball_shooter/model.sdf
[1.043s] -- Installing: /home/mrxiuer/project/毕设/demo/src/install/share/vrx_gazebo/models/sensor_post
[1.043s] -- Installing: /home/mrxiuer/project/毕设/demo/src/install/share/vrx_gazebo/models/sensor_post/mesh
[1.043s] -- Installing: /home/mrxiuer/project/毕设/demo/src/install/share/vrx_gazebo/models/sensor_post/mesh/sensor_post.dae
[1.043s] -- Installing: /home/mrxiuer/project/毕设/demo/src/install/share/vrx_gazebo/models/sensor_post/mesh/sensor_post_arm.dae
[1.043s] -- Installing: /home/mrxiuer/project/毕设/demo/src/install/share/vrx_gazebo/models/sensor_post/mesh/sensor_post.png
[1.044s] -- Installing: /home/mrxiuer/project/毕设/demo/src/install/share/vrx_gazebo/models/sensor_post/model.config
[1.044s] -- Installing: /home/mrxiuer/project/毕设/demo/src/install/share/vrx_gazebo/models/sensor_post/model.sdf
[1.045s] -- Installing: /home/mrxiuer/project/毕设/demo/src/install/share/vrx_gazebo/models/battery
[1.045s] -- Installing: /home/mrxiuer/project/毕设/demo/src/install/share/vrx_gazebo/models/battery/mesh
[1.045s] -- Installing: /home/mrxiuer/project/毕设/demo/src/install/share/vrx_gazebo/models/battery/mesh/battery_Roughness.png
[1.048s] -- Installing: /home/mrxiuer/project/毕设/demo/src/install/share/vrx_gazebo/models/battery/mesh/battery.png
[1.054s] -- Installing: /home/mrxiuer/project/毕设/demo/src/install/share/vrx_gazebo/models/battery/mesh/battery_Metalness.png
[1.055s] -- Installing: /home/mrxiuer/project/毕设/demo/src/install/share/vrx_gazebo/models/battery/mesh/battery.dae
[1.055s] -- Installing: /home/mrxiuer/project/毕设/demo/src/install/share/vrx_gazebo/models/battery/mesh/battery_Normal.png
[1.061s] -- Installing: /home/mrxiuer/project/毕设/demo/src/install/share/vrx_gazebo/models/battery/mesh/battery_Albedo.png
[1.067s] -- Installing: /home/mrxiuer/project/毕设/demo/src/install/share/vrx_gazebo/models/battery/model.config
[1.067s] -- Installing: /home/mrxiuer/project/毕设/demo/src/install/share/vrx_gazebo/models/battery/model.sdf
[1.067s] -- Installing: /home/mrxiuer/project/毕设/demo/src/install/share/vrx_gazebo/models/3d_lidar
[1.067s] -- Installing: /home/mrxiuer/project/毕设/demo/src/install/share/vrx_gazebo/models/3d_lidar/mesh
[1.068s] -- Installing: /home/mrxiuer/project/毕设/demo/src/install/share/vrx_gazebo/models/3d_lidar/mesh/3d_lidar.png
[1.068s] -- Installing: /home/mrxiuer/project/毕设/demo/src/install/share/vrx_gazebo/models/3d_lidar/mesh/3d_Lidar_Normal.png
[1.069s] -- Installing: /home/mrxiuer/project/毕设/demo/src/install/share/vrx_gazebo/models/3d_lidar/mesh/3d_Lidar_Albedo.png
[1.070s] -- Installing: /home/mrxiuer/project/毕设/demo/src/install/share/vrx_gazebo/models/3d_lidar/mesh/3d_lidar.dae
[1.071s] -- Installing: /home/mrxiuer/project/毕设/demo/src/install/share/vrx_gazebo/models/3d_lidar/mesh/3d_Lidar_Roughness.png
[1.071s] -- Installing: /home/mrxiuer/project/毕设/demo/src/install/share/vrx_gazebo/models/3d_lidar/mesh/3d_Lidar_Metalness.png
[1.072s] -- Installing: /home/mrxiuer/project/毕设/demo/src/install/share/vrx_gazebo/models/3d_lidar/model.config
[1.072s] -- Installing: /home/mrxiuer/project/毕设/demo/src/install/share/vrx_gazebo/models/3d_lidar/model.sdf
[1.072s] -- Installing: /home/mrxiuer/project/毕设/demo/src/install/share/vrx_gazebo/models/cpu_cases
[1.072s] -- Installing: /home/mrxiuer/project/毕设/demo/src/install/share/vrx_gazebo/models/cpu_cases/mesh
[1.072s] -- Installing: /home/mrxiuer/project/毕设/demo/src/install/share/vrx_gazebo/models/cpu_cases/mesh/cpu_cases.dae
[1.073s] -- Installing: /home/mrxiuer/project/毕设/demo/src/install/share/vrx_gazebo/models/cpu_cases/mesh/cpu_cases_Metalness.png
[1.074s] -- Installing: /home/mrxiuer/project/毕设/demo/src/install/share/vrx_gazebo/models/cpu_cases/mesh/cpu_cases.png
[1.081s] -- Installing: /home/mrxiuer/project/毕设/demo/src/install/share/vrx_gazebo/models/cpu_cases/mesh/cpu_cases_Albedo.png
[1.086s] -- Installing: /home/mrxiuer/project/毕设/demo/src/install/share/vrx_gazebo/models/cpu_cases/mesh/cpu_cases_Roughness.png
[1.089s] -- Installing: /home/mrxiuer/project/毕设/demo/src/install/share/vrx_gazebo/models/cpu_cases/mesh/cpu_cases_Normal.png
[1.095s] -- Installing: /home/mrxiuer/project/毕设/demo/src/install/share/vrx_gazebo/models/cpu_cases/model.config
[1.095s] -- Installing: /home/mrxiuer/project/毕设/demo/src/install/share/vrx_gazebo/models/cpu_cases/model.sdf
[1.096s] -- Installing: /home/mrxiuer/project/毕设/demo/src/install/share/vrx_gazebo/launch
[1.096s] -- Installing: /home/mrxiuer/project/毕设/demo/src/install/share/vrx_gazebo/launch/rviz.launch.py
[1.096s] -- Installing: /home/mrxiuer/project/毕设/demo/src/install/share/vrx_gazebo/launch/generate_wamv.launch.py
[1.096s] -- Installing: /home/mrxiuer/project/毕设/demo/src/install/share/vrx_gazebo/config
[1.096s] -- Installing: /home/mrxiuer/project/毕设/demo/src/install/share/vrx_gazebo/config/wamv_config
[1.096s] -- Installing: /home/mrxiuer/project/毕设/demo/src/install/share/vrx_gazebo/config/wamv_config/example_component_config.yaml
[1.097s] -- Installing: /home/mrxiuer/project/毕设/demo/src/install/share/vrx_gazebo/config/wamv_config/component_compliance
[1.097s] -- Installing: /home/mrxiuer/project/毕设/demo/src/install/share/vrx_gazebo/config/wamv_config/component_compliance/numeric.yaml
[1.097s] -- Installing: /home/mrxiuer/project/毕设/demo/src/install/share/vrx_gazebo/config/wamv_config/component_compliance/bounding_boxes.yaml
[1.097s] -- Installing: /home/mrxiuer/project/毕设/demo/src/install/share/vrx_gazebo/config/wamv_config/example_thruster_config.yaml
[1.097s] -- Installing: /home/mrxiuer/project/毕设/demo/src/install/share/vrx_gazebo/config/wamv_config/thruster_compliance
[1.097s] -- Installing: /home/mrxiuer/project/毕设/demo/src/install/share/vrx_gazebo/config/wamv_config/thruster_compliance/numeric.yaml
[1.098s] -- Installing: /home/mrxiuer/project/毕设/demo/src/install/share/vrx_gazebo/config/wamv_config/thruster_compliance/bounding_boxes.yaml
[1.098s] -- Installing: /home/mrxiuer/project/毕设/demo/src/install/share/vrx_gazebo/config/rviz_vrx_final.rviz
[1.098s] -- Installing: /home/mrxiuer/project/毕设/demo/src/install/share/vrx_gazebo/config/rviz_vrx_rsp.rviz
[1.098s] -- Installing: /home/mrxiuer/project/毕设/demo/src/install/lib/vrx_gazebo/generate_wamv.py
[1.098s] -- Installing: /home/mrxiuer/project/毕设/demo/src/install/share/vrx_gazebo/environment/pythonpath.sh
[1.099s] -- Installing: /home/mrxiuer/project/毕设/demo/src/install/share/vrx_gazebo/environment/pythonpath.dsv
[1.099s] -- Installing: /home/mrxiuer/project/毕设/demo/src/install/local/lib/python3.10/dist-packages/vrx_gazebo-1.3.0-py3.10.egg-info
[1.099s] -- Installing: /home/mrxiuer/project/毕设/demo/src/install/local/lib/python3.10/dist-packages/vrx_gazebo-1.3.0-py3.10.egg-info/dependency_links.txt
[1.099s] -- Installing: /home/mrxiuer/project/毕设/demo/src/install/local/lib/python3.10/dist-packages/vrx_gazebo-1.3.0-py3.10.egg-info/PKG-INFO
[1.099s] -- Installing: /home/mrxiuer/project/毕设/demo/src/install/local/lib/python3.10/dist-packages/vrx_gazebo-1.3.0-py3.10.egg-info/SOURCES.txt
[1.099s] -- Installing: /home/mrxiuer/project/毕设/demo/src/install/local/lib/python3.10/dist-packages/vrx_gazebo-1.3.0-py3.10.egg-info/top_level.txt
[1.099s] -- Installing: /home/mrxiuer/project/毕设/demo/src/install/local/lib/python3.10/dist-packages/vrx_gazebo
[1.099s] -- Installing: /home/mrxiuer/project/毕设/demo/src/install/local/lib/python3.10/dist-packages/vrx_gazebo/__init__.py
[1.100s] -- Installing: /home/mrxiuer/project/毕设/demo/src/install/local/lib/python3.10/dist-packages/vrx_gazebo/utils.py
[1.100s] -- Installing: /home/mrxiuer/project/毕设/demo/src/install/local/lib/python3.10/dist-packages/vrx_gazebo/compliance.py
[1.100s] -- Installing: /home/mrxiuer/project/毕设/demo/src/install/local/lib/python3.10/dist-packages/vrx_gazebo/configure_wamv.py
[1.128s] Listing '/home/mrxiuer/project/毕设/demo/src/install/local/lib/python3.10/dist-packages/vrx_gazebo'...
[1.128s] Compiling '/home/mrxiuer/project/毕设/demo/src/install/local/lib/python3.10/dist-packages/vrx_gazebo/__init__.py'...
[1.128s] Compiling '/home/mrxiuer/project/毕设/demo/src/install/local/lib/python3.10/dist-packages/vrx_gazebo/compliance.py'...
[1.128s] Compiling '/home/mrxiuer/project/毕设/demo/src/install/local/lib/python3.10/dist-packages/vrx_gazebo/configure_wamv.py'...
[1.128s] Compiling '/home/mrxiuer/project/毕设/demo/src/install/local/lib/python3.10/dist-packages/vrx_gazebo/utils.py'...
[1.132s] -- Installing: /home/mrxiuer/project/毕设/demo/src/install/share/ament_index/resource_index/package_run_dependencies/vrx_gazebo
[1.132s] -- Installing: /home/mrxiuer/project/毕设/demo/src/install/share/ament_index/resource_index/parent_prefix_path/vrx_gazebo
[1.132s] -- Installing: /home/mrxiuer/project/毕设/demo/src/install/share/vrx_gazebo/environment/ament_prefix_path.sh
[1.132s] -- Installing: /home/mrxiuer/project/毕设/demo/src/install/share/vrx_gazebo/environment/ament_prefix_path.dsv
[1.132s] -- Installing: /home/mrxiuer/project/毕设/demo/src/install/share/vrx_gazebo/environment/path.sh
[1.133s] -- Installing: /home/mrxiuer/project/毕设/demo/src/install/share/vrx_gazebo/environment/path.dsv
[1.133s] -- Installing: /home/mrxiuer/project/毕设/demo/src/install/share/vrx_gazebo/local_setup.bash
[1.133s] -- Installing: /home/mrxiuer/project/毕设/demo/src/install/share/vrx_gazebo/local_setup.sh
[1.133s] -- Installing: /home/mrxiuer/project/毕设/demo/src/install/share/vrx_gazebo/local_setup.zsh
[1.133s] -- Installing: /home/mrxiuer/project/毕设/demo/src/install/share/vrx_gazebo/local_setup.dsv
[1.133s] -- Installing: /home/mrxiuer/project/毕设/demo/src/install/share/vrx_gazebo/package.dsv
[1.133s] -- Installing: /home/mrxiuer/project/毕设/demo/src/install/share/ament_index/resource_index/packages/vrx_gazebo
[1.133s] -- Installing: /home/mrxiuer/project/毕设/demo/src/install/share/vrx_gazebo/cmake/vrx_gazeboConfig.cmake
[1.134s] -- Installing: /home/mrxiuer/project/毕设/demo/src/install/share/vrx_gazebo/cmake/vrx_gazeboConfig-version.cmake
[1.134s] -- Installing: /home/mrxiuer/project/毕设/demo/src/install/share/vrx_gazebo/package.xml
[1.136s] Invoked command in '/home/mrxiuer/project/毕设/demo/src/build/vrx_gazebo' returned '0': CMAKE_PREFIX_PATH=/opt/ros/humble /usr/bin/cmake --install /home/mrxiuer/project/毕设/demo/src/build/vrx_gazebo
