[  4%] Built target Waves
[  8%] Built target ScoringPlugin
[ 10%] [32mBuilding CXX object CMakeFiles/target_point_plugin.dir/src/target_point.cc.o[0m
[ 10%] Built target ament_cmake_python_copy_vrx_gz
[ 14%] Built target LightBuoyPlugin
[ 18%] Built target AcousticPingerPlugin
[ 32%] Built target WayfindingScoringPlugin
[ 36%] Built target AcousticPerceptionScoringPlugin
[ 40%] Built target PlacardPlugin
[ 46%] Built target AcousticTrackingScoringPlugin
[ 56%] Built target PerceptionScoringPlugin
[ 58%] Built target GymkhanaScoringPlugin
[ 56%] Built target NavigationScoringPlugin
[ 66%] Built target PolyhedraBuoyancyDrag
[ 66%] Built target StationkeepingScoringPlugin
[ 70%] Built target BallShooterPlugin
[ 74%] Built target PublisherPlugin
[ 82%] Built target ScanDockScoringPlugin
[ 82%] Built target SimpleHydrodynamics
[ 86%] Built target Surface
[ 90%] Built target WildlifeScoringPlugin
[ 98%] Built target USVWind
[ 98%] Built target WaveVisual
running egg_info
writing vrx_gz.egg-info/PKG-INFO
writing dependency_links to vrx_gz.egg-info/dependency_links.txt
writing top-level names to vrx_gz.egg-info/top_level.txt
reading manifest file 'vrx_gz.egg-info/SOURCES.txt'
writing manifest file 'vrx_gz.egg-info/SOURCES.txt'
[ 98%] Built target ament_cmake_python_build_vrx_gz_egg
