[0.008s] Invoking command in '/home/mrxiuer/project/毕设/demo/src/build/wamv_description': CMAKE_PREFIX_PATH=${CMAKE_PREFIX_PATH}:/opt/ros/humble GZ_SIM_RESOURCE_PATH=/home/mrxiuer/project/毕设/demo/src/install/share:${GZ_SIM_RESOURCE_PATH} /usr/bin/cmake /home/mrxiuer/project/毕设/demo/src/vrx/vrx_urdf/wamv_description -DCMAKE_INSTALL_PREFIX=/home/mrxiuer/project/毕设/demo/src/install
[0.059s] -- The C compiler identification is GNU 11.4.0
[0.110s] -- The CXX compiler identification is GNU 11.4.0
[0.117s] -- Detecting C compiler ABI info
[0.184s] -- Detecting C compiler ABI info - done
[0.189s] -- Check for working C compiler: /usr/bin/cc - skipped
[0.189s] -- Detecting C compile features
[0.190s] -- Detecting C compile features - done
[0.192s] -- Detecting CXX compiler ABI info
[0.269s] -- Detecting CXX compiler ABI info - done
[0.274s] -- Check for working CXX compiler: /usr/bin/c++ - skipped
[0.274s] -- Detecting CXX compile features
[0.275s] -- Detecting CXX compile features - done
[0.277s] -- Found ament_cmake: 1.3.11 (/opt/ros/humble/share/ament_cmake/cmake)
[0.404s] -- Found Python3: /usr/bin/python3 (found version "3.10.12") found components: Interpreter 
[0.481s] -- Found xacro: 2.0.8 (/opt/ros/humble/share/xacro/cmake)
[0.481s] -- xacro: determining deps for: urdf/wamv_base.urdf.xacro ...
[0.623s] -- Configuring done
[0.625s] -- Generating done
[0.627s] -- Build files have been written to: /home/mrxiuer/project/毕设/demo/src/build/wamv_description
[0.631s] Invoked command in '/home/mrxiuer/project/毕设/demo/src/build/wamv_description' returned '0': CMAKE_PREFIX_PATH=${CMAKE_PREFIX_PATH}:/opt/ros/humble GZ_SIM_RESOURCE_PATH=/home/mrxiuer/project/毕设/demo/src/install/share:${GZ_SIM_RESOURCE_PATH} /usr/bin/cmake /home/mrxiuer/project/毕设/demo/src/vrx/vrx_urdf/wamv_description -DCMAKE_INSTALL_PREFIX=/home/mrxiuer/project/毕设/demo/src/install
[0.632s] Invoking command in '/home/mrxiuer/project/毕设/demo/src/build/wamv_description': CMAKE_PREFIX_PATH=${CMAKE_PREFIX_PATH}:/opt/ros/humble GZ_SIM_RESOURCE_PATH=/home/mrxiuer/project/毕设/demo/src/install/share:${GZ_SIM_RESOURCE_PATH} /usr/bin/cmake --build /home/mrxiuer/project/毕设/demo/src/build/wamv_description -- -j16 -l16
[0.679s] [100%] [34m[1mxacro: generating urdf/wamv_base.urdf from urdf/wamv_base.urdf.xacro[0m
[0.766s] [100%] Built target wamv_description__xacro_auto_generate
[0.777s] Invoked command in '/home/mrxiuer/project/毕设/demo/src/build/wamv_description' returned '0': CMAKE_PREFIX_PATH=${CMAKE_PREFIX_PATH}:/opt/ros/humble GZ_SIM_RESOURCE_PATH=/home/mrxiuer/project/毕设/demo/src/install/share:${GZ_SIM_RESOURCE_PATH} /usr/bin/cmake --build /home/mrxiuer/project/毕设/demo/src/build/wamv_description -- -j16 -l16
[0.778s] Invoking command in '/home/mrxiuer/project/毕设/demo/src/build/wamv_description': CMAKE_PREFIX_PATH=${CMAKE_PREFIX_PATH}:/opt/ros/humble GZ_SIM_RESOURCE_PATH=/home/mrxiuer/project/毕设/demo/src/install/share:${GZ_SIM_RESOURCE_PATH} /usr/bin/cmake --install /home/mrxiuer/project/毕设/demo/src/build/wamv_description
[0.785s] -- Install configuration: ""
[0.785s] -- Installing: /home/mrxiuer/project/毕设/demo/src/install/share/wamv_description/environment/resource_paths.dsv
[0.785s] -- Installing: /home/mrxiuer/project/毕设/demo/src/install/share/wamv_description/environment/resource_paths.sh
[0.786s] -- Installing: /home/mrxiuer/project/毕设/demo/src/install/share/wamv_description/urdf/wamv_base.urdf
[0.786s] -- Installing: /home/mrxiuer/project/毕设/demo/src/install/share/wamv_description/models
[0.786s] -- Installing: /home/mrxiuer/project/毕设/demo/src/install/share/wamv_description/models/propeller
[0.786s] -- Installing: /home/mrxiuer/project/毕设/demo/src/install/share/wamv_description/models/propeller/mesh
[0.786s] -- Installing: /home/mrxiuer/project/毕设/demo/src/install/share/wamv_description/models/propeller/mesh/propeller.dae
[0.786s] -- Installing: /home/mrxiuer/project/毕设/demo/src/install/share/wamv_description/models/propeller/model.config
[0.786s] -- Installing: /home/mrxiuer/project/毕设/demo/src/install/share/wamv_description/models/WAM-V-Base
[0.786s] -- Installing: /home/mrxiuer/project/毕设/demo/src/install/share/wamv_description/models/WAM-V-Base/mesh
[0.786s] -- Installing: /home/mrxiuer/project/毕设/demo/src/install/share/wamv_description/models/WAM-V-Base/mesh/WamV.png
[0.788s] -- Installing: /home/mrxiuer/project/毕设/demo/src/install/share/wamv_description/models/WAM-V-Base/mesh/WAM-V_Metalness.png
[0.789s] -- Installing: /home/mrxiuer/project/毕设/demo/src/install/share/wamv_description/models/WAM-V-Base/mesh/WAM-V_Normal.png
[0.794s] -- Installing: /home/mrxiuer/project/毕设/demo/src/install/share/wamv_description/models/WAM-V-Base/mesh/WAM-V_Roughness.png
[0.797s] -- Installing: /home/mrxiuer/project/毕设/demo/src/install/share/wamv_description/models/WAM-V-Base/mesh/WAM-V-Base.dae
[0.798s] -- Installing: /home/mrxiuer/project/毕设/demo/src/install/share/wamv_description/models/WAM-V-Base/mesh/WAM-V_Albedo.png
[0.805s] -- Installing: /home/mrxiuer/project/毕设/demo/src/install/share/wamv_description/models/WAM-V-Base/model.config
[0.805s] -- Installing: /home/mrxiuer/project/毕设/demo/src/install/share/wamv_description/models/engine
[0.805s] -- Installing: /home/mrxiuer/project/毕设/demo/src/install/share/wamv_description/models/engine/mesh
[0.805s] -- Installing: /home/mrxiuer/project/毕设/demo/src/install/share/wamv_description/models/engine/mesh/engine.dae
[0.805s] -- Installing: /home/mrxiuer/project/毕设/demo/src/install/share/wamv_description/models/engine/model.config
[0.805s] -- Up-to-date: /home/mrxiuer/project/毕设/demo/src/install/share/wamv_description/urdf
[0.805s] -- Installing: /home/mrxiuer/project/毕设/demo/src/install/share/wamv_description/urdf/thrusters
[0.805s] -- Installing: /home/mrxiuer/project/毕设/demo/src/install/share/wamv_description/urdf/thrusters/engine.xacro
[0.805s] -- Installing: /home/mrxiuer/project/毕设/demo/src/install/share/wamv_description/urdf/wamv_base.urdf.xacro
[0.805s] -- Installing: /home/mrxiuer/project/毕设/demo/src/install/share/wamv_description/urdf/cpu_cases.xacro
[0.806s] -- Installing: /home/mrxiuer/project/毕设/demo/src/install/share/wamv_description/urdf/battery.xacro
[0.806s] -- Installing: /home/mrxiuer/project/毕设/demo/src/install/share/ament_index/resource_index/package_run_dependencies/wamv_description
[0.806s] -- Installing: /home/mrxiuer/project/毕设/demo/src/install/share/ament_index/resource_index/parent_prefix_path/wamv_description
[0.806s] -- Installing: /home/mrxiuer/project/毕设/demo/src/install/share/wamv_description/environment/ament_prefix_path.sh
[0.806s] -- Installing: /home/mrxiuer/project/毕设/demo/src/install/share/wamv_description/environment/ament_prefix_path.dsv
[0.806s] -- Installing: /home/mrxiuer/project/毕设/demo/src/install/share/wamv_description/environment/path.sh
[0.806s] -- Installing: /home/mrxiuer/project/毕设/demo/src/install/share/wamv_description/environment/path.dsv
[0.807s] -- Installing: /home/mrxiuer/project/毕设/demo/src/install/share/wamv_description/local_setup.bash
[0.807s] -- Installing: /home/mrxiuer/project/毕设/demo/src/install/share/wamv_description/local_setup.sh
[0.807s] -- Installing: /home/mrxiuer/project/毕设/demo/src/install/share/wamv_description/local_setup.zsh
[0.807s] -- Installing: /home/mrxiuer/project/毕设/demo/src/install/share/wamv_description/local_setup.dsv
[0.807s] -- Installing: /home/mrxiuer/project/毕设/demo/src/install/share/wamv_description/package.dsv
[0.807s] -- Installing: /home/mrxiuer/project/毕设/demo/src/install/share/ament_index/resource_index/packages/wamv_description
[0.807s] -- Installing: /home/mrxiuer/project/毕设/demo/src/install/share/wamv_description/cmake/wamv_descriptionConfig.cmake
[0.808s] -- Installing: /home/mrxiuer/project/毕设/demo/src/install/share/wamv_description/cmake/wamv_descriptionConfig-version.cmake
[0.808s] -- Installing: /home/mrxiuer/project/毕设/demo/src/install/share/wamv_description/package.xml
[0.810s] Invoked command in '/home/mrxiuer/project/毕设/demo/src/build/wamv_description' returned '0': CMAKE_PREFIX_PATH=${CMAKE_PREFIX_PATH}:/opt/ros/humble GZ_SIM_RESOURCE_PATH=/home/mrxiuer/project/毕设/demo/src/install/share:${GZ_SIM_RESOURCE_PATH} /usr/bin/cmake --install /home/mrxiuer/project/毕设/demo/src/build/wamv_description
