[  8%] Built target ScoringPlugin
[  8%] Built target Waves
[ 10%] [32mBuilding CXX object CMakeFiles/target_point_plugin.dir/src/target_point.cc.o[0m
[ 10%] Built target ament_cmake_python_copy_vrx_gz
[ 14%] Built target AcousticPingerPlugin
[ 26%] Built target LightBuoyPlugin
[ 30%] Built target GymkhanaScoringPlugin
[ 32%] Built target WayfindingScoringPlugin
[ 32%] Built target PerceptionScoringPlugin
[ 42%] Built target AcousticTrackingScoringPlugin
[ 44%] Built target PlacardPlugin
[ 48%] Built target StationkeepingScoringPlugin
[ 52%] Built target PublisherPlugin
[ 58%] Built target SimpleHydrodynamics
[ 60%] Built target BallShooterPlugin
[ 64%] Built target Surface
[ 68%] Built target ScanDockScoringPlugin
[ 72%] Built target NavigationScoringPlugin
[ 78%] Built target AcousticPerceptionScoringPlugin
[ 82%] Built target WildlifeScoringPlugin
[ 86%] Built target WaveVisual
[ 94%] Built target PolyhedraBuoyancyDrag
[ 98%] Built target USVWind
running egg_info
writing vrx_gz.egg-info/PKG-INFO
writing dependency_links to vrx_gz.egg-info/dependency_links.txt
writing top-level names to vrx_gz.egg-info/top_level.txt
reading manifest file 'vrx_gz.egg-info/SOURCES.txt'
writing manifest file 'vrx_gz.egg-info/SOURCES.txt'
[ 98%] Built target ament_cmake_python_build_vrx_gz_egg
