[0.008s] Invoking command in '/home/mrxiuer/project/毕设/demo/src/build/vrx_ros': CMAKE_PREFIX_PATH=${CMAKE_PREFIX_PATH}:/opt/ros/humble /usr/bin/cmake /home/mrxiuer/project/毕设/demo/src/vrx/vrx_ros -DCMAKE_INSTALL_PREFIX=/home/mrxiuer/project/毕设/demo/src/install
[0.057s] -- The C compiler identification is GNU 11.4.0
[0.106s] -- The CXX compiler identification is GNU 11.4.0
[0.113s] -- Detecting C compiler ABI info
[0.177s] -- Detecting C compiler ABI info - done
[0.183s] -- Check for working C compiler: /usr/bin/cc - skipped
[0.183s] -- Detecting C compile features
[0.183s] -- Detecting C compile features - done
[0.185s] -- Detecting CXX compiler ABI info
[0.259s] -- Detecting CXX compiler ABI info - done
[0.265s] -- Check for working CXX compiler: /usr/bin/c++ - skipped
[0.265s] -- Detecting CXX compile features
[0.265s] -- Detecting CXX compile features - done
[0.267s] -- Found ament_cmake: 1.3.11 (/opt/ros/humble/share/ament_cmake/cmake)
[0.393s] -- Found Python3: /usr/bin/python3 (found version "3.10.12") found components: Interpreter 
[0.469s] -- Found geometry_msgs: 4.2.4 (/opt/ros/humble/share/geometry_msgs/cmake)
[0.503s] -- Found rosidl_generator_c: 3.1.6 (/opt/ros/humble/share/rosidl_generator_c/cmake)
[0.508s] -- Found rosidl_adapter: 3.1.6 (/opt/ros/humble/share/rosidl_adapter/cmake)
[0.515s] -- Found rosidl_generator_cpp: 3.1.6 (/opt/ros/humble/share/rosidl_generator_cpp/cmake)
[0.525s] -- Using all available rosidl_typesupport_c: rosidl_typesupport_fastrtps_c;rosidl_typesupport_introspection_c
[0.538s] -- Using all available rosidl_typesupport_cpp: rosidl_typesupport_fastrtps_cpp;rosidl_typesupport_introspection_cpp
[0.569s] -- Looking for gz-msgs9 -- found version 9.5.1
[0.575s] -- Searching for dependencies of gz-msgs9
[0.739s] -- Found Protobuf: /usr/lib/x86_64-linux-gnu/libprotobuf.so (found version "3.12.4") 
[0.742s] -- Looking for gz-math7 -- found version 7.5.1
[0.742s] -- Searching for dependencies of gz-math7
[0.744s] -- Looking for gz-utils2 -- found version 2.2.1
[0.745s] -- Searching for dependencies of gz-utils2
[0.751s] -- Checking for module 'tinyxml2'
[0.765s] --   Found tinyxml2, version 9.0.0
[0.805s] -- Looking for gz-transport12 -- found version 12.2.2
[0.806s] -- Searching for dependencies of gz-transport12
[0.840s] -- Config-file not installed for ZeroMQ -- checking for pkg-config
[0.845s] -- Checking for module 'libzmq >= 4'
[0.860s] --   Found libzmq , version 4.3.4
[0.903s] -- Found ZeroMQ: TRUE (Required is at least version "4") 
[0.908s] -- Checking for module 'uuid'
[0.923s] --   Found uuid, version 2.37.2
[0.962s] -- Found UUID: TRUE  
[0.963s] -- Looking for gz-utils2 -- found version 2.2.1
[0.963s] -- Searching for dependencies of gz-utils2
[0.963s] -- Searching for <gz-utils2> component [cli]
[0.966s] -- Looking for gz-utils2-cli -- found version 2.2.1
[0.966s] -- Searching for dependencies of gz-utils2-cli
[0.967s] -- Looking for gz-msgs9 -- found version 9.5.1
[0.969s] -- Found rclcpp: 16.0.11 (/opt/ros/humble/share/rclcpp/cmake)
[1.001s] -- Found rmw_implementation_cmake: 6.1.2 (/opt/ros/humble/share/rmw_implementation_cmake/cmake)
[1.003s] -- Found rmw_fastrtps_cpp: 6.2.7 (/opt/ros/humble/share/rmw_fastrtps_cpp/cmake)
[1.098s] -- Found OpenSSL: /usr/lib/x86_64-linux-gnu/libcrypto.so (found version "3.0.2")  
[1.130s] -- Found FastRTPS: /opt/ros/humble/include  
[1.176s] -- Using RMW implementation 'rmw_fastrtps_cpp' as default
[1.184s] -- Found Threads: TRUE  
[1.215s] -- Found ros_gz_interfaces: 0.244.11 (/opt/ros/humble/share/ros_gz_interfaces/cmake)
[1.230s] -- Found sensor_msgs: 4.2.4 (/opt/ros/humble/share/sensor_msgs/cmake)
[1.243s] -- Found tf2: 0.25.12 (/opt/ros/humble/share/tf2/cmake)
[1.255s] -- Found tf2_msgs: 0.25.12 (/opt/ros/humble/share/tf2_msgs/cmake)
[1.288s] -- Found tf2_ros: 0.25.12 (/opt/ros/humble/share/tf2_ros/cmake)
[1.375s] -- Configuring done
[1.389s] -- Generating done
[1.393s] -- Build files have been written to: /home/mrxiuer/project/毕设/demo/src/build/vrx_ros
[1.404s] Invoked command in '/home/mrxiuer/project/毕设/demo/src/build/vrx_ros' returned '0': CMAKE_PREFIX_PATH=${CMAKE_PREFIX_PATH}:/opt/ros/humble /usr/bin/cmake /home/mrxiuer/project/毕设/demo/src/vrx/vrx_ros -DCMAKE_INSTALL_PREFIX=/home/mrxiuer/project/毕设/demo/src/install
[1.405s] Invoking command in '/home/mrxiuer/project/毕设/demo/src/build/vrx_ros': CMAKE_PREFIX_PATH=${CMAKE_PREFIX_PATH}:/opt/ros/humble /usr/bin/cmake --build /home/mrxiuer/project/毕设/demo/src/build/vrx_ros -- -j16 -l16
[1.455s] [ 25%] [32mBuilding CXX object CMakeFiles/pose_tf_broadcaster.dir/src/pose_tf_broadcaster.cc.o[0m
[1.455s] [ 50%] [32mBuilding CXX object CMakeFiles/optical_frame_publisher.dir/src/optical_frame_publisher.cc.o[0m
[8.060s] [ 75%] [32m[1mLinking CXX executable pose_tf_broadcaster[0m
[8.373s] [ 75%] Built target pose_tf_broadcaster
[10.560s] [100%] [32m[1mLinking CXX executable optical_frame_publisher[0m
[10.989s] [100%] Built target optical_frame_publisher
[11.000s] Invoked command in '/home/mrxiuer/project/毕设/demo/src/build/vrx_ros' returned '0': CMAKE_PREFIX_PATH=${CMAKE_PREFIX_PATH}:/opt/ros/humble /usr/bin/cmake --build /home/mrxiuer/project/毕设/demo/src/build/vrx_ros -- -j16 -l16
[11.001s] Invoking command in '/home/mrxiuer/project/毕设/demo/src/build/vrx_ros': CMAKE_PREFIX_PATH=${CMAKE_PREFIX_PATH}:/opt/ros/humble /usr/bin/cmake --install /home/mrxiuer/project/毕设/demo/src/build/vrx_ros
[11.008s] -- Install configuration: ""
[11.008s] -- Installing: /home/mrxiuer/project/毕设/demo/src/install/lib/vrx_ros/optical_frame_publisher
[11.013s] -- Set runtime path of "/home/mrxiuer/project/毕设/demo/src/install/lib/vrx_ros/optical_frame_publisher" to ""
[11.013s] -- Installing: /home/mrxiuer/project/毕设/demo/src/install/lib/vrx_ros/pose_tf_broadcaster
[11.017s] -- Set runtime path of "/home/mrxiuer/project/毕设/demo/src/install/lib/vrx_ros/pose_tf_broadcaster" to ""
[11.017s] -- Installing: /home/mrxiuer/project/毕设/demo/src/install/share/vrx_ros/launch
[11.017s] -- Installing: /home/mrxiuer/project/毕设/demo/src/install/share/vrx_ros/launch/monitor_sim.py
[11.017s] -- Installing: /home/mrxiuer/project/毕设/demo/src/install/share/ament_index/resource_index/package_run_dependencies/vrx_ros
[11.017s] -- Installing: /home/mrxiuer/project/毕设/demo/src/install/share/ament_index/resource_index/parent_prefix_path/vrx_ros
[11.017s] -- Installing: /home/mrxiuer/project/毕设/demo/src/install/share/vrx_ros/environment/ament_prefix_path.sh
[11.017s] -- Installing: /home/mrxiuer/project/毕设/demo/src/install/share/vrx_ros/environment/ament_prefix_path.dsv
[11.017s] -- Installing: /home/mrxiuer/project/毕设/demo/src/install/share/vrx_ros/environment/path.sh
[11.018s] -- Installing: /home/mrxiuer/project/毕设/demo/src/install/share/vrx_ros/environment/path.dsv
[11.018s] -- Installing: /home/mrxiuer/project/毕设/demo/src/install/share/vrx_ros/local_setup.bash
[11.018s] -- Installing: /home/mrxiuer/project/毕设/demo/src/install/share/vrx_ros/local_setup.sh
[11.018s] -- Installing: /home/mrxiuer/project/毕设/demo/src/install/share/vrx_ros/local_setup.zsh
[11.018s] -- Installing: /home/mrxiuer/project/毕设/demo/src/install/share/vrx_ros/local_setup.dsv
[11.018s] -- Installing: /home/mrxiuer/project/毕设/demo/src/install/share/vrx_ros/package.dsv
[11.018s] -- Installing: /home/mrxiuer/project/毕设/demo/src/install/share/ament_index/resource_index/packages/vrx_ros
[11.018s] -- Installing: /home/mrxiuer/project/毕设/demo/src/install/share/vrx_ros/cmake/vrx_rosConfig.cmake
[11.019s] -- Installing: /home/mrxiuer/project/毕设/demo/src/install/share/vrx_ros/cmake/vrx_rosConfig-version.cmake
[11.019s] -- Installing: /home/mrxiuer/project/毕设/demo/src/install/share/vrx_ros/package.xml
[11.021s] Invoked command in '/home/mrxiuer/project/毕设/demo/src/build/vrx_ros' returned '0': CMAKE_PREFIX_PATH=${CMAKE_PREFIX_PATH}:/opt/ros/humble /usr/bin/cmake --install /home/mrxiuer/project/毕设/demo/src/build/vrx_ros
