[0.010s] Invoking command in '/home/mrxiuer/project/毕设/demo/src/build/vrx_gz': CMAKE_PREFIX_PATH=${CMAKE_PREFIX_PATH}:/opt/ros/humble LD_LIBRARY_PATH=/home/mrxiuer/project/毕设/demo/src/install/lib:/usr/local/lib:/opt/ros/humble/opt/rviz_ogre_vendor/lib:/opt/ros/humble/lib/x86_64-linux-gnu:/opt/ros/humble/lib /usr/bin/cmake --build /home/mrxiuer/project/毕设/demo/src/build/vrx_gz -- -j16 -l16
[0.035s] -- Found ament_cmake: 1.3.11 (/opt/ros/humble/share/ament_cmake/cmake)
[0.141s] -- Looking for gz-sim7 -- found version 7.9.0
[0.145s] -- Searching for dependencies of gz-sim7
[0.146s] -- Looking for sdformat13 -- found version 13.9.0
[0.146s] -- Searching for dependencies of sdformat13
[0.151s] -- Checking for module 'tinyxml2'
[0.165s] --   Found tinyxml2, version 9.0.0
[0.205s] -- Looking for gz-math7 -- found version 7.5.1
[0.205s] -- Searching for dependencies of gz-math7
[0.205s] -- Looking for gz-utils2 -- found version 2.2.1
[0.205s] -- Searching for dependencies of gz-utils2
[0.206s] -- Looking for gz-utils2 -- found version 2.2.1
[0.206s] -- Searching for dependencies of gz-utils2
[0.206s] -- Searching for <gz-utils2> component [cli]
[0.207s] -- Looking for gz-utils2-cli -- found version 2.2.1
[0.207s] -- Searching for dependencies of gz-utils2-cli
[0.208s] -- Looking for gz-plugin2 -- found version 2.0.4
[0.208s] -- Searching for dependencies of gz-plugin2
[0.209s] -- Looking for gz-utils2 -- found version 2.2.1
[0.209s] -- Searching for <gz-plugin2> component [loader]
[0.209s] -- Looking for gz-plugin2-loader -- found version 2.0.4
[0.210s] -- Searching for dependencies of gz-plugin2-loader
[0.210s] -- Searching for <gz-plugin2> component [register]
[0.210s] -- Looking for gz-plugin2-register -- found version 2.0.4
[0.211s] -- Searching for dependencies of gz-plugin2-register
[0.212s] -- Looking for gz-transport12 -- found version 12.2.2
[0.212s] -- Searching for dependencies of gz-transport12
[0.249s] -- Config-file not installed for ZeroMQ -- checking for pkg-config
[0.255s] -- Checking for module 'libzmq >= 4'
[0.271s] --   Found libzmq , version 4.3.4
[0.321s] -- Checking for module 'uuid'
[0.337s] --   Found uuid, version 2.37.2
[0.378s] -- Looking for gz-utils2 -- found version 2.2.1
[0.379s] -- Looking for gz-msgs9 -- found version 9.5.1
[0.379s] -- Searching for dependencies of gz-msgs9
[0.400s] -- Looking for gz-math7 -- found version 7.5.1
[0.407s] -- Searching for <gz-transport12> component [log]
[0.407s] -- Looking for gz-transport12-log -- found version 12.2.2
[0.407s] -- Searching for dependencies of gz-transport12-log
[0.409s] -- Searching for <gz-transport12> component [parameters]
[0.409s] -- Looking for gz-transport12-parameters -- found version 12.2.2
[0.409s] -- Searching for dependencies of gz-transport12-parameters
[0.409s] -- Looking for gz-msgs9 -- found version 9.5.1
[0.409s] -- Looking for gz-common5 -- found version 5.7.1
[0.409s] -- Searching for dependencies of gz-common5
[0.409s] -- Looking for gz-utils2 -- found version 2.2.1
[0.409s] -- Looking for dlfcn.h - found
[0.409s] -- Looking for libdl - found
[0.418s] -- Searching for <gz-common5> component [profiler]
[0.418s] -- Looking for gz-common5-profiler -- found version 5.7.1
[0.418s] -- Searching for dependencies of gz-common5-profiler
[0.418s] -- Searching for <gz-common5> component [events]
[0.420s] -- Looking for gz-common5-events -- found version 5.7.1
[0.420s] -- Searching for dependencies of gz-common5-events
[0.420s] -- Looking for gz-math7 -- found version 7.5.1
[0.420s] -- Searching for <gz-common5> component [av]
[0.420s] -- Looking for gz-common5-av -- found version 5.7.1
[0.420s] -- Searching for dependencies of gz-common5-av
[0.426s] -- Checking for module 'libswscale'
[0.442s] --   Found libswscale, version 5.9.100
[0.491s] -- Checking for module 'libavdevice >= 56.4.100'
[0.509s] --   Found libavdevice , version 58.13.100
[0.564s] -- Checking for module 'libavformat'
[0.582s] --   Found libavformat, version 58.76.100
[0.635s] -- Checking for module 'libavcodec'
[0.653s] --   Found libavcodec, version 58.134.100
[0.705s] -- Checking for module 'libavutil'
[0.722s] --   Found libavutil, version 56.70.100
[0.765s] -- Searching for <gz-common5> component [io]
[0.766s] -- Looking for gz-common5-io -- found version 5.7.1
[0.766s] -- Searching for dependencies of gz-common5-io
[0.767s] -- Looking for gz-fuel_tools8 -- found version 8.2.0
[0.767s] -- Searching for dependencies of gz-fuel_tools8
[0.824s] -- Checking for module 'jsoncpp'
[0.841s] --   Found jsoncpp, version 1.9.5
[0.895s] -- Checking for module 'libzip'
[0.913s] --   Found libzip, version 1.7.3
[0.959s] -- Looking for gz-utils2 -- found version 2.2.1
[0.960s] -- Looking for gz-common5 -- found version 5.7.1
[0.960s] -- Searching for dependencies of gz-common5
[0.960s] -- Looking for gz-utils2 -- found version 2.2.1
[0.960s] -- Looking for dlfcn.h - found
[0.960s] -- Looking for libdl - found
[0.968s] -- Searching for <gz-common5> component [testing]
[0.969s] -- Looking for gz-common5-testing -- found version 5.7.1
[0.969s] -- Searching for dependencies of gz-common5-testing
[0.970s] -- Looking for gz-math7 -- found version 7.5.1
[0.970s] -- Looking for gz-msgs9 -- found version 9.5.1
[0.971s] -- Looking for gz-gui7 -- found version 7.2.2
[0.972s] -- Searching for dependencies of gz-gui7
[1.000s] -- Looking for gz-utils2 -- found version 2.2.1
[1.001s] -- Looking for gz-math7 -- found version 7.5.1
[1.001s] -- Looking for gz-common5 -- found version 5.7.1
[1.001s] -- Looking for gz-plugin2 -- found version 2.0.4
[1.001s] -- Looking for gz-transport12 -- found version 12.2.2
[1.002s] -- Looking for gz-rendering7 -- found version 7.5.0
[1.002s] -- Searching for dependencies of gz-rendering7
[1.002s] -- Looking for gz-math7 -- found version 7.5.1
[1.003s] -- Searching for dependencies of gz-math7
[1.003s] -- Looking for gz-utils2 -- found version 2.2.1
[1.003s] -- Searching for <gz-math7> component [eigen3]
[1.004s] -- Looking for gz-math7-eigen3 -- found version 7.5.1
[1.004s] -- Searching for dependencies of gz-math7-eigen3
[1.005s] -- Looking for gz-common5 -- found version 5.7.1
[1.005s] -- Searching for dependencies of gz-common5
[1.006s] -- Looking for gz-utils2 -- found version 2.2.1
[1.006s] -- Looking for dlfcn.h - found
[1.006s] -- Looking for libdl - found
[1.013s] -- Searching for <gz-common5> component [graphics]
[1.013s] -- Looking for gz-common5-graphics -- found version 5.7.1
[1.014s] -- Searching for dependencies of gz-common5-graphics
[1.014s] -- Looking for gz-math7 -- found version 7.5.1
[1.016s] -- Searching for <gz-common5> component [events]
[1.017s] -- Searching for <gz-common5> component [geospatial]
[1.017s] -- Looking for gz-common5-geospatial -- found version 5.7.1
[1.017s] -- Searching for dependencies of gz-common5-geospatial
[1.018s] -- Looking for gz-math7 -- found version 7.5.1
[1.018s] -- Looking for gz-common5 -- found version 5.7.1
[1.019s] -- Looking for gz-plugin2 -- found version 2.0.4
[1.019s] -- Searching for dependencies of gz-plugin2
[1.019s] -- Looking for gz-utils2 -- found version 2.2.1
[1.019s] -- Searching for <gz-plugin2> component [all]
[1.019s] -- Looking for all libraries of gz-plugin2 -- found version 2.0.4
[1.020s] -- Looking for gz-plugin2 -- found version 2.0.4
[1.021s] -- Looking for gz-utils2 -- found version 2.2.1
[1.023s] -- Looking for gz-msgs9 -- found version 9.5.1
[1.036s] -- Looking for gz-physics6 -- found version 6.7.0
[1.036s] -- Searching for dependencies of gz-physics6
[1.036s] -- Looking for gz-common5 -- found version 5.7.1
[1.036s] -- Looking for gz-math7 -- found version 7.5.1
[1.037s] -- Looking for gz-plugin2 -- found version 2.0.4
[1.037s] -- Looking for gz-utils2 -- found version 2.2.1
[1.038s] -- Searching for <gz-physics6> component [heightmap]
[1.038s] -- Looking for gz-physics6-heightmap -- found version 6.7.0
[1.038s] -- Searching for dependencies of gz-physics6-heightmap
[1.039s] -- Looking for gz-common5 -- found version 5.7.1
[1.039s] -- Searching for <gz-physics6> component [mesh]
[1.039s] -- Looking for gz-physics6-mesh -- found version 6.7.0
[1.039s] -- Searching for dependencies of gz-physics6-mesh
[1.040s] -- Looking for gz-common5 -- found version 5.7.1
[1.040s] -- Searching for <gz-physics6> component [sdf]
[1.040s] -- Looking for gz-physics6-sdf -- found version 6.7.0
[1.041s] -- Searching for dependencies of gz-physics6-sdf
[1.041s] -- Looking for sdformat13 -- found version 13.9.0
[1.042s] -- Looking for gz-sensors7 -- found version 7.3.1
[1.042s] -- Searching for dependencies of gz-sensors7
[1.063s] -- Looking for gz-math7 -- found version 7.5.1
[1.063s] -- Looking for gz-common5 -- found version 5.7.1
[1.064s] -- Looking for gz-transport12 -- found version 12.2.2
[1.064s] -- Looking for gz-rendering7 -- found version 7.5.0
[1.064s] -- Looking for gz-msgs9 -- found version 9.5.1
[1.064s] -- Looking for sdformat13 -- found version 13.9.0
[1.065s] -- Searching for <gz-sensors7> component [air_pressure]
[1.065s] -- Looking for gz-sensors7-air_pressure -- found version 7.3.1
[1.066s] -- Searching for dependencies of gz-sensors7-air_pressure
[1.066s] -- Searching for <gz-sensors7> component [air_speed]
[1.066s] -- Looking for gz-sensors7-air_speed -- found version 7.3.1
[1.067s] -- Searching for dependencies of gz-sensors7-air_speed
[1.067s] -- Searching for <gz-sensors7> component [altimeter]
[1.067s] -- Looking for gz-sensors7-altimeter -- found version 7.3.1
[1.068s] -- Searching for dependencies of gz-sensors7-altimeter
[1.068s] -- Searching for <gz-sensors7> component [imu]
[1.068s] -- Looking for gz-sensors7-imu -- found version 7.3.1
[1.069s] -- Searching for dependencies of gz-sensors7-imu
[1.069s] -- Searching for <gz-sensors7> component [force_torque]
[1.069s] -- Looking for gz-sensors7-force_torque -- found version 7.3.1
[1.070s] -- Searching for dependencies of gz-sensors7-force_torque
[1.070s] -- Searching for <gz-sensors7> component [logical_camera]
[1.070s] -- Looking for gz-sensors7-logical_camera -- found version 7.3.1
[1.071s] -- Searching for dependencies of gz-sensors7-logical_camera
[1.071s] -- Searching for <gz-sensors7> component [magnetometer]
[1.071s] -- Looking for gz-sensors7-magnetometer -- found version 7.3.1
[1.072s] -- Searching for dependencies of gz-sensors7-magnetometer
[1.072s] -- Searching for <gz-sensors7> component [navsat]
[1.072s] -- Looking for gz-sensors7-navsat -- found version 7.3.1
[1.073s] -- Searching for dependencies of gz-sensors7-navsat
[1.073s] -- Searching for <gz-sensors7> component [rendering]
[1.073s] -- Looking for gz-sensors7-rendering -- found version 7.3.1
[1.073s] -- Searching for dependencies of gz-sensors7-rendering
[1.074s] -- Searching for <gz-sensors7> component [lidar]
[1.074s] -- Looking for gz-sensors7-lidar -- found version 7.3.1
[1.074s] -- Searching for dependencies of gz-sensors7-lidar
[1.075s] -- Looking for gz-sensors7 -- found version 7.3.1
[1.075s] -- Searching for <gz-sensors7> component [gpu_lidar]
[1.076s] -- Looking for gz-sensors7-gpu_lidar -- found version 7.3.1
[1.076s] -- Searching for dependencies of gz-sensors7-gpu_lidar
[1.076s] -- Looking for gz-sensors7 -- found version 7.3.1
[1.077s] -- Searching for <gz-sensors7> component [camera]
[1.077s] -- Looking for gz-sensors7-camera -- found version 7.3.1
[1.077s] -- Searching for dependencies of gz-sensors7-camera
[1.078s] -- Looking for gz-sensors7 -- found version 7.3.1
[1.078s] -- Searching for <gz-sensors7> component [boundingbox_camera]
[1.078s] -- Looking for gz-sensors7-boundingbox_camera -- found version 7.3.1
[1.079s] -- Searching for dependencies of gz-sensors7-boundingbox_camera
[1.079s] -- Searching for <gz-sensors7> component [segmentation_camera]
[1.079s] -- Looking for gz-sensors7-segmentation_camera -- found version 7.3.1
[1.080s] -- Searching for dependencies of gz-sensors7-segmentation_camera
[1.080s] -- Searching for <gz-sensors7> component [depth_camera]
[1.080s] -- Looking for gz-sensors7-depth_camera -- found version 7.3.1
[1.081s] -- Searching for dependencies of gz-sensors7-depth_camera
[1.081s] -- Looking for gz-sensors7 -- found version 7.3.1
[1.081s] -- Searching for <gz-sensors7> component [rgbd_camera]
[1.082s] -- Looking for gz-sensors7-rgbd_camera -- found version 7.3.1
[1.082s] -- Searching for dependencies of gz-sensors7-rgbd_camera
[1.082s] -- Looking for gz-sensors7 -- found version 7.3.1
[1.082s] -- Searching for <gz-sensors7> component [thermal_camera]
[1.083s] -- Looking for gz-sensors7-thermal_camera -- found version 7.3.1
[1.083s] -- Searching for dependencies of gz-sensors7-thermal_camera
[1.083s] -- Looking for gz-sensors7 -- found version 7.3.1
[1.084s] -- Searching for <gz-sensors7> component [wide_angle_camera]
[1.084s] -- Looking for gz-sensors7-wide_angle_camera -- found version 7.3.1
[1.084s] -- Searching for dependencies of gz-sensors7-wide_angle_camera
[1.085s] -- Looking for gz-rendering7 -- found version 7.5.0
[1.085s] -- Looking for gz-math7 -- found version 7.5.1
[1.086s] -- Looking for gz-utils2 -- found version 2.2.1
[1.108s] -- Looking for gz-common5 -- found version 5.7.1
[1.108s] -- Looking for gz-fuel_tools8 -- found version 8.2.0
[1.108s] -- Looking for gz-math7 -- found version 7.5.1
[1.109s] -- Looking for gz-msgs9 -- found version 9.5.1
[1.109s] -- Looking for gz-transport12 -- found version 12.2.2
[1.109s] -- Looking for gz-plugin2 -- found version 2.0.4
[1.110s] -- Looking for gz-rendering7 -- found version 7.5.0
[1.110s] -- Looking for gz-sensors7 -- found version 7.3.1
[1.110s] -- Looking for gz-utils2 -- found version 2.2.1
[1.111s] -- Looking for sdformat13 -- found version 13.9.0
[1.111s] -- Found std_msgs: 4.2.4 (/opt/ros/humble/share/std_msgs/cmake)
[1.126s] -- Found rosidl_generator_c: 3.1.6 (/opt/ros/humble/share/rosidl_generator_c/cmake)
[1.128s] -- Found rosidl_adapter: 3.1.6 (/opt/ros/humble/share/rosidl_adapter/cmake)
[1.133s] -- Found rosidl_generator_cpp: 3.1.6 (/opt/ros/humble/share/rosidl_generator_cpp/cmake)
[1.140s] -- Using all available rosidl_typesupport_c: rosidl_typesupport_fastrtps_c;rosidl_typesupport_introspection_c
[1.150s] -- Using all available rosidl_typesupport_cpp: rosidl_typesupport_fastrtps_cpp;rosidl_typesupport_introspection_cpp
[1.286s] -- Looking for gz-rendering7 -- found version 7.5.0
[1.286s] -- Looking for gz-transport12 -- found version 12.2.2
[1.286s] -- Looking for gz-msgs9 -- found version 9.5.1
[1.287s] -- Configuring done
[1.394s] -- Generating done
[1.415s] -- Build files have been written to: /home/mrxiuer/project/毕设/demo/src/build/vrx_gz
[1.451s] [35m[1mConsolidate compiler generated dependencies of target ScoringPlugin[0m
[1.451s] [35m[1mConsolidate compiler generated dependencies of target Waves[0m
[1.451s] [35m[1mConsolidate compiler generated dependencies of target target_point_plugin[0m
[1.470s] [  4%] Built target ament_cmake_python_copy_vrx_gz
[1.470s] [  8%] Built target Waves
[1.470s] [  8%] Built target ScoringPlugin
[1.470s] [ 10%] [32mBuilding CXX object CMakeFiles/target_point_plugin.dir/src/target_point.cc.o[0m
[1.485s] [35m[1mConsolidate compiler generated dependencies of target GymkhanaScoringPlugin[0m
[1.488s] [35m[1mConsolidate compiler generated dependencies of target BallShooterPlugin[0m
[1.488s] [35m[1mConsolidate compiler generated dependencies of target PerceptionScoringPlugin[0m
[1.488s] [35m[1mConsolidate compiler generated dependencies of target AcousticPingerPlugin[0m
[1.488s] [35m[1mConsolidate compiler generated dependencies of target NavigationScoringPlugin[0m
[1.488s] [35m[1mConsolidate compiler generated dependencies of target StationkeepingScoringPlugin[0m
[1.488s] [35m[1mConsolidate compiler generated dependencies of target AcousticTrackingScoringPlugin[0m
[1.489s] [35m[1mConsolidate compiler generated dependencies of target PlacardPlugin[0m
[1.489s] [35m[1mConsolidate compiler generated dependencies of target WayfindingScoringPlugin[0m
[1.489s] [35m[1mConsolidate compiler generated dependencies of target LightBuoyPlugin[0m
[1.490s] [35m[1mConsolidate compiler generated dependencies of target AcousticPerceptionScoringPlugin[0m
[1.492s] [35m[1mConsolidate compiler generated dependencies of target PublisherPlugin[0m
[1.498s] [35m[1mConsolidate compiler generated dependencies of target ScanDockScoringPlugin[0m
[1.499s] [35m[1mConsolidate compiler generated dependencies of target SimpleHydrodynamics[0m
[1.505s] [35m[1mConsolidate compiler generated dependencies of target Surface[0m
[1.519s] [ 22%] Built target PerceptionScoringPlugin
[1.519s] [ 22%] Built target GymkhanaScoringPlugin
[1.519s] [ 22%] Built target PlacardPlugin
[1.521s] [ 26%] Built target AcousticPingerPlugin
[1.524s] [ 30%] Built target LightBuoyPlugin
[1.530s] [ 38%] Built target AcousticTrackingScoringPlugin
[1.530s] [ 42%] Built target NavigationScoringPlugin
[1.530s] [ 46%] Built target BallShooterPlugin
[1.531s] [ 52%] Built target AcousticPerceptionScoringPlugin
[1.531s] [ 58%] Built target StationkeepingScoringPlugin
[1.531s] [ 62%] Built target Surface
[1.531s] [ 66%] Built target SimpleHydrodynamics
[1.531s] [ 70%] Built target ScanDockScoringPlugin
[1.531s] [ 78%] Built target WayfindingScoringPlugin
[1.531s] [ 78%] Built target PublisherPlugin
[1.536s] [35m[1mConsolidate compiler generated dependencies of target WildlifeScoringPlugin[0m
[1.536s] [35m[1mConsolidate compiler generated dependencies of target WaveVisual[0m
[1.537s] [35m[1mConsolidate compiler generated dependencies of target USVWind[0m
[1.541s] [35m[1mConsolidate compiler generated dependencies of target PolyhedraBuoyancyDrag[0m
[1.558s] [ 82%] Built target WildlifeScoringPlugin
[1.560s] [ 86%] Built target WaveVisual
[1.566s] [ 90%] Built target USVWind
[1.569s] [ 98%] Built target PolyhedraBuoyancyDrag
[1.773s] running egg_info
[1.773s] writing vrx_gz.egg-info/PKG-INFO
[1.774s] writing dependency_links to vrx_gz.egg-info/dependency_links.txt
[1.774s] writing top-level names to vrx_gz.egg-info/top_level.txt
[1.775s] reading manifest file 'vrx_gz.egg-info/SOURCES.txt'
[1.776s] writing manifest file 'vrx_gz.egg-info/SOURCES.txt'
[1.807s] [ 98%] Built target ament_cmake_python_build_vrx_gz_egg
[1.900s] [01m[K/home/mrxiuer/project/毕设/demo/src/vrx/vrx_gz/src/target_point.cc:115:10:[m[K [01;31m[Kfatal error: [m[Kpluginlib/class_list_macros.h: No such file or directory
[1.900s]   115 | #include [01;31m[K<pluginlib/class_list_macros.h>[m[K
[1.900s]       |          [01;31m[K^~~~~~~~~~~~~~~~~~~~~~~~~~~~~~~[m[K
[1.900s] compilation terminated.
[1.911s] gmake[2]: *** [CMakeFiles/target_point_plugin.dir/build.make:76: CMakeFiles/target_point_plugin.dir/src/target_point.cc.o] Error 1
[1.912s] gmake[1]: *** [CMakeFiles/Makefile2:794: CMakeFiles/target_point_plugin.dir/all] Error 2
[1.912s] gmake: *** [Makefile:146: all] Error 2
[1.915s] Invoked command in '/home/mrxiuer/project/毕设/demo/src/build/vrx_gz' returned '2': CMAKE_PREFIX_PATH=${CMAKE_PREFIX_PATH}:/opt/ros/humble LD_LIBRARY_PATH=/home/mrxiuer/project/毕设/demo/src/install/lib:/usr/local/lib:/opt/ros/humble/opt/rviz_ogre_vendor/lib:/opt/ros/humble/lib/x86_64-linux-gnu:/opt/ros/humble/lib /usr/bin/cmake --build /home/mrxiuer/project/毕设/demo/src/build/vrx_gz -- -j16 -l16
