[0.112s] DEBUG:colcon:Command line arguments: ['/usr/bin/colcon', 'build', '--merge-install']
[0.112s] DEBUG:colcon:Parsed command line arguments: Namespace(log_base=None, log_level=None, verb_name='build', build_base='build', install_base='install', merge_install=True, symlink_install=False, test_result_base=None, continue_on_error=False, executor='parallel', parallel_workers=16, event_handlers=None, ignore_user_meta=False, metas=['./colcon.meta'], base_paths=['.'], packages_ignore=None, packages_ignore_regex=None, paths=None, packages_up_to=None, packages_up_to_regex=None, packages_above=None, packages_above_and_dependencies=None, packages_above_depth=None, packages_select_by_dep=None, packages_skip_by_dep=None, packages_skip_up_to=None, packages_select_build_failed=False, packages_skip_build_finished=False, packages_select_test_failures=False, packages_skip_test_passed=False, packages_select=None, packages_skip=None, packages_select_regex=None, packages_skip_regex=None, packages_start=None, packages_end=None, allow_overriding=[], cmake_args=None, cmake_target=None, cmake_target_skip_unavailable=False, cmake_clean_cache=False, cmake_clean_first=False, cmake_force_configure=False, ament_cmake_args=None, catkin_cmake_args=None, catkin_skip_building_tests=False, mixin_files=None, mixin=None, verb_parser=<colcon_mixin.mixin.mixin_argument.MixinArgumentDecorator object at 0x7a5ad686f550>, verb_extension=<colcon_core.verb.build.BuildVerb object at 0x7a5ad69b84c0>, main=<bound method BuildVerb.main of <colcon_core.verb.build.BuildVerb object at 0x7a5ad69b84c0>>, mixin_verb=('build',))
[0.278s] Level 1:colcon.colcon_core.package_discovery:discover_packages(colcon_meta) check parameters
[0.278s] Level 1:colcon.colcon_core.package_discovery:discover_packages(recursive) check parameters
[0.278s] Level 1:colcon.colcon_core.package_discovery:discover_packages(ignore) check parameters
[0.278s] Level 1:colcon.colcon_core.package_discovery:discover_packages(path) check parameters
[0.278s] Level 1:colcon.colcon_core.package_discovery:discover_packages(colcon_meta) discover
[0.278s] Level 1:colcon.colcon_core.package_discovery:discover_packages(recursive) discover
[0.278s] INFO:colcon.colcon_core.package_discovery:Crawling recursively for packages in '/home/mrxiuer/project/毕设/demo/src'
[0.278s] Level 1:colcon.colcon_core.package_identification:_identify(.) by extensions ['ignore', 'ignore_ament_install']
[0.278s] Level 1:colcon.colcon_core.package_identification:_identify(.) by extension 'ignore'
[0.278s] Level 1:colcon.colcon_core.package_identification:_identify(.) by extension 'ignore_ament_install'
[0.278s] Level 1:colcon.colcon_core.package_identification:_identify(.) by extensions ['colcon_pkg']
[0.278s] Level 1:colcon.colcon_core.package_identification:_identify(.) by extension 'colcon_pkg'
[0.278s] Level 1:colcon.colcon_core.package_identification:_identify(.) by extensions ['colcon_meta']
[0.278s] Level 1:colcon.colcon_core.package_identification:_identify(.) by extension 'colcon_meta'
[0.278s] Level 1:colcon.colcon_core.package_identification:_identify(.) by extensions ['ros']
[0.279s] Level 1:colcon.colcon_core.package_identification:_identify(.) by extension 'ros'
[0.296s] Level 1:colcon.colcon_core.package_identification:_identify(.) by extensions ['cmake', 'python']
[0.296s] Level 1:colcon.colcon_core.package_identification:_identify(.) by extension 'cmake'
[0.296s] Level 1:colcon.colcon_core.package_identification:_identify(.) by extension 'python'
[0.296s] Level 1:colcon.colcon_core.package_identification:_identify(.) by extensions ['python_setup_py']
[0.296s] Level 1:colcon.colcon_core.package_identification:_identify(.) by extension 'python_setup_py'
[0.296s] Level 1:colcon.colcon_core.package_identification:_identify(build) by extensions ['ignore', 'ignore_ament_install']
[0.296s] Level 1:colcon.colcon_core.package_identification:_identify(build) by extension 'ignore'
[0.296s] Level 1:colcon.colcon_core.package_identification:_identify(build) ignored
[0.296s] Level 1:colcon.colcon_core.package_identification:_identify(install) by extensions ['ignore', 'ignore_ament_install']
[0.296s] Level 1:colcon.colcon_core.package_identification:_identify(install) by extension 'ignore'
[0.296s] Level 1:colcon.colcon_core.package_identification:_identify(install) ignored
[0.296s] Level 1:colcon.colcon_core.package_identification:_identify(log) by extensions ['ignore', 'ignore_ament_install']
[0.297s] Level 1:colcon.colcon_core.package_identification:_identify(log) by extension 'ignore'
[0.297s] Level 1:colcon.colcon_core.package_identification:_identify(log) ignored
[0.297s] Level 1:colcon.colcon_core.package_identification:_identify(vrx) by extensions ['ignore', 'ignore_ament_install']
[0.297s] Level 1:colcon.colcon_core.package_identification:_identify(vrx) by extension 'ignore'
[0.297s] Level 1:colcon.colcon_core.package_identification:_identify(vrx) by extension 'ignore_ament_install'
[0.297s] Level 1:colcon.colcon_core.package_identification:_identify(vrx) by extensions ['colcon_pkg']
[0.297s] Level 1:colcon.colcon_core.package_identification:_identify(vrx) by extension 'colcon_pkg'
[0.297s] Level 1:colcon.colcon_core.package_identification:_identify(vrx) by extensions ['colcon_meta']
[0.297s] Level 1:colcon.colcon_core.package_identification:_identify(vrx) by extension 'colcon_meta'
[0.297s] Level 1:colcon.colcon_core.package_identification:_identify(vrx) by extensions ['ros']
[0.297s] Level 1:colcon.colcon_core.package_identification:_identify(vrx) by extension 'ros'
[0.297s] Level 1:colcon.colcon_core.package_identification:_identify(vrx) by extensions ['cmake', 'python']
[0.297s] Level 1:colcon.colcon_core.package_identification:_identify(vrx) by extension 'cmake'
[0.297s] Level 1:colcon.colcon_core.package_identification:_identify(vrx) by extension 'python'
[0.297s] Level 1:colcon.colcon_core.package_identification:_identify(vrx) by extensions ['python_setup_py']
[0.297s] Level 1:colcon.colcon_core.package_identification:_identify(vrx) by extension 'python_setup_py'
[0.297s] Level 1:colcon.colcon_core.package_identification:_identify(vrx/images) by extensions ['ignore', 'ignore_ament_install']
[0.297s] Level 1:colcon.colcon_core.package_identification:_identify(vrx/images) by extension 'ignore'
[0.297s] Level 1:colcon.colcon_core.package_identification:_identify(vrx/images) by extension 'ignore_ament_install'
[0.297s] Level 1:colcon.colcon_core.package_identification:_identify(vrx/images) by extensions ['colcon_pkg']
[0.297s] Level 1:colcon.colcon_core.package_identification:_identify(vrx/images) by extension 'colcon_pkg'
[0.297s] Level 1:colcon.colcon_core.package_identification:_identify(vrx/images) by extensions ['colcon_meta']
[0.297s] Level 1:colcon.colcon_core.package_identification:_identify(vrx/images) by extension 'colcon_meta'
[0.297s] Level 1:colcon.colcon_core.package_identification:_identify(vrx/images) by extensions ['ros']
[0.297s] Level 1:colcon.colcon_core.package_identification:_identify(vrx/images) by extension 'ros'
[0.298s] Level 1:colcon.colcon_core.package_identification:_identify(vrx/images) by extensions ['cmake', 'python']
[0.298s] Level 1:colcon.colcon_core.package_identification:_identify(vrx/images) by extension 'cmake'
[0.298s] Level 1:colcon.colcon_core.package_identification:_identify(vrx/images) by extension 'python'
[0.298s] Level 1:colcon.colcon_core.package_identification:_identify(vrx/images) by extensions ['python_setup_py']
[0.298s] Level 1:colcon.colcon_core.package_identification:_identify(vrx/images) by extension 'python_setup_py'
[0.298s] Level 1:colcon.colcon_core.package_identification:_identify(vrx/lstm_model_save) by extensions ['ignore', 'ignore_ament_install']
[0.298s] Level 1:colcon.colcon_core.package_identification:_identify(vrx/lstm_model_save) by extension 'ignore'
[0.298s] Level 1:colcon.colcon_core.package_identification:_identify(vrx/lstm_model_save) by extension 'ignore_ament_install'
[0.298s] Level 1:colcon.colcon_core.package_identification:_identify(vrx/lstm_model_save) by extensions ['colcon_pkg']
[0.298s] Level 1:colcon.colcon_core.package_identification:_identify(vrx/lstm_model_save) by extension 'colcon_pkg'
[0.298s] Level 1:colcon.colcon_core.package_identification:_identify(vrx/lstm_model_save) by extensions ['colcon_meta']
[0.298s] Level 1:colcon.colcon_core.package_identification:_identify(vrx/lstm_model_save) by extension 'colcon_meta'
[0.298s] Level 1:colcon.colcon_core.package_identification:_identify(vrx/lstm_model_save) by extensions ['ros']
[0.298s] Level 1:colcon.colcon_core.package_identification:_identify(vrx/lstm_model_save) by extension 'ros'
[0.298s] Level 1:colcon.colcon_core.package_identification:_identify(vrx/lstm_model_save) by extensions ['cmake', 'python']
[0.298s] Level 1:colcon.colcon_core.package_identification:_identify(vrx/lstm_model_save) by extension 'cmake'
[0.298s] Level 1:colcon.colcon_core.package_identification:_identify(vrx/lstm_model_save) by extension 'python'
[0.298s] Level 1:colcon.colcon_core.package_identification:_identify(vrx/lstm_model_save) by extensions ['python_setup_py']
[0.298s] Level 1:colcon.colcon_core.package_identification:_identify(vrx/lstm_model_save) by extension 'python_setup_py'
[0.298s] Level 1:colcon.colcon_core.package_identification:_identify(vrx/rnn_model) by extensions ['ignore', 'ignore_ament_install']
[0.298s] Level 1:colcon.colcon_core.package_identification:_identify(vrx/rnn_model) by extension 'ignore'
[0.298s] Level 1:colcon.colcon_core.package_identification:_identify(vrx/rnn_model) by extension 'ignore_ament_install'
[0.298s] Level 1:colcon.colcon_core.package_identification:_identify(vrx/rnn_model) by extensions ['colcon_pkg']
[0.298s] Level 1:colcon.colcon_core.package_identification:_identify(vrx/rnn_model) by extension 'colcon_pkg'
[0.298s] Level 1:colcon.colcon_core.package_identification:_identify(vrx/rnn_model) by extensions ['colcon_meta']
[0.298s] Level 1:colcon.colcon_core.package_identification:_identify(vrx/rnn_model) by extension 'colcon_meta'
[0.299s] Level 1:colcon.colcon_core.package_identification:_identify(vrx/rnn_model) by extensions ['ros']
[0.299s] Level 1:colcon.colcon_core.package_identification:_identify(vrx/rnn_model) by extension 'ros'
[0.299s] Level 1:colcon.colcon_core.package_identification:_identify(vrx/rnn_model) by extensions ['cmake', 'python']
[0.299s] Level 1:colcon.colcon_core.package_identification:_identify(vrx/rnn_model) by extension 'cmake'
[0.299s] Level 1:colcon.colcon_core.package_identification:_identify(vrx/rnn_model) by extension 'python'
[0.299s] Level 1:colcon.colcon_core.package_identification:_identify(vrx/rnn_model) by extensions ['python_setup_py']
[0.299s] Level 1:colcon.colcon_core.package_identification:_identify(vrx/rnn_model) by extension 'python_setup_py'
[0.299s] Level 1:colcon.colcon_core.package_identification:_identify(vrx/rnn_model_save) by extensions ['ignore', 'ignore_ament_install']
[0.299s] Level 1:colcon.colcon_core.package_identification:_identify(vrx/rnn_model_save) by extension 'ignore'
[0.299s] Level 1:colcon.colcon_core.package_identification:_identify(vrx/rnn_model_save) by extension 'ignore_ament_install'
[0.299s] Level 1:colcon.colcon_core.package_identification:_identify(vrx/rnn_model_save) by extensions ['colcon_pkg']
[0.299s] Level 1:colcon.colcon_core.package_identification:_identify(vrx/rnn_model_save) by extension 'colcon_pkg'
[0.299s] Level 1:colcon.colcon_core.package_identification:_identify(vrx/rnn_model_save) by extensions ['colcon_meta']
[0.299s] Level 1:colcon.colcon_core.package_identification:_identify(vrx/rnn_model_save) by extension 'colcon_meta'
[0.299s] Level 1:colcon.colcon_core.package_identification:_identify(vrx/rnn_model_save) by extensions ['ros']
[0.299s] Level 1:colcon.colcon_core.package_identification:_identify(vrx/rnn_model_save) by extension 'ros'
[0.299s] Level 1:colcon.colcon_core.package_identification:_identify(vrx/rnn_model_save) by extensions ['cmake', 'python']
[0.299s] Level 1:colcon.colcon_core.package_identification:_identify(vrx/rnn_model_save) by extension 'cmake'
[0.299s] Level 1:colcon.colcon_core.package_identification:_identify(vrx/rnn_model_save) by extension 'python'
[0.299s] Level 1:colcon.colcon_core.package_identification:_identify(vrx/rnn_model_save) by extensions ['python_setup_py']
[0.299s] Level 1:colcon.colcon_core.package_identification:_identify(vrx/rnn_model_save) by extension 'python_setup_py'
[0.299s] Level 1:colcon.colcon_core.package_identification:_identify(vrx/vrx_gz) by extensions ['ignore', 'ignore_ament_install']
[0.299s] Level 1:colcon.colcon_core.package_identification:_identify(vrx/vrx_gz) by extension 'ignore'
[0.299s] Level 1:colcon.colcon_core.package_identification:_identify(vrx/vrx_gz) by extension 'ignore_ament_install'
[0.299s] Level 1:colcon.colcon_core.package_identification:_identify(vrx/vrx_gz) by extensions ['colcon_pkg']
[0.299s] Level 1:colcon.colcon_core.package_identification:_identify(vrx/vrx_gz) by extension 'colcon_pkg'
[0.299s] Level 1:colcon.colcon_core.package_identification:_identify(vrx/vrx_gz) by extensions ['colcon_meta']
[0.300s] Level 1:colcon.colcon_core.package_identification:_identify(vrx/vrx_gz) by extension 'colcon_meta'
[0.300s] Level 1:colcon.colcon_core.package_identification:_identify(vrx/vrx_gz) by extensions ['ros']
[0.300s] Level 1:colcon.colcon_core.package_identification:_identify(vrx/vrx_gz) by extension 'ros'
[0.302s] DEBUG:colcon.colcon_core.package_identification:Package 'vrx/vrx_gz' with type 'ros.ament_cmake' and name 'vrx_gz'
[0.302s] Level 1:colcon.colcon_core.package_identification:_identify(vrx/vrx_ros) by extensions ['ignore', 'ignore_ament_install']
[0.302s] Level 1:colcon.colcon_core.package_identification:_identify(vrx/vrx_ros) by extension 'ignore'
[0.302s] Level 1:colcon.colcon_core.package_identification:_identify(vrx/vrx_ros) by extension 'ignore_ament_install'
[0.302s] Level 1:colcon.colcon_core.package_identification:_identify(vrx/vrx_ros) by extensions ['colcon_pkg']
[0.302s] Level 1:colcon.colcon_core.package_identification:_identify(vrx/vrx_ros) by extension 'colcon_pkg'
[0.302s] Level 1:colcon.colcon_core.package_identification:_identify(vrx/vrx_ros) by extensions ['colcon_meta']
[0.302s] Level 1:colcon.colcon_core.package_identification:_identify(vrx/vrx_ros) by extension 'colcon_meta'
[0.302s] Level 1:colcon.colcon_core.package_identification:_identify(vrx/vrx_ros) by extensions ['ros']
[0.302s] Level 1:colcon.colcon_core.package_identification:_identify(vrx/vrx_ros) by extension 'ros'
[0.303s] DEBUG:colcon.colcon_core.package_identification:Package 'vrx/vrx_ros' with type 'ros.ament_cmake' and name 'vrx_ros'
[0.303s] Level 1:colcon.colcon_core.package_identification:_identify(vrx/vrx_urdf) by extensions ['ignore', 'ignore_ament_install']
[0.303s] Level 1:colcon.colcon_core.package_identification:_identify(vrx/vrx_urdf) by extension 'ignore'
[0.303s] Level 1:colcon.colcon_core.package_identification:_identify(vrx/vrx_urdf) by extension 'ignore_ament_install'
[0.303s] Level 1:colcon.colcon_core.package_identification:_identify(vrx/vrx_urdf) by extensions ['colcon_pkg']
[0.303s] Level 1:colcon.colcon_core.package_identification:_identify(vrx/vrx_urdf) by extension 'colcon_pkg'
[0.303s] Level 1:colcon.colcon_core.package_identification:_identify(vrx/vrx_urdf) by extensions ['colcon_meta']
[0.303s] Level 1:colcon.colcon_core.package_identification:_identify(vrx/vrx_urdf) by extension 'colcon_meta'
[0.303s] Level 1:colcon.colcon_core.package_identification:_identify(vrx/vrx_urdf) by extensions ['ros']
[0.303s] Level 1:colcon.colcon_core.package_identification:_identify(vrx/vrx_urdf) by extension 'ros'
[0.303s] Level 1:colcon.colcon_core.package_identification:_identify(vrx/vrx_urdf) by extensions ['cmake', 'python']
[0.303s] Level 1:colcon.colcon_core.package_identification:_identify(vrx/vrx_urdf) by extension 'cmake'
[0.303s] Level 1:colcon.colcon_core.package_identification:_identify(vrx/vrx_urdf) by extension 'python'
[0.303s] Level 1:colcon.colcon_core.package_identification:_identify(vrx/vrx_urdf) by extensions ['python_setup_py']
[0.303s] Level 1:colcon.colcon_core.package_identification:_identify(vrx/vrx_urdf) by extension 'python_setup_py'
[0.304s] Level 1:colcon.colcon_core.package_identification:_identify(vrx/vrx_urdf/vrx_gazebo) by extensions ['ignore', 'ignore_ament_install']
[0.304s] Level 1:colcon.colcon_core.package_identification:_identify(vrx/vrx_urdf/vrx_gazebo) by extension 'ignore'
[0.304s] Level 1:colcon.colcon_core.package_identification:_identify(vrx/vrx_urdf/vrx_gazebo) by extension 'ignore_ament_install'
[0.304s] Level 1:colcon.colcon_core.package_identification:_identify(vrx/vrx_urdf/vrx_gazebo) by extensions ['colcon_pkg']
[0.304s] Level 1:colcon.colcon_core.package_identification:_identify(vrx/vrx_urdf/vrx_gazebo) by extension 'colcon_pkg'
[0.304s] Level 1:colcon.colcon_core.package_identification:_identify(vrx/vrx_urdf/vrx_gazebo) by extensions ['colcon_meta']
[0.304s] Level 1:colcon.colcon_core.package_identification:_identify(vrx/vrx_urdf/vrx_gazebo) by extension 'colcon_meta'
[0.304s] Level 1:colcon.colcon_core.package_identification:_identify(vrx/vrx_urdf/vrx_gazebo) by extensions ['ros']
[0.304s] Level 1:colcon.colcon_core.package_identification:_identify(vrx/vrx_urdf/vrx_gazebo) by extension 'ros'
[0.304s] DEBUG:colcon.colcon_core.package_identification:Package 'vrx/vrx_urdf/vrx_gazebo' with type 'ros.ament_cmake' and name 'vrx_gazebo'
[0.304s] Level 1:colcon.colcon_core.package_identification:_identify(vrx/vrx_urdf/wamv_description) by extensions ['ignore', 'ignore_ament_install']
[0.304s] Level 1:colcon.colcon_core.package_identification:_identify(vrx/vrx_urdf/wamv_description) by extension 'ignore'
[0.304s] Level 1:colcon.colcon_core.package_identification:_identify(vrx/vrx_urdf/wamv_description) by extension 'ignore_ament_install'
[0.305s] Level 1:colcon.colcon_core.package_identification:_identify(vrx/vrx_urdf/wamv_description) by extensions ['colcon_pkg']
[0.305s] Level 1:colcon.colcon_core.package_identification:_identify(vrx/vrx_urdf/wamv_description) by extension 'colcon_pkg'
[0.305s] Level 1:colcon.colcon_core.package_identification:_identify(vrx/vrx_urdf/wamv_description) by extensions ['colcon_meta']
[0.305s] Level 1:colcon.colcon_core.package_identification:_identify(vrx/vrx_urdf/wamv_description) by extension 'colcon_meta'
[0.305s] Level 1:colcon.colcon_core.package_identification:_identify(vrx/vrx_urdf/wamv_description) by extensions ['ros']
[0.305s] Level 1:colcon.colcon_core.package_identification:_identify(vrx/vrx_urdf/wamv_description) by extension 'ros'
[0.305s] DEBUG:colcon.colcon_core.package_identification:Package 'vrx/vrx_urdf/wamv_description' with type 'ros.ament_cmake' and name 'wamv_description'
[0.305s] Level 1:colcon.colcon_core.package_identification:_identify(vrx/vrx_urdf/wamv_gazebo) by extensions ['ignore', 'ignore_ament_install']
[0.305s] Level 1:colcon.colcon_core.package_identification:_identify(vrx/vrx_urdf/wamv_gazebo) by extension 'ignore'
[0.305s] Level 1:colcon.colcon_core.package_identification:_identify(vrx/vrx_urdf/wamv_gazebo) by extension 'ignore_ament_install'
[0.305s] Level 1:colcon.colcon_core.package_identification:_identify(vrx/vrx_urdf/wamv_gazebo) by extensions ['colcon_pkg']
[0.305s] Level 1:colcon.colcon_core.package_identification:_identify(vrx/vrx_urdf/wamv_gazebo) by extension 'colcon_pkg'
[0.305s] Level 1:colcon.colcon_core.package_identification:_identify(vrx/vrx_urdf/wamv_gazebo) by extensions ['colcon_meta']
[0.305s] Level 1:colcon.colcon_core.package_identification:_identify(vrx/vrx_urdf/wamv_gazebo) by extension 'colcon_meta'
[0.306s] Level 1:colcon.colcon_core.package_identification:_identify(vrx/vrx_urdf/wamv_gazebo) by extensions ['ros']
[0.306s] Level 1:colcon.colcon_core.package_identification:_identify(vrx/vrx_urdf/wamv_gazebo) by extension 'ros'
[0.306s] DEBUG:colcon.colcon_core.package_identification:Package 'vrx/vrx_urdf/wamv_gazebo' with type 'ros.ament_cmake' and name 'wamv_gazebo'
[0.306s] Level 1:colcon.colcon_core.package_discovery:discover_packages(recursive) using defaults
[0.306s] Level 1:colcon.colcon_core.package_discovery:discover_packages(ignore) discover
[0.306s] Level 1:colcon.colcon_core.package_discovery:discover_packages(ignore) using defaults
[0.306s] Level 1:colcon.colcon_core.package_discovery:discover_packages(path) discover
[0.306s] Level 1:colcon.colcon_core.package_discovery:discover_packages(path) using defaults
[0.331s] Level 1:colcon.colcon_core.package_discovery:discover_packages(prefix_path) check parameters
[0.331s] Level 1:colcon.colcon_core.package_discovery:discover_packages(prefix_path) discover
[0.334s] DEBUG:colcon.colcon_installed_package_information.package_discovery:Found 5 installed packages in /home/mrxiuer/project/毕设/demo/src/install
[0.335s] DEBUG:colcon.colcon_installed_package_information.package_discovery:Found 379 installed packages in /opt/ros/humble
[0.337s] Level 1:colcon.colcon_core.package_discovery:discover_packages(prefix_path) using defaults
[0.376s] Level 5:colcon.colcon_core.verb:set package 'vrx_gazebo' build argument 'cmake_args' from command line to 'None'
[0.376s] Level 5:colcon.colcon_core.verb:set package 'vrx_gazebo' build argument 'cmake_target' from command line to 'None'
[0.376s] Level 5:colcon.colcon_core.verb:set package 'vrx_gazebo' build argument 'cmake_target_skip_unavailable' from command line to 'False'
[0.376s] Level 5:colcon.colcon_core.verb:set package 'vrx_gazebo' build argument 'cmake_clean_cache' from command line to 'False'
[0.376s] Level 5:colcon.colcon_core.verb:set package 'vrx_gazebo' build argument 'cmake_clean_first' from command line to 'False'
[0.376s] Level 5:colcon.colcon_core.verb:set package 'vrx_gazebo' build argument 'cmake_force_configure' from command line to 'False'
[0.377s] Level 5:colcon.colcon_core.verb:set package 'vrx_gazebo' build argument 'ament_cmake_args' from command line to 'None'
[0.377s] Level 5:colcon.colcon_core.verb:set package 'vrx_gazebo' build argument 'catkin_cmake_args' from command line to 'None'
[0.377s] Level 5:colcon.colcon_core.verb:set package 'vrx_gazebo' build argument 'catkin_skip_building_tests' from command line to 'False'
[0.377s] DEBUG:colcon.colcon_core.verb:Building package 'vrx_gazebo' with the following arguments: {'ament_cmake_args': None, 'build_base': '/home/mrxiuer/project/毕设/demo/src/build/vrx_gazebo', 'catkin_cmake_args': None, 'catkin_skip_building_tests': False, 'cmake_args': None, 'cmake_clean_cache': False, 'cmake_clean_first': False, 'cmake_force_configure': False, 'cmake_target': None, 'cmake_target_skip_unavailable': False, 'install_base': '/home/mrxiuer/project/毕设/demo/src/install', 'merge_install': True, 'path': '/home/mrxiuer/project/毕设/demo/src/vrx/vrx_urdf/vrx_gazebo', 'symlink_install': False, 'test_result_base': None}
[0.377s] Level 5:colcon.colcon_core.verb:set package 'vrx_ros' build argument 'cmake_args' from command line to 'None'
[0.377s] Level 5:colcon.colcon_core.verb:set package 'vrx_ros' build argument 'cmake_target' from command line to 'None'
[0.377s] Level 5:colcon.colcon_core.verb:set package 'vrx_ros' build argument 'cmake_target_skip_unavailable' from command line to 'False'
[0.377s] Level 5:colcon.colcon_core.verb:set package 'vrx_ros' build argument 'cmake_clean_cache' from command line to 'False'
[0.377s] Level 5:colcon.colcon_core.verb:set package 'vrx_ros' build argument 'cmake_clean_first' from command line to 'False'
[0.377s] Level 5:colcon.colcon_core.verb:set package 'vrx_ros' build argument 'cmake_force_configure' from command line to 'False'
[0.377s] Level 5:colcon.colcon_core.verb:set package 'vrx_ros' build argument 'ament_cmake_args' from command line to 'None'
[0.377s] Level 5:colcon.colcon_core.verb:set package 'vrx_ros' build argument 'catkin_cmake_args' from command line to 'None'
[0.377s] Level 5:colcon.colcon_core.verb:set package 'vrx_ros' build argument 'catkin_skip_building_tests' from command line to 'False'
[0.377s] DEBUG:colcon.colcon_core.verb:Building package 'vrx_ros' with the following arguments: {'ament_cmake_args': None, 'build_base': '/home/mrxiuer/project/毕设/demo/src/build/vrx_ros', 'catkin_cmake_args': None, 'catkin_skip_building_tests': False, 'cmake_args': None, 'cmake_clean_cache': False, 'cmake_clean_first': False, 'cmake_force_configure': False, 'cmake_target': None, 'cmake_target_skip_unavailable': False, 'install_base': '/home/mrxiuer/project/毕设/demo/src/install', 'merge_install': True, 'path': '/home/mrxiuer/project/毕设/demo/src/vrx/vrx_ros', 'symlink_install': False, 'test_result_base': None}
[0.377s] Level 5:colcon.colcon_core.verb:set package 'vrx_gz' build argument 'cmake_args' from command line to 'None'
[0.377s] Level 5:colcon.colcon_core.verb:set package 'vrx_gz' build argument 'cmake_target' from command line to 'None'
[0.377s] Level 5:colcon.colcon_core.verb:set package 'vrx_gz' build argument 'cmake_target_skip_unavailable' from command line to 'False'
[0.377s] Level 5:colcon.colcon_core.verb:set package 'vrx_gz' build argument 'cmake_clean_cache' from command line to 'False'
[0.377s] Level 5:colcon.colcon_core.verb:set package 'vrx_gz' build argument 'cmake_clean_first' from command line to 'False'
[0.377s] Level 5:colcon.colcon_core.verb:set package 'vrx_gz' build argument 'cmake_force_configure' from command line to 'False'
[0.377s] Level 5:colcon.colcon_core.verb:set package 'vrx_gz' build argument 'ament_cmake_args' from command line to 'None'
[0.377s] Level 5:colcon.colcon_core.verb:set package 'vrx_gz' build argument 'catkin_cmake_args' from command line to 'None'
[0.377s] Level 5:colcon.colcon_core.verb:set package 'vrx_gz' build argument 'catkin_skip_building_tests' from command line to 'False'
[0.377s] DEBUG:colcon.colcon_core.verb:Building package 'vrx_gz' with the following arguments: {'ament_cmake_args': None, 'build_base': '/home/mrxiuer/project/毕设/demo/src/build/vrx_gz', 'catkin_cmake_args': None, 'catkin_skip_building_tests': False, 'cmake_args': None, 'cmake_clean_cache': False, 'cmake_clean_first': False, 'cmake_force_configure': False, 'cmake_target': None, 'cmake_target_skip_unavailable': False, 'install_base': '/home/mrxiuer/project/毕设/demo/src/install', 'merge_install': True, 'path': '/home/mrxiuer/project/毕设/demo/src/vrx/vrx_gz', 'symlink_install': False, 'test_result_base': None}
[0.378s] Level 5:colcon.colcon_core.verb:set package 'wamv_description' build argument 'cmake_args' from command line to 'None'
[0.378s] Level 5:colcon.colcon_core.verb:set package 'wamv_description' build argument 'cmake_target' from command line to 'None'
[0.378s] Level 5:colcon.colcon_core.verb:set package 'wamv_description' build argument 'cmake_target_skip_unavailable' from command line to 'False'
[0.378s] Level 5:colcon.colcon_core.verb:set package 'wamv_description' build argument 'cmake_clean_cache' from command line to 'False'
[0.378s] Level 5:colcon.colcon_core.verb:set package 'wamv_description' build argument 'cmake_clean_first' from command line to 'False'
[0.378s] Level 5:colcon.colcon_core.verb:set package 'wamv_description' build argument 'cmake_force_configure' from command line to 'False'
[0.378s] Level 5:colcon.colcon_core.verb:set package 'wamv_description' build argument 'ament_cmake_args' from command line to 'None'
[0.378s] Level 5:colcon.colcon_core.verb:set package 'wamv_description' build argument 'catkin_cmake_args' from command line to 'None'
[0.378s] Level 5:colcon.colcon_core.verb:set package 'wamv_description' build argument 'catkin_skip_building_tests' from command line to 'False'
[0.378s] DEBUG:colcon.colcon_core.verb:Building package 'wamv_description' with the following arguments: {'ament_cmake_args': None, 'build_base': '/home/mrxiuer/project/毕设/demo/src/build/wamv_description', 'catkin_cmake_args': None, 'catkin_skip_building_tests': False, 'cmake_args': None, 'cmake_clean_cache': False, 'cmake_clean_first': False, 'cmake_force_configure': False, 'cmake_target': None, 'cmake_target_skip_unavailable': False, 'install_base': '/home/mrxiuer/project/毕设/demo/src/install', 'merge_install': True, 'path': '/home/mrxiuer/project/毕设/demo/src/vrx/vrx_urdf/wamv_description', 'symlink_install': False, 'test_result_base': None}
[0.378s] Level 5:colcon.colcon_core.verb:set package 'wamv_gazebo' build argument 'cmake_args' from command line to 'None'
[0.378s] Level 5:colcon.colcon_core.verb:set package 'wamv_gazebo' build argument 'cmake_target' from command line to 'None'
[0.378s] Level 5:colcon.colcon_core.verb:set package 'wamv_gazebo' build argument 'cmake_target_skip_unavailable' from command line to 'False'
[0.378s] Level 5:colcon.colcon_core.verb:set package 'wamv_gazebo' build argument 'cmake_clean_cache' from command line to 'False'
[0.378s] Level 5:colcon.colcon_core.verb:set package 'wamv_gazebo' build argument 'cmake_clean_first' from command line to 'False'
[0.378s] Level 5:colcon.colcon_core.verb:set package 'wamv_gazebo' build argument 'cmake_force_configure' from command line to 'False'
[0.378s] Level 5:colcon.colcon_core.verb:set package 'wamv_gazebo' build argument 'ament_cmake_args' from command line to 'None'
[0.378s] Level 5:colcon.colcon_core.verb:set package 'wamv_gazebo' build argument 'catkin_cmake_args' from command line to 'None'
[0.378s] Level 5:colcon.colcon_core.verb:set package 'wamv_gazebo' build argument 'catkin_skip_building_tests' from command line to 'False'
[0.378s] DEBUG:colcon.colcon_core.verb:Building package 'wamv_gazebo' with the following arguments: {'ament_cmake_args': None, 'build_base': '/home/mrxiuer/project/毕设/demo/src/build/wamv_gazebo', 'catkin_cmake_args': None, 'catkin_skip_building_tests': False, 'cmake_args': None, 'cmake_clean_cache': False, 'cmake_clean_first': False, 'cmake_force_configure': False, 'cmake_target': None, 'cmake_target_skip_unavailable': False, 'install_base': '/home/mrxiuer/project/毕设/demo/src/install', 'merge_install': True, 'path': '/home/mrxiuer/project/毕设/demo/src/vrx/vrx_urdf/wamv_gazebo', 'symlink_install': False, 'test_result_base': None}
[0.378s] INFO:colcon.colcon_core.executor:Executing jobs using 'parallel' executor
[0.379s] DEBUG:colcon.colcon_parallel_executor.executor.parallel:run_until_complete
[0.379s] INFO:colcon.colcon_ros.task.ament_cmake.build:Building ROS package in '/home/mrxiuer/project/毕设/demo/src/vrx/vrx_urdf/vrx_gazebo' with build type 'ament_cmake'
[0.380s] INFO:colcon.colcon_cmake.task.cmake.build:Building CMake package in '/home/mrxiuer/project/毕设/demo/src/vrx/vrx_urdf/vrx_gazebo'
[0.383s] INFO:colcon.colcon_core.plugin_system:Skipping extension 'colcon_core.shell.bat': Not used on non-Windows systems
[0.383s] INFO:colcon.colcon_core.shell:Skip shell extension 'powershell' for command environment: Not usable outside of PowerShell
[0.383s] DEBUG:colcon.colcon_core.shell:Skip shell extension 'dsv' for command environment
[0.386s] INFO:colcon.colcon_ros.task.ament_cmake.build:Building ROS package in '/home/mrxiuer/project/毕设/demo/src/vrx/vrx_ros' with build type 'ament_cmake'
[0.386s] INFO:colcon.colcon_cmake.task.cmake.build:Building CMake package in '/home/mrxiuer/project/毕设/demo/src/vrx/vrx_ros'
[0.387s] INFO:colcon.colcon_core.shell:Skip shell extension 'powershell' for command environment: Not usable outside of PowerShell
[0.387s] DEBUG:colcon.colcon_core.shell:Skip shell extension 'dsv' for command environment
[0.395s] DEBUG:colcon.colcon_core.event_handler.log_command:Invoking command in '/home/mrxiuer/project/毕设/demo/src/build/vrx_gazebo': CMAKE_PREFIX_PATH=${CMAKE_PREFIX_PATH}:/opt/ros/humble /usr/bin/cmake --build /home/mrxiuer/project/毕设/demo/src/build/vrx_gazebo -- -j16 -l16
[0.398s] DEBUG:colcon.colcon_core.event_handler.log_command:Invoking command in '/home/mrxiuer/project/毕设/demo/src/build/vrx_ros': CMAKE_PREFIX_PATH=${CMAKE_PREFIX_PATH}:/opt/ros/humble /usr/bin/cmake --build /home/mrxiuer/project/毕设/demo/src/build/vrx_ros -- -j16 -l16
[0.747s] DEBUG:colcon.colcon_core.event_handler.log_command:Invoked command in '/home/mrxiuer/project/毕设/demo/src/build/vrx_gazebo' returned '0': CMAKE_PREFIX_PATH=${CMAKE_PREFIX_PATH}:/opt/ros/humble /usr/bin/cmake --build /home/mrxiuer/project/毕设/demo/src/build/vrx_gazebo -- -j16 -l16
[0.758s] DEBUG:colcon.colcon_core.event_handler.log_command:Invoking command in '/home/mrxiuer/project/毕设/demo/src/build/vrx_gazebo': CMAKE_PREFIX_PATH=${CMAKE_PREFIX_PATH}:/opt/ros/humble /usr/bin/cmake --install /home/mrxiuer/project/毕设/demo/src/build/vrx_gazebo
[0.809s] Level 1:colcon.colcon_core.environment:create_environment_scripts_only(vrx_gazebo)
[0.810s] DEBUG:colcon.colcon_core.event_handler.log_command:Invoked command in '/home/mrxiuer/project/毕设/demo/src/build/vrx_gazebo' returned '0': CMAKE_PREFIX_PATH=${CMAKE_PREFIX_PATH}:/opt/ros/humble /usr/bin/cmake --install /home/mrxiuer/project/毕设/demo/src/build/vrx_gazebo
[0.813s] Level 1:colcon.colcon_core.environment:checking '/home/mrxiuer/project/毕设/demo/src/install' for CMake module files
[0.814s] Level 1:colcon.colcon_core.environment:checking '/home/mrxiuer/project/毕设/demo/src/install' for CMake config files
[0.814s] Level 1:colcon.colcon_core.shell:create_environment_hook('vrx_gazebo', 'cmake_prefix_path')
[0.814s] INFO:colcon.colcon_core.shell:Creating environment hook '/home/mrxiuer/project/毕设/demo/src/install/share/vrx_gazebo/hook/cmake_prefix_path.ps1'
[0.815s] INFO:colcon.colcon_core.shell:Creating environment descriptor '/home/mrxiuer/project/毕设/demo/src/install/share/vrx_gazebo/hook/cmake_prefix_path.dsv'
[0.816s] INFO:colcon.colcon_core.shell:Creating environment hook '/home/mrxiuer/project/毕设/demo/src/install/share/vrx_gazebo/hook/cmake_prefix_path.sh'
[0.817s] Level 1:colcon.colcon_core.environment:checking '/home/mrxiuer/project/毕设/demo/src/install/lib'
[0.817s] Level 1:colcon.colcon_core.shell:create_environment_hook('vrx_gazebo', 'ld_library_path_lib')
[0.817s] INFO:colcon.colcon_core.shell:Creating environment hook '/home/mrxiuer/project/毕设/demo/src/install/share/vrx_gazebo/hook/ld_library_path_lib.ps1'
[0.818s] INFO:colcon.colcon_core.shell:Creating environment descriptor '/home/mrxiuer/project/毕设/demo/src/install/share/vrx_gazebo/hook/ld_library_path_lib.dsv'
[0.818s] INFO:colcon.colcon_core.shell:Creating environment hook '/home/mrxiuer/project/毕设/demo/src/install/share/vrx_gazebo/hook/ld_library_path_lib.sh'
[0.819s] Level 1:colcon.colcon_core.environment:checking '/home/mrxiuer/project/毕设/demo/src/install/bin'
[0.819s] Level 1:colcon.colcon_core.environment:checking '/home/mrxiuer/project/毕设/demo/src/install/lib/pkgconfig/vrx_gazebo.pc'
[0.819s] Level 1:colcon.colcon_core.environment:checking '/home/mrxiuer/project/毕设/demo/src/install/lib/python3.10/site-packages'
[0.819s] Level 1:colcon.colcon_core.environment:checking '/home/mrxiuer/project/毕设/demo/src/install/bin'
[0.819s] INFO:colcon.colcon_core.shell:Creating package script '/home/mrxiuer/project/毕设/demo/src/install/share/vrx_gazebo/package.ps1'
[0.821s] INFO:colcon.colcon_core.shell:Creating package descriptor '/home/mrxiuer/project/毕设/demo/src/install/share/vrx_gazebo/package.dsv'
[0.822s] INFO:colcon.colcon_core.shell:Creating package script '/home/mrxiuer/project/毕设/demo/src/install/share/vrx_gazebo/package.sh'
[0.822s] INFO:colcon.colcon_core.shell:Creating package script '/home/mrxiuer/project/毕设/demo/src/install/share/vrx_gazebo/package.bash'
[0.823s] INFO:colcon.colcon_core.shell:Creating package script '/home/mrxiuer/project/毕设/demo/src/install/share/vrx_gazebo/package.zsh'
[0.824s] Level 1:colcon.colcon_core.environment:create_file_with_runtime_dependencies(/home/mrxiuer/project/毕设/demo/src/install/share/colcon-core/packages/vrx_gazebo)
[0.825s] Level 1:colcon.colcon_core.environment:create_environment_scripts_only(vrx_gazebo)
[0.825s] Level 1:colcon.colcon_core.environment:checking '/home/mrxiuer/project/毕设/demo/src/install' for CMake module files
[0.825s] Level 1:colcon.colcon_core.environment:checking '/home/mrxiuer/project/毕设/demo/src/install' for CMake config files
[0.826s] Level 1:colcon.colcon_core.shell:create_environment_hook('vrx_gazebo', 'cmake_prefix_path')
[0.826s] INFO:colcon.colcon_core.shell:Creating environment hook '/home/mrxiuer/project/毕设/demo/src/install/share/vrx_gazebo/hook/cmake_prefix_path.ps1'
[0.826s] INFO:colcon.colcon_core.shell:Creating environment descriptor '/home/mrxiuer/project/毕设/demo/src/install/share/vrx_gazebo/hook/cmake_prefix_path.dsv'
[0.827s] INFO:colcon.colcon_core.shell:Creating environment hook '/home/mrxiuer/project/毕设/demo/src/install/share/vrx_gazebo/hook/cmake_prefix_path.sh'
[0.827s] Level 1:colcon.colcon_core.environment:checking '/home/mrxiuer/project/毕设/demo/src/install/lib'
[0.827s] Level 1:colcon.colcon_core.shell:create_environment_hook('vrx_gazebo', 'ld_library_path_lib')
[0.828s] INFO:colcon.colcon_core.shell:Creating environment hook '/home/mrxiuer/project/毕设/demo/src/install/share/vrx_gazebo/hook/ld_library_path_lib.ps1'
[0.828s] INFO:colcon.colcon_core.shell:Creating environment descriptor '/home/mrxiuer/project/毕设/demo/src/install/share/vrx_gazebo/hook/ld_library_path_lib.dsv'
[0.828s] INFO:colcon.colcon_core.shell:Creating environment hook '/home/mrxiuer/project/毕设/demo/src/install/share/vrx_gazebo/hook/ld_library_path_lib.sh'
[0.829s] Level 1:colcon.colcon_core.environment:checking '/home/mrxiuer/project/毕设/demo/src/install/bin'
[0.829s] Level 1:colcon.colcon_core.environment:checking '/home/mrxiuer/project/毕设/demo/src/install/lib/pkgconfig/vrx_gazebo.pc'
[0.829s] Level 1:colcon.colcon_core.environment:checking '/home/mrxiuer/project/毕设/demo/src/install/lib/python3.10/site-packages'
[0.829s] Level 1:colcon.colcon_core.environment:checking '/home/mrxiuer/project/毕设/demo/src/install/bin'
[0.830s] INFO:colcon.colcon_core.shell:Creating package script '/home/mrxiuer/project/毕设/demo/src/install/share/vrx_gazebo/package.ps1'
[0.830s] INFO:colcon.colcon_core.shell:Creating package descriptor '/home/mrxiuer/project/毕设/demo/src/install/share/vrx_gazebo/package.dsv'
[0.831s] INFO:colcon.colcon_core.shell:Creating package script '/home/mrxiuer/project/毕设/demo/src/install/share/vrx_gazebo/package.sh'
[0.831s] INFO:colcon.colcon_core.shell:Creating package script '/home/mrxiuer/project/毕设/demo/src/install/share/vrx_gazebo/package.bash'
[0.832s] INFO:colcon.colcon_core.shell:Creating package script '/home/mrxiuer/project/毕设/demo/src/install/share/vrx_gazebo/package.zsh'
[0.832s] Level 1:colcon.colcon_core.environment:create_file_with_runtime_dependencies(/home/mrxiuer/project/毕设/demo/src/install/share/colcon-core/packages/vrx_gazebo)
[0.833s] INFO:colcon.colcon_ros.task.ament_cmake.build:Building ROS package in '/home/mrxiuer/project/毕设/demo/src/vrx/vrx_urdf/wamv_description' with build type 'ament_cmake'
[0.833s] INFO:colcon.colcon_cmake.task.cmake.build:Building CMake package in '/home/mrxiuer/project/毕设/demo/src/vrx/vrx_urdf/wamv_description'
[0.833s] INFO:colcon.colcon_core.shell:Skip shell extension 'powershell' for command environment: Not usable outside of PowerShell
[0.833s] DEBUG:colcon.colcon_core.shell:Skip shell extension 'dsv' for command environment
[0.848s] DEBUG:colcon.colcon_core.event_handler.log_command:Invoking command in '/home/mrxiuer/project/毕设/demo/src/build/wamv_description': CMAKE_PREFIX_PATH=${CMAKE_PREFIX_PATH}:/opt/ros/humble GZ_SIM_RESOURCE_PATH=/home/mrxiuer/project/毕设/demo/src/install/share:${GZ_SIM_RESOURCE_PATH} LD_LIBRARY_PATH=/home/mrxiuer/project/毕设/demo/src/install/lib:/usr/local/lib:/opt/ros/humble/opt/rviz_ogre_vendor/lib:/opt/ros/humble/lib/x86_64-linux-gnu:/opt/ros/humble/lib /usr/bin/cmake --build /home/mrxiuer/project/毕设/demo/src/build/wamv_description -- -j16 -l16
[0.926s] DEBUG:colcon.colcon_core.event_handler.log_command:Invoked command in '/home/mrxiuer/project/毕设/demo/src/build/wamv_description' returned '0': CMAKE_PREFIX_PATH=${CMAKE_PREFIX_PATH}:/opt/ros/humble GZ_SIM_RESOURCE_PATH=/home/mrxiuer/project/毕设/demo/src/install/share:${GZ_SIM_RESOURCE_PATH} LD_LIBRARY_PATH=/home/mrxiuer/project/毕设/demo/src/install/lib:/usr/local/lib:/opt/ros/humble/opt/rviz_ogre_vendor/lib:/opt/ros/humble/lib/x86_64-linux-gnu:/opt/ros/humble/lib /usr/bin/cmake --build /home/mrxiuer/project/毕设/demo/src/build/wamv_description -- -j16 -l16
[0.928s] DEBUG:colcon.colcon_core.event_handler.log_command:Invoking command in '/home/mrxiuer/project/毕设/demo/src/build/wamv_description': CMAKE_PREFIX_PATH=${CMAKE_PREFIX_PATH}:/opt/ros/humble GZ_SIM_RESOURCE_PATH=/home/mrxiuer/project/毕设/demo/src/install/share:${GZ_SIM_RESOURCE_PATH} LD_LIBRARY_PATH=/home/mrxiuer/project/毕设/demo/src/install/lib:/usr/local/lib:/opt/ros/humble/opt/rviz_ogre_vendor/lib:/opt/ros/humble/lib/x86_64-linux-gnu:/opt/ros/humble/lib /usr/bin/cmake --install /home/mrxiuer/project/毕设/demo/src/build/wamv_description
[0.939s] Level 1:colcon.colcon_core.environment:create_environment_scripts_only(wamv_description)
[0.940s] Level 1:colcon.colcon_core.environment:checking '/home/mrxiuer/project/毕设/demo/src/install' for CMake module files
[0.941s] Level 1:colcon.colcon_core.environment:checking '/home/mrxiuer/project/毕设/demo/src/install' for CMake config files
[0.941s] DEBUG:colcon.colcon_core.event_handler.log_command:Invoked command in '/home/mrxiuer/project/毕设/demo/src/build/wamv_description' returned '0': CMAKE_PREFIX_PATH=${CMAKE_PREFIX_PATH}:/opt/ros/humble GZ_SIM_RESOURCE_PATH=/home/mrxiuer/project/毕设/demo/src/install/share:${GZ_SIM_RESOURCE_PATH} LD_LIBRARY_PATH=/home/mrxiuer/project/毕设/demo/src/install/lib:/usr/local/lib:/opt/ros/humble/opt/rviz_ogre_vendor/lib:/opt/ros/humble/lib/x86_64-linux-gnu:/opt/ros/humble/lib /usr/bin/cmake --install /home/mrxiuer/project/毕设/demo/src/build/wamv_description
[0.942s] Level 1:colcon.colcon_core.shell:create_environment_hook('wamv_description', 'cmake_prefix_path')
[0.942s] INFO:colcon.colcon_core.shell:Creating environment hook '/home/mrxiuer/project/毕设/demo/src/install/share/wamv_description/hook/cmake_prefix_path.ps1'
[0.943s] INFO:colcon.colcon_core.shell:Creating environment descriptor '/home/mrxiuer/project/毕设/demo/src/install/share/wamv_description/hook/cmake_prefix_path.dsv'
[0.943s] INFO:colcon.colcon_core.shell:Creating environment hook '/home/mrxiuer/project/毕设/demo/src/install/share/wamv_description/hook/cmake_prefix_path.sh'
[0.944s] Level 1:colcon.colcon_core.environment:checking '/home/mrxiuer/project/毕设/demo/src/install/lib'
[0.944s] Level 1:colcon.colcon_core.shell:create_environment_hook('wamv_description', 'ld_library_path_lib')
[0.944s] INFO:colcon.colcon_core.shell:Creating environment hook '/home/mrxiuer/project/毕设/demo/src/install/share/wamv_description/hook/ld_library_path_lib.ps1'
[0.945s] INFO:colcon.colcon_core.shell:Creating environment descriptor '/home/mrxiuer/project/毕设/demo/src/install/share/wamv_description/hook/ld_library_path_lib.dsv'
[0.945s] INFO:colcon.colcon_core.shell:Creating environment hook '/home/mrxiuer/project/毕设/demo/src/install/share/wamv_description/hook/ld_library_path_lib.sh'
[0.945s] Level 1:colcon.colcon_core.environment:checking '/home/mrxiuer/project/毕设/demo/src/install/bin'
[0.946s] Level 1:colcon.colcon_core.environment:checking '/home/mrxiuer/project/毕设/demo/src/install/lib/pkgconfig/wamv_description.pc'
[0.946s] Level 1:colcon.colcon_core.environment:checking '/home/mrxiuer/project/毕设/demo/src/install/lib/python3.10/site-packages'
[0.946s] Level 1:colcon.colcon_core.environment:checking '/home/mrxiuer/project/毕设/demo/src/install/bin'
[0.946s] INFO:colcon.colcon_core.shell:Creating package script '/home/mrxiuer/project/毕设/demo/src/install/share/wamv_description/package.ps1'
[0.947s] INFO:colcon.colcon_core.shell:Creating package descriptor '/home/mrxiuer/project/毕设/demo/src/install/share/wamv_description/package.dsv'
[0.947s] INFO:colcon.colcon_core.shell:Creating package script '/home/mrxiuer/project/毕设/demo/src/install/share/wamv_description/package.sh'
[0.947s] INFO:colcon.colcon_core.shell:Creating package script '/home/mrxiuer/project/毕设/demo/src/install/share/wamv_description/package.bash'
[0.948s] INFO:colcon.colcon_core.shell:Creating package script '/home/mrxiuer/project/毕设/demo/src/install/share/wamv_description/package.zsh'
[0.948s] Level 1:colcon.colcon_core.environment:create_file_with_runtime_dependencies(/home/mrxiuer/project/毕设/demo/src/install/share/colcon-core/packages/wamv_description)
[0.948s] Level 1:colcon.colcon_core.environment:create_environment_scripts_only(wamv_description)
[0.949s] Level 1:colcon.colcon_core.environment:checking '/home/mrxiuer/project/毕设/demo/src/install' for CMake module files
[0.949s] Level 1:colcon.colcon_core.environment:checking '/home/mrxiuer/project/毕设/demo/src/install' for CMake config files
[0.949s] Level 1:colcon.colcon_core.shell:create_environment_hook('wamv_description', 'cmake_prefix_path')
[0.950s] INFO:colcon.colcon_core.shell:Creating environment hook '/home/mrxiuer/project/毕设/demo/src/install/share/wamv_description/hook/cmake_prefix_path.ps1'
[0.950s] INFO:colcon.colcon_core.shell:Creating environment descriptor '/home/mrxiuer/project/毕设/demo/src/install/share/wamv_description/hook/cmake_prefix_path.dsv'
[0.950s] INFO:colcon.colcon_core.shell:Creating environment hook '/home/mrxiuer/project/毕设/demo/src/install/share/wamv_description/hook/cmake_prefix_path.sh'
[0.951s] Level 1:colcon.colcon_core.environment:checking '/home/mrxiuer/project/毕设/demo/src/install/lib'
[0.951s] Level 1:colcon.colcon_core.shell:create_environment_hook('wamv_description', 'ld_library_path_lib')
[0.951s] INFO:colcon.colcon_core.shell:Creating environment hook '/home/mrxiuer/project/毕设/demo/src/install/share/wamv_description/hook/ld_library_path_lib.ps1'
[0.951s] INFO:colcon.colcon_core.shell:Creating environment descriptor '/home/mrxiuer/project/毕设/demo/src/install/share/wamv_description/hook/ld_library_path_lib.dsv'
[0.952s] INFO:colcon.colcon_core.shell:Creating environment hook '/home/mrxiuer/project/毕设/demo/src/install/share/wamv_description/hook/ld_library_path_lib.sh'
[0.952s] Level 1:colcon.colcon_core.environment:checking '/home/mrxiuer/project/毕设/demo/src/install/bin'
[0.952s] Level 1:colcon.colcon_core.environment:checking '/home/mrxiuer/project/毕设/demo/src/install/lib/pkgconfig/wamv_description.pc'
[0.952s] Level 1:colcon.colcon_core.environment:checking '/home/mrxiuer/project/毕设/demo/src/install/lib/python3.10/site-packages'
[0.952s] Level 1:colcon.colcon_core.environment:checking '/home/mrxiuer/project/毕设/demo/src/install/bin'
[0.952s] INFO:colcon.colcon_core.shell:Creating package script '/home/mrxiuer/project/毕设/demo/src/install/share/wamv_description/package.ps1'
[0.953s] INFO:colcon.colcon_core.shell:Creating package descriptor '/home/mrxiuer/project/毕设/demo/src/install/share/wamv_description/package.dsv'
[0.953s] INFO:colcon.colcon_core.shell:Creating package script '/home/mrxiuer/project/毕设/demo/src/install/share/wamv_description/package.sh'
[0.954s] INFO:colcon.colcon_core.shell:Creating package script '/home/mrxiuer/project/毕设/demo/src/install/share/wamv_description/package.bash'
[0.954s] INFO:colcon.colcon_core.shell:Creating package script '/home/mrxiuer/project/毕设/demo/src/install/share/wamv_description/package.zsh'
[0.955s] Level 1:colcon.colcon_core.environment:create_file_with_runtime_dependencies(/home/mrxiuer/project/毕设/demo/src/install/share/colcon-core/packages/wamv_description)
[0.955s] INFO:colcon.colcon_ros.task.ament_cmake.build:Building ROS package in '/home/mrxiuer/project/毕设/demo/src/vrx/vrx_urdf/wamv_gazebo' with build type 'ament_cmake'
[0.955s] INFO:colcon.colcon_cmake.task.cmake.build:Building CMake package in '/home/mrxiuer/project/毕设/demo/src/vrx/vrx_urdf/wamv_gazebo'
[0.955s] INFO:colcon.colcon_core.shell:Skip shell extension 'powershell' for command environment: Not usable outside of PowerShell
[0.956s] DEBUG:colcon.colcon_core.shell:Skip shell extension 'dsv' for command environment
[0.969s] DEBUG:colcon.colcon_core.event_handler.log_command:Invoking command in '/home/mrxiuer/project/毕设/demo/src/build/wamv_gazebo': CMAKE_PREFIX_PATH=${CMAKE_PREFIX_PATH}:/opt/ros/humble GZ_SIM_RESOURCE_PATH=/home/mrxiuer/project/毕设/demo/src/install/share:${GZ_SIM_RESOURCE_PATH} LD_LIBRARY_PATH=/home/mrxiuer/project/毕设/demo/src/install/lib:/usr/local/lib:/opt/ros/humble/opt/rviz_ogre_vendor/lib:/opt/ros/humble/lib/x86_64-linux-gnu:/opt/ros/humble/lib /usr/bin/cmake --build /home/mrxiuer/project/毕设/demo/src/build/wamv_gazebo -- -j16 -l16
[1.012s] DEBUG:colcon.colcon_core.event_handler.log_command:Invoked command in '/home/mrxiuer/project/毕设/demo/src/build/wamv_gazebo' returned '0': CMAKE_PREFIX_PATH=${CMAKE_PREFIX_PATH}:/opt/ros/humble GZ_SIM_RESOURCE_PATH=/home/mrxiuer/project/毕设/demo/src/install/share:${GZ_SIM_RESOURCE_PATH} LD_LIBRARY_PATH=/home/mrxiuer/project/毕设/demo/src/install/lib:/usr/local/lib:/opt/ros/humble/opt/rviz_ogre_vendor/lib:/opt/ros/humble/lib/x86_64-linux-gnu:/opt/ros/humble/lib /usr/bin/cmake --build /home/mrxiuer/project/毕设/demo/src/build/wamv_gazebo -- -j16 -l16
[1.015s] DEBUG:colcon.colcon_core.event_handler.log_command:Invoking command in '/home/mrxiuer/project/毕设/demo/src/build/wamv_gazebo': CMAKE_PREFIX_PATH=${CMAKE_PREFIX_PATH}:/opt/ros/humble GZ_SIM_RESOURCE_PATH=/home/mrxiuer/project/毕设/demo/src/install/share:${GZ_SIM_RESOURCE_PATH} LD_LIBRARY_PATH=/home/mrxiuer/project/毕设/demo/src/install/lib:/usr/local/lib:/opt/ros/humble/opt/rviz_ogre_vendor/lib:/opt/ros/humble/lib/x86_64-linux-gnu:/opt/ros/humble/lib /usr/bin/cmake --install /home/mrxiuer/project/毕设/demo/src/build/wamv_gazebo
[1.026s] Level 1:colcon.colcon_core.environment:create_environment_scripts_only(wamv_gazebo)
[1.027s] Level 1:colcon.colcon_core.environment:checking '/home/mrxiuer/project/毕设/demo/src/install' for CMake module files
[1.027s] DEBUG:colcon.colcon_core.event_handler.log_command:Invoked command in '/home/mrxiuer/project/毕设/demo/src/build/wamv_gazebo' returned '0': CMAKE_PREFIX_PATH=${CMAKE_PREFIX_PATH}:/opt/ros/humble GZ_SIM_RESOURCE_PATH=/home/mrxiuer/project/毕设/demo/src/install/share:${GZ_SIM_RESOURCE_PATH} LD_LIBRARY_PATH=/home/mrxiuer/project/毕设/demo/src/install/lib:/usr/local/lib:/opt/ros/humble/opt/rviz_ogre_vendor/lib:/opt/ros/humble/lib/x86_64-linux-gnu:/opt/ros/humble/lib /usr/bin/cmake --install /home/mrxiuer/project/毕设/demo/src/build/wamv_gazebo
[1.028s] Level 1:colcon.colcon_core.environment:checking '/home/mrxiuer/project/毕设/demo/src/install' for CMake config files
[1.028s] Level 1:colcon.colcon_core.shell:create_environment_hook('wamv_gazebo', 'cmake_prefix_path')
[1.029s] INFO:colcon.colcon_core.shell:Creating environment hook '/home/mrxiuer/project/毕设/demo/src/install/share/wamv_gazebo/hook/cmake_prefix_path.ps1'
[1.029s] INFO:colcon.colcon_core.shell:Creating environment descriptor '/home/mrxiuer/project/毕设/demo/src/install/share/wamv_gazebo/hook/cmake_prefix_path.dsv'
[1.029s] INFO:colcon.colcon_core.shell:Creating environment hook '/home/mrxiuer/project/毕设/demo/src/install/share/wamv_gazebo/hook/cmake_prefix_path.sh'
[1.030s] Level 1:colcon.colcon_core.environment:checking '/home/mrxiuer/project/毕设/demo/src/install/lib'
[1.030s] Level 1:colcon.colcon_core.shell:create_environment_hook('wamv_gazebo', 'ld_library_path_lib')
[1.030s] INFO:colcon.colcon_core.shell:Creating environment hook '/home/mrxiuer/project/毕设/demo/src/install/share/wamv_gazebo/hook/ld_library_path_lib.ps1'
[1.031s] INFO:colcon.colcon_core.shell:Creating environment descriptor '/home/mrxiuer/project/毕设/demo/src/install/share/wamv_gazebo/hook/ld_library_path_lib.dsv'
[1.031s] INFO:colcon.colcon_core.shell:Creating environment hook '/home/mrxiuer/project/毕设/demo/src/install/share/wamv_gazebo/hook/ld_library_path_lib.sh'
[1.031s] Level 1:colcon.colcon_core.environment:checking '/home/mrxiuer/project/毕设/demo/src/install/bin'
[1.031s] Level 1:colcon.colcon_core.environment:checking '/home/mrxiuer/project/毕设/demo/src/install/lib/pkgconfig/wamv_gazebo.pc'
[1.031s] Level 1:colcon.colcon_core.environment:checking '/home/mrxiuer/project/毕设/demo/src/install/lib/python3.10/site-packages'
[1.032s] Level 1:colcon.colcon_core.environment:checking '/home/mrxiuer/project/毕设/demo/src/install/bin'
[1.032s] INFO:colcon.colcon_core.shell:Creating package script '/home/mrxiuer/project/毕设/demo/src/install/share/wamv_gazebo/package.ps1'
[1.032s] INFO:colcon.colcon_core.shell:Creating package descriptor '/home/mrxiuer/project/毕设/demo/src/install/share/wamv_gazebo/package.dsv'
[1.033s] INFO:colcon.colcon_core.shell:Creating package script '/home/mrxiuer/project/毕设/demo/src/install/share/wamv_gazebo/package.sh'
[1.033s] INFO:colcon.colcon_core.shell:Creating package script '/home/mrxiuer/project/毕设/demo/src/install/share/wamv_gazebo/package.bash'
[1.033s] INFO:colcon.colcon_core.shell:Creating package script '/home/mrxiuer/project/毕设/demo/src/install/share/wamv_gazebo/package.zsh'
[1.034s] Level 1:colcon.colcon_core.environment:create_file_with_runtime_dependencies(/home/mrxiuer/project/毕设/demo/src/install/share/colcon-core/packages/wamv_gazebo)
[1.034s] Level 1:colcon.colcon_core.environment:create_environment_scripts_only(wamv_gazebo)
[1.034s] Level 1:colcon.colcon_core.environment:checking '/home/mrxiuer/project/毕设/demo/src/install' for CMake module files
[1.035s] Level 1:colcon.colcon_core.environment:checking '/home/mrxiuer/project/毕设/demo/src/install' for CMake config files
[1.036s] Level 1:colcon.colcon_core.shell:create_environment_hook('wamv_gazebo', 'cmake_prefix_path')
[1.036s] INFO:colcon.colcon_core.shell:Creating environment hook '/home/mrxiuer/project/毕设/demo/src/install/share/wamv_gazebo/hook/cmake_prefix_path.ps1'
[1.036s] INFO:colcon.colcon_core.shell:Creating environment descriptor '/home/mrxiuer/project/毕设/demo/src/install/share/wamv_gazebo/hook/cmake_prefix_path.dsv'
[1.037s] INFO:colcon.colcon_core.shell:Creating environment hook '/home/mrxiuer/project/毕设/demo/src/install/share/wamv_gazebo/hook/cmake_prefix_path.sh'
[1.037s] Level 1:colcon.colcon_core.environment:checking '/home/mrxiuer/project/毕设/demo/src/install/lib'
[1.037s] Level 1:colcon.colcon_core.shell:create_environment_hook('wamv_gazebo', 'ld_library_path_lib')
[1.037s] INFO:colcon.colcon_core.shell:Creating environment hook '/home/mrxiuer/project/毕设/demo/src/install/share/wamv_gazebo/hook/ld_library_path_lib.ps1'
[1.038s] INFO:colcon.colcon_core.shell:Creating environment descriptor '/home/mrxiuer/project/毕设/demo/src/install/share/wamv_gazebo/hook/ld_library_path_lib.dsv'
[1.038s] INFO:colcon.colcon_core.shell:Creating environment hook '/home/mrxiuer/project/毕设/demo/src/install/share/wamv_gazebo/hook/ld_library_path_lib.sh'
[1.039s] Level 1:colcon.colcon_core.environment:checking '/home/mrxiuer/project/毕设/demo/src/install/bin'
[1.039s] Level 1:colcon.colcon_core.environment:checking '/home/mrxiuer/project/毕设/demo/src/install/lib/pkgconfig/wamv_gazebo.pc'
[1.039s] Level 1:colcon.colcon_core.environment:checking '/home/mrxiuer/project/毕设/demo/src/install/lib/python3.10/site-packages'
[1.039s] Level 1:colcon.colcon_core.environment:checking '/home/mrxiuer/project/毕设/demo/src/install/bin'
[1.039s] INFO:colcon.colcon_core.shell:Creating package script '/home/mrxiuer/project/毕设/demo/src/install/share/wamv_gazebo/package.ps1'
[1.040s] INFO:colcon.colcon_core.shell:Creating package descriptor '/home/mrxiuer/project/毕设/demo/src/install/share/wamv_gazebo/package.dsv'
[1.040s] INFO:colcon.colcon_core.shell:Creating package script '/home/mrxiuer/project/毕设/demo/src/install/share/wamv_gazebo/package.sh'
[1.040s] INFO:colcon.colcon_core.shell:Creating package script '/home/mrxiuer/project/毕设/demo/src/install/share/wamv_gazebo/package.bash'
[1.041s] INFO:colcon.colcon_core.shell:Creating package script '/home/mrxiuer/project/毕设/demo/src/install/share/wamv_gazebo/package.zsh'
[1.041s] Level 1:colcon.colcon_core.environment:create_file_with_runtime_dependencies(/home/mrxiuer/project/毕设/demo/src/install/share/colcon-core/packages/wamv_gazebo)
[11.030s] DEBUG:colcon.colcon_core.event_handler.log_command:Invoked command in '/home/mrxiuer/project/毕设/demo/src/build/vrx_ros' returned '0': CMAKE_PREFIX_PATH=${CMAKE_PREFIX_PATH}:/opt/ros/humble /usr/bin/cmake --build /home/mrxiuer/project/毕设/demo/src/build/vrx_ros -- -j16 -l16
[11.033s] DEBUG:colcon.colcon_core.event_handler.log_command:Invoking command in '/home/mrxiuer/project/毕设/demo/src/build/vrx_ros': CMAKE_PREFIX_PATH=${CMAKE_PREFIX_PATH}:/opt/ros/humble /usr/bin/cmake --install /home/mrxiuer/project/毕设/demo/src/build/vrx_ros
[11.055s] Level 1:colcon.colcon_core.environment:create_environment_scripts_only(vrx_ros)
[11.055s] Level 1:colcon.colcon_core.environment:checking '/home/mrxiuer/project/毕设/demo/src/install' for CMake module files
[11.055s] DEBUG:colcon.colcon_core.event_handler.log_command:Invoked command in '/home/mrxiuer/project/毕设/demo/src/build/vrx_ros' returned '0': CMAKE_PREFIX_PATH=${CMAKE_PREFIX_PATH}:/opt/ros/humble /usr/bin/cmake --install /home/mrxiuer/project/毕设/demo/src/build/vrx_ros
[11.056s] Level 1:colcon.colcon_core.environment:checking '/home/mrxiuer/project/毕设/demo/src/install' for CMake config files
[11.056s] Level 1:colcon.colcon_core.shell:create_environment_hook('vrx_ros', 'cmake_prefix_path')
[11.056s] INFO:colcon.colcon_core.shell:Creating environment hook '/home/mrxiuer/project/毕设/demo/src/install/share/vrx_ros/hook/cmake_prefix_path.ps1'
[11.057s] INFO:colcon.colcon_core.shell:Creating environment descriptor '/home/mrxiuer/project/毕设/demo/src/install/share/vrx_ros/hook/cmake_prefix_path.dsv'
[11.057s] INFO:colcon.colcon_core.shell:Creating environment hook '/home/mrxiuer/project/毕设/demo/src/install/share/vrx_ros/hook/cmake_prefix_path.sh'
[11.057s] Level 1:colcon.colcon_core.environment:checking '/home/mrxiuer/project/毕设/demo/src/install/lib'
[11.058s] Level 1:colcon.colcon_core.shell:create_environment_hook('vrx_ros', 'ld_library_path_lib')
[11.058s] INFO:colcon.colcon_core.shell:Creating environment hook '/home/mrxiuer/project/毕设/demo/src/install/share/vrx_ros/hook/ld_library_path_lib.ps1'
[11.058s] INFO:colcon.colcon_core.shell:Creating environment descriptor '/home/mrxiuer/project/毕设/demo/src/install/share/vrx_ros/hook/ld_library_path_lib.dsv'
[11.058s] INFO:colcon.colcon_core.shell:Creating environment hook '/home/mrxiuer/project/毕设/demo/src/install/share/vrx_ros/hook/ld_library_path_lib.sh'
[11.059s] Level 1:colcon.colcon_core.environment:checking '/home/mrxiuer/project/毕设/demo/src/install/bin'
[11.059s] Level 1:colcon.colcon_core.environment:checking '/home/mrxiuer/project/毕设/demo/src/install/lib/pkgconfig/vrx_ros.pc'
[11.059s] Level 1:colcon.colcon_core.environment:checking '/home/mrxiuer/project/毕设/demo/src/install/lib/python3.10/site-packages'
[11.059s] Level 1:colcon.colcon_core.environment:checking '/home/mrxiuer/project/毕设/demo/src/install/bin'
[11.059s] INFO:colcon.colcon_core.shell:Creating package script '/home/mrxiuer/project/毕设/demo/src/install/share/vrx_ros/package.ps1'
[11.060s] INFO:colcon.colcon_core.shell:Creating package descriptor '/home/mrxiuer/project/毕设/demo/src/install/share/vrx_ros/package.dsv'
[11.060s] INFO:colcon.colcon_core.shell:Creating package script '/home/mrxiuer/project/毕设/demo/src/install/share/vrx_ros/package.sh'
[11.061s] INFO:colcon.colcon_core.shell:Creating package script '/home/mrxiuer/project/毕设/demo/src/install/share/vrx_ros/package.bash'
[11.061s] INFO:colcon.colcon_core.shell:Creating package script '/home/mrxiuer/project/毕设/demo/src/install/share/vrx_ros/package.zsh'
[11.061s] Level 1:colcon.colcon_core.environment:create_file_with_runtime_dependencies(/home/mrxiuer/project/毕设/demo/src/install/share/colcon-core/packages/vrx_ros)
[11.062s] Level 1:colcon.colcon_core.environment:create_environment_scripts_only(vrx_ros)
[11.062s] Level 1:colcon.colcon_core.environment:checking '/home/mrxiuer/project/毕设/demo/src/install' for CMake module files
[11.062s] Level 1:colcon.colcon_core.environment:checking '/home/mrxiuer/project/毕设/demo/src/install' for CMake config files
[11.063s] Level 1:colcon.colcon_core.shell:create_environment_hook('vrx_ros', 'cmake_prefix_path')
[11.063s] INFO:colcon.colcon_core.shell:Creating environment hook '/home/mrxiuer/project/毕设/demo/src/install/share/vrx_ros/hook/cmake_prefix_path.ps1'
[11.063s] INFO:colcon.colcon_core.shell:Creating environment descriptor '/home/mrxiuer/project/毕设/demo/src/install/share/vrx_ros/hook/cmake_prefix_path.dsv'
[11.064s] INFO:colcon.colcon_core.shell:Creating environment hook '/home/mrxiuer/project/毕设/demo/src/install/share/vrx_ros/hook/cmake_prefix_path.sh'
[11.064s] Level 1:colcon.colcon_core.environment:checking '/home/mrxiuer/project/毕设/demo/src/install/lib'
[11.064s] Level 1:colcon.colcon_core.shell:create_environment_hook('vrx_ros', 'ld_library_path_lib')
[11.064s] INFO:colcon.colcon_core.shell:Creating environment hook '/home/mrxiuer/project/毕设/demo/src/install/share/vrx_ros/hook/ld_library_path_lib.ps1'
[11.065s] INFO:colcon.colcon_core.shell:Creating environment descriptor '/home/mrxiuer/project/毕设/demo/src/install/share/vrx_ros/hook/ld_library_path_lib.dsv'
[11.065s] INFO:colcon.colcon_core.shell:Creating environment hook '/home/mrxiuer/project/毕设/demo/src/install/share/vrx_ros/hook/ld_library_path_lib.sh'
[11.065s] Level 1:colcon.colcon_core.environment:checking '/home/mrxiuer/project/毕设/demo/src/install/bin'
[11.065s] Level 1:colcon.colcon_core.environment:checking '/home/mrxiuer/project/毕设/demo/src/install/lib/pkgconfig/vrx_ros.pc'
[11.066s] Level 1:colcon.colcon_core.environment:checking '/home/mrxiuer/project/毕设/demo/src/install/lib/python3.10/site-packages'
[11.066s] Level 1:colcon.colcon_core.environment:checking '/home/mrxiuer/project/毕设/demo/src/install/bin'
[11.066s] INFO:colcon.colcon_core.shell:Creating package script '/home/mrxiuer/project/毕设/demo/src/install/share/vrx_ros/package.ps1'
[11.067s] INFO:colcon.colcon_core.shell:Creating package descriptor '/home/mrxiuer/project/毕设/demo/src/install/share/vrx_ros/package.dsv'
[11.067s] INFO:colcon.colcon_core.shell:Creating package script '/home/mrxiuer/project/毕设/demo/src/install/share/vrx_ros/package.sh'
[11.068s] INFO:colcon.colcon_core.shell:Creating package script '/home/mrxiuer/project/毕设/demo/src/install/share/vrx_ros/package.bash'
[11.068s] INFO:colcon.colcon_core.shell:Creating package script '/home/mrxiuer/project/毕设/demo/src/install/share/vrx_ros/package.zsh'
[11.068s] Level 1:colcon.colcon_core.environment:create_file_with_runtime_dependencies(/home/mrxiuer/project/毕设/demo/src/install/share/colcon-core/packages/vrx_ros)
[11.069s] INFO:colcon.colcon_ros.task.ament_cmake.build:Building ROS package in '/home/mrxiuer/project/毕设/demo/src/vrx/vrx_gz' with build type 'ament_cmake'
[11.069s] INFO:colcon.colcon_cmake.task.cmake.build:Building CMake package in '/home/mrxiuer/project/毕设/demo/src/vrx/vrx_gz'
[11.069s] INFO:colcon.colcon_core.shell:Skip shell extension 'powershell' for command environment: Not usable outside of PowerShell
[11.069s] DEBUG:colcon.colcon_core.shell:Skip shell extension 'dsv' for command environment
[11.081s] DEBUG:colcon.colcon_core.event_handler.log_command:Invoking command in '/home/mrxiuer/project/毕设/demo/src/build/vrx_gz': CMAKE_PREFIX_PATH=${CMAKE_PREFIX_PATH}:/opt/ros/humble LD_LIBRARY_PATH=/home/mrxiuer/project/毕设/demo/src/install/lib:/usr/local/lib:/opt/ros/humble/opt/rviz_ogre_vendor/lib:/opt/ros/humble/lib/x86_64-linux-gnu:/opt/ros/humble/lib /usr/bin/cmake --build /home/mrxiuer/project/毕设/demo/src/build/vrx_gz -- -j16 -l16
[31.590s] DEBUG:colcon.colcon_core.event_handler.log_command:Invoked command in '/home/mrxiuer/project/毕设/demo/src/build/vrx_gz' returned '0': CMAKE_PREFIX_PATH=${CMAKE_PREFIX_PATH}:/opt/ros/humble LD_LIBRARY_PATH=/home/mrxiuer/project/毕设/demo/src/install/lib:/usr/local/lib:/opt/ros/humble/opt/rviz_ogre_vendor/lib:/opt/ros/humble/lib/x86_64-linux-gnu:/opt/ros/humble/lib /usr/bin/cmake --build /home/mrxiuer/project/毕设/demo/src/build/vrx_gz -- -j16 -l16
[31.592s] DEBUG:colcon.colcon_core.event_handler.log_command:Invoking command in '/home/mrxiuer/project/毕设/demo/src/build/vrx_gz': CMAKE_PREFIX_PATH=${CMAKE_PREFIX_PATH}:/opt/ros/humble LD_LIBRARY_PATH=/home/mrxiuer/project/毕设/demo/src/install/lib:/usr/local/lib:/opt/ros/humble/opt/rviz_ogre_vendor/lib:/opt/ros/humble/lib/x86_64-linux-gnu:/opt/ros/humble/lib /usr/bin/cmake --install /home/mrxiuer/project/毕设/demo/src/build/vrx_gz
[31.701s] Level 1:colcon.colcon_core.environment:create_environment_scripts_only(vrx_gz)
[31.701s] Level 1:colcon.colcon_core.environment:checking '/home/mrxiuer/project/毕设/demo/src/install' for CMake module files
[31.704s] Level 1:colcon.colcon_core.environment:checking '/home/mrxiuer/project/毕设/demo/src/install' for CMake config files
[31.706s] DEBUG:colcon.colcon_core.event_handler.log_command:Invoked command in '/home/mrxiuer/project/毕设/demo/src/build/vrx_gz' returned '0': CMAKE_PREFIX_PATH=${CMAKE_PREFIX_PATH}:/opt/ros/humble LD_LIBRARY_PATH=/home/mrxiuer/project/毕设/demo/src/install/lib:/usr/local/lib:/opt/ros/humble/opt/rviz_ogre_vendor/lib:/opt/ros/humble/lib/x86_64-linux-gnu:/opt/ros/humble/lib /usr/bin/cmake --install /home/mrxiuer/project/毕设/demo/src/build/vrx_gz
[31.707s] Level 1:colcon.colcon_core.shell:create_environment_hook('vrx_gz', 'cmake_prefix_path')
[31.707s] INFO:colcon.colcon_core.shell:Creating environment hook '/home/mrxiuer/project/毕设/demo/src/install/share/vrx_gz/hook/cmake_prefix_path.ps1'
[31.707s] INFO:colcon.colcon_core.shell:Creating environment descriptor '/home/mrxiuer/project/毕设/demo/src/install/share/vrx_gz/hook/cmake_prefix_path.dsv'
[31.708s] INFO:colcon.colcon_core.shell:Creating environment hook '/home/mrxiuer/project/毕设/demo/src/install/share/vrx_gz/hook/cmake_prefix_path.sh'
[31.708s] Level 1:colcon.colcon_core.environment:checking '/home/mrxiuer/project/毕设/demo/src/install/lib'
[31.708s] Level 1:colcon.colcon_core.shell:create_environment_hook('vrx_gz', 'ld_library_path_lib')
[31.708s] INFO:colcon.colcon_core.shell:Creating environment hook '/home/mrxiuer/project/毕设/demo/src/install/share/vrx_gz/hook/ld_library_path_lib.ps1'
[31.709s] INFO:colcon.colcon_core.shell:Creating environment descriptor '/home/mrxiuer/project/毕设/demo/src/install/share/vrx_gz/hook/ld_library_path_lib.dsv'
[31.709s] INFO:colcon.colcon_core.shell:Creating environment hook '/home/mrxiuer/project/毕设/demo/src/install/share/vrx_gz/hook/ld_library_path_lib.sh'
[31.709s] Level 1:colcon.colcon_core.environment:checking '/home/mrxiuer/project/毕设/demo/src/install/bin'
[31.709s] Level 1:colcon.colcon_core.environment:checking '/home/mrxiuer/project/毕设/demo/src/install/lib/pkgconfig/vrx_gz.pc'
[31.709s] Level 1:colcon.colcon_core.environment:checking '/home/mrxiuer/project/毕设/demo/src/install/lib/python3.10/site-packages'
[31.710s] Level 1:colcon.colcon_core.environment:checking '/home/mrxiuer/project/毕设/demo/src/install/bin'
[31.710s] INFO:colcon.colcon_core.shell:Creating package script '/home/mrxiuer/project/毕设/demo/src/install/share/vrx_gz/package.ps1'
[31.710s] INFO:colcon.colcon_core.shell:Creating package descriptor '/home/mrxiuer/project/毕设/demo/src/install/share/vrx_gz/package.dsv'
[31.711s] INFO:colcon.colcon_core.shell:Creating package script '/home/mrxiuer/project/毕设/demo/src/install/share/vrx_gz/package.sh'
[31.711s] INFO:colcon.colcon_core.shell:Creating package script '/home/mrxiuer/project/毕设/demo/src/install/share/vrx_gz/package.bash'
[31.711s] INFO:colcon.colcon_core.shell:Creating package script '/home/mrxiuer/project/毕设/demo/src/install/share/vrx_gz/package.zsh'
[31.712s] Level 1:colcon.colcon_core.environment:create_file_with_runtime_dependencies(/home/mrxiuer/project/毕设/demo/src/install/share/colcon-core/packages/vrx_gz)
[31.712s] Level 1:colcon.colcon_core.environment:create_environment_scripts_only(vrx_gz)
[31.712s] Level 1:colcon.colcon_core.environment:checking '/home/mrxiuer/project/毕设/demo/src/install' for CMake module files
[31.713s] Level 1:colcon.colcon_core.environment:checking '/home/mrxiuer/project/毕设/demo/src/install' for CMake config files
[31.713s] Level 1:colcon.colcon_core.shell:create_environment_hook('vrx_gz', 'cmake_prefix_path')
[31.713s] INFO:colcon.colcon_core.shell:Creating environment hook '/home/mrxiuer/project/毕设/demo/src/install/share/vrx_gz/hook/cmake_prefix_path.ps1'
[31.713s] INFO:colcon.colcon_core.shell:Creating environment descriptor '/home/mrxiuer/project/毕设/demo/src/install/share/vrx_gz/hook/cmake_prefix_path.dsv'
[31.714s] INFO:colcon.colcon_core.shell:Creating environment hook '/home/mrxiuer/project/毕设/demo/src/install/share/vrx_gz/hook/cmake_prefix_path.sh'
[31.714s] Level 1:colcon.colcon_core.environment:checking '/home/mrxiuer/project/毕设/demo/src/install/lib'
[31.714s] Level 1:colcon.colcon_core.shell:create_environment_hook('vrx_gz', 'ld_library_path_lib')
[31.714s] INFO:colcon.colcon_core.shell:Creating environment hook '/home/mrxiuer/project/毕设/demo/src/install/share/vrx_gz/hook/ld_library_path_lib.ps1'
[31.715s] INFO:colcon.colcon_core.shell:Creating environment descriptor '/home/mrxiuer/project/毕设/demo/src/install/share/vrx_gz/hook/ld_library_path_lib.dsv'
[31.715s] INFO:colcon.colcon_core.shell:Creating environment hook '/home/mrxiuer/project/毕设/demo/src/install/share/vrx_gz/hook/ld_library_path_lib.sh'
[31.715s] Level 1:colcon.colcon_core.environment:checking '/home/mrxiuer/project/毕设/demo/src/install/bin'
[31.715s] Level 1:colcon.colcon_core.environment:checking '/home/mrxiuer/project/毕设/demo/src/install/lib/pkgconfig/vrx_gz.pc'
[31.715s] Level 1:colcon.colcon_core.environment:checking '/home/mrxiuer/project/毕设/demo/src/install/lib/python3.10/site-packages'
[31.715s] Level 1:colcon.colcon_core.environment:checking '/home/mrxiuer/project/毕设/demo/src/install/bin'
[31.716s] INFO:colcon.colcon_core.shell:Creating package script '/home/mrxiuer/project/毕设/demo/src/install/share/vrx_gz/package.ps1'
[31.716s] INFO:colcon.colcon_core.shell:Creating package descriptor '/home/mrxiuer/project/毕设/demo/src/install/share/vrx_gz/package.dsv'
[31.717s] INFO:colcon.colcon_core.shell:Creating package script '/home/mrxiuer/project/毕设/demo/src/install/share/vrx_gz/package.sh'
[31.717s] INFO:colcon.colcon_core.shell:Creating package script '/home/mrxiuer/project/毕设/demo/src/install/share/vrx_gz/package.bash'
[31.717s] INFO:colcon.colcon_core.shell:Creating package script '/home/mrxiuer/project/毕设/demo/src/install/share/vrx_gz/package.zsh'
[31.718s] Level 1:colcon.colcon_core.environment:create_file_with_runtime_dependencies(/home/mrxiuer/project/毕设/demo/src/install/share/colcon-core/packages/vrx_gz)
[31.718s] DEBUG:colcon.colcon_parallel_executor.executor.parallel:closing loop
[31.718s] DEBUG:colcon.colcon_parallel_executor.executor.parallel:loop closed
[31.718s] DEBUG:colcon.colcon_parallel_executor.executor.parallel:run_until_complete finished with '0'
[31.718s] DEBUG:colcon.colcon_core.event_reactor:joining thread
[31.723s] INFO:colcon.colcon_core.plugin_system:Skipping extension 'colcon_notification.desktop_notification.terminal_notifier': Not used on non-Darwin systems
[31.723s] INFO:colcon.colcon_core.plugin_system:Skipping extension 'colcon_notification.desktop_notification.win32': Not used on non-Windows systems
[31.723s] INFO:colcon.colcon_notification.desktop_notification:Sending desktop notification using 'notify2'
[31.747s] DEBUG:colcon.colcon_core.event_reactor:joined thread
[31.748s] INFO:colcon.colcon_core.shell:Creating prefix script '/home/mrxiuer/project/毕设/demo/src/install/local_setup.ps1'
[31.749s] INFO:colcon.colcon_core.shell:Creating prefix util module '/home/mrxiuer/project/毕设/demo/src/install/_local_setup_util_ps1.py'
[31.750s] INFO:colcon.colcon_core.shell:Creating prefix chain script '/home/mrxiuer/project/毕设/demo/src/install/setup.ps1'
[31.751s] INFO:colcon.colcon_core.shell:Creating prefix script '/home/mrxiuer/project/毕设/demo/src/install/local_setup.sh'
[31.752s] INFO:colcon.colcon_core.shell:Creating prefix util module '/home/mrxiuer/project/毕设/demo/src/install/_local_setup_util_sh.py'
[31.752s] INFO:colcon.colcon_core.shell:Creating prefix chain script '/home/mrxiuer/project/毕设/demo/src/install/setup.sh'
[31.754s] INFO:colcon.colcon_core.shell:Creating prefix script '/home/mrxiuer/project/毕设/demo/src/install/local_setup.bash'
[31.754s] INFO:colcon.colcon_core.shell:Creating prefix chain script '/home/mrxiuer/project/毕设/demo/src/install/setup.bash'
[31.755s] INFO:colcon.colcon_core.shell:Creating prefix script '/home/mrxiuer/project/毕设/demo/src/install/local_setup.zsh'
[31.756s] INFO:colcon.colcon_core.shell:Creating prefix chain script '/home/mrxiuer/project/毕设/demo/src/install/setup.zsh'
