[0.009s] Invoking command in '/home/mrxiuer/project/毕设/demo/src/build/wamv_description': CMAKE_PREFIX_PATH=${CMAKE_PREFIX_PATH}:/opt/ros/humble GZ_SIM_RESOURCE_PATH=/home/mrxiuer/project/毕设/demo/src/install/share:${GZ_SIM_RESOURCE_PATH} /usr/bin/cmake /home/mrxiuer/project/毕设/demo/src/vrx/vrx_urdf/wamv_description -DCMAKE_INSTALL_PREFIX=/home/mrxiuer/project/毕设/demo/src/install
[0.062s] -- The C compiler identification is GNU 11.4.0
[0.114s] -- The CXX compiler identification is GNU 11.4.0
[0.122s] -- Detecting C compiler ABI info
[0.191s] -- Detecting C compiler ABI info - done
[0.197s] -- Check for working C compiler: /usr/bin/cc - skipped
[0.198s] -- Detecting C compile features
[0.198s] -- Detecting C compile features - done
[0.200s] -- Detecting CXX compiler ABI info
[0.277s] -- Detecting CXX compiler ABI info - done
[0.282s] -- Check for working CXX compiler: /usr/bin/c++ - skipped
[0.283s] -- Detecting CXX compile features
[0.283s] -- Detecting CXX compile features - done
[0.285s] -- Found ament_cmake: 1.3.11 (/opt/ros/humble/share/ament_cmake/cmake)
[0.419s] -- Found Python3: /usr/bin/python3 (found version "3.10.12") found components: Interpreter 
[0.498s] -- Found xacro: 2.0.13 (/opt/ros/humble/share/xacro/cmake)
[0.499s] -- xacro: determining deps for: urdf/wamv_base.urdf.xacro ...
[0.649s] -- Configuring done
[0.653s] -- Generating done
[0.655s] -- Build files have been written to: /home/mrxiuer/project/毕设/demo/src/build/wamv_description
[0.659s] Invoked command in '/home/mrxiuer/project/毕设/demo/src/build/wamv_description' returned '0': CMAKE_PREFIX_PATH=${CMAKE_PREFIX_PATH}:/opt/ros/humble GZ_SIM_RESOURCE_PATH=/home/mrxiuer/project/毕设/demo/src/install/share:${GZ_SIM_RESOURCE_PATH} /usr/bin/cmake /home/mrxiuer/project/毕设/demo/src/vrx/vrx_urdf/wamv_description -DCMAKE_INSTALL_PREFIX=/home/mrxiuer/project/毕设/demo/src/install
[0.660s] Invoking command in '/home/mrxiuer/project/毕设/demo/src/build/wamv_description': CMAKE_PREFIX_PATH=${CMAKE_PREFIX_PATH}:/opt/ros/humble GZ_SIM_RESOURCE_PATH=/home/mrxiuer/project/毕设/demo/src/install/share:${GZ_SIM_RESOURCE_PATH} /usr/bin/cmake --build /home/mrxiuer/project/毕设/demo/src/build/wamv_description -- -j16 -l16
[0.706s] [100%] [34m[1mxacro: generating urdf/wamv_base.urdf from urdf/wamv_base.urdf.xacro[0m
[0.803s] [100%] Built target wamv_description__xacro_auto_generate
[0.814s] Invoked command in '/home/mrxiuer/project/毕设/demo/src/build/wamv_description' returned '0': CMAKE_PREFIX_PATH=${CMAKE_PREFIX_PATH}:/opt/ros/humble GZ_SIM_RESOURCE_PATH=/home/mrxiuer/project/毕设/demo/src/install/share:${GZ_SIM_RESOURCE_PATH} /usr/bin/cmake --build /home/mrxiuer/project/毕设/demo/src/build/wamv_description -- -j16 -l16
[0.816s] Invoking command in '/home/mrxiuer/project/毕设/demo/src/build/wamv_description': CMAKE_PREFIX_PATH=${CMAKE_PREFIX_PATH}:/opt/ros/humble GZ_SIM_RESOURCE_PATH=/home/mrxiuer/project/毕设/demo/src/install/share:${GZ_SIM_RESOURCE_PATH} /usr/bin/cmake --install /home/mrxiuer/project/毕设/demo/src/build/wamv_description
[0.822s] -- Install configuration: ""
[0.822s] -- Installing: /home/mrxiuer/project/毕设/demo/src/install/share/wamv_description/environment/resource_paths.dsv
[0.823s] -- Installing: /home/mrxiuer/project/毕设/demo/src/install/share/wamv_description/environment/resource_paths.sh
[0.823s] -- Installing: /home/mrxiuer/project/毕设/demo/src/install/share/wamv_description/urdf/wamv_base.urdf
[0.823s] -- Installing: /home/mrxiuer/project/毕设/demo/src/install/share/wamv_description/models
[0.823s] -- Installing: /home/mrxiuer/project/毕设/demo/src/install/share/wamv_description/models/propeller
[0.823s] -- Installing: /home/mrxiuer/project/毕设/demo/src/install/share/wamv_description/models/propeller/mesh
[0.823s] -- Installing: /home/mrxiuer/project/毕设/demo/src/install/share/wamv_description/models/propeller/mesh/propeller.dae
[0.823s] -- Installing: /home/mrxiuer/project/毕设/demo/src/install/share/wamv_description/models/propeller/model.config
[0.823s] -- Installing: /home/mrxiuer/project/毕设/demo/src/install/share/wamv_description/models/WAM-V-Base
[0.824s] -- Installing: /home/mrxiuer/project/毕设/demo/src/install/share/wamv_description/models/WAM-V-Base/mesh
[0.824s] -- Installing: /home/mrxiuer/project/毕设/demo/src/install/share/wamv_description/models/WAM-V-Base/mesh/WamV.png
[0.826s] -- Installing: /home/mrxiuer/project/毕设/demo/src/install/share/wamv_description/models/WAM-V-Base/mesh/WAM-V_Metalness.png
[0.826s] -- Installing: /home/mrxiuer/project/毕设/demo/src/install/share/wamv_description/models/WAM-V-Base/mesh/WAM-V_Normal.png
[0.833s] -- Installing: /home/mrxiuer/project/毕设/demo/src/install/share/wamv_description/models/WAM-V-Base/mesh/WAM-V_Roughness.png
[0.837s] -- Installing: /home/mrxiuer/project/毕设/demo/src/install/share/wamv_description/models/WAM-V-Base/mesh/WAM-V-Base.dae
[0.839s] -- Installing: /home/mrxiuer/project/毕设/demo/src/install/share/wamv_description/models/WAM-V-Base/mesh/WAM-V_Albedo.png
[0.847s] -- Installing: /home/mrxiuer/project/毕设/demo/src/install/share/wamv_description/models/WAM-V-Base/model.config
[0.847s] -- Installing: /home/mrxiuer/project/毕设/demo/src/install/share/wamv_description/models/engine
[0.847s] -- Installing: /home/mrxiuer/project/毕设/demo/src/install/share/wamv_description/models/engine/mesh
[0.847s] -- Installing: /home/mrxiuer/project/毕设/demo/src/install/share/wamv_description/models/engine/mesh/engine.dae
[0.847s] -- Installing: /home/mrxiuer/project/毕设/demo/src/install/share/wamv_description/models/engine/model.config
[0.848s] -- Up-to-date: /home/mrxiuer/project/毕设/demo/src/install/share/wamv_description/urdf
[0.848s] -- Installing: /home/mrxiuer/project/毕设/demo/src/install/share/wamv_description/urdf/thrusters
[0.848s] -- Installing: /home/mrxiuer/project/毕设/demo/src/install/share/wamv_description/urdf/thrusters/engine.xacro
[0.848s] -- Installing: /home/mrxiuer/project/毕设/demo/src/install/share/wamv_description/urdf/wamv_base.urdf.xacro
[0.848s] -- Installing: /home/mrxiuer/project/毕设/demo/src/install/share/wamv_description/urdf/cpu_cases.xacro
[0.848s] -- Installing: /home/mrxiuer/project/毕设/demo/src/install/share/wamv_description/urdf/battery.xacro
[0.848s] -- Installing: /home/mrxiuer/project/毕设/demo/src/install/share/ament_index/resource_index/package_run_dependencies/wamv_description
[0.848s] -- Installing: /home/mrxiuer/project/毕设/demo/src/install/share/ament_index/resource_index/parent_prefix_path/wamv_description
[0.849s] -- Installing: /home/mrxiuer/project/毕设/demo/src/install/share/wamv_description/environment/ament_prefix_path.sh
[0.849s] -- Installing: /home/mrxiuer/project/毕设/demo/src/install/share/wamv_description/environment/ament_prefix_path.dsv
[0.849s] -- Installing: /home/mrxiuer/project/毕设/demo/src/install/share/wamv_description/environment/path.sh
[0.849s] -- Installing: /home/mrxiuer/project/毕设/demo/src/install/share/wamv_description/environment/path.dsv
[0.849s] -- Installing: /home/mrxiuer/project/毕设/demo/src/install/share/wamv_description/local_setup.bash
[0.849s] -- Installing: /home/mrxiuer/project/毕设/demo/src/install/share/wamv_description/local_setup.sh
[0.850s] -- Installing: /home/mrxiuer/project/毕设/demo/src/install/share/wamv_description/local_setup.zsh
[0.850s] -- Installing: /home/mrxiuer/project/毕设/demo/src/install/share/wamv_description/local_setup.dsv
[0.850s] -- Installing: /home/mrxiuer/project/毕设/demo/src/install/share/wamv_description/package.dsv
[0.850s] -- Installing: /home/mrxiuer/project/毕设/demo/src/install/share/ament_index/resource_index/packages/wamv_description
[0.850s] -- Installing: /home/mrxiuer/project/毕设/demo/src/install/share/wamv_description/cmake/wamv_descriptionConfig.cmake
[0.850s] -- Installing: /home/mrxiuer/project/毕设/demo/src/install/share/wamv_description/cmake/wamv_descriptionConfig-version.cmake
[0.851s] -- Installing: /home/mrxiuer/project/毕设/demo/src/install/share/wamv_description/package.xml
[0.853s] Invoked command in '/home/mrxiuer/project/毕设/demo/src/build/wamv_description' returned '0': CMAKE_PREFIX_PATH=${CMAKE_PREFIX_PATH}:/opt/ros/humble GZ_SIM_RESOURCE_PATH=/home/mrxiuer/project/毕设/demo/src/install/share:${GZ_SIM_RESOURCE_PATH} /usr/bin/cmake --install /home/mrxiuer/project/毕设/demo/src/build/wamv_description
