[0.090s] DEBUG:colcon:Command line arguments: ['/usr/bin/colcon', 'build', '--merge-install']
[0.090s] DEBUG:colcon:Parsed command line arguments: Namespace(log_base=None, log_level=None, verb_name='build', build_base='build', install_base='install', merge_install=True, symlink_install=False, test_result_base=None, continue_on_error=False, executor='parallel', parallel_workers=16, event_handlers=None, ignore_user_meta=False, metas=['./colcon.meta'], base_paths=['.'], packages_ignore=None, packages_ignore_regex=None, paths=None, packages_up_to=None, packages_up_to_regex=None, packages_above=None, packages_above_and_dependencies=None, packages_above_depth=None, packages_select_by_dep=None, packages_skip_by_dep=None, packages_skip_up_to=None, packages_select_build_failed=False, packages_skip_build_finished=False, packages_select_test_failures=False, packages_skip_test_passed=False, packages_select=None, packages_skip=None, packages_select_regex=None, packages_skip_regex=None, packages_start=None, packages_end=None, allow_overriding=[], cmake_args=None, cmake_target=None, cmake_target_skip_unavailable=False, cmake_clean_cache=False, cmake_clean_first=False, cmake_force_configure=False, ament_cmake_args=None, catkin_cmake_args=None, catkin_skip_building_tests=False, mixin_files=None, mixin=None, verb_parser=<colcon_mixin.mixin.mixin_argument.MixinArgumentDecorator object at 0x72f1e9d627a0>, verb_extension=<colcon_core.verb.build.BuildVerb object at 0x72f1e9e6f760>, main=<bound method BuildVerb.main of <colcon_core.verb.build.BuildVerb object at 0x72f1e9e6f760>>, mixin_verb=('build',))
[0.245s] Level 1:colcon.colcon_core.package_discovery:discover_packages(colcon_meta) check parameters
[0.245s] Level 1:colcon.colcon_core.package_discovery:discover_packages(recursive) check parameters
[0.245s] Level 1:colcon.colcon_core.package_discovery:discover_packages(ignore) check parameters
[0.245s] Level 1:colcon.colcon_core.package_discovery:discover_packages(path) check parameters
[0.245s] Level 1:colcon.colcon_core.package_discovery:discover_packages(colcon_meta) discover
[0.245s] Level 1:colcon.colcon_core.package_discovery:discover_packages(recursive) discover
[0.245s] INFO:colcon.colcon_core.package_discovery:Crawling recursively for packages in '/home/mrxiuer/project/毕设/demo/src'
[0.245s] Level 1:colcon.colcon_core.package_identification:_identify(.) by extensions ['ignore', 'ignore_ament_install']
[0.246s] Level 1:colcon.colcon_core.package_identification:_identify(.) by extension 'ignore'
[0.246s] Level 1:colcon.colcon_core.package_identification:_identify(.) by extension 'ignore_ament_install'
[0.246s] Level 1:colcon.colcon_core.package_identification:_identify(.) by extensions ['colcon_pkg']
[0.246s] Level 1:colcon.colcon_core.package_identification:_identify(.) by extension 'colcon_pkg'
[0.246s] Level 1:colcon.colcon_core.package_identification:_identify(.) by extensions ['colcon_meta']
[0.246s] Level 1:colcon.colcon_core.package_identification:_identify(.) by extension 'colcon_meta'
[0.246s] Level 1:colcon.colcon_core.package_identification:_identify(.) by extensions ['ros']
[0.246s] Level 1:colcon.colcon_core.package_identification:_identify(.) by extension 'ros'
[0.255s] Level 1:colcon.colcon_core.package_identification:_identify(.) by extensions ['cmake', 'python']
[0.255s] Level 1:colcon.colcon_core.package_identification:_identify(.) by extension 'cmake'
[0.255s] Level 1:colcon.colcon_core.package_identification:_identify(.) by extension 'python'
[0.255s] Level 1:colcon.colcon_core.package_identification:_identify(.) by extensions ['python_setup_py']
[0.256s] Level 1:colcon.colcon_core.package_identification:_identify(.) by extension 'python_setup_py'
[0.256s] Level 1:colcon.colcon_core.package_identification:_identify(build) by extensions ['ignore', 'ignore_ament_install']
[0.256s] Level 1:colcon.colcon_core.package_identification:_identify(build) by extension 'ignore'
[0.256s] Level 1:colcon.colcon_core.package_identification:_identify(build) ignored
[0.256s] Level 1:colcon.colcon_core.package_identification:_identify(install) by extensions ['ignore', 'ignore_ament_install']
[0.256s] Level 1:colcon.colcon_core.package_identification:_identify(install) by extension 'ignore'
[0.256s] Level 1:colcon.colcon_core.package_identification:_identify(install) ignored
[0.256s] Level 1:colcon.colcon_core.package_identification:_identify(log) by extensions ['ignore', 'ignore_ament_install']
[0.256s] Level 1:colcon.colcon_core.package_identification:_identify(log) by extension 'ignore'
[0.256s] Level 1:colcon.colcon_core.package_identification:_identify(log) ignored
[0.256s] Level 1:colcon.colcon_core.package_identification:_identify(vrx) by extensions ['ignore', 'ignore_ament_install']
[0.256s] Level 1:colcon.colcon_core.package_identification:_identify(vrx) by extension 'ignore'
[0.256s] Level 1:colcon.colcon_core.package_identification:_identify(vrx) by extension 'ignore_ament_install'
[0.256s] Level 1:colcon.colcon_core.package_identification:_identify(vrx) by extensions ['colcon_pkg']
[0.256s] Level 1:colcon.colcon_core.package_identification:_identify(vrx) by extension 'colcon_pkg'
[0.256s] Level 1:colcon.colcon_core.package_identification:_identify(vrx) by extensions ['colcon_meta']
[0.256s] Level 1:colcon.colcon_core.package_identification:_identify(vrx) by extension 'colcon_meta'
[0.257s] Level 1:colcon.colcon_core.package_identification:_identify(vrx) by extensions ['ros']
[0.257s] Level 1:colcon.colcon_core.package_identification:_identify(vrx) by extension 'ros'
[0.257s] Level 1:colcon.colcon_core.package_identification:_identify(vrx) by extensions ['cmake', 'python']
[0.257s] Level 1:colcon.colcon_core.package_identification:_identify(vrx) by extension 'cmake'
[0.257s] Level 1:colcon.colcon_core.package_identification:_identify(vrx) by extension 'python'
[0.257s] Level 1:colcon.colcon_core.package_identification:_identify(vrx) by extensions ['python_setup_py']
[0.257s] Level 1:colcon.colcon_core.package_identification:_identify(vrx) by extension 'python_setup_py'
[0.257s] Level 1:colcon.colcon_core.package_identification:_identify(vrx/images) by extensions ['ignore', 'ignore_ament_install']
[0.257s] Level 1:colcon.colcon_core.package_identification:_identify(vrx/images) by extension 'ignore'
[0.257s] Level 1:colcon.colcon_core.package_identification:_identify(vrx/images) by extension 'ignore_ament_install'
[0.257s] Level 1:colcon.colcon_core.package_identification:_identify(vrx/images) by extensions ['colcon_pkg']
[0.257s] Level 1:colcon.colcon_core.package_identification:_identify(vrx/images) by extension 'colcon_pkg'
[0.257s] Level 1:colcon.colcon_core.package_identification:_identify(vrx/images) by extensions ['colcon_meta']
[0.257s] Level 1:colcon.colcon_core.package_identification:_identify(vrx/images) by extension 'colcon_meta'
[0.257s] Level 1:colcon.colcon_core.package_identification:_identify(vrx/images) by extensions ['ros']
[0.257s] Level 1:colcon.colcon_core.package_identification:_identify(vrx/images) by extension 'ros'
[0.257s] Level 1:colcon.colcon_core.package_identification:_identify(vrx/images) by extensions ['cmake', 'python']
[0.257s] Level 1:colcon.colcon_core.package_identification:_identify(vrx/images) by extension 'cmake'
[0.257s] Level 1:colcon.colcon_core.package_identification:_identify(vrx/images) by extension 'python'
[0.257s] Level 1:colcon.colcon_core.package_identification:_identify(vrx/images) by extensions ['python_setup_py']
[0.257s] Level 1:colcon.colcon_core.package_identification:_identify(vrx/images) by extension 'python_setup_py'
[0.257s] Level 1:colcon.colcon_core.package_identification:_identify(vrx/vrx_gz) by extensions ['ignore', 'ignore_ament_install']
[0.257s] Level 1:colcon.colcon_core.package_identification:_identify(vrx/vrx_gz) by extension 'ignore'
[0.257s] Level 1:colcon.colcon_core.package_identification:_identify(vrx/vrx_gz) by extension 'ignore_ament_install'
[0.257s] Level 1:colcon.colcon_core.package_identification:_identify(vrx/vrx_gz) by extensions ['colcon_pkg']
[0.257s] Level 1:colcon.colcon_core.package_identification:_identify(vrx/vrx_gz) by extension 'colcon_pkg'
[0.258s] Level 1:colcon.colcon_core.package_identification:_identify(vrx/vrx_gz) by extensions ['colcon_meta']
[0.258s] Level 1:colcon.colcon_core.package_identification:_identify(vrx/vrx_gz) by extension 'colcon_meta'
[0.258s] Level 1:colcon.colcon_core.package_identification:_identify(vrx/vrx_gz) by extensions ['ros']
[0.258s] Level 1:colcon.colcon_core.package_identification:_identify(vrx/vrx_gz) by extension 'ros'
[0.260s] DEBUG:colcon.colcon_core.package_identification:Package 'vrx/vrx_gz' with type 'ros.ament_cmake' and name 'vrx_gz'
[0.260s] Level 1:colcon.colcon_core.package_identification:_identify(vrx/vrx_ros) by extensions ['ignore', 'ignore_ament_install']
[0.260s] Level 1:colcon.colcon_core.package_identification:_identify(vrx/vrx_ros) by extension 'ignore'
[0.260s] Level 1:colcon.colcon_core.package_identification:_identify(vrx/vrx_ros) by extension 'ignore_ament_install'
[0.260s] Level 1:colcon.colcon_core.package_identification:_identify(vrx/vrx_ros) by extensions ['colcon_pkg']
[0.260s] Level 1:colcon.colcon_core.package_identification:_identify(vrx/vrx_ros) by extension 'colcon_pkg'
[0.260s] Level 1:colcon.colcon_core.package_identification:_identify(vrx/vrx_ros) by extensions ['colcon_meta']
[0.260s] Level 1:colcon.colcon_core.package_identification:_identify(vrx/vrx_ros) by extension 'colcon_meta'
[0.260s] Level 1:colcon.colcon_core.package_identification:_identify(vrx/vrx_ros) by extensions ['ros']
[0.260s] Level 1:colcon.colcon_core.package_identification:_identify(vrx/vrx_ros) by extension 'ros'
[0.261s] DEBUG:colcon.colcon_core.package_identification:Package 'vrx/vrx_ros' with type 'ros.ament_cmake' and name 'vrx_ros'
[0.261s] Level 1:colcon.colcon_core.package_identification:_identify(vrx/vrx_urdf) by extensions ['ignore', 'ignore_ament_install']
[0.261s] Level 1:colcon.colcon_core.package_identification:_identify(vrx/vrx_urdf) by extension 'ignore'
[0.261s] Level 1:colcon.colcon_core.package_identification:_identify(vrx/vrx_urdf) by extension 'ignore_ament_install'
[0.261s] Level 1:colcon.colcon_core.package_identification:_identify(vrx/vrx_urdf) by extensions ['colcon_pkg']
[0.261s] Level 1:colcon.colcon_core.package_identification:_identify(vrx/vrx_urdf) by extension 'colcon_pkg'
[0.261s] Level 1:colcon.colcon_core.package_identification:_identify(vrx/vrx_urdf) by extensions ['colcon_meta']
[0.261s] Level 1:colcon.colcon_core.package_identification:_identify(vrx/vrx_urdf) by extension 'colcon_meta'
[0.261s] Level 1:colcon.colcon_core.package_identification:_identify(vrx/vrx_urdf) by extensions ['ros']
[0.261s] Level 1:colcon.colcon_core.package_identification:_identify(vrx/vrx_urdf) by extension 'ros'
[0.261s] Level 1:colcon.colcon_core.package_identification:_identify(vrx/vrx_urdf) by extensions ['cmake', 'python']
[0.261s] Level 1:colcon.colcon_core.package_identification:_identify(vrx/vrx_urdf) by extension 'cmake'
[0.261s] Level 1:colcon.colcon_core.package_identification:_identify(vrx/vrx_urdf) by extension 'python'
[0.261s] Level 1:colcon.colcon_core.package_identification:_identify(vrx/vrx_urdf) by extensions ['python_setup_py']
[0.261s] Level 1:colcon.colcon_core.package_identification:_identify(vrx/vrx_urdf) by extension 'python_setup_py'
[0.261s] Level 1:colcon.colcon_core.package_identification:_identify(vrx/vrx_urdf/vrx_gazebo) by extensions ['ignore', 'ignore_ament_install']
[0.262s] Level 1:colcon.colcon_core.package_identification:_identify(vrx/vrx_urdf/vrx_gazebo) by extension 'ignore'
[0.262s] Level 1:colcon.colcon_core.package_identification:_identify(vrx/vrx_urdf/vrx_gazebo) by extension 'ignore_ament_install'
[0.262s] Level 1:colcon.colcon_core.package_identification:_identify(vrx/vrx_urdf/vrx_gazebo) by extensions ['colcon_pkg']
[0.262s] Level 1:colcon.colcon_core.package_identification:_identify(vrx/vrx_urdf/vrx_gazebo) by extension 'colcon_pkg'
[0.262s] Level 1:colcon.colcon_core.package_identification:_identify(vrx/vrx_urdf/vrx_gazebo) by extensions ['colcon_meta']
[0.262s] Level 1:colcon.colcon_core.package_identification:_identify(vrx/vrx_urdf/vrx_gazebo) by extension 'colcon_meta'
[0.262s] Level 1:colcon.colcon_core.package_identification:_identify(vrx/vrx_urdf/vrx_gazebo) by extensions ['ros']
[0.262s] Level 1:colcon.colcon_core.package_identification:_identify(vrx/vrx_urdf/vrx_gazebo) by extension 'ros'
[0.264s] DEBUG:colcon.colcon_core.package_identification:Package 'vrx/vrx_urdf/vrx_gazebo' with type 'ros.ament_cmake' and name 'vrx_gazebo'
[0.264s] Level 1:colcon.colcon_core.package_identification:_identify(vrx/vrx_urdf/wamv_description) by extensions ['ignore', 'ignore_ament_install']
[0.264s] Level 1:colcon.colcon_core.package_identification:_identify(vrx/vrx_urdf/wamv_description) by extension 'ignore'
[0.264s] Level 1:colcon.colcon_core.package_identification:_identify(vrx/vrx_urdf/wamv_description) by extension 'ignore_ament_install'
[0.264s] Level 1:colcon.colcon_core.package_identification:_identify(vrx/vrx_urdf/wamv_description) by extensions ['colcon_pkg']
[0.264s] Level 1:colcon.colcon_core.package_identification:_identify(vrx/vrx_urdf/wamv_description) by extension 'colcon_pkg'
[0.264s] Level 1:colcon.colcon_core.package_identification:_identify(vrx/vrx_urdf/wamv_description) by extensions ['colcon_meta']
[0.264s] Level 1:colcon.colcon_core.package_identification:_identify(vrx/vrx_urdf/wamv_description) by extension 'colcon_meta'
[0.264s] Level 1:colcon.colcon_core.package_identification:_identify(vrx/vrx_urdf/wamv_description) by extensions ['ros']
[0.264s] Level 1:colcon.colcon_core.package_identification:_identify(vrx/vrx_urdf/wamv_description) by extension 'ros'
[0.265s] DEBUG:colcon.colcon_core.package_identification:Package 'vrx/vrx_urdf/wamv_description' with type 'ros.ament_cmake' and name 'wamv_description'
[0.265s] Level 1:colcon.colcon_core.package_identification:_identify(vrx/vrx_urdf/wamv_gazebo) by extensions ['ignore', 'ignore_ament_install']
[0.265s] Level 1:colcon.colcon_core.package_identification:_identify(vrx/vrx_urdf/wamv_gazebo) by extension 'ignore'
[0.265s] Level 1:colcon.colcon_core.package_identification:_identify(vrx/vrx_urdf/wamv_gazebo) by extension 'ignore_ament_install'
[0.265s] Level 1:colcon.colcon_core.package_identification:_identify(vrx/vrx_urdf/wamv_gazebo) by extensions ['colcon_pkg']
[0.265s] Level 1:colcon.colcon_core.package_identification:_identify(vrx/vrx_urdf/wamv_gazebo) by extension 'colcon_pkg'
[0.265s] Level 1:colcon.colcon_core.package_identification:_identify(vrx/vrx_urdf/wamv_gazebo) by extensions ['colcon_meta']
[0.265s] Level 1:colcon.colcon_core.package_identification:_identify(vrx/vrx_urdf/wamv_gazebo) by extension 'colcon_meta'
[0.265s] Level 1:colcon.colcon_core.package_identification:_identify(vrx/vrx_urdf/wamv_gazebo) by extensions ['ros']
[0.265s] Level 1:colcon.colcon_core.package_identification:_identify(vrx/vrx_urdf/wamv_gazebo) by extension 'ros'
[0.266s] DEBUG:colcon.colcon_core.package_identification:Package 'vrx/vrx_urdf/wamv_gazebo' with type 'ros.ament_cmake' and name 'wamv_gazebo'
[0.266s] Level 1:colcon.colcon_core.package_discovery:discover_packages(recursive) using defaults
[0.266s] Level 1:colcon.colcon_core.package_discovery:discover_packages(ignore) discover
[0.266s] Level 1:colcon.colcon_core.package_discovery:discover_packages(ignore) using defaults
[0.266s] Level 1:colcon.colcon_core.package_discovery:discover_packages(path) discover
[0.266s] Level 1:colcon.colcon_core.package_discovery:discover_packages(path) using defaults
[0.291s] Level 1:colcon.colcon_core.package_discovery:discover_packages(prefix_path) check parameters
[0.291s] Level 1:colcon.colcon_core.package_discovery:discover_packages(prefix_path) discover
[0.292s] DEBUG:colcon.colcon_installed_package_information.package_discovery:Found 5 installed packages in /home/mrxiuer/project/毕设/demo/src/install
[0.294s] DEBUG:colcon.colcon_installed_package_information.package_discovery:Found 379 installed packages in /opt/ros/humble
[0.295s] Level 1:colcon.colcon_core.package_discovery:discover_packages(prefix_path) using defaults
[0.333s] Level 5:colcon.colcon_core.verb:set package 'vrx_gazebo' build argument 'cmake_args' from command line to 'None'
[0.333s] Level 5:colcon.colcon_core.verb:set package 'vrx_gazebo' build argument 'cmake_target' from command line to 'None'
[0.333s] Level 5:colcon.colcon_core.verb:set package 'vrx_gazebo' build argument 'cmake_target_skip_unavailable' from command line to 'False'
[0.334s] Level 5:colcon.colcon_core.verb:set package 'vrx_gazebo' build argument 'cmake_clean_cache' from command line to 'False'
[0.334s] Level 5:colcon.colcon_core.verb:set package 'vrx_gazebo' build argument 'cmake_clean_first' from command line to 'False'
[0.334s] Level 5:colcon.colcon_core.verb:set package 'vrx_gazebo' build argument 'cmake_force_configure' from command line to 'False'
[0.334s] Level 5:colcon.colcon_core.verb:set package 'vrx_gazebo' build argument 'ament_cmake_args' from command line to 'None'
[0.334s] Level 5:colcon.colcon_core.verb:set package 'vrx_gazebo' build argument 'catkin_cmake_args' from command line to 'None'
[0.334s] Level 5:colcon.colcon_core.verb:set package 'vrx_gazebo' build argument 'catkin_skip_building_tests' from command line to 'False'
[0.334s] DEBUG:colcon.colcon_core.verb:Building package 'vrx_gazebo' with the following arguments: {'ament_cmake_args': None, 'build_base': '/home/mrxiuer/project/毕设/demo/src/build/vrx_gazebo', 'catkin_cmake_args': None, 'catkin_skip_building_tests': False, 'cmake_args': None, 'cmake_clean_cache': False, 'cmake_clean_first': False, 'cmake_force_configure': False, 'cmake_target': None, 'cmake_target_skip_unavailable': False, 'install_base': '/home/mrxiuer/project/毕设/demo/src/install', 'merge_install': True, 'path': '/home/mrxiuer/project/毕设/demo/src/vrx/vrx_urdf/vrx_gazebo', 'symlink_install': False, 'test_result_base': None}
[0.334s] Level 5:colcon.colcon_core.verb:set package 'vrx_ros' build argument 'cmake_args' from command line to 'None'
[0.334s] Level 5:colcon.colcon_core.verb:set package 'vrx_ros' build argument 'cmake_target' from command line to 'None'
[0.334s] Level 5:colcon.colcon_core.verb:set package 'vrx_ros' build argument 'cmake_target_skip_unavailable' from command line to 'False'
[0.334s] Level 5:colcon.colcon_core.verb:set package 'vrx_ros' build argument 'cmake_clean_cache' from command line to 'False'
[0.334s] Level 5:colcon.colcon_core.verb:set package 'vrx_ros' build argument 'cmake_clean_first' from command line to 'False'
[0.334s] Level 5:colcon.colcon_core.verb:set package 'vrx_ros' build argument 'cmake_force_configure' from command line to 'False'
[0.334s] Level 5:colcon.colcon_core.verb:set package 'vrx_ros' build argument 'ament_cmake_args' from command line to 'None'
[0.334s] Level 5:colcon.colcon_core.verb:set package 'vrx_ros' build argument 'catkin_cmake_args' from command line to 'None'
[0.334s] Level 5:colcon.colcon_core.verb:set package 'vrx_ros' build argument 'catkin_skip_building_tests' from command line to 'False'
[0.334s] DEBUG:colcon.colcon_core.verb:Building package 'vrx_ros' with the following arguments: {'ament_cmake_args': None, 'build_base': '/home/mrxiuer/project/毕设/demo/src/build/vrx_ros', 'catkin_cmake_args': None, 'catkin_skip_building_tests': False, 'cmake_args': None, 'cmake_clean_cache': False, 'cmake_clean_first': False, 'cmake_force_configure': False, 'cmake_target': None, 'cmake_target_skip_unavailable': False, 'install_base': '/home/mrxiuer/project/毕设/demo/src/install', 'merge_install': True, 'path': '/home/mrxiuer/project/毕设/demo/src/vrx/vrx_ros', 'symlink_install': False, 'test_result_base': None}
[0.334s] Level 5:colcon.colcon_core.verb:set package 'vrx_gz' build argument 'cmake_args' from command line to 'None'
[0.334s] Level 5:colcon.colcon_core.verb:set package 'vrx_gz' build argument 'cmake_target' from command line to 'None'
[0.334s] Level 5:colcon.colcon_core.verb:set package 'vrx_gz' build argument 'cmake_target_skip_unavailable' from command line to 'False'
[0.334s] Level 5:colcon.colcon_core.verb:set package 'vrx_gz' build argument 'cmake_clean_cache' from command line to 'False'
[0.334s] Level 5:colcon.colcon_core.verb:set package 'vrx_gz' build argument 'cmake_clean_first' from command line to 'False'
[0.334s] Level 5:colcon.colcon_core.verb:set package 'vrx_gz' build argument 'cmake_force_configure' from command line to 'False'
[0.334s] Level 5:colcon.colcon_core.verb:set package 'vrx_gz' build argument 'ament_cmake_args' from command line to 'None'
[0.335s] Level 5:colcon.colcon_core.verb:set package 'vrx_gz' build argument 'catkin_cmake_args' from command line to 'None'
[0.335s] Level 5:colcon.colcon_core.verb:set package 'vrx_gz' build argument 'catkin_skip_building_tests' from command line to 'False'
[0.335s] DEBUG:colcon.colcon_core.verb:Building package 'vrx_gz' with the following arguments: {'ament_cmake_args': None, 'build_base': '/home/mrxiuer/project/毕设/demo/src/build/vrx_gz', 'catkin_cmake_args': None, 'catkin_skip_building_tests': False, 'cmake_args': None, 'cmake_clean_cache': False, 'cmake_clean_first': False, 'cmake_force_configure': False, 'cmake_target': None, 'cmake_target_skip_unavailable': False, 'install_base': '/home/mrxiuer/project/毕设/demo/src/install', 'merge_install': True, 'path': '/home/mrxiuer/project/毕设/demo/src/vrx/vrx_gz', 'symlink_install': False, 'test_result_base': None}
[0.335s] Level 5:colcon.colcon_core.verb:set package 'wamv_description' build argument 'cmake_args' from command line to 'None'
[0.335s] Level 5:colcon.colcon_core.verb:set package 'wamv_description' build argument 'cmake_target' from command line to 'None'
[0.335s] Level 5:colcon.colcon_core.verb:set package 'wamv_description' build argument 'cmake_target_skip_unavailable' from command line to 'False'
[0.335s] Level 5:colcon.colcon_core.verb:set package 'wamv_description' build argument 'cmake_clean_cache' from command line to 'False'
[0.335s] Level 5:colcon.colcon_core.verb:set package 'wamv_description' build argument 'cmake_clean_first' from command line to 'False'
[0.335s] Level 5:colcon.colcon_core.verb:set package 'wamv_description' build argument 'cmake_force_configure' from command line to 'False'
[0.335s] Level 5:colcon.colcon_core.verb:set package 'wamv_description' build argument 'ament_cmake_args' from command line to 'None'
[0.335s] Level 5:colcon.colcon_core.verb:set package 'wamv_description' build argument 'catkin_cmake_args' from command line to 'None'
[0.335s] Level 5:colcon.colcon_core.verb:set package 'wamv_description' build argument 'catkin_skip_building_tests' from command line to 'False'
[0.335s] DEBUG:colcon.colcon_core.verb:Building package 'wamv_description' with the following arguments: {'ament_cmake_args': None, 'build_base': '/home/mrxiuer/project/毕设/demo/src/build/wamv_description', 'catkin_cmake_args': None, 'catkin_skip_building_tests': False, 'cmake_args': None, 'cmake_clean_cache': False, 'cmake_clean_first': False, 'cmake_force_configure': False, 'cmake_target': None, 'cmake_target_skip_unavailable': False, 'install_base': '/home/mrxiuer/project/毕设/demo/src/install', 'merge_install': True, 'path': '/home/mrxiuer/project/毕设/demo/src/vrx/vrx_urdf/wamv_description', 'symlink_install': False, 'test_result_base': None}
[0.335s] Level 5:colcon.colcon_core.verb:set package 'wamv_gazebo' build argument 'cmake_args' from command line to 'None'
[0.335s] Level 5:colcon.colcon_core.verb:set package 'wamv_gazebo' build argument 'cmake_target' from command line to 'None'
[0.335s] Level 5:colcon.colcon_core.verb:set package 'wamv_gazebo' build argument 'cmake_target_skip_unavailable' from command line to 'False'
[0.335s] Level 5:colcon.colcon_core.verb:set package 'wamv_gazebo' build argument 'cmake_clean_cache' from command line to 'False'
[0.335s] Level 5:colcon.colcon_core.verb:set package 'wamv_gazebo' build argument 'cmake_clean_first' from command line to 'False'
[0.335s] Level 5:colcon.colcon_core.verb:set package 'wamv_gazebo' build argument 'cmake_force_configure' from command line to 'False'
[0.335s] Level 5:colcon.colcon_core.verb:set package 'wamv_gazebo' build argument 'ament_cmake_args' from command line to 'None'
[0.335s] Level 5:colcon.colcon_core.verb:set package 'wamv_gazebo' build argument 'catkin_cmake_args' from command line to 'None'
[0.335s] Level 5:colcon.colcon_core.verb:set package 'wamv_gazebo' build argument 'catkin_skip_building_tests' from command line to 'False'
[0.335s] DEBUG:colcon.colcon_core.verb:Building package 'wamv_gazebo' with the following arguments: {'ament_cmake_args': None, 'build_base': '/home/mrxiuer/project/毕设/demo/src/build/wamv_gazebo', 'catkin_cmake_args': None, 'catkin_skip_building_tests': False, 'cmake_args': None, 'cmake_clean_cache': False, 'cmake_clean_first': False, 'cmake_force_configure': False, 'cmake_target': None, 'cmake_target_skip_unavailable': False, 'install_base': '/home/mrxiuer/project/毕设/demo/src/install', 'merge_install': True, 'path': '/home/mrxiuer/project/毕设/demo/src/vrx/vrx_urdf/wamv_gazebo', 'symlink_install': False, 'test_result_base': None}
[0.336s] INFO:colcon.colcon_core.executor:Executing jobs using 'parallel' executor
[0.336s] DEBUG:colcon.colcon_parallel_executor.executor.parallel:run_until_complete
[0.337s] INFO:colcon.colcon_ros.task.ament_cmake.build:Building ROS package in '/home/mrxiuer/project/毕设/demo/src/vrx/vrx_urdf/vrx_gazebo' with build type 'ament_cmake'
[0.337s] INFO:colcon.colcon_cmake.task.cmake.build:Building CMake package in '/home/mrxiuer/project/毕设/demo/src/vrx/vrx_urdf/vrx_gazebo'
[0.339s] INFO:colcon.colcon_core.plugin_system:Skipping extension 'colcon_core.shell.bat': Not used on non-Windows systems
[0.339s] INFO:colcon.colcon_core.shell:Skip shell extension 'powershell' for command environment: Not usable outside of PowerShell
[0.339s] DEBUG:colcon.colcon_core.shell:Skip shell extension 'dsv' for command environment
[0.342s] INFO:colcon.colcon_ros.task.ament_cmake.build:Building ROS package in '/home/mrxiuer/project/毕设/demo/src/vrx/vrx_ros' with build type 'ament_cmake'
[0.342s] INFO:colcon.colcon_cmake.task.cmake.build:Building CMake package in '/home/mrxiuer/project/毕设/demo/src/vrx/vrx_ros'
[0.342s] INFO:colcon.colcon_core.shell:Skip shell extension 'powershell' for command environment: Not usable outside of PowerShell
[0.342s] DEBUG:colcon.colcon_core.shell:Skip shell extension 'dsv' for command environment
[0.351s] DEBUG:colcon.colcon_core.event_handler.log_command:Invoking command in '/home/mrxiuer/project/毕设/demo/src/build/vrx_gazebo': CMAKE_PREFIX_PATH=${CMAKE_PREFIX_PATH}:/opt/ros/humble /usr/bin/cmake --build /home/mrxiuer/project/毕设/demo/src/build/vrx_gazebo -- -j16 -l16
[0.353s] DEBUG:colcon.colcon_core.event_handler.log_command:Invoking command in '/home/mrxiuer/project/毕设/demo/src/build/vrx_ros': CMAKE_PREFIX_PATH=${CMAKE_PREFIX_PATH}:/opt/ros/humble /usr/bin/cmake --build /home/mrxiuer/project/毕设/demo/src/build/vrx_ros -- -j16 -l16
[0.426s] DEBUG:colcon.colcon_core.event_handler.log_command:Invoked command in '/home/mrxiuer/project/毕设/demo/src/build/vrx_ros' returned '0': CMAKE_PREFIX_PATH=${CMAKE_PREFIX_PATH}:/opt/ros/humble /usr/bin/cmake --build /home/mrxiuer/project/毕设/demo/src/build/vrx_ros -- -j16 -l16
[0.437s] DEBUG:colcon.colcon_core.event_handler.log_command:Invoking command in '/home/mrxiuer/project/毕设/demo/src/build/vrx_ros': CMAKE_PREFIX_PATH=${CMAKE_PREFIX_PATH}:/opt/ros/humble /usr/bin/cmake --install /home/mrxiuer/project/毕设/demo/src/build/vrx_ros
[0.448s] Level 1:colcon.colcon_core.environment:create_environment_scripts_only(vrx_ros)
[0.449s] DEBUG:colcon.colcon_core.event_handler.log_command:Invoked command in '/home/mrxiuer/project/毕设/demo/src/build/vrx_ros' returned '0': CMAKE_PREFIX_PATH=${CMAKE_PREFIX_PATH}:/opt/ros/humble /usr/bin/cmake --install /home/mrxiuer/project/毕设/demo/src/build/vrx_ros
[0.450s] Level 1:colcon.colcon_core.environment:checking '/home/mrxiuer/project/毕设/demo/src/install' for CMake module files
[0.451s] Level 1:colcon.colcon_core.environment:checking '/home/mrxiuer/project/毕设/demo/src/install' for CMake config files
[0.451s] Level 1:colcon.colcon_core.shell:create_environment_hook('vrx_ros', 'cmake_prefix_path')
[0.451s] INFO:colcon.colcon_core.shell:Creating environment hook '/home/mrxiuer/project/毕设/demo/src/install/share/vrx_ros/hook/cmake_prefix_path.ps1'
[0.452s] INFO:colcon.colcon_core.shell:Creating environment descriptor '/home/mrxiuer/project/毕设/demo/src/install/share/vrx_ros/hook/cmake_prefix_path.dsv'
[0.452s] INFO:colcon.colcon_core.shell:Creating environment hook '/home/mrxiuer/project/毕设/demo/src/install/share/vrx_ros/hook/cmake_prefix_path.sh'
[0.453s] Level 1:colcon.colcon_core.environment:checking '/home/mrxiuer/project/毕设/demo/src/install/lib'
[0.453s] Level 1:colcon.colcon_core.shell:create_environment_hook('vrx_ros', 'ld_library_path_lib')
[0.453s] INFO:colcon.colcon_core.shell:Creating environment hook '/home/mrxiuer/project/毕设/demo/src/install/share/vrx_ros/hook/ld_library_path_lib.ps1'
[0.454s] INFO:colcon.colcon_core.shell:Creating environment descriptor '/home/mrxiuer/project/毕设/demo/src/install/share/vrx_ros/hook/ld_library_path_lib.dsv'
[0.454s] INFO:colcon.colcon_core.shell:Creating environment hook '/home/mrxiuer/project/毕设/demo/src/install/share/vrx_ros/hook/ld_library_path_lib.sh'
[0.455s] Level 1:colcon.colcon_core.environment:checking '/home/mrxiuer/project/毕设/demo/src/install/bin'
[0.455s] Level 1:colcon.colcon_core.environment:checking '/home/mrxiuer/project/毕设/demo/src/install/lib/pkgconfig/vrx_ros.pc'
[0.455s] Level 1:colcon.colcon_core.environment:checking '/home/mrxiuer/project/毕设/demo/src/install/lib/python3.10/site-packages'
[0.455s] Level 1:colcon.colcon_core.environment:checking '/home/mrxiuer/project/毕设/demo/src/install/bin'
[0.455s] INFO:colcon.colcon_core.shell:Creating package script '/home/mrxiuer/project/毕设/demo/src/install/share/vrx_ros/package.ps1'
[0.456s] INFO:colcon.colcon_core.shell:Creating package descriptor '/home/mrxiuer/project/毕设/demo/src/install/share/vrx_ros/package.dsv'
[0.457s] INFO:colcon.colcon_core.shell:Creating package script '/home/mrxiuer/project/毕设/demo/src/install/share/vrx_ros/package.sh'
[0.457s] INFO:colcon.colcon_core.shell:Creating package script '/home/mrxiuer/project/毕设/demo/src/install/share/vrx_ros/package.bash'
[0.458s] INFO:colcon.colcon_core.shell:Creating package script '/home/mrxiuer/project/毕设/demo/src/install/share/vrx_ros/package.zsh'
[0.458s] Level 1:colcon.colcon_core.environment:create_file_with_runtime_dependencies(/home/mrxiuer/project/毕设/demo/src/install/share/colcon-core/packages/vrx_ros)
[0.459s] Level 1:colcon.colcon_core.environment:create_environment_scripts_only(vrx_ros)
[0.459s] Level 1:colcon.colcon_core.environment:checking '/home/mrxiuer/project/毕设/demo/src/install' for CMake module files
[0.459s] Level 1:colcon.colcon_core.environment:checking '/home/mrxiuer/project/毕设/demo/src/install' for CMake config files
[0.460s] Level 1:colcon.colcon_core.shell:create_environment_hook('vrx_ros', 'cmake_prefix_path')
[0.460s] INFO:colcon.colcon_core.shell:Creating environment hook '/home/mrxiuer/project/毕设/demo/src/install/share/vrx_ros/hook/cmake_prefix_path.ps1'
[0.460s] INFO:colcon.colcon_core.shell:Creating environment descriptor '/home/mrxiuer/project/毕设/demo/src/install/share/vrx_ros/hook/cmake_prefix_path.dsv'
[0.460s] INFO:colcon.colcon_core.shell:Creating environment hook '/home/mrxiuer/project/毕设/demo/src/install/share/vrx_ros/hook/cmake_prefix_path.sh'
[0.461s] Level 1:colcon.colcon_core.environment:checking '/home/mrxiuer/project/毕设/demo/src/install/lib'
[0.461s] Level 1:colcon.colcon_core.shell:create_environment_hook('vrx_ros', 'ld_library_path_lib')
[0.461s] INFO:colcon.colcon_core.shell:Creating environment hook '/home/mrxiuer/project/毕设/demo/src/install/share/vrx_ros/hook/ld_library_path_lib.ps1'
[0.461s] INFO:colcon.colcon_core.shell:Creating environment descriptor '/home/mrxiuer/project/毕设/demo/src/install/share/vrx_ros/hook/ld_library_path_lib.dsv'
[0.462s] INFO:colcon.colcon_core.shell:Creating environment hook '/home/mrxiuer/project/毕设/demo/src/install/share/vrx_ros/hook/ld_library_path_lib.sh'
[0.462s] Level 1:colcon.colcon_core.environment:checking '/home/mrxiuer/project/毕设/demo/src/install/bin'
[0.462s] Level 1:colcon.colcon_core.environment:checking '/home/mrxiuer/project/毕设/demo/src/install/lib/pkgconfig/vrx_ros.pc'
[0.462s] Level 1:colcon.colcon_core.environment:checking '/home/mrxiuer/project/毕设/demo/src/install/lib/python3.10/site-packages'
[0.463s] Level 1:colcon.colcon_core.environment:checking '/home/mrxiuer/project/毕设/demo/src/install/bin'
[0.463s] INFO:colcon.colcon_core.shell:Creating package script '/home/mrxiuer/project/毕设/demo/src/install/share/vrx_ros/package.ps1'
[0.464s] INFO:colcon.colcon_core.shell:Creating package descriptor '/home/mrxiuer/project/毕设/demo/src/install/share/vrx_ros/package.dsv'
[0.464s] INFO:colcon.colcon_core.shell:Creating package script '/home/mrxiuer/project/毕设/demo/src/install/share/vrx_ros/package.sh'
[0.464s] INFO:colcon.colcon_core.shell:Creating package script '/home/mrxiuer/project/毕设/demo/src/install/share/vrx_ros/package.bash'
[0.465s] INFO:colcon.colcon_core.shell:Creating package script '/home/mrxiuer/project/毕设/demo/src/install/share/vrx_ros/package.zsh'
[0.465s] Level 1:colcon.colcon_core.environment:create_file_with_runtime_dependencies(/home/mrxiuer/project/毕设/demo/src/install/share/colcon-core/packages/vrx_ros)
[0.465s] INFO:colcon.colcon_ros.task.ament_cmake.build:Building ROS package in '/home/mrxiuer/project/毕设/demo/src/vrx/vrx_gz' with build type 'ament_cmake'
[0.465s] INFO:colcon.colcon_cmake.task.cmake.build:Building CMake package in '/home/mrxiuer/project/毕设/demo/src/vrx/vrx_gz'
[0.466s] INFO:colcon.colcon_core.shell:Skip shell extension 'powershell' for command environment: Not usable outside of PowerShell
[0.466s] DEBUG:colcon.colcon_core.shell:Skip shell extension 'dsv' for command environment
[0.477s] DEBUG:colcon.colcon_core.event_handler.log_command:Invoking command in '/home/mrxiuer/project/毕设/demo/src/build/vrx_gz': CMAKE_PREFIX_PATH=${CMAKE_PREFIX_PATH}:/opt/ros/humble LD_LIBRARY_PATH=/home/mrxiuer/project/毕设/demo/src/install/lib:/usr/local/lib:/opt/ros/humble/opt/rviz_ogre_vendor/lib:/opt/ros/humble/lib/x86_64-linux-gnu:/opt/ros/humble/lib /usr/bin/cmake --build /home/mrxiuer/project/毕设/demo/src/build/vrx_gz -- -j16 -l16
[0.715s] DEBUG:colcon.colcon_core.event_handler.log_command:Invoked command in '/home/mrxiuer/project/毕设/demo/src/build/vrx_gazebo' returned '0': CMAKE_PREFIX_PATH=${CMAKE_PREFIX_PATH}:/opt/ros/humble /usr/bin/cmake --build /home/mrxiuer/project/毕设/demo/src/build/vrx_gazebo -- -j16 -l16
[0.716s] DEBUG:colcon.colcon_core.event_handler.log_command:Invoking command in '/home/mrxiuer/project/毕设/demo/src/build/vrx_gazebo': CMAKE_PREFIX_PATH=${CMAKE_PREFIX_PATH}:/opt/ros/humble /usr/bin/cmake --install /home/mrxiuer/project/毕设/demo/src/build/vrx_gazebo
[0.766s] Level 1:colcon.colcon_core.environment:create_environment_scripts_only(vrx_gazebo)
[0.766s] Level 1:colcon.colcon_core.environment:checking '/home/mrxiuer/project/毕设/demo/src/install' for CMake module files
[0.767s] DEBUG:colcon.colcon_core.event_handler.log_command:Invoked command in '/home/mrxiuer/project/毕设/demo/src/build/vrx_gazebo' returned '0': CMAKE_PREFIX_PATH=${CMAKE_PREFIX_PATH}:/opt/ros/humble /usr/bin/cmake --install /home/mrxiuer/project/毕设/demo/src/build/vrx_gazebo
[0.767s] Level 1:colcon.colcon_core.environment:checking '/home/mrxiuer/project/毕设/demo/src/install' for CMake config files
[0.768s] Level 1:colcon.colcon_core.shell:create_environment_hook('vrx_gazebo', 'cmake_prefix_path')
[0.768s] INFO:colcon.colcon_core.shell:Creating environment hook '/home/mrxiuer/project/毕设/demo/src/install/share/vrx_gazebo/hook/cmake_prefix_path.ps1'
[0.768s] INFO:colcon.colcon_core.shell:Creating environment descriptor '/home/mrxiuer/project/毕设/demo/src/install/share/vrx_gazebo/hook/cmake_prefix_path.dsv'
[0.769s] INFO:colcon.colcon_core.shell:Creating environment hook '/home/mrxiuer/project/毕设/demo/src/install/share/vrx_gazebo/hook/cmake_prefix_path.sh'
[0.769s] Level 1:colcon.colcon_core.environment:checking '/home/mrxiuer/project/毕设/demo/src/install/lib'
[0.769s] Level 1:colcon.colcon_core.shell:create_environment_hook('vrx_gazebo', 'ld_library_path_lib')
[0.770s] INFO:colcon.colcon_core.shell:Creating environment hook '/home/mrxiuer/project/毕设/demo/src/install/share/vrx_gazebo/hook/ld_library_path_lib.ps1'
[0.770s] INFO:colcon.colcon_core.shell:Creating environment descriptor '/home/mrxiuer/project/毕设/demo/src/install/share/vrx_gazebo/hook/ld_library_path_lib.dsv'
[0.770s] INFO:colcon.colcon_core.shell:Creating environment hook '/home/mrxiuer/project/毕设/demo/src/install/share/vrx_gazebo/hook/ld_library_path_lib.sh'
[0.771s] Level 1:colcon.colcon_core.environment:checking '/home/mrxiuer/project/毕设/demo/src/install/bin'
[0.771s] Level 1:colcon.colcon_core.environment:checking '/home/mrxiuer/project/毕设/demo/src/install/lib/pkgconfig/vrx_gazebo.pc'
[0.771s] Level 1:colcon.colcon_core.environment:checking '/home/mrxiuer/project/毕设/demo/src/install/lib/python3.10/site-packages'
[0.771s] Level 1:colcon.colcon_core.environment:checking '/home/mrxiuer/project/毕设/demo/src/install/bin'
[0.772s] INFO:colcon.colcon_core.shell:Creating package script '/home/mrxiuer/project/毕设/demo/src/install/share/vrx_gazebo/package.ps1'
[0.772s] INFO:colcon.colcon_core.shell:Creating package descriptor '/home/mrxiuer/project/毕设/demo/src/install/share/vrx_gazebo/package.dsv'
[0.772s] INFO:colcon.colcon_core.shell:Creating package script '/home/mrxiuer/project/毕设/demo/src/install/share/vrx_gazebo/package.sh'
[0.773s] INFO:colcon.colcon_core.shell:Creating package script '/home/mrxiuer/project/毕设/demo/src/install/share/vrx_gazebo/package.bash'
[0.773s] INFO:colcon.colcon_core.shell:Creating package script '/home/mrxiuer/project/毕设/demo/src/install/share/vrx_gazebo/package.zsh'
[0.773s] Level 1:colcon.colcon_core.environment:create_file_with_runtime_dependencies(/home/mrxiuer/project/毕设/demo/src/install/share/colcon-core/packages/vrx_gazebo)
[0.774s] Level 1:colcon.colcon_core.environment:create_environment_scripts_only(vrx_gazebo)
[0.774s] Level 1:colcon.colcon_core.environment:checking '/home/mrxiuer/project/毕设/demo/src/install' for CMake module files
[0.775s] Level 1:colcon.colcon_core.environment:checking '/home/mrxiuer/project/毕设/demo/src/install' for CMake config files
[0.775s] Level 1:colcon.colcon_core.shell:create_environment_hook('vrx_gazebo', 'cmake_prefix_path')
[0.775s] INFO:colcon.colcon_core.shell:Creating environment hook '/home/mrxiuer/project/毕设/demo/src/install/share/vrx_gazebo/hook/cmake_prefix_path.ps1'
[0.775s] INFO:colcon.colcon_core.shell:Creating environment descriptor '/home/mrxiuer/project/毕设/demo/src/install/share/vrx_gazebo/hook/cmake_prefix_path.dsv'
[0.776s] INFO:colcon.colcon_core.shell:Creating environment hook '/home/mrxiuer/project/毕设/demo/src/install/share/vrx_gazebo/hook/cmake_prefix_path.sh'
[0.776s] Level 1:colcon.colcon_core.environment:checking '/home/mrxiuer/project/毕设/demo/src/install/lib'
[0.776s] Level 1:colcon.colcon_core.shell:create_environment_hook('vrx_gazebo', 'ld_library_path_lib')
[0.776s] INFO:colcon.colcon_core.shell:Creating environment hook '/home/mrxiuer/project/毕设/demo/src/install/share/vrx_gazebo/hook/ld_library_path_lib.ps1'
[0.777s] INFO:colcon.colcon_core.shell:Creating environment descriptor '/home/mrxiuer/project/毕设/demo/src/install/share/vrx_gazebo/hook/ld_library_path_lib.dsv'
[0.777s] INFO:colcon.colcon_core.shell:Creating environment hook '/home/mrxiuer/project/毕设/demo/src/install/share/vrx_gazebo/hook/ld_library_path_lib.sh'
[0.777s] Level 1:colcon.colcon_core.environment:checking '/home/mrxiuer/project/毕设/demo/src/install/bin'
[0.777s] Level 1:colcon.colcon_core.environment:checking '/home/mrxiuer/project/毕设/demo/src/install/lib/pkgconfig/vrx_gazebo.pc'
[0.778s] Level 1:colcon.colcon_core.environment:checking '/home/mrxiuer/project/毕设/demo/src/install/lib/python3.10/site-packages'
[0.778s] Level 1:colcon.colcon_core.environment:checking '/home/mrxiuer/project/毕设/demo/src/install/bin'
[0.778s] INFO:colcon.colcon_core.shell:Creating package script '/home/mrxiuer/project/毕设/demo/src/install/share/vrx_gazebo/package.ps1'
[0.778s] INFO:colcon.colcon_core.shell:Creating package descriptor '/home/mrxiuer/project/毕设/demo/src/install/share/vrx_gazebo/package.dsv'
[0.779s] INFO:colcon.colcon_core.shell:Creating package script '/home/mrxiuer/project/毕设/demo/src/install/share/vrx_gazebo/package.sh'
[0.779s] INFO:colcon.colcon_core.shell:Creating package script '/home/mrxiuer/project/毕设/demo/src/install/share/vrx_gazebo/package.bash'
[0.780s] INFO:colcon.colcon_core.shell:Creating package script '/home/mrxiuer/project/毕设/demo/src/install/share/vrx_gazebo/package.zsh'
[0.780s] Level 1:colcon.colcon_core.environment:create_file_with_runtime_dependencies(/home/mrxiuer/project/毕设/demo/src/install/share/colcon-core/packages/vrx_gazebo)
[0.780s] INFO:colcon.colcon_ros.task.ament_cmake.build:Building ROS package in '/home/mrxiuer/project/毕设/demo/src/vrx/vrx_urdf/wamv_description' with build type 'ament_cmake'
[0.780s] INFO:colcon.colcon_cmake.task.cmake.build:Building CMake package in '/home/mrxiuer/project/毕设/demo/src/vrx/vrx_urdf/wamv_description'
[0.781s] INFO:colcon.colcon_core.shell:Skip shell extension 'powershell' for command environment: Not usable outside of PowerShell
[0.781s] DEBUG:colcon.colcon_core.shell:Skip shell extension 'dsv' for command environment
[0.792s] DEBUG:colcon.colcon_core.event_handler.log_command:Invoking command in '/home/mrxiuer/project/毕设/demo/src/build/wamv_description': CMAKE_PREFIX_PATH=${CMAKE_PREFIX_PATH}:/opt/ros/humble GZ_SIM_RESOURCE_PATH=/home/mrxiuer/project/毕设/demo/src/install/share:${GZ_SIM_RESOURCE_PATH} LD_LIBRARY_PATH=/home/mrxiuer/project/毕设/demo/src/install/lib:/usr/local/lib:/opt/ros/humble/opt/rviz_ogre_vendor/lib:/opt/ros/humble/lib/x86_64-linux-gnu:/opt/ros/humble/lib /usr/bin/cmake --build /home/mrxiuer/project/毕设/demo/src/build/wamv_description -- -j16 -l16
[0.859s] DEBUG:colcon.colcon_core.event_handler.log_command:Invoked command in '/home/mrxiuer/project/毕设/demo/src/build/wamv_description' returned '0': CMAKE_PREFIX_PATH=${CMAKE_PREFIX_PATH}:/opt/ros/humble GZ_SIM_RESOURCE_PATH=/home/mrxiuer/project/毕设/demo/src/install/share:${GZ_SIM_RESOURCE_PATH} LD_LIBRARY_PATH=/home/mrxiuer/project/毕设/demo/src/install/lib:/usr/local/lib:/opt/ros/humble/opt/rviz_ogre_vendor/lib:/opt/ros/humble/lib/x86_64-linux-gnu:/opt/ros/humble/lib /usr/bin/cmake --build /home/mrxiuer/project/毕设/demo/src/build/wamv_description -- -j16 -l16
[0.861s] DEBUG:colcon.colcon_core.event_handler.log_command:Invoking command in '/home/mrxiuer/project/毕设/demo/src/build/wamv_description': CMAKE_PREFIX_PATH=${CMAKE_PREFIX_PATH}:/opt/ros/humble GZ_SIM_RESOURCE_PATH=/home/mrxiuer/project/毕设/demo/src/install/share:${GZ_SIM_RESOURCE_PATH} LD_LIBRARY_PATH=/home/mrxiuer/project/毕设/demo/src/install/lib:/usr/local/lib:/opt/ros/humble/opt/rviz_ogre_vendor/lib:/opt/ros/humble/lib/x86_64-linux-gnu:/opt/ros/humble/lib /usr/bin/cmake --install /home/mrxiuer/project/毕设/demo/src/build/wamv_description
[0.871s] Level 1:colcon.colcon_core.environment:create_environment_scripts_only(wamv_description)
[0.872s] Level 1:colcon.colcon_core.environment:checking '/home/mrxiuer/project/毕设/demo/src/install' for CMake module files
[0.872s] DEBUG:colcon.colcon_core.event_handler.log_command:Invoked command in '/home/mrxiuer/project/毕设/demo/src/build/wamv_description' returned '0': CMAKE_PREFIX_PATH=${CMAKE_PREFIX_PATH}:/opt/ros/humble GZ_SIM_RESOURCE_PATH=/home/mrxiuer/project/毕设/demo/src/install/share:${GZ_SIM_RESOURCE_PATH} LD_LIBRARY_PATH=/home/mrxiuer/project/毕设/demo/src/install/lib:/usr/local/lib:/opt/ros/humble/opt/rviz_ogre_vendor/lib:/opt/ros/humble/lib/x86_64-linux-gnu:/opt/ros/humble/lib /usr/bin/cmake --install /home/mrxiuer/project/毕设/demo/src/build/wamv_description
[0.873s] Level 1:colcon.colcon_core.environment:checking '/home/mrxiuer/project/毕设/demo/src/install' for CMake config files
[0.873s] Level 1:colcon.colcon_core.shell:create_environment_hook('wamv_description', 'cmake_prefix_path')
[0.873s] INFO:colcon.colcon_core.shell:Creating environment hook '/home/mrxiuer/project/毕设/demo/src/install/share/wamv_description/hook/cmake_prefix_path.ps1'
[0.874s] INFO:colcon.colcon_core.shell:Creating environment descriptor '/home/mrxiuer/project/毕设/demo/src/install/share/wamv_description/hook/cmake_prefix_path.dsv'
[0.874s] INFO:colcon.colcon_core.shell:Creating environment hook '/home/mrxiuer/project/毕设/demo/src/install/share/wamv_description/hook/cmake_prefix_path.sh'
[0.875s] Level 1:colcon.colcon_core.environment:checking '/home/mrxiuer/project/毕设/demo/src/install/lib'
[0.875s] Level 1:colcon.colcon_core.shell:create_environment_hook('wamv_description', 'ld_library_path_lib')
[0.875s] INFO:colcon.colcon_core.shell:Creating environment hook '/home/mrxiuer/project/毕设/demo/src/install/share/wamv_description/hook/ld_library_path_lib.ps1'
[0.875s] INFO:colcon.colcon_core.shell:Creating environment descriptor '/home/mrxiuer/project/毕设/demo/src/install/share/wamv_description/hook/ld_library_path_lib.dsv'
[0.875s] INFO:colcon.colcon_core.shell:Creating environment hook '/home/mrxiuer/project/毕设/demo/src/install/share/wamv_description/hook/ld_library_path_lib.sh'
[0.876s] Level 1:colcon.colcon_core.environment:checking '/home/mrxiuer/project/毕设/demo/src/install/bin'
[0.876s] Level 1:colcon.colcon_core.environment:checking '/home/mrxiuer/project/毕设/demo/src/install/lib/pkgconfig/wamv_description.pc'
[0.876s] Level 1:colcon.colcon_core.environment:checking '/home/mrxiuer/project/毕设/demo/src/install/lib/python3.10/site-packages'
[0.876s] Level 1:colcon.colcon_core.environment:checking '/home/mrxiuer/project/毕设/demo/src/install/bin'
[0.876s] INFO:colcon.colcon_core.shell:Creating package script '/home/mrxiuer/project/毕设/demo/src/install/share/wamv_description/package.ps1'
[0.877s] INFO:colcon.colcon_core.shell:Creating package descriptor '/home/mrxiuer/project/毕设/demo/src/install/share/wamv_description/package.dsv'
[0.877s] INFO:colcon.colcon_core.shell:Creating package script '/home/mrxiuer/project/毕设/demo/src/install/share/wamv_description/package.sh'
[0.877s] INFO:colcon.colcon_core.shell:Creating package script '/home/mrxiuer/project/毕设/demo/src/install/share/wamv_description/package.bash'
[0.878s] INFO:colcon.colcon_core.shell:Creating package script '/home/mrxiuer/project/毕设/demo/src/install/share/wamv_description/package.zsh'
[0.878s] Level 1:colcon.colcon_core.environment:create_file_with_runtime_dependencies(/home/mrxiuer/project/毕设/demo/src/install/share/colcon-core/packages/wamv_description)
[0.878s] Level 1:colcon.colcon_core.environment:create_environment_scripts_only(wamv_description)
[0.879s] Level 1:colcon.colcon_core.environment:checking '/home/mrxiuer/project/毕设/demo/src/install' for CMake module files
[0.879s] Level 1:colcon.colcon_core.environment:checking '/home/mrxiuer/project/毕设/demo/src/install' for CMake config files
[0.879s] Level 1:colcon.colcon_core.shell:create_environment_hook('wamv_description', 'cmake_prefix_path')
[0.880s] INFO:colcon.colcon_core.shell:Creating environment hook '/home/mrxiuer/project/毕设/demo/src/install/share/wamv_description/hook/cmake_prefix_path.ps1'
[0.880s] INFO:colcon.colcon_core.shell:Creating environment descriptor '/home/mrxiuer/project/毕设/demo/src/install/share/wamv_description/hook/cmake_prefix_path.dsv'
[0.881s] INFO:colcon.colcon_core.shell:Creating environment hook '/home/mrxiuer/project/毕设/demo/src/install/share/wamv_description/hook/cmake_prefix_path.sh'
[0.881s] Level 1:colcon.colcon_core.environment:checking '/home/mrxiuer/project/毕设/demo/src/install/lib'
[0.881s] Level 1:colcon.colcon_core.shell:create_environment_hook('wamv_description', 'ld_library_path_lib')
[0.881s] INFO:colcon.colcon_core.shell:Creating environment hook '/home/mrxiuer/project/毕设/demo/src/install/share/wamv_description/hook/ld_library_path_lib.ps1'
[0.882s] INFO:colcon.colcon_core.shell:Creating environment descriptor '/home/mrxiuer/project/毕设/demo/src/install/share/wamv_description/hook/ld_library_path_lib.dsv'
[0.882s] INFO:colcon.colcon_core.shell:Creating environment hook '/home/mrxiuer/project/毕设/demo/src/install/share/wamv_description/hook/ld_library_path_lib.sh'
[0.882s] Level 1:colcon.colcon_core.environment:checking '/home/mrxiuer/project/毕设/demo/src/install/bin'
[0.882s] Level 1:colcon.colcon_core.environment:checking '/home/mrxiuer/project/毕设/demo/src/install/lib/pkgconfig/wamv_description.pc'
[0.883s] Level 1:colcon.colcon_core.environment:checking '/home/mrxiuer/project/毕设/demo/src/install/lib/python3.10/site-packages'
[0.883s] Level 1:colcon.colcon_core.environment:checking '/home/mrxiuer/project/毕设/demo/src/install/bin'
[0.883s] INFO:colcon.colcon_core.shell:Creating package script '/home/mrxiuer/project/毕设/demo/src/install/share/wamv_description/package.ps1'
[0.883s] INFO:colcon.colcon_core.shell:Creating package descriptor '/home/mrxiuer/project/毕设/demo/src/install/share/wamv_description/package.dsv'
[0.884s] INFO:colcon.colcon_core.shell:Creating package script '/home/mrxiuer/project/毕设/demo/src/install/share/wamv_description/package.sh'
[0.884s] INFO:colcon.colcon_core.shell:Creating package script '/home/mrxiuer/project/毕设/demo/src/install/share/wamv_description/package.bash'
[0.884s] INFO:colcon.colcon_core.shell:Creating package script '/home/mrxiuer/project/毕设/demo/src/install/share/wamv_description/package.zsh'
[0.885s] Level 1:colcon.colcon_core.environment:create_file_with_runtime_dependencies(/home/mrxiuer/project/毕设/demo/src/install/share/colcon-core/packages/wamv_description)
[0.885s] INFO:colcon.colcon_ros.task.ament_cmake.build:Building ROS package in '/home/mrxiuer/project/毕设/demo/src/vrx/vrx_urdf/wamv_gazebo' with build type 'ament_cmake'
[0.885s] INFO:colcon.colcon_cmake.task.cmake.build:Building CMake package in '/home/mrxiuer/project/毕设/demo/src/vrx/vrx_urdf/wamv_gazebo'
[0.885s] INFO:colcon.colcon_core.shell:Skip shell extension 'powershell' for command environment: Not usable outside of PowerShell
[0.885s] DEBUG:colcon.colcon_core.shell:Skip shell extension 'dsv' for command environment
[0.897s] DEBUG:colcon.colcon_core.event_handler.log_command:Invoking command in '/home/mrxiuer/project/毕设/demo/src/build/wamv_gazebo': CMAKE_PREFIX_PATH=${CMAKE_PREFIX_PATH}:/opt/ros/humble GZ_SIM_RESOURCE_PATH=/home/mrxiuer/project/毕设/demo/src/install/share:${GZ_SIM_RESOURCE_PATH} LD_LIBRARY_PATH=/home/mrxiuer/project/毕设/demo/src/install/lib:/usr/local/lib:/opt/ros/humble/opt/rviz_ogre_vendor/lib:/opt/ros/humble/lib/x86_64-linux-gnu:/opt/ros/humble/lib /usr/bin/cmake --build /home/mrxiuer/project/毕设/demo/src/build/wamv_gazebo -- -j16 -l16
[0.937s] DEBUG:colcon.colcon_core.event_handler.log_command:Invoked command in '/home/mrxiuer/project/毕设/demo/src/build/wamv_gazebo' returned '0': CMAKE_PREFIX_PATH=${CMAKE_PREFIX_PATH}:/opt/ros/humble GZ_SIM_RESOURCE_PATH=/home/mrxiuer/project/毕设/demo/src/install/share:${GZ_SIM_RESOURCE_PATH} LD_LIBRARY_PATH=/home/mrxiuer/project/毕设/demo/src/install/lib:/usr/local/lib:/opt/ros/humble/opt/rviz_ogre_vendor/lib:/opt/ros/humble/lib/x86_64-linux-gnu:/opt/ros/humble/lib /usr/bin/cmake --build /home/mrxiuer/project/毕设/demo/src/build/wamv_gazebo -- -j16 -l16
[0.939s] DEBUG:colcon.colcon_core.event_handler.log_command:Invoking command in '/home/mrxiuer/project/毕设/demo/src/build/wamv_gazebo': CMAKE_PREFIX_PATH=${CMAKE_PREFIX_PATH}:/opt/ros/humble GZ_SIM_RESOURCE_PATH=/home/mrxiuer/project/毕设/demo/src/install/share:${GZ_SIM_RESOURCE_PATH} LD_LIBRARY_PATH=/home/mrxiuer/project/毕设/demo/src/install/lib:/usr/local/lib:/opt/ros/humble/opt/rviz_ogre_vendor/lib:/opt/ros/humble/lib/x86_64-linux-gnu:/opt/ros/humble/lib /usr/bin/cmake --install /home/mrxiuer/project/毕设/demo/src/build/wamv_gazebo
[0.951s] Level 1:colcon.colcon_core.environment:create_environment_scripts_only(wamv_gazebo)
[0.951s] Level 1:colcon.colcon_core.environment:checking '/home/mrxiuer/project/毕设/demo/src/install' for CMake module files
[0.952s] DEBUG:colcon.colcon_core.event_handler.log_command:Invoked command in '/home/mrxiuer/project/毕设/demo/src/build/wamv_gazebo' returned '0': CMAKE_PREFIX_PATH=${CMAKE_PREFIX_PATH}:/opt/ros/humble GZ_SIM_RESOURCE_PATH=/home/mrxiuer/project/毕设/demo/src/install/share:${GZ_SIM_RESOURCE_PATH} LD_LIBRARY_PATH=/home/mrxiuer/project/毕设/demo/src/install/lib:/usr/local/lib:/opt/ros/humble/opt/rviz_ogre_vendor/lib:/opt/ros/humble/lib/x86_64-linux-gnu:/opt/ros/humble/lib /usr/bin/cmake --install /home/mrxiuer/project/毕设/demo/src/build/wamv_gazebo
[0.952s] Level 1:colcon.colcon_core.environment:checking '/home/mrxiuer/project/毕设/demo/src/install' for CMake config files
[0.952s] Level 1:colcon.colcon_core.shell:create_environment_hook('wamv_gazebo', 'cmake_prefix_path')
[0.952s] INFO:colcon.colcon_core.shell:Creating environment hook '/home/mrxiuer/project/毕设/demo/src/install/share/wamv_gazebo/hook/cmake_prefix_path.ps1'
[0.953s] INFO:colcon.colcon_core.shell:Creating environment descriptor '/home/mrxiuer/project/毕设/demo/src/install/share/wamv_gazebo/hook/cmake_prefix_path.dsv'
[0.953s] INFO:colcon.colcon_core.shell:Creating environment hook '/home/mrxiuer/project/毕设/demo/src/install/share/wamv_gazebo/hook/cmake_prefix_path.sh'
[0.954s] Level 1:colcon.colcon_core.environment:checking '/home/mrxiuer/project/毕设/demo/src/install/lib'
[0.954s] Level 1:colcon.colcon_core.shell:create_environment_hook('wamv_gazebo', 'ld_library_path_lib')
[0.954s] INFO:colcon.colcon_core.shell:Creating environment hook '/home/mrxiuer/project/毕设/demo/src/install/share/wamv_gazebo/hook/ld_library_path_lib.ps1'
[0.954s] INFO:colcon.colcon_core.shell:Creating environment descriptor '/home/mrxiuer/project/毕设/demo/src/install/share/wamv_gazebo/hook/ld_library_path_lib.dsv'
[0.954s] INFO:colcon.colcon_core.shell:Creating environment hook '/home/mrxiuer/project/毕设/demo/src/install/share/wamv_gazebo/hook/ld_library_path_lib.sh'
[0.955s] Level 1:colcon.colcon_core.environment:checking '/home/mrxiuer/project/毕设/demo/src/install/bin'
[0.955s] Level 1:colcon.colcon_core.environment:checking '/home/mrxiuer/project/毕设/demo/src/install/lib/pkgconfig/wamv_gazebo.pc'
[0.955s] Level 1:colcon.colcon_core.environment:checking '/home/mrxiuer/project/毕设/demo/src/install/lib/python3.10/site-packages'
[0.955s] Level 1:colcon.colcon_core.environment:checking '/home/mrxiuer/project/毕设/demo/src/install/bin'
[0.955s] INFO:colcon.colcon_core.shell:Creating package script '/home/mrxiuer/project/毕设/demo/src/install/share/wamv_gazebo/package.ps1'
[0.956s] INFO:colcon.colcon_core.shell:Creating package descriptor '/home/mrxiuer/project/毕设/demo/src/install/share/wamv_gazebo/package.dsv'
[0.956s] INFO:colcon.colcon_core.shell:Creating package script '/home/mrxiuer/project/毕设/demo/src/install/share/wamv_gazebo/package.sh'
[0.956s] INFO:colcon.colcon_core.shell:Creating package script '/home/mrxiuer/project/毕设/demo/src/install/share/wamv_gazebo/package.bash'
[0.957s] INFO:colcon.colcon_core.shell:Creating package script '/home/mrxiuer/project/毕设/demo/src/install/share/wamv_gazebo/package.zsh'
[0.957s] Level 1:colcon.colcon_core.environment:create_file_with_runtime_dependencies(/home/mrxiuer/project/毕设/demo/src/install/share/colcon-core/packages/wamv_gazebo)
[0.957s] Level 1:colcon.colcon_core.environment:create_environment_scripts_only(wamv_gazebo)
[0.958s] Level 1:colcon.colcon_core.environment:checking '/home/mrxiuer/project/毕设/demo/src/install' for CMake module files
[0.958s] Level 1:colcon.colcon_core.environment:checking '/home/mrxiuer/project/毕设/demo/src/install' for CMake config files
[0.958s] Level 1:colcon.colcon_core.shell:create_environment_hook('wamv_gazebo', 'cmake_prefix_path')
[0.959s] INFO:colcon.colcon_core.shell:Creating environment hook '/home/mrxiuer/project/毕设/demo/src/install/share/wamv_gazebo/hook/cmake_prefix_path.ps1'
[0.959s] INFO:colcon.colcon_core.shell:Creating environment descriptor '/home/mrxiuer/project/毕设/demo/src/install/share/wamv_gazebo/hook/cmake_prefix_path.dsv'
[0.959s] INFO:colcon.colcon_core.shell:Creating environment hook '/home/mrxiuer/project/毕设/demo/src/install/share/wamv_gazebo/hook/cmake_prefix_path.sh'
[0.960s] Level 1:colcon.colcon_core.environment:checking '/home/mrxiuer/project/毕设/demo/src/install/lib'
[0.960s] Level 1:colcon.colcon_core.shell:create_environment_hook('wamv_gazebo', 'ld_library_path_lib')
[0.960s] INFO:colcon.colcon_core.shell:Creating environment hook '/home/mrxiuer/project/毕设/demo/src/install/share/wamv_gazebo/hook/ld_library_path_lib.ps1'
[0.960s] INFO:colcon.colcon_core.shell:Creating environment descriptor '/home/mrxiuer/project/毕设/demo/src/install/share/wamv_gazebo/hook/ld_library_path_lib.dsv'
[0.960s] INFO:colcon.colcon_core.shell:Creating environment hook '/home/mrxiuer/project/毕设/demo/src/install/share/wamv_gazebo/hook/ld_library_path_lib.sh'
[0.961s] Level 1:colcon.colcon_core.environment:checking '/home/mrxiuer/project/毕设/demo/src/install/bin'
[0.961s] Level 1:colcon.colcon_core.environment:checking '/home/mrxiuer/project/毕设/demo/src/install/lib/pkgconfig/wamv_gazebo.pc'
[0.961s] Level 1:colcon.colcon_core.environment:checking '/home/mrxiuer/project/毕设/demo/src/install/lib/python3.10/site-packages'
[0.961s] Level 1:colcon.colcon_core.environment:checking '/home/mrxiuer/project/毕设/demo/src/install/bin'
[0.961s] INFO:colcon.colcon_core.shell:Creating package script '/home/mrxiuer/project/毕设/demo/src/install/share/wamv_gazebo/package.ps1'
[0.962s] INFO:colcon.colcon_core.shell:Creating package descriptor '/home/mrxiuer/project/毕设/demo/src/install/share/wamv_gazebo/package.dsv'
[0.962s] INFO:colcon.colcon_core.shell:Creating package script '/home/mrxiuer/project/毕设/demo/src/install/share/wamv_gazebo/package.sh'
[0.962s] INFO:colcon.colcon_core.shell:Creating package script '/home/mrxiuer/project/毕设/demo/src/install/share/wamv_gazebo/package.bash'
[0.963s] INFO:colcon.colcon_core.shell:Creating package script '/home/mrxiuer/project/毕设/demo/src/install/share/wamv_gazebo/package.zsh'
[0.963s] Level 1:colcon.colcon_core.environment:create_file_with_runtime_dependencies(/home/mrxiuer/project/毕设/demo/src/install/share/colcon-core/packages/wamv_gazebo)
[0.983s] DEBUG:colcon.colcon_core.event_handler.log_command:Invoked command in '/home/mrxiuer/project/毕设/demo/src/build/vrx_gz' returned '2': CMAKE_PREFIX_PATH=${CMAKE_PREFIX_PATH}:/opt/ros/humble LD_LIBRARY_PATH=/home/mrxiuer/project/毕设/demo/src/install/lib:/usr/local/lib:/opt/ros/humble/opt/rviz_ogre_vendor/lib:/opt/ros/humble/lib/x86_64-linux-gnu:/opt/ros/humble/lib /usr/bin/cmake --build /home/mrxiuer/project/毕设/demo/src/build/vrx_gz -- -j16 -l16
[0.983s] Level 1:colcon.colcon_core.environment:create_environment_scripts_only(vrx_gz)
[0.983s] Level 1:colcon.colcon_core.environment:checking '/home/mrxiuer/project/毕设/demo/src/install' for CMake module files
[0.984s] Level 1:colcon.colcon_core.environment:checking '/home/mrxiuer/project/毕设/demo/src/install' for CMake config files
[0.984s] Level 1:colcon.colcon_core.shell:create_environment_hook('vrx_gz', 'cmake_prefix_path')
[0.984s] INFO:colcon.colcon_core.shell:Creating environment hook '/home/mrxiuer/project/毕设/demo/src/install/share/vrx_gz/hook/cmake_prefix_path.ps1'
[0.985s] INFO:colcon.colcon_core.shell:Creating environment descriptor '/home/mrxiuer/project/毕设/demo/src/install/share/vrx_gz/hook/cmake_prefix_path.dsv'
[0.985s] INFO:colcon.colcon_core.shell:Creating environment hook '/home/mrxiuer/project/毕设/demo/src/install/share/vrx_gz/hook/cmake_prefix_path.sh'
[0.986s] Level 1:colcon.colcon_core.environment:checking '/home/mrxiuer/project/毕设/demo/src/install/lib'
[0.986s] Level 1:colcon.colcon_core.shell:create_environment_hook('vrx_gz', 'ld_library_path_lib')
[0.986s] INFO:colcon.colcon_core.shell:Creating environment hook '/home/mrxiuer/project/毕设/demo/src/install/share/vrx_gz/hook/ld_library_path_lib.ps1'
[0.986s] INFO:colcon.colcon_core.shell:Creating environment descriptor '/home/mrxiuer/project/毕设/demo/src/install/share/vrx_gz/hook/ld_library_path_lib.dsv'
[0.987s] INFO:colcon.colcon_core.shell:Creating environment hook '/home/mrxiuer/project/毕设/demo/src/install/share/vrx_gz/hook/ld_library_path_lib.sh'
[0.987s] Level 1:colcon.colcon_core.environment:checking '/home/mrxiuer/project/毕设/demo/src/install/bin'
[0.987s] Level 1:colcon.colcon_core.environment:checking '/home/mrxiuer/project/毕设/demo/src/install/lib/pkgconfig/vrx_gz.pc'
[0.987s] Level 1:colcon.colcon_core.environment:checking '/home/mrxiuer/project/毕设/demo/src/install/lib/python3.10/site-packages'
[0.988s] Level 1:colcon.colcon_core.environment:checking '/home/mrxiuer/project/毕设/demo/src/install/bin'
[0.988s] INFO:colcon.colcon_core.shell:Creating package script '/home/mrxiuer/project/毕设/demo/src/install/share/vrx_gz/package.ps1'
[0.988s] INFO:colcon.colcon_core.shell:Creating package descriptor '/home/mrxiuer/project/毕设/demo/src/install/share/vrx_gz/package.dsv'
[0.989s] INFO:colcon.colcon_core.shell:Creating package script '/home/mrxiuer/project/毕设/demo/src/install/share/vrx_gz/package.sh'
[0.989s] INFO:colcon.colcon_core.shell:Creating package script '/home/mrxiuer/project/毕设/demo/src/install/share/vrx_gz/package.bash'
[0.990s] INFO:colcon.colcon_core.shell:Creating package script '/home/mrxiuer/project/毕设/demo/src/install/share/vrx_gz/package.zsh'
[0.990s] Level 1:colcon.colcon_core.environment:create_file_with_runtime_dependencies(/home/mrxiuer/project/毕设/demo/src/install/share/colcon-core/packages/vrx_gz)
[1.000s] DEBUG:colcon.colcon_parallel_executor.executor.parallel:closing loop
[1.001s] DEBUG:colcon.colcon_parallel_executor.executor.parallel:loop closed
[1.001s] DEBUG:colcon.colcon_parallel_executor.executor.parallel:run_until_complete finished with '2'
[1.001s] DEBUG:colcon.colcon_core.event_reactor:joining thread
[1.007s] INFO:colcon.colcon_core.plugin_system:Skipping extension 'colcon_notification.desktop_notification.terminal_notifier': Not used on non-Darwin systems
[1.007s] INFO:colcon.colcon_core.plugin_system:Skipping extension 'colcon_notification.desktop_notification.win32': Not used on non-Windows systems
[1.007s] INFO:colcon.colcon_notification.desktop_notification:Sending desktop notification using 'notify2'
[1.028s] DEBUG:colcon.colcon_core.event_reactor:joined thread
[1.029s] INFO:colcon.colcon_core.shell:Creating prefix script '/home/mrxiuer/project/毕设/demo/src/install/local_setup.ps1'
[1.030s] INFO:colcon.colcon_core.shell:Creating prefix util module '/home/mrxiuer/project/毕设/demo/src/install/_local_setup_util_ps1.py'
[1.031s] INFO:colcon.colcon_core.shell:Creating prefix chain script '/home/mrxiuer/project/毕设/demo/src/install/setup.ps1'
[1.032s] INFO:colcon.colcon_core.shell:Creating prefix script '/home/mrxiuer/project/毕设/demo/src/install/local_setup.sh'
[1.033s] INFO:colcon.colcon_core.shell:Creating prefix util module '/home/mrxiuer/project/毕设/demo/src/install/_local_setup_util_sh.py'
[1.033s] INFO:colcon.colcon_core.shell:Creating prefix chain script '/home/mrxiuer/project/毕设/demo/src/install/setup.sh'
[1.034s] INFO:colcon.colcon_core.shell:Creating prefix script '/home/mrxiuer/project/毕设/demo/src/install/local_setup.bash'
[1.035s] INFO:colcon.colcon_core.shell:Creating prefix chain script '/home/mrxiuer/project/毕设/demo/src/install/setup.bash'
[1.035s] INFO:colcon.colcon_core.shell:Creating prefix script '/home/mrxiuer/project/毕设/demo/src/install/local_setup.zsh'
[1.036s] INFO:colcon.colcon_core.shell:Creating prefix chain script '/home/mrxiuer/project/毕设/demo/src/install/setup.zsh'
