gmake: Warning: File 'Makefile' has modification time 26654 s in the future
gmake[1]: Warning: File 'CMakeFiles/Makefile2' has modification time 26654 s in the future
gmake[2]: Warning: File 'CMakeFiles/ament_cmake_python_copy_vrx_gz.dir/progress.make' has modification time 26654 s in the future
gmake[2]: Warning: File 'CMakeFiles/ScoringPlugin.dir/flags.make' has modification time 26654 s in the future
gmake[2]: Warning: File 'CMakeFiles/Waves.dir/flags.make' has modification time 26654 s in the future
gmake[2]: warning:  Clock skew detected.  Your build may be incomplete.
gmake[2]: warning:  Clock skew detected.  Your build may be incomplete.
gmake[2]: warning:  Clock skew detected.  Your build may be incomplete.
gmake[2]: Warning: File 'CMakeFiles/ament_cmake_python_copy_vrx_gz.dir/progress.make' has modification time 26654 s in the future
gmake[2]: Warning: File 'CMakeFiles/Waves.dir/flags.make' has modification time 26654 s in the future
gmake[2]: Warning: File 'CMakeFiles/ScoringPlugin.dir/flags.make' has modification time 26654 s in the future
gmake[2]: warning:  Clock skew detected.  Your build may be incomplete.
gmake[2]: warning:  Clock skew detected.  Your build may be incomplete.
gmake[2]: warning:  Clock skew detected.  Your build may be incomplete.
gmake[2]: Warning: File 'CMakeFiles/AcousticPingerPlugin.dir/flags.make' has modification time 26654 s in the future
gmake[2]: Warning: File 'CMakeFiles/LightBuoyPlugin.dir/flags.make' has modification time 26654 s in the future
gmake[2]: Warning: File 'CMakeFiles/PolyhedraBuoyancyDrag.dir/flags.make' has modification time 26654 s in the future
gmake[2]: Warning: File 'CMakeFiles/GymkhanaScoringPlugin.dir/flags.make' has modification time 26654 s in the future
gmake[2]: Warning: File 'CMakeFiles/PerceptionScoringPlugin.dir/flags.make' has modification time 26654 s in the future
gmake[2]: Warning: File 'CMakeFiles/StationkeepingScoringPlugin.dir/flags.make' has modification time 26654 s in the future
gmake[2]: Warning: File 'CMakeFiles/PlacardPlugin.dir/flags.make' has modification time 26654 s in the future
gmake[2]: Warning: File 'CMakeFiles/WayfindingScoringPlugin.dir/flags.make' has modification time 26654 s in the future
gmake[2]: Warning: File 'CMakeFiles/BallShooterPlugin.dir/flags.make' has modification time 26654 s in the future
gmake[2]: Warning: File 'CMakeFiles/PublisherPlugin.dir/flags.make' has modification time 26654 s in the future
gmake[2]: Warning: File 'CMakeFiles/AcousticPerceptionScoringPlugin.dir/flags.make' has modification time 26654 s in the future
gmake[2]: Warning: File 'CMakeFiles/NavigationScoringPlugin.dir/flags.make' has modification time 26654 s in the future
gmake[2]: Warning: File 'CMakeFiles/AcousticTrackingScoringPlugin.dir/flags.make' has modification time 26654 s in the future
gmake[2]: Warning: File 'CMakeFiles/ScanDockScoringPlugin.dir/flags.make' has modification time 26654 s in the future
gmake[2]: Warning: File 'CMakeFiles/Surface.dir/flags.make' has modification time 26654 s in the future
gmake[2]: Warning: File 'CMakeFiles/SimpleHydrodynamics.dir/flags.make' has modification time 26654 s in the future
gmake[2]: warning:  Clock skew detected.  Your build may be incomplete.
gmake[2]: warning:  Clock skew detected.  Your build may be incomplete.
gmake[2]: warning:  Clock skew detected.  Your build may be incomplete.
gmake[2]: warning:  Clock skew detected.  Your build may be incomplete.
gmake[2]: warning:  Clock skew detected.  Your build may be incomplete.
gmake[2]: warning:  Clock skew detected.  Your build may be incomplete.
gmake[2]: warning:  Clock skew detected.  Your build may be incomplete.
gmake[2]: warning:  Clock skew detected.  Your build may be incomplete.
gmake[2]: warning:  Clock skew detected.  Your build may be incomplete.
gmake[2]: warning:  Clock skew detected.  Your build may be incomplete.
gmake[2]: warning:  Clock skew detected.  Your build may be incomplete.
gmake[2]: warning:  Clock skew detected.  Your build may be incomplete.
gmake[2]: Warning: File 'CMakeFiles/PlacardPlugin.dir/flags.make' has modification time 26654 s in the future
gmake[2]: warning:  Clock skew detected.  Your build may be incomplete.
gmake[2]: warning:  Clock skew detected.  Your build may be incomplete.
gmake[2]: Warning: File 'CMakeFiles/AcousticPingerPlugin.dir/flags.make' has modification time 26654 s in the future
gmake[2]: warning:  Clock skew detected.  Your build may be incomplete.
gmake[2]: warning:  Clock skew detected.  Your build may be incomplete.
gmake[2]: Warning: File 'CMakeFiles/BallShooterPlugin.dir/flags.make' has modification time 26654 s in the future
gmake[2]: Warning: File 'CMakeFiles/GymkhanaScoringPlugin.dir/flags.make' has modification time 26654 s in the future
gmake[2]: warning:  Clock skew detected.  Your build may be incomplete.
gmake[2]: Warning: File 'CMakeFiles/StationkeepingScoringPlugin.dir/flags.make' has modification time 26654 s in the future
gmake[2]: Warning: File 'CMakeFiles/LightBuoyPlugin.dir/flags.make' has modification time 26654 s in the future
gmake[2]: warning:  Clock skew detected.  Your build may be incomplete.
gmake[2]: Warning: File 'CMakeFiles/PerceptionScoringPlugin.dir/flags.make' has modification time 26654 s in the future
gmake[2]: warning:  Clock skew detected.  Your build may be incomplete.
gmake[2]: warning:  Clock skew detected.  Your build may be incomplete.
gmake[2]: Warning: File 'CMakeFiles/WayfindingScoringPlugin.dir/flags.make' has modification time 26654 s in the future
gmake[2]: Warning: File 'CMakeFiles/PolyhedraBuoyancyDrag.dir/flags.make' has modification time 26654 s in the future
gmake[2]: warning:  Clock skew detected.  Your build may be incomplete.
gmake[2]: warning:  Clock skew detected.  Your build may be incomplete.
gmake[2]: warning:  Clock skew detected.  Your build may be incomplete.
gmake[2]: Warning: File 'CMakeFiles/AcousticPerceptionScoringPlugin.dir/flags.make' has modification time 26654 s in the future
gmake[2]: Warning: File 'CMakeFiles/NavigationScoringPlugin.dir/flags.make' has modification time 26654 s in the future
gmake[2]: Warning: File 'CMakeFiles/PublisherPlugin.dir/flags.make' has modification time 26654 s in the future
gmake[2]: warning:  Clock skew detected.  Your build may be incomplete.
gmake[2]: warning:  Clock skew detected.  Your build may be incomplete.
gmake[2]: Warning: File 'CMakeFiles/Surface.dir/flags.make' has modification time 26654 s in the future
gmake[2]: Warning: File 'CMakeFiles/AcousticTrackingScoringPlugin.dir/flags.make' has modification time 26654 s in the future
gmake[2]: warning:  Clock skew detected.  Your build may be incomplete.
gmake[2]: Warning: File 'CMakeFiles/SimpleHydrodynamics.dir/flags.make' has modification time 26654 s in the future
gmake[2]: warning:  Clock skew detected.  Your build may be incomplete.
gmake[2]: Warning: File 'CMakeFiles/ScanDockScoringPlugin.dir/flags.make' has modification time 26654 s in the future
gmake[2]: warning:  Clock skew detected.  Your build may be incomplete.
gmake[2]: warning:  Clock skew detected.  Your build may be incomplete.
gmake[2]: warning:  Clock skew detected.  Your build may be incomplete.
gmake[2]: warning:  Clock skew detected.  Your build may be incomplete.
gmake[2]: warning:  Clock skew detected.  Your build may be incomplete.
gmake[2]: Warning: File 'CMakeFiles/ament_cmake_python_build_vrx_gz_egg.dir/progress.make' has modification time 26654 s in the future
gmake[2]: Warning: File 'CMakeFiles/USVWind.dir/flags.make' has modification time 26654 s in the future
gmake[2]: Warning: File 'CMakeFiles/WildlifeScoringPlugin.dir/flags.make' has modification time 26654 s in the future
gmake[2]: Warning: File 'CMakeFiles/WaveVisual.dir/flags.make' has modification time 26654 s in the future
gmake[2]: warning:  Clock skew detected.  Your build may be incomplete.
gmake[2]: warning:  Clock skew detected.  Your build may be incomplete.
gmake[2]: warning:  Clock skew detected.  Your build may be incomplete.
gmake[2]: Warning: File 'CMakeFiles/ament_cmake_python_build_vrx_gz_egg.dir/progress.make' has modification time 26654 s in the future
gmake[2]: warning:  Clock skew detected.  Your build may be incomplete.
gmake[2]: Warning: File 'CMakeFiles/WildlifeScoringPlugin.dir/flags.make' has modification time 26654 s in the future
gmake[2]: Warning: File 'CMakeFiles/USVWind.dir/flags.make' has modification time 26654 s in the future
gmake[2]: Warning: File 'CMakeFiles/WaveVisual.dir/flags.make' has modification time 26654 s in the future
gmake[2]: warning:  Clock skew detected.  Your build may be incomplete.
gmake[2]: warning:  Clock skew detected.  Your build may be incomplete.
gmake[2]: warning:  Clock skew detected.  Your build may be incomplete.
gmake[2]: warning:  Clock skew detected.  Your build may be incomplete.
gmake[1]: warning:  Clock skew detected.  Your build may be incomplete.
gmake: warning:  Clock skew detected.  Your build may be incomplete.
