[0.009s] Invoking command in '/home/mrxiuer/project/毕设/demo/src/build/wamv_gazebo': AMENT_PREFIX_PATH=/home/mrxiuer/project/毕设/demo/src/install:${AMENT_PREFIX_PATH} CMAKE_PREFIX_PATH=/home/mrxiuer/project/毕设/demo/src/install:/opt/ros/humble GZ_SIM_RESOURCE_PATH=/home/mrxiuer/project/毕设/demo/src/install/share/wamv_description/models:/home/mrxiuer/project/毕设/demo/src/install/share/vrx_gazebo/models:/home/mrxiuer/project/毕设/demo/src/install/share PYTHONPATH=/home/mrxiuer/project/毕设/demo/src/install/local/lib/python3.10/dist-packages:${PYTHONPATH} /usr/bin/cmake /home/mrxiuer/project/毕设/demo/src/vrx/vrx_urdf/wamv_gazebo -DCMAKE_INSTALL_PREFIX=/home/mrxiuer/project/毕设/demo/src/install
[0.060s] -- The C compiler identification is GNU 11.4.0
[0.113s] -- The CXX compiler identification is GNU 11.4.0
[0.120s] -- Detecting C compiler ABI info
[0.188s] -- Detecting C compiler ABI info - done
[0.194s] -- Check for working C compiler: /usr/bin/cc - skipped
[0.195s] -- Detecting C compile features
[0.195s] -- Detecting C compile features - done
[0.198s] -- Detecting CXX compiler ABI info
[0.275s] -- Detecting CXX compiler ABI info - done
[0.281s] -- Check for working CXX compiler: /usr/bin/c++ - skipped
[0.281s] -- Detecting CXX compile features
[0.281s] -- Detecting CXX compile features - done
[0.284s] -- Found ament_cmake: 1.3.11 (/opt/ros/humble/share/ament_cmake/cmake)
[0.418s] -- Found Python3: /usr/bin/python3 (found version "3.10.12") found components: Interpreter 
[0.497s] -- Found xacro: 2.0.8 (/opt/ros/humble/share/xacro/cmake)
[0.498s] -- Found wamv_description: 1.3.0 (/home/mrxiuer/project/毕设/demo/src/install/share/wamv_description/cmake)
[0.551s] -- Configuring done
[0.554s] -- Generating done
[0.555s] -- Build files have been written to: /home/mrxiuer/project/毕设/demo/src/build/wamv_gazebo
[0.559s] Invoked command in '/home/mrxiuer/project/毕设/demo/src/build/wamv_gazebo' returned '0': AMENT_PREFIX_PATH=/home/mrxiuer/project/毕设/demo/src/install:${AMENT_PREFIX_PATH} CMAKE_PREFIX_PATH=/home/mrxiuer/project/毕设/demo/src/install:/opt/ros/humble GZ_SIM_RESOURCE_PATH=/home/mrxiuer/project/毕设/demo/src/install/share/wamv_description/models:/home/mrxiuer/project/毕设/demo/src/install/share/vrx_gazebo/models:/home/mrxiuer/project/毕设/demo/src/install/share PYTHONPATH=/home/mrxiuer/project/毕设/demo/src/install/local/lib/python3.10/dist-packages:${PYTHONPATH} /usr/bin/cmake /home/mrxiuer/project/毕设/demo/src/vrx/vrx_urdf/wamv_gazebo -DCMAKE_INSTALL_PREFIX=/home/mrxiuer/project/毕设/demo/src/install
[0.561s] Invoking command in '/home/mrxiuer/project/毕设/demo/src/build/wamv_gazebo': AMENT_PREFIX_PATH=/home/mrxiuer/project/毕设/demo/src/install:${AMENT_PREFIX_PATH} CMAKE_PREFIX_PATH=/home/mrxiuer/project/毕设/demo/src/install:/opt/ros/humble GZ_SIM_RESOURCE_PATH=/home/mrxiuer/project/毕设/demo/src/install/share/wamv_description/models:/home/mrxiuer/project/毕设/demo/src/install/share/vrx_gazebo/models:/home/mrxiuer/project/毕设/demo/src/install/share PYTHONPATH=/home/mrxiuer/project/毕设/demo/src/install/local/lib/python3.10/dist-packages:${PYTHONPATH} /usr/bin/cmake --build /home/mrxiuer/project/毕设/demo/src/build/wamv_gazebo -- -j16 -l16
[0.596s] Invoked command in '/home/mrxiuer/project/毕设/demo/src/build/wamv_gazebo' returned '0': AMENT_PREFIX_PATH=/home/mrxiuer/project/毕设/demo/src/install:${AMENT_PREFIX_PATH} CMAKE_PREFIX_PATH=/home/mrxiuer/project/毕设/demo/src/install:/opt/ros/humble GZ_SIM_RESOURCE_PATH=/home/mrxiuer/project/毕设/demo/src/install/share/wamv_description/models:/home/mrxiuer/project/毕设/demo/src/install/share/vrx_gazebo/models:/home/mrxiuer/project/毕设/demo/src/install/share PYTHONPATH=/home/mrxiuer/project/毕设/demo/src/install/local/lib/python3.10/dist-packages:${PYTHONPATH} /usr/bin/cmake --build /home/mrxiuer/project/毕设/demo/src/build/wamv_gazebo -- -j16 -l16
[0.598s] Invoking command in '/home/mrxiuer/project/毕设/demo/src/build/wamv_gazebo': AMENT_PREFIX_PATH=/home/mrxiuer/project/毕设/demo/src/install:${AMENT_PREFIX_PATH} CMAKE_PREFIX_PATH=/home/mrxiuer/project/毕设/demo/src/install:/opt/ros/humble GZ_SIM_RESOURCE_PATH=/home/mrxiuer/project/毕设/demo/src/install/share/wamv_description/models:/home/mrxiuer/project/毕设/demo/src/install/share/vrx_gazebo/models:/home/mrxiuer/project/毕设/demo/src/install/share PYTHONPATH=/home/mrxiuer/project/毕设/demo/src/install/local/lib/python3.10/dist-packages:${PYTHONPATH} /usr/bin/cmake --install /home/mrxiuer/project/毕设/demo/src/build/wamv_gazebo
[0.604s] -- Install configuration: ""
[0.604s] -- Installing: /home/mrxiuer/project/毕设/demo/src/install/share/wamv_gazebo/models
[0.604s] -- Installing: /home/mrxiuer/project/毕设/demo/src/install/share/wamv_gazebo/models/gps
[0.605s] -- Installing: /home/mrxiuer/project/毕设/demo/src/install/share/wamv_gazebo/models/gps/mesh
[0.605s] -- Installing: /home/mrxiuer/project/毕设/demo/src/install/share/wamv_gazebo/models/gps/mesh/gps.dae
[0.605s] -- Installing: /home/mrxiuer/project/毕设/demo/src/install/share/wamv_gazebo/models/gps/mesh/gps.png
[0.605s] -- Installing: /home/mrxiuer/project/毕设/demo/src/install/share/wamv_gazebo/models/gps/model.config
[0.605s] -- Installing: /home/mrxiuer/project/毕设/demo/src/install/share/wamv_gazebo/urdf
[0.605s] -- Installing: /home/mrxiuer/project/毕设/demo/src/install/share/wamv_gazebo/urdf/macros.xacro
[0.606s] -- Installing: /home/mrxiuer/project/毕设/demo/src/install/share/wamv_gazebo/urdf/dynamics
[0.606s] -- Installing: /home/mrxiuer/project/毕设/demo/src/install/share/wamv_gazebo/urdf/dynamics/wamv_gazebo_dynamics_plugin.xacro
[0.606s] -- Installing: /home/mrxiuer/project/毕设/demo/src/install/share/wamv_gazebo/urdf/wamv_gazebo.urdf.xacro
[0.606s] -- Installing: /home/mrxiuer/project/毕设/demo/src/install/share/wamv_gazebo/urdf/wamv_gazebo.xacro
[0.606s] -- Installing: /home/mrxiuer/project/毕设/demo/src/install/share/wamv_gazebo/urdf/components
[0.606s] -- Installing: /home/mrxiuer/project/毕设/demo/src/install/share/wamv_gazebo/urdf/components/wamv_planar_lidar.xacro
[0.606s] -- Installing: /home/mrxiuer/project/毕设/demo/src/install/share/wamv_gazebo/urdf/components/wamv_imu.xacro
[0.606s] -- Installing: /home/mrxiuer/project/毕设/demo/src/install/share/wamv_gazebo/urdf/components/ball_shooter.xacro
[0.606s] -- Installing: /home/mrxiuer/project/毕设/demo/src/install/share/wamv_gazebo/urdf/components/lidar.xacro
[0.607s] -- Installing: /home/mrxiuer/project/毕设/demo/src/install/share/wamv_gazebo/urdf/components/wamv_pinger.xacro
[0.607s] -- Installing: /home/mrxiuer/project/毕设/demo/src/install/share/wamv_gazebo/urdf/components/wamv_3d_lidar.xacro
[0.607s] -- Installing: /home/mrxiuer/project/毕设/demo/src/install/share/wamv_gazebo/urdf/components/wamv_p3d.xacro
[0.607s] -- Installing: /home/mrxiuer/project/毕设/demo/src/install/share/wamv_gazebo/urdf/components/wamv_camera.xacro
[0.607s] -- Installing: /home/mrxiuer/project/毕设/demo/src/install/share/wamv_gazebo/urdf/components/wamv_gps.xacro
[0.607s] -- Installing: /home/mrxiuer/project/毕设/demo/src/install/share/wamv_gazebo/urdf/thruster_layouts
[0.607s] -- Installing: /home/mrxiuer/project/毕设/demo/src/install/share/wamv_gazebo/urdf/thruster_layouts/wamv_aft_thrusters.xacro
[0.607s] -- Installing: /home/mrxiuer/project/毕设/demo/src/install/share/wamv_gazebo/urdf/thruster_layouts/wamv_t_thrusters.xacro
[0.607s] -- Installing: /home/mrxiuer/project/毕设/demo/src/install/share/wamv_gazebo/urdf/thruster_layouts/wamv_gazebo_thruster_config.xacro
[0.607s] -- Installing: /home/mrxiuer/project/毕设/demo/src/install/share/wamv_gazebo/urdf/thruster_layouts/wamv_x_thrusters.xacro
[0.608s] -- Installing: /home/mrxiuer/project/毕设/demo/src/install/share/ament_index/resource_index/package_run_dependencies/wamv_gazebo
[0.608s] -- Installing: /home/mrxiuer/project/毕设/demo/src/install/share/ament_index/resource_index/parent_prefix_path/wamv_gazebo
[0.608s] -- Installing: /home/mrxiuer/project/毕设/demo/src/install/share/wamv_gazebo/environment/ament_prefix_path.sh
[0.608s] -- Installing: /home/mrxiuer/project/毕设/demo/src/install/share/wamv_gazebo/environment/ament_prefix_path.dsv
[0.608s] -- Installing: /home/mrxiuer/project/毕设/demo/src/install/share/wamv_gazebo/environment/path.sh
[0.608s] -- Installing: /home/mrxiuer/project/毕设/demo/src/install/share/wamv_gazebo/environment/path.dsv
[0.609s] -- Installing: /home/mrxiuer/project/毕设/demo/src/install/share/wamv_gazebo/local_setup.bash
[0.609s] -- Installing: /home/mrxiuer/project/毕设/demo/src/install/share/wamv_gazebo/local_setup.sh
[0.609s] -- Installing: /home/mrxiuer/project/毕设/demo/src/install/share/wamv_gazebo/local_setup.zsh
[0.609s] -- Installing: /home/mrxiuer/project/毕设/demo/src/install/share/wamv_gazebo/local_setup.dsv
[0.609s] -- Installing: /home/mrxiuer/project/毕设/demo/src/install/share/wamv_gazebo/package.dsv
[0.609s] -- Installing: /home/mrxiuer/project/毕设/demo/src/install/share/ament_index/resource_index/packages/wamv_gazebo
[0.609s] -- Installing: /home/mrxiuer/project/毕设/demo/src/install/share/wamv_gazebo/cmake/wamv_gazeboConfig.cmake
[0.610s] -- Installing: /home/mrxiuer/project/毕设/demo/src/install/share/wamv_gazebo/cmake/wamv_gazeboConfig-version.cmake
[0.610s] -- Installing: /home/mrxiuer/project/毕设/demo/src/install/share/wamv_gazebo/package.xml
[0.612s] Invoked command in '/home/mrxiuer/project/毕设/demo/src/build/wamv_gazebo' returned '0': AMENT_PREFIX_PATH=/home/mrxiuer/project/毕设/demo/src/install:${AMENT_PREFIX_PATH} CMAKE_PREFIX_PATH=/home/mrxiuer/project/毕设/demo/src/install:/opt/ros/humble GZ_SIM_RESOURCE_PATH=/home/mrxiuer/project/毕设/demo/src/install/share/wamv_description/models:/home/mrxiuer/project/毕设/demo/src/install/share/vrx_gazebo/models:/home/mrxiuer/project/毕设/demo/src/install/share PYTHONPATH=/home/mrxiuer/project/毕设/demo/src/install/local/lib/python3.10/dist-packages:${PYTHONPATH} /usr/bin/cmake --install /home/mrxiuer/project/毕设/demo/src/build/wamv_gazebo
