[0.009s] Invoking command in '/home/mrxiuer/project/毕设/demo/src/build/wamv_description': CMAKE_PREFIX_PATH=${CMAKE_PREFIX_PATH}:/opt/ros/humble GZ_SIM_RESOURCE_PATH=/home/mrxiuer/project/毕设/demo/src/install/share:${GZ_SIM_RESOURCE_PATH} /usr/bin/cmake --build /home/mrxiuer/project/毕设/demo/src/build/wamv_description -- -j16 -l16
[0.018s] gmake: Warning: File 'Makefile' has modification time 26643 s in the future
[0.035s] gmake[1]: Warning: File 'CMakeFiles/Makefile2' has modification time 26643 s in the future
[0.036s] gmake[2]: Warning: File 'CMakeFiles/wamv_description__xacro_auto_generate.dir/progress.make' has modification time 26643 s in the future
[0.045s] gmake[2]: warning:  Clock skew detected.  Your build may be incomplete.
[0.047s] gmake[2]: Warning: File 'CMakeFiles/wamv_description__xacro_auto_generate.dir/progress.make' has modification time 26643 s in the future
[0.047s] gmake[2]: warning:  Clock skew detected.  Your build may be incomplete.
[0.055s] [100%] Built target wamv_description__xacro_auto_generate
[0.056s] gmake[1]: warning:  Clock skew detected.  Your build may be incomplete.
[0.064s] gmake: warning:  Clock skew detected.  Your build may be incomplete.
[0.066s] Invoked command in '/home/mrxiuer/project/毕设/demo/src/build/wamv_description' returned '0': CMAKE_PREFIX_PATH=${CMAKE_PREFIX_PATH}:/opt/ros/humble GZ_SIM_RESOURCE_PATH=/home/mrxiuer/project/毕设/demo/src/install/share:${GZ_SIM_RESOURCE_PATH} /usr/bin/cmake --build /home/mrxiuer/project/毕设/demo/src/build/wamv_description -- -j16 -l16
[0.067s] Invoking command in '/home/mrxiuer/project/毕设/demo/src/build/wamv_description': CMAKE_PREFIX_PATH=${CMAKE_PREFIX_PATH}:/opt/ros/humble GZ_SIM_RESOURCE_PATH=/home/mrxiuer/project/毕设/demo/src/install/share:${GZ_SIM_RESOURCE_PATH} /usr/bin/cmake --install /home/mrxiuer/project/毕设/demo/src/build/wamv_description
[0.073s] -- Install configuration: ""
[0.073s] -- Up-to-date: /home/mrxiuer/project/毕设/demo/src/install/share/wamv_description/environment/resource_paths.dsv
[0.073s] -- Up-to-date: /home/mrxiuer/project/毕设/demo/src/install/share/wamv_description/environment/resource_paths.sh
[0.073s] -- Up-to-date: /home/mrxiuer/project/毕设/demo/src/install/share/wamv_description/urdf/wamv_base.urdf
[0.074s] -- Up-to-date: /home/mrxiuer/project/毕设/demo/src/install/share/wamv_description/models
[0.074s] -- Up-to-date: /home/mrxiuer/project/毕设/demo/src/install/share/wamv_description/models/propeller
[0.074s] -- Up-to-date: /home/mrxiuer/project/毕设/demo/src/install/share/wamv_description/models/propeller/mesh
[0.074s] -- Up-to-date: /home/mrxiuer/project/毕设/demo/src/install/share/wamv_description/models/propeller/mesh/propeller.dae
[0.074s] -- Up-to-date: /home/mrxiuer/project/毕设/demo/src/install/share/wamv_description/models/propeller/model.config
[0.074s] -- Up-to-date: /home/mrxiuer/project/毕设/demo/src/install/share/wamv_description/models/WAM-V-Base
[0.074s] -- Up-to-date: /home/mrxiuer/project/毕设/demo/src/install/share/wamv_description/models/WAM-V-Base/mesh
[0.074s] -- Up-to-date: /home/mrxiuer/project/毕设/demo/src/install/share/wamv_description/models/WAM-V-Base/mesh/WamV.png
[0.074s] -- Up-to-date: /home/mrxiuer/project/毕设/demo/src/install/share/wamv_description/models/WAM-V-Base/mesh/WAM-V_Metalness.png
[0.074s] -- Up-to-date: /home/mrxiuer/project/毕设/demo/src/install/share/wamv_description/models/WAM-V-Base/mesh/WAM-V_Normal.png
[0.074s] -- Up-to-date: /home/mrxiuer/project/毕设/demo/src/install/share/wamv_description/models/WAM-V-Base/mesh/WAM-V_Roughness.png
[0.074s] -- Up-to-date: /home/mrxiuer/project/毕设/demo/src/install/share/wamv_description/models/WAM-V-Base/mesh/WAM-V-Base.dae
[0.074s] -- Up-to-date: /home/mrxiuer/project/毕设/demo/src/install/share/wamv_description/models/WAM-V-Base/mesh/WAM-V_Albedo.png
[0.075s] -- Up-to-date: /home/mrxiuer/project/毕设/demo/src/install/share/wamv_description/models/WAM-V-Base/model.config
[0.075s] -- Up-to-date: /home/mrxiuer/project/毕设/demo/src/install/share/wamv_description/models/engine
[0.075s] -- Up-to-date: /home/mrxiuer/project/毕设/demo/src/install/share/wamv_description/models/engine/mesh
[0.075s] -- Up-to-date: /home/mrxiuer/project/毕设/demo/src/install/share/wamv_description/models/engine/mesh/engine.dae
[0.075s] -- Up-to-date: /home/mrxiuer/project/毕设/demo/src/install/share/wamv_description/models/engine/model.config
[0.075s] -- Up-to-date: /home/mrxiuer/project/毕设/demo/src/install/share/wamv_description/urdf
[0.075s] -- Up-to-date: /home/mrxiuer/project/毕设/demo/src/install/share/wamv_description/urdf/thrusters
[0.075s] -- Up-to-date: /home/mrxiuer/project/毕设/demo/src/install/share/wamv_description/urdf/thrusters/engine.xacro
[0.075s] -- Up-to-date: /home/mrxiuer/project/毕设/demo/src/install/share/wamv_description/urdf/wamv_base.urdf.xacro
[0.075s] -- Up-to-date: /home/mrxiuer/project/毕设/demo/src/install/share/wamv_description/urdf/cpu_cases.xacro
[0.075s] -- Up-to-date: /home/mrxiuer/project/毕设/demo/src/install/share/wamv_description/urdf/battery.xacro
[0.075s] -- Up-to-date: /home/mrxiuer/project/毕设/demo/src/install/share/ament_index/resource_index/package_run_dependencies/wamv_description
[0.075s] -- Up-to-date: /home/mrxiuer/project/毕设/demo/src/install/share/ament_index/resource_index/parent_prefix_path/wamv_description
[0.075s] -- Up-to-date: /home/mrxiuer/project/毕设/demo/src/install/share/wamv_description/environment/ament_prefix_path.sh
[0.075s] -- Up-to-date: /home/mrxiuer/project/毕设/demo/src/install/share/wamv_description/environment/ament_prefix_path.dsv
[0.075s] -- Up-to-date: /home/mrxiuer/project/毕设/demo/src/install/share/wamv_description/environment/path.sh
[0.075s] -- Up-to-date: /home/mrxiuer/project/毕设/demo/src/install/share/wamv_description/environment/path.dsv
[0.075s] -- Up-to-date: /home/mrxiuer/project/毕设/demo/src/install/share/wamv_description/local_setup.bash
[0.075s] -- Up-to-date: /home/mrxiuer/project/毕设/demo/src/install/share/wamv_description/local_setup.sh
[0.075s] -- Up-to-date: /home/mrxiuer/project/毕设/demo/src/install/share/wamv_description/local_setup.zsh
[0.075s] -- Up-to-date: /home/mrxiuer/project/毕设/demo/src/install/share/wamv_description/local_setup.dsv
[0.076s] -- Installing: /home/mrxiuer/project/毕设/demo/src/install/share/wamv_description/package.dsv
[0.076s] -- Up-to-date: /home/mrxiuer/project/毕设/demo/src/install/share/ament_index/resource_index/packages/wamv_description
[0.076s] -- Up-to-date: /home/mrxiuer/project/毕设/demo/src/install/share/wamv_description/cmake/wamv_descriptionConfig.cmake
[0.076s] -- Up-to-date: /home/mrxiuer/project/毕设/demo/src/install/share/wamv_description/cmake/wamv_descriptionConfig-version.cmake
[0.076s] -- Up-to-date: /home/mrxiuer/project/毕设/demo/src/install/share/wamv_description/package.xml
[0.077s] Invoked command in '/home/mrxiuer/project/毕设/demo/src/build/wamv_description' returned '0': CMAKE_PREFIX_PATH=${CMAKE_PREFIX_PATH}:/opt/ros/humble GZ_SIM_RESOURCE_PATH=/home/mrxiuer/project/毕设/demo/src/install/share:${GZ_SIM_RESOURCE_PATH} /usr/bin/cmake --install /home/mrxiuer/project/毕设/demo/src/build/wamv_description
