[0.082s] DEBUG:colcon:Command line arguments: ['/usr/bin/colcon', 'build', '--merge-install']
[0.082s] DEBUG:colcon:Parsed command line arguments: Namespace(log_base=None, log_level=None, verb_name='build', build_base='build', install_base='install', merge_install=True, symlink_install=False, test_result_base=None, continue_on_error=False, executor='parallel', parallel_workers=16, event_handlers=None, ignore_user_meta=False, metas=['./colcon.meta'], base_paths=['.'], packages_ignore=None, packages_ignore_regex=None, paths=None, packages_up_to=None, packages_up_to_regex=None, packages_above=None, packages_above_and_dependencies=None, packages_above_depth=None, packages_select_by_dep=None, packages_skip_by_dep=None, packages_skip_up_to=None, packages_select_build_failed=False, packages_skip_build_finished=False, packages_select_test_failures=False, packages_skip_test_passed=False, packages_select=None, packages_skip=None, packages_select_regex=None, packages_skip_regex=None, packages_start=None, packages_end=None, allow_overriding=[], cmake_args=None, cmake_target=None, cmake_target_skip_unavailable=False, cmake_clean_cache=False, cmake_clean_first=False, cmake_force_configure=False, ament_cmake_args=None, catkin_cmake_args=None, catkin_skip_building_tests=False, mixin_files=None, mixin=None, verb_parser=<colcon_mixin.mixin.mixin_argument.MixinArgumentDecorator object at 0x7c09f25627a0>, verb_extension=<colcon_core.verb.build.BuildVerb object at 0x7c09f266f760>, main=<bound method BuildVerb.main of <colcon_core.verb.build.BuildVerb object at 0x7c09f266f760>>, mixin_verb=('build',))
[0.228s] Level 1:colcon.colcon_core.package_discovery:discover_packages(colcon_meta) check parameters
[0.229s] Level 1:colcon.colcon_core.package_discovery:discover_packages(recursive) check parameters
[0.229s] Level 1:colcon.colcon_core.package_discovery:discover_packages(ignore) check parameters
[0.229s] Level 1:colcon.colcon_core.package_discovery:discover_packages(path) check parameters
[0.229s] Level 1:colcon.colcon_core.package_discovery:discover_packages(colcon_meta) discover
[0.229s] Level 1:colcon.colcon_core.package_discovery:discover_packages(recursive) discover
[0.229s] INFO:colcon.colcon_core.package_discovery:Crawling recursively for packages in '/home/mrxiuer/project/毕设/demo/src'
[0.229s] Level 1:colcon.colcon_core.package_identification:_identify(.) by extensions ['ignore', 'ignore_ament_install']
[0.229s] Level 1:colcon.colcon_core.package_identification:_identify(.) by extension 'ignore'
[0.229s] Level 1:colcon.colcon_core.package_identification:_identify(.) by extension 'ignore_ament_install'
[0.229s] Level 1:colcon.colcon_core.package_identification:_identify(.) by extensions ['colcon_pkg']
[0.229s] Level 1:colcon.colcon_core.package_identification:_identify(.) by extension 'colcon_pkg'
[0.229s] Level 1:colcon.colcon_core.package_identification:_identify(.) by extensions ['colcon_meta']
[0.229s] Level 1:colcon.colcon_core.package_identification:_identify(.) by extension 'colcon_meta'
[0.229s] Level 1:colcon.colcon_core.package_identification:_identify(.) by extensions ['ros']
[0.229s] Level 1:colcon.colcon_core.package_identification:_identify(.) by extension 'ros'
[0.237s] Level 1:colcon.colcon_core.package_identification:_identify(.) by extensions ['cmake', 'python']
[0.237s] Level 1:colcon.colcon_core.package_identification:_identify(.) by extension 'cmake'
[0.237s] Level 1:colcon.colcon_core.package_identification:_identify(.) by extension 'python'
[0.237s] Level 1:colcon.colcon_core.package_identification:_identify(.) by extensions ['python_setup_py']
[0.237s] Level 1:colcon.colcon_core.package_identification:_identify(.) by extension 'python_setup_py'
[0.238s] Level 1:colcon.colcon_core.package_identification:_identify(build) by extensions ['ignore', 'ignore_ament_install']
[0.238s] Level 1:colcon.colcon_core.package_identification:_identify(build) by extension 'ignore'
[0.238s] Level 1:colcon.colcon_core.package_identification:_identify(build) ignored
[0.238s] Level 1:colcon.colcon_core.package_identification:_identify(install) by extensions ['ignore', 'ignore_ament_install']
[0.238s] Level 1:colcon.colcon_core.package_identification:_identify(install) by extension 'ignore'
[0.238s] Level 1:colcon.colcon_core.package_identification:_identify(install) ignored
[0.238s] Level 1:colcon.colcon_core.package_identification:_identify(log) by extensions ['ignore', 'ignore_ament_install']
[0.238s] Level 1:colcon.colcon_core.package_identification:_identify(log) by extension 'ignore'
[0.238s] Level 1:colcon.colcon_core.package_identification:_identify(log) ignored
[0.238s] Level 1:colcon.colcon_core.package_identification:_identify(vrx) by extensions ['ignore', 'ignore_ament_install']
[0.238s] Level 1:colcon.colcon_core.package_identification:_identify(vrx) by extension 'ignore'
[0.238s] Level 1:colcon.colcon_core.package_identification:_identify(vrx) by extension 'ignore_ament_install'
[0.238s] Level 1:colcon.colcon_core.package_identification:_identify(vrx) by extensions ['colcon_pkg']
[0.238s] Level 1:colcon.colcon_core.package_identification:_identify(vrx) by extension 'colcon_pkg'
[0.238s] Level 1:colcon.colcon_core.package_identification:_identify(vrx) by extensions ['colcon_meta']
[0.239s] Level 1:colcon.colcon_core.package_identification:_identify(vrx) by extension 'colcon_meta'
[0.239s] Level 1:colcon.colcon_core.package_identification:_identify(vrx) by extensions ['ros']
[0.239s] Level 1:colcon.colcon_core.package_identification:_identify(vrx) by extension 'ros'
[0.239s] Level 1:colcon.colcon_core.package_identification:_identify(vrx) by extensions ['cmake', 'python']
[0.239s] Level 1:colcon.colcon_core.package_identification:_identify(vrx) by extension 'cmake'
[0.239s] Level 1:colcon.colcon_core.package_identification:_identify(vrx) by extension 'python'
[0.239s] Level 1:colcon.colcon_core.package_identification:_identify(vrx) by extensions ['python_setup_py']
[0.239s] Level 1:colcon.colcon_core.package_identification:_identify(vrx) by extension 'python_setup_py'
[0.239s] Level 1:colcon.colcon_core.package_identification:_identify(vrx/images) by extensions ['ignore', 'ignore_ament_install']
[0.239s] Level 1:colcon.colcon_core.package_identification:_identify(vrx/images) by extension 'ignore'
[0.239s] Level 1:colcon.colcon_core.package_identification:_identify(vrx/images) by extension 'ignore_ament_install'
[0.239s] Level 1:colcon.colcon_core.package_identification:_identify(vrx/images) by extensions ['colcon_pkg']
[0.239s] Level 1:colcon.colcon_core.package_identification:_identify(vrx/images) by extension 'colcon_pkg'
[0.239s] Level 1:colcon.colcon_core.package_identification:_identify(vrx/images) by extensions ['colcon_meta']
[0.239s] Level 1:colcon.colcon_core.package_identification:_identify(vrx/images) by extension 'colcon_meta'
[0.239s] Level 1:colcon.colcon_core.package_identification:_identify(vrx/images) by extensions ['ros']
[0.239s] Level 1:colcon.colcon_core.package_identification:_identify(vrx/images) by extension 'ros'
[0.239s] Level 1:colcon.colcon_core.package_identification:_identify(vrx/images) by extensions ['cmake', 'python']
[0.239s] Level 1:colcon.colcon_core.package_identification:_identify(vrx/images) by extension 'cmake'
[0.239s] Level 1:colcon.colcon_core.package_identification:_identify(vrx/images) by extension 'python'
[0.239s] Level 1:colcon.colcon_core.package_identification:_identify(vrx/images) by extensions ['python_setup_py']
[0.239s] Level 1:colcon.colcon_core.package_identification:_identify(vrx/images) by extension 'python_setup_py'
[0.239s] Level 1:colcon.colcon_core.package_identification:_identify(vrx/vrx_gz) by extensions ['ignore', 'ignore_ament_install']
[0.239s] Level 1:colcon.colcon_core.package_identification:_identify(vrx/vrx_gz) by extension 'ignore'
[0.240s] Level 1:colcon.colcon_core.package_identification:_identify(vrx/vrx_gz) by extension 'ignore_ament_install'
[0.240s] Level 1:colcon.colcon_core.package_identification:_identify(vrx/vrx_gz) by extensions ['colcon_pkg']
[0.240s] Level 1:colcon.colcon_core.package_identification:_identify(vrx/vrx_gz) by extension 'colcon_pkg'
[0.240s] Level 1:colcon.colcon_core.package_identification:_identify(vrx/vrx_gz) by extensions ['colcon_meta']
[0.240s] Level 1:colcon.colcon_core.package_identification:_identify(vrx/vrx_gz) by extension 'colcon_meta'
[0.240s] Level 1:colcon.colcon_core.package_identification:_identify(vrx/vrx_gz) by extensions ['ros']
[0.240s] Level 1:colcon.colcon_core.package_identification:_identify(vrx/vrx_gz) by extension 'ros'
[0.242s] DEBUG:colcon.colcon_core.package_identification:Package 'vrx/vrx_gz' with type 'ros.ament_cmake' and name 'vrx_gz'
[0.242s] Level 1:colcon.colcon_core.package_identification:_identify(vrx/vrx_ros) by extensions ['ignore', 'ignore_ament_install']
[0.242s] Level 1:colcon.colcon_core.package_identification:_identify(vrx/vrx_ros) by extension 'ignore'
[0.242s] Level 1:colcon.colcon_core.package_identification:_identify(vrx/vrx_ros) by extension 'ignore_ament_install'
[0.242s] Level 1:colcon.colcon_core.package_identification:_identify(vrx/vrx_ros) by extensions ['colcon_pkg']
[0.242s] Level 1:colcon.colcon_core.package_identification:_identify(vrx/vrx_ros) by extension 'colcon_pkg'
[0.242s] Level 1:colcon.colcon_core.package_identification:_identify(vrx/vrx_ros) by extensions ['colcon_meta']
[0.242s] Level 1:colcon.colcon_core.package_identification:_identify(vrx/vrx_ros) by extension 'colcon_meta'
[0.242s] Level 1:colcon.colcon_core.package_identification:_identify(vrx/vrx_ros) by extensions ['ros']
[0.242s] Level 1:colcon.colcon_core.package_identification:_identify(vrx/vrx_ros) by extension 'ros'
[0.243s] DEBUG:colcon.colcon_core.package_identification:Package 'vrx/vrx_ros' with type 'ros.ament_cmake' and name 'vrx_ros'
[0.243s] Level 1:colcon.colcon_core.package_identification:_identify(vrx/vrx_urdf) by extensions ['ignore', 'ignore_ament_install']
[0.243s] Level 1:colcon.colcon_core.package_identification:_identify(vrx/vrx_urdf) by extension 'ignore'
[0.243s] Level 1:colcon.colcon_core.package_identification:_identify(vrx/vrx_urdf) by extension 'ignore_ament_install'
[0.243s] Level 1:colcon.colcon_core.package_identification:_identify(vrx/vrx_urdf) by extensions ['colcon_pkg']
[0.243s] Level 1:colcon.colcon_core.package_identification:_identify(vrx/vrx_urdf) by extension 'colcon_pkg'
[0.243s] Level 1:colcon.colcon_core.package_identification:_identify(vrx/vrx_urdf) by extensions ['colcon_meta']
[0.243s] Level 1:colcon.colcon_core.package_identification:_identify(vrx/vrx_urdf) by extension 'colcon_meta'
[0.243s] Level 1:colcon.colcon_core.package_identification:_identify(vrx/vrx_urdf) by extensions ['ros']
[0.243s] Level 1:colcon.colcon_core.package_identification:_identify(vrx/vrx_urdf) by extension 'ros'
[0.243s] Level 1:colcon.colcon_core.package_identification:_identify(vrx/vrx_urdf) by extensions ['cmake', 'python']
[0.243s] Level 1:colcon.colcon_core.package_identification:_identify(vrx/vrx_urdf) by extension 'cmake'
[0.243s] Level 1:colcon.colcon_core.package_identification:_identify(vrx/vrx_urdf) by extension 'python'
[0.243s] Level 1:colcon.colcon_core.package_identification:_identify(vrx/vrx_urdf) by extensions ['python_setup_py']
[0.243s] Level 1:colcon.colcon_core.package_identification:_identify(vrx/vrx_urdf) by extension 'python_setup_py'
[0.244s] Level 1:colcon.colcon_core.package_identification:_identify(vrx/vrx_urdf/vrx_gazebo) by extensions ['ignore', 'ignore_ament_install']
[0.244s] Level 1:colcon.colcon_core.package_identification:_identify(vrx/vrx_urdf/vrx_gazebo) by extension 'ignore'
[0.244s] Level 1:colcon.colcon_core.package_identification:_identify(vrx/vrx_urdf/vrx_gazebo) by extension 'ignore_ament_install'
[0.244s] Level 1:colcon.colcon_core.package_identification:_identify(vrx/vrx_urdf/vrx_gazebo) by extensions ['colcon_pkg']
[0.244s] Level 1:colcon.colcon_core.package_identification:_identify(vrx/vrx_urdf/vrx_gazebo) by extension 'colcon_pkg'
[0.244s] Level 1:colcon.colcon_core.package_identification:_identify(vrx/vrx_urdf/vrx_gazebo) by extensions ['colcon_meta']
[0.244s] Level 1:colcon.colcon_core.package_identification:_identify(vrx/vrx_urdf/vrx_gazebo) by extension 'colcon_meta'
[0.244s] Level 1:colcon.colcon_core.package_identification:_identify(vrx/vrx_urdf/vrx_gazebo) by extensions ['ros']
[0.244s] Level 1:colcon.colcon_core.package_identification:_identify(vrx/vrx_urdf/vrx_gazebo) by extension 'ros'
[0.245s] DEBUG:colcon.colcon_core.package_identification:Package 'vrx/vrx_urdf/vrx_gazebo' with type 'ros.ament_cmake' and name 'vrx_gazebo'
[0.245s] Level 1:colcon.colcon_core.package_identification:_identify(vrx/vrx_urdf/wamv_description) by extensions ['ignore', 'ignore_ament_install']
[0.245s] Level 1:colcon.colcon_core.package_identification:_identify(vrx/vrx_urdf/wamv_description) by extension 'ignore'
[0.245s] Level 1:colcon.colcon_core.package_identification:_identify(vrx/vrx_urdf/wamv_description) by extension 'ignore_ament_install'
[0.245s] Level 1:colcon.colcon_core.package_identification:_identify(vrx/vrx_urdf/wamv_description) by extensions ['colcon_pkg']
[0.245s] Level 1:colcon.colcon_core.package_identification:_identify(vrx/vrx_urdf/wamv_description) by extension 'colcon_pkg'
[0.245s] Level 1:colcon.colcon_core.package_identification:_identify(vrx/vrx_urdf/wamv_description) by extensions ['colcon_meta']
[0.245s] Level 1:colcon.colcon_core.package_identification:_identify(vrx/vrx_urdf/wamv_description) by extension 'colcon_meta'
[0.245s] Level 1:colcon.colcon_core.package_identification:_identify(vrx/vrx_urdf/wamv_description) by extensions ['ros']
[0.245s] Level 1:colcon.colcon_core.package_identification:_identify(vrx/vrx_urdf/wamv_description) by extension 'ros'
[0.246s] DEBUG:colcon.colcon_core.package_identification:Package 'vrx/vrx_urdf/wamv_description' with type 'ros.ament_cmake' and name 'wamv_description'
[0.246s] Level 1:colcon.colcon_core.package_identification:_identify(vrx/vrx_urdf/wamv_gazebo) by extensions ['ignore', 'ignore_ament_install']
[0.246s] Level 1:colcon.colcon_core.package_identification:_identify(vrx/vrx_urdf/wamv_gazebo) by extension 'ignore'
[0.246s] Level 1:colcon.colcon_core.package_identification:_identify(vrx/vrx_urdf/wamv_gazebo) by extension 'ignore_ament_install'
[0.246s] Level 1:colcon.colcon_core.package_identification:_identify(vrx/vrx_urdf/wamv_gazebo) by extensions ['colcon_pkg']
[0.246s] Level 1:colcon.colcon_core.package_identification:_identify(vrx/vrx_urdf/wamv_gazebo) by extension 'colcon_pkg'
[0.246s] Level 1:colcon.colcon_core.package_identification:_identify(vrx/vrx_urdf/wamv_gazebo) by extensions ['colcon_meta']
[0.246s] Level 1:colcon.colcon_core.package_identification:_identify(vrx/vrx_urdf/wamv_gazebo) by extension 'colcon_meta'
[0.246s] Level 1:colcon.colcon_core.package_identification:_identify(vrx/vrx_urdf/wamv_gazebo) by extensions ['ros']
[0.246s] Level 1:colcon.colcon_core.package_identification:_identify(vrx/vrx_urdf/wamv_gazebo) by extension 'ros'
[0.247s] DEBUG:colcon.colcon_core.package_identification:Package 'vrx/vrx_urdf/wamv_gazebo' with type 'ros.ament_cmake' and name 'wamv_gazebo'
[0.247s] Level 1:colcon.colcon_core.package_discovery:discover_packages(recursive) using defaults
[0.247s] Level 1:colcon.colcon_core.package_discovery:discover_packages(ignore) discover
[0.247s] Level 1:colcon.colcon_core.package_discovery:discover_packages(ignore) using defaults
[0.247s] Level 1:colcon.colcon_core.package_discovery:discover_packages(path) discover
[0.247s] Level 1:colcon.colcon_core.package_discovery:discover_packages(path) using defaults
[0.271s] Level 1:colcon.colcon_core.package_discovery:discover_packages(prefix_path) check parameters
[0.271s] Level 1:colcon.colcon_core.package_discovery:discover_packages(prefix_path) discover
[0.272s] DEBUG:colcon.colcon_installed_package_information.package_discovery:Found 5 installed packages in /home/mrxiuer/project/毕设/demo/src/install
[0.274s] DEBUG:colcon.colcon_installed_package_information.package_discovery:Found 379 installed packages in /opt/ros/humble
[0.275s] Level 1:colcon.colcon_core.package_discovery:discover_packages(prefix_path) using defaults
[0.312s] Level 5:colcon.colcon_core.verb:set package 'vrx_gazebo' build argument 'cmake_args' from command line to 'None'
[0.312s] Level 5:colcon.colcon_core.verb:set package 'vrx_gazebo' build argument 'cmake_target' from command line to 'None'
[0.312s] Level 5:colcon.colcon_core.verb:set package 'vrx_gazebo' build argument 'cmake_target_skip_unavailable' from command line to 'False'
[0.312s] Level 5:colcon.colcon_core.verb:set package 'vrx_gazebo' build argument 'cmake_clean_cache' from command line to 'False'
[0.312s] Level 5:colcon.colcon_core.verb:set package 'vrx_gazebo' build argument 'cmake_clean_first' from command line to 'False'
[0.312s] Level 5:colcon.colcon_core.verb:set package 'vrx_gazebo' build argument 'cmake_force_configure' from command line to 'False'
[0.312s] Level 5:colcon.colcon_core.verb:set package 'vrx_gazebo' build argument 'ament_cmake_args' from command line to 'None'
[0.312s] Level 5:colcon.colcon_core.verb:set package 'vrx_gazebo' build argument 'catkin_cmake_args' from command line to 'None'
[0.312s] Level 5:colcon.colcon_core.verb:set package 'vrx_gazebo' build argument 'catkin_skip_building_tests' from command line to 'False'
[0.312s] DEBUG:colcon.colcon_core.verb:Building package 'vrx_gazebo' with the following arguments: {'ament_cmake_args': None, 'build_base': '/home/mrxiuer/project/毕设/demo/src/build/vrx_gazebo', 'catkin_cmake_args': None, 'catkin_skip_building_tests': False, 'cmake_args': None, 'cmake_clean_cache': False, 'cmake_clean_first': False, 'cmake_force_configure': False, 'cmake_target': None, 'cmake_target_skip_unavailable': False, 'install_base': '/home/mrxiuer/project/毕设/demo/src/install', 'merge_install': True, 'path': '/home/mrxiuer/project/毕设/demo/src/vrx/vrx_urdf/vrx_gazebo', 'symlink_install': False, 'test_result_base': None}
[0.312s] Level 5:colcon.colcon_core.verb:set package 'vrx_ros' build argument 'cmake_args' from command line to 'None'
[0.312s] Level 5:colcon.colcon_core.verb:set package 'vrx_ros' build argument 'cmake_target' from command line to 'None'
[0.312s] Level 5:colcon.colcon_core.verb:set package 'vrx_ros' build argument 'cmake_target_skip_unavailable' from command line to 'False'
[0.312s] Level 5:colcon.colcon_core.verb:set package 'vrx_ros' build argument 'cmake_clean_cache' from command line to 'False'
[0.312s] Level 5:colcon.colcon_core.verb:set package 'vrx_ros' build argument 'cmake_clean_first' from command line to 'False'
[0.312s] Level 5:colcon.colcon_core.verb:set package 'vrx_ros' build argument 'cmake_force_configure' from command line to 'False'
[0.312s] Level 5:colcon.colcon_core.verb:set package 'vrx_ros' build argument 'ament_cmake_args' from command line to 'None'
[0.312s] Level 5:colcon.colcon_core.verb:set package 'vrx_ros' build argument 'catkin_cmake_args' from command line to 'None'
[0.312s] Level 5:colcon.colcon_core.verb:set package 'vrx_ros' build argument 'catkin_skip_building_tests' from command line to 'False'
[0.312s] DEBUG:colcon.colcon_core.verb:Building package 'vrx_ros' with the following arguments: {'ament_cmake_args': None, 'build_base': '/home/mrxiuer/project/毕设/demo/src/build/vrx_ros', 'catkin_cmake_args': None, 'catkin_skip_building_tests': False, 'cmake_args': None, 'cmake_clean_cache': False, 'cmake_clean_first': False, 'cmake_force_configure': False, 'cmake_target': None, 'cmake_target_skip_unavailable': False, 'install_base': '/home/mrxiuer/project/毕设/demo/src/install', 'merge_install': True, 'path': '/home/mrxiuer/project/毕设/demo/src/vrx/vrx_ros', 'symlink_install': False, 'test_result_base': None}
[0.313s] Level 5:colcon.colcon_core.verb:set package 'vrx_gz' build argument 'cmake_args' from command line to 'None'
[0.313s] Level 5:colcon.colcon_core.verb:set package 'vrx_gz' build argument 'cmake_target' from command line to 'None'
[0.313s] Level 5:colcon.colcon_core.verb:set package 'vrx_gz' build argument 'cmake_target_skip_unavailable' from command line to 'False'
[0.313s] Level 5:colcon.colcon_core.verb:set package 'vrx_gz' build argument 'cmake_clean_cache' from command line to 'False'
[0.313s] Level 5:colcon.colcon_core.verb:set package 'vrx_gz' build argument 'cmake_clean_first' from command line to 'False'
[0.313s] Level 5:colcon.colcon_core.verb:set package 'vrx_gz' build argument 'cmake_force_configure' from command line to 'False'
[0.313s] Level 5:colcon.colcon_core.verb:set package 'vrx_gz' build argument 'ament_cmake_args' from command line to 'None'
[0.313s] Level 5:colcon.colcon_core.verb:set package 'vrx_gz' build argument 'catkin_cmake_args' from command line to 'None'
[0.313s] Level 5:colcon.colcon_core.verb:set package 'vrx_gz' build argument 'catkin_skip_building_tests' from command line to 'False'
[0.313s] DEBUG:colcon.colcon_core.verb:Building package 'vrx_gz' with the following arguments: {'ament_cmake_args': None, 'build_base': '/home/mrxiuer/project/毕设/demo/src/build/vrx_gz', 'catkin_cmake_args': None, 'catkin_skip_building_tests': False, 'cmake_args': None, 'cmake_clean_cache': False, 'cmake_clean_first': False, 'cmake_force_configure': False, 'cmake_target': None, 'cmake_target_skip_unavailable': False, 'install_base': '/home/mrxiuer/project/毕设/demo/src/install', 'merge_install': True, 'path': '/home/mrxiuer/project/毕设/demo/src/vrx/vrx_gz', 'symlink_install': False, 'test_result_base': None}
[0.313s] Level 5:colcon.colcon_core.verb:set package 'wamv_description' build argument 'cmake_args' from command line to 'None'
[0.313s] Level 5:colcon.colcon_core.verb:set package 'wamv_description' build argument 'cmake_target' from command line to 'None'
[0.313s] Level 5:colcon.colcon_core.verb:set package 'wamv_description' build argument 'cmake_target_skip_unavailable' from command line to 'False'
[0.313s] Level 5:colcon.colcon_core.verb:set package 'wamv_description' build argument 'cmake_clean_cache' from command line to 'False'
[0.313s] Level 5:colcon.colcon_core.verb:set package 'wamv_description' build argument 'cmake_clean_first' from command line to 'False'
[0.313s] Level 5:colcon.colcon_core.verb:set package 'wamv_description' build argument 'cmake_force_configure' from command line to 'False'
[0.313s] Level 5:colcon.colcon_core.verb:set package 'wamv_description' build argument 'ament_cmake_args' from command line to 'None'
[0.313s] Level 5:colcon.colcon_core.verb:set package 'wamv_description' build argument 'catkin_cmake_args' from command line to 'None'
[0.313s] Level 5:colcon.colcon_core.verb:set package 'wamv_description' build argument 'catkin_skip_building_tests' from command line to 'False'
[0.313s] DEBUG:colcon.colcon_core.verb:Building package 'wamv_description' with the following arguments: {'ament_cmake_args': None, 'build_base': '/home/mrxiuer/project/毕设/demo/src/build/wamv_description', 'catkin_cmake_args': None, 'catkin_skip_building_tests': False, 'cmake_args': None, 'cmake_clean_cache': False, 'cmake_clean_first': False, 'cmake_force_configure': False, 'cmake_target': None, 'cmake_target_skip_unavailable': False, 'install_base': '/home/mrxiuer/project/毕设/demo/src/install', 'merge_install': True, 'path': '/home/mrxiuer/project/毕设/demo/src/vrx/vrx_urdf/wamv_description', 'symlink_install': False, 'test_result_base': None}
[0.314s] Level 5:colcon.colcon_core.verb:set package 'wamv_gazebo' build argument 'cmake_args' from command line to 'None'
[0.314s] Level 5:colcon.colcon_core.verb:set package 'wamv_gazebo' build argument 'cmake_target' from command line to 'None'
[0.314s] Level 5:colcon.colcon_core.verb:set package 'wamv_gazebo' build argument 'cmake_target_skip_unavailable' from command line to 'False'
[0.314s] Level 5:colcon.colcon_core.verb:set package 'wamv_gazebo' build argument 'cmake_clean_cache' from command line to 'False'
[0.314s] Level 5:colcon.colcon_core.verb:set package 'wamv_gazebo' build argument 'cmake_clean_first' from command line to 'False'
[0.314s] Level 5:colcon.colcon_core.verb:set package 'wamv_gazebo' build argument 'cmake_force_configure' from command line to 'False'
[0.314s] Level 5:colcon.colcon_core.verb:set package 'wamv_gazebo' build argument 'ament_cmake_args' from command line to 'None'
[0.314s] Level 5:colcon.colcon_core.verb:set package 'wamv_gazebo' build argument 'catkin_cmake_args' from command line to 'None'
[0.314s] Level 5:colcon.colcon_core.verb:set package 'wamv_gazebo' build argument 'catkin_skip_building_tests' from command line to 'False'
[0.314s] DEBUG:colcon.colcon_core.verb:Building package 'wamv_gazebo' with the following arguments: {'ament_cmake_args': None, 'build_base': '/home/mrxiuer/project/毕设/demo/src/build/wamv_gazebo', 'catkin_cmake_args': None, 'catkin_skip_building_tests': False, 'cmake_args': None, 'cmake_clean_cache': False, 'cmake_clean_first': False, 'cmake_force_configure': False, 'cmake_target': None, 'cmake_target_skip_unavailable': False, 'install_base': '/home/mrxiuer/project/毕设/demo/src/install', 'merge_install': True, 'path': '/home/mrxiuer/project/毕设/demo/src/vrx/vrx_urdf/wamv_gazebo', 'symlink_install': False, 'test_result_base': None}
[0.314s] INFO:colcon.colcon_core.executor:Executing jobs using 'parallel' executor
[0.315s] DEBUG:colcon.colcon_parallel_executor.executor.parallel:run_until_complete
[0.315s] INFO:colcon.colcon_ros.task.ament_cmake.build:Building ROS package in '/home/mrxiuer/project/毕设/demo/src/vrx/vrx_urdf/vrx_gazebo' with build type 'ament_cmake'
[0.315s] INFO:colcon.colcon_cmake.task.cmake.build:Building CMake package in '/home/mrxiuer/project/毕设/demo/src/vrx/vrx_urdf/vrx_gazebo'
[0.317s] INFO:colcon.colcon_core.plugin_system:Skipping extension 'colcon_core.shell.bat': Not used on non-Windows systems
[0.317s] INFO:colcon.colcon_core.shell:Skip shell extension 'powershell' for command environment: Not usable outside of PowerShell
[0.317s] DEBUG:colcon.colcon_core.shell:Skip shell extension 'dsv' for command environment
[0.322s] INFO:colcon.colcon_ros.task.ament_cmake.build:Building ROS package in '/home/mrxiuer/project/毕设/demo/src/vrx/vrx_ros' with build type 'ament_cmake'
[0.323s] INFO:colcon.colcon_cmake.task.cmake.build:Building CMake package in '/home/mrxiuer/project/毕设/demo/src/vrx/vrx_ros'
[0.323s] INFO:colcon.colcon_core.shell:Skip shell extension 'powershell' for command environment: Not usable outside of PowerShell
[0.323s] DEBUG:colcon.colcon_core.shell:Skip shell extension 'dsv' for command environment
[0.334s] DEBUG:colcon.colcon_core.event_handler.log_command:Invoking command in '/home/mrxiuer/project/毕设/demo/src/build/vrx_gazebo': CMAKE_PREFIX_PATH=${CMAKE_PREFIX_PATH}:/opt/ros/humble /usr/bin/cmake --build /home/mrxiuer/project/毕设/demo/src/build/vrx_gazebo -- -j16 -l16
[0.339s] DEBUG:colcon.colcon_core.event_handler.log_command:Invoking command in '/home/mrxiuer/project/毕设/demo/src/build/vrx_ros': CMAKE_PREFIX_PATH=${CMAKE_PREFIX_PATH}:/opt/ros/humble /usr/bin/cmake --build /home/mrxiuer/project/毕设/demo/src/build/vrx_ros -- -j16 -l16
[0.414s] DEBUG:colcon.colcon_core.event_handler.log_command:Invoked command in '/home/mrxiuer/project/毕设/demo/src/build/vrx_ros' returned '0': CMAKE_PREFIX_PATH=${CMAKE_PREFIX_PATH}:/opt/ros/humble /usr/bin/cmake --build /home/mrxiuer/project/毕设/demo/src/build/vrx_ros -- -j16 -l16
[0.425s] DEBUG:colcon.colcon_core.event_handler.log_command:Invoking command in '/home/mrxiuer/project/毕设/demo/src/build/vrx_ros': CMAKE_PREFIX_PATH=${CMAKE_PREFIX_PATH}:/opt/ros/humble /usr/bin/cmake --install /home/mrxiuer/project/毕设/demo/src/build/vrx_ros
[0.435s] Level 1:colcon.colcon_core.environment:create_environment_scripts_only(vrx_ros)
[0.436s] DEBUG:colcon.colcon_core.event_handler.log_command:Invoked command in '/home/mrxiuer/project/毕设/demo/src/build/vrx_ros' returned '0': CMAKE_PREFIX_PATH=${CMAKE_PREFIX_PATH}:/opt/ros/humble /usr/bin/cmake --install /home/mrxiuer/project/毕设/demo/src/build/vrx_ros
[0.438s] Level 1:colcon.colcon_core.environment:checking '/home/mrxiuer/project/毕设/demo/src/install' for CMake module files
[0.438s] Level 1:colcon.colcon_core.environment:checking '/home/mrxiuer/project/毕设/demo/src/install' for CMake config files
[0.438s] Level 1:colcon.colcon_core.shell:create_environment_hook('vrx_ros', 'cmake_prefix_path')
[0.439s] INFO:colcon.colcon_core.shell:Creating environment hook '/home/mrxiuer/project/毕设/demo/src/install/share/vrx_ros/hook/cmake_prefix_path.ps1'
[0.439s] INFO:colcon.colcon_core.shell:Creating environment descriptor '/home/mrxiuer/project/毕设/demo/src/install/share/vrx_ros/hook/cmake_prefix_path.dsv'
[0.440s] INFO:colcon.colcon_core.shell:Creating environment hook '/home/mrxiuer/project/毕设/demo/src/install/share/vrx_ros/hook/cmake_prefix_path.sh'
[0.440s] Level 1:colcon.colcon_core.environment:checking '/home/mrxiuer/project/毕设/demo/src/install/lib'
[0.440s] Level 1:colcon.colcon_core.shell:create_environment_hook('vrx_ros', 'ld_library_path_lib')
[0.441s] INFO:colcon.colcon_core.shell:Creating environment hook '/home/mrxiuer/project/毕设/demo/src/install/share/vrx_ros/hook/ld_library_path_lib.ps1'
[0.441s] INFO:colcon.colcon_core.shell:Creating environment descriptor '/home/mrxiuer/project/毕设/demo/src/install/share/vrx_ros/hook/ld_library_path_lib.dsv'
[0.441s] INFO:colcon.colcon_core.shell:Creating environment hook '/home/mrxiuer/project/毕设/demo/src/install/share/vrx_ros/hook/ld_library_path_lib.sh'
[0.441s] Level 1:colcon.colcon_core.environment:checking '/home/mrxiuer/project/毕设/demo/src/install/bin'
[0.442s] Level 1:colcon.colcon_core.environment:checking '/home/mrxiuer/project/毕设/demo/src/install/lib/pkgconfig/vrx_ros.pc'
[0.442s] Level 1:colcon.colcon_core.environment:checking '/home/mrxiuer/project/毕设/demo/src/install/lib/python3.10/site-packages'
[0.442s] Level 1:colcon.colcon_core.environment:checking '/home/mrxiuer/project/毕设/demo/src/install/bin'
[0.442s] INFO:colcon.colcon_core.shell:Creating package script '/home/mrxiuer/project/毕设/demo/src/install/share/vrx_ros/package.ps1'
[0.443s] INFO:colcon.colcon_core.shell:Creating package descriptor '/home/mrxiuer/project/毕设/demo/src/install/share/vrx_ros/package.dsv'
[0.443s] INFO:colcon.colcon_core.shell:Creating package script '/home/mrxiuer/project/毕设/demo/src/install/share/vrx_ros/package.sh'
[0.444s] INFO:colcon.colcon_core.shell:Creating package script '/home/mrxiuer/project/毕设/demo/src/install/share/vrx_ros/package.bash'
[0.444s] INFO:colcon.colcon_core.shell:Creating package script '/home/mrxiuer/project/毕设/demo/src/install/share/vrx_ros/package.zsh'
[0.445s] Level 1:colcon.colcon_core.environment:create_file_with_runtime_dependencies(/home/mrxiuer/project/毕设/demo/src/install/share/colcon-core/packages/vrx_ros)
[0.445s] Level 1:colcon.colcon_core.environment:create_environment_scripts_only(vrx_ros)
[0.445s] Level 1:colcon.colcon_core.environment:checking '/home/mrxiuer/project/毕设/demo/src/install' for CMake module files
[0.446s] Level 1:colcon.colcon_core.environment:checking '/home/mrxiuer/project/毕设/demo/src/install' for CMake config files
[0.446s] Level 1:colcon.colcon_core.shell:create_environment_hook('vrx_ros', 'cmake_prefix_path')
[0.446s] INFO:colcon.colcon_core.shell:Creating environment hook '/home/mrxiuer/project/毕设/demo/src/install/share/vrx_ros/hook/cmake_prefix_path.ps1'
[0.447s] INFO:colcon.colcon_core.shell:Creating environment descriptor '/home/mrxiuer/project/毕设/demo/src/install/share/vrx_ros/hook/cmake_prefix_path.dsv'
[0.447s] INFO:colcon.colcon_core.shell:Creating environment hook '/home/mrxiuer/project/毕设/demo/src/install/share/vrx_ros/hook/cmake_prefix_path.sh'
[0.447s] Level 1:colcon.colcon_core.environment:checking '/home/mrxiuer/project/毕设/demo/src/install/lib'
[0.447s] Level 1:colcon.colcon_core.shell:create_environment_hook('vrx_ros', 'ld_library_path_lib')
[0.448s] INFO:colcon.colcon_core.shell:Creating environment hook '/home/mrxiuer/project/毕设/demo/src/install/share/vrx_ros/hook/ld_library_path_lib.ps1'
[0.448s] INFO:colcon.colcon_core.shell:Creating environment descriptor '/home/mrxiuer/project/毕设/demo/src/install/share/vrx_ros/hook/ld_library_path_lib.dsv'
[0.448s] INFO:colcon.colcon_core.shell:Creating environment hook '/home/mrxiuer/project/毕设/demo/src/install/share/vrx_ros/hook/ld_library_path_lib.sh'
[0.448s] Level 1:colcon.colcon_core.environment:checking '/home/mrxiuer/project/毕设/demo/src/install/bin'
[0.448s] Level 1:colcon.colcon_core.environment:checking '/home/mrxiuer/project/毕设/demo/src/install/lib/pkgconfig/vrx_ros.pc'
[0.449s] Level 1:colcon.colcon_core.environment:checking '/home/mrxiuer/project/毕设/demo/src/install/lib/python3.10/site-packages'
[0.449s] Level 1:colcon.colcon_core.environment:checking '/home/mrxiuer/project/毕设/demo/src/install/bin'
[0.449s] INFO:colcon.colcon_core.shell:Creating package script '/home/mrxiuer/project/毕设/demo/src/install/share/vrx_ros/package.ps1'
[0.449s] INFO:colcon.colcon_core.shell:Creating package descriptor '/home/mrxiuer/project/毕设/demo/src/install/share/vrx_ros/package.dsv'
[0.450s] INFO:colcon.colcon_core.shell:Creating package script '/home/mrxiuer/project/毕设/demo/src/install/share/vrx_ros/package.sh'
[0.450s] INFO:colcon.colcon_core.shell:Creating package script '/home/mrxiuer/project/毕设/demo/src/install/share/vrx_ros/package.bash'
[0.450s] INFO:colcon.colcon_core.shell:Creating package script '/home/mrxiuer/project/毕设/demo/src/install/share/vrx_ros/package.zsh'
[0.451s] Level 1:colcon.colcon_core.environment:create_file_with_runtime_dependencies(/home/mrxiuer/project/毕设/demo/src/install/share/colcon-core/packages/vrx_ros)
[0.451s] INFO:colcon.colcon_ros.task.ament_cmake.build:Building ROS package in '/home/mrxiuer/project/毕设/demo/src/vrx/vrx_gz' with build type 'ament_cmake'
[0.451s] INFO:colcon.colcon_cmake.task.cmake.build:Building CMake package in '/home/mrxiuer/project/毕设/demo/src/vrx/vrx_gz'
[0.451s] INFO:colcon.colcon_core.shell:Skip shell extension 'powershell' for command environment: Not usable outside of PowerShell
[0.451s] DEBUG:colcon.colcon_core.shell:Skip shell extension 'dsv' for command environment
[0.462s] DEBUG:colcon.colcon_core.event_handler.log_command:Invoking command in '/home/mrxiuer/project/毕设/demo/src/build/vrx_gz': CMAKE_PREFIX_PATH=${CMAKE_PREFIX_PATH}:/opt/ros/humble LD_LIBRARY_PATH=/home/mrxiuer/project/毕设/demo/src/install/lib:/usr/local/lib:/opt/ros/humble/opt/rviz_ogre_vendor/lib:/opt/ros/humble/lib/x86_64-linux-gnu:/opt/ros/humble/lib /usr/bin/cmake --build /home/mrxiuer/project/毕设/demo/src/build/vrx_gz -- -j16 -l16
[0.655s] DEBUG:colcon.colcon_core.event_handler.log_command:Invoked command in '/home/mrxiuer/project/毕设/demo/src/build/vrx_gazebo' returned '0': CMAKE_PREFIX_PATH=${CMAKE_PREFIX_PATH}:/opt/ros/humble /usr/bin/cmake --build /home/mrxiuer/project/毕设/demo/src/build/vrx_gazebo -- -j16 -l16
[0.656s] DEBUG:colcon.colcon_core.event_handler.log_command:Invoking command in '/home/mrxiuer/project/毕设/demo/src/build/vrx_gazebo': CMAKE_PREFIX_PATH=${CMAKE_PREFIX_PATH}:/opt/ros/humble /usr/bin/cmake --install /home/mrxiuer/project/毕设/demo/src/build/vrx_gazebo
[0.701s] Level 1:colcon.colcon_core.environment:create_environment_scripts_only(vrx_gazebo)
[0.701s] Level 1:colcon.colcon_core.environment:checking '/home/mrxiuer/project/毕设/demo/src/install' for CMake module files
[0.702s] DEBUG:colcon.colcon_core.event_handler.log_command:Invoked command in '/home/mrxiuer/project/毕设/demo/src/build/vrx_gazebo' returned '0': CMAKE_PREFIX_PATH=${CMAKE_PREFIX_PATH}:/opt/ros/humble /usr/bin/cmake --install /home/mrxiuer/project/毕设/demo/src/build/vrx_gazebo
[0.702s] Level 1:colcon.colcon_core.environment:checking '/home/mrxiuer/project/毕设/demo/src/install' for CMake config files
[0.702s] Level 1:colcon.colcon_core.shell:create_environment_hook('vrx_gazebo', 'cmake_prefix_path')
[0.703s] INFO:colcon.colcon_core.shell:Creating environment hook '/home/mrxiuer/project/毕设/demo/src/install/share/vrx_gazebo/hook/cmake_prefix_path.ps1'
[0.703s] INFO:colcon.colcon_core.shell:Creating environment descriptor '/home/mrxiuer/project/毕设/demo/src/install/share/vrx_gazebo/hook/cmake_prefix_path.dsv'
[0.703s] INFO:colcon.colcon_core.shell:Creating environment hook '/home/mrxiuer/project/毕设/demo/src/install/share/vrx_gazebo/hook/cmake_prefix_path.sh'
[0.704s] Level 1:colcon.colcon_core.environment:checking '/home/mrxiuer/project/毕设/demo/src/install/lib'
[0.704s] Level 1:colcon.colcon_core.shell:create_environment_hook('vrx_gazebo', 'ld_library_path_lib')
[0.704s] INFO:colcon.colcon_core.shell:Creating environment hook '/home/mrxiuer/project/毕设/demo/src/install/share/vrx_gazebo/hook/ld_library_path_lib.ps1'
[0.705s] INFO:colcon.colcon_core.shell:Creating environment descriptor '/home/mrxiuer/project/毕设/demo/src/install/share/vrx_gazebo/hook/ld_library_path_lib.dsv'
[0.705s] INFO:colcon.colcon_core.shell:Creating environment hook '/home/mrxiuer/project/毕设/demo/src/install/share/vrx_gazebo/hook/ld_library_path_lib.sh'
[0.705s] Level 1:colcon.colcon_core.environment:checking '/home/mrxiuer/project/毕设/demo/src/install/bin'
[0.705s] Level 1:colcon.colcon_core.environment:checking '/home/mrxiuer/project/毕设/demo/src/install/lib/pkgconfig/vrx_gazebo.pc'
[0.705s] Level 1:colcon.colcon_core.environment:checking '/home/mrxiuer/project/毕设/demo/src/install/lib/python3.10/site-packages'
[0.706s] Level 1:colcon.colcon_core.environment:checking '/home/mrxiuer/project/毕设/demo/src/install/bin'
[0.706s] INFO:colcon.colcon_core.shell:Creating package script '/home/mrxiuer/project/毕设/demo/src/install/share/vrx_gazebo/package.ps1'
[0.707s] INFO:colcon.colcon_core.shell:Creating package descriptor '/home/mrxiuer/project/毕设/demo/src/install/share/vrx_gazebo/package.dsv'
[0.707s] INFO:colcon.colcon_core.shell:Creating package script '/home/mrxiuer/project/毕设/demo/src/install/share/vrx_gazebo/package.sh'
[0.708s] INFO:colcon.colcon_core.shell:Creating package script '/home/mrxiuer/project/毕设/demo/src/install/share/vrx_gazebo/package.bash'
[0.708s] INFO:colcon.colcon_core.shell:Creating package script '/home/mrxiuer/project/毕设/demo/src/install/share/vrx_gazebo/package.zsh'
[0.708s] Level 1:colcon.colcon_core.environment:create_file_with_runtime_dependencies(/home/mrxiuer/project/毕设/demo/src/install/share/colcon-core/packages/vrx_gazebo)
[0.709s] Level 1:colcon.colcon_core.environment:create_environment_scripts_only(vrx_gazebo)
[0.709s] Level 1:colcon.colcon_core.environment:checking '/home/mrxiuer/project/毕设/demo/src/install' for CMake module files
[0.709s] Level 1:colcon.colcon_core.environment:checking '/home/mrxiuer/project/毕设/demo/src/install' for CMake config files
[0.710s] Level 1:colcon.colcon_core.shell:create_environment_hook('vrx_gazebo', 'cmake_prefix_path')
[0.710s] INFO:colcon.colcon_core.shell:Creating environment hook '/home/mrxiuer/project/毕设/demo/src/install/share/vrx_gazebo/hook/cmake_prefix_path.ps1'
[0.710s] INFO:colcon.colcon_core.shell:Creating environment descriptor '/home/mrxiuer/project/毕设/demo/src/install/share/vrx_gazebo/hook/cmake_prefix_path.dsv'
[0.710s] INFO:colcon.colcon_core.shell:Creating environment hook '/home/mrxiuer/project/毕设/demo/src/install/share/vrx_gazebo/hook/cmake_prefix_path.sh'
[0.711s] Level 1:colcon.colcon_core.environment:checking '/home/mrxiuer/project/毕设/demo/src/install/lib'
[0.711s] Level 1:colcon.colcon_core.shell:create_environment_hook('vrx_gazebo', 'ld_library_path_lib')
[0.711s] INFO:colcon.colcon_core.shell:Creating environment hook '/home/mrxiuer/project/毕设/demo/src/install/share/vrx_gazebo/hook/ld_library_path_lib.ps1'
[0.711s] INFO:colcon.colcon_core.shell:Creating environment descriptor '/home/mrxiuer/project/毕设/demo/src/install/share/vrx_gazebo/hook/ld_library_path_lib.dsv'
[0.712s] INFO:colcon.colcon_core.shell:Creating environment hook '/home/mrxiuer/project/毕设/demo/src/install/share/vrx_gazebo/hook/ld_library_path_lib.sh'
[0.712s] Level 1:colcon.colcon_core.environment:checking '/home/mrxiuer/project/毕设/demo/src/install/bin'
[0.712s] Level 1:colcon.colcon_core.environment:checking '/home/mrxiuer/project/毕设/demo/src/install/lib/pkgconfig/vrx_gazebo.pc'
[0.712s] Level 1:colcon.colcon_core.environment:checking '/home/mrxiuer/project/毕设/demo/src/install/lib/python3.10/site-packages'
[0.712s] Level 1:colcon.colcon_core.environment:checking '/home/mrxiuer/project/毕设/demo/src/install/bin'
[0.713s] INFO:colcon.colcon_core.shell:Creating package script '/home/mrxiuer/project/毕设/demo/src/install/share/vrx_gazebo/package.ps1'
[0.713s] INFO:colcon.colcon_core.shell:Creating package descriptor '/home/mrxiuer/project/毕设/demo/src/install/share/vrx_gazebo/package.dsv'
[0.713s] INFO:colcon.colcon_core.shell:Creating package script '/home/mrxiuer/project/毕设/demo/src/install/share/vrx_gazebo/package.sh'
[0.714s] INFO:colcon.colcon_core.shell:Creating package script '/home/mrxiuer/project/毕设/demo/src/install/share/vrx_gazebo/package.bash'
[0.714s] INFO:colcon.colcon_core.shell:Creating package script '/home/mrxiuer/project/毕设/demo/src/install/share/vrx_gazebo/package.zsh'
[0.714s] Level 1:colcon.colcon_core.environment:create_file_with_runtime_dependencies(/home/mrxiuer/project/毕设/demo/src/install/share/colcon-core/packages/vrx_gazebo)
[0.715s] INFO:colcon.colcon_ros.task.ament_cmake.build:Building ROS package in '/home/mrxiuer/project/毕设/demo/src/vrx/vrx_urdf/wamv_description' with build type 'ament_cmake'
[0.715s] INFO:colcon.colcon_cmake.task.cmake.build:Building CMake package in '/home/mrxiuer/project/毕设/demo/src/vrx/vrx_urdf/wamv_description'
[0.715s] INFO:colcon.colcon_core.shell:Skip shell extension 'powershell' for command environment: Not usable outside of PowerShell
[0.715s] DEBUG:colcon.colcon_core.shell:Skip shell extension 'dsv' for command environment
[0.725s] DEBUG:colcon.colcon_core.event_handler.log_command:Invoking command in '/home/mrxiuer/project/毕设/demo/src/build/wamv_description': CMAKE_PREFIX_PATH=${CMAKE_PREFIX_PATH}:/opt/ros/humble GZ_SIM_RESOURCE_PATH=/home/mrxiuer/project/毕设/demo/src/install/share:${GZ_SIM_RESOURCE_PATH} LD_LIBRARY_PATH=/home/mrxiuer/project/毕设/demo/src/install/lib:/usr/local/lib:/opt/ros/humble/opt/rviz_ogre_vendor/lib:/opt/ros/humble/lib/x86_64-linux-gnu:/opt/ros/humble/lib /usr/bin/cmake --build /home/mrxiuer/project/毕设/demo/src/build/wamv_description -- -j16 -l16
[0.783s] DEBUG:colcon.colcon_core.event_handler.log_command:Invoked command in '/home/mrxiuer/project/毕设/demo/src/build/wamv_description' returned '0': CMAKE_PREFIX_PATH=${CMAKE_PREFIX_PATH}:/opt/ros/humble GZ_SIM_RESOURCE_PATH=/home/mrxiuer/project/毕设/demo/src/install/share:${GZ_SIM_RESOURCE_PATH} LD_LIBRARY_PATH=/home/mrxiuer/project/毕设/demo/src/install/lib:/usr/local/lib:/opt/ros/humble/opt/rviz_ogre_vendor/lib:/opt/ros/humble/lib/x86_64-linux-gnu:/opt/ros/humble/lib /usr/bin/cmake --build /home/mrxiuer/project/毕设/demo/src/build/wamv_description -- -j16 -l16
[0.785s] DEBUG:colcon.colcon_core.event_handler.log_command:Invoking command in '/home/mrxiuer/project/毕设/demo/src/build/wamv_description': CMAKE_PREFIX_PATH=${CMAKE_PREFIX_PATH}:/opt/ros/humble GZ_SIM_RESOURCE_PATH=/home/mrxiuer/project/毕设/demo/src/install/share:${GZ_SIM_RESOURCE_PATH} LD_LIBRARY_PATH=/home/mrxiuer/project/毕设/demo/src/install/lib:/usr/local/lib:/opt/ros/humble/opt/rviz_ogre_vendor/lib:/opt/ros/humble/lib/x86_64-linux-gnu:/opt/ros/humble/lib /usr/bin/cmake --install /home/mrxiuer/project/毕设/demo/src/build/wamv_description
[0.795s] Level 1:colcon.colcon_core.environment:create_environment_scripts_only(wamv_description)
[0.795s] Level 1:colcon.colcon_core.environment:checking '/home/mrxiuer/project/毕设/demo/src/install' for CMake module files
[0.796s] DEBUG:colcon.colcon_core.event_handler.log_command:Invoked command in '/home/mrxiuer/project/毕设/demo/src/build/wamv_description' returned '0': CMAKE_PREFIX_PATH=${CMAKE_PREFIX_PATH}:/opt/ros/humble GZ_SIM_RESOURCE_PATH=/home/mrxiuer/project/毕设/demo/src/install/share:${GZ_SIM_RESOURCE_PATH} LD_LIBRARY_PATH=/home/mrxiuer/project/毕设/demo/src/install/lib:/usr/local/lib:/opt/ros/humble/opt/rviz_ogre_vendor/lib:/opt/ros/humble/lib/x86_64-linux-gnu:/opt/ros/humble/lib /usr/bin/cmake --install /home/mrxiuer/project/毕设/demo/src/build/wamv_description
[0.796s] Level 1:colcon.colcon_core.environment:checking '/home/mrxiuer/project/毕设/demo/src/install' for CMake config files
[0.797s] Level 1:colcon.colcon_core.shell:create_environment_hook('wamv_description', 'cmake_prefix_path')
[0.797s] INFO:colcon.colcon_core.shell:Creating environment hook '/home/mrxiuer/project/毕设/demo/src/install/share/wamv_description/hook/cmake_prefix_path.ps1'
[0.797s] INFO:colcon.colcon_core.shell:Creating environment descriptor '/home/mrxiuer/project/毕设/demo/src/install/share/wamv_description/hook/cmake_prefix_path.dsv'
[0.798s] INFO:colcon.colcon_core.shell:Creating environment hook '/home/mrxiuer/project/毕设/demo/src/install/share/wamv_description/hook/cmake_prefix_path.sh'
[0.798s] Level 1:colcon.colcon_core.environment:checking '/home/mrxiuer/project/毕设/demo/src/install/lib'
[0.798s] Level 1:colcon.colcon_core.shell:create_environment_hook('wamv_description', 'ld_library_path_lib')
[0.799s] INFO:colcon.colcon_core.shell:Creating environment hook '/home/mrxiuer/project/毕设/demo/src/install/share/wamv_description/hook/ld_library_path_lib.ps1'
[0.799s] INFO:colcon.colcon_core.shell:Creating environment descriptor '/home/mrxiuer/project/毕设/demo/src/install/share/wamv_description/hook/ld_library_path_lib.dsv'
[0.799s] INFO:colcon.colcon_core.shell:Creating environment hook '/home/mrxiuer/project/毕设/demo/src/install/share/wamv_description/hook/ld_library_path_lib.sh'
[0.800s] Level 1:colcon.colcon_core.environment:checking '/home/mrxiuer/project/毕设/demo/src/install/bin'
[0.800s] Level 1:colcon.colcon_core.environment:checking '/home/mrxiuer/project/毕设/demo/src/install/lib/pkgconfig/wamv_description.pc'
[0.800s] Level 1:colcon.colcon_core.environment:checking '/home/mrxiuer/project/毕设/demo/src/install/lib/python3.10/site-packages'
[0.800s] Level 1:colcon.colcon_core.environment:checking '/home/mrxiuer/project/毕设/demo/src/install/bin'
[0.800s] INFO:colcon.colcon_core.shell:Creating package script '/home/mrxiuer/project/毕设/demo/src/install/share/wamv_description/package.ps1'
[0.801s] INFO:colcon.colcon_core.shell:Creating package descriptor '/home/mrxiuer/project/毕设/demo/src/install/share/wamv_description/package.dsv'
[0.801s] INFO:colcon.colcon_core.shell:Creating package script '/home/mrxiuer/project/毕设/demo/src/install/share/wamv_description/package.sh'
[0.801s] INFO:colcon.colcon_core.shell:Creating package script '/home/mrxiuer/project/毕设/demo/src/install/share/wamv_description/package.bash'
[0.802s] INFO:colcon.colcon_core.shell:Creating package script '/home/mrxiuer/project/毕设/demo/src/install/share/wamv_description/package.zsh'
[0.802s] Level 1:colcon.colcon_core.environment:create_file_with_runtime_dependencies(/home/mrxiuer/project/毕设/demo/src/install/share/colcon-core/packages/wamv_description)
[0.802s] Level 1:colcon.colcon_core.environment:create_environment_scripts_only(wamv_description)
[0.803s] Level 1:colcon.colcon_core.environment:checking '/home/mrxiuer/project/毕设/demo/src/install' for CMake module files
[0.803s] Level 1:colcon.colcon_core.environment:checking '/home/mrxiuer/project/毕设/demo/src/install' for CMake config files
[0.803s] Level 1:colcon.colcon_core.shell:create_environment_hook('wamv_description', 'cmake_prefix_path')
[0.803s] INFO:colcon.colcon_core.shell:Creating environment hook '/home/mrxiuer/project/毕设/demo/src/install/share/wamv_description/hook/cmake_prefix_path.ps1'
[0.804s] INFO:colcon.colcon_core.shell:Creating environment descriptor '/home/mrxiuer/project/毕设/demo/src/install/share/wamv_description/hook/cmake_prefix_path.dsv'
[0.804s] INFO:colcon.colcon_core.shell:Creating environment hook '/home/mrxiuer/project/毕设/demo/src/install/share/wamv_description/hook/cmake_prefix_path.sh'
[0.804s] Level 1:colcon.colcon_core.environment:checking '/home/mrxiuer/project/毕设/demo/src/install/lib'
[0.804s] Level 1:colcon.colcon_core.shell:create_environment_hook('wamv_description', 'ld_library_path_lib')
[0.805s] INFO:colcon.colcon_core.shell:Creating environment hook '/home/mrxiuer/project/毕设/demo/src/install/share/wamv_description/hook/ld_library_path_lib.ps1'
[0.805s] INFO:colcon.colcon_core.shell:Creating environment descriptor '/home/mrxiuer/project/毕设/demo/src/install/share/wamv_description/hook/ld_library_path_lib.dsv'
[0.805s] INFO:colcon.colcon_core.shell:Creating environment hook '/home/mrxiuer/project/毕设/demo/src/install/share/wamv_description/hook/ld_library_path_lib.sh'
[0.806s] Level 1:colcon.colcon_core.environment:checking '/home/mrxiuer/project/毕设/demo/src/install/bin'
[0.806s] Level 1:colcon.colcon_core.environment:checking '/home/mrxiuer/project/毕设/demo/src/install/lib/pkgconfig/wamv_description.pc'
[0.806s] Level 1:colcon.colcon_core.environment:checking '/home/mrxiuer/project/毕设/demo/src/install/lib/python3.10/site-packages'
[0.806s] Level 1:colcon.colcon_core.environment:checking '/home/mrxiuer/project/毕设/demo/src/install/bin'
[0.807s] INFO:colcon.colcon_core.shell:Creating package script '/home/mrxiuer/project/毕设/demo/src/install/share/wamv_description/package.ps1'
[0.807s] INFO:colcon.colcon_core.shell:Creating package descriptor '/home/mrxiuer/project/毕设/demo/src/install/share/wamv_description/package.dsv'
[0.808s] INFO:colcon.colcon_core.shell:Creating package script '/home/mrxiuer/project/毕设/demo/src/install/share/wamv_description/package.sh'
[0.808s] INFO:colcon.colcon_core.shell:Creating package script '/home/mrxiuer/project/毕设/demo/src/install/share/wamv_description/package.bash'
[0.808s] INFO:colcon.colcon_core.shell:Creating package script '/home/mrxiuer/project/毕设/demo/src/install/share/wamv_description/package.zsh'
[0.809s] Level 1:colcon.colcon_core.environment:create_file_with_runtime_dependencies(/home/mrxiuer/project/毕设/demo/src/install/share/colcon-core/packages/wamv_description)
[0.809s] INFO:colcon.colcon_ros.task.ament_cmake.build:Building ROS package in '/home/mrxiuer/project/毕设/demo/src/vrx/vrx_urdf/wamv_gazebo' with build type 'ament_cmake'
[0.809s] INFO:colcon.colcon_cmake.task.cmake.build:Building CMake package in '/home/mrxiuer/project/毕设/demo/src/vrx/vrx_urdf/wamv_gazebo'
[0.809s] INFO:colcon.colcon_core.shell:Skip shell extension 'powershell' for command environment: Not usable outside of PowerShell
[0.809s] DEBUG:colcon.colcon_core.shell:Skip shell extension 'dsv' for command environment
[0.820s] DEBUG:colcon.colcon_core.event_handler.log_command:Invoking command in '/home/mrxiuer/project/毕设/demo/src/build/wamv_gazebo': CMAKE_PREFIX_PATH=${CMAKE_PREFIX_PATH}:/opt/ros/humble GZ_SIM_RESOURCE_PATH=/home/mrxiuer/project/毕设/demo/src/install/share:${GZ_SIM_RESOURCE_PATH} LD_LIBRARY_PATH=/home/mrxiuer/project/毕设/demo/src/install/lib:/usr/local/lib:/opt/ros/humble/opt/rviz_ogre_vendor/lib:/opt/ros/humble/lib/x86_64-linux-gnu:/opt/ros/humble/lib /usr/bin/cmake --build /home/mrxiuer/project/毕设/demo/src/build/wamv_gazebo -- -j16 -l16
[0.858s] DEBUG:colcon.colcon_core.event_handler.log_command:Invoked command in '/home/mrxiuer/project/毕设/demo/src/build/wamv_gazebo' returned '0': CMAKE_PREFIX_PATH=${CMAKE_PREFIX_PATH}:/opt/ros/humble GZ_SIM_RESOURCE_PATH=/home/mrxiuer/project/毕设/demo/src/install/share:${GZ_SIM_RESOURCE_PATH} LD_LIBRARY_PATH=/home/mrxiuer/project/毕设/demo/src/install/lib:/usr/local/lib:/opt/ros/humble/opt/rviz_ogre_vendor/lib:/opt/ros/humble/lib/x86_64-linux-gnu:/opt/ros/humble/lib /usr/bin/cmake --build /home/mrxiuer/project/毕设/demo/src/build/wamv_gazebo -- -j16 -l16
[0.860s] DEBUG:colcon.colcon_core.event_handler.log_command:Invoking command in '/home/mrxiuer/project/毕设/demo/src/build/wamv_gazebo': CMAKE_PREFIX_PATH=${CMAKE_PREFIX_PATH}:/opt/ros/humble GZ_SIM_RESOURCE_PATH=/home/mrxiuer/project/毕设/demo/src/install/share:${GZ_SIM_RESOURCE_PATH} LD_LIBRARY_PATH=/home/mrxiuer/project/毕设/demo/src/install/lib:/usr/local/lib:/opt/ros/humble/opt/rviz_ogre_vendor/lib:/opt/ros/humble/lib/x86_64-linux-gnu:/opt/ros/humble/lib /usr/bin/cmake --install /home/mrxiuer/project/毕设/demo/src/build/wamv_gazebo
[0.871s] Level 1:colcon.colcon_core.environment:create_environment_scripts_only(wamv_gazebo)
[0.871s] Level 1:colcon.colcon_core.environment:checking '/home/mrxiuer/project/毕设/demo/src/install' for CMake module files
[0.871s] DEBUG:colcon.colcon_core.event_handler.log_command:Invoked command in '/home/mrxiuer/project/毕设/demo/src/build/wamv_gazebo' returned '0': CMAKE_PREFIX_PATH=${CMAKE_PREFIX_PATH}:/opt/ros/humble GZ_SIM_RESOURCE_PATH=/home/mrxiuer/project/毕设/demo/src/install/share:${GZ_SIM_RESOURCE_PATH} LD_LIBRARY_PATH=/home/mrxiuer/project/毕设/demo/src/install/lib:/usr/local/lib:/opt/ros/humble/opt/rviz_ogre_vendor/lib:/opt/ros/humble/lib/x86_64-linux-gnu:/opt/ros/humble/lib /usr/bin/cmake --install /home/mrxiuer/project/毕设/demo/src/build/wamv_gazebo
[0.872s] Level 1:colcon.colcon_core.environment:checking '/home/mrxiuer/project/毕设/demo/src/install' for CMake config files
[0.873s] Level 1:colcon.colcon_core.shell:create_environment_hook('wamv_gazebo', 'cmake_prefix_path')
[0.873s] INFO:colcon.colcon_core.shell:Creating environment hook '/home/mrxiuer/project/毕设/demo/src/install/share/wamv_gazebo/hook/cmake_prefix_path.ps1'
[0.873s] INFO:colcon.colcon_core.shell:Creating environment descriptor '/home/mrxiuer/project/毕设/demo/src/install/share/wamv_gazebo/hook/cmake_prefix_path.dsv'
[0.874s] INFO:colcon.colcon_core.shell:Creating environment hook '/home/mrxiuer/project/毕设/demo/src/install/share/wamv_gazebo/hook/cmake_prefix_path.sh'
[0.874s] Level 1:colcon.colcon_core.environment:checking '/home/mrxiuer/project/毕设/demo/src/install/lib'
[0.874s] Level 1:colcon.colcon_core.shell:create_environment_hook('wamv_gazebo', 'ld_library_path_lib')
[0.875s] INFO:colcon.colcon_core.shell:Creating environment hook '/home/mrxiuer/project/毕设/demo/src/install/share/wamv_gazebo/hook/ld_library_path_lib.ps1'
[0.875s] INFO:colcon.colcon_core.shell:Creating environment descriptor '/home/mrxiuer/project/毕设/demo/src/install/share/wamv_gazebo/hook/ld_library_path_lib.dsv'
[0.875s] INFO:colcon.colcon_core.shell:Creating environment hook '/home/mrxiuer/project/毕设/demo/src/install/share/wamv_gazebo/hook/ld_library_path_lib.sh'
[0.876s] Level 1:colcon.colcon_core.environment:checking '/home/mrxiuer/project/毕设/demo/src/install/bin'
[0.876s] Level 1:colcon.colcon_core.environment:checking '/home/mrxiuer/project/毕设/demo/src/install/lib/pkgconfig/wamv_gazebo.pc'
[0.876s] Level 1:colcon.colcon_core.environment:checking '/home/mrxiuer/project/毕设/demo/src/install/lib/python3.10/site-packages'
[0.876s] Level 1:colcon.colcon_core.environment:checking '/home/mrxiuer/project/毕设/demo/src/install/bin'
[0.876s] INFO:colcon.colcon_core.shell:Creating package script '/home/mrxiuer/project/毕设/demo/src/install/share/wamv_gazebo/package.ps1'
[0.877s] INFO:colcon.colcon_core.shell:Creating package descriptor '/home/mrxiuer/project/毕设/demo/src/install/share/wamv_gazebo/package.dsv'
[0.877s] INFO:colcon.colcon_core.shell:Creating package script '/home/mrxiuer/project/毕设/demo/src/install/share/wamv_gazebo/package.sh'
[0.877s] INFO:colcon.colcon_core.shell:Creating package script '/home/mrxiuer/project/毕设/demo/src/install/share/wamv_gazebo/package.bash'
[0.878s] INFO:colcon.colcon_core.shell:Creating package script '/home/mrxiuer/project/毕设/demo/src/install/share/wamv_gazebo/package.zsh'
[0.878s] Level 1:colcon.colcon_core.environment:create_file_with_runtime_dependencies(/home/mrxiuer/project/毕设/demo/src/install/share/colcon-core/packages/wamv_gazebo)
[0.879s] Level 1:colcon.colcon_core.environment:create_environment_scripts_only(wamv_gazebo)
[0.879s] Level 1:colcon.colcon_core.environment:checking '/home/mrxiuer/project/毕设/demo/src/install' for CMake module files
[0.879s] Level 1:colcon.colcon_core.environment:checking '/home/mrxiuer/project/毕设/demo/src/install' for CMake config files
[0.880s] Level 1:colcon.colcon_core.shell:create_environment_hook('wamv_gazebo', 'cmake_prefix_path')
[0.880s] INFO:colcon.colcon_core.shell:Creating environment hook '/home/mrxiuer/project/毕设/demo/src/install/share/wamv_gazebo/hook/cmake_prefix_path.ps1'
[0.880s] INFO:colcon.colcon_core.shell:Creating environment descriptor '/home/mrxiuer/project/毕设/demo/src/install/share/wamv_gazebo/hook/cmake_prefix_path.dsv'
[0.880s] INFO:colcon.colcon_core.shell:Creating environment hook '/home/mrxiuer/project/毕设/demo/src/install/share/wamv_gazebo/hook/cmake_prefix_path.sh'
[0.881s] Level 1:colcon.colcon_core.environment:checking '/home/mrxiuer/project/毕设/demo/src/install/lib'
[0.881s] Level 1:colcon.colcon_core.shell:create_environment_hook('wamv_gazebo', 'ld_library_path_lib')
[0.881s] INFO:colcon.colcon_core.shell:Creating environment hook '/home/mrxiuer/project/毕设/demo/src/install/share/wamv_gazebo/hook/ld_library_path_lib.ps1'
[0.881s] INFO:colcon.colcon_core.shell:Creating environment descriptor '/home/mrxiuer/project/毕设/demo/src/install/share/wamv_gazebo/hook/ld_library_path_lib.dsv'
[0.882s] INFO:colcon.colcon_core.shell:Creating environment hook '/home/mrxiuer/project/毕设/demo/src/install/share/wamv_gazebo/hook/ld_library_path_lib.sh'
[0.882s] Level 1:colcon.colcon_core.environment:checking '/home/mrxiuer/project/毕设/demo/src/install/bin'
[0.882s] Level 1:colcon.colcon_core.environment:checking '/home/mrxiuer/project/毕设/demo/src/install/lib/pkgconfig/wamv_gazebo.pc'
[0.882s] Level 1:colcon.colcon_core.environment:checking '/home/mrxiuer/project/毕设/demo/src/install/lib/python3.10/site-packages'
[0.882s] Level 1:colcon.colcon_core.environment:checking '/home/mrxiuer/project/毕设/demo/src/install/bin'
[0.883s] INFO:colcon.colcon_core.shell:Creating package script '/home/mrxiuer/project/毕设/demo/src/install/share/wamv_gazebo/package.ps1'
[0.883s] INFO:colcon.colcon_core.shell:Creating package descriptor '/home/mrxiuer/project/毕设/demo/src/install/share/wamv_gazebo/package.dsv'
[0.883s] INFO:colcon.colcon_core.shell:Creating package script '/home/mrxiuer/project/毕设/demo/src/install/share/wamv_gazebo/package.sh'
[0.884s] INFO:colcon.colcon_core.shell:Creating package script '/home/mrxiuer/project/毕设/demo/src/install/share/wamv_gazebo/package.bash'
[0.884s] INFO:colcon.colcon_core.shell:Creating package script '/home/mrxiuer/project/毕设/demo/src/install/share/wamv_gazebo/package.zsh'
[0.884s] Level 1:colcon.colcon_core.environment:create_file_with_runtime_dependencies(/home/mrxiuer/project/毕设/demo/src/install/share/colcon-core/packages/wamv_gazebo)
[2.367s] DEBUG:colcon.colcon_core.event_handler.log_command:Invoked command in '/home/mrxiuer/project/毕设/demo/src/build/vrx_gz' returned '2': CMAKE_PREFIX_PATH=${CMAKE_PREFIX_PATH}:/opt/ros/humble LD_LIBRARY_PATH=/home/mrxiuer/project/毕设/demo/src/install/lib:/usr/local/lib:/opt/ros/humble/opt/rviz_ogre_vendor/lib:/opt/ros/humble/lib/x86_64-linux-gnu:/opt/ros/humble/lib /usr/bin/cmake --build /home/mrxiuer/project/毕设/demo/src/build/vrx_gz -- -j16 -l16
[2.368s] Level 1:colcon.colcon_core.environment:create_environment_scripts_only(vrx_gz)
[2.368s] Level 1:colcon.colcon_core.environment:checking '/home/mrxiuer/project/毕设/demo/src/install' for CMake module files
[2.368s] Level 1:colcon.colcon_core.environment:checking '/home/mrxiuer/project/毕设/demo/src/install' for CMake config files
[2.369s] Level 1:colcon.colcon_core.shell:create_environment_hook('vrx_gz', 'cmake_prefix_path')
[2.369s] INFO:colcon.colcon_core.shell:Creating environment hook '/home/mrxiuer/project/毕设/demo/src/install/share/vrx_gz/hook/cmake_prefix_path.ps1'
[2.369s] INFO:colcon.colcon_core.shell:Creating environment descriptor '/home/mrxiuer/project/毕设/demo/src/install/share/vrx_gz/hook/cmake_prefix_path.dsv'
[2.369s] INFO:colcon.colcon_core.shell:Creating environment hook '/home/mrxiuer/project/毕设/demo/src/install/share/vrx_gz/hook/cmake_prefix_path.sh'
[2.370s] Level 1:colcon.colcon_core.environment:checking '/home/mrxiuer/project/毕设/demo/src/install/lib'
[2.370s] Level 1:colcon.colcon_core.shell:create_environment_hook('vrx_gz', 'ld_library_path_lib')
[2.370s] INFO:colcon.colcon_core.shell:Creating environment hook '/home/mrxiuer/project/毕设/demo/src/install/share/vrx_gz/hook/ld_library_path_lib.ps1'
[2.370s] INFO:colcon.colcon_core.shell:Creating environment descriptor '/home/mrxiuer/project/毕设/demo/src/install/share/vrx_gz/hook/ld_library_path_lib.dsv'
[2.371s] INFO:colcon.colcon_core.shell:Creating environment hook '/home/mrxiuer/project/毕设/demo/src/install/share/vrx_gz/hook/ld_library_path_lib.sh'
[2.371s] Level 1:colcon.colcon_core.environment:checking '/home/mrxiuer/project/毕设/demo/src/install/bin'
[2.371s] Level 1:colcon.colcon_core.environment:checking '/home/mrxiuer/project/毕设/demo/src/install/lib/pkgconfig/vrx_gz.pc'
[2.371s] Level 1:colcon.colcon_core.environment:checking '/home/mrxiuer/project/毕设/demo/src/install/lib/python3.10/site-packages'
[2.371s] Level 1:colcon.colcon_core.environment:checking '/home/mrxiuer/project/毕设/demo/src/install/bin'
[2.372s] INFO:colcon.colcon_core.shell:Creating package script '/home/mrxiuer/project/毕设/demo/src/install/share/vrx_gz/package.ps1'
[2.372s] INFO:colcon.colcon_core.shell:Creating package descriptor '/home/mrxiuer/project/毕设/demo/src/install/share/vrx_gz/package.dsv'
[2.372s] INFO:colcon.colcon_core.shell:Creating package script '/home/mrxiuer/project/毕设/demo/src/install/share/vrx_gz/package.sh'
[2.373s] INFO:colcon.colcon_core.shell:Creating package script '/home/mrxiuer/project/毕设/demo/src/install/share/vrx_gz/package.bash'
[2.373s] INFO:colcon.colcon_core.shell:Creating package script '/home/mrxiuer/project/毕设/demo/src/install/share/vrx_gz/package.zsh'
[2.373s] Level 1:colcon.colcon_core.environment:create_file_with_runtime_dependencies(/home/mrxiuer/project/毕设/demo/src/install/share/colcon-core/packages/vrx_gz)
[2.384s] DEBUG:colcon.colcon_parallel_executor.executor.parallel:closing loop
[2.384s] DEBUG:colcon.colcon_parallel_executor.executor.parallel:loop closed
[2.384s] DEBUG:colcon.colcon_parallel_executor.executor.parallel:run_until_complete finished with '2'
[2.384s] DEBUG:colcon.colcon_core.event_reactor:joining thread
[2.389s] INFO:colcon.colcon_core.plugin_system:Skipping extension 'colcon_notification.desktop_notification.terminal_notifier': Not used on non-Darwin systems
[2.389s] INFO:colcon.colcon_core.plugin_system:Skipping extension 'colcon_notification.desktop_notification.win32': Not used on non-Windows systems
[2.389s] INFO:colcon.colcon_notification.desktop_notification:Sending desktop notification using 'notify2'
[2.416s] DEBUG:colcon.colcon_core.event_reactor:joined thread
[2.416s] INFO:colcon.colcon_core.shell:Creating prefix script '/home/mrxiuer/project/毕设/demo/src/install/local_setup.ps1'
[2.417s] INFO:colcon.colcon_core.shell:Creating prefix util module '/home/mrxiuer/project/毕设/demo/src/install/_local_setup_util_ps1.py'
[2.418s] INFO:colcon.colcon_core.shell:Creating prefix chain script '/home/mrxiuer/project/毕设/demo/src/install/setup.ps1'
[2.419s] INFO:colcon.colcon_core.shell:Creating prefix script '/home/mrxiuer/project/毕设/demo/src/install/local_setup.sh'
[2.420s] INFO:colcon.colcon_core.shell:Creating prefix util module '/home/mrxiuer/project/毕设/demo/src/install/_local_setup_util_sh.py'
[2.420s] INFO:colcon.colcon_core.shell:Creating prefix chain script '/home/mrxiuer/project/毕设/demo/src/install/setup.sh'
[2.421s] INFO:colcon.colcon_core.shell:Creating prefix script '/home/mrxiuer/project/毕设/demo/src/install/local_setup.bash'
[2.422s] INFO:colcon.colcon_core.shell:Creating prefix chain script '/home/mrxiuer/project/毕设/demo/src/install/setup.bash'
[2.422s] INFO:colcon.colcon_core.shell:Creating prefix script '/home/mrxiuer/project/毕设/demo/src/install/local_setup.zsh'
[2.423s] INFO:colcon.colcon_core.shell:Creating prefix chain script '/home/mrxiuer/project/毕设/demo/src/install/setup.zsh'
